****** Source Program List ******
LineNo	LC	Code		Source Program 
1				.section	.data
2			L_bootloader_1:
3	0000	2e		.data.8	46
4	0001	00		.space	1
5			L_bootloader_2:
6	0002	0a		.data.8	10
7	0003	0d		.data.8	13
8	0004	44		.data.8	68
9	0005	6f		.data.8	111
10	0006	20		.data.8	32
11	0007	79		.data.8	121
12	0008	6f		.data.8	111
13	0009	75		.data.8	117
14	000a	20		.data.8	32
15	000b	77		.data.8	119
16	000c	61		.data.8	97
17	000d	6e		.data.8	110
18	000e	74		.data.8	116
19	000f	20		.data.8	32
20	0010	74		.data.8	116
21	0011	6f		.data.8	111
22	0012	20		.data.8	32
23	0013	6c		.data.8	108
24	0014	6f		.data.8	111
25	0015	61		.data.8	97
26	0016	64		.data.8	100
27	0017	20		.data.8	32
28	0018	54		.data.8	84
29	0019	65		.data.8	101
30	001a	73		.data.8	115
31	001b	74		.data.8	116
32	001c	44		.data.8	68
33	001d	61		.data.8	97
34	001e	74		.data.8	116
35	001f	61		.data.8	97
36	0020	2e		.data.8	46
37	0021	49		.data.8	73
38	0022	4d		.data.8	77
39	0023	3f		.data.8	63
40	0024	20		.data.8	32
41	0025	70		.data.8	112
42	0026	6c		.data.8	108
43	0027	65		.data.8	101
44	0028	61		.data.8	97
45	0029	73		.data.8	115
46	002a	65		.data.8	101
47	002b	20		.data.8	32
48	002c	74		.data.8	116
49	002d	79		.data.8	121
50	002e	70		.data.8	112
51	002f	65		.data.8	101
52	0030	20		.data.8	32
53	0031	27		.data.8	39
54	0032	79		.data.8	121
55	0033	27		.data.8	39
56	0034	20		.data.8	32
57	0035	6f		.data.8	111
58	0036	72		.data.8	114
59	0037	20		.data.8	32
60	0038	27		.data.8	39
61	0039	6e		.data.8	110
62	003a	27		.data.8	39
63	003b	3a		.data.8	58
64	003c	0d		.data.8	13
65	003d	0a		.data.8	10
66	003e	00		.space	1
67			L_bootloader_3:
68	003f	0a		.data.8	10
69	0040	0d		.data.8	13
70	0041	6c		.data.8	108
71	0042	6f		.data.8	111
72	0043	61		.data.8	97
73	0044	64		.data.8	100
74	0045	20		.data.8	32
75	0046	74		.data.8	116
76	0047	68		.data.8	104
77	0048	65		.data.8	101
78	0049	20		.data.8	32
79	004a	54		.data.8	84
80	004b	65		.data.8	101
81	004c	73		.data.8	115
82	004d	74		.data.8	116
83	004e	44		.data.8	68
84	004f	61		.data.8	97
85	0050	74		.data.8	116
86	0051	61		.data.8	97
87	0052	2e		.data.8	46
88	0053	49		.data.8	73
89	0054	4d		.data.8	77
90	0055	20		.data.8	32
91	0056	6e		.data.8	110
92	0057	6f		.data.8	111
93	0058	77		.data.8	119
94	0059	21		.data.8	33
95	005a	0a		.data.8	10
96	005b	0d		.data.8	13
97	005c	00		.space	1
98			L_bootloader_4:
99	005d	0a		.data.8	10
100	005e	0d		.data.8	13
101	005f	6c		.data.8	108
102	0060	6f		.data.8	111
103	0061	61		.data.8	97
104	0062	64		.data.8	100
105	0063	20		.data.8	32
106	0064	6f		.data.8	111
107	0065	66		.data.8	102
108	0066	20		.data.8	32
109	0067	54		.data.8	84
110	0068	65		.data.8	101
111	0069	73		.data.8	115
112	006a	74		.data.8	116
113	006b	44		.data.8	68
114	006c	61		.data.8	97
115	006d	74		.data.8	116
116	006e	61		.data.8	97
117	006f	2e		.data.8	46
118	0070	49		.data.8	73
119	0071	4d		.data.8	77
120	0072	20		.data.8	32
121	0073	66		.data.8	102
122	0074	69		.data.8	105
123	0075	6e		.data.8	110
124	0076	69		.data.8	105
125	0077	73		.data.8	115
126	0078	68		.data.8	104
127	0079	65		.data.8	101
128	007a	64		.data.8	100
129	007b	21		.data.8	33
130	007c	00		.space	1
131			L_bootloader_5:
132	007d	0a		.data.8	10
133	007e	0d		.data.8	13
134	007f	44		.data.8	68
135	0080	6f		.data.8	111
136	0081	20		.data.8	32
137	0082	79		.data.8	121
138	0083	6f		.data.8	111
139	0084	75		.data.8	117
140	0085	20		.data.8	32
141	0086	77		.data.8	119
142	0087	61		.data.8	97
143	0088	6e		.data.8	110
144	0089	74		.data.8	116
145	008a	20		.data.8	32
146	008b	74		.data.8	116
147	008c	6f		.data.8	111
148	008d	20		.data.8	32
149	008e	6c		.data.8	108
150	008f	6f		.data.8	111
151	0090	61		.data.8	97
152	0091	64		.data.8	100
153	0092	20		.data.8	32
154	0093	54		.data.8	84
155	0094	65		.data.8	101
156	0095	73		.data.8	115
157	0096	74		.data.8	116
158	0097	44		.data.8	68
159	0098	61		.data.8	97
160	0099	74		.data.8	116
161	009a	61		.data.8	97
162	009b	2e		.data.8	46
163	009c	44		.data.8	68
164	009d	4d		.data.8	77
165	009e	3f		.data.8	63
166	009f	20		.data.8	32
167	00a0	50		.data.8	80
168	00a1	6c		.data.8	108
169	00a2	65		.data.8	101
170	00a3	61		.data.8	97
171	00a4	73		.data.8	115
172	00a5	65		.data.8	101
173	00a6	20		.data.8	32
174	00a7	74		.data.8	116
175	00a8	79		.data.8	121
176	00a9	70		.data.8	112
177	00aa	65		.data.8	101
178	00ab	20		.data.8	32
179	00ac	27		.data.8	39
180	00ad	79		.data.8	121
181	00ae	27		.data.8	39
182	00af	20		.data.8	32
183	00b0	6f		.data.8	111
184	00b1	72		.data.8	114
185	00b2	20		.data.8	32
186	00b3	27		.data.8	39
187	00b4	6e		.data.8	110
188	00b5	27		.data.8	39
189	00b6	3a		.data.8	58
190	00b7	0d		.data.8	13
191	00b8	0a		.data.8	10
192	00b9	00		.space	1
193			L_bootloader_6:
194	00ba	0a		.data.8	10
195	00bb	0d		.data.8	13
196	00bc	6c		.data.8	108
197	00bd	6f		.data.8	111
198	00be	61		.data.8	97
199	00bf	64		.data.8	100
200	00c0	20		.data.8	32
201	00c1	74		.data.8	116
202	00c2	68		.data.8	104
203	00c3	65		.data.8	101
204	00c4	20		.data.8	32
205	00c5	54		.data.8	84
206	00c6	65		.data.8	101
207	00c7	73		.data.8	115
208	00c8	74		.data.8	116
209	00c9	44		.data.8	68
210	00ca	61		.data.8	97
211	00cb	74		.data.8	116
212	00cc	61		.data.8	97
213	00cd	2e		.data.8	46
214	00ce	44		.data.8	68
215	00cf	4d		.data.8	77
216	00d0	20		.data.8	32
217	00d1	6e		.data.8	110
218	00d2	6f		.data.8	111
219	00d3	77		.data.8	119
220	00d4	21		.data.8	33
221	00d5	0a		.data.8	10
222	00d6	0d		.data.8	13
223	00d7	00		.space	1
224			L_bootloader_7:
225	00d8	0a		.data.8	10
226	00d9	0d		.data.8	13
227	00da	6c		.data.8	108
228	00db	6f		.data.8	111
229	00dc	61		.data.8	97
230	00dd	64		.data.8	100
231	00de	20		.data.8	32
232	00df	6f		.data.8	111
233	00e0	66		.data.8	102
234	00e1	20		.data.8	32
235	00e2	54		.data.8	84
236	00e3	65		.data.8	101
237	00e4	73		.data.8	115
238	00e5	74		.data.8	116
239	00e6	44		.data.8	68
240	00e7	61		.data.8	97
241	00e8	74		.data.8	116
242	00e9	61		.data.8	97
243	00ea	2e		.data.8	46
244	00eb	44		.data.8	68
245	00ec	4d		.data.8	77
246	00ed	20		.data.8	32
247	00ee	66		.data.8	102
248	00ef	69		.data.8	105
249	00f0	6e		.data.8	110
250	00f1	69		.data.8	105
251	00f2	73		.data.8	115
252	00f3	68		.data.8	104
253	00f4	65		.data.8	101
254	00f5	64		.data.8	100
255	00f6	21		.data.8	33
256	00f7	00		.space	1
257			L_bootloader_8:
258	00f8	0a		.data.8	10
259	00f9	0d		.data.8	13
260	00fa	44		.data.8	68
261	00fb	6f		.data.8	111
262	00fc	20		.data.8	32
263	00fd	79		.data.8	121
264	00fe	6f		.data.8	111
265	00ff	75		.data.8	117
266	0100	20		.data.8	32
267	0101	77		.data.8	119
268	0102	61		.data.8	97
269	0103	6e		.data.8	110
270	0104	74		.data.8	116
271	0105	20		.data.8	32
272	0106	74		.data.8	116
273	0107	6f		.data.8	111
274	0108	20		.data.8	32
275	0109	73		.data.8	115
276	010a	74		.data.8	116
277	010b	61		.data.8	97
278	010c	72		.data.8	114
279	010d	74		.data.8	116
280	010e	20		.data.8	32
281	010f	74		.data.8	116
282	0110	68		.data.8	104
283	0111	65		.data.8	101
284	0112	20		.data.8	32
285	0113	50		.data.8	80
286	0114	72		.data.8	114
287	0115	6f		.data.8	111
288	0116	67		.data.8	103
289	0117	72		.data.8	114
290	0118	61		.data.8	97
291	0119	6d		.data.8	109
292	011a	6d		.data.8	109
293	011b	3f		.data.8	63
294	011c	20		.data.8	32
295	011d	70		.data.8	112
296	011e	6c		.data.8	108
297	011f	65		.data.8	101
298	0120	61		.data.8	97
299	0121	73		.data.8	115
300	0122	65		.data.8	101
301	0123	20		.data.8	32
302	0124	74		.data.8	116
303	0125	79		.data.8	121
304	0126	70		.data.8	112
305	0127	65		.data.8	101
306	0128	20		.data.8	32
307	0129	27		.data.8	39
308	012a	79		.data.8	121
309	012b	27		.data.8	39
310	012c	20		.data.8	32
311	012d	6f		.data.8	111
312	012e	72		.data.8	114
313	012f	20		.data.8	32
314	0130	27		.data.8	39
315	0131	6e		.data.8	110
316	0132	27		.data.8	39
317	0133	3a		.data.8	58
318	0134	0d		.data.8	13
319	0135	0a		.data.8	10
320	0136	00		.space	1
321			L_bootloader_9:
322	0137	0a		.data.8	10
323	0138	0d		.data.8	13
324	0139	50		.data.8	80
325	013a	72		.data.8	114
326	013b	6f		.data.8	111
327	013c	67		.data.8	103
328	013d	72		.data.8	114
329	013e	61		.data.8	97
330	013f	6d		.data.8	109
331	0140	6d		.data.8	109
332	0141	20		.data.8	32
333	0142	73		.data.8	115
334	0143	74		.data.8	116
335	0144	61		.data.8	97
336	0145	72		.data.8	114
337	0146	74		.data.8	116
338	0147	73		.data.8	115
339	0148	21		.data.8	33
340	0149	0a		.data.8	10
341	014a	0d		.data.8	13
342	014b	00		.space	1
343				.section	.text
344				.addressing	Word
345				.section	.text
346				.addressing	Word
347				;.addressing	Word
348			
349	0000	03def026		xor	%GPR30, %GPR30, %GPR30
350	0001	03bde826		xor	%GPR29, %GPR29, %GPR29
351	0002	039ce026		xor	%GPR28, %GPR28, %GPR28
352	0003	00000000		nop
353	0004	3c1e0000		lhi	%GPR30, $(0xEFFC/0x10000)
354	0005	3c1d0000		lhi	%GPR29, $(0xEFFC/0x10000)
355	0006	00000000		nop
356	0007	00000000		nop
357	0008	37deeffc		ori	%GPR30, %GPR30, $(0xEFFC%0x10000)
358	0009	37bdeffc		ori	%GPR29, %GPR29, $(0xEFFC%0x10000)
359	000a	00000000		nop
360	000b	00000000		nop
361	000c	00000000		nop
362	000d	afbefffc		sw	-4(%GPR29), %GPR30
363	000e	afbffff8		sw	-8(%GPR29), %GPR31
364	000f	23ddfff8		addi	%GPR29, %GPR30, $-8
365	0010	00000000		nop
366	0011	00000000		nop
367	0012	00000000		nop
368	0013	0c0005ad		jal	main	
369	0014	00000000		nop
370	0015	00000000		nop
371	0016	00000000		nop
372	0017	00000000		nop
373	0018	00000000		nop
374	0019	afa10000		sw	0(%GPR29), %GPR1
375	001a	0c000890		jal	exit
376	001b	00000000		nop
377	001c	00000000		nop
378			
379				;.addressing	Word
380			loadByteUnsigned:
381			L_bootloader_10:
382	001d	00000000		nop
383	001e	00000000		nop
384	001f	00000000		nop
385	0020	00000000		nop
386				; Automatically 20 NOPs removed by reduceNOPs.sh
387	0021	afbefffc		sw	-4(%GPR29),%GPR30	
388	0022	00000000		nop
389	0023	00000000		nop
390	0024	00000000		nop
391	0025	00000000		nop
392	0026	afbf0000		sw	0(%GPR29),%GPR31	
393	0027	00000000		nop
394	0028	00000000		nop
395	0029	00000000		nop
396	002a	00000000		nop
397	002b	2fbe0004		subui	%GPR30,%GPR29,$4	
398	002c	00000000		nop
399	002d	00000000		nop
400	002e	00000000		nop
401	002f	00000000		nop
402	0030	2bbd0008		subi	%GPR29,%GPR29,$8	
403	0031	00000000		nop
404	0032	00000000		nop
405	0033	00000000		nop
406	0034	00000000		nop
407				; Automatically 20 NOPs removed by reduceNOPs.sh
408	0035	00201020		add	%GPR2,%GPR1,%GPR0	
409	0036	00000000		nop
410	0037	00000000		nop
411	0038	00000000		nop
412	0039	00000000		nop
413				; Automatically 15 NOPs removed by reduceNOPs.sh
414	003a	30410003		andi	%GPR1,%GPR2,$3	
415	003b	00000000		nop
416	003c	00000000		nop
417	003d	00000000		nop
418	003e	00000000		nop
419				; Automatically 20 NOPs removed by reduceNOPs.sh
420	003f	20230001		addi	%GPR3,%GPR1,$1	
421	0040	00000000		nop
422	0041	00000000		nop
423	0042	00000000		nop
424	0043	00000000		nop
425				; Automatically 20 NOPs removed by reduceNOPs.sh
426	0044	00031823		subu	%GPR3,%GPR0,%GPR3	
427	0045	00000000		nop
428	0046	00000000		nop
429	0047	00000000		nop
430	0048	00000000		nop
431	0049	3c01ffff		lhi	%GPR1,$65535	
432	004a	00000000		nop
433	004b	00000000		nop
434	004c	00000000		nop
435	004d	00000000		nop
436				; Automatically 20 NOPs removed by reduceNOPs.sh
437	004e	3421fffc		ori	%GPR1,%GPR1,$-4	
438	004f	00000000		nop
439	0050	00000000		nop
440	0051	00000000		nop
441	0052	00000000		nop
442				; Automatically 20 NOPs removed by reduceNOPs.sh
443	0053	00410824		and	%GPR1,%GPR2,%GPR1	
444	0054	00000000		nop
445	0055	00000000		nop
446	0056	00000000		nop
447	0057	00000000		nop
448	0058	40620003		slli	%GPR2,%GPR3,$3	
449	0059	00000000		nop
450	005a	00000000		nop
451	005b	00000000		nop
452	005c	00000000		nop
453				; Automatically 15 NOPs removed by reduceNOPs.sh
454	005d	8c210000		lw	%GPR1,0(%GPR1)	
455	005e	00000000		nop
456	005f	00000000		nop
457	0060	00000000		nop
458	0061	00000000		nop
459				; Automatically 20 NOPs removed by reduceNOPs.sh
460	0062	00220803		sra	%GPR1,%GPR1,%GPR2	
461	0063	00000000		nop
462	0064	00000000		nop
463	0065	00000000		nop
464	0066	00000000		nop
465				; Automatically 20 NOPs removed by reduceNOPs.sh
466	0067	303c00ff		andi	%GPR28,%GPR1,$255	
467	0068	00000000		nop
468	0069	00000000		nop
469	006a	00000000		nop
470	006b	00000000		nop
471				; Automatically 20 NOPs removed by reduceNOPs.sh
472	006c	08000005		j	L_bootloader_11	
473	006d	00000000		nop
474	006e	00000000		nop
475	006f	00000000		nop
476	0070	00000000		nop
477				; Automatically 20 NOPs removed by reduceNOPs.sh
478			L_bootloader_11:
479	0071	00000000		nop
480	0072	00000000		nop
481	0073	00000000		nop
482	0074	00000000		nop
483				; Automatically 20 NOPs removed by reduceNOPs.sh
484	0075	8fdf0004		lw	%GPR31,4(%GPR30)	
485	0076	00000000		nop
486	0077	00000000		nop
487	0078	00000000		nop
488	0079	00000000		nop
489	007a	27dd0004		addui	%GPR29,%GPR30,$4	
490	007b	00000000		nop
491	007c	00000000		nop
492	007d	00000000		nop
493	007e	00000000		nop
494	007f	8fde0000		lw	%GPR30,0(%GPR30)	
495	0080	00000000		nop
496	0081	00000000		nop
497	0082	00000000		nop
498	0083	00000000		nop
499				; Automatically 15 NOPs removed by reduceNOPs.sh
500	0084	00000000		nop
501	0085	03e00008		jr	%GPR31	
502	0086	00000000		nop
503	0087	00000000		nop
504	0088	00000000		nop
505	0089	00000000		nop
506				; Automatically 20 NOPs removed by reduceNOPs.sh
507			storeByte:
508			L_bootloader_12:
509	008a	00000000		nop
510	008b	00000000		nop
511	008c	00000000		nop
512	008d	00000000		nop
513				; Automatically 20 NOPs removed by reduceNOPs.sh
514	008e	afbefffc		sw	-4(%GPR29),%GPR30	
515	008f	00000000		nop
516	0090	00000000		nop
517	0091	00000000		nop
518	0092	00000000		nop
519	0093	afbf0000		sw	0(%GPR29),%GPR31	
520	0094	00000000		nop
521	0095	00000000		nop
522	0096	00000000		nop
523	0097	00000000		nop
524	0098	2fbe0004		subui	%GPR30,%GPR29,$4	
525	0099	00000000		nop
526	009a	00000000		nop
527	009b	00000000		nop
528	009c	00000000		nop
529	009d	2bbd0008		subi	%GPR29,%GPR29,$8	
530	009e	00000000		nop
531	009f	00000000		nop
532	00a0	00000000		nop
533	00a1	00000000		nop
534				; Automatically 20 NOPs removed by reduceNOPs.sh
535	00a2	00201820		add	%GPR3,%GPR1,%GPR0	
536	00a3	00000000		nop
537	00a4	00000000		nop
538	00a5	00000000		nop
539	00a6	00000000		nop
540				; Automatically 25 NOPs removed by reduceNOPs.sh
541	00a7	30610003		andi	%GPR1,%GPR3,$3	
542	00a8	00000000		nop
543	00a9	00000000		nop
544	00aa	00000000		nop
545	00ab	00000000		nop
546				; Automatically 10 NOPs removed by reduceNOPs.sh
547	00ac	30640003		andi	%GPR4,%GPR3,$3	
548	00ad	00000000		nop
549	00ae	00000000		nop
550	00af	00000000		nop
551	00b0	00000000		nop
552	00b1	3c050000		lhi	%GPR5,$0	
553	00b2	00000000		nop
554	00b3	00000000		nop
555	00b4	00000000		nop
556	00b5	00000000		nop
557				; Automatically 20 NOPs removed by reduceNOPs.sh
558	00b6	34a50003		ori	%GPR5,%GPR5,$3	
559	00b7	00000000		nop
560	00b8	00000000		nop
561	00b9	00000000		nop
562	00ba	00000000		nop
563				; Automatically 15 NOPs removed by reduceNOPs.sh
564	00bb	20840001		addi	%GPR4,%GPR4,$1	
565	00bc	00000000		nop
566	00bd	00000000		nop
567	00be	00000000		nop
568	00bf	00000000		nop
569				; Automatically 20 NOPs removed by reduceNOPs.sh
570	00c0	00042023		subu	%GPR4,%GPR0,%GPR4	
571	00c1	00000000		nop
572	00c2	00000000		nop
573	00c3	00000000		nop
574	00c4	00000000		nop
575	00c5	00a12822		sub	%GPR5,%GPR5,%GPR1	
576	00c6	00000000		nop
577	00c7	00000000		nop
578	00c8	00000000		nop
579	00c9	00000000		nop
580	00ca	3c01ffff		lhi	%GPR1,$65535	
581	00cb	00000000		nop
582	00cc	00000000		nop
583	00cd	00000000		nop
584	00ce	00000000		nop
585				; Automatically 20 NOPs removed by reduceNOPs.sh
586	00cf	3421fffc		ori	%GPR1,%GPR1,$-4	
587	00d0	00000000		nop
588	00d1	00000000		nop
589	00d2	00000000		nop
590	00d3	00000000		nop
591	00d4	3c060000		lhi	%GPR6,$0	
592	00d5	00000000		nop
593	00d6	00000000		nop
594	00d7	00000000		nop
595	00d8	00000000		nop
596				; Automatically 20 NOPs removed by reduceNOPs.sh
597	00d9	34c600ff		ori	%GPR6,%GPR6,$255	
598	00da	00000000		nop
599	00db	00000000		nop
600	00dc	00000000		nop
601	00dd	00000000		nop
602				; Automatically 15 NOPs removed by reduceNOPs.sh
603	00de	00610824		and	%GPR1,%GPR3,%GPR1	
604	00df	00000000		nop
605	00e0	00000000		nop
606	00e1	00000000		nop
607	00e2	00000000		nop
608	00e3	40830003		slli	%GPR3,%GPR4,$3	
609	00e4	00000000		nop
610	00e5	00000000		nop
611	00e6	00000000		nop
612	00e7	00000000		nop
613	00e8	40a40003		slli	%GPR4,%GPR5,$3	
614	00e9	00000000		nop
615	00ea	00000000		nop
616	00eb	00000000		nop
617	00ec	00000000		nop
618				; Automatically 10 NOPs removed by reduceNOPs.sh
619	00ed	8c3c0000		lw	%GPR28,0(%GPR1)	
620	00ee	00000000		nop
621	00ef	00000000		nop
622	00f0	00000000		nop
623	00f1	00000000		nop
624	00f2	00431000		sll	%GPR2,%GPR2,%GPR3	
625	00f3	00000000		nop
626	00f4	00000000		nop
627	00f5	00000000		nop
628	00f6	00000000		nop
629	00f7	00c41800		sll	%GPR3,%GPR6,%GPR4	
630	00f8	00000000		nop
631	00f9	00000000		nop
632	00fa	00000000		nop
633	00fb	00000000		nop
634				; Automatically 20 NOPs removed by reduceNOPs.sh
635	00fc	20630001		addi	%GPR3,%GPR3,$1	
636	00fd	00000000		nop
637	00fe	00000000		nop
638	00ff	00000000		nop
639	0100	00000000		nop
640				; Automatically 20 NOPs removed by reduceNOPs.sh
641	0101	00031823		subu	%GPR3,%GPR0,%GPR3	
642	0102	00000000		nop
643	0103	00000000		nop
644	0104	00000000		nop
645	0105	00000000		nop
646				; Automatically 20 NOPs removed by reduceNOPs.sh
647	0106	0383e024		and	%GPR28,%GPR28,%GPR3	
648	0107	00000000		nop
649	0108	00000000		nop
650	0109	00000000		nop
651	010a	00000000		nop
652				; Automatically 20 NOPs removed by reduceNOPs.sh
653	010b	0382e025		or	%GPR28,%GPR28,%GPR2	
654	010c	00000000		nop
655	010d	00000000		nop
656	010e	00000000		nop
657	010f	00000000		nop
658				; Automatically 20 NOPs removed by reduceNOPs.sh
659	0110	ac3c0000		sw	0(%GPR1),%GPR28	
660	0111	00000000		nop
661	0112	00000000		nop
662	0113	00000000		nop
663	0114	00000000		nop
664	0115	08000005		j	L_bootloader_13	
665	0116	00000000		nop
666	0117	00000000		nop
667	0118	00000000		nop
668	0119	00000000		nop
669				; Automatically 20 NOPs removed by reduceNOPs.sh
670			L_bootloader_13:
671	011a	00000000		nop
672	011b	00000000		nop
673	011c	00000000		nop
674	011d	00000000		nop
675				; Automatically 20 NOPs removed by reduceNOPs.sh
676	011e	8fdf0004		lw	%GPR31,4(%GPR30)	
677	011f	00000000		nop
678	0120	00000000		nop
679	0121	00000000		nop
680	0122	00000000		nop
681	0123	27dd0004		addui	%GPR29,%GPR30,$4	
682	0124	00000000		nop
683	0125	00000000		nop
684	0126	00000000		nop
685	0127	00000000		nop
686	0128	8fde0000		lw	%GPR30,0(%GPR30)	
687	0129	00000000		nop
688	012a	00000000		nop
689	012b	00000000		nop
690	012c	00000000		nop
691				; Automatically 15 NOPs removed by reduceNOPs.sh
692	012d	00000000		nop
693	012e	03e00008		jr	%GPR31	
694	012f	00000000		nop
695	0130	00000000		nop
696	0131	00000000		nop
697	0132	00000000		nop
698				; Automatically 20 NOPs removed by reduceNOPs.sh
699			strlength:
700			L_bootloader_14:
701	0133	00000000		nop
702	0134	00000000		nop
703	0135	00000000		nop
704	0136	00000000		nop
705				; Automatically 20 NOPs removed by reduceNOPs.sh
706	0137	afbefffc		sw	-4(%GPR29),%GPR30	
707	0138	00000000		nop
708	0139	00000000		nop
709	013a	00000000		nop
710	013b	00000000		nop
711	013c	afbf0000		sw	0(%GPR29),%GPR31	
712	013d	00000000		nop
713	013e	00000000		nop
714	013f	00000000		nop
715	0140	00000000		nop
716	0141	2fbe0004		subui	%GPR30,%GPR29,$4	
717	0142	00000000		nop
718	0143	00000000		nop
719	0144	00000000		nop
720	0145	00000000		nop
721	0146	2bbd0010		subi	%GPR29,%GPR29,$16	
722	0147	00000000		nop
723	0148	00000000		nop
724	0149	00000000		nop
725	014a	00000000		nop
726				; Automatically 55 NOPs removed by reduceNOPs.sh
727	014b	afc1fffc		sw	-4(%GPR30),%GPR1	
728	014c	00000000		nop
729	014d	00000000		nop
730	014e	00000000		nop
731	014f	00000000		nop
732				; Automatically 15 NOPs removed by reduceNOPs.sh
733	0150	3c010000		lhi	%GPR1,$0	
734	0151	00000000		nop
735	0152	00000000		nop
736	0153	00000000		nop
737	0154	00000000		nop
738				; Automatically 20 NOPs removed by reduceNOPs.sh
739	0155	34210000		ori	%GPR1,%GPR1,$0	
740	0156	00000000		nop
741	0157	00000000		nop
742	0158	00000000		nop
743	0159	00000000		nop
744				; Automatically 20 NOPs removed by reduceNOPs.sh
745	015a	afc1fff8		sw	-8(%GPR30),%GPR1	
746	015b	00000000		nop
747	015c	00000000		nop
748	015d	00000000		nop
749	015e	00000000		nop
750				; Automatically 15 NOPs removed by reduceNOPs.sh
751			L_bootloader_15:
752	015f	00000000		nop
753	0160	00000000		nop
754	0161	00000000		nop
755	0162	00000000		nop
756	0163	8fc1fffc		lw	%GPR1,-4(%GPR30)	
757	0164	00000000		nop
758	0165	00000000		nop
759	0166	00000000		nop
760	0167	00000000		nop
761				; Automatically 20 NOPs removed by reduceNOPs.sh
762	0168	00201820		add	%GPR3,%GPR1,%GPR0	
763	0169	00000000		nop
764	016a	00000000		nop
765	016b	00000000		nop
766	016c	00000000		nop
767	016d	3c020000		lhi	%GPR2,$0	
768	016e	00000000		nop
769	016f	00000000		nop
770	0170	00000000		nop
771	0171	00000000		nop
772				; Automatically 20 NOPs removed by reduceNOPs.sh
773	0172	34420001		ori	%GPR2,%GPR2,$1	
774	0173	00000000		nop
775	0174	00000000		nop
776	0175	00000000		nop
777	0176	00000000		nop
778				; Automatically 20 NOPs removed by reduceNOPs.sh
779	0177	00621020		add	%GPR2,%GPR3,%GPR2	
780	0178	00000000		nop
781	0179	00000000		nop
782	017a	00000000		nop
783	017b	00000000		nop
784				; Automatically 20 NOPs removed by reduceNOPs.sh
785	017c	afc2fffc		sw	-4(%GPR30),%GPR2	
786	017d	00000000		nop
787	017e	00000000		nop
788	017f	00000000		nop
789	0180	00000000		nop
790				; Automatically 20 NOPs removed by reduceNOPs.sh
791	0181	2bbd0008		subi	%GPR29,%GPR29,$8	
792	0182	00000000		nop
793	0183	00000000		nop
794	0184	00000000		nop
795	0185	00000000		nop
796				; Automatically 20 NOPs removed by reduceNOPs.sh
797	0186	0ffffe97		jal	loadByteUnsigned	
798	0187	00000000		nop
799	0188	00000000		nop
800	0189	00000000		nop
801	018a	00000000		nop
802				; Automatically 20 NOPs removed by reduceNOPs.sh
803	018b	23bd0008		addi	%GPR29,%GPR29,$8	
804	018c	00000000		nop
805	018d	00000000		nop
806	018e	00000000		nop
807	018f	00000000		nop
808				; Automatically 45 NOPs removed by reduceNOPs.sh
809	0190	3c010000		lhi	%GPR1,$0	
810	0191	00000000		nop
811	0192	00000000		nop
812	0193	00000000		nop
813	0194	00000000		nop
814				; Automatically 20 NOPs removed by reduceNOPs.sh
815	0195	34210000		ori	%GPR1,%GPR1,$0	
816	0196	00000000		nop
817	0197	00000000		nop
818	0198	00000000		nop
819	0199	00000000		nop
820				; Automatically 20 NOPs removed by reduceNOPs.sh
821	019a	0381d82f		sne	%GPR27,%GPR28,%GPR1	
822	019b	00000000		nop
823	019c	00000000		nop
824	019d	00000000		nop
825	019e	00000000		nop
826				; Automatically 15 NOPs removed by reduceNOPs.sh
827	019f	1760000a		bnez	%GPR27,L_bootloader_16	
828	01a0	00000000		nop
829	01a1	00000000		nop
830	01a2	00000000		nop
831	01a3	00000000		nop
832				; Automatically 20 NOPs removed by reduceNOPs.sh
833	01a4	0800001d		j	L_bootloader_17	
834	01a5	00000000		nop
835	01a6	00000000		nop
836	01a7	00000000		nop
837	01a8	00000000		nop
838				; Automatically 20 NOPs removed by reduceNOPs.sh
839			L_bootloader_16:
840	01a9	00000000		nop
841	01aa	00000000		nop
842	01ab	00000000		nop
843	01ac	00000000		nop
844	01ad	8fc1fff8		lw	%GPR1,-8(%GPR30)	
845	01ae	00000000		nop
846	01af	00000000		nop
847	01b0	00000000		nop
848	01b1	00000000		nop
849				; Automatically 20 NOPs removed by reduceNOPs.sh
850	01b2	20210001		addi	%GPR1,%GPR1,$1	
851	01b3	00000000		nop
852	01b4	00000000		nop
853	01b5	00000000		nop
854	01b6	00000000		nop
855				; Automatically 20 NOPs removed by reduceNOPs.sh
856	01b7	afc1fff8		sw	-8(%GPR30),%GPR1	
857	01b8	00000000		nop
858	01b9	00000000		nop
859	01ba	00000000		nop
860	01bb	00000000		nop
861	01bc	0bffffa3		j	L_bootloader_15	
862	01bd	00000000		nop
863	01be	00000000		nop
864	01bf	00000000		nop
865	01c0	00000000		nop
866				; Automatically 15 NOPs removed by reduceNOPs.sh
867			L_bootloader_17:
868	01c1	00000000		nop
869	01c2	00000000		nop
870	01c3	00000000		nop
871	01c4	00000000		nop
872	01c5	8fdcfff8		lw	%GPR28,-8(%GPR30)	
873	01c6	00000000		nop
874	01c7	00000000		nop
875	01c8	00000000		nop
876	01c9	00000000		nop
877				; Automatically 40 NOPs removed by reduceNOPs.sh
878	01ca	08000005		j	L_bootloader_18	
879	01cb	00000000		nop
880	01cc	00000000		nop
881	01cd	00000000		nop
882	01ce	00000000		nop
883				; Automatically 20 NOPs removed by reduceNOPs.sh
884			L_bootloader_18:
885	01cf	00000000		nop
886	01d0	00000000		nop
887	01d1	00000000		nop
888	01d2	00000000		nop
889				; Automatically 20 NOPs removed by reduceNOPs.sh
890	01d3	8fdf0004		lw	%GPR31,4(%GPR30)	
891	01d4	00000000		nop
892	01d5	00000000		nop
893	01d6	00000000		nop
894	01d7	00000000		nop
895	01d8	27dd0004		addui	%GPR29,%GPR30,$4	
896	01d9	00000000		nop
897	01da	00000000		nop
898	01db	00000000		nop
899	01dc	00000000		nop
900	01dd	8fde0000		lw	%GPR30,0(%GPR30)	
901	01de	00000000		nop
902	01df	00000000		nop
903	01e0	00000000		nop
904	01e1	00000000		nop
905				; Automatically 15 NOPs removed by reduceNOPs.sh
906	01e2	00000000		nop
907	01e3	03e00008		jr	%GPR31	
908	01e4	00000000		nop
909	01e5	00000000		nop
910	01e6	00000000		nop
911	01e7	00000000		nop
912				; Automatically 20 NOPs removed by reduceNOPs.sh
913			t_printu:
914			L_bootloader_19:
915	01e8	00000000		nop
916	01e9	00000000		nop
917	01ea	00000000		nop
918	01eb	00000000		nop
919				; Automatically 20 NOPs removed by reduceNOPs.sh
920	01ec	afbefffc		sw	-4(%GPR29),%GPR30	
921	01ed	00000000		nop
922	01ee	00000000		nop
923	01ef	00000000		nop
924	01f0	00000000		nop
925	01f1	afbf0000		sw	0(%GPR29),%GPR31	
926	01f2	00000000		nop
927	01f3	00000000		nop
928	01f4	00000000		nop
929	01f5	00000000		nop
930	01f6	2fbe0004		subui	%GPR30,%GPR29,$4	
931	01f7	00000000		nop
932	01f8	00000000		nop
933	01f9	00000000		nop
934	01fa	00000000		nop
935	01fb	2bbd0018		subi	%GPR29,%GPR29,$24	
936	01fc	00000000		nop
937	01fd	00000000		nop
938	01fe	00000000		nop
939	01ff	00000000		nop
940				; Automatically 20 NOPs removed by reduceNOPs.sh
941	0200	afc1fffc		sw	-4(%GPR30),%GPR1	
942	0201	00000000		nop
943	0202	00000000		nop
944	0203	00000000		nop
945	0204	00000000		nop
946				; Automatically 35 NOPs removed by reduceNOPs.sh
947	0205	2bbd0008		subi	%GPR29,%GPR29,$8	
948	0206	00000000		nop
949	0207	00000000		nop
950	0208	00000000		nop
951	0209	00000000		nop
952				; Automatically 20 NOPs removed by reduceNOPs.sh
953	020a	0fffff29		jal	strlength	
954	020b	00000000		nop
955	020c	00000000		nop
956	020d	00000000		nop
957	020e	00000000		nop
958				; Automatically 20 NOPs removed by reduceNOPs.sh
959	020f	23bd0008		addi	%GPR29,%GPR29,$8	
960	0210	00000000		nop
961	0211	00000000		nop
962	0212	00000000		nop
963	0213	00000000		nop
964				; Automatically 35 NOPs removed by reduceNOPs.sh
965	0214	afdcfff8		sw	-8(%GPR30),%GPR28	
966	0215	00000000		nop
967	0216	00000000		nop
968	0217	00000000		nop
969	0218	00000000		nop
970				; Automatically 10 NOPs removed by reduceNOPs.sh
971	0219	3c010000		lhi	%GPR1,$0	
972	021a	00000000		nop
973	021b	00000000		nop
974	021c	00000000		nop
975	021d	00000000		nop
976				; Automatically 20 NOPs removed by reduceNOPs.sh
977	021e	34210000		ori	%GPR1,%GPR1,$0	
978	021f	00000000		nop
979	0220	00000000		nop
980	0221	00000000		nop
981	0222	00000000		nop
982				; Automatically 20 NOPs removed by reduceNOPs.sh
983	0223	afc1fff4		sw	-12(%GPR30),%GPR1	
984	0224	00000000		nop
985	0225	00000000		nop
986	0226	00000000		nop
987	0227	00000000		nop
988	0228	3c010100		lhi	%GPR1,$256	
989	0229	00000000		nop
990	022a	00000000		nop
991	022b	00000000		nop
992	022c	00000000		nop
993				; Automatically 20 NOPs removed by reduceNOPs.sh
994	022d	34210000		ori	%GPR1,%GPR1,$16777216	
995	022e	00000000		nop
996	022f	00000000		nop
997	0230	00000000		nop
998	0231	00000000		nop
999				; Automatically 20 NOPs removed by reduceNOPs.sh
1000	0232	afc1fff0		sw	-16(%GPR30),%GPR1	
1001	0233	00000000		nop
1002	0234	00000000		nop
1003	0235	00000000		nop
1004	0236	00000000		nop
1005				; Automatically 15 NOPs removed by reduceNOPs.sh
1006			L_bootloader_20:
1007	0237	00000000		nop
1008	0238	00000000		nop
1009	0239	00000000		nop
1010	023a	00000000		nop
1011	023b	8fc1fff8		lw	%GPR1,-8(%GPR30)	
1012	023c	00000000		nop
1013	023d	00000000		nop
1014	023e	00000000		nop
1015	023f	00000000		nop
1016	0240	8fc2fff4		lw	%GPR2,-12(%GPR30)	
1017	0241	00000000		nop
1018	0242	00000000		nop
1019	0243	00000000		nop
1020	0244	00000000		nop
1021				; Automatically 20 NOPs removed by reduceNOPs.sh
1022	0245	0041d82a		slt	%GPR27,%GPR2,%GPR1	
1023	0246	00000000		nop
1024	0247	00000000		nop
1025	0248	00000000		nop
1026	0249	00000000		nop
1027				; Automatically 15 NOPs removed by reduceNOPs.sh
1028	024a	1760000a		bnez	%GPR27,L_bootloader_21	
1029	024b	00000000		nop
1030	024c	00000000		nop
1031	024d	00000000		nop
1032	024e	00000000		nop
1033				; Automatically 20 NOPs removed by reduceNOPs.sh
1034	024f	08000059		j	L_bootloader_22	
1035	0250	00000000		nop
1036	0251	00000000		nop
1037	0252	00000000		nop
1038	0253	00000000		nop
1039				; Automatically 20 NOPs removed by reduceNOPs.sh
1040			L_bootloader_21:
1041	0254	00000000		nop
1042	0255	00000000		nop
1043	0256	00000000		nop
1044	0257	00000000		nop
1045	0258	8fc1fffc		lw	%GPR1,-4(%GPR30)	
1046	0259	00000000		nop
1047	025a	00000000		nop
1048	025b	00000000		nop
1049	025c	00000000		nop
1050				; Automatically 20 NOPs removed by reduceNOPs.sh
1051	025d	00201820		add	%GPR3,%GPR1,%GPR0	
1052	025e	00000000		nop
1053	025f	00000000		nop
1054	0260	00000000		nop
1055	0261	00000000		nop
1056	0262	3c020000		lhi	%GPR2,$0	
1057	0263	00000000		nop
1058	0264	00000000		nop
1059	0265	00000000		nop
1060	0266	00000000		nop
1061				; Automatically 20 NOPs removed by reduceNOPs.sh
1062	0267	34420001		ori	%GPR2,%GPR2,$1	
1063	0268	00000000		nop
1064	0269	00000000		nop
1065	026a	00000000		nop
1066	026b	00000000		nop
1067				; Automatically 20 NOPs removed by reduceNOPs.sh
1068	026c	00621020		add	%GPR2,%GPR3,%GPR2	
1069	026d	00000000		nop
1070	026e	00000000		nop
1071	026f	00000000		nop
1072	0270	00000000		nop
1073				; Automatically 20 NOPs removed by reduceNOPs.sh
1074	0271	afc2fffc		sw	-4(%GPR30),%GPR2	
1075	0272	00000000		nop
1076	0273	00000000		nop
1077	0274	00000000		nop
1078	0275	00000000		nop
1079				; Automatically 20 NOPs removed by reduceNOPs.sh
1080	0276	2bbd0008		subi	%GPR29,%GPR29,$8	
1081	0277	00000000		nop
1082	0278	00000000		nop
1083	0279	00000000		nop
1084	027a	00000000		nop
1085				; Automatically 20 NOPs removed by reduceNOPs.sh
1086	027b	0ffffda2		jal	loadByteUnsigned	
1087	027c	00000000		nop
1088	027d	00000000		nop
1089	027e	00000000		nop
1090	027f	00000000		nop
1091				; Automatically 20 NOPs removed by reduceNOPs.sh
1092	0280	23bd0008		addi	%GPR29,%GPR29,$8	
1093	0281	00000000		nop
1094	0282	00000000		nop
1095	0283	00000000		nop
1096	0284	00000000		nop
1097				; Automatically 20 NOPs removed by reduceNOPs.sh
1098	0285	8fc1fff4		lw	%GPR1,-12(%GPR30)	
1099	0286	00000000		nop
1100	0287	00000000		nop
1101	0288	00000000		nop
1102	0289	00000000		nop
1103	028a	03801020		add	%GPR2,%GPR28,%GPR0	
1104	028b	00000000		nop
1105	028c	00000000		nop
1106	028d	00000000		nop
1107	028e	00000000		nop
1108				; Automatically 15 NOPs removed by reduceNOPs.sh
1109	028f	20210001		addi	%GPR1,%GPR1,$1	
1110	0290	00000000		nop
1111	0291	00000000		nop
1112	0292	00000000		nop
1113	0293	00000000		nop
1114				; Automatically 20 NOPs removed by reduceNOPs.sh
1115	0294	afc1fff4		sw	-12(%GPR30),%GPR1	
1116	0295	00000000		nop
1117	0296	00000000		nop
1118	0297	00000000		nop
1119	0298	00000000		nop
1120	0299	8fc1fff0		lw	%GPR1,-16(%GPR30)	
1121	029a	00000000		nop
1122	029b	00000000		nop
1123	029c	00000000		nop
1124	029d	00000000		nop
1125				; Automatically 20 NOPs removed by reduceNOPs.sh
1126	029e	ac220000		sw	0(%GPR1),%GPR2	
1127	029f	00000000		nop
1128	02a0	00000000		nop
1129	02a1	00000000		nop
1130	02a2	00000000		nop
1131	02a3	0bffff94		j	L_bootloader_20	
1132	02a4	00000000		nop
1133	02a5	00000000		nop
1134	02a6	00000000		nop
1135	02a7	00000000		nop
1136				; Automatically 15 NOPs removed by reduceNOPs.sh
1137			L_bootloader_22:
1138	02a8	00000000		nop
1139	02a9	00000000		nop
1140	02aa	00000000		nop
1141	02ab	00000000		nop
1142				; Automatically 20 NOPs removed by reduceNOPs.sh
1143	02ac	3c1c0000		lhi	%GPR28,$0	
1144	02ad	00000000		nop
1145	02ae	00000000		nop
1146	02af	00000000		nop
1147	02b0	00000000		nop
1148				; Automatically 20 NOPs removed by reduceNOPs.sh
1149	02b1	379c0000		ori	%GPR28,%GPR28,$0	
1150	02b2	00000000		nop
1151	02b3	00000000		nop
1152	02b4	00000000		nop
1153	02b5	00000000		nop
1154				; Automatically 20 NOPs removed by reduceNOPs.sh
1155	02b6	08000005		j	L_bootloader_23	
1156	02b7	00000000		nop
1157	02b8	00000000		nop
1158	02b9	00000000		nop
1159	02ba	00000000		nop
1160				; Automatically 20 NOPs removed by reduceNOPs.sh
1161			L_bootloader_23:
1162	02bb	00000000		nop
1163	02bc	00000000		nop
1164	02bd	00000000		nop
1165	02be	00000000		nop
1166				; Automatically 20 NOPs removed by reduceNOPs.sh
1167	02bf	8fdf0004		lw	%GPR31,4(%GPR30)	
1168	02c0	00000000		nop
1169	02c1	00000000		nop
1170	02c2	00000000		nop
1171	02c3	00000000		nop
1172	02c4	27dd0004		addui	%GPR29,%GPR30,$4	
1173	02c5	00000000		nop
1174	02c6	00000000		nop
1175	02c7	00000000		nop
1176	02c8	00000000		nop
1177	02c9	8fde0000		lw	%GPR30,0(%GPR30)	
1178	02ca	00000000		nop
1179	02cb	00000000		nop
1180	02cc	00000000		nop
1181	02cd	00000000		nop
1182				; Automatically 15 NOPs removed by reduceNOPs.sh
1183	02ce	00000000		nop
1184	02cf	03e00008		jr	%GPR31	
1185	02d0	00000000		nop
1186	02d1	00000000		nop
1187	02d2	00000000		nop
1188	02d3	00000000		nop
1189				; Automatically 20 NOPs removed by reduceNOPs.sh
1190			getbytesu:
1191			L_bootloader_24:
1192	02d4	00000000		nop
1193	02d5	00000000		nop
1194	02d6	00000000		nop
1195	02d7	00000000		nop
1196				; Automatically 20 NOPs removed by reduceNOPs.sh
1197	02d8	afbefffc		sw	-4(%GPR29),%GPR30	
1198	02d9	00000000		nop
1199	02da	00000000		nop
1200	02db	00000000		nop
1201	02dc	00000000		nop
1202	02dd	afbf0000		sw	0(%GPR29),%GPR31	
1203	02de	00000000		nop
1204	02df	00000000		nop
1205	02e0	00000000		nop
1206	02e1	00000000		nop
1207	02e2	2fbe0004		subui	%GPR30,%GPR29,$4	
1208	02e3	00000000		nop
1209	02e4	00000000		nop
1210	02e5	00000000		nop
1211	02e6	00000000		nop
1212	02e7	2bbd0018		subi	%GPR29,%GPR29,$24	
1213	02e8	00000000		nop
1214	02e9	00000000		nop
1215	02ea	00000000		nop
1216	02eb	00000000		nop
1217				; Automatically 20 NOPs removed by reduceNOPs.sh
1218	02ec	afc1fffc		sw	-4(%GPR30),%GPR1	
1219	02ed	00000000		nop
1220	02ee	00000000		nop
1221	02ef	00000000		nop
1222	02f0	00000000		nop
1223	02f1	afc2fff8		sw	-8(%GPR30),%GPR2	
1224	02f2	00000000		nop
1225	02f3	00000000		nop
1226	02f4	00000000		nop
1227	02f5	00000000		nop
1228				; Automatically 40 NOPs removed by reduceNOPs.sh
1229	02f6	3c010000		lhi	%GPR1,$0	
1230	02f7	00000000		nop
1231	02f8	00000000		nop
1232	02f9	00000000		nop
1233	02fa	00000000		nop
1234				; Automatically 20 NOPs removed by reduceNOPs.sh
1235	02fb	34210000		ori	%GPR1,%GPR1,$0	
1236	02fc	00000000		nop
1237	02fd	00000000		nop
1238	02fe	00000000		nop
1239	02ff	00000000		nop
1240				; Automatically 20 NOPs removed by reduceNOPs.sh
1241	0300	afc1fff4		sw	-12(%GPR30),%GPR1	
1242	0301	00000000		nop
1243	0302	00000000		nop
1244	0303	00000000		nop
1245	0304	00000000		nop
1246	0305	3c010100		lhi	%GPR1,$256	
1247	0306	00000000		nop
1248	0307	00000000		nop
1249	0308	00000000		nop
1250	0309	00000000		nop
1251				; Automatically 20 NOPs removed by reduceNOPs.sh
1252	030a	34210000		ori	%GPR1,%GPR1,$16777216	
1253	030b	00000000		nop
1254	030c	00000000		nop
1255	030d	00000000		nop
1256	030e	00000000		nop
1257				; Automatically 20 NOPs removed by reduceNOPs.sh
1258	030f	afc1fff0		sw	-16(%GPR30),%GPR1	
1259	0310	00000000		nop
1260	0311	00000000		nop
1261	0312	00000000		nop
1262	0313	00000000		nop
1263				; Automatically 15 NOPs removed by reduceNOPs.sh
1264			L_bootloader_25:
1265	0314	00000000		nop
1266	0315	00000000		nop
1267	0316	00000000		nop
1268	0317	00000000		nop
1269	0318	8fc1fff4		lw	%GPR1,-12(%GPR30)	
1270	0319	00000000		nop
1271	031a	00000000		nop
1272	031b	00000000		nop
1273	031c	00000000		nop
1274	031d	8fc2fff8		lw	%GPR2,-8(%GPR30)	
1275	031e	00000000		nop
1276	031f	00000000		nop
1277	0320	00000000		nop
1278	0321	00000000		nop
1279				; Automatically 20 NOPs removed by reduceNOPs.sh
1280	0322	0022d82a		slt	%GPR27,%GPR1,%GPR2	
1281	0323	00000000		nop
1282	0324	00000000		nop
1283	0325	00000000		nop
1284	0326	00000000		nop
1285				; Automatically 15 NOPs removed by reduceNOPs.sh
1286	0327	1760000a		bnez	%GPR27,L_bootloader_26	
1287	0328	00000000		nop
1288	0329	00000000		nop
1289	032a	00000000		nop
1290	032b	00000000		nop
1291				; Automatically 20 NOPs removed by reduceNOPs.sh
1292	032c	08000054		j	L_bootloader_27	
1293	032d	00000000		nop
1294	032e	00000000		nop
1295	032f	00000000		nop
1296	0330	00000000		nop
1297				; Automatically 20 NOPs removed by reduceNOPs.sh
1298			L_bootloader_26:
1299	0331	00000000		nop
1300	0332	00000000		nop
1301	0333	00000000		nop
1302	0334	00000000		nop
1303	0335	8fc1fffc		lw	%GPR1,-4(%GPR30)	
1304	0336	00000000		nop
1305	0337	00000000		nop
1306	0338	00000000		nop
1307	0339	00000000		nop
1308				; Automatically 10 NOPs removed by reduceNOPs.sh
1309	033a	8fc2fff0		lw	%GPR2,-16(%GPR30)	
1310	033b	00000000		nop
1311	033c	00000000		nop
1312	033d	00000000		nop
1313	033e	00000000		nop
1314				; Automatically 10 NOPs removed by reduceNOPs.sh
1315	033f	00202020		add	%GPR4,%GPR1,%GPR0	
1316	0340	00000000		nop
1317	0341	00000000		nop
1318	0342	00000000		nop
1319	0343	00000000		nop
1320	0344	3c030000		lhi	%GPR3,$0	
1321	0345	00000000		nop
1322	0346	00000000		nop
1323	0347	00000000		nop
1324	0348	00000000		nop
1325				; Automatically 20 NOPs removed by reduceNOPs.sh
1326	0349	34630001		ori	%GPR3,%GPR3,$1	
1327	034a	00000000		nop
1328	034b	00000000		nop
1329	034c	00000000		nop
1330	034d	00000000		nop
1331	034e	8c420000		lw	%GPR2,0(%GPR2)	
1332	034f	00000000		nop
1333	0350	00000000		nop
1334	0351	00000000		nop
1335	0352	00000000		nop
1336				; Automatically 15 NOPs removed by reduceNOPs.sh
1337	0353	00831820		add	%GPR3,%GPR4,%GPR3	
1338	0354	00000000		nop
1339	0355	00000000		nop
1340	0356	00000000		nop
1341	0357	00000000		nop
1342				; Automatically 20 NOPs removed by reduceNOPs.sh
1343	0358	afc3fffc		sw	-4(%GPR30),%GPR3	
1344	0359	00000000		nop
1345	035a	00000000		nop
1346	035b	00000000		nop
1347	035c	00000000		nop
1348				; Automatically 20 NOPs removed by reduceNOPs.sh
1349	035d	2bbd0008		subi	%GPR29,%GPR29,$8	
1350	035e	00000000		nop
1351	035f	00000000		nop
1352	0360	00000000		nop
1353	0361	00000000		nop
1354				; Automatically 20 NOPs removed by reduceNOPs.sh
1355	0362	0ffffd28		jal	storeByte	
1356	0363	00000000		nop
1357	0364	00000000		nop
1358	0365	00000000		nop
1359	0366	00000000		nop
1360				; Automatically 20 NOPs removed by reduceNOPs.sh
1361	0367	23bd0008		addi	%GPR29,%GPR29,$8	
1362	0368	00000000		nop
1363	0369	00000000		nop
1364	036a	00000000		nop
1365	036b	00000000		nop
1366				; Automatically 20 NOPs removed by reduceNOPs.sh
1367	036c	8fc1fff4		lw	%GPR1,-12(%GPR30)	
1368	036d	00000000		nop
1369	036e	00000000		nop
1370	036f	00000000		nop
1371	0370	00000000		nop
1372				; Automatically 20 NOPs removed by reduceNOPs.sh
1373	0371	20210001		addi	%GPR1,%GPR1,$1	
1374	0372	00000000		nop
1375	0373	00000000		nop
1376	0374	00000000		nop
1377	0375	00000000		nop
1378				; Automatically 20 NOPs removed by reduceNOPs.sh
1379	0376	afc1fff4		sw	-12(%GPR30),%GPR1	
1380	0377	00000000		nop
1381	0378	00000000		nop
1382	0379	00000000		nop
1383	037a	00000000		nop
1384	037b	0bffff99		j	L_bootloader_25	
1385	037c	00000000		nop
1386	037d	00000000		nop
1387	037e	00000000		nop
1388	037f	00000000		nop
1389				; Automatically 15 NOPs removed by reduceNOPs.sh
1390			L_bootloader_27:
1391	0380	00000000		nop
1392	0381	00000000		nop
1393	0382	00000000		nop
1394	0383	00000000		nop
1395				; Automatically 20 NOPs removed by reduceNOPs.sh
1396	0384	3c1c0000		lhi	%GPR28,$0	
1397	0385	00000000		nop
1398	0386	00000000		nop
1399	0387	00000000		nop
1400	0388	00000000		nop
1401				; Automatically 20 NOPs removed by reduceNOPs.sh
1402	0389	379c0000		ori	%GPR28,%GPR28,$0	
1403	038a	00000000		nop
1404	038b	00000000		nop
1405	038c	00000000		nop
1406	038d	00000000		nop
1407				; Automatically 20 NOPs removed by reduceNOPs.sh
1408	038e	08000005		j	L_bootloader_28	
1409	038f	00000000		nop
1410	0390	00000000		nop
1411	0391	00000000		nop
1412	0392	00000000		nop
1413				; Automatically 20 NOPs removed by reduceNOPs.sh
1414			L_bootloader_28:
1415	0393	00000000		nop
1416	0394	00000000		nop
1417	0395	00000000		nop
1418	0396	00000000		nop
1419				; Automatically 20 NOPs removed by reduceNOPs.sh
1420	0397	8fdf0004		lw	%GPR31,4(%GPR30)	
1421	0398	00000000		nop
1422	0399	00000000		nop
1423	039a	00000000		nop
1424	039b	00000000		nop
1425	039c	27dd0004		addui	%GPR29,%GPR30,$4	
1426	039d	00000000		nop
1427	039e	00000000		nop
1428	039f	00000000		nop
1429	03a0	00000000		nop
1430	03a1	8fde0000		lw	%GPR30,0(%GPR30)	
1431	03a2	00000000		nop
1432	03a3	00000000		nop
1433	03a4	00000000		nop
1434	03a5	00000000		nop
1435				; Automatically 15 NOPs removed by reduceNOPs.sh
1436	03a6	00000000		nop
1437	03a7	03e00008		jr	%GPR31	
1438	03a8	00000000		nop
1439	03a9	00000000		nop
1440	03aa	00000000		nop
1441	03ab	00000000		nop
1442				; Automatically 20 NOPs removed by reduceNOPs.sh
1443			loadprogramm:
1444			L_bootloader_29:
1445	03ac	00000000		nop
1446	03ad	00000000		nop
1447	03ae	00000000		nop
1448	03af	00000000		nop
1449				; Automatically 20 NOPs removed by reduceNOPs.sh
1450	03b0	afbefffc		sw	-4(%GPR29),%GPR30	
1451	03b1	00000000		nop
1452	03b2	00000000		nop
1453	03b3	00000000		nop
1454	03b4	00000000		nop
1455	03b5	afbf0000		sw	0(%GPR29),%GPR31	
1456	03b6	00000000		nop
1457	03b7	00000000		nop
1458	03b8	00000000		nop
1459	03b9	00000000		nop
1460	03ba	2fbe0004		subui	%GPR30,%GPR29,$4	
1461	03bb	00000000		nop
1462	03bc	00000000		nop
1463	03bd	00000000		nop
1464	03be	00000000		nop
1465	03bf	2bbd001c		subi	%GPR29,%GPR29,$28	
1466	03c0	00000000		nop
1467	03c1	00000000		nop
1468	03c2	00000000		nop
1469	03c3	00000000		nop
1470				; Automatically 20 NOPs removed by reduceNOPs.sh
1471	03c4	afc1fffc		sw	-4(%GPR30),%GPR1	
1472	03c5	00000000		nop
1473	03c6	00000000		nop
1474	03c7	00000000		nop
1475	03c8	00000000		nop
1476				; Automatically 40 NOPs removed by reduceNOPs.sh
1477	03c9	3c010000		lhi	%GPR1,$0	
1478	03ca	00000000		nop
1479	03cb	00000000		nop
1480	03cc	00000000		nop
1481	03cd	00000000		nop
1482				; Automatically 20 NOPs removed by reduceNOPs.sh
1483	03ce	34210000		ori	%GPR1,%GPR1,$0	
1484	03cf	00000000		nop
1485	03d0	00000000		nop
1486	03d1	00000000		nop
1487	03d2	00000000		nop
1488				; Automatically 20 NOPs removed by reduceNOPs.sh
1489	03d3	afc1fff8		sw	-8(%GPR30),%GPR1	
1490	03d4	00000000		nop
1491	03d5	00000000		nop
1492	03d6	00000000		nop
1493	03d7	00000000		nop
1494	03d8	3c010100		lhi	%GPR1,$256	
1495	03d9	00000000		nop
1496	03da	00000000		nop
1497	03db	00000000		nop
1498	03dc	00000000		nop
1499				; Automatically 20 NOPs removed by reduceNOPs.sh
1500	03dd	34210000		ori	%GPR1,%GPR1,$16777216	
1501	03de	00000000		nop
1502	03df	00000000		nop
1503	03e0	00000000		nop
1504	03e1	00000000		nop
1505				; Automatically 20 NOPs removed by reduceNOPs.sh
1506	03e2	afc1fff4		sw	-12(%GPR30),%GPR1	
1507	03e3	00000000		nop
1508	03e4	00000000		nop
1509	03e5	00000000		nop
1510	03e6	00000000		nop
1511	03e7	3c010500		lhi	%GPR1,$1280	
1512	03e8	00000000		nop
1513	03e9	00000000		nop
1514	03ea	00000000		nop
1515	03eb	00000000		nop
1516				; Automatically 20 NOPs removed by reduceNOPs.sh
1517	03ec	34210000		ori	%GPR1,%GPR1,$83886080	
1518	03ed	00000000		nop
1519	03ee	00000000		nop
1520	03ef	00000000		nop
1521	03f0	00000000		nop
1522				; Automatically 20 NOPs removed by reduceNOPs.sh
1523	03f1	afc1fff0		sw	-16(%GPR30),%GPR1	
1524	03f2	00000000		nop
1525	03f3	00000000		nop
1526	03f4	00000000		nop
1527	03f5	00000000		nop
1528	03f6	3c010400		lhi	%GPR1,$1024	
1529	03f7	00000000		nop
1530	03f8	00000000		nop
1531	03f9	00000000		nop
1532	03fa	00000000		nop
1533				; Automatically 20 NOPs removed by reduceNOPs.sh
1534	03fb	34210000		ori	%GPR1,%GPR1,$67108864	
1535	03fc	00000000		nop
1536	03fd	00000000		nop
1537	03fe	00000000		nop
1538	03ff	00000000		nop
1539				; Automatically 20 NOPs removed by reduceNOPs.sh
1540	0400	afc1ffec		sw	-20(%GPR30),%GPR1	
1541	0401	00000000		nop
1542	0402	00000000		nop
1543	0403	00000000		nop
1544	0404	00000000		nop
1545				; Automatically 15 NOPs removed by reduceNOPs.sh
1546			L_bootloader_30:
1547	0405	00000000		nop
1548	0406	00000000		nop
1549	0407	00000000		nop
1550	0408	00000000		nop
1551	0409	8fc1fff4		lw	%GPR1,-12(%GPR30)	
1552	040a	00000000		nop
1553	040b	00000000		nop
1554	040c	00000000		nop
1555	040d	00000000		nop
1556				; Automatically 20 NOPs removed by reduceNOPs.sh
1557	040e	8c210000		lw	%GPR1,0(%GPR1)	
1558	040f	00000000		nop
1559	0410	00000000		nop
1560	0411	00000000		nop
1561	0412	00000000		nop
1562	0413	3c020000		lhi	%GPR2,$0	
1563	0414	00000000		nop
1564	0415	00000000		nop
1565	0416	00000000		nop
1566	0417	00000000		nop
1567				; Automatically 20 NOPs removed by reduceNOPs.sh
1568	0418	34420050		ori	%GPR2,%GPR2,$80	
1569	0419	00000000		nop
1570	041a	00000000		nop
1571	041b	00000000		nop
1572	041c	00000000		nop
1573				; Automatically 20 NOPs removed by reduceNOPs.sh
1574	041d	0022d82e		seq	%GPR27,%GPR1,%GPR2	
1575	041e	00000000		nop
1576	041f	00000000		nop
1577	0420	00000000		nop
1578	0421	00000000		nop
1579				; Automatically 15 NOPs removed by reduceNOPs.sh
1580	0422	17600172		bnez	%GPR27,L_bootloader_41	
1581	0423	00000000		nop
1582	0424	00000000		nop
1583	0425	00000000		nop
1584	0426	00000000		nop
1585				; Automatically 20 NOPs removed by reduceNOPs.sh
1586	0427	08000005		j	L_bootloader_31	
1587	0428	00000000		nop
1588	0429	00000000		nop
1589	042a	00000000		nop
1590	042b	00000000		nop
1591				; Automatically 20 NOPs removed by reduceNOPs.sh
1592			L_bootloader_31:
1593	042c	00000000		nop
1594	042d	00000000		nop
1595	042e	00000000		nop
1596	042f	00000000		nop
1597	0430	4023001c		slli	%GPR3,%GPR1,$28	
1598	0431	00000000		nop
1599	0432	00000000		nop
1600	0433	00000000		nop
1601	0434	00000000		nop
1602				; Automatically 15 NOPs removed by reduceNOPs.sh
1603	0435	3c020000		lhi	%GPR2,$0	
1604	0436	00000000		nop
1605	0437	00000000		nop
1606	0438	00000000		nop
1607	0439	00000000		nop
1608				; Automatically 20 NOPs removed by reduceNOPs.sh
1609	043a	34420018		ori	%GPR2,%GPR2,$24	
1610	043b	00000000		nop
1611	043c	00000000		nop
1612	043d	00000000		nop
1613	043e	00000000		nop
1614				; Automatically 15 NOPs removed by reduceNOPs.sh
1615			L_bootloader_32:
1616	043f	00000000		nop
1617	0440	00000000		nop
1618	0441	00000000		nop
1619	0442	00000000		nop
1620	0443	8fc1fff4		lw	%GPR1,-12(%GPR30)	
1621	0444	00000000		nop
1622	0445	00000000		nop
1623	0446	00000000		nop
1624	0447	00000000		nop
1625				; Automatically 20 NOPs removed by reduceNOPs.sh
1626	0448	8c210000		lw	%GPR1,0(%GPR1)	
1627	0449	00000000		nop
1628	044a	00000000		nop
1629	044b	00000000		nop
1630	044c	00000000		nop
1631	044d	3c040000		lhi	%GPR4,$0	
1632	044e	00000000		nop
1633	044f	00000000		nop
1634	0450	00000000		nop
1635	0451	00000000		nop
1636				; Automatically 20 NOPs removed by reduceNOPs.sh
1637	0452	34840000		ori	%GPR4,%GPR4,$0	
1638	0453	00000000		nop
1639	0454	00000000		nop
1640	0455	00000000		nop
1641	0456	00000000		nop
1642				; Automatically 15 NOPs removed by reduceNOPs.sh
1643	0457	28210040		subi	%GPR1,%GPR1,$64	
1644	0458	00000000		nop
1645	0459	00000000		nop
1646	045a	00000000		nop
1647	045b	00000000		nop
1648				; Automatically 20 NOPs removed by reduceNOPs.sh
1649	045c	00220800		sll	%GPR1,%GPR1,%GPR2	
1650	045d	00000000		nop
1651	045e	00000000		nop
1652	045f	00000000		nop
1653	0460	00000000		nop
1654	0461	28420004		subi	%GPR2,%GPR2,$4	
1655	0462	00000000		nop
1656	0463	00000000		nop
1657	0464	00000000		nop
1658	0465	00000000		nop
1659				; Automatically 15 NOPs removed by reduceNOPs.sh
1660	0466	00231820		add	%GPR3,%GPR1,%GPR3	
1661	0467	00000000		nop
1662	0468	00000000		nop
1663	0469	00000000		nop
1664	046a	00000000		nop
1665	046b	0044d82d		sge	%GPR27,%GPR2,%GPR4	
1666	046c	00000000		nop
1667	046d	00000000		nop
1668	046e	00000000		nop
1669	046f	00000000		nop
1670				; Automatically 15 NOPs removed by reduceNOPs.sh
1671	0470	1760ffcf		bnez	%GPR27,L_bootloader_32	
1672	0471	00000000		nop
1673	0472	00000000		nop
1674	0473	00000000		nop
1675	0474	00000000		nop
1676				; Automatically 20 NOPs removed by reduceNOPs.sh
1677	0475	08000005		j	L_bootloader_33	
1678	0476	00000000		nop
1679	0477	00000000		nop
1680	0478	00000000		nop
1681	0479	00000000		nop
1682				; Automatically 20 NOPs removed by reduceNOPs.sh
1683			L_bootloader_33:
1684	047a	00000000		nop
1685	047b	00000000		nop
1686	047c	00000000		nop
1687	047d	00000000		nop
1688	047e	8fc2fffc		lw	%GPR2,-4(%GPR30)	
1689	047f	00000000		nop
1690	0480	00000000		nop
1691	0481	00000000		nop
1692	0482	00000000		nop
1693				; Automatically 15 NOPs removed by reduceNOPs.sh
1694	0483	3c010000		lhi	%GPR1,$0	
1695	0484	00000000		nop
1696	0485	00000000		nop
1697	0486	00000000		nop
1698	0487	00000000		nop
1699				; Automatically 20 NOPs removed by reduceNOPs.sh
1700	0488	34210000		ori	%GPR1,%GPR1,$0	
1701	0489	00000000		nop
1702	048a	00000000		nop
1703	048b	00000000		nop
1704	048c	00000000		nop
1705				; Automatically 20 NOPs removed by reduceNOPs.sh
1706	048d	0041d82e		seq	%GPR27,%GPR2,%GPR1	
1707	048e	00000000		nop
1708	048f	00000000		nop
1709	0490	00000000		nop
1710	0491	00000000		nop
1711				; Automatically 15 NOPs removed by reduceNOPs.sh
1712	0492	1760000a		bnez	%GPR27,L_bootloader_34	
1713	0493	00000000		nop
1714	0494	00000000		nop
1715	0495	00000000		nop
1716	0496	00000000		nop
1717				; Automatically 20 NOPs removed by reduceNOPs.sh
1718	0497	08000031		j	L_bootloader_35	
1719	0498	00000000		nop
1720	0499	00000000		nop
1721	049a	00000000		nop
1722	049b	00000000		nop
1723				; Automatically 20 NOPs removed by reduceNOPs.sh
1724			L_bootloader_34:
1725	049c	00000000		nop
1726	049d	00000000		nop
1727	049e	00000000		nop
1728	049f	00000000		nop
1729	04a0	8fc2fff8		lw	%GPR2,-8(%GPR30)	
1730	04a1	00000000		nop
1731	04a2	00000000		nop
1732	04a3	00000000		nop
1733	04a4	00000000		nop
1734				; Automatically 15 NOPs removed by reduceNOPs.sh
1735	04a5	3c010000		lhi	%GPR1,$0	
1736	04a6	00000000		nop
1737	04a7	00000000		nop
1738	04a8	00000000		nop
1739	04a9	00000000		nop
1740				; Automatically 20 NOPs removed by reduceNOPs.sh
1741	04aa	34210004		ori	%GPR1,%GPR1,$4	
1742	04ab	00000000		nop
1743	04ac	00000000		nop
1744	04ad	00000000		nop
1745	04ae	00000000		nop
1746				; Automatically 20 NOPs removed by reduceNOPs.sh
1747	04af	00410818		mult	%GPR1,%GPR2,%GPR1	
1748	04b0	00000000		nop
1749	04b1	00000000		nop
1750	04b2	00000000		nop
1751	04b3	00000000		nop
1752				; Automatically 20 NOPs removed by reduceNOPs.sh
1753	04b4	8fc2ffec		lw	%GPR2,-20(%GPR30)	
1754	04b5	00000000		nop
1755	04b6	00000000		nop
1756	04b7	00000000		nop
1757	04b8	00000000		nop
1758				; Automatically 20 NOPs removed by reduceNOPs.sh
1759	04b9	00410820		add	%GPR1,%GPR2,%GPR1	
1760	04ba	00000000		nop
1761	04bb	00000000		nop
1762	04bc	00000000		nop
1763	04bd	00000000		nop
1764				; Automatically 20 NOPs removed by reduceNOPs.sh
1765	04be	ac230000		sw	0(%GPR1),%GPR3	
1766	04bf	00000000		nop
1767	04c0	00000000		nop
1768	04c1	00000000		nop
1769	04c2	00000000		nop
1770	04c3	0800002c		j	L_bootloader_36	
1771	04c4	00000000		nop
1772	04c5	00000000		nop
1773	04c6	00000000		nop
1774	04c7	00000000		nop
1775				; Automatically 15 NOPs removed by reduceNOPs.sh
1776			L_bootloader_35:
1777	04c8	00000000		nop
1778	04c9	00000000		nop
1779	04ca	00000000		nop
1780	04cb	00000000		nop
1781	04cc	8fc2fff8		lw	%GPR2,-8(%GPR30)	
1782	04cd	00000000		nop
1783	04ce	00000000		nop
1784	04cf	00000000		nop
1785	04d0	00000000		nop
1786				; Automatically 15 NOPs removed by reduceNOPs.sh
1787	04d1	3c010000		lhi	%GPR1,$0	
1788	04d2	00000000		nop
1789	04d3	00000000		nop
1790	04d4	00000000		nop
1791	04d5	00000000		nop
1792				; Automatically 20 NOPs removed by reduceNOPs.sh
1793	04d6	34210004		ori	%GPR1,%GPR1,$4	
1794	04d7	00000000		nop
1795	04d8	00000000		nop
1796	04d9	00000000		nop
1797	04da	00000000		nop
1798				; Automatically 20 NOPs removed by reduceNOPs.sh
1799	04db	00410818		mult	%GPR1,%GPR2,%GPR1	
1800	04dc	00000000		nop
1801	04dd	00000000		nop
1802	04de	00000000		nop
1803	04df	00000000		nop
1804				; Automatically 20 NOPs removed by reduceNOPs.sh
1805	04e0	8fc2fff0		lw	%GPR2,-16(%GPR30)	
1806	04e1	00000000		nop
1807	04e2	00000000		nop
1808	04e3	00000000		nop
1809	04e4	00000000		nop
1810				; Automatically 20 NOPs removed by reduceNOPs.sh
1811	04e5	00410820		add	%GPR1,%GPR2,%GPR1	
1812	04e6	00000000		nop
1813	04e7	00000000		nop
1814	04e8	00000000		nop
1815	04e9	00000000		nop
1816				; Automatically 20 NOPs removed by reduceNOPs.sh
1817	04ea	ac230000		sw	0(%GPR1),%GPR3	
1818	04eb	00000000		nop
1819	04ec	00000000		nop
1820	04ed	00000000		nop
1821	04ee	00000000		nop
1822				; Automatically 15 NOPs removed by reduceNOPs.sh
1823			L_bootloader_36:
1824	04ef	00000000		nop
1825	04f0	00000000		nop
1826	04f1	00000000		nop
1827	04f2	00000000		nop
1828	04f3	8fc2fff8		lw	%GPR2,-8(%GPR30)	
1829	04f4	00000000		nop
1830	04f5	00000000		nop
1831	04f6	00000000		nop
1832	04f7	00000000		nop
1833				; Automatically 15 NOPs removed by reduceNOPs.sh
1834	04f8	3c010000		lhi	%GPR1,$0	
1835	04f9	00000000		nop
1836	04fa	00000000		nop
1837	04fb	00000000		nop
1838	04fc	00000000		nop
1839				; Automatically 20 NOPs removed by reduceNOPs.sh
1840	04fd	34210000		ori	%GPR1,%GPR1,$0	
1841	04fe	00000000		nop
1842	04ff	00000000		nop
1843	0500	00000000		nop
1844	0501	00000000		nop
1845				; Automatically 20 NOPs removed by reduceNOPs.sh
1846	0502	0041d82f		sne	%GPR27,%GPR2,%GPR1	
1847	0503	00000000		nop
1848	0504	00000000		nop
1849	0505	00000000		nop
1850	0506	00000000		nop
1851				; Automatically 15 NOPs removed by reduceNOPs.sh
1852	0507	1760000a		bnez	%GPR27,L_bootloader_37	
1853	0508	00000000		nop
1854	0509	00000000		nop
1855	050a	00000000		nop
1856	050b	00000000		nop
1857				; Automatically 20 NOPs removed by reduceNOPs.sh
1858	050c	08000062		j	L_bootloader_39	
1859	050d	00000000		nop
1860	050e	00000000		nop
1861	050f	00000000		nop
1862	0510	00000000		nop
1863				; Automatically 20 NOPs removed by reduceNOPs.sh
1864			L_bootloader_37:
1865	0511	00000000		nop
1866	0512	00000000		nop
1867	0513	00000000		nop
1868	0514	00000000		nop
1869				; Automatically 10 NOPs removed by reduceNOPs.sh
1870	0515	8fc3fff8		lw	%GPR3,-8(%GPR30)	
1871	0516	00000000		nop
1872	0517	00000000		nop
1873	0518	00000000		nop
1874	0519	00000000		nop
1875				; Automatically 10 NOPs removed by reduceNOPs.sh
1876	051a	3c010000		lhi	%GPR1,$0	
1877	051b	00000000		nop
1878	051c	00000000		nop
1879	051d	00000000		nop
1880	051e	00000000		nop
1881				; Automatically 20 NOPs removed by reduceNOPs.sh
1882	051f	34210100		ori	%GPR1,%GPR1,$256	
1883	0520	00000000		nop
1884	0521	00000000		nop
1885	0522	00000000		nop
1886	0523	00000000		nop
1887	0524	3c020000		lhi	%GPR2,$0	
1888	0525	00000000		nop
1889	0526	00000000		nop
1890	0527	00000000		nop
1891	0528	00000000		nop
1892				; Automatically 20 NOPs removed by reduceNOPs.sh
1893	0529	34420000		ori	%GPR2,%GPR2,$0	
1894	052a	00000000		nop
1895	052b	00000000		nop
1896	052c	00000000		nop
1897	052d	00000000		nop
1898				; Automatically 15 NOPs removed by reduceNOPs.sh
1899	052e	0061081c		MOD	%GPR1,%GPR3,%GPR1	
1900	052f	00000000		nop
1901	0530	00000000		nop
1902	0531	00000000		nop
1903	0532	00000000		nop
1904				; Automatically 20 NOPs removed by reduceNOPs.sh
1905	0533	0022d82e		seq	%GPR27,%GPR1,%GPR2	
1906	0534	00000000		nop
1907	0535	00000000		nop
1908	0536	00000000		nop
1909	0537	00000000		nop
1910				; Automatically 15 NOPs removed by reduceNOPs.sh
1911	0538	1760000a		bnez	%GPR27,L_bootloader_38	
1912	0539	00000000		nop
1913	053a	00000000		nop
1914	053b	00000000		nop
1915	053c	00000000		nop
1916				; Automatically 20 NOPs removed by reduceNOPs.sh
1917	053d	08000031		j	L_bootloader_39	
1918	053e	00000000		nop
1919	053f	00000000		nop
1920	0540	00000000		nop
1921	0541	00000000		nop
1922				; Automatically 20 NOPs removed by reduceNOPs.sh
1923			L_bootloader_38:
1924	0542	00000000		nop
1925	0543	00000000		nop
1926	0544	00000000		nop
1927	0545	00000000		nop
1928	0546	3c010000		lhi	%GPR1,$( L_bootloader_1	/0x10000)
1929	0547	00000000		nop
1930	0548	00000000		nop
1931	0549	00000000		nop
1932	054a	00000000		nop
1933				; Automatically 15 NOPs removed by reduceNOPs.sh
1934	054b	34210000		ori	%GPR1,%GPR1,$( L_bootloader_1	%0x10000)
1935	054c	00000000		nop
1936	054d	00000000		nop
1937	054e	00000000		nop
1938	054f	00000000		nop
1939				; Automatically 25 NOPs removed by reduceNOPs.sh
1940	0550	3c020000		lhi	%GPR2,$0	
1941	0551	00000000		nop
1942	0552	00000000		nop
1943	0553	00000000		nop
1944	0554	00000000		nop
1945				; Automatically 20 NOPs removed by reduceNOPs.sh
1946	0555	34420001		ori	%GPR2,%GPR2,$1	
1947	0556	00000000		nop
1948	0557	00000000		nop
1949	0558	00000000		nop
1950	0559	00000000		nop
1951				; Automatically 20 NOPs removed by reduceNOPs.sh
1952	055a	2bbd0008		subi	%GPR29,%GPR29,$8	
1953	055b	00000000		nop
1954	055c	00000000		nop
1955	055d	00000000		nop
1956	055e	00000000		nop
1957				; Automatically 20 NOPs removed by reduceNOPs.sh
1958	055f	0ffffc89		jal	t_printu	
1959	0560	00000000		nop
1960	0561	00000000		nop
1961	0562	00000000		nop
1962	0563	00000000		nop
1963				; Automatically 20 NOPs removed by reduceNOPs.sh
1964	0564	23bd0008		addi	%GPR29,%GPR29,$8	
1965	0565	00000000		nop
1966	0566	00000000		nop
1967	0567	00000000		nop
1968	0568	00000000		nop
1969				; Automatically 20 NOPs removed by reduceNOPs.sh
1970	0569	08000013		j	L_bootloader_40	
1971	056a	00000000		nop
1972	056b	00000000		nop
1973	056c	00000000		nop
1974	056d	00000000		nop
1975				; Automatically 15 NOPs removed by reduceNOPs.sh
1976			L_bootloader_39:
1977	056e	00000000		nop
1978	056f	00000000		nop
1979	0570	00000000		nop
1980	0571	00000000		nop
1981				; Automatically 20 NOPs removed by reduceNOPs.sh
1982	0572	3c020000		lhi	%GPR2,$0	
1983	0573	00000000		nop
1984	0574	00000000		nop
1985	0575	00000000		nop
1986	0576	00000000		nop
1987				; Automatically 20 NOPs removed by reduceNOPs.sh
1988	0577	34420000		ori	%GPR2,%GPR2,$0	
1989	0578	00000000		nop
1990	0579	00000000		nop
1991	057a	00000000		nop
1992	057b	00000000		nop
1993				; Automatically 15 NOPs removed by reduceNOPs.sh
1994			L_bootloader_40:
1995	057c	00000000		nop
1996	057d	00000000		nop
1997	057e	00000000		nop
1998	057f	00000000		nop
1999	0580	8fc1fff8		lw	%GPR1,-8(%GPR30)	
2000	0581	00000000		nop
2001	0582	00000000		nop
2002	0583	00000000		nop
2003	0584	00000000		nop
2004				; Automatically 20 NOPs removed by reduceNOPs.sh
2005	0585	20210001		addi	%GPR1,%GPR1,$1	
2006	0586	00000000		nop
2007	0587	00000000		nop
2008	0588	00000000		nop
2009	0589	00000000		nop
2010				; Automatically 20 NOPs removed by reduceNOPs.sh
2011	058a	afc1fff8		sw	-8(%GPR30),%GPR1	
2012	058b	00000000		nop
2013	058c	00000000		nop
2014	058d	00000000		nop
2015	058e	00000000		nop
2016	058f	0bfffe76		j	L_bootloader_30	
2017	0590	00000000		nop
2018	0591	00000000		nop
2019	0592	00000000		nop
2020	0593	00000000		nop
2021				; Automatically 15 NOPs removed by reduceNOPs.sh
2022			L_bootloader_41:
2023	0594	00000000		nop
2024	0595	00000000		nop
2025	0596	00000000		nop
2026	0597	00000000		nop
2027				; Automatically 20 NOPs removed by reduceNOPs.sh
2028	0598	3c1c0000		lhi	%GPR28,$0	
2029	0599	00000000		nop
2030	059a	00000000		nop
2031	059b	00000000		nop
2032	059c	00000000		nop
2033				; Automatically 20 NOPs removed by reduceNOPs.sh
2034	059d	379c0000		ori	%GPR28,%GPR28,$0	
2035	059e	00000000		nop
2036	059f	00000000		nop
2037	05a0	00000000		nop
2038	05a1	00000000		nop
2039				; Automatically 20 NOPs removed by reduceNOPs.sh
2040	05a2	08000005		j	L_bootloader_42	
2041	05a3	00000000		nop
2042	05a4	00000000		nop
2043	05a5	00000000		nop
2044	05a6	00000000		nop
2045				; Automatically 20 NOPs removed by reduceNOPs.sh
2046			L_bootloader_42:
2047	05a7	00000000		nop
2048	05a8	00000000		nop
2049	05a9	00000000		nop
2050	05aa	00000000		nop
2051				; Automatically 20 NOPs removed by reduceNOPs.sh
2052	05ab	8fdf0004		lw	%GPR31,4(%GPR30)	
2053	05ac	00000000		nop
2054	05ad	00000000		nop
2055	05ae	00000000		nop
2056	05af	00000000		nop
2057	05b0	27dd0004		addui	%GPR29,%GPR30,$4	
2058	05b1	00000000		nop
2059	05b2	00000000		nop
2060	05b3	00000000		nop
2061	05b4	00000000		nop
2062	05b5	8fde0000		lw	%GPR30,0(%GPR30)	
2063	05b6	00000000		nop
2064	05b7	00000000		nop
2065	05b8	00000000		nop
2066	05b9	00000000		nop
2067				; Automatically 15 NOPs removed by reduceNOPs.sh
2068	05ba	00000000		nop
2069	05bb	03e00008		jr	%GPR31	
2070	05bc	00000000		nop
2071	05bd	00000000		nop
2072	05be	00000000		nop
2073	05bf	00000000		nop
2074				; Automatically 20 NOPs removed by reduceNOPs.sh
2075			main:
2076			L_bootloader_43:
2077	05c0	00000000		nop
2078	05c1	00000000		nop
2079	05c2	00000000		nop
2080	05c3	00000000		nop
2081				; Automatically 20 NOPs removed by reduceNOPs.sh
2082	05c4	afbefffc		sw	-4(%GPR29),%GPR30	
2083	05c5	00000000		nop
2084	05c6	00000000		nop
2085	05c7	00000000		nop
2086	05c8	00000000		nop
2087	05c9	afbf0000		sw	0(%GPR29),%GPR31	
2088	05ca	00000000		nop
2089	05cb	00000000		nop
2090	05cc	00000000		nop
2091	05cd	00000000		nop
2092	05ce	2fbe0004		subui	%GPR30,%GPR29,$4	
2093	05cf	00000000		nop
2094	05d0	00000000		nop
2095	05d1	00000000		nop
2096	05d2	00000000		nop
2097	05d3	2bbd0020		subi	%GPR29,%GPR29,$32	
2098	05d4	00000000		nop
2099	05d5	00000000		nop
2100	05d6	00000000		nop
2101	05d7	00000000		nop
2102				; Automatically 60 NOPs removed by reduceNOPs.sh
2103	05d8	3c010262		lhi	%GPR1,$610	
2104	05d9	00000000		nop
2105	05da	00000000		nop
2106	05db	00000000		nop
2107	05dc	00000000		nop
2108				; Automatically 20 NOPs removed by reduceNOPs.sh
2109	05dd	34215a00		ori	%GPR1,%GPR1,$40000000	
2110	05de	00000000		nop
2111	05df	00000000		nop
2112	05e0	00000000		nop
2113	05e1	00000000		nop
2114				; Automatically 20 NOPs removed by reduceNOPs.sh
2115	05e2	afc1ffe8		sw	-24(%GPR30),%GPR1	
2116	05e3	00000000		nop
2117	05e4	00000000		nop
2118	05e5	00000000		nop
2119	05e6	00000000		nop
2120				; Automatically 15 NOPs removed by reduceNOPs.sh
2121			L_bootloader_44:
2122	05e7	00000000		nop
2123	05e8	00000000		nop
2124	05e9	00000000		nop
2125	05ea	00000000		nop
2126	05eb	3c010000		lhi	%GPR1,$( L_bootloader_2	/0x10000)
2127	05ec	00000000		nop
2128	05ed	00000000		nop
2129	05ee	00000000		nop
2130	05ef	00000000		nop
2131				; Automatically 15 NOPs removed by reduceNOPs.sh
2132	05f0	34210002		ori	%GPR1,%GPR1,$( L_bootloader_2	%0x10000)
2133	05f1	00000000		nop
2134	05f2	00000000		nop
2135	05f3	00000000		nop
2136	05f4	00000000		nop
2137				; Automatically 45 NOPs removed by reduceNOPs.sh
2138	05f5	2bbd0008		subi	%GPR29,%GPR29,$8	
2139	05f6	00000000		nop
2140	05f7	00000000		nop
2141	05f8	00000000		nop
2142	05f9	00000000		nop
2143				; Automatically 20 NOPs removed by reduceNOPs.sh
2144	05fa	0ffffbee		jal	t_printu	
2145	05fb	00000000		nop
2146	05fc	00000000		nop
2147	05fd	00000000		nop
2148	05fe	00000000		nop
2149				; Automatically 20 NOPs removed by reduceNOPs.sh
2150	05ff	23bd0008		addi	%GPR29,%GPR29,$8	
2151	0600	00000000		nop
2152	0601	00000000		nop
2153	0602	00000000		nop
2154	0603	00000000		nop
2155				; Automatically 30 NOPs removed by reduceNOPs.sh
2156	0604	2bc10014		subi	%GPR1,%GPR30,$20	
2157	0605	00000000		nop
2158	0606	00000000		nop
2159	0607	00000000		nop
2160	0608	00000000		nop
2161				; Automatically 15 NOPs removed by reduceNOPs.sh
2162	0609	3c020000		lhi	%GPR2,$0	
2163	060a	00000000		nop
2164	060b	00000000		nop
2165	060c	00000000		nop
2166	060d	00000000		nop
2167				; Automatically 20 NOPs removed by reduceNOPs.sh
2168	060e	34420001		ori	%GPR2,%GPR2,$1	
2169	060f	00000000		nop
2170	0610	00000000		nop
2171	0611	00000000		nop
2172	0612	00000000		nop
2173				; Automatically 20 NOPs removed by reduceNOPs.sh
2174	0613	2bbd0008		subi	%GPR29,%GPR29,$8	
2175	0614	00000000		nop
2176	0615	00000000		nop
2177	0616	00000000		nop
2178	0617	00000000		nop
2179				; Automatically 20 NOPs removed by reduceNOPs.sh
2180	0618	0ffffcbc		jal	getbytesu	
2181	0619	00000000		nop
2182	061a	00000000		nop
2183	061b	00000000		nop
2184	061c	00000000		nop
2185				; Automatically 20 NOPs removed by reduceNOPs.sh
2186	061d	23bd0008		addi	%GPR29,%GPR29,$8	
2187	061e	00000000		nop
2188	061f	00000000		nop
2189	0620	00000000		nop
2190	0621	00000000		nop
2191				; Automatically 20 NOPs removed by reduceNOPs.sh
2192	0622	2bc10014		subi	%GPR1,%GPR30,$20	
2193	0623	00000000		nop
2194	0624	00000000		nop
2195	0625	00000000		nop
2196	0626	00000000		nop
2197				; Automatically 20 NOPs removed by reduceNOPs.sh
2198	0627	2bbd0008		subi	%GPR29,%GPR29,$8	
2199	0628	00000000		nop
2200	0629	00000000		nop
2201	062a	00000000		nop
2202	062b	00000000		nop
2203				; Automatically 20 NOPs removed by reduceNOPs.sh
2204	062c	0ffffbbc		jal	t_printu	
2205	062d	00000000		nop
2206	062e	00000000		nop
2207	062f	00000000		nop
2208	0630	00000000		nop
2209				; Automatically 20 NOPs removed by reduceNOPs.sh
2210	0631	23bd0008		addi	%GPR29,%GPR29,$8	
2211	0632	00000000		nop
2212	0633	00000000		nop
2213	0634	00000000		nop
2214	0635	00000000		nop
2215				; Automatically 20 NOPs removed by reduceNOPs.sh
2216	0636	2bc10014		subi	%GPR1,%GPR30,$20	
2217	0637	00000000		nop
2218	0638	00000000		nop
2219	0639	00000000		nop
2220	063a	00000000		nop
2221				; Automatically 20 NOPs removed by reduceNOPs.sh
2222	063b	2bbd0008		subi	%GPR29,%GPR29,$8	
2223	063c	00000000		nop
2224	063d	00000000		nop
2225	063e	00000000		nop
2226	063f	00000000		nop
2227				; Automatically 20 NOPs removed by reduceNOPs.sh
2228	0640	0ffff9dd		jal	loadByteUnsigned	
2229	0641	00000000		nop
2230	0642	00000000		nop
2231	0643	00000000		nop
2232	0644	00000000		nop
2233				; Automatically 20 NOPs removed by reduceNOPs.sh
2234	0645	23bd0008		addi	%GPR29,%GPR29,$8	
2235	0646	00000000		nop
2236	0647	00000000		nop
2237	0648	00000000		nop
2238	0649	00000000		nop
2239				; Automatically 45 NOPs removed by reduceNOPs.sh
2240	064a	3c010000		lhi	%GPR1,$0	
2241	064b	00000000		nop
2242	064c	00000000		nop
2243	064d	00000000		nop
2244	064e	00000000		nop
2245				; Automatically 20 NOPs removed by reduceNOPs.sh
2246	064f	3421006e		ori	%GPR1,%GPR1,$110	
2247	0650	00000000		nop
2248	0651	00000000		nop
2249	0652	00000000		nop
2250	0653	00000000		nop
2251				; Automatically 20 NOPs removed by reduceNOPs.sh
2252	0654	0381d82e		seq	%GPR27,%GPR28,%GPR1	
2253	0655	00000000		nop
2254	0656	00000000		nop
2255	0657	00000000		nop
2256	0658	00000000		nop
2257				; Automatically 15 NOPs removed by reduceNOPs.sh
2258	0659	17600076		bnez	%GPR27,L_bootloader_47	
2259	065a	00000000		nop
2260	065b	00000000		nop
2261	065c	00000000		nop
2262	065d	00000000		nop
2263				; Automatically 20 NOPs removed by reduceNOPs.sh
2264	065e	08000005		j	L_bootloader_45	
2265	065f	00000000		nop
2266	0660	00000000		nop
2267	0661	00000000		nop
2268	0662	00000000		nop
2269				; Automatically 20 NOPs removed by reduceNOPs.sh
2270			L_bootloader_45:
2271	0663	00000000		nop
2272	0664	00000000		nop
2273	0665	00000000		nop
2274	0666	00000000		nop
2275				; Automatically 20 NOPs removed by reduceNOPs.sh
2276	0667	3c010000		lhi	%GPR1,$0	
2277	0668	00000000		nop
2278	0669	00000000		nop
2279	066a	00000000		nop
2280	066b	00000000		nop
2281				; Automatically 20 NOPs removed by reduceNOPs.sh
2282	066c	34210079		ori	%GPR1,%GPR1,$121	
2283	066d	00000000		nop
2284	066e	00000000		nop
2285	066f	00000000		nop
2286	0670	00000000		nop
2287				; Automatically 20 NOPs removed by reduceNOPs.sh
2288	0671	0381d82e		seq	%GPR27,%GPR28,%GPR1	
2289	0672	00000000		nop
2290	0673	00000000		nop
2291	0674	00000000		nop
2292	0675	00000000		nop
2293				; Automatically 15 NOPs removed by reduceNOPs.sh
2294	0676	1760000a		bnez	%GPR27,L_bootloader_46	
2295	0677	00000000		nop
2296	0678	00000000		nop
2297	0679	00000000		nop
2298	067a	00000000		nop
2299				; Automatically 20 NOPs removed by reduceNOPs.sh
2300	067b	0bffff6c		j	L_bootloader_44	
2301	067c	00000000		nop
2302	067d	00000000		nop
2303	067e	00000000		nop
2304	067f	00000000		nop
2305				; Automatically 20 NOPs removed by reduceNOPs.sh
2306			L_bootloader_46:
2307	0680	00000000		nop
2308	0681	00000000		nop
2309	0682	00000000		nop
2310	0683	00000000		nop
2311	0684	3c010000		lhi	%GPR1,$( L_bootloader_3	/0x10000)
2312	0685	00000000		nop
2313	0686	00000000		nop
2314	0687	00000000		nop
2315	0688	00000000		nop
2316				; Automatically 15 NOPs removed by reduceNOPs.sh
2317	0689	3421003f		ori	%GPR1,%GPR1,$( L_bootloader_3	%0x10000)
2318	068a	00000000		nop
2319	068b	00000000		nop
2320	068c	00000000		nop
2321	068d	00000000		nop
2322				; Automatically 45 NOPs removed by reduceNOPs.sh
2323	068e	2bbd0008		subi	%GPR29,%GPR29,$8	
2324	068f	00000000		nop
2325	0690	00000000		nop
2326	0691	00000000		nop
2327	0692	00000000		nop
2328				; Automatically 20 NOPs removed by reduceNOPs.sh
2329	0693	0ffffb55		jal	t_printu	
2330	0694	00000000		nop
2331	0695	00000000		nop
2332	0696	00000000		nop
2333	0697	00000000		nop
2334				; Automatically 20 NOPs removed by reduceNOPs.sh
2335	0698	23bd0008		addi	%GPR29,%GPR29,$8	
2336	0699	00000000		nop
2337	069a	00000000		nop
2338	069b	00000000		nop
2339	069c	00000000		nop
2340				; Automatically 45 NOPs removed by reduceNOPs.sh
2341	069d	3c010000		lhi	%GPR1,$0	
2342	069e	00000000		nop
2343	069f	00000000		nop
2344	06a0	00000000		nop
2345	06a1	00000000		nop
2346				; Automatically 20 NOPs removed by reduceNOPs.sh
2347	06a2	34210000		ori	%GPR1,%GPR1,$0	
2348	06a3	00000000		nop
2349	06a4	00000000		nop
2350	06a5	00000000		nop
2351	06a6	00000000		nop
2352				; Automatically 20 NOPs removed by reduceNOPs.sh
2353	06a7	2bbd0008		subi	%GPR29,%GPR29,$8	
2354	06a8	00000000		nop
2355	06a9	00000000		nop
2356	06aa	00000000		nop
2357	06ab	00000000		nop
2358				; Automatically 20 NOPs removed by reduceNOPs.sh
2359	06ac	0ffffd00		jal	loadprogramm	
2360	06ad	00000000		nop
2361	06ae	00000000		nop
2362	06af	00000000		nop
2363	06b0	00000000		nop
2364				; Automatically 20 NOPs removed by reduceNOPs.sh
2365	06b1	23bd0008		addi	%GPR29,%GPR29,$8	
2366	06b2	00000000		nop
2367	06b3	00000000		nop
2368	06b4	00000000		nop
2369	06b5	00000000		nop
2370				; Automatically 20 NOPs removed by reduceNOPs.sh
2371	06b6	3c010000		lhi	%GPR1,$( L_bootloader_4	/0x10000)
2372	06b7	00000000		nop
2373	06b8	00000000		nop
2374	06b9	00000000		nop
2375	06ba	00000000		nop
2376				; Automatically 15 NOPs removed by reduceNOPs.sh
2377	06bb	3421005d		ori	%GPR1,%GPR1,$( L_bootloader_4	%0x10000)
2378	06bc	00000000		nop
2379	06bd	00000000		nop
2380	06be	00000000		nop
2381	06bf	00000000		nop
2382				; Automatically 45 NOPs removed by reduceNOPs.sh
2383	06c0	2bbd0008		subi	%GPR29,%GPR29,$8	
2384	06c1	00000000		nop
2385	06c2	00000000		nop
2386	06c3	00000000		nop
2387	06c4	00000000		nop
2388				; Automatically 20 NOPs removed by reduceNOPs.sh
2389	06c5	0ffffb23		jal	t_printu	
2390	06c6	00000000		nop
2391	06c7	00000000		nop
2392	06c8	00000000		nop
2393	06c9	00000000		nop
2394				; Automatically 20 NOPs removed by reduceNOPs.sh
2395	06ca	23bd0008		addi	%GPR29,%GPR29,$8	
2396	06cb	00000000		nop
2397	06cc	00000000		nop
2398	06cd	00000000		nop
2399	06ce	00000000		nop
2400				; Automatically 35 NOPs removed by reduceNOPs.sh
2401			L_bootloader_47:
2402	06cf	00000000		nop
2403	06d0	00000000		nop
2404	06d1	00000000		nop
2405	06d2	00000000		nop
2406	06d3	3c010000		lhi	%GPR1,$( L_bootloader_5	/0x10000)
2407	06d4	00000000		nop
2408	06d5	00000000		nop
2409	06d6	00000000		nop
2410	06d7	00000000		nop
2411				; Automatically 15 NOPs removed by reduceNOPs.sh
2412	06d8	3421007d		ori	%GPR1,%GPR1,$( L_bootloader_5	%0x10000)
2413	06d9	00000000		nop
2414	06da	00000000		nop
2415	06db	00000000		nop
2416	06dc	00000000		nop
2417				; Automatically 45 NOPs removed by reduceNOPs.sh
2418	06dd	2bbd0008		subi	%GPR29,%GPR29,$8	
2419	06de	00000000		nop
2420	06df	00000000		nop
2421	06e0	00000000		nop
2422	06e1	00000000		nop
2423				; Automatically 20 NOPs removed by reduceNOPs.sh
2424	06e2	0ffffb06		jal	t_printu	
2425	06e3	00000000		nop
2426	06e4	00000000		nop
2427	06e5	00000000		nop
2428	06e6	00000000		nop
2429				; Automatically 20 NOPs removed by reduceNOPs.sh
2430	06e7	23bd0008		addi	%GPR29,%GPR29,$8	
2431	06e8	00000000		nop
2432	06e9	00000000		nop
2433	06ea	00000000		nop
2434	06eb	00000000		nop
2435				; Automatically 30 NOPs removed by reduceNOPs.sh
2436	06ec	2bc10014		subi	%GPR1,%GPR30,$20	
2437	06ed	00000000		nop
2438	06ee	00000000		nop
2439	06ef	00000000		nop
2440	06f0	00000000		nop
2441				; Automatically 15 NOPs removed by reduceNOPs.sh
2442	06f1	3c020000		lhi	%GPR2,$0	
2443	06f2	00000000		nop
2444	06f3	00000000		nop
2445	06f4	00000000		nop
2446	06f5	00000000		nop
2447				; Automatically 20 NOPs removed by reduceNOPs.sh
2448	06f6	34420001		ori	%GPR2,%GPR2,$1	
2449	06f7	00000000		nop
2450	06f8	00000000		nop
2451	06f9	00000000		nop
2452	06fa	00000000		nop
2453				; Automatically 20 NOPs removed by reduceNOPs.sh
2454	06fb	2bbd0008		subi	%GPR29,%GPR29,$8	
2455	06fc	00000000		nop
2456	06fd	00000000		nop
2457	06fe	00000000		nop
2458	06ff	00000000		nop
2459				; Automatically 20 NOPs removed by reduceNOPs.sh
2460	0700	0ffffbd4		jal	getbytesu	
2461	0701	00000000		nop
2462	0702	00000000		nop
2463	0703	00000000		nop
2464	0704	00000000		nop
2465				; Automatically 20 NOPs removed by reduceNOPs.sh
2466	0705	23bd0008		addi	%GPR29,%GPR29,$8	
2467	0706	00000000		nop
2468	0707	00000000		nop
2469	0708	00000000		nop
2470	0709	00000000		nop
2471				; Automatically 20 NOPs removed by reduceNOPs.sh
2472	070a	2bc10014		subi	%GPR1,%GPR30,$20	
2473	070b	00000000		nop
2474	070c	00000000		nop
2475	070d	00000000		nop
2476	070e	00000000		nop
2477				; Automatically 20 NOPs removed by reduceNOPs.sh
2478	070f	2bbd0008		subi	%GPR29,%GPR29,$8	
2479	0710	00000000		nop
2480	0711	00000000		nop
2481	0712	00000000		nop
2482	0713	00000000		nop
2483				; Automatically 20 NOPs removed by reduceNOPs.sh
2484	0714	0ffffad4		jal	t_printu	
2485	0715	00000000		nop
2486	0716	00000000		nop
2487	0717	00000000		nop
2488	0718	00000000		nop
2489				; Automatically 20 NOPs removed by reduceNOPs.sh
2490	0719	23bd0008		addi	%GPR29,%GPR29,$8	
2491	071a	00000000		nop
2492	071b	00000000		nop
2493	071c	00000000		nop
2494	071d	00000000		nop
2495				; Automatically 20 NOPs removed by reduceNOPs.sh
2496	071e	2bc10014		subi	%GPR1,%GPR30,$20	
2497	071f	00000000		nop
2498	0720	00000000		nop
2499	0721	00000000		nop
2500	0722	00000000		nop
2501				; Automatically 20 NOPs removed by reduceNOPs.sh
2502	0723	2bbd0008		subi	%GPR29,%GPR29,$8	
2503	0724	00000000		nop
2504	0725	00000000		nop
2505	0726	00000000		nop
2506	0727	00000000		nop
2507				; Automatically 20 NOPs removed by reduceNOPs.sh
2508	0728	0ffff8f5		jal	loadByteUnsigned	
2509	0729	00000000		nop
2510	072a	00000000		nop
2511	072b	00000000		nop
2512	072c	00000000		nop
2513				; Automatically 20 NOPs removed by reduceNOPs.sh
2514	072d	23bd0008		addi	%GPR29,%GPR29,$8	
2515	072e	00000000		nop
2516	072f	00000000		nop
2517	0730	00000000		nop
2518	0731	00000000		nop
2519				; Automatically 45 NOPs removed by reduceNOPs.sh
2520	0732	3c010000		lhi	%GPR1,$0	
2521	0733	00000000		nop
2522	0734	00000000		nop
2523	0735	00000000		nop
2524	0736	00000000		nop
2525				; Automatically 20 NOPs removed by reduceNOPs.sh
2526	0737	3421006e		ori	%GPR1,%GPR1,$110	
2527	0738	00000000		nop
2528	0739	00000000		nop
2529	073a	00000000		nop
2530	073b	00000000		nop
2531				; Automatically 20 NOPs removed by reduceNOPs.sh
2532	073c	0381d82e		seq	%GPR27,%GPR28,%GPR1	
2533	073d	00000000		nop
2534	073e	00000000		nop
2535	073f	00000000		nop
2536	0740	00000000		nop
2537				; Automatically 15 NOPs removed by reduceNOPs.sh
2538	0741	17600076		bnez	%GPR27,L_bootloader_50	
2539	0742	00000000		nop
2540	0743	00000000		nop
2541	0744	00000000		nop
2542	0745	00000000		nop
2543				; Automatically 20 NOPs removed by reduceNOPs.sh
2544	0746	08000005		j	L_bootloader_48	
2545	0747	00000000		nop
2546	0748	00000000		nop
2547	0749	00000000		nop
2548	074a	00000000		nop
2549				; Automatically 20 NOPs removed by reduceNOPs.sh
2550			L_bootloader_48:
2551	074b	00000000		nop
2552	074c	00000000		nop
2553	074d	00000000		nop
2554	074e	00000000		nop
2555				; Automatically 20 NOPs removed by reduceNOPs.sh
2556	074f	3c010000		lhi	%GPR1,$0	
2557	0750	00000000		nop
2558	0751	00000000		nop
2559	0752	00000000		nop
2560	0753	00000000		nop
2561				; Automatically 20 NOPs removed by reduceNOPs.sh
2562	0754	34210079		ori	%GPR1,%GPR1,$121	
2563	0755	00000000		nop
2564	0756	00000000		nop
2565	0757	00000000		nop
2566	0758	00000000		nop
2567				; Automatically 20 NOPs removed by reduceNOPs.sh
2568	0759	0381d82e		seq	%GPR27,%GPR28,%GPR1	
2569	075a	00000000		nop
2570	075b	00000000		nop
2571	075c	00000000		nop
2572	075d	00000000		nop
2573				; Automatically 15 NOPs removed by reduceNOPs.sh
2574	075e	1760000a		bnez	%GPR27,L_bootloader_49	
2575	075f	00000000		nop
2576	0760	00000000		nop
2577	0761	00000000		nop
2578	0762	00000000		nop
2579				; Automatically 20 NOPs removed by reduceNOPs.sh
2580	0763	0bffff6c		j	L_bootloader_47	
2581	0764	00000000		nop
2582	0765	00000000		nop
2583	0766	00000000		nop
2584	0767	00000000		nop
2585				; Automatically 20 NOPs removed by reduceNOPs.sh
2586			L_bootloader_49:
2587	0768	00000000		nop
2588	0769	00000000		nop
2589	076a	00000000		nop
2590	076b	00000000		nop
2591	076c	3c010000		lhi	%GPR1,$( L_bootloader_6	/0x10000)
2592	076d	00000000		nop
2593	076e	00000000		nop
2594	076f	00000000		nop
2595	0770	00000000		nop
2596				; Automatically 15 NOPs removed by reduceNOPs.sh
2597	0771	342100ba		ori	%GPR1,%GPR1,$( L_bootloader_6	%0x10000)
2598	0772	00000000		nop
2599	0773	00000000		nop
2600	0774	00000000		nop
2601	0775	00000000		nop
2602				; Automatically 45 NOPs removed by reduceNOPs.sh
2603	0776	2bbd0008		subi	%GPR29,%GPR29,$8	
2604	0777	00000000		nop
2605	0778	00000000		nop
2606	0779	00000000		nop
2607	077a	00000000		nop
2608				; Automatically 20 NOPs removed by reduceNOPs.sh
2609	077b	0ffffa6d		jal	t_printu	
2610	077c	00000000		nop
2611	077d	00000000		nop
2612	077e	00000000		nop
2613	077f	00000000		nop
2614				; Automatically 20 NOPs removed by reduceNOPs.sh
2615	0780	23bd0008		addi	%GPR29,%GPR29,$8	
2616	0781	00000000		nop
2617	0782	00000000		nop
2618	0783	00000000		nop
2619	0784	00000000		nop
2620				; Automatically 45 NOPs removed by reduceNOPs.sh
2621	0785	3c010000		lhi	%GPR1,$0	
2622	0786	00000000		nop
2623	0787	00000000		nop
2624	0788	00000000		nop
2625	0789	00000000		nop
2626				; Automatically 20 NOPs removed by reduceNOPs.sh
2627	078a	34210001		ori	%GPR1,%GPR1,$1	
2628	078b	00000000		nop
2629	078c	00000000		nop
2630	078d	00000000		nop
2631	078e	00000000		nop
2632				; Automatically 20 NOPs removed by reduceNOPs.sh
2633	078f	2bbd0008		subi	%GPR29,%GPR29,$8	
2634	0790	00000000		nop
2635	0791	00000000		nop
2636	0792	00000000		nop
2637	0793	00000000		nop
2638				; Automatically 20 NOPs removed by reduceNOPs.sh
2639	0794	0ffffc18		jal	loadprogramm	
2640	0795	00000000		nop
2641	0796	00000000		nop
2642	0797	00000000		nop
2643	0798	00000000		nop
2644				; Automatically 20 NOPs removed by reduceNOPs.sh
2645	0799	23bd0008		addi	%GPR29,%GPR29,$8	
2646	079a	00000000		nop
2647	079b	00000000		nop
2648	079c	00000000		nop
2649	079d	00000000		nop
2650				; Automatically 20 NOPs removed by reduceNOPs.sh
2651	079e	3c010000		lhi	%GPR1,$( L_bootloader_7	/0x10000)
2652	079f	00000000		nop
2653	07a0	00000000		nop
2654	07a1	00000000		nop
2655	07a2	00000000		nop
2656				; Automatically 15 NOPs removed by reduceNOPs.sh
2657	07a3	342100d8		ori	%GPR1,%GPR1,$( L_bootloader_7	%0x10000)
2658	07a4	00000000		nop
2659	07a5	00000000		nop
2660	07a6	00000000		nop
2661	07a7	00000000		nop
2662				; Automatically 45 NOPs removed by reduceNOPs.sh
2663	07a8	2bbd0008		subi	%GPR29,%GPR29,$8	
2664	07a9	00000000		nop
2665	07aa	00000000		nop
2666	07ab	00000000		nop
2667	07ac	00000000		nop
2668				; Automatically 20 NOPs removed by reduceNOPs.sh
2669	07ad	0ffffa3b		jal	t_printu	
2670	07ae	00000000		nop
2671	07af	00000000		nop
2672	07b0	00000000		nop
2673	07b1	00000000		nop
2674				; Automatically 20 NOPs removed by reduceNOPs.sh
2675	07b2	23bd0008		addi	%GPR29,%GPR29,$8	
2676	07b3	00000000		nop
2677	07b4	00000000		nop
2678	07b5	00000000		nop
2679	07b6	00000000		nop
2680				; Automatically 35 NOPs removed by reduceNOPs.sh
2681			L_bootloader_50:
2682	07b7	00000000		nop
2683	07b8	00000000		nop
2684	07b9	00000000		nop
2685	07ba	00000000		nop
2686	07bb	3c010000		lhi	%GPR1,$( L_bootloader_8	/0x10000)
2687	07bc	00000000		nop
2688	07bd	00000000		nop
2689	07be	00000000		nop
2690	07bf	00000000		nop
2691				; Automatically 15 NOPs removed by reduceNOPs.sh
2692	07c0	342100f8		ori	%GPR1,%GPR1,$( L_bootloader_8	%0x10000)
2693	07c1	00000000		nop
2694	07c2	00000000		nop
2695	07c3	00000000		nop
2696	07c4	00000000		nop
2697				; Automatically 45 NOPs removed by reduceNOPs.sh
2698	07c5	2bbd0008		subi	%GPR29,%GPR29,$8	
2699	07c6	00000000		nop
2700	07c7	00000000		nop
2701	07c8	00000000		nop
2702	07c9	00000000		nop
2703				; Automatically 20 NOPs removed by reduceNOPs.sh
2704	07ca	0ffffa1e		jal	t_printu	
2705	07cb	00000000		nop
2706	07cc	00000000		nop
2707	07cd	00000000		nop
2708	07ce	00000000		nop
2709				; Automatically 20 NOPs removed by reduceNOPs.sh
2710	07cf	23bd0008		addi	%GPR29,%GPR29,$8	
2711	07d0	00000000		nop
2712	07d1	00000000		nop
2713	07d2	00000000		nop
2714	07d3	00000000		nop
2715				; Automatically 30 NOPs removed by reduceNOPs.sh
2716	07d4	2bc10014		subi	%GPR1,%GPR30,$20	
2717	07d5	00000000		nop
2718	07d6	00000000		nop
2719	07d7	00000000		nop
2720	07d8	00000000		nop
2721				; Automatically 15 NOPs removed by reduceNOPs.sh
2722	07d9	3c020000		lhi	%GPR2,$0	
2723	07da	00000000		nop
2724	07db	00000000		nop
2725	07dc	00000000		nop
2726	07dd	00000000		nop
2727				; Automatically 20 NOPs removed by reduceNOPs.sh
2728	07de	34420001		ori	%GPR2,%GPR2,$1	
2729	07df	00000000		nop
2730	07e0	00000000		nop
2731	07e1	00000000		nop
2732	07e2	00000000		nop
2733				; Automatically 20 NOPs removed by reduceNOPs.sh
2734	07e3	2bbd0008		subi	%GPR29,%GPR29,$8	
2735	07e4	00000000		nop
2736	07e5	00000000		nop
2737	07e6	00000000		nop
2738	07e7	00000000		nop
2739				; Automatically 20 NOPs removed by reduceNOPs.sh
2740	07e8	0ffffaec		jal	getbytesu	
2741	07e9	00000000		nop
2742	07ea	00000000		nop
2743	07eb	00000000		nop
2744	07ec	00000000		nop
2745				; Automatically 20 NOPs removed by reduceNOPs.sh
2746	07ed	23bd0008		addi	%GPR29,%GPR29,$8	
2747	07ee	00000000		nop
2748	07ef	00000000		nop
2749	07f0	00000000		nop
2750	07f1	00000000		nop
2751				; Automatically 20 NOPs removed by reduceNOPs.sh
2752	07f2	2bc10014		subi	%GPR1,%GPR30,$20	
2753	07f3	00000000		nop
2754	07f4	00000000		nop
2755	07f5	00000000		nop
2756	07f6	00000000		nop
2757				; Automatically 20 NOPs removed by reduceNOPs.sh
2758	07f7	2bbd0008		subi	%GPR29,%GPR29,$8	
2759	07f8	00000000		nop
2760	07f9	00000000		nop
2761	07fa	00000000		nop
2762	07fb	00000000		nop
2763				; Automatically 20 NOPs removed by reduceNOPs.sh
2764	07fc	0ffff9ec		jal	t_printu	
2765	07fd	00000000		nop
2766	07fe	00000000		nop
2767	07ff	00000000		nop
2768	0800	00000000		nop
2769				; Automatically 20 NOPs removed by reduceNOPs.sh
2770	0801	23bd0008		addi	%GPR29,%GPR29,$8	
2771	0802	00000000		nop
2772	0803	00000000		nop
2773	0804	00000000		nop
2774	0805	00000000		nop
2775				; Automatically 20 NOPs removed by reduceNOPs.sh
2776	0806	2bc10014		subi	%GPR1,%GPR30,$20	
2777	0807	00000000		nop
2778	0808	00000000		nop
2779	0809	00000000		nop
2780	080a	00000000		nop
2781				; Automatically 20 NOPs removed by reduceNOPs.sh
2782	080b	2bbd0008		subi	%GPR29,%GPR29,$8	
2783	080c	00000000		nop
2784	080d	00000000		nop
2785	080e	00000000		nop
2786	080f	00000000		nop
2787				; Automatically 20 NOPs removed by reduceNOPs.sh
2788	0810	0ffff80d		jal	loadByteUnsigned	
2789	0811	00000000		nop
2790	0812	00000000		nop
2791	0813	00000000		nop
2792	0814	00000000		nop
2793				; Automatically 20 NOPs removed by reduceNOPs.sh
2794	0815	23bd0008		addi	%GPR29,%GPR29,$8	
2795	0816	00000000		nop
2796	0817	00000000		nop
2797	0818	00000000		nop
2798	0819	00000000		nop
2799				; Automatically 45 NOPs removed by reduceNOPs.sh
2800	081a	3c010000		lhi	%GPR1,$0	
2801	081b	00000000		nop
2802	081c	00000000		nop
2803	081d	00000000		nop
2804	081e	00000000		nop
2805				; Automatically 20 NOPs removed by reduceNOPs.sh
2806	081f	3421006e		ori	%GPR1,%GPR1,$110	
2807	0820	00000000		nop
2808	0821	00000000		nop
2809	0822	00000000		nop
2810	0823	00000000		nop
2811				; Automatically 20 NOPs removed by reduceNOPs.sh
2812	0824	0381d82e		seq	%GPR27,%GPR28,%GPR1	
2813	0825	00000000		nop
2814	0826	00000000		nop
2815	0827	00000000		nop
2816	0828	00000000		nop
2817				; Automatically 15 NOPs removed by reduceNOPs.sh
2818	0829	1760fdbe		bnez	%GPR27,L_bootloader_44	
2819	082a	00000000		nop
2820	082b	00000000		nop
2821	082c	00000000		nop
2822	082d	00000000		nop
2823				; Automatically 20 NOPs removed by reduceNOPs.sh
2824	082e	08000005		j	L_bootloader_51	
2825	082f	00000000		nop
2826	0830	00000000		nop
2827	0831	00000000		nop
2828	0832	00000000		nop
2829				; Automatically 20 NOPs removed by reduceNOPs.sh
2830			L_bootloader_51:
2831	0833	00000000		nop
2832	0834	00000000		nop
2833	0835	00000000		nop
2834	0836	00000000		nop
2835				; Automatically 20 NOPs removed by reduceNOPs.sh
2836	0837	3c010000		lhi	%GPR1,$0	
2837	0838	00000000		nop
2838	0839	00000000		nop
2839	083a	00000000		nop
2840	083b	00000000		nop
2841				; Automatically 20 NOPs removed by reduceNOPs.sh
2842	083c	34210079		ori	%GPR1,%GPR1,$121	
2843	083d	00000000		nop
2844	083e	00000000		nop
2845	083f	00000000		nop
2846	0840	00000000		nop
2847				; Automatically 20 NOPs removed by reduceNOPs.sh
2848	0841	0381d82e		seq	%GPR27,%GPR28,%GPR1	
2849	0842	00000000		nop
2850	0843	00000000		nop
2851	0844	00000000		nop
2852	0845	00000000		nop
2853				; Automatically 15 NOPs removed by reduceNOPs.sh
2854	0846	1760000a		bnez	%GPR27,L_bootloader_52	
2855	0847	00000000		nop
2856	0848	00000000		nop
2857	0849	00000000		nop
2858	084a	00000000		nop
2859				; Automatically 20 NOPs removed by reduceNOPs.sh
2860	084b	0bffff6c		j	L_bootloader_50	
2861	084c	00000000		nop
2862	084d	00000000		nop
2863	084e	00000000		nop
2864	084f	00000000		nop
2865				; Automatically 20 NOPs removed by reduceNOPs.sh
2866			L_bootloader_52:
2867	0850	00000000		nop
2868	0851	00000000		nop
2869	0852	00000000		nop
2870	0853	00000000		nop
2871	0854	3c010000		lhi	%GPR1,$( L_bootloader_9	/0x10000)
2872	0855	00000000		nop
2873	0856	00000000		nop
2874	0857	00000000		nop
2875	0858	00000000		nop
2876				; Automatically 15 NOPs removed by reduceNOPs.sh
2877	0859	34210137		ori	%GPR1,%GPR1,$( L_bootloader_9	%0x10000)
2878	085a	00000000		nop
2879	085b	00000000		nop
2880	085c	00000000		nop
2881	085d	00000000		nop
2882				; Automatically 45 NOPs removed by reduceNOPs.sh
2883	085e	2bbd0008		subi	%GPR29,%GPR29,$8	
2884	085f	00000000		nop
2885	0860	00000000		nop
2886	0861	00000000		nop
2887	0862	00000000		nop
2888				; Automatically 20 NOPs removed by reduceNOPs.sh
2889	0863	0ffff985		jal	t_printu	
2890	0864	00000000		nop
2891	0865	00000000		nop
2892	0866	00000000		nop
2893	0867	00000000		nop
2894				; Automatically 20 NOPs removed by reduceNOPs.sh
2895	0868	23bd0008		addi	%GPR29,%GPR29,$8	
2896	0869	00000000		nop
2897	086a	00000000		nop
2898	086b	00000000		nop
2899	086c	00000000		nop
2900				; Automatically 35 NOPs removed by reduceNOPs.sh
2901	086d	8fc2ffe8		lw	%GPR2,-24(%GPR30)	
2902	086e	00000000		nop
2903	086f	00000000		nop
2904	0870	00000000		nop
2905	0871	00000000		nop
2906				; Automatically 10 NOPs removed by reduceNOPs.sh
2907	0872	3c010000		lhi	%GPR1,$0	
2908	0873	00000000		nop
2909	0874	00000000		nop
2910	0875	00000000		nop
2911	0876	00000000		nop
2912				; Automatically 20 NOPs removed by reduceNOPs.sh
2913	0877	34210001		ori	%GPR1,%GPR1,$1	
2914	0878	00000000		nop
2915	0879	00000000		nop
2916	087a	00000000		nop
2917	087b	00000000		nop
2918	087c	3c1c0000		lhi	%GPR28,$0	
2919	087d	00000000		nop
2920	087e	00000000		nop
2921	087f	00000000		nop
2922	0880	00000000		nop
2923				; Automatically 20 NOPs removed by reduceNOPs.sh
2924	0881	379c0000		ori	%GPR28,%GPR28,$0	
2925	0882	00000000		nop
2926	0883	00000000		nop
2927	0884	00000000		nop
2928	0885	00000000		nop
2929				; Automatically 15 NOPs removed by reduceNOPs.sh
2930	0886	ac410000		sw	0(%GPR2),%GPR1	
2931	0887	00000000		nop
2932	0888	00000000		nop
2933	0889	00000000		nop
2934	088a	00000000		nop
2935	088b	08000005		j	L_bootloader_53	
2936	088c	00000000		nop
2937	088d	00000000		nop
2938	088e	00000000		nop
2939	088f	00000000		nop
2940				; Automatically 20 NOPs removed by reduceNOPs.sh
2941			L_bootloader_53:
2942	0890	00000000		nop
2943	0891	00000000		nop
2944	0892	00000000		nop
2945	0893	00000000		nop
2946				; Automatically 20 NOPs removed by reduceNOPs.sh
2947	0894	8fdf0004		lw	%GPR31,4(%GPR30)	
2948	0895	00000000		nop
2949	0896	00000000		nop
2950	0897	00000000		nop
2951	0898	00000000		nop
2952	0899	27dd0004		addui	%GPR29,%GPR30,$4	
2953	089a	00000000		nop
2954	089b	00000000		nop
2955	089c	00000000		nop
2956	089d	00000000		nop
2957	089e	8fde0000		lw	%GPR30,0(%GPR30)	
2958	089f	00000000		nop
2959	08a0	00000000		nop
2960	08a1	00000000		nop
2961	08a2	00000000		nop
2962				; Automatically 15 NOPs removed by reduceNOPs.sh
2963	08a3	00000000		nop
2964	08a4	03e00008		jr	%GPR31	
2965	08a5	00000000		nop
2966	08a6	00000000		nop
2967	08a7	00000000		nop
2968	08a8	00000000		nop
2969	08a9	00000000		nop
2970			exit:
2971	08aa	00000000		nop
2972	08ab	00000000		nop


******** Cross Reference List ********
Defined Symbol
name   	section	lc     	attr   	value  	lineno 
L_bootloader_30	.text	0405	Label	405	1546 
L_bootloader_31	.text	042c	Label	42c	1592 
L_bootloader_32	.text	043f	Label	43f	1615 
L_bootloader_33	.text	047a	Label	47a	1683 
L_bootloader_34	.text	049c	Label	49c	1724 
loadByteUnsigned	.text	001d	Label	1d	380 
L_bootloader_35	.text	04c8	Label	4c8	1776 
L_bootloader_36	.text	04ef	Label	4ef	1823 
exit	.text	08aa	Label	8aa	2970 
L_bootloader_37	.text	0511	Label	511	1864 
L_bootloader_38	.text	0542	Label	542	1923 
L_bootloader_39	.text	056e	Label	56e	1976 
L_bootloader_40	.text	057c	Label	57c	1994 
L_bootloader_41	.text	0594	Label	594	2022 
L_bootloader_42	.text	05a7	Label	5a7	2046 
L_bootloader_43	.text	05c0	Label	5c0	2076 
L_bootloader_44	.text	05e7	Label	5e7	2121 
L_bootloader_45	.text	0663	Label	663	2270 
L_bootloader_46	.text	0680	Label	680	2306 
L_bootloader_1	.data	0000	Label	0	2 
L_bootloader_47	.text	06cf	Label	6cf	2401 
L_bootloader_2	.data	0002	Label	2	5 
L_bootloader_48	.text	074b	Label	74b	2550 
L_bootloader_10	.text	001d	Label	1d	381 
L_bootloader_3	.data	003f	Label	3f	67 
L_bootloader_49	.text	0768	Label	768	2586 
L_bootloader_11	.text	0071	Label	71	478 
L_bootloader_4	.data	005d	Label	5d	98 
L_bootloader_12	.text	008a	Label	8a	508 
L_bootloader_5	.data	007d	Label	7d	131 
L_bootloader_13	.text	011a	Label	11a	670 
L_bootloader_6	.data	00ba	Label	ba	193 
L_bootloader_14	.text	0133	Label	133	700 
L_bootloader_7	.data	00d8	Label	d8	224 
L_bootloader_15	.text	015f	Label	15f	751 
L_bootloader_8	.data	00f8	Label	f8	257 
L_bootloader_16	.text	01a9	Label	1a9	839 
L_bootloader_9	.data	0137	Label	137	321 
L_bootloader_17	.text	01c1	Label	1c1	867 
L_bootloader_18	.text	01cf	Label	1cf	884 
getbytesu	.text	02d4	Label	2d4	1190 
L_bootloader_19	.text	01e8	Label	1e8	914 
t_printu	.text	01e8	Label	1e8	913 
L_bootloader_50	.text	07b7	Label	7b7	2681 
L_bootloader_51	.text	0833	Label	833	2830 
L_bootloader_52	.text	0850	Label	850	2866 
L_bootloader_53	.text	0890	Label	890	2941 
loadprogramm	.text	03ac	Label	3ac	1443 
L_bootloader_20	.text	0237	Label	237	1006 
L_bootloader_21	.text	0254	Label	254	1040 
L_bootloader_22	.text	02a8	Label	2a8	1137 
L_bootloader_23	.text	02bb	Label	2bb	1161 
strlength	.text	0133	Label	133	699 
L_bootloader_24	.text	02d4	Label	2d4	1191 
L_bootloader_25	.text	0314	Label	314	1264 
L_bootloader_26	.text	0331	Label	331	1298 
L_bootloader_27	.text	0380	Label	380	1390 
L_bootloader_28	.text	0393	Label	393	1414 
L_bootloader_29	.text	03ac	Label	3ac	1444 
main	.text	05c0	Label	5c0	2075 
storeByte	.text	008a	Label	8a	507 


Undefined Symbol
name   	section	lc     	attr   	value  	lineno 


Multiple Defined Symbol
name   	section	lc     	attr   	value  	lineno 


******* Section Data List ******* 
Sec	Attr		Size
.text 	Writable 	8ac 
addr_space : 16 
addressing : Word 
bitwidth per byte : 8 
word alignment : 4 
.data 	Data		14c 
addr_space : 16 
addressing : Byte 
bitwidth per byte : 8 
word alignment : 4 
