****** Source Program List ******
LineNo	LC	Code		Source Program 
1				.section	.data
2				.section	.text
3				.addressing	Word
4				.section	.text
5				.addressing	Word
6				;.addressing	Word
7			
8	0000	03def026		xor	%r30, %r30, %r30
9	0001	03bde826		xor	%r29, %r29, %r29
10	0002	039ce026		xor	%r28, %r28, %r28
11	0003	3c1e000f		lhi	%r30, $(0xFFFFC/0x10000)
12	0004	3c1d000f		lhi	%r29, $(0xFFFFC/0x10000)
13	0005	37defffc		ori	%r30, %r30, $(0xFFFFC%0x10000)
14	0006	37bdfffc		ori	%r29, %r29, $(0xFFFFC%0x10000)
15	0007	afbefffc		sw	-4(%r29), %r30
16	0008	afbffff8		sw	-8(%r29), %r31
17	0009	23ddfff8		addi	%r29, %r30, $-8
18	000a	00000000		nop	; Automatically added by fix-stall-insns.pl
19	000b	00000000		nop	; Automatically added by fix-stall-insns.pl
20	000c	00000000		nop	; Automatically added by fix-stall-insns.pl
21	000d	0c000007		jal	main	
22	000e	00000000		nop
23	000f	00000000		nop	; Automatically added by fix-stall-insns.pl
24	0010	00000000		nop	; Automatically added by fix-stall-insns.pl
25	0011	afa10000		sw	0(%r29), %r1
26	0012	0c000028		jal	exit
27	0013	00000000		nop
28			
29				;.addressing	Word
30			main:
31			L_main_1:
32				; Automatically 1 NOPs removed by reduceNOPs.sh
33	0014	00000000		nop	; Automatically Added by addNopAfterLabels.pl
34	0015	afbefffc		sw	-4(%r29),%r30	
35	0016	afbf0000		sw	0(%r29),%r31	
36	0017	2fbe0004		subui	%r30,%r29,$4	
37	0018	2bbd0008		subi	%r29,%r29,$8	
38				; Automatically 4 NOPs removed by reduceNOPs.sh
39	0019	f41e00ff		forecast	$30, $255 	
40				; Automatically 2 NOPs removed by reduceNOPs.sh
41	001a	3c010000		lhi	%r1,$0	
42				; Automatically 1 NOPs removed by reduceNOPs.sh
43	001b	34210000		ori	%r1,%r1,$0	
44			L_main_2:
45				; Automatically 1 NOPs removed by reduceNOPs.sh
46	001c	00000000		nop	; Automatically Added by addNopAfterLabels.pl
47	001d	3c020000		lhi	%r2,$0	
48				; Automatically 1 NOPs removed by reduceNOPs.sh
49	001e	34420000		ori	%r2,%r2,$0	
50	001f	3c030000		lhi	%r3,$0	
51				; Automatically 1 NOPs removed by reduceNOPs.sh
52	0020	34630000		ori	%r3,%r3,$0	
53	0021	3c040000		lhi	%r4,$0	
54				; Automatically 1 NOPs removed by reduceNOPs.sh
55	0022	34840001		ori	%r4,%r4,$1	
56			
57			
58				;; SINAS: HD_SI()
59	0023	00441fe0		HD	%r3, %r2, %r4
60			
61	0024	20210001		addi	%r1,%r1,$1	
62	0025	3c02000f		lhi	%r2,$15	
63				; Automatically 1 NOPs removed by reduceNOPs.sh
64	0026	34424240		ori	%r2,%r2,$1000000	
65				; Automatically 1 NOPs removed by reduceNOPs.sh
66	0027	0022d82a		slt	%r27,%r1,%r2	
67	0028	1760fff4		bnez	%r27,L_main_2	
68	0029	00000000		nop
69				; Automatically 1 NOPs removed by reduceNOPs.sh
70	002a	08000002		j	L_main_3	
71	002b	00000000		nop
72				; Automatically 1 NOPs removed by reduceNOPs.sh
73			L_main_3:
74				; Automatically 1 NOPs removed by reduceNOPs.sh
75	002c	00000000		nop	; Automatically Added by addNopAfterLabels.pl
76	002d	3c1c0000		lhi	%r28,$0	
77				; Automatically 1 NOPs removed by reduceNOPs.sh
78	002e	379c0000		ori	%r28,%r28,$0	
79				; Automatically 1 NOPs removed by reduceNOPs.sh
80	002f	08000002		j	L_main_4	
81	0030	00000000		nop
82				; Automatically 1 NOPs removed by reduceNOPs.sh
83			L_main_4:
84				; Automatically 1 NOPs removed by reduceNOPs.sh
85	0031	00000000		nop	; Automatically Added by addNopAfterLabels.pl
86	0032	8fdf0004		lw	%r31,4(%r30)	
87	0033	27dd0004		addui	%r29,%r30,$4	
88	0034	00000000		nop	; Automatically added by fix-stall-insns.pl
89	0035	00000000		nop	; Automatically added by fix-stall-insns.pl
90	0036	00000000		nop	; Automatically added by fix-stall-insns.pl
91	0037	8fde0000		lw	%r30,0(%r30)	
92	0038	03e00008		jr	%r31	
93	0039	00000000		nop
94			exit:


******** Cross Reference List ********
Defined Symbol
name   	section	lc     	attr   	value  	lineno 
exit	.text	003a	Label	3a	94 
L_main_1	.text	0014	Label	14	31 
L_main_2	.text	001c	Label	1c	44 
L_main_3	.text	002c	Label	2c	73 
L_main_4	.text	0031	Label	31	83 
main	.text	0014	Label	14	30 


Undefined Symbol
name   	section	lc     	attr   	value  	lineno 


Multiple Defined Symbol
name   	section	lc     	attr   	value  	lineno 


******* Section Data List ******* 
Sec	Attr		Size
.text 	Writable 	3a 
addr_space : 16 
addressing : Word 
bitwidth per byte : 8 
word alignment : 4 
.data 	Data		0 
addr_space : 16 
addressing : Byte 
bitwidth per byte : 8 
word alignment : 4 
