This file contains any messages produced by compilers while
running configure, to aid debugging if configure makes a mistake.

It was created by configure, which was
generated by GNU Autoconf 2.59.  Invocation command line was

  $ /home/asip00/epp/AM_tools/gdb-6.4/bfd/configure --cache-file=./config.cache --build=i686-pc-linux-gnu --host=i686-pc-linux-gnu --target=brownie32-elf --with-stabs --disable-nls --prefix=/home/asip-sajjad04/ASIPSS20/ASIPMeisterProjects/Session0/brownie/meister/browstd32.swgen --disable-sim --program-transform-name=s,^,brownie32-elf-,;  --srcdir=../../bfd

## --------- ##
## Platform. ##
## --------- ##

hostname = i80pc57
uname -m = i686
uname -r = 2.6.18-419.el5.centos.plus
uname -s = Linux
uname -v = #1 SMP Sat Feb 25 15:14:49 UTC 2017

/usr/bin/uname -p = unknown
/bin/uname -X     = unknown

/bin/arch              = i686
/usr/bin/arch -k       = unknown
/usr/convex/getsysinfo = unknown
hostinfo               = unknown
/bin/machine           = unknown
/usr/bin/oslevel       = unknown
/bin/universe          = unknown

PATH: /home/asip-sajjad04/ASIPSS20/ASIPMeisterProjects/Session0/brownie/meister/browstd32.swgen/bin
PATH: /AM/ASIPmeister/bin
PATH: /AM/ASIPmeister/bin
PATH: /AM/ASIPmeister/bin
PATH: /Software/xilinx/13.2/ISE_DS/common/bin/lin
PATH: /Software/xilinx/13.2/ISE_DS/ISE/sysgen/bin
PATH: /Software/xilinx/13.2/ISE_DS/PlanAhead/bin
PATH: /Software/xilinx/13.2/ISE_DS/ISE/bin/lin
PATH: /Software/xilinx/13.2/ISE_DS/ISE/sysgen/util
PATH: /Software/xilinx/13.2/ISE_DS/EDK/bin/lin
PATH: /Software/xilinx/13.2/ISE_DS/EDK/gnu/microblaze/lin/bin
PATH: /Software/xilinx/13.2/ISE_DS/EDK/gnu/powerpc-eabi/lin/bin
PATH: /usr/java/jre1.6.0_45/bin
PATH: /AM/ASIPmeister/bin
PATH: ./
PATH: /usr/NX/bin
PATH: /usr/kerberos/bin
PATH: /usr/local/bin
PATH: /bin
PATH: /usr/bin
PATH: /opt/eclipse
PATH: /Software/ModelSim/ModelSim_6.6d/modeltech/linux
PATH: /usr/local/cuda-7.0/bin
PATH: /home/asip-sajjad04/bin
PATH: /usr/bin
PATH: /sbin
PATH: /bin


## ----------- ##
## Core tests. ##
## ----------- ##

configure:1247: creating cache ./config.cache
configure:1360: checking build system type
configure:1378: result: i686-pc-linux-gnu
configure:1386: checking host system type
configure:1400: result: i686-pc-linux-gnu
configure:1408: checking target system type
configure:1422: result: brownie32-unknown-elf
configure:1444: checking for i686-pc-linux-gnu-gcc
configure:1470: result: gcc
configure:1752: checking for C compiler version
configure:1755: gcc --version </dev/null >&5
gcc (GCC) 4.1.2 20080704 (Red Hat 4.1.2-55)
Copyright (C) 2006 Free Software Foundation, Inc.
This is free software; see the source for copying conditions.  There is NO
warranty; not even for MERCHANTABILITY or FITNESS FOR A PARTICULAR PURPOSE.

configure:1758: $? = 0
configure:1760: gcc -v </dev/null >&5
Using built-in specs.
Target: i386-redhat-linux
Configured with: ../configure --prefix=/usr --mandir=/usr/share/man --infodir=/usr/share/info --enable-shared --enable-threads=posix --enable-checking=release --with-system-zlib --enable-__cxa_atexit --disable-libunwind-exceptions --enable-libgcj-multifile --enable-languages=c,c++,objc,obj-c++,java,fortran,ada --enable-java-awt=gtk --disable-dssi --disable-plugin --with-java-home=/usr/lib/jvm/java-1.4.2-gcj-1.4.2.0/jre --with-cpu=generic --host=i386-redhat-linux
Thread model: posix
gcc version 4.1.2 20080704 (Red Hat 4.1.2-55)
configure:1763: $? = 0
configure:1765: gcc -V </dev/null >&5
gcc: '-V' option must have argument
configure:1768: $? = 1
configure:1791: checking for C compiler default output file name
configure:1794: gcc -g -O2    conftest.c  >&5
configure:1797: $? = 0
configure:1843: result: a.out
configure:1848: checking whether the C compiler works
configure:1854: ./a.out
configure:1857: $? = 0
configure:1874: result: yes
configure:1881: checking whether we are cross compiling
configure:1883: result: no
configure:1886: checking for suffix of executables
configure:1888: gcc -o conftest -g -O2    conftest.c  >&5
configure:1891: $? = 0
configure:1916: result: 
configure:1922: checking for suffix of object files
configure:1943: gcc -c -g -O2   conftest.c >&5
configure:1946: $? = 0
configure:1968: result: o
configure:1972: checking whether we are using the GNU C compiler
configure:1996: gcc -c -g -O2   conftest.c >&5
configure:2002: $? = 0
configure:2006: test -z 
			 || test ! -s conftest.err
configure:2009: $? = 0
configure:2012: test -s conftest.o
configure:2015: $? = 0
configure:2028: result: yes
configure:2034: checking whether gcc accepts -g
configure:2055: gcc -c -g  conftest.c >&5
configure:2061: $? = 0
configure:2065: test -z 
			 || test ! -s conftest.err
configure:2068: $? = 0
configure:2071: test -s conftest.o
configure:2074: $? = 0
configure:2085: result: yes
configure:2102: checking for gcc option to accept ANSI C
configure:2172: gcc  -c -g -O2   conftest.c >&5
configure:2178: $? = 0
configure:2182: test -z 
			 || test ! -s conftest.err
configure:2185: $? = 0
configure:2188: test -s conftest.o
configure:2191: $? = 0
configure:2209: result: none needed
configure:2227: gcc -c -g -O2   conftest.c >&5
conftest.c:2: error: expected '=', ',', ';', 'asm' or '__attribute__' before 'me'
configure:2233: $? = 1
configure: failed program was:
| #ifndef __cplusplus
|   choke me
| #endif
configure:2367: checking for library containing strerror
configure:2397: gcc -o conftest -g -O2    conftest.c  >&5
configure:2403: $? = 0
configure:2407: test -z 
			 || test ! -s conftest.err
configure:2410: $? = 0
configure:2413: test -s conftest
configure:2416: $? = 0
configure:2486: result: none required
configure:2508: checking for a BSD-compatible install
configure:2563: result: /usr/bin/install -c
configure:2574: checking whether build environment is sane
configure:2617: result: yes
configure:2682: checking for gawk
configure:2698: found /bin/gawk
configure:2708: result: gawk
configure:2718: checking whether make sets $(MAKE)
configure:2738: result: yes
configure:2768: checking for style of include used by make
configure:2796: result: GNU
configure:2972: checking dependency style of gcc
configure:3062: result: none
configure:3084: checking for i686-pc-linux-gnu-ar
configure:3110: result: ar
configure:3163: checking for i686-pc-linux-gnu-ranlib
configure:3189: result: ranlib
configure:3319: checking for ld used by GCC
configure:3382: result: ld
configure:3391: checking if the linker (ld) is GNU ld
GNU ld version 2.17.50.0.6-26.el5 20061020
configure:3403: result: yes
configure:3408: checking for ld option to reload object files
configure:3415: result: -r
configure:3420: checking for BSD-compatible nm
configure:3456: result: nm
configure:3459: checking whether ln -s works
configure:3463: result: yes
configure:3470: checking how to recognise dependant libraries
configure:3638: result: pass_all
configure:3790: checking for i686-pc-linux-gnu-ranlib
configure:3816: result: ranlib
configure:3870: checking for i686-pc-linux-gnu-strip
configure:3899: result: no
configure:3908: checking for strip
configure:3924: found /usr/bin/strip
configure:3935: result: strip
configure:4192: loading cache ./config.cache
ce PIC
ltconfig:687:checking that gcc PIC flag -fPIC -DPIC works.
ltconfig:697: gcc -c -g -O2  -fPIC -DPIC -DPIC  conftest.c 1>&5
ltconfig:749: checking if gcc static flag -static works
ltconfig:758: gcc -o conftest -g -O2    -static conftest.c  1>&5
ltconfig:780: finding the maximum length of command line arguments
ltconfig:@lineno@: result: 49153
ltconfig:833: checking if gcc supports -c -o file.o
ltconfig:834: gcc -c -g -O2  -o out/conftest2.o  conftest.c 1>&5
ltconfig:887: checking if gcc supports -fno-rtti -fno-exceptions
ltconfig:888: gcc -c -g -O2  -fno-rtti -fno-exceptions -c conftest.c  conftest.c 1>&5
ltconfig:1431: checking if global_symbol_pipe works
ltconfig:1432: gcc -c -g -O2   conftest.c 1>&5
ltconfig:1435: eval "nm conftest.o | sed -n -e 's/^.*[ 	]\([ABCDGISTW][ABCDGISTW]*\)[ 	][ 	]*\(\)\([_A-Za-z][_A-Za-z0-9]*\)$/\1 \2\3 \3/p' > conftest.nm"
ltconfig:1487: gcc -o conftest -g -O2  -fno-builtin   conftest.c conftstm.o 1>&5
configure:4346: checking whether to enable maintainer-specific portions of Makefiles
configure:4355: result: no
configure:4385: checking whether to install libbfd
configure:4398: result: no
configure:4442: checking for i686-pc-linux-gnu-gcc
configure:4468: result: gcc
configure:4750: checking for C compiler version
configure:4753: gcc --version </dev/null >&5
gcc (GCC) 4.1.2 20080704 (Red Hat 4.1.2-55)
Copyright (C) 2006 Free Software Foundation, Inc.
This is free software; see the source for copying conditions.  There is NO
warranty; not even for MERCHANTABILITY or FITNESS FOR A PARTICULAR PURPOSE.

configure:4756: $? = 0
configure:4758: gcc -v </dev/null >&5
Using built-in specs.
Target: i386-redhat-linux
Configured with: ../configure --prefix=/usr --mandir=/usr/share/man --infodir=/usr/share/info --enable-shared --enable-threads=posix --enable-checking=release --with-system-zlib --enable-__cxa_atexit --disable-libunwind-exceptions --enable-libgcj-multifile --enable-languages=c,c++,objc,obj-c++,java,fortran,ada --enable-java-awt=gtk --disable-dssi --disable-plugin --with-java-home=/usr/lib/jvm/java-1.4.2-gcj-1.4.2.0/jre --with-cpu=generic --host=i386-redhat-linux
Thread model: posix
gcc version 4.1.2 20080704 (Red Hat 4.1.2-55)
configure:4761: $? = 0
configure:4763: gcc -V </dev/null >&5
gcc: '-V' option must have argument
configure:4766: $? = 1
configure:4769: checking whether we are using the GNU C compiler
configure:4825: result: yes
configure:4831: checking whether gcc accepts -g
configure:4882: result: yes
configure:4899: checking for gcc option to accept ANSI C
configure:5006: result: none needed
configure:5024: gcc -c -g -O2   conftest.c >&5
conftest.c:2: error: expected '=', ',', ';', 'asm' or '__attribute__' before 'me'
configure:5030: $? = 1
configure: failed program was:
| #ifndef __cplusplus
|   choke me
| #endif
configure:5174: checking for i686-pc-linux-gnu-ranlib
configure:5200: result: ranlib
configure:5256: checking how to run the C preprocessor
configure:5291: gcc -E  conftest.c
configure:5297: $? = 0
configure:5329: gcc -E  conftest.c
conftest.c:12:28: error: ac_nonexistent.h: No such file or directory
configure:5335: $? = 1
configure: failed program was:
| /* confdefs.h.  */
| 
| #define PACKAGE_NAME ""
| #define PACKAGE_TARNAME ""
| #define PACKAGE_VERSION ""
| #define PACKAGE_STRING ""
| #define PACKAGE_BUGREPORT ""
| #define PACKAGE "bfd"
| #define VERSION "1.9.5"
| #define _GNU_SOURCE 1
| /* end confdefs.h.  */
| #include <ac_nonexistent.h>
configure:5374: result: gcc -E
configure:5398: gcc -E  conftest.c
configure:5404: $? = 0
configure:5436: gcc -E  conftest.c
conftest.c:12:28: error: ac_nonexistent.h: No such file or directory
configure:5442: $? = 1
configure: failed program was:
| /* confdefs.h.  */
| 
| #define PACKAGE_NAME ""
| #define PACKAGE_TARNAME ""
| #define PACKAGE_VERSION ""
| #define PACKAGE_STRING ""
| #define PACKAGE_BUGREPORT ""
| #define PACKAGE "bfd"
| #define VERSION "1.9.5"
| #define _GNU_SOURCE 1
| /* end confdefs.h.  */
| #include <ac_nonexistent.h>
configure:5486: checking for egrep
configure:5496: result: grep -E
configure:5501: checking for ANSI C header files
configure:5526: gcc -c -g -O2   conftest.c >&5
configure:5532: $? = 0
configure:5536: test -z 
			 || test ! -s conftest.err
configure:5539: $? = 0
configure:5542: test -s conftest.o
configure:5545: $? = 0
configure:5634: gcc -o conftest -g -O2    conftest.c  >&5
conftest.c: In function 'main':
conftest.c:29: warning: incompatible implicit declaration of built-in function 'exit'
configure:5637: $? = 0
configure:5639: ./conftest
configure:5642: $? = 0
configure:5657: result: yes
configure:5667: checking for an ANSI C-conforming const
configure:5734: gcc -c -g -O2   conftest.c >&5
configure:5740: $? = 0
configure:5744: test -z 
			 || test ! -s conftest.err
configure:5747: $? = 0
configure:5750: test -s conftest.o
configure:5753: $? = 0
configure:5764: result: yes
configure:5774: checking for inline
configure:5795: gcc -c -g -O2   conftest.c >&5
configure:5801: $? = 0
configure:5805: test -z 
			 || test ! -s conftest.err
configure:5808: $? = 0
configure:5811: test -s conftest.o
configure:5814: $? = 0
configure:5826: result: inline
configure:5859: checking for sys/types.h
configure:5875: gcc -c -g -O2   conftest.c >&5
configure:5881: $? = 0
configure:5885: test -z 
			 || test ! -s conftest.err
configure:5888: $? = 0
configure:5891: test -s conftest.o
configure:5894: $? = 0
configure:5905: result: yes
configure:5859: checking for sys/stat.h
configure:5875: gcc -c -g -O2   conftest.c >&5
configure:5881: $? = 0
configure:5885: test -z 
			 || test ! -s conftest.err
configure:5888: $? = 0
configure:5891: test -s conftest.o
configure:5894: $? = 0
configure:5905: result: yes
configure:5859: checking for stdlib.h
configure:5875: gcc -c -g -O2   conftest.c >&5
configure:5881: $? = 0
configure:5885: test -z 
			 || test ! -s conftest.err
configure:5888: $? = 0
configure:5891: test -s conftest.o
configure:5894: $? = 0
configure:5905: result: yes
configure:5859: checking for string.h
configure:5875: gcc -c -g -O2   conftest.c >&5
configure:5881: $? = 0
configure:5885: test -z 
			 || test ! -s conftest.err
configure:5888: $? = 0
configure:5891: test -s conftest.o
configure:5894: $? = 0
configure:5905: result: yes
configure:5859: checking for memory.h
configure:5875: gcc -c -g -O2   conftest.c >&5
configure:5881: $? = 0
configure:5885: test -z 
			 || test ! -s conftest.err
configure:5888: $? = 0
configure:5891: test -s conftest.o
configure:5894: $? = 0
configure:5905: result: yes
configure:5859: checking for strings.h
configure:5875: gcc -c -g -O2   conftest.c >&5
configure:5881: $? = 0
configure:5885: test -z 
			 || test ! -s conftest.err
configure:5888: $? = 0
configure:5891: test -s conftest.o
configure:5894: $? = 0
configure:5905: result: yes
configure:5859: checking for inttypes.h
configure:5875: gcc -c -g -O2   conftest.c >&5
configure:5881: $? = 0
configure:5885: test -z 
			 || test ! -s conftest.err
configure:5888: $? = 0
configure:5891: test -s conftest.o
configure:5894: $? = 0
configure:5905: result: yes
configure:5859: checking for stdint.h
configure:5875: gcc -c -g -O2   conftest.c >&5
configure:5881: $? = 0
configure:5885: test -z 
			 || test ! -s conftest.err
configure:5888: $? = 0
configure:5891: test -s conftest.o
configure:5894: $? = 0
configure:5905: result: yes
configure:5859: checking for unistd.h
configure:5875: gcc -c -g -O2   conftest.c >&5
configure:5881: $? = 0
configure:5885: test -z 
			 || test ! -s conftest.err
configure:5888: $? = 0
configure:5891: test -s conftest.o
configure:5894: $? = 0
configure:5905: result: yes
configure:5917: checking for off_t
configure:5941: gcc -c -g -O2   conftest.c >&5
configure:5947: $? = 0
configure:5951: test -z 
			 || test ! -s conftest.err
configure:5954: $? = 0
configure:5957: test -s conftest.o
configure:5960: $? = 0
configure:5971: result: yes
configure:5983: checking for size_t
configure:6007: gcc -c -g -O2   conftest.c >&5
configure:6013: $? = 0
configure:6017: test -z 
			 || test ! -s conftest.err
configure:6020: $? = 0
configure:6023: test -s conftest.o
configure:6026: $? = 0
configure:6037: result: yes
configure:6051: checking for working alloca.h
configure:6072: gcc -o conftest -g -O2    conftest.c  >&5
configure:6078: $? = 0
configure:6082: test -z 
			 || test ! -s conftest.err
configure:6085: $? = 0
configure:6088: test -s conftest
configure:6091: $? = 0
configure:6103: result: yes
configure:6113: checking for alloca
configure:6154: gcc -o conftest -g -O2    conftest.c  >&5
configure:6160: $? = 0
configure:6164: test -z 
			 || test ! -s conftest.err
configure:6167: $? = 0
configure:6170: test -s conftest
configure:6173: $? = 0
configure:6185: result: yes
configure:6414: checking for stdlib.h
configure:6419: result: yes
configure:6414: checking for unistd.h
configure:6419: result: yes
configure:6563: checking for getpagesize
configure:6620: gcc -o conftest -g -O2    conftest.c  >&5
configure:6626: $? = 0
configure:6630: test -z 
			 || test ! -s conftest.err
configure:6633: $? = 0
configure:6636: test -s conftest
configure:6639: $? = 0
configure:6651: result: yes
configure:6661: checking for working mmap
configure:6803: gcc -o conftest -g -O2    conftest.c  >&5
configure:6806: $? = 0
configure:6808: ./conftest
configure:6811: $? = 0
configure:6825: result: yes
configure:6860: checking argz.h usability
configure:6872: gcc -c -g -O2   conftest.c >&5
configure:6878: $? = 0
configure:6882: test -z 
			 || test ! -s conftest.err
configure:6885: $? = 0
configure:6888: test -s conftest.o
configure:6891: $? = 0
configure:6901: result: yes
configure:6905: checking argz.h presence
configure:6915: gcc -E  conftest.c
configure:6921: $? = 0
configure:6941: result: yes
configure:6976: checking for argz.h
configure:6983: result: yes
configure:6860: checking limits.h usability
configure:6872: gcc -c -g -O2   conftest.c >&5
configure:6878: $? = 0
configure:6882: test -z 
			 || test ! -s conftest.err
configure:6885: $? = 0
configure:6888: test -s conftest.o
configure:6891: $? = 0
configure:6901: result: yes
configure:6905: checking limits.h presence
configure:6915: gcc -E  conftest.c
configure:6921: $? = 0
configure:6941: result: yes
configure:6976: checking for limits.h
configure:6983: result: yes
configure:6860: checking locale.h usability
configure:6872: gcc -c -g -O2   conftest.c >&5
configure:6878: $? = 0
configure:6882: test -z 
			 || test ! -s conftest.err
configure:6885: $? = 0
configure:6888: test -s conftest.o
configure:6891: $? = 0
configure:6901: result: yes
configure:6905: checking locale.h presence
configure:6915: gcc -E  conftest.c
configure:6921: $? = 0
configure:6941: result: yes
configure:6976: checking for locale.h
configure:6983: result: yes
configure:6860: checking nl_types.h usability
configure:6872: gcc -c -g -O2   conftest.c >&5
configure:6878: $? = 0
configure:6882: test -z 
			 || test ! -s conftest.err
configure:6885: $? = 0
configure:6888: test -s conftest.o
configure:6891: $? = 0
configure:6901: result: yes
configure:6905: checking nl_types.h presence
configure:6915: gcc -E  conftest.c
configure:6921: $? = 0
configure:6941: result: yes
configure:6976: checking for nl_types.h
configure:6983: result: yes
configure:6860: checking malloc.h usability
configure:6872: gcc -c -g -O2   conftest.c >&5
configure:6878: $? = 0
configure:6882: test -z 
			 || test ! -s conftest.err
configure:6885: $? = 0
configure:6888: test -s conftest.o
configure:6891: $? = 0
configure:6901: result: yes
configure:6905: checking malloc.h presence
configure:6915: gcc -E  conftest.c
configure:6921: $? = 0
configure:6941: result: yes
configure:6976: checking for malloc.h
configure:6983: result: yes
configure:6851: checking for string.h
configure:6856: result: yes
configure:6851: checking for unistd.h
configure:6856: result: yes
configure:6860: checking values.h usability
configure:6872: gcc -c -g -O2   conftest.c >&5
configure:6878: $? = 0
configure:6882: test -z 
			 || test ! -s conftest.err
configure:6885: $? = 0
configure:6888: test -s conftest.o
configure:6891: $? = 0
configure:6901: result: yes
configure:6905: checking values.h presence
configure:6915: gcc -E  conftest.c
configure:6921: $? = 0
configure:6941: result: yes
configure:6976: checking for values.h
configure:6983: result: yes
configure:6860: checking sys/param.h usability
configure:6872: gcc -c -g -O2   conftest.c >&5
configure:6878: $? = 0
configure:6882: test -z 
			 || test ! -s conftest.err
configure:6885: $? = 0
configure:6888: test -s conftest.o
configure:6891: $? = 0
configure:6901: result: yes
configure:6905: checking sys/param.h presence
configure:6915: gcc -E  conftest.c
configure:6921: $? = 0
configure:6941: result: yes
configure:6976: checking for sys/param.h
configure:6983: result: yes
configure:7010: checking for getcwd
configure:7067: gcc -o conftest -g -O2    conftest.c  >&5
configure:7073: $? = 0
configure:7077: test -z 
			 || test ! -s conftest.err
configure:7080: $? = 0
configure:7083: test -s conftest
configure:7086: $? = 0
configure:7098: result: yes
configure:7010: checking for munmap
configure:7067: gcc -o conftest -g -O2    conftest.c  >&5
configure:7073: $? = 0
configure:7077: test -z 
			 || test ! -s conftest.err
configure:7080: $? = 0
configure:7083: test -s conftest
configure:7086: $? = 0
configure:7098: result: yes
configure:7010: checking for putenv
configure:7067: gcc -o conftest -g -O2    conftest.c  >&5
configure:7073: $? = 0
configure:7077: test -z 
			 || test ! -s conftest.err
configure:7080: $? = 0
configure:7083: test -s conftest
configure:7086: $? = 0
configure:7098: result: yes
configure:7010: checking for setenv
configure:7067: gcc -o conftest -g -O2    conftest.c  >&5
configure:7073: $? = 0
configure:7077: test -z 
			 || test ! -s conftest.err
configure:7080: $? = 0
configure:7083: test -s conftest
configure:7086: $? = 0
configure:7098: result: yes
configure:7010: checking for setlocale
configure:7067: gcc -o conftest -g -O2    conftest.c  >&5
configure:7073: $? = 0
configure:7077: test -z 
			 || test ! -s conftest.err
configure:7080: $? = 0
configure:7083: test -s conftest
configure:7086: $? = 0
configure:7098: result: yes
configure:7010: checking for strchr
configure:7067: gcc -o conftest -g -O2    conftest.c  >&5
conftest.c:66: warning: conflicting types for built-in function 'strchr'
configure:7073: $? = 0
configure:7077: test -z 
			 || test ! -s conftest.err
configure:7080: $? = 0
configure:7083: test -s conftest
configure:7086: $? = 0
configure:7098: result: yes
configure:7010: checking for strcasecmp
configure:7067: gcc -o conftest -g -O2    conftest.c  >&5
conftest.c:67: warning: conflicting types for built-in function 'strcasecmp'
configure:7073: $? = 0
configure:7077: test -z 
			 || test ! -s conftest.err
configure:7080: $? = 0
configure:7083: test -s conftest
configure:7086: $? = 0
configure:7098: result: yes
configure:7010: checking for __argz_count
configure:7067: gcc -o conftest -g -O2    conftest.c  >&5
configure:7073: $? = 0
configure:7077: test -z 
			 || test ! -s conftest.err
configure:7080: $? = 0
configure:7083: test -s conftest
configure:7086: $? = 0
configure:7098: result: yes
configure:7010: checking for __argz_stringify
configure:7067: gcc -o conftest -g -O2    conftest.c  >&5
configure:7073: $? = 0
configure:7077: test -z 
			 || test ! -s conftest.err
configure:7080: $? = 0
configure:7083: test -s conftest
configure:7086: $? = 0
configure:7098: result: yes
configure:7010: checking for __argz_next
configure:7067: gcc -o conftest -g -O2    conftest.c  >&5
configure:7073: $? = 0
configure:7077: test -z 
			 || test ! -s conftest.err
configure:7080: $? = 0
configure:7083: test -s conftest
configure:7086: $? = 0
configure:7098: result: yes
configure:7114: checking for stpcpy
configure:7171: gcc -o conftest -g -O2    conftest.c  >&5
conftest.c:71: warning: conflicting types for built-in function 'stpcpy'
configure:7177: $? = 0
configure:7181: test -z 
			 || test ! -s conftest.err
configure:7184: $? = 0
configure:7187: test -s conftest
configure:7190: $? = 0
configure:7202: result: yes
configure:7222: checking for LC_MESSAGES
configure:7243: gcc -o conftest -g -O2    conftest.c  >&5
configure:7249: $? = 0
configure:7253: test -z 
			 || test ! -s conftest.err
configure:7256: $? = 0
configure:7259: test -s conftest
configure:7262: $? = 0
configure:7274: result: yes
configure:7284: checking whether NLS is requested
configure:7293: result: no
configure:8331: checking for a BSD-compatible install
configure:8386: result: /usr/bin/install -c
configure:8404: checking for long long
configure:8425: gcc -c -g -O2   conftest.c >&5
configure:8431: $? = 0
configure:8435: test -z 
			 || test ! -s conftest.err
configure:8438: $? = 0
configure:8441: test -s conftest.o
configure:8444: $? = 0
configure:8456: result: yes
configure:8460: checking for long long
configure:8484: gcc -c -g -O2   conftest.c >&5
configure:8490: $? = 0
configure:8494: test -z 
			 || test ! -s conftest.err
configure:8497: $? = 0
configure:8500: test -s conftest.o
configure:8503: $? = 0
configure:8514: result: yes
configure:8517: checking size of long long
configure:8836: gcc -o conftest -g -O2    conftest.c  >&5
configure:8839: $? = 0
configure:8841: ./conftest
configure:8844: $? = 0
configure:8867: result: 8
configure:8876: checking for long
configure:8900: gcc -c -g -O2   conftest.c >&5
configure:8906: $? = 0
configure:8910: test -z 
			 || test ! -s conftest.err
configure:8913: $? = 0
configure:8916: test -s conftest.o
configure:8919: $? = 0
configure:8930: result: yes
configure:8933: checking size of long
configure:9252: gcc -o conftest -g -O2    conftest.c  >&5
configure:9255: $? = 0
configure:9257: ./conftest
configure:9260: $? = 0
configure:9283: result: 4
configure:9369: checking stddef.h usability
configure:9381: gcc -c -g -O2   conftest.c >&5
configure:9387: $? = 0
configure:9391: test -z 
			 || test ! -s conftest.err
configure:9394: $? = 0
configure:9397: test -s conftest.o
configure:9400: $? = 0
configure:9410: result: yes
configure:9414: checking stddef.h presence
configure:9424: gcc -E  conftest.c
configure:9430: $? = 0
configure:9450: result: yes
configure:9485: checking for stddef.h
configure:9492: result: yes
configure:9360: checking for string.h
configure:9365: result: yes
configure:9360: checking for strings.h
configure:9365: result: yes
configure:9360: checking for stdlib.h
configure:9365: result: yes
configure:9369: checking time.h usability
configure:9381: gcc -c -g -O2   conftest.c >&5
configure:9387: $? = 0
configure:9391: test -z 
			 || test ! -s conftest.err
configure:9394: $? = 0
configure:9397: test -s conftest.o
configure:9400: $? = 0
configure:9410: result: yes
configure:9414: checking time.h presence
configure:9424: gcc -E  conftest.c
configure:9430: $? = 0
configure:9450: result: yes
configure:9485: checking for time.h
configure:9492: result: yes
configure:9360: checking for unistd.h
configure:9365: result: yes
configure:9521: checking fcntl.h usability
configure:9533: gcc -c -g -O2   conftest.c >&5
configure:9539: $? = 0
configure:9543: test -z 
			 || test ! -s conftest.err
configure:9546: $? = 0
configure:9549: test -s conftest.o
configure:9552: $? = 0
configure:9562: result: yes
configure:9566: checking fcntl.h presence
configure:9576: gcc -E  conftest.c
configure:9582: $? = 0
configure:9602: result: yes
configure:9637: checking for fcntl.h
configure:9644: result: yes
configure:9521: checking sys/file.h usability
configure:9533: gcc -c -g -O2   conftest.c >&5
configure:9539: $? = 0
configure:9543: test -z 
			 || test ! -s conftest.err
configure:9546: $? = 0
configure:9549: test -s conftest.o
configure:9552: $? = 0
configure:9562: result: yes
configure:9566: checking sys/file.h presence
configure:9576: gcc -E  conftest.c
configure:9582: $? = 0
configure:9602: result: yes
configure:9637: checking for sys/file.h
configure:9644: result: yes
configure:9521: checking sys/time.h usability
configure:9533: gcc -c -g -O2   conftest.c >&5
configure:9539: $? = 0
configure:9543: test -z 
			 || test ! -s conftest.err
configure:9546: $? = 0
configure:9549: test -s conftest.o
configure:9552: $? = 0
configure:9562: result: yes
configure:9566: checking sys/time.h presence
configure:9576: gcc -E  conftest.c
configure:9582: $? = 0
configure:9602: result: yes
configure:9637: checking for sys/time.h
configure:9644: result: yes
configure:9657: checking whether time.h and sys/time.h may both be included
configure:9682: gcc -c -g -O2   conftest.c >&5
configure:9688: $? = 0
configure:9692: test -z 
			 || test ! -s conftest.err
configure:9695: $? = 0
configure:9698: test -s conftest.o
configure:9701: $? = 0
configure:9712: result: yes
configure:9730: checking for dirent.h that defines DIR
configure:9754: gcc -c -g -O2   conftest.c >&5
configure:9760: $? = 0
configure:9764: test -z 
			 || test ! -s conftest.err
configure:9767: $? = 0
configure:9770: test -s conftest.o
configure:9773: $? = 0
configure:9784: result: yes
configure:9797: checking for library containing opendir
configure:9827: gcc -o conftest -g -O2    conftest.c  >&5
configure:9833: $? = 0
configure:9837: test -z 
			 || test ! -s conftest.err
configure:9840: $? = 0
configure:9843: test -s conftest
configure:9846: $? = 0
configure:9916: result: none required
configure:10052: checking whether string.h and strings.h may both be included
configure:10074: gcc -c -g -O2   conftest.c >&5
configure:10080: $? = 0
configure:10084: test -z 
			 || test ! -s conftest.err
configure:10087: $? = 0
configure:10090: test -s conftest.o
configure:10093: $? = 0
configure:10104: result: yes
configure:10124: checking for fcntl
configure:10181: gcc -o conftest -g -O2    conftest.c  >&5
configure:10187: $? = 0
configure:10191: test -z 
			 || test ! -s conftest.err
configure:10194: $? = 0
configure:10197: test -s conftest
configure:10200: $? = 0
configure:10212: result: yes
configure:10124: checking for getpagesize
configure:10212: result: yes
configure:10124: checking for setitimer
configure:10181: gcc -o conftest -g -O2    conftest.c  >&5
configure:10187: $? = 0
configure:10191: test -z 
			 || test ! -s conftest.err
configure:10194: $? = 0
configure:10197: test -s conftest
configure:10200: $? = 0
configure:10212: result: yes
configure:10124: checking for sysconf
configure:10181: gcc -o conftest -g -O2    conftest.c  >&5
configure:10187: $? = 0
configure:10191: test -z 
			 || test ! -s conftest.err
configure:10194: $? = 0
configure:10197: test -s conftest
configure:10200: $? = 0
configure:10212: result: yes
configure:10124: checking for fdopen
configure:10181: gcc -o conftest -g -O2    conftest.c  >&5
configure:10187: $? = 0
configure:10191: test -z 
			 || test ! -s conftest.err
configure:10194: $? = 0
configure:10197: test -s conftest
configure:10200: $? = 0
configure:10212: result: yes
configure:10124: checking for getuid
configure:10181: gcc -o conftest -g -O2    conftest.c  >&5
configure:10187: $? = 0
configure:10191: test -z 
			 || test ! -s conftest.err
configure:10194: $? = 0
configure:10197: test -s conftest
configure:10200: $? = 0
configure:10212: result: yes
configure:10124: checking for getgid
configure:10181: gcc -o conftest -g -O2    conftest.c  >&5
configure:10187: $? = 0
configure:10191: test -z 
			 || test ! -s conftest.err
configure:10194: $? = 0
configure:10197: test -s conftest
configure:10200: $? = 0
configure:10212: result: yes
configure:10226: checking for strtoull
configure:10283: gcc -o conftest -g -O2    conftest.c  >&5
configure:10289: $? = 0
configure:10293: test -z 
			 || test ! -s conftest.err
configure:10296: $? = 0
configure:10299: test -s conftest
configure:10302: $? = 0
configure:10314: result: yes
configure:10325: checking whether basename is declared
configure:10349: gcc -c -g -O2   conftest.c >&5
configure:10355: $? = 0
configure:10359: test -z 
			 || test ! -s conftest.err
configure:10362: $? = 0
configure:10365: test -s conftest.o
configure:10368: $? = 0
configure:10379: result: yes
configure:10397: checking whether ftello is declared
configure:10421: gcc -c -g -O2   conftest.c >&5
configure:10427: $? = 0
configure:10431: test -z 
			 || test ! -s conftest.err
configure:10434: $? = 0
configure:10437: test -s conftest.o
configure:10440: $? = 0
configure:10451: result: yes
configure:10469: checking whether ftello64 is declared
configure:10493: gcc -c -g -O2   conftest.c >&5
configure:10499: $? = 0
configure:10503: test -z 
			 || test ! -s conftest.err
configure:10506: $? = 0
configure:10509: test -s conftest.o
configure:10512: $? = 0
configure:10523: result: yes
configure:10541: checking whether fseeko is declared
configure:10565: gcc -c -g -O2   conftest.c >&5
configure:10571: $? = 0
configure:10575: test -z 
			 || test ! -s conftest.err
configure:10578: $? = 0
configure:10581: test -s conftest.o
configure:10584: $? = 0
configure:10595: result: yes
configure:10613: checking whether fseeko64 is declared
configure:10637: gcc -c -g -O2   conftest.c >&5
configure:10643: $? = 0
configure:10647: test -z 
			 || test ! -s conftest.err
configure:10650: $? = 0
configure:10653: test -s conftest.o
configure:10656: $? = 0
configure:10667: result: yes
configure:10696: checking whether ffs is declared
configure:10720: gcc -c -g -O2   conftest.c >&5
configure:10726: $? = 0
configure:10730: test -z 
			 || test ! -s conftest.err
configure:10733: $? = 0
configure:10736: test -s conftest.o
configure:10739: $? = 0
configure:10750: result: yes
configure:10768: checking whether free is declared
configure:10792: gcc -c -g -O2   conftest.c >&5
configure:10798: $? = 0
configure:10802: test -z 
			 || test ! -s conftest.err
configure:10805: $? = 0
configure:10808: test -s conftest.o
configure:10811: $? = 0
configure:10822: result: yes
configure:10840: checking whether getenv is declared
configure:10864: gcc -c -g -O2   conftest.c >&5
configure:10870: $? = 0
configure:10874: test -z 
			 || test ! -s conftest.err
configure:10877: $? = 0
configure:10880: test -s conftest.o
configure:10883: $? = 0
configure:10894: result: yes
configure:10912: checking whether malloc is declared
configure:10936: gcc -c -g -O2   conftest.c >&5
configure:10942: $? = 0
configure:10946: test -z 
			 || test ! -s conftest.err
configure:10949: $? = 0
configure:10952: test -s conftest.o
configure:10955: $? = 0
configure:10966: result: yes
configure:10984: checking whether realloc is declared
configure:11008: gcc -c -g -O2   conftest.c >&5
configure:11014: $? = 0
configure:11018: test -z 
			 || test ! -s conftest.err
configure:11021: $? = 0
configure:11024: test -s conftest.o
configure:11027: $? = 0
configure:11038: result: yes
configure:11056: checking whether stpcpy is declared
configure:11080: gcc -c -g -O2   conftest.c >&5
configure:11086: $? = 0
configure:11090: test -z 
			 || test ! -s conftest.err
configure:11093: $? = 0
configure:11096: test -s conftest.o
configure:11099: $? = 0
configure:11110: result: yes
configure:11128: checking whether strstr is declared
configure:11152: gcc -c -g -O2   conftest.c >&5
configure:11158: $? = 0
configure:11162: test -z 
			 || test ! -s conftest.err
configure:11165: $? = 0
configure:11168: test -s conftest.o
configure:11171: $? = 0
configure:11182: result: yes
configure:11200: checking whether snprintf is declared
configure:11224: gcc -c -g -O2   conftest.c >&5
configure:11230: $? = 0
configure:11234: test -z 
			 || test ! -s conftest.err
configure:11237: $? = 0
configure:11240: test -s conftest.o
configure:11243: $? = 0
configure:11254: result: yes
configure:11272: checking whether vsnprintf is declared
configure:11296: gcc -c -g -O2   conftest.c >&5
configure:11302: $? = 0
configure:11306: test -z 
			 || test ! -s conftest.err
configure:11309: $? = 0
configure:11312: test -s conftest.o
configure:11315: $? = 0
configure:11326: result: yes
configure:13315: checking for gcc version with buggy 64-bit support
configure:13332: result: no
configure:13371: checking for ftello
configure:13428: gcc -o conftest -g -O2    conftest.c  >&5
configure:13434: $? = 0
configure:13438: test -z 
			 || test ! -s conftest.err
configure:13441: $? = 0
configure:13444: test -s conftest
configure:13447: $? = 0
configure:13459: result: yes
configure:13371: checking for ftello64
configure:13428: gcc -o conftest -g -O2    conftest.c  >&5
configure:13434: $? = 0
configure:13438: test -z 
			 || test ! -s conftest.err
configure:13441: $? = 0
configure:13444: test -s conftest
configure:13447: $? = 0
configure:13459: result: yes
configure:13371: checking for fseeko
configure:13428: gcc -o conftest -g -O2    conftest.c  >&5
configure:13434: $? = 0
configure:13438: test -z 
			 || test ! -s conftest.err
configure:13441: $? = 0
configure:13444: test -s conftest
configure:13447: $? = 0
configure:13459: result: yes
configure:13371: checking for fseeko64
configure:13428: gcc -o conftest -g -O2    conftest.c  >&5
configure:13434: $? = 0
configure:13438: test -z 
			 || test ! -s conftest.err
configure:13441: $? = 0
configure:13444: test -s conftest
configure:13447: $? = 0
configure:13459: result: yes
configure:13371: checking for fopen64
configure:13428: gcc -o conftest -g -O2    conftest.c  >&5
configure:13434: $? = 0
configure:13438: test -z 
			 || test ! -s conftest.err
configure:13441: $? = 0
configure:13444: test -s conftest
configure:13447: $? = 0
configure:13459: result: yes
configure:13470: checking for off_t
configure:13524: result: yes
configure:13527: checking size of off_t
configure:13846: gcc -o conftest -g -O2    conftest.c  >&5
configure:13849: $? = 0
configure:13851: ./conftest
configure:13854: $? = 0
configure:13877: result: 4
configure:13885: checking file_ptr type
configure:13894: result: BFD_HOST_64_BIT
configure:13914: checking for stdlib.h
configure:13919: result: yes
configure:13914: checking for unistd.h
configure:13919: result: yes
configure:14063: checking for getpagesize
configure:14151: result: yes
configure:14161: checking for working mmap
configure:14325: result: yes
configure:14341: checking for madvise
configure:14398: gcc -o conftest -g -O2    conftest.c  >&5
configure:14404: $? = 0
configure:14408: test -z 
			 || test ! -s conftest.err
configure:14411: $? = 0
configure:14414: test -s conftest
configure:14417: $? = 0
configure:14429: result: yes
configure:14341: checking for mprotect
configure:14398: gcc -o conftest -g -O2    conftest.c  >&5
configure:14404: $? = 0
configure:14408: test -z 
			 || test ! -s conftest.err
configure:14411: $? = 0
configure:14414: test -s conftest
configure:14417: $? = 0
configure:14429: result: yes
configure:14576: creating ./config.status

## ---------------------- ##
## Running config.status. ##
## ---------------------- ##

This file was extended by config.status, which was
generated by GNU Autoconf 2.59.  Invocation command line was

  CONFIG_FILES    = 
  CONFIG_HEADERS  = 
  CONFIG_LINKS    = 
  CONFIG_COMMANDS = 
  $ ./config.status 

on i80pc57

config.status:766: creating Makefile
config.status:766: creating doc/Makefile
config.status:766: creating bfd-in3.h
config.status:766: creating po/Makefile.in
config.status:863: creating config.h
config.status:1337: executing depfiles commands
config.status:1337: executing default commands

## ---------------- ##
## Cache variables. ##
## ---------------- ##

ac_cv_archive_cmds_needs_lc=yes
ac_cv_build=i686-pc-linux-gnu
ac_cv_build_alias=i686-pc-linux-gnu
ac_cv_c_compiler_gnu=yes
ac_cv_c_const=yes
ac_cv_c_inline=inline
ac_cv_env_CC_set=set
ac_cv_env_CC_value=gcc
ac_cv_env_CFLAGS_set=set
ac_cv_env_CFLAGS_value='-g -O2 '
ac_cv_env_CPPFLAGS_set=
ac_cv_env_CPPFLAGS_value=
ac_cv_env_CPP_set=
ac_cv_env_CPP_value=
ac_cv_env_LDFLAGS_set=set
ac_cv_env_LDFLAGS_value=
ac_cv_env_build_alias_set=set
ac_cv_env_build_alias_value=i686-pc-linux-gnu
ac_cv_env_host_alias_set=set
ac_cv_env_host_alias_value=i686-pc-linux-gnu
ac_cv_env_target_alias_set=set
ac_cv_env_target_alias_value=brownie32-elf
ac_cv_exeext=
ac_cv_func___argz_count=yes
ac_cv_func___argz_next=yes
ac_cv_func___argz_stringify=yes
ac_cv_func_alloca_works=yes
ac_cv_func_fcntl=yes
ac_cv_func_fdopen=yes
ac_cv_func_fopen64=yes
ac_cv_func_fseeko=yes
ac_cv_func_fseeko64=yes
ac_cv_func_ftello=yes
ac_cv_func_ftello64=yes
ac_cv_func_getcwd=yes
ac_cv_func_getgid=yes
ac_cv_func_getpagesize=yes
ac_cv_func_getuid=yes
ac_cv_func_madvise=yes
ac_cv_func_mmap_fixed_mapped=yes
ac_cv_func_mprotect=yes
ac_cv_func_munmap=yes
ac_cv_func_putenv=yes
ac_cv_func_setenv=yes
ac_cv_func_setitimer=yes
ac_cv_func_setlocale=yes
ac_cv_func_stpcpy=yes
ac_cv_func_strcasecmp=yes
ac_cv_func_strchr=yes
ac_cv_func_strtoull=yes
ac_cv_func_sysconf=yes
ac_cv_have_decl_basename=yes
ac_cv_have_decl_ffs=yes
ac_cv_have_decl_free=yes
ac_cv_have_decl_fseeko=yes
ac_cv_have_decl_fseeko64=yes
ac_cv_have_decl_ftello=yes
ac_cv_have_decl_ftello64=yes
ac_cv_have_decl_getenv=yes
ac_cv_have_decl_malloc=yes
ac_cv_have_decl_realloc=yes
ac_cv_have_decl_snprintf=yes
ac_cv_have_decl_stpcpy=yes
ac_cv_have_decl_strstr=yes
ac_cv_have_decl_vsnprintf=yes
ac_cv_header_argz_h=yes
ac_cv_header_dirent_dirent_h=yes
ac_cv_header_fcntl_h=yes
ac_cv_header_inttypes_h=yes
ac_cv_header_limits_h=yes
ac_cv_header_locale_h=yes
ac_cv_header_malloc_h=yes
ac_cv_header_memory_h=yes
ac_cv_header_nl_types_h=yes
ac_cv_header_stdc=yes
ac_cv_header_stddef_h=yes
ac_cv_header_stdint_h=yes
ac_cv_header_stdlib_h=yes
ac_cv_header_string_h=yes
ac_cv_header_strings_h=yes
ac_cv_header_sys_file_h=yes
ac_cv_header_sys_param_h=yes
ac_cv_header_sys_stat_h=yes
ac_cv_header_sys_time_h=yes
ac_cv_header_sys_types_h=yes
ac_cv_header_time=yes
ac_cv_header_time_h=yes
ac_cv_header_unistd_h=yes
ac_cv_header_values_h=yes
ac_cv_host=i686-pc-linux-gnu
ac_cv_host_alias=i686-pc-linux-gnu
ac_cv_objext=o
ac_cv_prog_AR=ar
ac_cv_prog_AWK=gawk
ac_cv_prog_CC=gcc
ac_cv_prog_CPP='gcc -E'
ac_cv_prog_RANLIB=ranlib
ac_cv_prog_ac_ct_STRIP=strip
ac_cv_prog_cc_can_build_shared=yes
ac_cv_prog_cc_g=yes
ac_cv_prog_cc_no_builtin=
ac_cv_prog_cc_pic=' -fPIC -DPIC'
ac_cv_prog_cc_pic_works=yes
ac_cv_prog_cc_shlib=
ac_cv_prog_cc_static=-static
ac_cv_prog_cc_static_works=yes
ac_cv_prog_cc_stdc=
ac_cv_prog_cc_wl=-Wl,
ac_cv_prog_egrep='grep -E'
ac_cv_prog_make_make_set=yes
ac_cv_search_opendir='none required'
ac_cv_search_strerror='none required'
ac_cv_sizeof_long=4
ac_cv_sizeof_long_long=8
ac_cv_sizeof_off_t=4
ac_cv_target=brownie32-unknown-elf
ac_cv_target_alias=brownie32-elf
ac_cv_type_long=yes
ac_cv_type_long_long=yes
ac_cv_type_off_t=yes
ac_cv_type_size_t=yes
ac_cv_working_alloca_h=yes
am_cv_CC_dependencies_compiler_type=none
am_cv_val_LC_MESSAGES=yes
bfd_cv_has_long_long=yes
gcc_cv_header_string=yes
lt_cv_compiler_c_o=yes
lt_cv_deplibs_check_method=pass_all
lt_cv_file_magic_cmd='$MAGIC_CMD'
lt_cv_file_magic_test_file='/lib/libc.so.6 /lib/libc-2.5.so'
lt_cv_ld_reload_flag=-r
lt_cv_path_LD=ld
lt_cv_path_NM=nm
lt_cv_prog_gnu_ld=yes
lt_cv_sys_max_cmd_len=49153
nls_cv_header_intl=libintl.h
nls_cv_header_libgt=libgettext.h

## ----------------- ##
## Output variables. ##
## ----------------- ##

ACLOCAL='${SHELL} /home/asip00/epp/AM_tools/gdb-6.4/missing --run aclocal-1.9'
ALLOCA=''
AMDEPBACKSLASH='\'
AMDEP_FALSE='#'
AMDEP_TRUE=''
AMTAR='${SHELL} /home/asip00/epp/AM_tools/gdb-6.4/missing --run tar'
AR='ar'
AUTOCONF='${SHELL} /home/asip00/epp/AM_tools/gdb-6.4/missing --run autoconf'
AUTOHEADER='${SHELL} /home/asip00/epp/AM_tools/gdb-6.4/missing --run autoheader'
AUTOMAKE='${SHELL} /home/asip00/epp/AM_tools/gdb-6.4/missing --run automake-1.9'
AWK='gawk'
BFD_HOST_64BIT_LONG='0'
BFD_HOST_64_BIT='long long'
BFD_HOST_64_BIT_DEFINED='1'
BFD_HOST_LONG_LONG='1'
BFD_HOST_U_64_BIT='unsigned long long'
CATALOGS=''
CATOBJEXT=''
CC='gcc'
CCDEPMODE='depmode=none'
CC_FOR_BUILD='gcc'
CFLAGS='-g -O2 '
COREFILE=''
COREFLAG=''
CPP='gcc -E'
CPPFLAGS=''
CYGPATH_W='echo'
DATADIRNAME='share'
DEFS='-DHAVE_CONFIG_H'
DEPDIR='.deps'
ECHO_C=''
ECHO_N='-n'
ECHO_T=''
EGREP='grep -E'
EXEEXT=''
EXEEXT_FOR_BUILD='$(EXEEXT)'
GMOFILES=' fr.gmo tr.gmo ja.gmo es.gmo sv.gmo da.gmo zh_CN.gmo ro.gmo rw.gmo vi.gmo'
GMSGFMT=''
GT_NO=''
GT_YES='#YES#'
HDEFINES=''
INCLUDE_LOCALE_H='#include <locale.h>'
INSTALL_DATA='/usr/bin/install -c -m 644'
INSTALL_LIBBFD_FALSE=''
INSTALL_LIBBFD_TRUE='#'
INSTALL_PROGRAM='/usr/bin/install -c'
INSTALL_SCRIPT='/usr/bin/install -c'
INSTALL_STRIP_PROGRAM='${SHELL} $(install_sh) -c -s'
INSTOBJEXT=''
INTLDEPS=''
INTLLIBS=''
INTLOBJS=''
LDFLAGS=''
LIBOBJS=''
LIBS=''
LIBTOOL='$(SHELL) $(top_builddir)/libtool'
LN_S='ln -s'
LTLIBOBJS=''
MAINT='#'
MAINTAINER_MODE_FALSE=''
MAINTAINER_MODE_TRUE='#'
MAKEINFO='makeinfo --split-size=5000000'
MKINSTALLDIRS='$(srcdir)/../../mkinstalldirs'
MSGFMT=''
NO_WERROR='-Wno-error'
OBJEXT='o'
PACKAGE='bfd'
PACKAGE_BUGREPORT=''
PACKAGE_NAME=''
PACKAGE_STRING=''
PACKAGE_TARNAME=''
PACKAGE_VERSION=''
PATH_SEPARATOR=':'
POFILES=' fr.po tr.po ja.po es.po sv.po da.po zh_CN.po ro.po rw.po vi.po'
POSUB=''
RANLIB='ranlib'
SET_MAKE=''
SHELL='/bin/sh'
STRIP='strip'
TDEFINES=' '
USE_INCLUDED_LIBINTL='no'
USE_NLS='no'
VERSION='1.9.5'
WARN_CFLAGS='-W -Wall -Wstrict-prototypes -Wmissing-prototypes -Werror'
WIN32LDFLAGS=''
WIN32LIBADD=''
XGETTEXT=''
ac_ct_AR=''
ac_ct_CC=''
ac_ct_RANLIB=''
ac_ct_STRIP='strip'
all_backends='$(BFD64_BACKENDS) $(BFD32_BACKENDS)'
am__fastdepCC_FALSE=''
am__fastdepCC_TRUE='#'
am__include='include'
am__leading_dot='.'
am__quote=''
am__tar='${AMTAR} chof - "$$tardir"'
am__untar='${AMTAR} xf -'
bfd_backends=' elf32-brownie32.lo elfxx-brownie32.lo elf32.lo elf.lo elflink.lo elf-strtab.lo elf-eh-frame.lo dwarf1.lo ecofflink.lo elf64-brownie32.lo elf64.lo elf64-gen.lo elf32-gen.lo'
bfd_default_target_size='32'
bfd_file_ptr='BFD_HOST_64_BIT'
bfd_libs='$(BFD64_LIBS) $(BFD32_LIBS)'
bfd_machines=' cpu-brownie32.lo'
bfd_ufile_ptr='BFD_HOST_U_64_BIT'
bfdincludedir='$(exec_prefix)/$(host_noncanonical)/$(target_noncanonical)/include'
bfdlibdir='$(exec_prefix)/$(host_noncanonical)/$(target_noncanonical)/lib'
bindir='${exec_prefix}/bin'
build='i686-pc-linux-gnu'
build_alias='i686-pc-linux-gnu'
build_cpu='i686'
build_os='linux-gnu'
build_vendor='pc'
datadir='${prefix}/share'
exec_prefix='${prefix}'
host='i686-pc-linux-gnu'
host_alias='i686-pc-linux-gnu'
host_cpu='i686'
host_noncanonical='i686-pc-linux-gnu'
host_os='linux-gnu'
host_vendor='pc'
includedir='${prefix}/include'
infodir='${prefix}/info'
install_sh='/home/asip00/epp/AM_tools/gdb-6.4/install-sh'
l=''
libdir='${exec_prefix}/lib'
libexecdir='${exec_prefix}/libexec'
localstatedir='${prefix}/var'
mandir='${prefix}/man'
mkdir_p='mkdir -p --'
oldincludedir='/usr/include'
prefix='/home/asip-sajjad04/ASIPSS20/ASIPMeisterProjects/Session0/brownie/meister/browstd32.swgen'
program_transform_name='s,^,brownie32-elf-,;'
sbindir='${exec_prefix}/sbin'
sharedstatedir='${prefix}/com'
sysconfdir='${prefix}/etc'
target='brownie32-unknown-elf'
target_alias='brownie32-elf'
target_cpu='brownie32'
target_noncanonical='brownie32-elf'
target_os='elf'
target_vendor='unknown'
tdefaults=' -DDEFAULT_VECTOR=bfd_elf32_bigbrownie32_vec -DSELECT_VECS='&bfd_elf32_bigbrownie32_vec,&bfd_elf32_littlebrownie32_vec,&bfd_elf64_bigbrownie32_vec,&bfd_elf64_littlebrownie32_vec,&bfd_elf64_little_generic_vec,&bfd_elf64_big_generic_vec,&bfd_elf32_little_generic_vec,&bfd_elf32_big_generic_vec' -DSELECT_ARCHITECTURES='&bfd_brownie32_arch' -DHAVE_bfd_elf32_bigbrownie32_vec -DHAVE_bfd_elf32_littlebrownie32_vec -DHAVE_bfd_elf64_bigbrownie32_vec -DHAVE_bfd_elf64_littlebrownie32_vec -DHAVE_bfd_elf64_little_generic_vec -DHAVE_bfd_elf64_big_generic_vec -DHAVE_bfd_elf32_little_generic_vec -DHAVE_bfd_elf32_big_generic_vec'
wordsize='64'

## ----------- ##
## confdefs.h. ##
## ----------- ##

#define HAVE_ALLOCA 1
#define HAVE_ALLOCA_H 1
#define HAVE_ARGZ_H 1
#define HAVE_DECL_BASENAME 1
#define HAVE_DECL_FFS 1
#define HAVE_DECL_FREE 1
#define HAVE_DECL_FSEEKO 1
#define HAVE_DECL_FSEEKO64 1
#define HAVE_DECL_FTELLO 1
#define HAVE_DECL_FTELLO64 1
#define HAVE_DECL_GETENV 1
#define HAVE_DECL_MALLOC 1
#define HAVE_DECL_REALLOC 1
#define HAVE_DECL_SNPRINTF 1
#define HAVE_DECL_STPCPY 1
#define HAVE_DECL_STRSTR 1
#define HAVE_DECL_VSNPRINTF 1
#define HAVE_DIRENT_H 1
#define HAVE_FCNTL 1
#define HAVE_FCNTL_H 1
#define HAVE_FDOPEN 1
#define HAVE_FOPEN64 1
#define HAVE_FSEEKO 1
#define HAVE_FSEEKO64 1
#define HAVE_FTELLO 1
#define HAVE_FTELLO64 1
#define HAVE_GETCWD 1
#define HAVE_GETGID 1
#define HAVE_GETPAGESIZE 1
#define HAVE_GETPAGESIZE 1
#define HAVE_GETPAGESIZE 1
#define HAVE_GETUID 1
#define HAVE_INTTYPES_H 1
#define HAVE_LC_MESSAGES 1
#define HAVE_LIMITS_H 1
#define HAVE_LOCALE_H 1
#define HAVE_MADVISE 1
#define HAVE_MALLOC_H 1
#define HAVE_MEMORY_H 1
#define HAVE_MMAP 1
#define HAVE_MMAP 1
#define HAVE_MPROTECT 1
#define HAVE_MUNMAP 1
#define HAVE_NL_TYPES_H 1
#define HAVE_PUTENV 1
#define HAVE_SETENV 1
#define HAVE_SETITIMER 1
#define HAVE_SETLOCALE 1
#define HAVE_STDDEF_H 1
#define HAVE_STDINT_H 1
#define HAVE_STDLIB_H 1
#define HAVE_STDLIB_H 1
#define HAVE_STDLIB_H 1
#define HAVE_STDLIB_H 1
#define HAVE_STPCPY 1
#define HAVE_STPCPY 1
#define HAVE_STRCASECMP 1
#define HAVE_STRCHR 1
#define HAVE_STRINGS_H 1
#define HAVE_STRINGS_H 1
#define HAVE_STRING_H 1
#define HAVE_STRING_H 1
#define HAVE_STRING_H 1
#define HAVE_STRTOULL 1
#define HAVE_SYSCONF 1
#define HAVE_SYS_FILE_H 1
#define HAVE_SYS_PARAM_H 1
#define HAVE_SYS_STAT_H 1
#define HAVE_SYS_TIME_H 1
#define HAVE_SYS_TYPES_H 1
#define HAVE_TIME_H 1
#define HAVE_UNISTD_H 1
#define HAVE_UNISTD_H 1
#define HAVE_UNISTD_H 1
#define HAVE_UNISTD_H 1
#define HAVE_UNISTD_H 1
#define HAVE_VALUES_H 1
#define HAVE___ARGZ_COUNT 1
#define HAVE___ARGZ_NEXT 1
#define HAVE___ARGZ_STRINGIFY 1
#define PACKAGE "bfd"
#define PACKAGE_BUGREPORT ""
#define PACKAGE_NAME ""
#define PACKAGE_STRING ""
#define PACKAGE_TARNAME ""
#define PACKAGE_VERSION ""
#define SIZEOF_LONG 4
#define SIZEOF_LONG_LONG 8
#define SIZEOF_OFF_T 4
#define STDC_HEADERS 1
#define STRING_WITH_STRINGS 1
#define TIME_WITH_SYS_TIME 1
#define VERSION "1.9.5"
#define _GNU_SOURCE 1

configure: exit 0

## ---------------------- ##
## Running config.status. ##
## ---------------------- ##

This file was extended by config.status, which was
generated by GNU Autoconf 2.59.  Invocation command line was

  CONFIG_FILES    = po/Makefile.in:po/Make-in
  CONFIG_HEADERS  = 
  CONFIG_LINKS    = 
  CONFIG_COMMANDS = 
  $ ./config.status 

on i80pc57

config.status:766: creating po/Makefile.in
config.status:1337: executing depfiles commands
config.status:1337: executing default commands
