Rotation:
(50,50) (100,50) (100,100) (50,100)
sinAlpha=16962 deltaX=-25
cosAlpha=63303 deltaY=-25
temp1=-424050 temp2=-1582575 resultPoint.y=-2006625
resultPoint.y=-31
resultPoint.y=44

sinAlpha=16962 deltaX=25
cosAlpha=63303 deltaY=-25
temp1=424050 temp2=-1582575 resultPoint.y=-1158525
resultPoint.y=-18
resultPoint.y=57

sinAlpha=16962 deltaX=25
cosAlpha=63303 deltaY=25
temp1=424050 temp2=1582575 resultPoint.y=2006625
resultPoint.y=30
resultPoint.y=105

sinAlpha=16962 deltaX=-25
cosAlpha=63303 deltaY=25
temp1=-424050 temp2=1582575 resultPoint.y=1158525
resultPoint.y=17
resultPoint.y=92

(57,44) (105,57) (92,105) (44,92)
