0 s: Info: RotationsManager: Cycle-time: 1 ns

0 s: Info: TDLAMBDA: 
   TD(lambda) using parameters:
   lambda = 0
   gamma  = 0
   alpha  = 1
   e_min  = 1e-05
0 s: Info: RotationsManager: 
   * FPGA capacity/used: 5/0



0 s: Info: DECODER: Decoder ready.
0 s: Info: MONITOR: 	Size of timeframe: 100,000
	Extended monitoring information between cycles 0 and 1
0 s: Info: RotationsManager: Initializing DLX Pipeline Emulator
   * Module Name:            [Pipeline]
   * Instruction Memory:     [/home/bauer_l/ASIPMeisterProjects/dlx_basis/Applications/Encoder_dynamic_MixedHWSWMolecule_RISPP_ref/TestData.IM]
   * Branch Trace:           [/home/bauer_l/ASIPMeisterProjects/dlx_basis/Applications/Encoder_dynamic_MixedHWSWMolecule_RISPP_ref/trace.txt]
   * DLX Opcode Definitions: [/home/bauer_l//RotationsManager_60_0/DLX/dlxops.dlx]

65 ns: Info: PREFETCHER: 
---> BEFORE RESCHEDULING
 MC_Hz4_HW_03        : 2x[atom_BytePack] 1x[atom_PointFilter] 1x[atom_Clip3]  (L, Execs)=	10	0


---> AFTER RESCHEDULING
 MC_Hz4_HW_00        : 1x[atom_PointFilter]  (L, Execs)=	103	0
 MC_Hz4_HW_01        : 1x[atom_PointFilter] 1x[atom_Clip3]  (L, Execs)=	26	0
 MC_Hz4_HW_02        : 1x[atom_BytePack] 1x[atom_PointFilter] 1x[atom_Clip3]  (L, Execs)=	11	0
 MC_Hz4_HW_03        : 2x[atom_BytePack] 1x[atom_PointFilter] 1x[atom_Clip3]  (L, Execs)=	10	0


65 ns: Info: PREFETCHER: 
SysDyn:	FORECAST POINT:	at address 0x189
SysDyn:	CURRENT PREDICTION:	0.0	0.0	0.0	10454.0	0.0	0.0	0.0	0.0	0.0	
SysDyn:	CONFIGURATION STATUS:	   * FPGA capacity/used: 5/0

SysDyn:	SWAP-IN QUEUE:	atom_PointFilter	needed/available: 1/0 swap-in/swap-out: 0/0 --> MC_Hz4_HW_03 
SysDyn:	SWAP-IN QUEUE:	atom_Clip3	needed/available: 1/0 swap-in/swap-out: 0/0 --> MC_Hz4_HW_03 
SysDyn:	SWAP-IN QUEUE:	atom_BytePack	needed/available: 2/0 swap-in/swap-out: 0/0 --> MC_Hz4_HW_03 
SysDyn:	SWAP-IN QUEUE:	atom_BytePack	needed/available: 2/0 swap-in/swap-out: 0/0 --> MC_Hz4_HW_03 
================================================================================

65 ns: Info: MONITOR: currently no atoms available

100 us: Info: MONITOR:    SI usages in last timeframe  	0	0	0	446	0	0	0	0	0	

100065 ns: Info: MONITOR: ATOM IN:	atom_PointFilter	needed/available: 1/1 swap-in/swap-out: 1/0 --> MC_Hz4_HW_00 MC_Hz4_HW_03 
100065 ns: Info: MONITOR: Molecule	MC_Hz4_SW	215	is replaced by molecule	MC_Hz4_HW_00	103	and was used	446	- times.

100065 ns: Info: MONITOR: The fastest available molecule for SI No. 0 is:	SAD_16_SW	4673
100065 ns: Info: MONITOR: The fastest available molecule for SI No. 1 is:	HT_2X2_SW	100
100065 ns: Info: MONITOR: The fastest available molecule for SI No. 2 is:	HT_4X4_SW	298
100065 ns: Info: MONITOR: The fastest available molecule for SI No. 3 is:	MC_Hz4_HW_00	103
100065 ns: Info: MONITOR: The fastest available molecule for SI No. 4 is:	IPred_HDC16x16_SW	249
100065 ns: Info: MONITOR: The fastest available molecule for SI No. 5 is:	IPred_VDC16x16_SW	69
100065 ns: Info: MONITOR: The fastest available molecule for SI No. 6 is:	LF_BS_4_4_SW	960
100065 ns: Info: MONITOR: The fastest available molecule for SI No. 7 is:	SATD_4x4_SW	544
100065 ns: Info: MONITOR: The fastest available molecule for SI No. 8 is:	DCT_4x4_SW	488
100065 ns: Info: MONITOR: 

200 us: Info: MONITOR:    SI usages in last timeframe  	0	0	0	893	0	0	0	0	0	

200065 ns: Info: MONITOR: ATOM IN:	atom_Clip3	needed/available: 1/1 swap-in/swap-out: 1/0 --> MC_Hz4_HW_03 
200065 ns: Info: MONITOR: Molecule	MC_Hz4_HW_00	103	is replaced by molecule	MC_Hz4_HW_01	26	and was used	893	- times.

200065 ns: Info: MONITOR: The fastest available molecule for SI No. 0 is:	SAD_16_SW	4673
200065 ns: Info: MONITOR: The fastest available molecule for SI No. 1 is:	HT_2X2_SW	100
200065 ns: Info: MONITOR: The fastest available molecule for SI No. 2 is:	HT_4X4_SW	298
200065 ns: Info: MONITOR: The fastest available molecule for SI No. 3 is:	MC_Hz4_HW_01	26
200065 ns: Info: MONITOR: The fastest available molecule for SI No. 4 is:	IPred_HDC16x16_SW	249
200065 ns: Info: MONITOR: The fastest available molecule for SI No. 5 is:	IPred_VDC16x16_SW	69
200065 ns: Info: MONITOR: The fastest available molecule for SI No. 6 is:	LF_BS_4_4_SW	960
200065 ns: Info: MONITOR: The fastest available molecule for SI No. 7 is:	SATD_4x4_SW	544
200065 ns: Info: MONITOR: The fastest available molecule for SI No. 8 is:	DCT_4x4_SW	488
200065 ns: Info: MONITOR: 

300 us: Info: MONITOR:    SI usages in last timeframe  	0	0	0	2854	0	0	0	0	0	

300065 ns: Info: MONITOR: ATOM IN:	atom_BytePack	needed/available: 2/1 swap-in/swap-out: 1/0 running (0) --> MC_Hz4_HW_03 MC_Hz4_HW_02 
300065 ns: Info: MONITOR: Molecule	MC_Hz4_HW_01	26	is replaced by molecule	MC_Hz4_HW_02	11	and was used	2855	- times.

300065 ns: Info: MONITOR: The fastest available molecule for SI No. 0 is:	SAD_16_SW	4673
300065 ns: Info: MONITOR: The fastest available molecule for SI No. 1 is:	HT_2X2_SW	100
300065 ns: Info: MONITOR: The fastest available molecule for SI No. 2 is:	HT_4X4_SW	298
300065 ns: Info: MONITOR: The fastest available molecule for SI No. 3 is:	MC_Hz4_HW_02	11
300065 ns: Info: MONITOR: The fastest available molecule for SI No. 4 is:	IPred_HDC16x16_SW	249
300065 ns: Info: MONITOR: The fastest available molecule for SI No. 5 is:	IPred_VDC16x16_SW	69
300065 ns: Info: MONITOR: The fastest available molecule for SI No. 6 is:	LF_BS_4_4_SW	960
300065 ns: Info: MONITOR: The fastest available molecule for SI No. 7 is:	SATD_4x4_SW	544
300065 ns: Info: MONITOR: The fastest available molecule for SI No. 8 is:	DCT_4x4_SW	488
300065 ns: Info: MONITOR: 

400 us: Info: MONITOR:    SI usages in last timeframe  	0	0	0	4994	0	0	0	0	0	

400065 ns: Info: MONITOR: ATOM IN:	atom_BytePack	needed/available: 2/2 swap-in/swap-out: 2/0 --> MC_Hz4_HW_03 
400065 ns: Info: MONITOR: Molecule	MC_Hz4_HW_02	11	is replaced by molecule	MC_Hz4_HW_03	10	and was used	4997	- times.

400065 ns: Info: MONITOR: The fastest available molecule for SI No. 0 is:	SAD_16_SW	4673
400065 ns: Info: MONITOR: The fastest available molecule for SI No. 1 is:	HT_2X2_SW	100
400065 ns: Info: MONITOR: The fastest available molecule for SI No. 2 is:	HT_4X4_SW	298
400065 ns: Info: MONITOR: The fastest available molecule for SI No. 3 is:	MC_Hz4_HW_03	10
400065 ns: Info: MONITOR: The fastest available molecule for SI No. 4 is:	IPred_HDC16x16_SW	249
400065 ns: Info: MONITOR: The fastest available molecule for SI No. 5 is:	IPred_VDC16x16_SW	69
400065 ns: Info: MONITOR: The fastest available molecule for SI No. 6 is:	LF_BS_4_4_SW	960
400065 ns: Info: MONITOR: The fastest available molecule for SI No. 7 is:	SATD_4x4_SW	544
400065 ns: Info: MONITOR: The fastest available molecule for SI No. 8 is:	DCT_4x4_SW	488
400065 ns: Info: MONITOR: 

500 us: Info: MONITOR:    SI usages in last timeframe  	0	0	0	5259	0	0	0	0	0	

600 us: Info: MONITOR:    SI usages in last timeframe  	0	0	0	5259	0	0	0	0	0	

700 us: Info: MONITOR:    SI usages in last timeframe  	0	0	0	5259	0	0	0	0	0	

800 us: Info: MONITOR:    SI usages in last timeframe  	0	0	0	5259	0	0	0	0	0	

900 us: Info: MONITOR:    SI usages in last timeframe  	0	0	0	5259	0	0	0	0	0	

1 ms: Info: MONITOR:    SI usages in last timeframe  	0	0	0	5259	0	0	0	0	0	

1100 us: Info: MONITOR:    SI usages in last timeframe  	0	0	0	5259	0	0	0	0	0	

1200 us: Info: MONITOR:    SI usages in last timeframe  	0	0	0	5259	0	0	0	0	0	

1300 us: Info: MONITOR:    SI usages in last timeframe  	0	0	0	5259	0	0	0	0	0	

1400 us: Info: MONITOR:    SI usages in last timeframe  	0	0	0	5259	0	0	0	0	0	

1500 us: Info: MONITOR:    SI usages in last timeframe  	0	0	0	5259	0	0	0	0	0	

1600 us: Info: MONITOR:    SI usages in last timeframe  	0	0	0	5259	0	0	0	0	0	

1700 us: Info: MONITOR:    SI usages in last timeframe  	0	0	0	5258	0	0	0	0	0	

1800 us: Info: MONITOR:    SI usages in last timeframe  	0	0	0	5259	0	0	0	0	0	

1900 us: Info: MONITOR:    SI usages in last timeframe  	0	0	0	5259	0	0	0	0	0	

2 ms: Info: MONITOR:    SI usages in last timeframe  	0	0	0	5259	0	0	0	0	0	

2100 us: Info: MONITOR:    SI usages in last timeframe  	0	0	0	5259	0	0	0	0	0	

2200 us: Info: MONITOR:    SI usages in last timeframe  	0	0	0	5259	0	0	0	0	0	

2213269 ns: Info: PREFETCHER: 
---> BEFORE RESCHEDULING
 SAD_16_HW_00        : 1x[atom_SAD4]  (L, Execs)=	68	0
 SATD_4x4_HW_03      : 1x[atom_QuadSub] 1x[atom_PackLSBMSB] 1x[atom_Transform] 1x[atom_SATD]  (L, Execs)=	22	0
 DCT_4x4_HW_02       : 1x[atom_QuadSub] 1x[atom_PackLSBMSB] 1x[atom_Transform]  (L, Execs)=	21	0
 HT_2X2_HW_00        : 1x[atom_Transform]  (L, Execs)=	5	0
 HT_4X4_HW_01        : 1x[atom_PackLSBMSB] 1x[atom_Transform]  (L, Execs)=	16	0


---> AFTER RESCHEDULING
 SAD_16_HW_00        : 1x[atom_SAD4]  (L, Execs)=	68	0
 HT_2X2_HW_00        : 1x[atom_Transform]  (L, Execs)=	5	0
 HT_4X4_HW_01        : 1x[atom_PackLSBMSB] 1x[atom_Transform]  (L, Execs)=	16	0
 DCT_4x4_HW_02       : 1x[atom_QuadSub] 1x[atom_PackLSBMSB] 1x[atom_Transform]  (L, Execs)=	21	0
 SATD_4x4_HW_03      : 1x[atom_QuadSub] 1x[atom_PackLSBMSB] 1x[atom_Transform] 1x[atom_SATD]  (L, Execs)=	22	0


2213269 ns: Info: PREFETCHER: 
SysDyn:	FORECAST POINT:	at address 0x196
SysDyn:	CURRENT PREDICTION:	663.0	317.0	20.0	0.0	79.0	79.0	0.0	2534.0	950.0	
SysDyn:	CONFIGURATION STATUS:	   * FPGA capacity/used: 5/4

SysDyn:	SWAP-IN QUEUE:	atom_SAD4	needed/available: 1/0 swap-in/swap-out: 0/0 --> SAD_16_HW_00 
SysDyn:	SWAP-IN QUEUE:	atom_Transform	needed/available: 1/0 swap-in/swap-out: 0/0 --> HT_2X2_HW_00 HT_4X4_HW_01 SATD_4x4_HW_03 DCT_4x4_HW_02 
SysDyn:	SWAP-IN QUEUE:	atom_PackLSBMSB	needed/available: 1/0 swap-in/swap-out: 0/0 --> HT_4X4_HW_01 SATD_4x4_HW_03 DCT_4x4_HW_02 
SysDyn:	SWAP-IN QUEUE:	atom_QuadSub	needed/available: 1/0 swap-in/swap-out: 0/0 --> SATD_4x4_HW_03 DCT_4x4_HW_02 
SysDyn:	SWAP-IN QUEUE:	atom_SATD	needed/available: 1/0 swap-in/swap-out: 0/0 --> SATD_4x4_HW_03 
================================================================================

2213269 ns: Info: MONITOR: Molecule: 	MC_Hz4_HW_01	26	was used	2855	since last forecast
2213269 ns: Info: MONITOR: Molecule: 	MC_Hz4_HW_00	103	was used	893	since last forecast
2213269 ns: Info: MONITOR: Molecule: 	MC_Hz4_HW_03	10	was used	95353	since last forecast
2213269 ns: Info: MONITOR: Molecule: 	MC_Hz4_HW_02	11	was used	4997	since last forecast
2213269 ns: Info: MONITOR: Molecule: 	MC_Hz4_SW	215	was used	446	since last forecast
2213269 ns: Info: MONITOR: currently available Atoms: 	atom_PointFilter  	1
2213269 ns: Info: MONITOR: currently available Atoms: 	atom_Clip3  	1
2213269 ns: Info: MONITOR: currently available Atoms: 	atom_BytePack  	2
2300 us: Info: MONITOR:    SI usages in last timeframe  	19	0	0	696	0	0	0	0	0	

2313269 ns: Info: MONITOR: ATOM IN:	atom_SAD4	needed/available: 1/1 swap-in/swap-out: 1/0 --> SAD_16_HW_00 
2313269 ns: Info: MONITOR: ATOM OUT:	atom_BytePack	needed/available: 0/1 swap-in/swap-out: 2/1 
2313269 ns: Info: MONITOR: ATOM NEW:	atom_Transform	needed/available: 1/0 swap-in/swap-out: 0/0 running (0) --> HT_2X2_HW_00 HT_4X4_HW_01 SATD_4x4_HW_03 DCT_4x4_HW_02 
2313269 ns: Info: MONITOR: Molecule	SAD_16_SW	4673	is replaced by molecule	SAD_16_HW_00	68	and was used	21	- times.

2313269 ns: Info: MONITOR: Molecule	MC_Hz4_HW_03	10	is replaced by molecule	MC_Hz4_HW_02	11	and was used	95353	- times.

2313269 ns: Info: MONITOR: The fastest available molecule for SI No. 0 is:	SAD_16_HW_00	68
2313269 ns: Info: MONITOR: The fastest available molecule for SI No. 1 is:	HT_2X2_SW	100
2313269 ns: Info: MONITOR: The fastest available molecule for SI No. 2 is:	HT_4X4_SW	298
2313269 ns: Info: MONITOR: The fastest available molecule for SI No. 3 is:	MC_Hz4_HW_02	11
2313269 ns: Info: MONITOR: The fastest available molecule for SI No. 4 is:	IPred_HDC16x16_SW	249
2313269 ns: Info: MONITOR: The fastest available molecule for SI No. 5 is:	IPred_VDC16x16_SW	69
2313269 ns: Info: MONITOR: The fastest available molecule for SI No. 6 is:	LF_BS_4_4_SW	960
2313269 ns: Info: MONITOR: The fastest available molecule for SI No. 7 is:	SATD_4x4_SW	544
2313269 ns: Info: MONITOR: The fastest available molecule for SI No. 8 is:	DCT_4x4_SW	488
2313269 ns: Info: MONITOR: 

2400 us: Info: MONITOR:    SI usages in last timeframe  	48	0	0	0	0	0	0	150	0	

2413269 ns: Info: MONITOR: ATOM IN:	atom_Transform	needed/available: 1/1 swap-in/swap-out: 1/0 --> HT_2X2_HW_00 HT_4X4_HW_01 SATD_4x4_HW_00 SATD_4x4_HW_03 DCT_4x4_HW_02 
2413269 ns: Info: MONITOR: ATOM OUT:	atom_BytePack	needed/available: 0/0 swap-in/swap-out: 2/2 
2413269 ns: Info: MONITOR: ATOM NEW:	atom_PackLSBMSB	needed/available: 1/0 swap-in/swap-out: 0/0 running (0) --> HT_4X4_HW_01 SATD_4x4_HW_03 DCT_4x4_HW_02 
2413269 ns: Info: MONITOR: Molecule	HT_2X2_SW	100	is replaced by molecule	HT_2X2_HW_00	5	and was used	0	- times.

2413269 ns: Info: MONITOR: Molecule	HT_4X4_SW	298	is replaced by molecule	HT_4X4_HW_00	104	and was used	0	- times.

2413269 ns: Info: MONITOR: Molecule	MC_Hz4_HW_02	11	is replaced by molecule	MC_Hz4_HW_01	26	and was used	0	- times.

2413269 ns: Info: MONITOR: Molecule	SATD_4x4_SW	544	is replaced by molecule	SATD_4x4_HW_00	350	and was used	173	- times.

2413269 ns: Info: MONITOR: Molecule	DCT_4x4_SW	488	is replaced by molecule	DCT_4x4_HW_00	216	and was used	0	- times.

2413269 ns: Info: MONITOR: The fastest available molecule for SI No. 0 is:	SAD_16_HW_00	68
2413269 ns: Info: MONITOR: The fastest available molecule for SI No. 1 is:	HT_2X2_HW_00	5
2413269 ns: Info: MONITOR: The fastest available molecule for SI No. 2 is:	HT_4X4_HW_00	104
2413269 ns: Info: MONITOR: The fastest available molecule for SI No. 3 is:	MC_Hz4_HW_01	26
2413269 ns: Info: MONITOR: The fastest available molecule for SI No. 4 is:	IPred_HDC16x16_SW	249
2413269 ns: Info: MONITOR: The fastest available molecule for SI No. 5 is:	IPred_VDC16x16_SW	69
2413269 ns: Info: MONITOR: The fastest available molecule for SI No. 6 is:	LF_BS_4_4_SW	960
2413269 ns: Info: MONITOR: The fastest available molecule for SI No. 7 is:	SATD_4x4_HW_00	350
2413269 ns: Info: MONITOR: The fastest available molecule for SI No. 8 is:	DCT_4x4_HW_00	216
2413269 ns: Info: MONITOR: 

2500 us: Info: MONITOR:    SI usages in last timeframe  	67	32	2	0	8	8	0	177	96	

2513269 ns: Info: MONITOR: ATOM IN:	atom_PackLSBMSB	needed/available: 1/1 swap-in/swap-out: 1/0 --> HT_4X4_HW_01 SATD_4x4_HW_03 DCT_4x4_HW_02 
2513269 ns: Info: MONITOR: ATOM OUT:	atom_PointFilter	needed/available: 0/0 swap-in/swap-out: 1/1 
2513269 ns: Info: MONITOR: ATOM NEW:	atom_QuadSub	needed/available: 1/0 swap-in/swap-out: 0/0 running (0) --> SATD_4x4_HW_03 DCT_4x4_HW_02 
2513269 ns: Info: MONITOR: Molecule	HT_4X4_HW_00	104	is replaced by molecule	HT_4X4_HW_01	16	and was used	2	- times.

2513269 ns: Info: MONITOR: Molecule	MC_Hz4_HW_01	26	is replaced by molecule	MC_Hz4_SW	215	and was used	0	- times.

2513269 ns: Info: MONITOR: Molecule	SATD_4x4_HW_00	350	is replaced by molecule	SATD_4x4_HW_01	294	and was used	191	- times.

2513269 ns: Info: MONITOR: Molecule	DCT_4x4_HW_00	216	is replaced by molecule	DCT_4x4_HW_01	160	and was used	96	- times.

2513269 ns: Info: MONITOR: The fastest available molecule for SI No. 0 is:	SAD_16_HW_00	68
2513269 ns: Info: MONITOR: The fastest available molecule for SI No. 1 is:	HT_2X2_HW_00	5
2513269 ns: Info: MONITOR: The fastest available molecule for SI No. 2 is:	HT_4X4_HW_01	16
2513269 ns: Info: MONITOR: The fastest available molecule for SI No. 3 is:	MC_Hz4_SW	215
2513269 ns: Info: MONITOR: The fastest available molecule for SI No. 4 is:	IPred_HDC16x16_SW	249
2513269 ns: Info: MONITOR: The fastest available molecule for SI No. 5 is:	IPred_VDC16x16_SW	69
2513269 ns: Info: MONITOR: The fastest available molecule for SI No. 6 is:	LF_BS_4_4_SW	960
2513269 ns: Info: MONITOR: The fastest available molecule for SI No. 7 is:	SATD_4x4_HW_01	294
2513269 ns: Info: MONITOR: The fastest available molecule for SI No. 8 is:	DCT_4x4_HW_01	160
2513269 ns: Info: MONITOR: 

2600 us: Info: MONITOR:    SI usages in last timeframe  	67	32	2	0	8	8	0	237	96	

2613269 ns: Info: MONITOR: ATOM IN:	atom_QuadSub	needed/available: 1/1 swap-in/swap-out: 1/0 --> SATD_4x4_HW_03 DCT_4x4_HW_02 
2613269 ns: Info: MONITOR: ATOM OUT:	atom_Clip3	needed/available: 0/0 swap-in/swap-out: 1/1 
2613269 ns: Info: MONITOR: ATOM NEW:	atom_SATD	needed/available: 1/0 swap-in/swap-out: 0/0 running (0) --> SATD_4x4_HW_03 
2613269 ns: Info: MONITOR: Molecule	SATD_4x4_HW_01	294	is replaced by molecule	SATD_4x4_HW_02	186	and was used	244	- times.

2613269 ns: Info: MONITOR: Molecule	DCT_4x4_HW_01	160	is replaced by molecule	DCT_4x4_HW_02	21	and was used	96	- times.

2613269 ns: Info: MONITOR: The fastest available molecule for SI No. 0 is:	SAD_16_HW_00	68
2613269 ns: Info: MONITOR: The fastest available molecule for SI No. 1 is:	HT_2X2_HW_00	5
2613269 ns: Info: MONITOR: The fastest available molecule for SI No. 2 is:	HT_4X4_HW_01	16
2613269 ns: Info: MONITOR: The fastest available molecule for SI No. 3 is:	MC_Hz4_SW	215
2613269 ns: Info: MONITOR: The fastest available molecule for SI No. 4 is:	IPred_HDC16x16_SW	249
2613269 ns: Info: MONITOR: The fastest available molecule for SI No. 5 is:	IPred_VDC16x16_SW	69
2613269 ns: Info: MONITOR: The fastest available molecule for SI No. 6 is:	LF_BS_4_4_SW	960
2613269 ns: Info: MONITOR: The fastest available molecule for SI No. 7 is:	SATD_4x4_HW_02	186
2613269 ns: Info: MONITOR: The fastest available molecule for SI No. 8 is:	DCT_4x4_HW_02	21
2613269 ns: Info: MONITOR: 

2700 us: Info: MONITOR:    SI usages in last timeframe  	67	32	2	0	8	8	0	422	96	

2713269 ns: Info: MONITOR: ATOM IN:	atom_SATD	needed/available: 1/1 swap-in/swap-out: 1/0 --> SATD_4x4_HW_03 
2713269 ns: Info: MONITOR: Molecule	SATD_4x4_HW_02	186	is replaced by molecule	SATD_4x4_HW_03	22	and was used	416	- times.

2713269 ns: Info: MONITOR: The fastest available molecule for SI No. 0 is:	SAD_16_HW_00	68
2713269 ns: Info: MONITOR: The fastest available molecule for SI No. 1 is:	HT_2X2_HW_00	5
2713269 ns: Info: MONITOR: The fastest available molecule for SI No. 2 is:	HT_4X4_HW_01	16
2713269 ns: Info: MONITOR: The fastest available molecule for SI No. 3 is:	MC_Hz4_SW	215
2713269 ns: Info: MONITOR: The fastest available molecule for SI No. 4 is:	IPred_HDC16x16_SW	249
2713269 ns: Info: MONITOR: The fastest available molecule for SI No. 5 is:	IPred_VDC16x16_SW	69
2713269 ns: Info: MONITOR: The fastest available molecule for SI No. 6 is:	LF_BS_4_4_SW	960
2713269 ns: Info: MONITOR: The fastest available molecule for SI No. 7 is:	SATD_4x4_HW_03	22
2713269 ns: Info: MONITOR: The fastest available molecule for SI No. 8 is:	DCT_4x4_HW_02	21
2713269 ns: Info: MONITOR: 

2800 us: Info: MONITOR:    SI usages in last timeframe  	303	160	10	0	40	40	0	1062	480	

2900 us: Info: MONITOR:    SI usages in last timeframe  	300	152	9	0	40	40	0	1280	466	

3 ms: Info: MONITOR:    SI usages in last timeframe  	335	152	9	0	33	33	0	1280	446	

3100 us: Info: MONITOR:    SI usages in last timeframe  	335	144	10	0	39	39	0	1237	432	

3200 us: Info: MONITOR:    SI usages in last timeframe  	335	160	10	0	40	40	0	1171	480	

3300 us: Info: MONITOR:    SI usages in last timeframe  	333	160	10	0	40	40	0	1176	480	

3400 us: Info: MONITOR:    SI usages in last timeframe  	293	160	10	0	40	40	0	1280	480	

3500 us: Info: MONITOR:    SI usages in last timeframe  	312	144	8	0	40	40	0	1280	440	

3600 us: Info: MONITOR:    SI usages in last timeframe  	335	152	10	0	32	32	0	1280	455	

3700 us: Info: MONITOR:    SI usages in last timeframe  	335	152	10	0	40	40	0	1207	449	

3800 us: Info: MONITOR:    SI usages in last timeframe  	335	160	10	0	40	40	0	1171	480	

3900 us: Info: MONITOR:    SI usages in last timeframe  	322	160	10	0	40	40	0	1206	480	

4 ms: Info: MONITOR:    SI usages in last timeframe  	293	160	10	0	40	40	0	1280	480	

4100 us: Info: MONITOR:    SI usages in last timeframe  	323	144	8	0	38	37	0	1280	432	

4200 us: Info: MONITOR:    SI usages in last timeframe  	335	144	10	0	34	35	0	1280	437	

4300 us: Info: MONITOR:    SI usages in last timeframe  	335	160	10	0	40	40	0	1177	475	

4400 us: Info: MONITOR:    SI usages in last timeframe  	335	160	10	0	40	40	0	1171	480	

4500 us: Info: MONITOR:    SI usages in last timeframe  	310	160	10	0	40	40	0	1236	480	

4600 us: Info: MONITOR:    SI usages in last timeframe  	293	160	10	0	40	40	0	1280	480	

4682956 ns: Info: PREFETCHER: 
---> BEFORE RESCHEDULING
 LF_BS_4_4_HW_02     : 2x[atom_Cond] 2x[atom_LF]  (L, Execs)=	8	0


---> AFTER RESCHEDULING
 LF_BS_4_4_HW_01     : 1x[atom_Cond] 1x[atom_LF]  (L, Execs)=	9	0
 LF_BS_4_4_HW_02     : 2x[atom_Cond] 2x[atom_LF]  (L, Execs)=	8	0


4682956 ns: Info: PREFETCHER: 
SysDyn:	FORECAST POINT:	at address 0x1aa
SysDyn:	CURRENT PREDICTION:	0.0	0.0	0.0	0.0	0.0	0.0	317.0	0.0	0.0	
SysDyn:	CONFIGURATION STATUS:	   * FPGA capacity/used: 5/5

SysDyn:	SWAP-IN QUEUE:	atom_Cond	needed/available: 2/0 swap-in/swap-out: 0/0 --> LF_BS_4_4_HW_02 
SysDyn:	SWAP-IN QUEUE:	atom_LF	needed/available: 2/0 swap-in/swap-out: 0/0 --> LF_BS_4_4_HW_02 
SysDyn:	SWAP-IN QUEUE:	atom_Cond	needed/available: 2/0 swap-in/swap-out: 0/0 --> LF_BS_4_4_HW_02 
SysDyn:	SWAP-IN QUEUE:	atom_LF	needed/available: 2/0 swap-in/swap-out: 0/0 --> LF_BS_4_4_HW_02 
================================================================================

4682956 ns: Info: MONITOR: Molecule: 	SAD_16_SW	4673	was used	21	since last forecast
4682956 ns: Info: MONITOR: Molecule: 	SAD_16_HW_00	68	was used	6612	since last forecast
4682956 ns: Info: MONITOR: Molecule: 	HT_2X2_HW_00	5	was used	3168	since last forecast
4682956 ns: Info: MONITOR: Molecule: 	HT_4X4_HW_01	16	was used	196	since last forecast
4682956 ns: Info: MONITOR: Molecule: 	HT_4X4_HW_00	104	was used	2	since last forecast
4682956 ns: Info: MONITOR: Molecule: 	IPred_HDC16x16_SW	249	was used	792	since last forecast
4682956 ns: Info: MONITOR: Molecule: 	IPred_VDC16x16_SW	69	was used	792	since last forecast
4682956 ns: Info: MONITOR: Molecule: 	SATD_4x4_HW_01	294	was used	244	since last forecast
4682956 ns: Info: MONITOR: Molecule: 	SATD_4x4_HW_00	350	was used	191	since last forecast
4682956 ns: Info: MONITOR: Molecule: 	SATD_4x4_HW_03	22	was used	24320	since last forecast
4682956 ns: Info: MONITOR: Molecule: 	SATD_4x4_HW_02	186	was used	416	since last forecast
4682956 ns: Info: MONITOR: Molecule: 	SATD_4x4_SW	544	was used	173	since last forecast
4682956 ns: Info: MONITOR: Molecule: 	DCT_4x4_HW_01	160	was used	96	since last forecast
4682956 ns: Info: MONITOR: Molecule: 	DCT_4x4_HW_00	216	was used	96	since last forecast
4682956 ns: Info: MONITOR: Molecule: 	DCT_4x4_HW_02	21	was used	9312	since last forecast
4682956 ns: Info: MONITOR: currently available Atoms: 	atom_SAD4  	1
4682956 ns: Info: MONITOR: currently available Atoms: 	atom_Transform  	1
4682956 ns: Info: MONITOR: currently available Atoms: 	atom_PackLSBMSB  	1
4682956 ns: Info: MONITOR: currently available Atoms: 	atom_QuadSub  	1
4682956 ns: Info: MONITOR: currently available Atoms: 	atom_SATD  	1
4682956 ns: Info: MONITOR: ATOM OUT:	atom_QuadSub	needed/available: 0/0 swap-in/swap-out: 1/1 
4682956 ns: Info: MONITOR: ATOM NEW:	atom_Cond	needed/available: 2/0 swap-in/swap-out: 0/0 running (100000) --> LF_BS_4_4_HW_02 
4682956 ns: Info: MONITOR: Molecule	SATD_4x4_HW_03	22	is replaced by molecule	SATD_4x4_HW_01	294	and was used	24320	- times.

4682956 ns: Info: MONITOR: Molecule	DCT_4x4_HW_02	21	is replaced by molecule	DCT_4x4_HW_01	160	and was used	9312	- times.

4682956 ns: Info: MONITOR: The fastest available molecule for SI No. 0 is:	SAD_16_HW_00	68
4682956 ns: Info: MONITOR: The fastest available molecule for SI No. 1 is:	HT_2X2_HW_00	5
4682956 ns: Info: MONITOR: The fastest available molecule for SI No. 2 is:	HT_4X4_HW_01	16
4682956 ns: Info: MONITOR: The fastest available molecule for SI No. 3 is:	MC_Hz4_SW	215
4682956 ns: Info: MONITOR: The fastest available molecule for SI No. 4 is:	IPred_HDC16x16_SW	249
4682956 ns: Info: MONITOR: The fastest available molecule for SI No. 5 is:	IPred_VDC16x16_SW	69
4682956 ns: Info: MONITOR: The fastest available molecule for SI No. 6 is:	LF_BS_4_4_SW	960
4682956 ns: Info: MONITOR: The fastest available molecule for SI No. 7 is:	SATD_4x4_HW_01	294
4682956 ns: Info: MONITOR: The fastest available molecule for SI No. 8 is:	DCT_4x4_HW_01	160
4682956 ns: Info: MONITOR: 

4700 us: Info: MONITOR:    SI usages in last timeframe  	268	128	8	0	32	32	18	1024	384	

4782956 ns: Info: MONITOR: ATOM IN:	atom_Cond	needed/available: 2/1 swap-in/swap-out: 1/0 --> LF_BS_4_4_HW_02 
4782956 ns: Info: MONITOR: ATOM OUT:	atom_SATD	needed/available: 0/0 swap-in/swap-out: 1/1 
4782956 ns: Info: MONITOR: ATOM NEW:	atom_LF	needed/available: 2/0 swap-in/swap-out: 0/0 running (0) --> LF_BS_4_4_HW_02 
4782956 ns: Info: MONITOR: Molecule	LF_BS_4_4_SW	960	is replaced by molecule	LF_BS_4_4_HW_00	428	and was used	103	- times.

4782956 ns: Info: MONITOR: The fastest available molecule for SI No. 0 is:	SAD_16_HW_00	68
4782956 ns: Info: MONITOR: The fastest available molecule for SI No. 1 is:	HT_2X2_HW_00	5
4782956 ns: Info: MONITOR: The fastest available molecule for SI No. 2 is:	HT_4X4_HW_01	16
4782956 ns: Info: MONITOR: The fastest available molecule for SI No. 3 is:	MC_Hz4_SW	215
4782956 ns: Info: MONITOR: The fastest available molecule for SI No. 4 is:	IPred_HDC16x16_SW	249
4782956 ns: Info: MONITOR: The fastest available molecule for SI No. 5 is:	IPred_VDC16x16_SW	69
4782956 ns: Info: MONITOR: The fastest available molecule for SI No. 6 is:	LF_BS_4_4_HW_00	428
4782956 ns: Info: MONITOR: The fastest available molecule for SI No. 7 is:	SATD_4x4_HW_01	294
4782956 ns: Info: MONITOR: The fastest available molecule for SI No. 8 is:	DCT_4x4_HW_01	160
4782956 ns: Info: MONITOR: 

4800 us: Info: MONITOR:    SI usages in last timeframe  	0	0	0	0	0	0	123	0	0	

4882956 ns: Info: MONITOR: ATOM IN:	atom_LF	needed/available: 2/1 swap-in/swap-out: 1/0 --> LF_BS_4_4_HW_01 LF_BS_4_4_HW_02 
4882956 ns: Info: MONITOR: ATOM OUT:	atom_SAD4	needed/available: 0/0 swap-in/swap-out: 1/1 
4882956 ns: Info: MONITOR: ATOM NEW:	atom_Cond	needed/available: 2/1 swap-in/swap-out: 1/0 running (0) --> LF_BS_4_4_HW_01 LF_BS_4_4_HW_02 
4882956 ns: Info: MONITOR: Molecule	SAD_16_HW_00	68	is replaced by molecule	SAD_16_SW	4673	and was used	6612	- times.

4882956 ns: Info: MONITOR: Molecule	LF_BS_4_4_HW_00	428	is replaced by molecule	LF_BS_4_4_HW_01	9	and was used	225	- times.

4882956 ns: Info: MONITOR: The fastest available molecule for SI No. 0 is:	SAD_16_SW	4673
4882956 ns: Info: MONITOR: The fastest available molecule for SI No. 1 is:	HT_2X2_HW_00	5
4882956 ns: Info: MONITOR: The fastest available molecule for SI No. 2 is:	HT_4X4_HW_01	16
4882956 ns: Info: MONITOR: The fastest available molecule for SI No. 3 is:	MC_Hz4_SW	215
4882956 ns: Info: MONITOR: The fastest available molecule for SI No. 4 is:	IPred_HDC16x16_SW	249
4882956 ns: Info: MONITOR: The fastest available molecule for SI No. 5 is:	IPred_VDC16x16_SW	69
4882956 ns: Info: MONITOR: The fastest available molecule for SI No. 6 is:	LF_BS_4_4_HW_01	9
4882956 ns: Info: MONITOR: The fastest available molecule for SI No. 7 is:	SATD_4x4_HW_01	294
4882956 ns: Info: MONITOR: The fastest available molecule for SI No. 8 is:	DCT_4x4_HW_01	160
4882956 ns: Info: MONITOR: 

4900 us: Info: MONITOR:    SI usages in last timeframe  	0	0	0	0	0	0	916	0	0	

4949356 ns: Info: PREFETCHER: 
SysDyn:	FORECAST POINT:	at address 0x1bb
SysDyn:	CURRENT PREDICTION:	0.0	0.0	0.0	0.0	0.0	0.0	0.0	0.0	0.0	
SysDyn:	CONFIGURATION STATUS:	   * FPGA capacity/used: 5/4

================================================================================

4949356 ns: Info: MONITOR: Molecule: 	LF_BS_4_4_HW_01	9	was used	2840	since last forecast
4949356 ns: Info: MONITOR: Molecule: 	LF_BS_4_4_HW_00	428	was used	225	since last forecast
4949356 ns: Info: MONITOR: Molecule: 	LF_BS_4_4_SW	960	was used	103	since last forecast
4949356 ns: Info: MONITOR: currently available Atoms: 	atom_Transform  	1
4949356 ns: Info: MONITOR: currently available Atoms: 	atom_PackLSBMSB  	1
4949356 ns: Info: MONITOR: currently available Atoms: 	atom_Cond  	1
4949356 ns: Info: MONITOR: currently available Atoms: 	atom_LF  	1
4949376 ns: Info: PREFETCHER: 
---> BEFORE RESCHEDULING
 MC_Hz4_HW_03        : 2x[atom_BytePack] 1x[atom_PointFilter] 1x[atom_Clip3]  (L, Execs)=	10	95353


---> AFTER RESCHEDULING
 MC_Hz4_HW_00        : 1x[atom_PointFilter]  (L, Execs)=	103	893
 MC_Hz4_HW_01        : 1x[atom_PointFilter] 1x[atom_Clip3]  (L, Execs)=	26	2855
 MC_Hz4_HW_02        : 1x[atom_BytePack] 1x[atom_PointFilter] 1x[atom_Clip3]  (L, Execs)=	11	4997
 MC_Hz4_HW_03        : 2x[atom_BytePack] 1x[atom_PointFilter] 1x[atom_Clip3]  (L, Execs)=	10	95353


4949376 ns: Info: PREFETCHER: 
SysDyn:	FORECAST POINT:	at address 0x189
SysDyn:	CURRENT PREDICTION:	0.0	0.0	0.0	104544.0	0.0	0.0	0.0	0.0	0.0	
SysDyn:	CONFIGURATION STATUS:	   * FPGA capacity/used: 5/4

SysDyn:	SWAP-IN QUEUE:	atom_PointFilter	needed/available: 1/0 swap-in/swap-out: 1/1 --> MC_Hz4_HW_03 
SysDyn:	SWAP-IN QUEUE:	atom_Clip3	needed/available: 1/0 swap-in/swap-out: 1/1 --> MC_Hz4_HW_03 
SysDyn:	SWAP-IN QUEUE:	atom_BytePack	needed/available: 2/0 swap-in/swap-out: 2/2 --> MC_Hz4_HW_03 
SysDyn:	SWAP-IN QUEUE:	atom_BytePack	needed/available: 2/0 swap-in/swap-out: 2/2 --> MC_Hz4_HW_03 
================================================================================

4949376 ns: Info: MONITOR: currently available Atoms: 	atom_Transform  	1
4949376 ns: Info: MONITOR: currently available Atoms: 	atom_PackLSBMSB  	1
4949376 ns: Info: MONITOR: currently available Atoms: 	atom_Cond  	1
4949376 ns: Info: MONITOR: currently available Atoms: 	atom_LF  	1
4949397 ns: Info: RotationsManager: 
TOTAL: Branches              163963
       Fetch Stalls:         3234329
       Decode Stalls:        0
       EXE Stage Stalls:     3366
       Load/Store Stalls:    13127
       Write Back Stalls:    0
       Cycles (total):       4949397
       Instructions fetched: 1698575

4949397 ns: Info: RotationsManager: Gesamtdauer: 11.47 Sekunden.
4949397 ns: Info: RotationsManager: Cleaning up Pipeline

4949397 ns: Info: MONITOR: 
PREDICTION TABLE
Node       | Backups    | E    | Insns      | Function Type Predictions                                                                                 |
0x189      |          1 | 0.00 | 0.0	0.0	0.0	104544.0	0.0	0.0	0.0	0.0	0.0	

0x196      |          1 | 0.00 | 6633.0	3168.0	198.0	0.0	792.0	792.0	0.0	25344.0	9504.0	

0x1aa      |          1 | 0.00 | 0.0	0.0	0.0	0.0	0.0	0.0	3168.0	0.0	0.0	

0x1bb      |          1 | 0.00 | 0.0	0.0	0.0	0.0	0.0	0.0	0.0	0.0	0.0	



SETTINGS
  + slots:              5
  + time per atom:      100000
  + TD prediction       
    - lambda:           0.0
    - gamma:            0.0
    - alpha:            1.0
    - e_min:            0.0

CYCLE COUNT
  + fastest possible:   3306395
  + slowest possible:   77127923
  + this run:           4949398
    - cycles saved (%): 72178525 (93.6 %)
    - cycles lost (%) : 1643003 (49.7 %)
  + basic ops:          1560926
  + ad-hoc stalls:      1585
    - tot. # specops:   5

EXECUTION COUNT
  + forecast bursts:    5
  + specop execs:       154143
    - HW executions:    151816
    - SW executions:    2327
    - coverage:         98.5 %

ATOM SWAP-IN / SWAP-OUT
  + swap-ins:           11
  + swap-out:           7

BRANCH AND BOUND
  + tot. # possible:    23347
  + tot. # checked:     23
  + checked %:          0.1 %

COUNTS PER 10000 INSTRUCTIONS
fb: forecast bursts
#SI: total # of Special Instructions
#hw: # executed HW-Molecules
#sw: # executed SW-Molecules
la: loaded atoms (finish time [cycle])
s-out: swapped-out atoms
cycle	fb	#SI	#hw	#sw	la	s-out	possible	checked	adhoc_w	adhoc_t
161323	1	993	547	446	atom_PointFilter(100,066) 	 	7	2	1
222917	0	998	998	0	atom_Clip3(200,066) 	 	0	0	0
257894	0	999	999	0	 	 	0	0	0
292846	0	999	999	0	 	 	0	0	0
315935	0	998	998	0	atom_BytePack(300,066) 	 	0	0	1
335927	0	999	999	0	 	 	0	0	0
355909	0	998	998	0	 	 	0	0	0
375901	0	999	999	0	 	 	0	0	0
395883	0	999	999	0	 	 	0	0	0
415086	0	998	998	0	atom_BytePack(400,066) 	 	0	0	0
434079	0	999	999	0	 	 	0	0	0
453063	0	998	998	0	 	 	0	0	0
472056	0	999	999	0	 	 	0	0	0
491040	0	999	999	0	 	 	0	0	0
510033	0	998	998	0	 	 	0	0	0
529026	0	999	999	0	 	 	0	0	0
548010	0	998	998	0	 	 	0	0	0
567003	0	999	999	0	 	 	0	0	0
586003	0	1000	1000	0	 	 	0	0	0
604987	0	999	999	0	 	 	0	0	0
623980	0	998	998	0	 	 	0	0	0
642973	0	999	999	0	 	 	0	0	0
661957	0	998	998	0	 	 	0	0	0
680950	0	999	999	0	 	 	0	0	0
699934	0	999	999	0	 	 	0	0	0
718927	0	998	998	0	 	 	0	0	0
737920	0	999	999	0	 	 	0	0	0
756904	0	998	998	0	 	 	0	0	0
775897	0	999	999	0	 	 	0	0	0
794881	0	999	999	0	 	 	0	0	0
813874	0	998	998	0	 	 	0	0	0
832867	0	999	999	0	 	 	0	0	0
851851	0	998	998	0	 	 	0	0	0
870844	0	999	999	0	 	 	0	0	0
889828	0	999	999	0	 	 	0	0	0
908821	0	998	998	0	 	 	0	0	0
927822	0	1000	1000	0	 	 	0	0	0
946814	0	999	999	0	 	 	0	0	0
965798	0	998	998	0	 	 	0	0	0
984791	0	999	999	0	 	 	0	0	0
1003775	0	999	999	0	 	 	0	0	0
1022768	0	998	998	0	 	 	0	0	0
1041761	0	999	999	0	 	 	0	0	0
1060745	0	998	998	0	 	 	0	0	0
1079738	0	999	999	0	 	 	0	0	0
1098722	0	999	999	0	 	 	0	0	0
1117715	0	998	998	0	 	 	0	0	0
1136708	0	999	999	0	 	 	0	0	0
1155692	0	998	998	0	 	 	0	0	0
1174685	0	999	999	0	 	 	0	0	0
1193669	0	999	999	0	 	 	0	0	0
1212662	0	998	998	0	 	 	0	0	0
1231655	0	999	999	0	 	 	0	0	0
1250639	0	998	998	0	 	 	0	0	0
1269632	0	999	999	0	 	 	0	0	0
1288632	0	1000	1000	0	 	 	0	0	0
1307616	0	999	999	0	 	 	0	0	0
1326609	0	998	998	0	 	 	0	0	0
1345602	0	999	999	0	 	 	0	0	0
1364586	0	998	998	0	 	 	0	0	0
1383579	0	999	999	0	 	 	0	0	0
1402563	0	999	999	0	 	 	0	0	0
1421556	0	998	998	0	 	 	0	0	0
1440549	0	999	999	0	 	 	0	0	0
1459533	0	998	998	0	 	 	0	0	0
1478526	0	999	999	0	 	 	0	0	0
1497510	0	999	999	0	 	 	0	0	0
1516503	0	998	998	0	 	 	0	0	0
1535496	0	999	999	0	 	 	0	0	0
1554480	0	998	998	0	 	 	0	0	0
1573473	0	999	999	0	 	 	0	0	0
1592457	0	999	999	0	 	 	0	0	0
1611450	0	998	998	0	 	 	0	0	0
1630451	0	1000	1000	0	 	 	0	0	0
1649443	0	999	999	0	 	 	0	0	0
1668427	0	998	998	0	 	 	0	0	0
1687420	0	999	999	0	 	 	0	0	0
1706404	0	999	999	0	 	 	0	0	0
1725397	0	998	998	0	 	 	0	0	0
1744390	0	999	999	0	 	 	0	0	0
1763374	0	998	998	0	 	 	0	0	0
1782367	0	999	999	0	 	 	0	0	0
1801351	0	999	999	0	 	 	0	0	0
1820344	0	998	998	0	 	 	0	0	0
1839337	0	999	999	0	 	 	0	0	0
1858321	0	998	998	0	 	 	0	0	0
1877314	0	999	999	0	 	 	0	0	0
1896298	0	999	999	0	 	 	0	0	0
1915291	0	998	998	0	 	 	0	0	0
1934284	0	999	999	0	 	 	0	0	0
1953268	0	998	998	0	 	 	0	0	0
1972269	0	1000	1000	0	 	 	0	0	0
1991261	0	999	999	0	 	 	0	0	0
2010245	0	999	999	0	 	 	0	0	0
2029238	0	998	998	0	 	 	0	0	0
2048231	0	999	999	0	 	 	0	0	0
2067215	0	998	998	0	 	 	0	0	0
2086208	0	999	999	0	 	 	0	0	0
2105192	0	999	999	0	 	 	0	0	0
2124185	0	998	998	0	 	 	0	0	0
2143178	0	999	999	0	 	 	0	0	0
2162162	0	998	998	0	 	 	0	0	0
2181155	0	999	999	0	 	 	0	0	0
2200139	0	999	999	0	 	 	0	0	0
2401054	1	906	734	172	atom_SAD4(2,313,270) 	atom_BytePack 	23328	16	1
2582756	0	772	718	54	atom_PackLSBMSB(2,513,270) atom_Transform(2,413,270) 	atom_BytePack atom_PointFilter 	0	0	1
2709108	0	787	771	16	atom_QuadSub(2,613,270) 	atom_Clip3 	0	0	0
2744881	0	763	731	32	atom_SATD(2,713,270) 	 	0	0	0
2779412	0	779	747	32	 	 	0	0	0
2812104	0	781	765	16	 	 	0	0	0
2847736	0	762	730	32	 	 	0	0	0
2881664	0	786	754	32	 	 	0	0	0
2914921	0	772	756	16	 	 	0	0	0
2950571	0	763	731	32	 	 	0	0	0
2983984	0	795	763	32	 	 	0	0	0
3017776	0	764	748	16	 	 	0	0	0
3053447	0	764	732	32	 	 	0	0	0
3086839	0	799	767	32	 	 	0	0	0
3120611	0	758	742	16	 	 	0	0	0
3156282	0	764	732	32	 	 	0	0	0
3189757	0	800	768	32	 	 	0	0	0
3223487	0	759	743	16	 	 	0	0	0
3259158	0	764	732	32	 	 	0	0	0
3292652	0	796	764	32	 	 	0	0	0
3326322	0	761	745	16	 	 	0	0	0
3361748	0	768	736	32	 	 	0	0	0
3393356	0	792	776	16	 	 	0	0	0
3429198	0	763	731	32	 	 	0	0	0
3464000	0	774	742	32	 	 	0	0	0
3496232	0	782	766	16	 	 	0	0	0
3532033	0	765	733	32	 	 	0	0	0
3566320	0	783	751	32	 	 	0	0	0
3599261	0	777	761	16	 	 	0	0	0
3634909	0	763	731	32	 	 	0	0	0
3668572	0	789	757	32	 	 	0	0	0
3702073	0	768	752	16	 	 	0	0	0
3737744	0	764	732	32	 	 	0	0	0
3771019	0	799	767	32	 	 	0	0	0
3804949	0	760	744	16	 	 	0	0	0
3840600	0	763	731	32	 	 	0	0	0
3873982	0	798	766	32	 	 	0	0	0
3907784	0	760	744	16	 	 	0	0	0
3943455	0	764	732	32	 	 	0	0	0
3976997	0	799	767	32	 	 	0	0	0
4010640	0	759	743	16	 	 	0	0	0
4046311	0	764	732	32	 	 	0	0	0
4078375	0	793	771	22	 	 	0	0	0
4113495	0	765	739	26	 	 	0	0	0
4148656	0	771	739	32	 	 	0	0	0
4180577	0	788	772	16	 	 	0	0	0
4216351	0	763	731	32	 	 	0	0	0
4250908	0	778	746	32	 	 	0	0	0
4283543	0	782	766	16	 	 	0	0	0
4319206	0	762	730	32	 	 	0	0	0
4353227	0	786	754	32	 	 	0	0	0
4386405	0	771	755	16	 	 	0	0	0
4422062	0	765	733	32	 	 	0	0	0
4455480	0	793	761	32	 	 	0	0	0
4489246	0	765	749	16	 	 	0	0	0
4524917	0	764	732	32	 	 	0	0	0
4558327	0	800	768	32	 	 	0	0	0
4592102	0	758	742	16	 	 	0	0	0
4627773	0	764	732	32	 	 	0	0	0
4661192	0	798	766	32	 	 	0	0	0
4837307	1	729	610	119	atom_Cond(4,782,957) 	atom_QuadSub atom_SATD 	4	2	0
4895779	0	652	652	0	atom_LF(4,882,957) 	atom_SAD4 	0	0	1
4911015	0	652	652	0	 	 	0	0	0
4926244	0	651	651	0	 	 	0	0	0
4941480	0	652	652	0	 	 	0	0	0
ATOMS
  atom_SAD4	needed/available: 0/0 swap-in/swap-out: 1/1 
  atom_QuadSub	needed/available: 0/0 swap-in/swap-out: 1/1 
  atom_PackLSBMSB	needed/available: 0/1 swap-in/swap-out: 1/0 
  atom_Transform	needed/available: 0/1 swap-in/swap-out: 1/0 
  atom_SATD	needed/available: 0/0 swap-in/swap-out: 1/1 
  atom_BytePack	needed/available: 2/0 swap-in/swap-out: 2/2 --> MC_Hz4_HW_03 
  atom_PointFilter	needed/available: 1/0 swap-in/swap-out: 1/1 --> MC_Hz4_HW_03 
  atom_Clip3	needed/available: 1/0 swap-in/swap-out: 1/1 --> MC_Hz4_HW_03 
  atom_CollapseAdd	needed/available: 0/0 swap-in/swap-out: 0/0 
  atom_PackLBytes	needed/available: 0/0 swap-in/swap-out: 0/0 
  atom_Cond	needed/available: 0/1 swap-in/swap-out: 1/0 running (33560) 
  atom_LF	needed/available: 0/1 swap-in/swap-out: 1/0 
MOLECULES
  <0>	 SAD_16_HW_00        : 1x[atom_SAD4]  (L, Execs)=	68	6612
  <0>	 SAD_16_HW_01        : 2x[atom_SAD4]  (L, Execs)=	37	0
  <0>	*SAD_16_SW           :  (L, Execs)=	4673	21
  <1>	*HT_2X2_HW_00        : 1x[atom_Transform]  (L, Execs)=	5	3168
  <1>	*HT_2X2_SW           :  (L, Execs)=	100	0
  <2>	*HT_4X4_HW_00        : 1x[atom_Transform]  (L, Execs)=	104	2
  <2>	*HT_4X4_HW_01        : 1x[atom_PackLSBMSB] 1x[atom_Transform]  (L, Execs)=	16	196
  <2>	 HT_4X4_HW_02        : 1x[atom_PackLSBMSB] 2x[atom_Transform]  (L, Execs)=	14	0
  <2>	 HT_4X4_HW_03        : 2x[atom_PackLSBMSB] 2x[atom_Transform]  (L, Execs)=	10	0
  <2>	 HT_4X4_HW_04        : 4x[atom_PackLSBMSB] 4x[atom_Transform]  (L, Execs)=	8	0
  <2>	*HT_4X4_SW           :  (L, Execs)=	298	0
  <3>	 MC_Hz4_HW_00        : 1x[atom_PointFilter]  (L, Execs)=	103	893
  <3>	 MC_Hz4_HW_01        : 1x[atom_PointFilter] 1x[atom_Clip3]  (L, Execs)=	26	2855
  <3>	 MC_Hz4_HW_02        : 1x[atom_BytePack] 1x[atom_PointFilter] 1x[atom_Clip3]  (L, Execs)=	11	4997
  <3>	 MC_Hz4_HW_03        : 2x[atom_BytePack] 1x[atom_PointFilter] 1x[atom_Clip3]  (L, Execs)=	10	95353
  <3>	 MC_Hz4_HW_04        : 2x[atom_BytePack] 2x[atom_PointFilter] 2x[atom_Clip3]  (L, Execs)=	9	0
  <3>	 MC_Hz4_HW_05        : 3x[atom_BytePack] 2x[atom_PointFilter] 2x[atom_Clip3]  (L, Execs)=	8	0
  <3>	*MC_Hz4_SW           :  (L, Execs)=	215	446
  <4>	 IPred_HDC16x16_HW_00: 1x[atom_PackLBytes]  (L, Execs)=	53	0
  <4>	 IPred_HDC16x16_HW_01: 1x[atom_CollapseAdd] 1x[atom_PackLBytes]  (L, Execs)=	22	0
  <4>	*IPred_HDC16x16_SW   :  (L, Execs)=	249	792
  <5>	 IPred_VDC16x16_HW_00: 1x[atom_CollapseAdd]  (L, Execs)=	7	0
  <5>	 IPred_VDC16x16_HW_01: 2x[atom_CollapseAdd]  (L, Execs)=	6	0
  <5>	*IPred_VDC16x16_SW   :  (L, Execs)=	69	792
  <6>	*LF_BS_4_4_HW_00     : 1x[atom_Cond]  (L, Execs)=	428	225
  <6>	*LF_BS_4_4_HW_01     : 1x[atom_Cond] 1x[atom_LF]  (L, Execs)=	9	2840
  <6>	 LF_BS_4_4_HW_02     : 2x[atom_Cond] 2x[atom_LF]  (L, Execs)=	8	0
  <6>	*LF_BS_4_4_SW        :  (L, Execs)=	960	103
  <7>	*SATD_4x4_HW_00      : 1x[atom_Transform]  (L, Execs)=	350	191
  <7>	*SATD_4x4_HW_01      : 1x[atom_PackLSBMSB] 1x[atom_Transform]  (L, Execs)=	294	244
  <7>	 SATD_4x4_HW_02      : 1x[atom_QuadSub] 1x[atom_PackLSBMSB] 1x[atom_Transform]  (L, Execs)=	186	416
  <7>	 SATD_4x4_HW_03      : 1x[atom_QuadSub] 1x[atom_PackLSBMSB] 1x[atom_Transform] 1x[atom_SATD]  (L, Execs)=	22	24320
  <7>	 SATD_4x4_HW_04      : 1x[atom_QuadSub] 1x[atom_PackLSBMSB] 2x[atom_Transform] 1x[atom_SATD]  (L, Execs)=	21	0
  <7>	 SATD_4x4_HW_05      : 1x[atom_QuadSub] 2x[atom_PackLSBMSB] 2x[atom_Transform] 2x[atom_SATD]  (L, Execs)=	20	0
  <7>	 SATD_4x4_HW_06      : 1x[atom_QuadSub] 4x[atom_PackLSBMSB] 4x[atom_Transform] 1x[atom_SATD]  (L, Execs)=	19	0
  <7>	 SATD_4x4_HW_07      : 1x[atom_QuadSub] 4x[atom_PackLSBMSB] 4x[atom_Transform] 2x[atom_SATD]  (L, Execs)=	18	0
  <7>	*SATD_4x4_SW         :  (L, Execs)=	544	173
  <8>	*DCT_4x4_HW_00       : 1x[atom_Transform]  (L, Execs)=	216	96
  <8>	*DCT_4x4_HW_01       : 1x[atom_PackLSBMSB] 1x[atom_Transform]  (L, Execs)=	160	96
  <8>	 DCT_4x4_HW_02       : 1x[atom_QuadSub] 1x[atom_PackLSBMSB] 1x[atom_Transform]  (L, Execs)=	21	9312
  <8>	 DCT_4x4_HW_03       : 1x[atom_QuadSub] 1x[atom_PackLSBMSB] 2x[atom_Transform]  (L, Execs)=	19	0
  <8>	 DCT_4x4_HW_04       : 1x[atom_QuadSub] 2x[atom_PackLSBMSB] 2x[atom_Transform]  (L, Execs)=	18	0
  <8>	 DCT_4x4_HW_05       : 1x[atom_QuadSub] 2x[atom_PackLSBMSB] 4x[atom_Transform]  (L, Execs)=	16	0
  <8>	 DCT_4x4_HW_06       : 1x[atom_QuadSub] 4x[atom_PackLSBMSB] 4x[atom_Transform]  (L, Execs)=	15	0
  <8>	*DCT_4x4_SW          :  (L, Execs)=	488	0

The asterisk indicates the currently available Molecules (maybe multiple) for each Special Instruction

