****** Source Program List ******
LineNo	LC	Code		Source Program 
1				.section	.data
2				;.global	_lin
3			_lin:
4	0000	61		.data.8	97
5	0001	73		.data.8	115
6	0002	64		.data.8	100
7	0003	66		.data.8	102
8	0004	66		.data.8	102
9	0005	65		.data.8	101
10	0006	61		.data.8	97
11	0007	67		.data.8	103
12	0008	65		.data.8	101
13	0009	77		.data.8	119
14	000a	61		.data.8	97
15	000b	48		.data.8	72
16	000c	41		.data.8	65
17	000d	46		.data.8	70
18	000e	45		.data.8	69
19	000f	46		.data.8	70
20	0010	61		.data.8	97
21	0011	65		.data.8	101
22	0012	44		.data.8	68
23	0013	73		.data.8	115
24	0014	46		.data.8	70
25	0015	45		.data.8	69
26	0016	61		.data.8	97
27	0017	77		.data.8	119
28	0018	46		.data.8	70
29	0019	64		.data.8	100
30	001a	73		.data.8	115
31	001b	46		.data.8	70
32	001c	61		.data.8	97
33	001d	65		.data.8	101
34	001e	66		.data.8	102
35	001f	61		.data.8	97
36	0020	65		.data.8	101
37	0021	65		.data.8	101
38	0022	72		.data.8	114
39	0023	64		.data.8	100
40	0024	6a		.data.8	106
41	0025	67		.data.8	103
42	0026	70		.data.8	112
43	0027	00		.space	1
44	0028	00		.space	1
45	0029	00		.space	1
46				;.global	_icrctb
47				.align	2
48			_icrctb:
49	002a	00000000		.space	512
	002e	00000000
	0032	00000000
	0036	00000000
	003a	00000000
	003e	00000000
	0042	00000000
	0046	00000000
	004a	00000000
	004e	00000000
	0052	00000000
	0056	00000000
	005a	00000000
	005e	00000000
	0062	00000000
	0066	00000000
	006a	00000000
	006e	00000000
	0072	00000000
	0076	00000000
	007a	00000000
	007e	00000000
	0082	00000000
	0086	00000000
	008a	00000000
	008e	00000000
	0092	00000000
	0096	00000000
	009a	00000000
	009e	00000000
	00a2	00000000
	00a6	00000000
	00aa	00000000
	00ae	00000000
	00b2	00000000
	00b6	00000000
	00ba	00000000
	00be	00000000
	00c2	00000000
	00c6	00000000
	00ca	00000000
	00ce	00000000
	00d2	00000000
	00d6	00000000
	00da	00000000
	00de	00000000
	00e2	00000000
	00e6	00000000
	00ea	00000000
	00ee	00000000
	00f2	00000000
	00f6	00000000
	00fa	00000000
	00fe	00000000
	0102	00000000
	0106	00000000
	010a	00000000
	010e	00000000
	0112	00000000
	0116	00000000
	011a	00000000
	011e	00000000
	0122	00000000
	0126	00000000
	012a	00000000
	012e	00000000
	0132	00000000
	0136	00000000
	013a	00000000
	013e	00000000
	0142	00000000
	0146	00000000
	014a	00000000
	014e	00000000
	0152	00000000
	0156	00000000
	015a	00000000
	015e	00000000
	0162	00000000
	0166	00000000
	016a	00000000
	016e	00000000
	0172	00000000
	0176	00000000
	017a	00000000
	017e	00000000
	0182	00000000
	0186	00000000
	018a	00000000
	018e	00000000
	0192	00000000
	0196	00000000
	019a	00000000
	019e	00000000
	01a2	00000000
	01a6	00000000
	01aa	00000000
	01ae	00000000
	01b2	00000000
	01b6	00000000
	01ba	00000000
	01be	00000000
	01c2	00000000
	01c6	00000000
	01ca	00000000
	01ce	00000000
	01d2	00000000
	01d6	00000000
	01da	00000000
	01de	00000000
	01e2	00000000
	01e6	00000000
	01ea	00000000
	01ee	00000000
	01f2	00000000
	01f6	00000000
	01fa	00000000
	01fe	00000000
	0202	00000000
	0206	00000000
	020a	00000000
	020e	00000000
	0212	00000000
	0216	00000000
	021a	00000000
	021e	00000000
	0222	00000000
	0226	00000000
50				.align	4
51			L1:
52	022c	00000000		.space	4
53			L2:
54	0230	00000000		.space	256
	0234	00000000
	0238	00000000
	023c	00000000
	0240	00000000
	0244	00000000
	0248	00000000
	024c	00000000
	0250	00000000
	0254	00000000
	0258	00000000
	025c	00000000
	0260	00000000
	0264	00000000
	0268	00000000
	026c	00000000
	0270	00000000
	0274	00000000
	0278	00000000
	027c	00000000
	0280	00000000
	0284	00000000
	0288	00000000
	028c	00000000
	0290	00000000
	0294	00000000
	0298	00000000
	029c	00000000
	02a0	00000000
	02a4	00000000
	02a8	00000000
	02ac	00000000
	02b0	00000000
	02b4	00000000
	02b8	00000000
	02bc	00000000
	02c0	00000000
	02c4	00000000
	02c8	00000000
	02cc	00000000
	02d0	00000000
	02d4	00000000
	02d8	00000000
	02dc	00000000
	02e0	00000000
	02e4	00000000
	02e8	00000000
	02ec	00000000
	02f0	00000000
	02f4	00000000
	02f8	00000000
	02fc	00000000
	0300	00000000
	0304	00000000
	0308	00000000
	030c	00000000
	0310	00000000
	0314	00000000
	0318	00000000
	031c	00000000
	0320	00000000
	0324	00000000
	0328	00000000
	032c	00000000
55			L3:
56	0330	00		.space	1
57	0331	08		.data.8	8
58	0332	04		.data.8	4
59	0333	0c		.data.8	12
60	0334	02		.data.8	2
61	0335	0a		.data.8	10
62	0336	06		.data.8	6
63	0337	0e		.data.8	14
64	0338	01		.data.8	1
65	0339	09		.data.8	9
66	033a	05		.data.8	5
67	033b	0d		.data.8	13
68	033c	03		.data.8	3
69	033d	0b		.data.8	11
70	033e	07		.data.8	7
71	033f	0f		.data.8	15
72				;.global	_i1
73				.align	2
74			_i1:
75	0340	0000		.space	2
76				;.global	_i2
77				.align	2
78			_i2:
79	0342	0000		.space	2
80				.section	.text
81				.addressing	Word
82				.section	.text
83				.addressing	Word
84				;.addressing	Word
85			
86	0000	03def026		xor	%GPR30, %GPR30, %GPR30
87	0001	03bde826		xor	%GPR29, %GPR29, %GPR29
88	0002	039ce026		xor	%GPR28, %GPR28, %GPR28
89	0003	00000000		nop
90	0004	3c1e000f		lhi	%GPR30, $(0xFFFFC/0x10000)
91	0005	3c1d000f		lhi	%GPR29, $(0xFFFFC/0x10000)
92	0006	00000000		nop
93	0007	00000000		nop
94	0008	37defffc		ori	%GPR30, %GPR30, $(0xFFFFC%0x10000)
95	0009	37bdfffc		ori	%GPR29, %GPR29, $(0xFFFFC%0x10000)
96	000a	00000000		nop
97	000b	00000000		nop
98	000c	00000000		nop
99	000d	afbefffc		sw	-4(%GPR29), %GPR30
100	000e	afbffff8		sw	-8(%GPR29), %GPR31
101	000f	23ddfff8		addi	%GPR29, %GPR30, $-8
102	0010	00000000		nop
103	0011	00000000		nop
104	0012	00000000		nop
105	0013	0c0002bc		jal	main	
106	0014	00000000		nop
107	0015	00000000		nop
108	0016	00000000		nop
109				; Automatically 2 NOPs removed by reduceNOPs.sh
110	0017	afa10000		sw	0(%GPR29), %GPR1
111	0018	0c000384		jal	exit
112	0019	00000000		nop
113	001a	00000000		nop
114			
115			icrc1:
116			L4:
117	001b	00000000		nop
118	001c	00000000		nop
119	001d	00000000		nop
120				; Automatically 1 NOPs removed by reduceNOPs.sh
121	001e	afbefffc		sw	-4(%GPR29),%GPR30	
122	001f	afbf0000		sw	0(%GPR29),%GPR31	
123	0020	2fbe0004		subui	%GPR30,%GPR29,$4	
124	0021	00000000		nop
125	0022	2bbd0008		subi	%GPR29,%GPR29,$8	
126	0023	00000000		nop
127	0024	00000000		nop
128	0025	00000000		nop
129				; Automatically 11 NOPs removed by reduceNOPs.sh
130	0026	40430008		slli	%GPR3,%GPR2,$8	
131	0027	3c020000		lhi	%GPR2,$0	
132	0028	00000000		nop
133	0029	00000000		nop
134	002a	00000000		nop
135				; Automatically 1 NOPs removed by reduceNOPs.sh
136	002b	34420000		ori	%GPR2,%GPR2,$0	
137	002c	00000000		nop	;;8,11
138	002d	00000000		nop	;;8,11
139	002e	00000000		nop	;;8,11
140	002f	0061e026		xor	%GPR28,%GPR3,%GPR1	
141	0030	00000000		nop
142	0031	00000000		nop
143	0032	00000000		nop
144			L5:
145	0033	00000000		nop	; Automatically Added by addNopAfterLabels.pl
146	0034	33818000		andi	%GPR1,%GPR28,$32768	
147	0035	00000000		nop	;;1,4
148	0036	00000000		nop	;;1,4
149	0037	00000000		nop	;;1,4
150	0038	3c030000		lhi	%GPR3,$0	
151	0039	00000000		nop
152	003a	00000000		nop
153	003b	00000000		nop
154				; Automatically 1 NOPs removed by reduceNOPs.sh
155	003c	34630000		ori	%GPR3,%GPR3,$0	
156	003d	00000000		nop	;;4,8
157	003e	00000000		nop	;;4,8
158	003f	00000000		nop	;;4,8
159				; Automatically 1 NOPs removed by reduceNOPs.sh
160	0040	0023d82f		sne	%GPR27,%GPR1,%GPR3	
161	0041	00000000		nop	; Automatically added by findDataDependency.sh
162	0042	00000000		nop	; Automatically added by findDataDependency.sh
163	0043	00000000		nop	; Automatically added by findDataDependency.sh
164	0044	17600008		bnez	%GPR27,L6	
165	0045	00000000		nop
166	0046	00000000		nop
167	0047	00000000		nop
168				; Automatically 1 NOPs removed by reduceNOPs.sh
169	0048	08000010		j	L7	
170	0049	00000000		nop
171	004a	00000000		nop
172	004b	00000000		nop
173				; Automatically 1 NOPs removed by reduceNOPs.sh
174			L6:
175	004c	00000000		nop	;;0,4
176	004d	00000000		nop	;;0,4
177	004e	00000000		nop	;;0,4
178				; Automatically 1 NOPs removed by reduceNOPs.sh
179	004f	439c0001		slli	%GPR28,%GPR28,$1	
180	0050	00000000		nop	;;4,8
181	0051	00000000		nop	;;4,8
182	0052	00000000		nop	;;4,8
183				; Automatically 1 NOPs removed by reduceNOPs.sh
184	0053	3b9c1021		xori	%GPR28,%GPR28,$4129	
185	0054	0800000b		j	L8	
186	0055	00000000		nop
187	0056	00000000		nop
188	0057	00000000		nop
189			L7:
190	0058	00000000		nop	;;0,4
191	0059	00000000		nop	;;0,4
192	005a	00000000		nop	;;0,4
193				; Automatically 1 NOPs removed by reduceNOPs.sh
194	005b	439c0001		slli	%GPR28,%GPR28,$1	
195	005c	00000000		nop
196	005d	00000000		nop
197	005e	00000000		nop
198			L8:
199	005f	00000000		nop	; Automatically Added by addNopAfterLabels.pl
200	0060	20420001		addi	%GPR2,%GPR2,$1	
201	0061	00000000		nop	;;1,4
202	0062	00000000		nop	;;1,4
203	0063	00000000		nop	;;1,4
204	0064	3c010000		lhi	%GPR1,$0	
205	0065	00000000		nop
206	0066	00000000		nop
207	0067	00000000		nop
208				; Automatically 1 NOPs removed by reduceNOPs.sh
209	0068	34210008		ori	%GPR1,%GPR1,$8	
210	0069	00000000		nop	;;4,8
211	006a	00000000		nop	;;4,8
212	006b	00000000		nop	;;4,8
213				; Automatically 1 NOPs removed by reduceNOPs.sh
214	006c	0041d82a		slt	%GPR27,%GPR2,%GPR1	
215	006d	00000000		nop	; Automatically added by findDataDependency.sh
216	006e	00000000		nop	; Automatically added by findDataDependency.sh
217	006f	00000000		nop	; Automatically added by findDataDependency.sh
218	0070	1760ffc3		bnez	%GPR27,L5	
219	0071	00000000		nop
220	0072	00000000		nop
221	0073	00000000		nop
222				; Automatically 1 NOPs removed by reduceNOPs.sh
223	0074	08000004		j	L9	
224	0075	00000000		nop
225	0076	00000000		nop
226	0077	00000000		nop
227				; Automatically 1 NOPs removed by reduceNOPs.sh
228			L9:
229	0078	00000000		nop	; Automatically Added by addNopAfterLabels.pl
230	0079	08000004		j	L10	
231	007a	00000000		nop
232	007b	00000000		nop
233	007c	00000000		nop
234				; Automatically 1 NOPs removed by reduceNOPs.sh
235			L10:
236	007d	00000000		nop
237	007e	00000000		nop
238	007f	00000000		nop
239				; Automatically 1 NOPs removed by reduceNOPs.sh
240	0080	8fdf0004		lw	%GPR31,4(%GPR30)	
241	0081	27dd0004		addui	%GPR29,%GPR30,$4	
242	0082	00000000		nop	; Automatically added by fix-stall-insns.pl
243	0083	00000000		nop	; Automatically added by fix-stall-insns.pl
244	0084	00000000		nop	; Automatically added by fix-stall-insns.pl
245	0085	8fde0000		lw	%GPR30,0(%GPR30)	
246	0086	00000000		nop
247	0087	00000000		nop
248	0088	00000000		nop
249	0089	00000000		nop	; Automatically added by fix-stall-insns.pl
250	008a	03e00008		jr	%GPR31	
251	008b	00000000		nop
252	008c	00000000		nop
253	008d	00000000		nop
254				; Automatically 1 NOPs removed by reduceNOPs.sh
255			icrc:
256			L11:
257	008e	00000000		nop
258	008f	00000000		nop
259	0090	00000000		nop
260				; Automatically 1 NOPs removed by reduceNOPs.sh
261	0091	afbefffc		sw	-4(%GPR29),%GPR30	
262	0092	afbf0000		sw	0(%GPR29),%GPR31	
263	0093	2fbe0004		subui	%GPR30,%GPR29,$4	
264	0094	00000000		nop
265	0095	2bbd0020		subi	%GPR29,%GPR29,$32	
266	0096	00000000		nop
267	0097	00000000		nop
268	0098	00000000		nop
269				; Automatically 1 NOPs removed by reduceNOPs.sh
270	0099	afc2fffc		sw	-4(%GPR30),%GPR2	
271	009a	afc3fff8		sw	-8(%GPR30),%GPR3	
272	009b	00000000		nop	; Automatically added by fix-stall-insns.pl
273	009c	00000000		nop	; Automatically added by fix-stall-insns.pl
274	009d	00000000		nop	; Automatically added by fix-stall-insns.pl
275	009e	00000000		nop	; Automatically added by fix-stall-insns.pl
276	009f	afc4fff4		sw	-12(%GPR30),%GPR4	
277	00a0	00000000		nop
278	00a1	00000000		nop
279	00a2	00000000		nop
280	00a3	00000000		nop	; Automatically added by fix-stall-insns.pl
281	00a4	afc1fff0		sw	-16(%GPR30),%GPR1	
282	00a5	3c010000		lhi	%GPR1,$( L1	/0x10000)
283	00a6	00000000		nop
284	00a7	00000000		nop
285	00a8	00000000		nop
286	00a9	3421022c		ori	%GPR1,%GPR1,$( L1	%0x10000)
287	00aa	00000000		nop	;;6,10
288	00ab	00000000		nop	;;6,10
289	00ac	00000000		nop	;;6,10
290				; Automatically 1 NOPs removed by reduceNOPs.sh
291	00ad	8c210000		lw	%GPR1,0(%GPR1)	
292	00ae	3c020000		lhi	%GPR2,$0	
293	00af	00000000		nop
294	00b0	00000000		nop
295	00b1	00000000		nop
296				; Automatically 1 NOPs removed by reduceNOPs.sh
297	00b2	34420000		ori	%GPR2,%GPR2,$0	
298	00b3	00000000		nop	;;11,15
299	00b4	00000000		nop	;;11,15
300	00b5	00000000		nop	;;11,15
301				; Automatically 1 NOPs removed by reduceNOPs.sh
302	00b6	0022d82e		seq	%GPR27,%GPR1,%GPR2	
303	00b7	00000000		nop	; Automatically added by findDataDependency.sh
304	00b8	00000000		nop	; Automatically added by findDataDependency.sh
305	00b9	00000000		nop	; Automatically added by findDataDependency.sh
306	00ba	17600008		bnez	%GPR27,L12	
307	00bb	00000000		nop
308	00bc	00000000		nop
309	00bd	00000000		nop
310				; Automatically 1 NOPs removed by reduceNOPs.sh
311	00be	08000098		j	L15	
312	00bf	00000000		nop
313	00c0	00000000		nop
314	00c1	00000000		nop
315				; Automatically 1 NOPs removed by reduceNOPs.sh
316			L12:
317	00c2	00000000		nop	;;0,2
318	00c3	00000000		nop	;;0,2
319	00c4	3c010000		lhi	%GPR1,$( L1	/0x10000)
320	00c5	00000000		nop
321	00c6	00000000		nop
322	00c7	00000000		nop
323	00c8	3421022c		ori	%GPR1,%GPR1,$( L1	%0x10000)
324	00c9	00000000		nop	;;2,4
325	00ca	00000000		nop	;;2,4
326	00cb	3c020000		lhi	%GPR2,$0	
327	00cc	00000000		nop
328	00cd	00000000		nop
329	00ce	00000000		nop
330				; Automatically 1 NOPs removed by reduceNOPs.sh
331	00cf	34420001		ori	%GPR2,%GPR2,$1	
332	00d0	3c030000		lhi	%GPR3,$0	
333	00d1	00000000		nop
334	00d2	00000000		nop
335	00d3	00000000		nop
336				; Automatically 1 NOPs removed by reduceNOPs.sh
337	00d4	34630000		ori	%GPR3,%GPR3,$0	
338	00d5	00000000		nop	;;5,8
339	00d6	00000000		nop	;;5,8
340	00d7	00000000		nop	;;5,8
341	00d8	ac220000		sw	0(%GPR1),%GPR2	
342	00d9	afc3ffec		sw	-20(%GPR30),%GPR3	
343	00da	00000000		nop
344	00db	00000000		nop
345	00dc	00000000		nop
346			L13:
347	00dd	00000000		nop	; Automatically Added by addNopAfterLabels.pl
348	00de	8fc1ffec		lw	%GPR1,-20(%GPR30)	
349	00df	00000000		nop	;;0,4
350	00e0	00000000		nop	;;0,4
351	00e1	00000000		nop	;;0,4
352				; Automatically 1 NOPs removed by reduceNOPs.sh
353	00e2	703b00ff		slei	%GPR27,%GPR1,$255	
354	00e3	00000000		nop	; Automatically added by findDataDependency.sh
355	00e4	00000000		nop	; Automatically added by findDataDependency.sh
356	00e5	00000000		nop	; Automatically added by findDataDependency.sh
357	00e6	17600008		bnez	%GPR27,L14			; Automatically fixed by findCompareBranchProblem.sh. Previous Register was %GPR1
358	00e7	00000000		nop
359	00e8	00000000		nop
360	00e9	00000000		nop
361				; Automatically 1 NOPs removed by reduceNOPs.sh
362	00ea	0800006c		j	L15	
363	00eb	00000000		nop
364	00ec	00000000		nop
365	00ed	00000000		nop
366				; Automatically 1 NOPs removed by reduceNOPs.sh
367			L14:
368	00ee	00000000		nop	; Automatically Added by addNopAfterLabels.pl
369	00ef	8fc1ffec		lw	%GPR1,-20(%GPR30)	
370	00f0	00000000		nop	;;0,2
371	00f1	00000000		nop	;;0,2
372	00f2	3c030000		lhi	%GPR3,$( _icrctb	/0x10000)
373	00f3	00000000		nop
374	00f4	00000000		nop
375	00f5	00000000		nop
376	00f6	3463002a		ori	%GPR3,%GPR3,$( _icrctb	%0x10000)
377	00f7	00000000		nop	;;2,4
378	00f8	00000000		nop	;;2,4
379	00f9	00202820		add	%GPR5,%GPR1,%GPR0	
380	00fa	3c040000		lhi	%GPR4,$0	
381	00fb	00000000		nop
382	00fc	00000000		nop
383	00fd	00000000		nop
384				; Automatically 1 NOPs removed by reduceNOPs.sh
385	00fe	34840002		ori	%GPR4,%GPR4,$2	
386	00ff	00000000		nop	;;5,7
387	0100	00000000		nop	;;5,7
388	0101	3c020000		lhi	%GPR2,$0	
389	0102	00000000		nop
390	0103	00000000		nop
391	0104	00000000		nop
392				; Automatically 1 NOPs removed by reduceNOPs.sh
393	0105	34420000		ori	%GPR2,%GPR2,$0	
394	0106	00000000		nop	;;7,9
395	0107	00000000		nop	;;7,9
396	0108	00a42018		mult	%GPR4,%GPR5,%GPR4	
397	0109	40210008		slli	%GPR1,%GPR1,$8	
398	010a	00000000		nop	;;10,13
399	010b	00000000		nop	;;10,13
400	010c	00000000		nop	;;10,13
401	010d	00641820		add	%GPR3,%GPR3,%GPR4	
402	010e	00000000		nop	;;13,17
403	010f	00000000		nop	;;13,17
404	0110	00000000		nop	;;13,17
405				; Automatically 1 NOPs removed by reduceNOPs.sh
406	0111	afc3ffe8		sw	-24(%GPR30),%GPR3	
407	0112	00000000		nop
408	0113	00000000		nop
409	0114	00000000		nop
410				; Automatically 1 NOPs removed by reduceNOPs.sh
411	0115	2bbd0008		subi	%GPR29,%GPR29,$8	
412	0116	00000000		nop
413	0117	00000000		nop
414	0118	00000000		nop
415				; Automatically 1 NOPs removed by reduceNOPs.sh
416	0119	0fffff02		jal	icrc1	
417	011a	00000000		nop
418	011b	00000000		nop
419	011c	00000000		nop
420				; Automatically 1 NOPs removed by reduceNOPs.sh
421	011d	23bd0008		addi	%GPR29,%GPR29,$8	
422	011e	00000000		nop
423	011f	00000000		nop
424	0120	00000000		nop
425				; Automatically 1 NOPs removed by reduceNOPs.sh
426	0121	8fc2ffec		lw	%GPR2,-20(%GPR30)	
427	0122	8fc4ffe8		lw	%GPR4,-24(%GPR30)	
428	0123	03802820		add	%GPR5,%GPR28,%GPR0	
429	0124	3c010000		lhi	%GPR1,$( L3	/0x10000)
430	0125	00000000		nop
431	0126	00000000		nop
432	0127	00000000		nop
433	0128	34210330		ori	%GPR1,%GPR1,$( L3	%0x10000)
434	0129	3042000f		andi	%GPR2,%GPR2,$15	
435	012a	3c030000		lhi	%GPR3,$( L3	/0x10000)
436	012b	00000000		nop
437	012c	00000000		nop
438	012d	00000000		nop
439	012e	34630330		ori	%GPR3,%GPR3,$( L3	%0x10000)
440	012f	a4850000		sh	0(%GPR4),%GPR5	
441	0130	00000000		nop	; Automatically added by findLoadStoreProblem.sh
442	0131	8fc4ffec		lw	%GPR4,-20(%GPR30)	
443	0132	00220820		add	%GPR1,%GPR1,%GPR2	
444	0133	00000000		nop	; Automatically added by fix-stall-insns.pl
445	0134	00000000		nop	; Automatically added by fix-stall-insns.pl
446	0135	00000000		nop	; Automatically added by fix-stall-insns.pl
447	0136	8fc2ffec		lw	%GPR2,-20(%GPR30)	
448	0137	3c050000		lhi	%GPR5,$( L2	/0x10000)
449	0138	00000000		nop
450	0139	00000000		nop
451	013a	00000000		nop
452	013b	34a50230		ori	%GPR5,%GPR5,$( L2	%0x10000)
453	013c	44840004		srli	%GPR4,%GPR4,$4	
454	013d	80210000		lb	%GPR1,0(%GPR1)	
455	013e	00000000		nop	;;31,34
456	013f	00000000		nop	;;31,34
457	0140	00000000		nop	;;31,34
458	0141	00641820		add	%GPR3,%GPR3,%GPR4	
459	0142	00000000		nop	;;34,36
460	0143	00000000		nop	;;34,36
461	0144	8fc4ffec		lw	%GPR4,-20(%GPR30)	
462	0145	00a21020		add	%GPR2,%GPR5,%GPR2	
463	0146	80630000		lb	%GPR3,0(%GPR3)	
464	0147	40210004		slli	%GPR1,%GPR1,$4	
465	0148	20840001		addi	%GPR4,%GPR4,$1	
466	0149	00000000		nop	;;40,43
467	014a	00000000		nop	;;40,43
468	014b	00000000		nop	;;40,43
469	014c	00230825		or	%GPR1,%GPR1,%GPR3	
470	014d	afc4ffec		sw	-20(%GPR30),%GPR4	
471	014e	00000000		nop	;;44,47
472	014f	00000000		nop	;;44,47
473	0150	00000000		nop	;;44,47
474	0151	a0410000		sb	0(%GPR2),%GPR1	
475	0152	0bffff8b		j	L13	
476	0153	00000000		nop
477	0154	00000000		nop
478	0155	00000000		nop
479			L15:
480	0156	00000000		nop	; Automatically Added by addNopAfterLabels.pl
481	0157	8fc1fff8		lw	%GPR1,-8(%GPR30)	
482	0158	00000000		nop	;;0,4
483	0159	00000000		nop	;;0,4
484	015a	00000000		nop	;;0,4
485				; Automatically 1 NOPs removed by reduceNOPs.sh
486	015b	743b0000		sgei	%GPR27,%GPR1,$0	
487	015c	00000000		nop	; Automatically added by findDataDependency.sh
488	015d	00000000		nop	; Automatically added by findDataDependency.sh
489	015e	00000000		nop	; Automatically added by findDataDependency.sh
490	015f	17600008		bnez	%GPR27,L16			; Automatically fixed by findCompareBranchProblem.sh. Previous Register was %GPR1
491	0160	00000000		nop
492	0161	00000000		nop
493	0162	00000000		nop
494				; Automatically 1 NOPs removed by reduceNOPs.sh
495	0163	0800001a		j	L17	
496	0164	00000000		nop
497	0165	00000000		nop
498	0166	00000000		nop
499				; Automatically 1 NOPs removed by reduceNOPs.sh
500			L16:
501	0167	00000000		nop	; Automatically Added by addNopAfterLabels.pl
502	0168	8fc1fff8		lw	%GPR1,-8(%GPR30)	
503	0169	00000000		nop	;;0,4
504	016a	00000000		nop	;;0,4
505	016b	00000000		nop	;;0,4
506				; Automatically 1 NOPs removed by reduceNOPs.sh
507	016c	00201020		add	%GPR2,%GPR1,%GPR0	
508	016d	00000000		nop	;;4,13
509	016e	00000000		nop	;;4,13
510	016f	00000000		nop	;;4,13
511				; Automatically 6 NOPs removed by reduceNOPs.sh
512	0170	40210008		slli	%GPR1,%GPR1,$8	
513	0171	00000000		nop	;;13,17
514	0172	00000000		nop	;;13,17
515	0173	00000000		nop	;;13,17
516				; Automatically 1 NOPs removed by reduceNOPs.sh
517	0174	00220825		or	%GPR1,%GPR1,%GPR2	
518	0175	00000000		nop	;;17,21
519	0176	00000000		nop	;;17,21
520	0177	00000000		nop	;;17,21
521				; Automatically 1 NOPs removed by reduceNOPs.sh
522	0178	afc1fff0		sw	-16(%GPR30),%GPR1	
523	0179	0800004d		j	L19	
524	017a	00000000		nop
525	017b	00000000		nop
526	017c	00000000		nop
527			L17:
528	017d	00000000		nop	; Automatically Added by addNopAfterLabels.pl
529	017e	8fc2fff4		lw	%GPR2,-12(%GPR30)	
530	017f	00000000		nop	;;1,4
531	0180	00000000		nop	;;1,4
532	0181	00000000		nop	;;1,4
533	0182	3c010000		lhi	%GPR1,$0	
534	0183	00000000		nop
535	0184	00000000		nop
536	0185	00000000		nop
537				; Automatically 1 NOPs removed by reduceNOPs.sh
538	0186	34210000		ori	%GPR1,%GPR1,$0	
539	0187	00000000		nop	;;4,8
540	0188	00000000		nop	;;4,8
541	0189	00000000		nop	;;4,8
542				; Automatically 1 NOPs removed by reduceNOPs.sh
543	018a	0041d82a		slt	%GPR27,%GPR2,%GPR1	
544	018b	00000000		nop	; Automatically added by findDataDependency.sh
545	018c	00000000		nop	; Automatically added by findDataDependency.sh
546	018d	00000000		nop	; Automatically added by findDataDependency.sh
547	018e	17600008		bnez	%GPR27,L18	
548	018f	00000000		nop
549	0190	00000000		nop
550	0191	00000000		nop
551				; Automatically 1 NOPs removed by reduceNOPs.sh
552	0192	08000034		j	L19	
553	0193	00000000		nop
554	0194	00000000		nop
555	0195	00000000		nop
556				; Automatically 1 NOPs removed by reduceNOPs.sh
557			L18:
558	0196	00000000		nop	; Automatically Added by addNopAfterLabels.pl
559	0197	8fc1fff0		lw	%GPR1,-16(%GPR30)	
560	0198	3c020000		lhi	%GPR2,$( L2	/0x10000)
561	0199	00000000		nop
562	019a	00000000		nop
563	019b	00000000		nop
564	019c	34420230		ori	%GPR2,%GPR2,$( L2	%0x10000)
565	019d	3c040000		lhi	%GPR4,$( L2	/0x10000)
566	019e	00000000		nop
567	019f	00000000		nop
568	01a0	00000000		nop
569	01a1	34840230		ori	%GPR4,%GPR4,$( L2	%0x10000)
570	01a2	00000000		nop	;;2,4
571	01a3	00000000		nop	;;2,4
572	01a4	00201820		add	%GPR3,%GPR1,%GPR0	
573	01a5	302100ff		andi	%GPR1,%GPR1,$255	
574	01a6	00000000		nop	;;5,8
575	01a7	00000000		nop	;;5,8
576	01a8	00000000		nop	;;5,8
577	01a9	44630008		srli	%GPR3,%GPR3,$8	
578	01aa	00000000		nop	;;8,17
579	01ab	00000000		nop	;;8,17
580	01ac	00000000		nop	;;8,17
581				; Automatically 6 NOPs removed by reduceNOPs.sh
582	01ad	00410820		add	%GPR1,%GPR2,%GPR1	
583	01ae	00000000		nop	;;17,20
584	01af	00000000		nop	;;17,20
585	01b0	00000000		nop	;;17,20
586	01b1	00831020		add	%GPR2,%GPR4,%GPR3	
587	01b2	80210000		lb	%GPR1,0(%GPR1)	
588	01b3	00000000		nop	;;21,24
589	01b4	00000000		nop	;;21,24
590	01b5	00000000		nop	;;21,24
591	01b6	80420000		lb	%GPR2,0(%GPR2)	
592	01b7	00000000		nop	;;24,29
593	01b8	00000000		nop	;;24,29
594	01b9	00000000		nop	;;24,29
595				; Automatically 2 NOPs removed by reduceNOPs.sh
596	01ba	40210008		slli	%GPR1,%GPR1,$8	
597	01bb	00000000		nop	;;29,33
598	01bc	00000000		nop	;;29,33
599	01bd	00000000		nop	;;29,33
600				; Automatically 1 NOPs removed by reduceNOPs.sh
601	01be	00220825		or	%GPR1,%GPR1,%GPR2	
602	01bf	00000000		nop	;;33,37
603	01c0	00000000		nop	;;33,37
604	01c1	00000000		nop	;;33,37
605				; Automatically 1 NOPs removed by reduceNOPs.sh
606	01c2	afc1fff0		sw	-16(%GPR30),%GPR1	
607	01c3	00000000		nop
608	01c4	00000000		nop
609	01c5	00000000		nop
610			L19:
611	01c6	00000000		nop	;;0,4
612	01c7	00000000		nop	;;0,4
613	01c8	00000000		nop	;;0,4
614				; Automatically 1 NOPs removed by reduceNOPs.sh
615	01c9	3c010000		lhi	%GPR1,$0	
616	01ca	00000000		nop
617	01cb	00000000		nop
618	01cc	00000000		nop
619				; Automatically 1 NOPs removed by reduceNOPs.sh
620	01cd	34210001		ori	%GPR1,%GPR1,$1	
621	01ce	00000000		nop	;;4,8
622	01cf	00000000		nop	;;4,8
623	01d0	00000000		nop	;;4,8
624				; Automatically 1 NOPs removed by reduceNOPs.sh
625	01d1	afc1ffec		sw	-20(%GPR30),%GPR1	
626	01d2	00000000		nop
627	01d3	00000000		nop
628	01d4	00000000		nop
629			L20:
630	01d5	00000000		nop	; Automatically Added by addNopAfterLabels.pl
631	01d6	8fc1fffc		lw	%GPR1,-4(%GPR30)	
632	01d7	8fc2ffec		lw	%GPR2,-20(%GPR30)	
633	01d8	00000000		nop	;;1,5
634	01d9	00000000		nop	;;1,5
635	01da	00000000		nop	;;1,5
636				; Automatically 1 NOPs removed by reduceNOPs.sh
637	01db	0041d82c		sle	%GPR27,%GPR2,%GPR1	
638	01dc	00000000		nop	; Automatically added by findDataDependency.sh
639	01dd	00000000		nop	; Automatically added by findDataDependency.sh
640	01de	00000000		nop	; Automatically added by findDataDependency.sh
641	01df	17600008		bnez	%GPR27,L21	
642	01e0	00000000		nop
643	01e1	00000000		nop
644	01e2	00000000		nop
645				; Automatically 1 NOPs removed by reduceNOPs.sh
646	01e3	0800008b		j	L25	
647	01e4	00000000		nop
648	01e5	00000000		nop
649	01e6	00000000		nop
650				; Automatically 1 NOPs removed by reduceNOPs.sh
651			L21:
652	01e7	00000000		nop	; Automatically Added by addNopAfterLabels.pl
653	01e8	8fc2fff4		lw	%GPR2,-12(%GPR30)	
654	01e9	00000000		nop	;;1,4
655	01ea	00000000		nop	;;1,4
656	01eb	00000000		nop	;;1,4
657	01ec	3c010000		lhi	%GPR1,$0	
658	01ed	00000000		nop
659	01ee	00000000		nop
660	01ef	00000000		nop
661				; Automatically 1 NOPs removed by reduceNOPs.sh
662	01f0	34210000		ori	%GPR1,%GPR1,$0	
663	01f1	00000000		nop	;;4,8
664	01f2	00000000		nop	;;4,8
665	01f3	00000000		nop	;;4,8
666				; Automatically 1 NOPs removed by reduceNOPs.sh
667	01f4	0041d82a		slt	%GPR27,%GPR2,%GPR1	
668	01f5	00000000		nop	; Automatically added by findDataDependency.sh
669	01f6	00000000		nop	; Automatically added by findDataDependency.sh
670	01f7	00000000		nop	; Automatically added by findDataDependency.sh
671	01f8	17600008		bnez	%GPR27,L22	
672	01f9	00000000		nop
673	01fa	00000000		nop
674	01fb	00000000		nop
675				; Automatically 1 NOPs removed by reduceNOPs.sh
676	01fc	0800002a		j	L23	
677	01fd	00000000		nop
678	01fe	00000000		nop
679	01ff	00000000		nop
680				; Automatically 1 NOPs removed by reduceNOPs.sh
681			L22:
682	0200	00000000		nop	; Automatically Added by addNopAfterLabels.pl
683	0201	8fc2ffec		lw	%GPR2,-20(%GPR30)	
684	0202	3c010000		lhi	%GPR1,$( _lin	/0x10000)
685	0203	00000000		nop
686	0204	00000000		nop
687	0205	00000000		nop
688	0206	34210000		ori	%GPR1,%GPR1,$( _lin	%0x10000)
689	0207	3c030000		lhi	%GPR3,$( L2	/0x10000)
690	0208	00000000		nop
691	0209	00000000		nop
692	020a	00000000		nop
693	020b	34630230		ori	%GPR3,%GPR3,$( L2	%0x10000)
694	020c	8fc4fff0		lw	%GPR4,-16(%GPR30)	
695	020d	00000000		nop	;;3,8
696	020e	00000000		nop	;;3,8
697	020f	00000000		nop	;;3,8
698				; Automatically 2 NOPs removed by reduceNOPs.sh
699	0210	00220820		add	%GPR1,%GPR1,%GPR2	
700	0211	44840008		srli	%GPR4,%GPR4,$8	
701	0212	00000000		nop	;;9,12
702	0213	00000000		nop	;;9,12
703	0214	00000000		nop	;;9,12
704	0215	80210000		lb	%GPR1,0(%GPR1)	
705	0216	00000000		nop	;;12,20
706	0217	00000000		nop	;;12,20
707	0218	00000000		nop	;;12,20
708				; Automatically 5 NOPs removed by reduceNOPs.sh
709	0219	00610820		add	%GPR1,%GPR3,%GPR1	
710	021a	00000000		nop	;;20,24
711	021b	00000000		nop	;;20,24
712	021c	00000000		nop	;;20,24
713				; Automatically 1 NOPs removed by reduceNOPs.sh
714	021d	80210000		lb	%GPR1,0(%GPR1)	
715	021e	00000000		nop	;;24,28
716	021f	00000000		nop	;;24,28
717	0220	00000000		nop	;;24,28
718				; Automatically 1 NOPs removed by reduceNOPs.sh
719	0221	00240826		xor	%GPR1,%GPR1,%GPR4	
720	0222	0800001e		j	L24	
721	0223	00000000		nop
722	0224	00000000		nop
723	0225	00000000		nop
724			L23:
725	0226	00000000		nop	; Automatically Added by addNopAfterLabels.pl
726	0227	8fc1ffec		lw	%GPR1,-20(%GPR30)	
727	0228	3c020000		lhi	%GPR2,$( _lin	/0x10000)
728	0229	00000000		nop
729	022a	00000000		nop
730	022b	00000000		nop
731	022c	34420000		ori	%GPR2,%GPR2,$( _lin	%0x10000)
732	022d	8fc3fff0		lw	%GPR3,-16(%GPR30)	
733	022e	00000000		nop	;;2,6
734	022f	00000000		nop	;;2,6
735	0230	00000000		nop	;;2,6
736				; Automatically 1 NOPs removed by reduceNOPs.sh
737	0231	44630008		srli	%GPR3,%GPR3,$8	
738	0232	00000000		nop	;;6,8
739	0233	00000000		nop	;;6,8
740	0234	00410820		add	%GPR1,%GPR2,%GPR1	
741	0235	00000000		nop	;;8,12
742	0236	00000000		nop	;;8,12
743	0237	00000000		nop	;;8,12
744				; Automatically 1 NOPs removed by reduceNOPs.sh
745	0238	80210000		lb	%GPR1,0(%GPR1)	
746	0239	00000000		nop	;;12,16
747	023a	00000000		nop	;;12,16
748	023b	00000000		nop	;;12,16
749				; Automatically 1 NOPs removed by reduceNOPs.sh
750	023c	00230826		xor	%GPR1,%GPR1,%GPR3	
751	023d	00000000		nop
752	023e	00000000		nop
753	023f	00000000		nop
754			L24:
755	0240	00000000		nop	; Automatically Added by addNopAfterLabels.pl
756	0241	8fc2fff0		lw	%GPR2,-16(%GPR30)	
757	0242	00000000		nop	;;0,2
758	0243	00000000		nop	;;0,2
759	0244	3c030000		lhi	%GPR3,$( _icrctb	/0x10000)
760	0245	00000000		nop
761	0246	00000000		nop
762	0247	00000000		nop
763	0248	3463002a		ori	%GPR3,%GPR3,$( _icrctb	%0x10000)
764	0249	8fc5ffec		lw	%GPR5,-20(%GPR30)	
765	024a	304200ff		andi	%GPR2,%GPR2,$255	
766	024b	3c040000		lhi	%GPR4,$0	
767	024c	00000000		nop
768	024d	00000000		nop
769	024e	00000000		nop
770				; Automatically 1 NOPs removed by reduceNOPs.sh
771	024f	34840002		ori	%GPR4,%GPR4,$2	
772	0250	00000000		nop	;;5,7
773	0251	00000000		nop	;;5,7
774	0252	20a50001		addi	%GPR5,%GPR5,$1	
775	0253	00000000		nop	;;7,9
776	0254	00000000		nop	;;7,9
777	0255	00240818		mult	%GPR1,%GPR1,%GPR4	
778	0256	00000000		nop	;;9,11
779	0257	00000000		nop	;;9,11
780	0258	00000000		nop	; Automatically added by fix-stall-insns.pl
781	0259	afc5ffec		sw	-20(%GPR30),%GPR5	
782	025a	00000000		nop	;;11,13
783	025b	00000000		nop	;;11,13
784	025c	00610820		add	%GPR1,%GPR3,%GPR1	
785	025d	00000000		nop	;;13,16
786	025e	00000000		nop	;;13,16
787	025f	00000000		nop	;;13,16
788	0260	40420008		slli	%GPR2,%GPR2,$8	
789	0261	84210000		lh	%GPR1,0(%GPR1)	
790	0262	00000000		nop	;;17,21
791	0263	00000000		nop	;;17,21
792	0264	00000000		nop	;;17,21
793				; Automatically 1 NOPs removed by reduceNOPs.sh
794	0265	00410826		xor	%GPR1,%GPR2,%GPR1	
795	0266	00000000		nop	;;21,25
796	0267	00000000		nop	;;21,25
797	0268	00000000		nop	;;21,25
798				; Automatically 1 NOPs removed by reduceNOPs.sh
799	0269	afc1fff0		sw	-16(%GPR30),%GPR1	
800	026a	0bffff6b		j	L20	
801	026b	00000000		nop
802	026c	00000000		nop
803	026d	00000000		nop
804			L25:
805	026e	00000000		nop	; Automatically Added by addNopAfterLabels.pl
806	026f	8fc2fff4		lw	%GPR2,-12(%GPR30)	
807	0270	00000000		nop	;;1,4
808	0271	00000000		nop	;;1,4
809	0272	00000000		nop	;;1,4
810	0273	3c010000		lhi	%GPR1,$0	
811	0274	00000000		nop
812	0275	00000000		nop
813	0276	00000000		nop
814				; Automatically 1 NOPs removed by reduceNOPs.sh
815	0277	34210000		ori	%GPR1,%GPR1,$0	
816	0278	00000000		nop	;;4,8
817	0279	00000000		nop	;;4,8
818	027a	00000000		nop	;;4,8
819				; Automatically 1 NOPs removed by reduceNOPs.sh
820	027b	0041d82d		sge	%GPR27,%GPR2,%GPR1	
821	027c	00000000		nop	; Automatically added by findDataDependency.sh
822	027d	00000000		nop	; Automatically added by findDataDependency.sh
823	027e	00000000		nop	; Automatically added by findDataDependency.sh
824	027f	17600008		bnez	%GPR27,L26	
825	0280	00000000		nop
826	0281	00000000		nop
827	0282	00000000		nop
828				; Automatically 1 NOPs removed by reduceNOPs.sh
829	0283	0800000a		j	L27	
830	0284	00000000		nop
831	0285	00000000		nop
832	0286	00000000		nop
833				; Automatically 1 NOPs removed by reduceNOPs.sh
834			L26:
835	0287	00000000		nop	; Automatically Added by addNopAfterLabels.pl
836	0288	8fdcfff0		lw	%GPR28,-16(%GPR30)	
837	0289	08000030		j	L28	
838	028a	00000000		nop
839	028b	00000000		nop
840	028c	00000000		nop
841			L27:
842	028d	00000000		nop	; Automatically Added by addNopAfterLabels.pl
843	028e	8fc1fff0		lw	%GPR1,-16(%GPR30)	
844	028f	3c020000		lhi	%GPR2,$( L2	/0x10000)
845	0290	00000000		nop
846	0291	00000000		nop
847	0292	00000000		nop
848	0293	34420230		ori	%GPR2,%GPR2,$( L2	%0x10000)
849	0294	3c040000		lhi	%GPR4,$( L2	/0x10000)
850	0295	00000000		nop
851	0296	00000000		nop
852	0297	00000000		nop
853	0298	34840230		ori	%GPR4,%GPR4,$( L2	%0x10000)
854	0299	00000000		nop	;;2,4
855	029a	00000000		nop	;;2,4
856	029b	00201820		add	%GPR3,%GPR1,%GPR0	
857	029c	302100ff		andi	%GPR1,%GPR1,$255	
858	029d	00000000		nop	;;5,8
859	029e	00000000		nop	;;5,8
860	029f	00000000		nop	;;5,8
861	02a0	44630008		srli	%GPR3,%GPR3,$8	
862	02a1	00000000		nop	;;8,17
863	02a2	00000000		nop	;;8,17
864	02a3	00000000		nop	;;8,17
865				; Automatically 6 NOPs removed by reduceNOPs.sh
866	02a4	00410820		add	%GPR1,%GPR2,%GPR1	
867	02a5	00000000		nop	;;17,20
868	02a6	00000000		nop	;;17,20
869	02a7	00000000		nop	;;17,20
870	02a8	00831020		add	%GPR2,%GPR4,%GPR3	
871	02a9	80210000		lb	%GPR1,0(%GPR1)	
872	02aa	00000000		nop	;;21,24
873	02ab	00000000		nop	;;21,24
874	02ac	00000000		nop	;;21,24
875	02ad	80420000		lb	%GPR2,0(%GPR2)	
876	02ae	00000000		nop	;;24,29
877	02af	00000000		nop	;;24,29
878	02b0	00000000		nop	;;24,29
879				; Automatically 2 NOPs removed by reduceNOPs.sh
880	02b1	40210008		slli	%GPR1,%GPR1,$8	
881	02b2	00000000		nop	;;29,33
882	02b3	00000000		nop	;;29,33
883	02b4	00000000		nop	;;29,33
884				; Automatically 1 NOPs removed by reduceNOPs.sh
885	02b5	0022e025		or	%GPR28,%GPR1,%GPR2	
886	02b6	00000000		nop
887	02b7	00000000		nop
888	02b8	00000000		nop
889			L28:
890	02b9	00000000		nop	; Automatically Added by addNopAfterLabels.pl
891	02ba	08000004		j	L29	
892	02bb	00000000		nop
893	02bc	00000000		nop
894	02bd	00000000		nop
895				; Automatically 1 NOPs removed by reduceNOPs.sh
896			L29:
897	02be	00000000		nop
898	02bf	00000000		nop
899	02c0	00000000		nop
900				; Automatically 1 NOPs removed by reduceNOPs.sh
901	02c1	8fdf0004		lw	%GPR31,4(%GPR30)	
902	02c2	27dd0004		addui	%GPR29,%GPR30,$4	
903	02c3	00000000		nop	; Automatically added by fix-stall-insns.pl
904	02c4	00000000		nop	; Automatically added by fix-stall-insns.pl
905	02c5	00000000		nop	; Automatically added by fix-stall-insns.pl
906	02c6	8fde0000		lw	%GPR30,0(%GPR30)	
907	02c7	00000000		nop
908	02c8	00000000		nop
909	02c9	00000000		nop
910	02ca	00000000		nop	; Automatically added by fix-stall-insns.pl
911	02cb	03e00008		jr	%GPR31	
912	02cc	00000000		nop
913	02cd	00000000		nop
914	02ce	00000000		nop
915				; Automatically 1 NOPs removed by reduceNOPs.sh
916			main:
917			L30:
918	02cf	00000000		nop
919	02d0	00000000		nop
920	02d1	00000000		nop
921				; Automatically 1 NOPs removed by reduceNOPs.sh
922	02d2	afbefffc		sw	-4(%GPR29),%GPR30	
923	02d3	afbf0000		sw	0(%GPR29),%GPR31	
924	02d4	2fbe0004		subui	%GPR30,%GPR29,$4	
925	02d5	00000000		nop
926	02d6	2bbd0010		subi	%GPR29,%GPR29,$16	
927	02d7	00000000		nop
928	02d8	00000000		nop
929	02d9	00000000		nop
930				; Automatically 6 NOPs removed by reduceNOPs.sh
931	02da	3c050000		lhi	%GPR5,$( _lin	/0x10000)
932	02db	00000000		nop
933	02dc	00000000		nop
934	02dd	00000000		nop
935	02de	34a50000		ori	%GPR5,%GPR5,$( _lin	%0x10000)
936	02df	00000000		nop	;;3,6
937	02e0	00000000		nop	;;3,6
938	02e1	00000000		nop	;;3,6
939	02e2	3c060000		lhi	%GPR6,$0	
940	02e3	00000000		nop
941	02e4	00000000		nop
942	02e5	00000000		nop
943				; Automatically 1 NOPs removed by reduceNOPs.sh
944	02e6	34c60029		ori	%GPR6,%GPR6,$41	
945	02e7	00000000		nop	;;6,10
946	02e8	00000000		nop	;;6,10
947	02e9	00000000		nop	;;6,10
948				; Automatically 1 NOPs removed by reduceNOPs.sh
949	02ea	00a62820		add	%GPR5,%GPR5,%GPR6	
950	02eb	3c070000		lhi	%GPR7,$0	
951	02ec	00000000		nop
952	02ed	00000000		nop
953	02ee	00000000		nop
954				; Automatically 1 NOPs removed by reduceNOPs.sh
955	02ef	34e70000		ori	%GPR7,%GPR7,$0	
956	02f0	3c060000		lhi	%GPR6,$( _i1	/0x10000)
957	02f1	00000000		nop
958	02f2	00000000		nop
959	02f3	00000000		nop
960	02f4	34c60340		ori	%GPR6,%GPR6,$( _i1	%0x10000)
961	02f5	3c040000		lhi	%GPR4,$0	
962	02f6	00000000		nop
963	02f7	00000000		nop
964	02f8	00000000		nop
965				; Automatically 1 NOPs removed by reduceNOPs.sh
966	02f9	34840001		ori	%GPR4,%GPR4,$1	
967	02fa	3c030000		lhi	%GPR3,$0	
968	02fb	00000000		nop
969	02fc	00000000		nop
970	02fd	00000000		nop
971				; Automatically 1 NOPs removed by reduceNOPs.sh
972	02fe	34630000		ori	%GPR3,%GPR3,$0	
973	02ff	3c020000		lhi	%GPR2,$0	
974	0300	00000000		nop
975	0301	00000000		nop
976	0302	00000000		nop
977				; Automatically 1 NOPs removed by reduceNOPs.sh
978	0303	34420028		ori	%GPR2,%GPR2,$40	
979	0304	3c010000		lhi	%GPR1,$0	
980	0305	00000000		nop
981	0306	00000000		nop
982	0307	00000000		nop
983				; Automatically 1 NOPs removed by reduceNOPs.sh
984	0308	34210000		ori	%GPR1,%GPR1,$0	
985	0309	a0a70000		sb	0(%GPR5),%GPR7	
986	030a	afc6fffc		sw	-4(%GPR30),%GPR6	
987	030b	00000000		nop
988	030c	00000000		nop
989	030d	00000000		nop
990				; Automatically 1 NOPs removed by reduceNOPs.sh
991	030e	2bbd0008		subi	%GPR29,%GPR29,$8	
992	030f	00000000		nop
993	0310	00000000		nop
994	0311	00000000		nop
995				; Automatically 1 NOPs removed by reduceNOPs.sh
996	0312	0ffffd7c		jal	icrc	
997	0313	00000000		nop
998	0314	00000000		nop
999	0315	00000000		nop
1000				; Automatically 1 NOPs removed by reduceNOPs.sh
1001	0316	23bd0008		addi	%GPR29,%GPR29,$8	
1002	0317	00000000		nop
1003	0318	00000000		nop
1004	0319	00000000		nop
1005				; Automatically 1 NOPs removed by reduceNOPs.sh
1006	031a	8fc3fffc		lw	%GPR3,-4(%GPR30)	
1007	031b	3c010000		lhi	%GPR1,$( _i1	/0x10000)
1008	031c	00000000		nop
1009	031d	00000000		nop
1010	031e	00000000		nop
1011	031f	34210340		ori	%GPR1,%GPR1,$( _i1	%0x10000)
1012	0320	00000000		nop	;;21,23
1013	0321	00000000		nop	;;21,23
1014	0322	3c020000		lhi	%GPR2,$( _lin	/0x10000)
1015	0323	00000000		nop
1016	0324	00000000		nop
1017	0325	00000000		nop
1018	0326	34420000		ori	%GPR2,%GPR2,$( _lin	%0x10000)
1019	0327	a47c0000		sh	0(%GPR3),%GPR28	
1020	0328	3c030000		lhi	%GPR3,$( _i1	/0x10000)
1021	0329	00000000		nop
1022	032a	00000000		nop
1023	032b	00000000		nop
1024	032c	34630340		ori	%GPR3,%GPR3,$( _i1	%0x10000)
1025	032d	3c040000		lhi	%GPR4,$0	
1026	032e	00000000		nop
1027	032f	00000000		nop
1028	0330	00000000		nop
1029				; Automatically 1 NOPs removed by reduceNOPs.sh
1030	0331	34840029		ori	%GPR4,%GPR4,$41	
1031	0332	00000000		nop	;;26,28
1032	0333	00000000		nop	;;26,28
1033	0334	84210000		lh	%GPR1,0(%GPR1)	
1034	0335	3c050000		lhi	%GPR5,$( _lin	/0x10000)
1035	0336	00000000		nop
1036	0337	00000000		nop
1037	0338	00000000		nop
1038	0339	34a50000		ori	%GPR5,%GPR5,$( _lin	%0x10000)
1039	033a	00441020		add	%GPR2,%GPR2,%GPR4	
1040	033b	3c040000		lhi	%GPR4,$0	
1041	033c	00000000		nop
1042	033d	00000000		nop
1043	033e	00000000		nop
1044				; Automatically 1 NOPs removed by reduceNOPs.sh
1045	033f	3484002a		ori	%GPR4,%GPR4,$42	
1046	0340	44210008		srli	%GPR1,%GPR1,$8	
1047	0341	3c060000		lhi	%GPR6,$( _i1	/0x10000)
1048	0342	00000000		nop
1049	0343	00000000		nop
1050	0344	00000000		nop
1051	0345	34c60340		ori	%GPR6,%GPR6,$( _i1	%0x10000)
1052	0346	3c070000		lhi	%GPR7,$( _i2	/0x10000)
1053	0347	00000000		nop
1054	0348	00000000		nop
1055	0349	00000000		nop
1056	034a	34e70342		ori	%GPR7,%GPR7,$( _i2	%0x10000)
1057	034b	00a42820		add	%GPR5,%GPR5,%GPR4	
1058	034c	a0410000		sb	0(%GPR2),%GPR1	
1059	034d	00000000		nop	;;36,40
1060	034e	00000000		nop	;;36,40
1061	034f	00000000		nop	;;36,40
1062				; Automatically 1 NOPs removed by reduceNOPs.sh
1063	0350	84610000		lh	%GPR1,0(%GPR3)	
1064	0351	00000000		nop	;;40,42
1065	0352	00000000		nop	;;40,42
1066	0353	afc7fff8		sw	-8(%GPR30),%GPR7	
1067	0354	00000000		nop	;;42,44
1068	0355	00000000		nop	;;42,44
1069	0356	302100ff		andi	%GPR1,%GPR1,$255	
1070	0357	3c040000		lhi	%GPR4,$0	
1071	0358	00000000		nop
1072	0359	00000000		nop
1073	035a	00000000		nop
1074				; Automatically 1 NOPs removed by reduceNOPs.sh
1075	035b	34840001		ori	%GPR4,%GPR4,$1	
1076	035c	3c030000		lhi	%GPR3,$0	
1077	035d	00000000		nop
1078	035e	00000000		nop
1079	035f	00000000		nop
1080				; Automatically 1 NOPs removed by reduceNOPs.sh
1081	0360	34630000		ori	%GPR3,%GPR3,$0	
1082	0361	3c020000		lhi	%GPR2,$0	
1083	0362	00000000		nop
1084	0363	00000000		nop
1085	0364	00000000		nop
1086				; Automatically 1 NOPs removed by reduceNOPs.sh
1087	0365	3442002a		ori	%GPR2,%GPR2,$42	
1088	0366	a0a10000		sb	0(%GPR5),%GPR1	
1089	0367	00000000		nop	;;48,52
1090	0368	00000000		nop	;;48,52
1091	0369	00000000		nop	;;48,52
1092				; Automatically 1 NOPs removed by reduceNOPs.sh
1093	036a	84c10000		lh	%GPR1,0(%GPR6)	
1094	036b	00000000		nop	;;52,61
1095	036c	00000000		nop	;;52,61
1096	036d	00000000		nop	;;52,61
1097				; Automatically 10 NOPs removed by reduceNOPs.sh
1098	036e	2bbd0008		subi	%GPR29,%GPR29,$8	
1099	036f	00000000		nop
1100	0370	00000000		nop
1101	0371	00000000		nop
1102				; Automatically 1 NOPs removed by reduceNOPs.sh
1103	0372	0ffffd1c		jal	icrc	
1104	0373	00000000		nop
1105	0374	00000000		nop
1106	0375	00000000		nop
1107				; Automatically 1 NOPs removed by reduceNOPs.sh
1108	0376	23bd0008		addi	%GPR29,%GPR29,$8	
1109	0377	00000000		nop
1110	0378	00000000		nop
1111	0379	00000000		nop
1112				; Automatically 1 NOPs removed by reduceNOPs.sh
1113	037a	8fc1fff8		lw	%GPR1,-8(%GPR30)	
1114	037b	00000000		nop	;;62,66
1115	037c	00000000		nop	;;62,66
1116	037d	00000000		nop	;;62,66
1117				; Automatically 1 NOPs removed by reduceNOPs.sh
1118	037e	a43c0000		sh	0(%GPR1),%GPR28	
1119	037f	3c1c0000		lhi	%GPR28,$0	
1120	0380	00000000		nop
1121	0381	00000000		nop
1122	0382	00000000		nop
1123				; Automatically 1 NOPs removed by reduceNOPs.sh
1124	0383	379c0000		ori	%GPR28,%GPR28,$0	
1125	0384	00000000		nop	;;67,71
1126	0385	00000000		nop	;;67,71
1127	0386	00000000		nop	;;67,71
1128				; Automatically 1 NOPs removed by reduceNOPs.sh
1129	0387	08000004		j	L31	
1130	0388	00000000		nop
1131	0389	00000000		nop
1132	038a	00000000		nop
1133				; Automatically 1 NOPs removed by reduceNOPs.sh
1134			L31:
1135	038b	00000000		nop
1136	038c	00000000		nop
1137	038d	00000000		nop
1138				; Automatically 1 NOPs removed by reduceNOPs.sh
1139	038e	8fdf0004		lw	%GPR31,4(%GPR30)	
1140	038f	27dd0004		addui	%GPR29,%GPR30,$4	
1141	0390	00000000		nop	; Automatically added by fix-stall-insns.pl
1142	0391	00000000		nop	; Automatically added by fix-stall-insns.pl
1143	0392	00000000		nop	; Automatically added by fix-stall-insns.pl
1144	0393	8fde0000		lw	%GPR30,0(%GPR30)	
1145	0394	00000000		nop
1146	0395	00000000		nop
1147	0396	00000000		nop
1148	0397	00000000		nop	; Automatically added by fix-stall-insns.pl
1149	0398	03e00008		jr	%GPR31	
1150	0399	00000000		nop
1151	039a	00000000		nop
1152	039b	00000000		nop
1153				; Automatically 2 NOPs removed by reduceNOPs.sh
1154			exit:
1155	039c	00000000		nop
1156	039d	00000000		nop


******** Cross Reference List ********
Defined Symbol
name   	section	lc     	attr   	value  	lineno 
L25	.text	026e	Label	26e	804 
L26	.text	0287	Label	287	834 
L27	.text	028d	Label	28d	841 
L28	.text	02b9	Label	2b9	889 
L29	.text	02be	Label	2be	896 
exit	.text	039c	Label	39c	1154 
_lin	.data	0000	Label	0	3 
L30	.text	02cf	Label	2cf	917 
L31	.text	038b	Label	38b	1134 
_i1	.data	0340	Label	340	74 
_i2	.data	0342	Label	342	78 
L10	.text	007d	Label	7d	235 
L11	.text	008e	Label	8e	256 
L12	.text	00c2	Label	c2	316 
L13	.text	00dd	Label	dd	346 
L14	.text	00ee	Label	ee	367 
L15	.text	0156	Label	156	479 
L16	.text	0167	Label	167	500 
L17	.text	017d	Label	17d	527 
L18	.text	0196	Label	196	557 
L19	.text	01c6	Label	1c6	610 
icrc1	.text	001b	Label	1b	115 
icrc	.text	008e	Label	8e	255 
L1	.data	022c	Label	22c	51 
L2	.data	0230	Label	230	53 
L3	.data	0330	Label	330	55 
_icrctb	.data	002a	Label	2a	48 
L4	.text	001b	Label	1b	116 
L5	.text	0033	Label	33	144 
L6	.text	004c	Label	4c	174 
L7	.text	0058	Label	58	189 
L8	.text	005f	Label	5f	198 
L9	.text	0078	Label	78	228 
main	.text	02cf	Label	2cf	916 
L20	.text	01d5	Label	1d5	629 
L21	.text	01e7	Label	1e7	651 
L22	.text	0200	Label	200	681 
L23	.text	0226	Label	226	724 
L24	.text	0240	Label	240	754 


Undefined Symbol
name   	section	lc     	attr   	value  	lineno 


Multiple Defined Symbol
name   	section	lc     	attr   	value  	lineno 


******* Section Data List ******* 
Sec	Attr		Size
.text 	Writable 	39e 
addr_space : 16 
addressing : Word 
bitwidth per byte : 8 
word alignment : 4 
.data 	Data		344 
addr_space : 16 
addressing : Byte 
bitwidth per byte : 8 
word alignment : 4 
