****** Source Program List ******
LineNo	LC	Code		Source Program 
1				.section	.data
2				;.global	_matrixA
3				.align	4
4			_matrixA:
5	0000	00000000		.space	84
	0004	00000000
	0008	00000000
	000c	00000000
	0010	00000000
	0014	00000000
	0018	00000000
	001c	00000000
	0020	00000000
	0024	00000000
	0028	00000000
	002c	00000000
	0030	00000000
	0034	00000000
	0038	00000000
	003c	00000000
	0040	00000000
	0044	00000000
	0048	00000000
	004c	00000000
	0050	00000000
6				;.global	_matrixB
7				.align	4
8			_matrixB:
9	0054	0000000000		.space	60
	0059	0000000000
	005e	0000000000
	0063	0000000000
	0068	0000000000
	006d	0000000000
	0072	0000000000
	0077	0000000000
	007c	0000000000
	0081	0000000000
	0086	0000000000
	008b	0000000000
10				;.global	_matrixC
11				.align	4
12			_matrixC:
13	0090	0000000000		.space	140
	0095	0000000000
	009a	0000000000
	009f	0000000000
	00a4	0000000000
	00a9	0000000000
	00ae	0000000000
	00b3	0000000000
	00b8	0000000000
	00bd	0000000000
	00c2	0000000000
	00c7	0000000000
	00cc	0000000000
	00d1	0000000000
	00d6	0000000000
	00db	0000000000
	00e0	0000000000
	00e5	0000000000
	00ea	0000000000
	00ef	0000000000
	00f4	0000000000
	00f9	0000000000
	00fe	0000000000
	0103	0000000000
	0108	0000000000
	010d	0000000000
	0112	0000000000
	0117	0000000000
14				.section	.text
15				.addressing	Word
16				.section	.text
17				.addressing	Word
18				;.addressing	Word
19			
20	0000	03def026		xor	%GPR30, %GPR30, %GPR30
21	0001	03bde826		xor	%GPR29, %GPR29, %GPR29
22	0002	039ce026		xor	%GPR28, %GPR28, %GPR28
23	0003	00000000		nop
24	0004	3c1e000f		lhi	%GPR30, $(0xFFFFC/0x10000)
25	0005	3c1d000f		lhi	%GPR29, $(0xFFFFC/0x10000)
26	0006	00000000		nop
27	0007	00000000		nop
28	0008	37defffc		ori	%GPR30, %GPR30, $(0xFFFFC%0x10000)
29	0009	37bdfffc		ori	%GPR29, %GPR29, $(0xFFFFC%0x10000)
30	000a	00000000		nop
31	000b	00000000		nop
32	000c	00000000		nop
33	000d	afbefffc		sw	-4(%GPR29), %GPR30
34	000e	afbffff8		sw	-8(%GPR29), %GPR31
35	000f	23ddfff8		addi	%GPR29, %GPR30, $-8
36	0010	00000000		nop
37	0011	00000000		nop
38	0012	00000000		nop
39	0013	0c0000cd		jal	main	
40	0014	00000000		nop
41	0015	00000000		nop
42	0016	00000000		nop
43	0017	00000000		nop
44	0018	00000000		nop
45	0019	afa10000		sw	0(%GPR29), %GPR1
46	001a	0c0001c0		jal	exit
47	001b	00000000		nop
48	001c	00000000		nop
49			
50				;.addressing	Word
51			pin_down:
52			L_matrix_1:
53	001d	00000000		nop
54	001e	00000000		nop
55	001f	00000000		nop
56				; Automatically 1 NOPs removed by reduceNOPs.sh
57	0020	afbefffc		sw	-4(%GPR29),%GPR30	
58	0021	afbf0000		sw	0(%GPR29),%GPR31	
59	0022	2fbe0004		subui	%GPR30,%GPR29,$4	
60	0023	2bbd0008		subi	%GPR29,%GPR29,$8	
61	0024	00000000		nop
62	0025	00000000		nop
63	0026	00000000		nop
64				; Automatically 11 NOPs removed by reduceNOPs.sh
65	0027	3c040000		lhi	%GPR4,$0	
66	0028	00000000		nop
67	0029	00000000		nop
68	002a	00000000		nop
69				; Automatically 1 NOPs removed by reduceNOPs.sh
70	002b	34840000		ori	%GPR4,%GPR4,$0	
71	002c	00000000		nop
72	002d	00000000		nop
73	002e	00000000		nop
74			L_matrix_2:
75	002f	00000000		nop	;;0,4
76	0030	00000000		nop	;;0,4
77	0031	00000000		nop	;;0,4
78				; Automatically 1 NOPs removed by reduceNOPs.sh
79	0032	3c050000		lhi	%GPR5,$0	
80	0033	00000000		nop
81	0034	00000000		nop
82	0035	00000000		nop
83				; Automatically 1 NOPs removed by reduceNOPs.sh
84	0036	34a50004		ori	%GPR5,%GPR5,$4	
85	0037	3c060000		lhi	%GPR6,$0	
86	0038	00000000		nop
87	0039	00000000		nop
88	003a	00000000		nop
89				; Automatically 1 NOPs removed by reduceNOPs.sh
90	003b	34c60001		ori	%GPR6,%GPR6,$1	
91	003c	3c070000		lhi	%GPR7,$0	
92	003d	00000000		nop
93	003e	00000000		nop
94	003f	00000000		nop
95				; Automatically 1 NOPs removed by reduceNOPs.sh
96	0040	34e70015		ori	%GPR7,%GPR7,$21	
97	0041	00000000		nop	;;6,8
98	0042	00000000		nop	;;6,8
99	0043	00852818		mult	%GPR5,%GPR4,%GPR5	
100	0044	00000000		nop	;;8,12
101	0045	00000000		nop	;;8,12
102	0046	00000000		nop	;;8,12
103				; Automatically 1 NOPs removed by reduceNOPs.sh
104	0047	20840001		addi	%GPR4,%GPR4,$1	
105	0048	00252820		add	%GPR5,%GPR1,%GPR5	
106	0049	00000000		nop	;;13,17
107	004a	00000000		nop	;;13,17
108	004b	00000000		nop	;;13,17
109				; Automatically 1 NOPs removed by reduceNOPs.sh
110	004c	aca60000		sw	0(%GPR5),%GPR6	
111	004d	0087d82a		slt	%GPR27,%GPR4,%GPR7	
112	004e	00000000		nop	; Automatically added by findDataDependency.sh
113	004f	00000000		nop	; Automatically added by findDataDependency.sh
114	0050	00000000		nop	; Automatically added by findDataDependency.sh
115	0051	1760ffde		bnez	%GPR27,L_matrix_2	
116	0052	00000000		nop
117	0053	00000000		nop
118	0054	00000000		nop
119				; Automatically 1 NOPs removed by reduceNOPs.sh
120	0055	08000004		j	L_matrix_3	
121	0056	00000000		nop
122	0057	00000000		nop
123	0058	00000000		nop
124				; Automatically 1 NOPs removed by reduceNOPs.sh
125			L_matrix_3:
126	0059	00000000		nop	;;0,4
127	005a	00000000		nop	;;0,4
128	005b	00000000		nop	;;0,4
129				; Automatically 1 NOPs removed by reduceNOPs.sh
130	005c	3c040000		lhi	%GPR4,$0	
131	005d	00000000		nop
132	005e	00000000		nop
133	005f	00000000		nop
134				; Automatically 1 NOPs removed by reduceNOPs.sh
135	0060	34840000		ori	%GPR4,%GPR4,$0	
136	0061	00000000		nop
137	0062	00000000		nop
138	0063	00000000		nop
139			L_matrix_4:
140	0064	00000000		nop	;;0,4
141	0065	00000000		nop	;;0,4
142	0066	00000000		nop	;;0,4
143				; Automatically 1 NOPs removed by reduceNOPs.sh
144	0067	3c010000		lhi	%GPR1,$0	
145	0068	00000000		nop
146	0069	00000000		nop
147	006a	00000000		nop
148				; Automatically 1 NOPs removed by reduceNOPs.sh
149	006b	34210004		ori	%GPR1,%GPR1,$4	
150	006c	3c050000		lhi	%GPR5,$0	
151	006d	00000000		nop
152	006e	00000000		nop
153	006f	00000000		nop
154				; Automatically 1 NOPs removed by reduceNOPs.sh
155	0070	34a50001		ori	%GPR5,%GPR5,$1	
156	0071	3c060000		lhi	%GPR6,$0	
157	0072	00000000		nop
158	0073	00000000		nop
159	0074	00000000		nop
160				; Automatically 1 NOPs removed by reduceNOPs.sh
161	0075	34c6000f		ori	%GPR6,%GPR6,$15	
162	0076	00000000		nop	;;6,8
163	0077	00000000		nop	;;6,8
164	0078	00810818		mult	%GPR1,%GPR4,%GPR1	
165	0079	00000000		nop	;;8,12
166	007a	00000000		nop	;;8,12
167	007b	00000000		nop	;;8,12
168				; Automatically 1 NOPs removed by reduceNOPs.sh
169	007c	20840001		addi	%GPR4,%GPR4,$1	
170	007d	00410820		add	%GPR1,%GPR2,%GPR1	
171	007e	00000000		nop	;;13,17
172	007f	00000000		nop	;;13,17
173	0080	00000000		nop	;;13,17
174				; Automatically 1 NOPs removed by reduceNOPs.sh
175	0081	ac250000		sw	0(%GPR1),%GPR5	
176	0082	0086d82a		slt	%GPR27,%GPR4,%GPR6	
177	0083	00000000		nop	; Automatically added by findDataDependency.sh
178	0084	00000000		nop	; Automatically added by findDataDependency.sh
179	0085	00000000		nop	; Automatically added by findDataDependency.sh
180	0086	1760ffde		bnez	%GPR27,L_matrix_4	
181	0087	00000000		nop
182	0088	00000000		nop
183	0089	00000000		nop
184				; Automatically 1 NOPs removed by reduceNOPs.sh
185	008a	08000004		j	L_matrix_5	
186	008b	00000000		nop
187	008c	00000000		nop
188	008d	00000000		nop
189				; Automatically 1 NOPs removed by reduceNOPs.sh
190			L_matrix_5:
191	008e	00000000		nop	;;0,4
192	008f	00000000		nop	;;0,4
193	0090	00000000		nop	;;0,4
194				; Automatically 1 NOPs removed by reduceNOPs.sh
195	0091	3c040000		lhi	%GPR4,$0	
196	0092	00000000		nop
197	0093	00000000		nop
198	0094	00000000		nop
199				; Automatically 1 NOPs removed by reduceNOPs.sh
200	0095	34840000		ori	%GPR4,%GPR4,$0	
201	0096	00000000		nop
202	0097	00000000		nop
203	0098	00000000		nop
204			L_matrix_6:
205	0099	00000000		nop	;;0,4
206	009a	00000000		nop	;;0,4
207	009b	00000000		nop	;;0,4
208				; Automatically 1 NOPs removed by reduceNOPs.sh
209	009c	3c010000		lhi	%GPR1,$0	
210	009d	00000000		nop
211	009e	00000000		nop
212	009f	00000000		nop
213				; Automatically 1 NOPs removed by reduceNOPs.sh
214	00a0	34210004		ori	%GPR1,%GPR1,$4	
215	00a1	3c020000		lhi	%GPR2,$0	
216	00a2	00000000		nop
217	00a3	00000000		nop
218	00a4	00000000		nop
219				; Automatically 1 NOPs removed by reduceNOPs.sh
220	00a5	34420000		ori	%GPR2,%GPR2,$0	
221	00a6	3c050000		lhi	%GPR5,$0	
222	00a7	00000000		nop
223	00a8	00000000		nop
224	00a9	00000000		nop
225				; Automatically 1 NOPs removed by reduceNOPs.sh
226	00aa	34a50023		ori	%GPR5,%GPR5,$35	
227	00ab	00000000		nop	;;6,8
228	00ac	00000000		nop	;;6,8
229	00ad	00810818		mult	%GPR1,%GPR4,%GPR1	
230	00ae	00000000		nop	;;8,12
231	00af	00000000		nop	;;8,12
232	00b0	00000000		nop	;;8,12
233				; Automatically 1 NOPs removed by reduceNOPs.sh
234	00b1	20840001		addi	%GPR4,%GPR4,$1	
235	00b2	00610820		add	%GPR1,%GPR3,%GPR1	
236	00b3	00000000		nop	;;13,17
237	00b4	00000000		nop	;;13,17
238	00b5	00000000		nop	;;13,17
239				; Automatically 1 NOPs removed by reduceNOPs.sh
240	00b6	ac220000		sw	0(%GPR1),%GPR2	
241	00b7	0085d82a		slt	%GPR27,%GPR4,%GPR5	
242	00b8	00000000		nop	; Automatically added by findDataDependency.sh
243	00b9	00000000		nop	; Automatically added by findDataDependency.sh
244	00ba	00000000		nop	; Automatically added by findDataDependency.sh
245	00bb	1760ffde		bnez	%GPR27,L_matrix_6	
246	00bc	00000000		nop
247	00bd	00000000		nop
248	00be	00000000		nop
249				; Automatically 1 NOPs removed by reduceNOPs.sh
250	00bf	08000004		j	L_matrix_7	
251	00c0	00000000		nop
252	00c1	00000000		nop
253	00c2	00000000		nop
254				; Automatically 1 NOPs removed by reduceNOPs.sh
255			L_matrix_7:
256	00c3	00000000		nop	;;0,4
257	00c4	00000000		nop	;;0,4
258	00c5	00000000		nop	;;0,4
259				; Automatically 1 NOPs removed by reduceNOPs.sh
260	00c6	3c1c0000		lhi	%GPR28,$0	
261	00c7	00000000		nop
262	00c8	00000000		nop
263	00c9	00000000		nop
264				; Automatically 1 NOPs removed by reduceNOPs.sh
265	00ca	379c0000		ori	%GPR28,%GPR28,$0	
266	00cb	00000000		nop	;;4,8
267	00cc	00000000		nop	;;4,8
268	00cd	00000000		nop	;;4,8
269				; Automatically 1 NOPs removed by reduceNOPs.sh
270	00ce	08000004		j	L_matrix_8	
271	00cf	00000000		nop
272	00d0	00000000		nop
273	00d1	00000000		nop
274				; Automatically 1 NOPs removed by reduceNOPs.sh
275			L_matrix_8:
276	00d2	00000000		nop
277	00d3	00000000		nop
278	00d4	00000000		nop
279				; Automatically 1 NOPs removed by reduceNOPs.sh
280	00d5	8fdf0004		lw	%GPR31,4(%GPR30)	
281	00d6	27dd0004		addui	%GPR29,%GPR30,$4	
282	00d7	8fde0000		lw	%GPR30,0(%GPR30)	
283	00d8	00000000		nop
284	00d9	00000000		nop
285	00da	00000000		nop
286	00db	00000000		nop
287	00dc	03e00008		jr	%GPR31	
288	00dd	00000000		nop
289	00de	00000000		nop
290	00df	00000000		nop
291				; Automatically 1 NOPs removed by reduceNOPs.sh
292			main:
293			L_matrix_9:
294	00e0	00000000		nop
295	00e1	00000000		nop
296	00e2	00000000		nop
297				; Automatically 1 NOPs removed by reduceNOPs.sh
298	00e3	afbefffc		sw	-4(%GPR29),%GPR30	
299	00e4	afbf0000		sw	0(%GPR29),%GPR31	
300	00e5	2fbe0004		subui	%GPR30,%GPR29,$4	
301	00e6	2bbd000c		subi	%GPR29,%GPR29,$12	
302	00e7	00000000		nop
303	00e8	00000000		nop
304	00e9	00000000		nop
305				; Automatically 4 NOPs removed by reduceNOPs.sh
306	00ea	3c010000		lhi	%GPR1,$( _matrixC	/0x10000)
307	00eb	00000000		nop
308	00ec	00000000		nop
309	00ed	00000000		nop
310	00ee	34210090		ori	%GPR1,%GPR1,$( _matrixC	%0x10000)
311	00ef	3c040000		lhi	%GPR4,$( _matrixB	/0x10000)
312	00f0	00000000		nop
313	00f1	00000000		nop
314	00f2	00000000		nop
315	00f3	34840054		ori	%GPR4,%GPR4,$( _matrixB	%0x10000)
316	00f4	00000000		nop	;;3,6
317	00f5	00000000		nop	;;3,6
318	00f6	00000000		nop	;;3,6
319	00f7	afc1fffc		sw	-4(%GPR30),%GPR1	
320	00f8	00201820		add	%GPR3,%GPR1,%GPR0	
321	00f9	00801020		add	%GPR2,%GPR4,%GPR0	
322	00fa	3c010000		lhi	%GPR1,$( _matrixA	/0x10000)
323	00fb	00000000		nop
324	00fc	00000000		nop
325	00fd	00000000		nop
326	00fe	34210000		ori	%GPR1,%GPR1,$( _matrixA	%0x10000)
327	00ff	00000000		nop
328	0100	00000000		nop
329	0101	00000000		nop
330				; Automatically 1 NOPs removed by reduceNOPs.sh
331	0102	2bbd0008		subi	%GPR29,%GPR29,$8	
332	0103	00000000		nop
333	0104	00000000		nop
334	0105	00000000		nop
335				; Automatically 1 NOPs removed by reduceNOPs.sh
336	0106	0fffff17		jal	pin_down	
337	0107	00000000		nop
338	0108	00000000		nop
339	0109	00000000		nop
340				; Automatically 1 NOPs removed by reduceNOPs.sh
341	010a	23bd0008		addi	%GPR29,%GPR29,$8	
342	010b	00000000		nop
343	010c	00000000		nop
344	010d	00000000		nop
345				; Automatically 6 NOPs removed by reduceNOPs.sh
346	010e	3c020000		lhi	%GPR2,$0	
347	010f	00000000		nop
348	0110	00000000		nop
349	0111	00000000		nop
350				; Automatically 1 NOPs removed by reduceNOPs.sh
351	0112	34420000		ori	%GPR2,%GPR2,$0	
352	0113	00000000		nop
353	0114	00000000		nop
354	0115	00000000		nop
355			L_matrix_10:
356	0116	3c010000		lhi	%GPR1,$( _matrixA	/0x10000)
357	0117	00000000		nop
358	0118	00000000		nop
359	0119	00000000		nop
360	011a	34210000		ori	%GPR1,%GPR1,$( _matrixA	%0x10000)
361	011b	00000000		nop	;;1,4
362	011c	00000000		nop	;;1,4
363	011d	00000000		nop	;;1,4
364	011e	3c030000		lhi	%GPR3,$0	
365	011f	00000000		nop
366	0120	00000000		nop
367	0121	00000000		nop
368				; Automatically 1 NOPs removed by reduceNOPs.sh
369	0122	34630000		ori	%GPR3,%GPR3,$0	
370	0123	00000000		nop
371	0124	00000000		nop
372	0125	00000000		nop
373			L_matrix_11:
374	0126	00000000		nop	;;0,3
375	0127	00000000		nop	;;0,3
376	0128	00000000		nop	;;0,3
377	0129	3c040000		lhi	%GPR4,$( _matrixB	/0x10000)
378	012a	00000000		nop
379	012b	00000000		nop
380	012c	00000000		nop
381	012d	34840054		ori	%GPR4,%GPR4,$( _matrixB	%0x10000)
382	012e	3c050000		lhi	%GPR5,$0	
383	012f	00000000		nop
384	0130	00000000		nop
385	0131	00000000		nop
386				; Automatically 1 NOPs removed by reduceNOPs.sh
387	0132	34a50003		ori	%GPR5,%GPR5,$3	
388	0133	3c060000		lhi	%GPR6,$0	
389	0134	00000000		nop
390	0135	00000000		nop
391	0136	00000000		nop
392				; Automatically 1 NOPs removed by reduceNOPs.sh
393	0137	34c60004		ori	%GPR6,%GPR6,$4	
394	0138	8fc9fffc		lw	%GPR9,-4(%GPR30)	
395	0139	3c070000		lhi	%GPR7,$0	
396	013a	00000000		nop
397	013b	00000000		nop
398	013c	00000000		nop
399				; Automatically 1 NOPs removed by reduceNOPs.sh
400	013d	34e70000		ori	%GPR7,%GPR7,$0	
401	013e	00454018		mult	%GPR8,%GPR2,%GPR5	
402	013f	00000000		nop	;;8,11
403	0140	00000000		nop	;;8,11
404	0141	00000000		nop	;;8,11
405	0142	ad270000		sw	0(%GPR9),%GPR7	
406	0143	01063018		mult	%GPR6,%GPR8,%GPR6	
407	0144	3c050000		lhi	%GPR5,$0	
408	0145	00000000		nop
409	0146	00000000		nop
410	0147	00000000		nop
411				; Automatically 1 NOPs removed by reduceNOPs.sh
412	0148	34a50000		ori	%GPR5,%GPR5,$0	
413	0149	00000000		nop	;;13,16
414	014a	00000000		nop	;;13,16
415	014b	00000000		nop	;;13,16
416	014c	00862020		add	%GPR4,%GPR4,%GPR6	
417	014d	00000000		nop
418	014e	00000000		nop
419	014f	00000000		nop
420			L_matrix_12:
421	0150	00803020		add	%GPR6,%GPR4,%GPR0	
422	0151	00203820		add	%GPR7,%GPR1,%GPR0	
423	0152	8fc8fffc		lw	%GPR8,-4(%GPR30)	
424	0153	00000000		nop	;;2,4
425	0154	00000000		nop	;;2,4
426	0155	8cc60000		lw	%GPR6,0(%GPR6)	
427	0156	8ce70000		lw	%GPR7,0(%GPR7)	
428	0157	8d080000		lw	%GPR8,0(%GPR8)	
429	0158	00000000		nop	;;6,9
430	0159	00000000		nop	;;6,9
431	015a	00000000		nop	;;6,9
432	015b	20a50001		addi	%GPR5,%GPR5,$1	
433	015c	04c74038		mac	%GPR8,%GPR6,%GPR7	
434	015d	3c060000		lhi	%GPR6,$0	
435	015e	00000000		nop
436	015f	00000000		nop
437	0160	00000000		nop
438				; Automatically 1 NOPs removed by reduceNOPs.sh
439	0161	34c60004		ori	%GPR6,%GPR6,$4	
440	0162	3c090000		lhi	%GPR9,$0	
441	0163	00000000		nop
442	0164	00000000		nop
443	0165	00000000		nop
444				; Automatically 1 NOPs removed by reduceNOPs.sh
445	0166	35290003		ori	%GPR9,%GPR9,$3	
446	0167	3c070000		lhi	%GPR7,$0	
447	0168	00000000		nop
448	0169	00000000		nop
449	016a	00000000		nop
450				; Automatically 1 NOPs removed by reduceNOPs.sh
451	016b	34e70004		ori	%GPR7,%GPR7,$4	
452	016c	00000000		nop	;;13,15
453	016d	00000000		nop	;;13,15
454	016e	00862020		add	%GPR4,%GPR4,%GPR6	
455	016f	8fc6fffc		lw	%GPR6,-4(%GPR30)	
456	0170	00270820		add	%GPR1,%GPR1,%GPR7	
457	0171	00000000		nop	;;17,20
458	0172	00000000		nop	;;17,20
459	0173	00000000		nop	;;17,20
460	0174	acc80000		sw	0(%GPR6),%GPR8	
461	0175	00a9d82a		slt	%GPR27,%GPR5,%GPR9	
462	0176	00000000		nop	; Automatically added by findDataDependency.sh
463	0177	00000000		nop	; Automatically added by findDataDependency.sh
464	0178	00000000		nop	; Automatically added by findDataDependency.sh
465	0179	1760ffd7		bnez	%GPR27,L_matrix_12	
466	017a	00000000		nop
467	017b	00000000		nop
468	017c	00000000		nop
469				; Automatically 1 NOPs removed by reduceNOPs.sh
470	017d	08000004		j	L_matrix_13	
471	017e	00000000		nop
472	017f	00000000		nop
473	0180	00000000		nop
474				; Automatically 1 NOPs removed by reduceNOPs.sh
475			L_matrix_13:
476	0181	8fc6fffc		lw	%GPR6,-4(%GPR30)	
477	0182	00000000		nop	;;1,3
478	0183	00000000		nop	;;1,3
479	0184	20630001		addi	%GPR3,%GPR3,$1	
480	0185	3c040000		lhi	%GPR4,$0	
481	0186	00000000		nop
482	0187	00000000		nop
483	0188	00000000		nop
484				; Automatically 1 NOPs removed by reduceNOPs.sh
485	0189	34840004		ori	%GPR4,%GPR4,$4	
486	018a	00000000		nop	;;4,6
487	018b	00000000		nop	;;4,6
488	018c	3c050000		lhi	%GPR5,$0	
489	018d	00000000		nop
490	018e	00000000		nop
491	018f	00000000		nop
492				; Automatically 1 NOPs removed by reduceNOPs.sh
493	0190	34a50007		ori	%GPR5,%GPR5,$7	
494	0191	00000000		nop	;;6,8
495	0192	00000000		nop	;;6,8
496	0193	00c42020		add	%GPR4,%GPR6,%GPR4	
497	0194	00000000		nop	;;8,12
498	0195	00000000		nop	;;8,12
499	0196	00000000		nop	;;8,12
500				; Automatically 1 NOPs removed by reduceNOPs.sh
501	0197	afc4fffc		sw	-4(%GPR30),%GPR4	
502	0198	0065d82a		slt	%GPR27,%GPR3,%GPR5	
503	0199	00000000		nop	; Automatically added by findDataDependency.sh
504	019a	00000000		nop	; Automatically added by findDataDependency.sh
505	019b	00000000		nop	; Automatically added by findDataDependency.sh
506	019c	1760ff8a		bnez	%GPR27,L_matrix_11	
507	019d	00000000		nop
508	019e	00000000		nop
509	019f	00000000		nop
510				; Automatically 1 NOPs removed by reduceNOPs.sh
511	01a0	08000004		j	L_matrix_14	
512	01a1	00000000		nop
513	01a2	00000000		nop
514	01a3	00000000		nop
515				; Automatically 1 NOPs removed by reduceNOPs.sh
516			L_matrix_14:
517	01a4	20420001		addi	%GPR2,%GPR2,$1	
518	01a5	00000000		nop	;;1,4
519	01a6	00000000		nop	;;1,4
520	01a7	00000000		nop	;;1,4
521	01a8	3c010000		lhi	%GPR1,$0	
522	01a9	00000000		nop
523	01aa	00000000		nop
524	01ab	00000000		nop
525				; Automatically 1 NOPs removed by reduceNOPs.sh
526	01ac	34210005		ori	%GPR1,%GPR1,$5	
527	01ad	00000000		nop	;;4,8
528	01ae	00000000		nop	;;4,8
529	01af	00000000		nop	;;4,8
530				; Automatically 1 NOPs removed by reduceNOPs.sh
531	01b0	0041d82a		slt	%GPR27,%GPR2,%GPR1	
532	01b1	00000000		nop	; Automatically added by findDataDependency.sh
533	01b2	00000000		nop	; Automatically added by findDataDependency.sh
534	01b3	00000000		nop	; Automatically added by findDataDependency.sh
535	01b4	1760ff62		bnez	%GPR27,L_matrix_10	
536	01b5	00000000		nop
537	01b6	00000000		nop
538	01b7	00000000		nop
539				; Automatically 1 NOPs removed by reduceNOPs.sh
540	01b8	08000004		j	L_matrix_15	
541	01b9	00000000		nop
542	01ba	00000000		nop
543	01bb	00000000		nop
544				; Automatically 1 NOPs removed by reduceNOPs.sh
545			L_matrix_15:
546	01bc	00000000		nop	;;0,4
547	01bd	00000000		nop	;;0,4
548	01be	00000000		nop	;;0,4
549				; Automatically 1 NOPs removed by reduceNOPs.sh
550	01bf	3c1c0000		lhi	%GPR28,$0	
551	01c0	00000000		nop
552	01c1	00000000		nop
553	01c2	00000000		nop
554				; Automatically 1 NOPs removed by reduceNOPs.sh
555	01c3	379c0000		ori	%GPR28,%GPR28,$0	
556	01c4	00000000		nop	;;4,8
557	01c5	00000000		nop	;;4,8
558	01c6	00000000		nop	;;4,8
559				; Automatically 1 NOPs removed by reduceNOPs.sh
560	01c7	08000004		j	L_matrix_16	
561	01c8	00000000		nop
562	01c9	00000000		nop
563	01ca	00000000		nop
564				; Automatically 1 NOPs removed by reduceNOPs.sh
565			L_matrix_16:
566	01cb	00000000		nop
567	01cc	00000000		nop
568	01cd	00000000		nop
569				; Automatically 1 NOPs removed by reduceNOPs.sh
570	01ce	8fdf0004		lw	%GPR31,4(%GPR30)	
571	01cf	27dd0004		addui	%GPR29,%GPR30,$4	
572	01d0	8fde0000		lw	%GPR30,0(%GPR30)	
573	01d1	00000000		nop
574	01d2	00000000		nop
575	01d3	00000000		nop
576	01d4	00000000		nop
577	01d5	03e00008		jr	%GPR31	
578	01d6	00000000		nop
579	01d7	00000000		nop
580	01d8	00000000		nop
581	01d9	00000000		nop
582			exit:
583	01da	00000000		nop
584	01db	00000000		nop


******** Cross Reference List ********
Defined Symbol
name   	section	lc     	attr   	value  	lineno 
L_matrix_10	.text	0116	Label	116	355 
L_matrix_11	.text	0126	Label	126	373 
L_matrix_12	.text	0150	Label	150	420 
L_matrix_13	.text	0181	Label	181	475 
L_matrix_14	.text	01a4	Label	1a4	516 
L_matrix_15	.text	01bc	Label	1bc	545 
L_matrix_16	.text	01cb	Label	1cb	565 
exit	.text	01da	Label	1da	582 
pin_down	.text	001d	Label	1d	51 
L_matrix_1	.text	001d	Label	1d	52 
L_matrix_2	.text	002f	Label	2f	74 
L_matrix_3	.text	0059	Label	59	125 
L_matrix_4	.text	0064	Label	64	139 
L_matrix_5	.text	008e	Label	8e	190 
L_matrix_6	.text	0099	Label	99	204 
L_matrix_7	.text	00c3	Label	c3	255 
_matrixA	.data	0000	Label	0	4 
L_matrix_8	.text	00d2	Label	d2	275 
_matrixB	.data	0054	Label	54	8 
L_matrix_9	.text	00e0	Label	e0	293 
_matrixC	.data	0090	Label	90	12 
main	.text	00e0	Label	e0	292 


Undefined Symbol
name   	section	lc     	attr   	value  	lineno 


Multiple Defined Symbol
name   	section	lc     	attr   	value  	lineno 


******* Section Data List ******* 
Sec	Attr		Size
.text 	Writable 	1dc 
addr_space : 16 
addressing : Word 
bitwidth per byte : 8 
word alignment : 4 
.data 	Data		11c 
addr_space : 16 
addressing : Byte 
bitwidth per byte : 8 
word alignment : 4 
