This file contains any messages produced by compilers while
running configure, to aid debugging if configure makes a mistake.

configure:600: checking host system type
configure:621: checking target system type
configure:639: checking build system type
configure:694: checking for a BSD compatible install
configure:747: checking whether ln works
configure:771: checking whether ln -s works
configure:1886: checking for gcc
configure:1999: checking whether the C compiler (gcc  ) works
configure:2015: gcc -o conftest    conftest.c  1>&5
configure:2041: checking whether the C compiler (gcc  ) is a cross-compiler
configure:2046: checking whether we are using GNU C
configure:2055: gcc -E conftest.c
configure:2074: checking whether gcc accepts -g
configure:2141: checking for gnatbind
configure:2206: checking whether compiler driver understands Ada
configure:2238: checking how to compare bootstrapped objects
configure:2336: checking for correct version of gmp.h
configure:2349: gcc -c -g -O2   conftest.c 1>&5
configure:2339:17: error: gmp.h: No such file or directory
configure: In function 'main':
configure:2343: error: 'choke' undeclared (first use in this function)
configure:2343: error: (Each undeclared identifier is reported only once
configure:2343: error: for each function it appears in.)
configure:2343: error: expected ';' before 'me'
configure: failed program was:
#line 2338 "configure"
#include "confdefs.h"
#include "gmp.h"
int main() {

#if __GNU_MP_VERSION < 3
choke me
#endif

; return 0; }
configure:2890: checking for bison
configure:2925: checking for bison
configure:2960: checking for gm4
configure:2960: checking for gnum4
configure:2960: checking for m4
configure:2995: checking for flex
configure:3030: checking for flex
configure:3065: checking for makeinfo
configure:3586: checking for i686-pc-linux-gnu-ar
configure:3617: checking for ar
configure:3661: checking for i686-pc-linux-gnu-as
configure:3692: checking for as
configure:3736: checking for i686-pc-linux-gnu-dlltool
configure:3767: checking for dlltool
configure:3811: checking for i686-pc-linux-gnu-ld
configure:3842: checking for ld
configure:3886: checking for i686-pc-linux-gnu-nm
configure:3917: checking for nm
configure:3961: checking for i686-pc-linux-gnu-ranlib
configure:3992: checking for ranlib
configure:4031: checking for i686-pc-linux-gnu-windres
configure:4062: checking for windres
configure:4106: checking for i686-pc-linux-gnu-objcopy
configure:4137: checking for objcopy
configure:4181: checking for i686-pc-linux-gnu-objdump
configure:4212: checking for objdump
configure:4264: checking for brownie32-elf-ar
configure:4339: checking for brownie32-elf-as
configure:4414: checking for brownie32-elf-cc
configure:4414: checking for brownie32-elf-gcc
configure:4489: checking for brownie32-elf-c++
configure:4489: checking for brownie32-elf-g++
configure:4489: checking for brownie32-elf-cxx
configure:4489: checking for brownie32-elf-gxx
configure:4564: checking for brownie32-elf-dlltool
configure:4639: checking for brownie32-elf-gcc
configure:4709: checking for brownie32-elf-gcj
configure:4784: checking for brownie32-elf-gfortran
configure:4859: checking for brownie32-elf-ld
configure:4934: checking for brownie32-elf-lipo
configure:5009: checking for brownie32-elf-nm
configure:5084: checking for brownie32-elf-objdump
configure:5159: checking for brownie32-elf-ranlib
configure:5229: checking for brownie32-elf-strip
configure:5304: checking for brownie32-elf-windres
configure:5445: checking whether to enable maintainer-specific portions of Makefiles
configure:5492: checking if symbolic links between directories work
