0 s: Info: RotationsManager: Cycle-time: 1 ns

0 s: Info: TDLAMBDA: 
   TD(lambda) using parameters:
   lambda = 0
   gamma  = 0
   alpha  = 0
   e_min  = 1e-05
0 s: Info: RotationsManager: 
   * FPGA capacity/used: 6/0



0 s: Info: DECODER: Decoder ready.
0 s: Info: MONITOR: 	Size of timeframe: 250,000
	Extended monitoring information between cycles 0 and 1
0 s: Info: RotationsManager: Initializing DLX Pipeline Emulator
   * Module Name:            [Pipeline]
   * Instruction Memory:     [/home/bauer_l/ASIPMeisterProjects/dlx_basis/Applications/Encoder_dynamic_MixedHWSWMolecule_startup_opt2/TestData.IM]
   * Branch Trace:           [/home/bauer_l/ASIPMeisterProjects/dlx_basis/Applications/Encoder_dynamic_MixedHWSWMolecule_startup_opt2/trace.txt]
   * DLX Opcode Definitions: [/home/bauer_l//RotationsManager_53/DLX/dlxops.dlx]

52 ns: Info: PREFETCHER: 
---> BEFORE RESCHEDULING
 SAD_16_HW_00        : 1x[atom_SAD4]  (L, Execs)=	68	0
 SATD_4x4_HW_03      : 1x[atom_SATD] 1x[atom_Transform2] 1x[atom_PackLSBMSB] 1x[atom_QuadSub]  (L, Execs)=	22	0
 DCT_4x4_HW_02       : 1x[atom_Transform1] 1x[atom_PackLSBMSB] 1x[atom_QuadSub]  (L, Execs)=	21	0
 HT_4X4_HW_01        : 1x[atom_Transform2] 1x[atom_PackLSBMSB]  (L, Execs)=	16	0


---> AFTER RESCHEDULING
 SAD_16_HW_00        : 1x[atom_SAD4]  (L, Execs)=	68	0
 HT_4X4_HW_01        : 1x[atom_Transform2] 1x[atom_PackLSBMSB]  (L, Execs)=	16	0
 DCT_4x4_HW_02       : 1x[atom_Transform1] 1x[atom_PackLSBMSB] 1x[atom_QuadSub]  (L, Execs)=	21	0
 SATD_4x4_HW_03      : 1x[atom_SATD] 1x[atom_Transform2] 1x[atom_PackLSBMSB] 1x[atom_QuadSub]  (L, Execs)=	22	0


52 ns: Info: PREFETCHER: 
SysDyn:	FORECAST POINT:	at address 0x290
SysDyn:	CURRENT PREDICTION:	6633.0	1584.0	2.0	9420.0	7.0	7.0	3168.0	25344.0	4752.0	
SysDyn:	CONFIGURATION STATUS:	   * FPGA capacity/used: 6/0

SysDyn:	SWAP-IN QUEUE:	atom_SAD4	needed/available: 1/0 swap-in/swap-out: 0/0 --> SAD_16_HW_00 
SysDyn:	SWAP-IN QUEUE:	atom_PackLSBMSB	needed/available: 1/0 swap-in/swap-out: 0/0 --> HT_4X4_HW_01 SATD_4x4_HW_03 DCT_4x4_HW_02 
SysDyn:	SWAP-IN QUEUE:	atom_Transform2	needed/available: 1/0 swap-in/swap-out: 0/0 --> HT_4X4_HW_01 SATD_4x4_HW_03 
SysDyn:	SWAP-IN QUEUE:	atom_QuadSub	needed/available: 1/0 swap-in/swap-out: 0/0 --> SATD_4x4_HW_03 DCT_4x4_HW_02 
SysDyn:	SWAP-IN QUEUE:	atom_Transform1	needed/available: 1/0 swap-in/swap-out: 0/0 --> DCT_4x4_HW_02 
SysDyn:	SWAP-IN QUEUE:	atom_SATD	needed/available: 1/0 swap-in/swap-out: 0/0 --> SATD_4x4_HW_03 
================================================================================

52 ns: Info: MONITOR: currently no atoms available

62 ns: Info: MONITOR: ATOM IN:	atom_SAD4	needed/available: 1/1 swap-in/swap-out: 1/0 --> SAD_16_HW_00 
62 ns: Info: MONITOR: Molecule	SAD_16_SW	4673	is replaced by molecule	SAD_16_HW_00	68	and was used	0	- times.

62 ns: Info: MONITOR: The fastest available molecule for SI No. 0 is:	SAD_16_HW_00	68
62 ns: Info: MONITOR: The fastest available molecule for SI No. 1 is:	HT_2X2_SW	100
62 ns: Info: MONITOR: The fastest available molecule for SI No. 2 is:	HT_4X4_SW	298
62 ns: Info: MONITOR: The fastest available molecule for SI No. 3 is:	MC_Hz4_SW	215
62 ns: Info: MONITOR: The fastest available molecule for SI No. 4 is:	IPred_HDC16x16_SW	249
62 ns: Info: MONITOR: The fastest available molecule for SI No. 5 is:	IPred_VDC16x16_SW	69
62 ns: Info: MONITOR: The fastest available molecule for SI No. 6 is:	LF_BS_4_4_SW	960
62 ns: Info: MONITOR: The fastest available molecule for SI No. 7 is:	SATD_4x4_SW	544
62 ns: Info: MONITOR: The fastest available molecule for SI No. 8 is:	DCT_4x4_SW	488
62 ns: Info: MONITOR: 

72 ns: Info: MONITOR: ATOM IN:	atom_PackLSBMSB	needed/available: 1/1 swap-in/swap-out: 1/0 --> HT_4X4_HW_01 SATD_4x4_HW_03 DCT_4x4_HW_02 
72 ns: Info: MONITOR: The fastest available molecule for SI No. 0 is:	SAD_16_HW_00	68
72 ns: Info: MONITOR: The fastest available molecule for SI No. 1 is:	HT_2X2_SW	100
72 ns: Info: MONITOR: The fastest available molecule for SI No. 2 is:	HT_4X4_SW	298
72 ns: Info: MONITOR: The fastest available molecule for SI No. 3 is:	MC_Hz4_SW	215
72 ns: Info: MONITOR: The fastest available molecule for SI No. 4 is:	IPred_HDC16x16_SW	249
72 ns: Info: MONITOR: The fastest available molecule for SI No. 5 is:	IPred_VDC16x16_SW	69
72 ns: Info: MONITOR: The fastest available molecule for SI No. 6 is:	LF_BS_4_4_SW	960
72 ns: Info: MONITOR: The fastest available molecule for SI No. 7 is:	SATD_4x4_SW	544
72 ns: Info: MONITOR: The fastest available molecule for SI No. 8 is:	DCT_4x4_SW	488
72 ns: Info: MONITOR: 

82 ns: Info: MONITOR: ATOM IN:	atom_Transform2	needed/available: 1/1 swap-in/swap-out: 1/0 --> HT_4X4_HW_01 SATD_4x4_HW_03 
82 ns: Info: MONITOR: Molecule	HT_4X4_SW	298	is replaced by molecule	HT_4X4_HW_01	16	and was used	0	- times.

82 ns: Info: MONITOR: Molecule	SATD_4x4_SW	544	is replaced by molecule	SATD_4x4_HW_01	294	and was used	0	- times.

82 ns: Info: MONITOR: The fastest available molecule for SI No. 0 is:	SAD_16_HW_00	68
82 ns: Info: MONITOR: The fastest available molecule for SI No. 1 is:	HT_2X2_SW	100
82 ns: Info: MONITOR: The fastest available molecule for SI No. 2 is:	HT_4X4_HW_01	16
82 ns: Info: MONITOR: The fastest available molecule for SI No. 3 is:	MC_Hz4_SW	215
82 ns: Info: MONITOR: The fastest available molecule for SI No. 4 is:	IPred_HDC16x16_SW	249
82 ns: Info: MONITOR: The fastest available molecule for SI No. 5 is:	IPred_VDC16x16_SW	69
82 ns: Info: MONITOR: The fastest available molecule for SI No. 6 is:	LF_BS_4_4_SW	960
82 ns: Info: MONITOR: The fastest available molecule for SI No. 7 is:	SATD_4x4_HW_01	294
82 ns: Info: MONITOR: The fastest available molecule for SI No. 8 is:	DCT_4x4_SW	488
82 ns: Info: MONITOR: 

92 ns: Info: MONITOR: ATOM IN:	atom_QuadSub	needed/available: 1/1 swap-in/swap-out: 1/0 --> SATD_4x4_HW_03 DCT_4x4_HW_02 
92 ns: Info: MONITOR: Molecule	SATD_4x4_HW_01	294	is replaced by molecule	SATD_4x4_HW_02	186	and was used	0	- times.

92 ns: Info: MONITOR: The fastest available molecule for SI No. 0 is:	SAD_16_HW_00	68
92 ns: Info: MONITOR: The fastest available molecule for SI No. 1 is:	HT_2X2_SW	100
92 ns: Info: MONITOR: The fastest available molecule for SI No. 2 is:	HT_4X4_HW_01	16
92 ns: Info: MONITOR: The fastest available molecule for SI No. 3 is:	MC_Hz4_SW	215
92 ns: Info: MONITOR: The fastest available molecule for SI No. 4 is:	IPred_HDC16x16_SW	249
92 ns: Info: MONITOR: The fastest available molecule for SI No. 5 is:	IPred_VDC16x16_SW	69
92 ns: Info: MONITOR: The fastest available molecule for SI No. 6 is:	LF_BS_4_4_SW	960
92 ns: Info: MONITOR: The fastest available molecule for SI No. 7 is:	SATD_4x4_HW_02	186
92 ns: Info: MONITOR: The fastest available molecule for SI No. 8 is:	DCT_4x4_SW	488
92 ns: Info: MONITOR: 

102 ns: Info: MONITOR: ATOM IN:	atom_Transform1	needed/available: 1/1 swap-in/swap-out: 1/0 --> DCT_4x4_HW_02 
102 ns: Info: MONITOR: Molecule	DCT_4x4_SW	488	is replaced by molecule	DCT_4x4_HW_02	21	and was used	0	- times.

102 ns: Info: MONITOR: The fastest available molecule for SI No. 0 is:	SAD_16_HW_00	68
102 ns: Info: MONITOR: The fastest available molecule for SI No. 1 is:	HT_2X2_SW	100
102 ns: Info: MONITOR: The fastest available molecule for SI No. 2 is:	HT_4X4_HW_01	16
102 ns: Info: MONITOR: The fastest available molecule for SI No. 3 is:	MC_Hz4_SW	215
102 ns: Info: MONITOR: The fastest available molecule for SI No. 4 is:	IPred_HDC16x16_SW	249
102 ns: Info: MONITOR: The fastest available molecule for SI No. 5 is:	IPred_VDC16x16_SW	69
102 ns: Info: MONITOR: The fastest available molecule for SI No. 6 is:	LF_BS_4_4_SW	960
102 ns: Info: MONITOR: The fastest available molecule for SI No. 7 is:	SATD_4x4_HW_02	186
102 ns: Info: MONITOR: The fastest available molecule for SI No. 8 is:	DCT_4x4_HW_02	21
102 ns: Info: MONITOR: 

112 ns: Info: MONITOR: ATOM IN:	atom_SATD	needed/available: 1/1 swap-in/swap-out: 1/0 --> SATD_4x4_HW_03 
112 ns: Info: MONITOR: Molecule	SATD_4x4_HW_02	186	is replaced by molecule	SATD_4x4_HW_03	22	and was used	0	- times.

112 ns: Info: MONITOR: The fastest available molecule for SI No. 0 is:	SAD_16_HW_00	68
112 ns: Info: MONITOR: The fastest available molecule for SI No. 1 is:	HT_2X2_SW	100
112 ns: Info: MONITOR: The fastest available molecule for SI No. 2 is:	HT_4X4_HW_01	16
112 ns: Info: MONITOR: The fastest available molecule for SI No. 3 is:	MC_Hz4_SW	215
112 ns: Info: MONITOR: The fastest available molecule for SI No. 4 is:	IPred_HDC16x16_SW	249
112 ns: Info: MONITOR: The fastest available molecule for SI No. 5 is:	IPred_VDC16x16_SW	69
112 ns: Info: MONITOR: The fastest available molecule for SI No. 6 is:	LF_BS_4_4_SW	960
112 ns: Info: MONITOR: The fastest available molecule for SI No. 7 is:	SATD_4x4_HW_03	22
112 ns: Info: MONITOR: The fastest available molecule for SI No. 8 is:	DCT_4x4_HW_02	21
112 ns: Info: MONITOR: 

250 us: Info: MONITOR: Molecule: 	SAD_16_HW_00	was used	1243	since in last timeframe
250 us: Info: MONITOR: Molecule: 	SATD_4x4_HW_03	was used	4608	since in last timeframe
250 us: Info: MONITOR:    SI usages in last timeframe  	1243	0	0	0	0	0	0	4608	0	

500 us: Info: MONITOR: Molecule: 	SAD_16_HW_00	was used	1236	since in last timeframe
500 us: Info: MONITOR: Molecule: 	SATD_4x4_HW_03	was used	4629	since in last timeframe
500 us: Info: MONITOR:    SI usages in last timeframe  	1236	0	0	0	0	0	0	4629	0	

750 us: Info: MONITOR: Molecule: 	SAD_16_HW_00	was used	1206	since in last timeframe
750 us: Info: MONITOR: Molecule: 	SATD_4x4_HW_03	was used	4711	since in last timeframe
750 us: Info: MONITOR:    SI usages in last timeframe  	1206	0	0	0	0	0	0	4711	0	

1 ms: Info: MONITOR: Molecule: 	SAD_16_HW_00	was used	1206	since in last timeframe
1 ms: Info: MONITOR: Molecule: 	SATD_4x4_HW_03	was used	4711	since in last timeframe
1 ms: Info: MONITOR:    SI usages in last timeframe  	1206	0	0	0	0	0	0	4711	0	

1250 us: Info: MONITOR: Molecule: 	SAD_16_HW_00	was used	1233	since in last timeframe
1250 us: Info: MONITOR: Molecule: 	SATD_4x4_HW_03	was used	4637	since in last timeframe
1250 us: Info: MONITOR:    SI usages in last timeframe  	1233	0	0	0	0	0	0	4637	0	

1500 us: Info: MONITOR: Molecule: 	SAD_16_HW_00	was used	509	since in last timeframe
1500 us: Info: MONITOR: Molecule: 	HT_2X2_SW	was used	80	since in last timeframe
1500 us: Info: MONITOR: Molecule: 	MC_Hz4_SW	was used	559	since in last timeframe
1500 us: Info: MONITOR: Molecule: 	SATD_4x4_HW_03	was used	2048	since in last timeframe
1500 us: Info: MONITOR: Molecule: 	DCT_4x4_HW_02	was used	240	since in last timeframe
1500 us: Info: MONITOR:    SI usages in last timeframe  	509	80	0	559	0	0	0	2048	240	

1750 us: Info: MONITOR: Molecule: 	HT_2X2_SW	was used	160	since in last timeframe
1750 us: Info: MONITOR: Molecule: 	MC_Hz4_SW	was used	961	since in last timeframe
1750 us: Info: MONITOR: Molecule: 	DCT_4x4_HW_02	was used	480	since in last timeframe
1750 us: Info: MONITOR:    SI usages in last timeframe  	0	160	0	961	0	0	0	0	480	

2 ms: Info: MONITOR: Molecule: 	HT_2X2_SW	was used	160	since in last timeframe
2 ms: Info: MONITOR: Molecule: 	MC_Hz4_SW	was used	961	since in last timeframe
2 ms: Info: MONITOR: Molecule: 	DCT_4x4_HW_02	was used	480	since in last timeframe
2 ms: Info: MONITOR:    SI usages in last timeframe  	0	160	0	961	0	0	0	0	480	

2250 us: Info: MONITOR: Molecule: 	HT_2X2_SW	was used	160	since in last timeframe
2250 us: Info: MONITOR: Molecule: 	MC_Hz4_SW	was used	962	since in last timeframe
2250 us: Info: MONITOR: Molecule: 	DCT_4x4_HW_02	was used	480	since in last timeframe
2250 us: Info: MONITOR:    SI usages in last timeframe  	0	160	0	962	0	0	0	0	480	

2500 us: Info: MONITOR: Molecule: 	HT_2X2_SW	was used	160	since in last timeframe
2500 us: Info: MONITOR: Molecule: 	MC_Hz4_SW	was used	961	since in last timeframe
2500 us: Info: MONITOR: Molecule: 	DCT_4x4_HW_02	was used	480	since in last timeframe
2500 us: Info: MONITOR:    SI usages in last timeframe  	0	160	0	961	0	0	0	0	480	

2750 us: Info: MONITOR: Molecule: 	HT_2X2_SW	was used	160	since in last timeframe
2750 us: Info: MONITOR: Molecule: 	MC_Hz4_SW	was used	961	since in last timeframe
2750 us: Info: MONITOR: Molecule: 	DCT_4x4_HW_02	was used	480	since in last timeframe
2750 us: Info: MONITOR:    SI usages in last timeframe  	0	160	0	961	0	0	0	0	480	

3 ms: Info: MONITOR: Molecule: 	HT_2X2_SW	was used	176	since in last timeframe
3 ms: Info: MONITOR: Molecule: 	HT_4X4_HW_01	was used	2	since in last timeframe
3 ms: Info: MONITOR: Molecule: 	MC_Hz4_SW	was used	934	since in last timeframe
3 ms: Info: MONITOR: Molecule: 	IPred_HDC16x16_SW	was used	8	since in last timeframe
3 ms: Info: MONITOR: Molecule: 	IPred_VDC16x16_SW	was used	8	since in last timeframe
3 ms: Info: MONITOR: Molecule: 	DCT_4x4_HW_02	was used	528	since in last timeframe
3 ms: Info: MONITOR:    SI usages in last timeframe  	0	176	2	934	8	8	0	0	528	

3250 us: Info: MONITOR: Molecule: 	HT_2X2_SW	was used	160	since in last timeframe
3250 us: Info: MONITOR: Molecule: 	MC_Hz4_SW	was used	961	since in last timeframe
3250 us: Info: MONITOR: Molecule: 	DCT_4x4_HW_02	was used	480	since in last timeframe
3250 us: Info: MONITOR:    SI usages in last timeframe  	0	160	0	961	0	0	0	0	480	

3500 us: Info: MONITOR: Molecule: 	HT_2X2_SW	was used	160	since in last timeframe
3500 us: Info: MONITOR: Molecule: 	MC_Hz4_SW	was used	961	since in last timeframe
3500 us: Info: MONITOR: Molecule: 	DCT_4x4_HW_02	was used	480	since in last timeframe
3500 us: Info: MONITOR:    SI usages in last timeframe  	0	160	0	961	0	0	0	0	480	

3750 us: Info: MONITOR: Molecule: 	HT_2X2_SW	was used	160	since in last timeframe
3750 us: Info: MONITOR: Molecule: 	MC_Hz4_SW	was used	962	since in last timeframe
3750 us: Info: MONITOR: Molecule: 	DCT_4x4_HW_02	was used	480	since in last timeframe
3750 us: Info: MONITOR:    SI usages in last timeframe  	0	160	0	962	0	0	0	0	480	

4 ms: Info: MONITOR: Molecule: 	HT_2X2_SW	was used	48	since in last timeframe
4 ms: Info: MONITOR: Molecule: 	MC_Hz4_SW	was used	225	since in last timeframe
4 ms: Info: MONITOR: Molecule: 	LF_BS_4_4_SW	was used	194	since in last timeframe
4 ms: Info: MONITOR: Molecule: 	DCT_4x4_HW_02	was used	144	since in last timeframe
4 ms: Info: MONITOR:    SI usages in last timeframe  	0	48	0	225	0	0	194	0	144	

4250 us: Info: MONITOR: Molecule: 	LF_BS_4_4_SW	was used	257	since in last timeframe
4250 us: Info: MONITOR:    SI usages in last timeframe  	0	0	0	0	0	0	257	0	0	

4500 us: Info: MONITOR: Molecule: 	LF_BS_4_4_SW	was used	257	since in last timeframe
4500 us: Info: MONITOR:    SI usages in last timeframe  	0	0	0	0	0	0	257	0	0	

4750 us: Info: MONITOR: Molecule: 	LF_BS_4_4_SW	was used	256	since in last timeframe
4750 us: Info: MONITOR:    SI usages in last timeframe  	0	0	0	0	0	0	256	0	0	

5 ms: Info: MONITOR: Molecule: 	LF_BS_4_4_SW	was used	257	since in last timeframe
5 ms: Info: MONITOR:    SI usages in last timeframe  	0	0	0	0	0	0	257	0	0	

5250 us: Info: MONITOR: Molecule: 	LF_BS_4_4_SW	was used	256	since in last timeframe
5250 us: Info: MONITOR:    SI usages in last timeframe  	0	0	0	0	0	0	256	0	0	

5500 us: Info: MONITOR: Molecule: 	LF_BS_4_4_SW	was used	257	since in last timeframe
5500 us: Info: MONITOR:    SI usages in last timeframe  	0	0	0	0	0	0	257	0	0	

5750 us: Info: MONITOR: Molecule: 	LF_BS_4_4_SW	was used	257	since in last timeframe
5750 us: Info: MONITOR:    SI usages in last timeframe  	0	0	0	0	0	0	257	0	0	

6 ms: Info: MONITOR: Molecule: 	LF_BS_4_4_SW	was used	256	since in last timeframe
6 ms: Info: MONITOR:    SI usages in last timeframe  	0	0	0	0	0	0	256	0	0	

6250 us: Info: MONITOR: Molecule: 	LF_BS_4_4_SW	was used	257	since in last timeframe
6250 us: Info: MONITOR:    SI usages in last timeframe  	0	0	0	0	0	0	257	0	0	

6500 us: Info: MONITOR: Molecule: 	LF_BS_4_4_SW	was used	256	since in last timeframe
6500 us: Info: MONITOR:    SI usages in last timeframe  	0	0	0	0	0	0	256	0	0	

6750 us: Info: MONITOR: Molecule: 	LF_BS_4_4_SW	was used	257	since in last timeframe
6750 us: Info: MONITOR:    SI usages in last timeframe  	0	0	0	0	0	0	257	0	0	

7 ms: Info: MONITOR: Molecule: 	SAD_16_HW_00	was used	536	since in last timeframe
7 ms: Info: MONITOR: Molecule: 	LF_BS_4_4_SW	was used	151	since in last timeframe
7 ms: Info: MONITOR: Molecule: 	SATD_4x4_HW_03	was used	1807	since in last timeframe
7 ms: Info: MONITOR:    SI usages in last timeframe  	536	0	0	0	0	0	151	1807	0	

7250 us: Info: MONITOR: Molecule: 	SAD_16_HW_00	was used	1206	since in last timeframe
7250 us: Info: MONITOR: Molecule: 	SATD_4x4_HW_03	was used	4711	since in last timeframe
7250 us: Info: MONITOR:    SI usages in last timeframe  	1206	0	0	0	0	0	0	4711	0	

7500 us: Info: MONITOR: Molecule: 	SAD_16_HW_00	was used	1206	since in last timeframe
7500 us: Info: MONITOR: Molecule: 	SATD_4x4_HW_03	was used	4712	since in last timeframe
7500 us: Info: MONITOR:    SI usages in last timeframe  	1206	0	0	0	0	0	0	4712	0	

7750 us: Info: MONITOR: Molecule: 	SAD_16_HW_00	was used	1231	since in last timeframe
7750 us: Info: MONITOR: Molecule: 	SATD_4x4_HW_03	was used	4642	since in last timeframe
7750 us: Info: MONITOR:    SI usages in last timeframe  	1231	0	0	0	0	0	0	4642	0	

8 ms: Info: MONITOR: Molecule: 	SAD_16_HW_00	was used	1244	since in last timeframe
8 ms: Info: MONITOR: Molecule: 	SATD_4x4_HW_03	was used	4608	since in last timeframe
8 ms: Info: MONITOR:    SI usages in last timeframe  	1244	0	0	0	0	0	0	4608	0	

8250 us: Info: MONITOR: Molecule: 	SAD_16_HW_00	was used	1210	since in last timeframe
8250 us: Info: MONITOR: Molecule: 	SATD_4x4_HW_03	was used	4700	since in last timeframe
8250 us: Info: MONITOR:    SI usages in last timeframe  	1210	0	0	0	0	0	0	4700	0	

8500 us: Info: MONITOR: Molecule: 	HT_2X2_SW	was used	144	since in last timeframe
8500 us: Info: MONITOR: Molecule: 	MC_Hz4_SW	was used	953	since in last timeframe
8500 us: Info: MONITOR: Molecule: 	SATD_4x4_HW_03	was used	164	since in last timeframe
8500 us: Info: MONITOR: Molecule: 	DCT_4x4_HW_02	was used	432	since in last timeframe
8500 us: Info: MONITOR:    SI usages in last timeframe  	0	144	0	953	0	0	0	164	432	

8750 us: Info: MONITOR: Molecule: 	HT_2X2_SW	was used	160	since in last timeframe
8750 us: Info: MONITOR: Molecule: 	MC_Hz4_SW	was used	962	since in last timeframe
8750 us: Info: MONITOR: Molecule: 	DCT_4x4_HW_02	was used	480	since in last timeframe
8750 us: Info: MONITOR:    SI usages in last timeframe  	0	160	0	962	0	0	0	0	480	

9 ms: Info: MONITOR: Molecule: 	HT_2X2_SW	was used	160	since in last timeframe
9 ms: Info: MONITOR: Molecule: 	MC_Hz4_SW	was used	961	since in last timeframe
9 ms: Info: MONITOR: Molecule: 	DCT_4x4_HW_02	was used	480	since in last timeframe
9 ms: Info: MONITOR:    SI usages in last timeframe  	0	160	0	961	0	0	0	0	480	

9250 us: Info: MONITOR: Molecule: 	HT_2X2_SW	was used	160	since in last timeframe
9250 us: Info: MONITOR: Molecule: 	MC_Hz4_SW	was used	961	since in last timeframe
9250 us: Info: MONITOR: Molecule: 	DCT_4x4_HW_02	was used	480	since in last timeframe
9250 us: Info: MONITOR:    SI usages in last timeframe  	0	160	0	961	0	0	0	0	480	

9500 us: Info: MONITOR: Molecule: 	HT_2X2_SW	was used	160	since in last timeframe
9500 us: Info: MONITOR: Molecule: 	MC_Hz4_SW	was used	961	since in last timeframe
9500 us: Info: MONITOR: Molecule: 	DCT_4x4_HW_02	was used	480	since in last timeframe
9500 us: Info: MONITOR:    SI usages in last timeframe  	0	160	0	961	0	0	0	0	480	

9750 us: Info: MONITOR: Molecule: 	HT_2X2_SW	was used	160	since in last timeframe
9750 us: Info: MONITOR: Molecule: 	MC_Hz4_SW	was used	962	since in last timeframe
9750 us: Info: MONITOR: Molecule: 	DCT_4x4_HW_02	was used	480	since in last timeframe
9750 us: Info: MONITOR:    SI usages in last timeframe  	0	160	0	962	0	0	0	0	480	

10 ms: Info: MONITOR: Molecule: 	HT_2X2_SW	was used	160	since in last timeframe
10 ms: Info: MONITOR: Molecule: 	MC_Hz4_SW	was used	960	since in last timeframe
10 ms: Info: MONITOR: Molecule: 	DCT_4x4_HW_02	was used	483	since in last timeframe
10 ms: Info: MONITOR:    SI usages in last timeframe  	0	160	0	960	0	0	0	0	483	

10250 us: Info: MONITOR: Molecule: 	HT_2X2_SW	was used	160	since in last timeframe
10250 us: Info: MONITOR: Molecule: 	MC_Hz4_SW	was used	960	since in last timeframe
10250 us: Info: MONITOR: Molecule: 	DCT_4x4_HW_02	was used	489	since in last timeframe
10250 us: Info: MONITOR:    SI usages in last timeframe  	0	160	0	960	0	0	0	0	489	

10500 us: Info: MONITOR: Molecule: 	HT_2X2_SW	was used	160	since in last timeframe
10500 us: Info: MONITOR: Molecule: 	MC_Hz4_SW	was used	960	since in last timeframe
10500 us: Info: MONITOR: Molecule: 	DCT_4x4_HW_02	was used	489	since in last timeframe
10500 us: Info: MONITOR:    SI usages in last timeframe  	0	160	0	960	0	0	0	0	489	

10750 us: Info: MONITOR: Molecule: 	HT_2X2_SW	was used	160	since in last timeframe
10750 us: Info: MONITOR: Molecule: 	MC_Hz4_SW	was used	864	since in last timeframe
10750 us: Info: MONITOR: Molecule: 	LF_BS_4_4_SW	was used	24	since in last timeframe
10750 us: Info: MONITOR: Molecule: 	DCT_4x4_HW_02	was used	459	since in last timeframe
10750 us: Info: MONITOR:    SI usages in last timeframe  	0	160	0	864	0	0	24	0	459	

11 ms: Info: MONITOR: Molecule: 	LF_BS_4_4_SW	was used	256	since in last timeframe
11 ms: Info: MONITOR:    SI usages in last timeframe  	0	0	0	0	0	0	256	0	0	

11250 us: Info: MONITOR: Molecule: 	LF_BS_4_4_SW	was used	257	since in last timeframe
11250 us: Info: MONITOR:    SI usages in last timeframe  	0	0	0	0	0	0	257	0	0	

11500 us: Info: MONITOR: Molecule: 	LF_BS_4_4_SW	was used	256	since in last timeframe
11500 us: Info: MONITOR:    SI usages in last timeframe  	0	0	0	0	0	0	256	0	0	

11750 us: Info: MONITOR: Molecule: 	LF_BS_4_4_SW	was used	257	since in last timeframe
11750 us: Info: MONITOR:    SI usages in last timeframe  	0	0	0	0	0	0	257	0	0	

12 ms: Info: MONITOR: Molecule: 	LF_BS_4_4_SW	was used	256	since in last timeframe
12 ms: Info: MONITOR:    SI usages in last timeframe  	0	0	0	0	0	0	256	0	0	

12250 us: Info: MONITOR: Molecule: 	LF_BS_4_4_SW	was used	257	since in last timeframe
12250 us: Info: MONITOR:    SI usages in last timeframe  	0	0	0	0	0	0	257	0	0	

12500 us: Info: MONITOR: Molecule: 	LF_BS_4_4_SW	was used	257	since in last timeframe
12500 us: Info: MONITOR:    SI usages in last timeframe  	0	0	0	0	0	0	257	0	0	

12750 us: Info: MONITOR: Molecule: 	LF_BS_4_4_SW	was used	256	since in last timeframe
12750 us: Info: MONITOR:    SI usages in last timeframe  	0	0	0	0	0	0	256	0	0	

13 ms: Info: MONITOR: Molecule: 	LF_BS_4_4_SW	was used	257	since in last timeframe
13 ms: Info: MONITOR:    SI usages in last timeframe  	0	0	0	0	0	0	257	0	0	

13250 us: Info: MONITOR: Molecule: 	LF_BS_4_4_SW	was used	256	since in last timeframe
13250 us: Info: MONITOR:    SI usages in last timeframe  	0	0	0	0	0	0	256	0	0	

13500 us: Info: MONITOR: Molecule: 	LF_BS_4_4_SW	was used	257	since in last timeframe
13500 us: Info: MONITOR:    SI usages in last timeframe  	0	0	0	0	0	0	257	0	0	

13750 us: Info: MONITOR: Molecule: 	LF_BS_4_4_SW	was used	256	since in last timeframe
13750 us: Info: MONITOR:    SI usages in last timeframe  	0	0	0	0	0	0	256	0	0	

14 ms: Info: MONITOR: Molecule: 	SAD_16_HW_00	was used	938	since in last timeframe
14 ms: Info: MONITOR: Molecule: 	LF_BS_4_4_SW	was used	66	since in last timeframe
14 ms: Info: MONITOR: Molecule: 	SATD_4x4_HW_03	was used	3381	since in last timeframe
14 ms: Info: MONITOR:    SI usages in last timeframe  	938	0	0	0	0	0	66	3381	0	

14250 us: Info: MONITOR: Molecule: 	SAD_16_HW_00	was used	1206	since in last timeframe
14250 us: Info: MONITOR: Molecule: 	SATD_4x4_HW_03	was used	4711	since in last timeframe
14250 us: Info: MONITOR:    SI usages in last timeframe  	1206	0	0	0	0	0	0	4711	0	

14500 us: Info: MONITOR: Molecule: 	SAD_16_HW_00	was used	1206	since in last timeframe
14500 us: Info: MONITOR: Molecule: 	SATD_4x4_HW_03	was used	4708	since in last timeframe
14500 us: Info: MONITOR:    SI usages in last timeframe  	1206	0	0	0	0	0	0	4708	0	

14750 us: Info: MONITOR: Molecule: 	SAD_16_HW_00	was used	1245	since in last timeframe
14750 us: Info: MONITOR: Molecule: 	SATD_4x4_HW_03	was used	4608	since in last timeframe
14750 us: Info: MONITOR:    SI usages in last timeframe  	1245	0	0	0	0	0	0	4608	0	

15 ms: Info: MONITOR: Molecule: 	SAD_16_HW_00	was used	1234	since in last timeframe
15 ms: Info: MONITOR: Molecule: 	SATD_4x4_HW_03	was used	4634	since in last timeframe
15 ms: Info: MONITOR:    SI usages in last timeframe  	1234	0	0	0	0	0	0	4634	0	

15250 us: Info: MONITOR: Molecule: 	SAD_16_HW_00	was used	804	since in last timeframe
15250 us: Info: MONITOR: Molecule: 	HT_2X2_SW	was used	48	since in last timeframe
15250 us: Info: MONITOR: Molecule: 	MC_Hz4_SW	was used	303	since in last timeframe
15250 us: Info: MONITOR: Molecule: 	SATD_4x4_HW_03	was used	3302	since in last timeframe
15250 us: Info: MONITOR: Molecule: 	DCT_4x4_HW_02	was used	144	since in last timeframe
15250 us: Info: MONITOR:    SI usages in last timeframe  	804	48	0	303	0	0	0	3302	144	

15500 us: Info: MONITOR: Molecule: 	HT_2X2_SW	was used	160	since in last timeframe
15500 us: Info: MONITOR: Molecule: 	MC_Hz4_SW	was used	961	since in last timeframe
15500 us: Info: MONITOR: Molecule: 	DCT_4x4_HW_02	was used	480	since in last timeframe
15500 us: Info: MONITOR:    SI usages in last timeframe  	0	160	0	961	0	0	0	0	480	

15750 us: Info: MONITOR: Molecule: 	HT_2X2_SW	was used	160	since in last timeframe
15750 us: Info: MONITOR: Molecule: 	MC_Hz4_SW	was used	961	since in last timeframe
15750 us: Info: MONITOR: Molecule: 	DCT_4x4_HW_02	was used	480	since in last timeframe
15750 us: Info: MONITOR:    SI usages in last timeframe  	0	160	0	961	0	0	0	0	480	

16 ms: Info: MONITOR: Molecule: 	HT_2X2_SW	was used	160	since in last timeframe
16 ms: Info: MONITOR: Molecule: 	MC_Hz4_SW	was used	961	since in last timeframe
16 ms: Info: MONITOR: Molecule: 	DCT_4x4_HW_02	was used	480	since in last timeframe
16 ms: Info: MONITOR:    SI usages in last timeframe  	0	160	0	961	0	0	0	0	480	

16250 us: Info: MONITOR: Molecule: 	HT_2X2_SW	was used	160	since in last timeframe
16250 us: Info: MONITOR: Molecule: 	MC_Hz4_SW	was used	962	since in last timeframe
16250 us: Info: MONITOR: Molecule: 	DCT_4x4_HW_02	was used	480	since in last timeframe
16250 us: Info: MONITOR:    SI usages in last timeframe  	0	160	0	962	0	0	0	0	480	

16500 us: Info: MONITOR: Molecule: 	HT_2X2_SW	was used	160	since in last timeframe
16500 us: Info: MONITOR: Molecule: 	MC_Hz4_SW	was used	961	since in last timeframe
16500 us: Info: MONITOR: Molecule: 	DCT_4x4_HW_02	was used	480	since in last timeframe
16500 us: Info: MONITOR:    SI usages in last timeframe  	0	160	0	961	0	0	0	0	480	

16750 us: Info: MONITOR: Molecule: 	HT_2X2_SW	was used	160	since in last timeframe
16750 us: Info: MONITOR: Molecule: 	MC_Hz4_SW	was used	961	since in last timeframe
16750 us: Info: MONITOR: Molecule: 	DCT_4x4_HW_02	was used	480	since in last timeframe
16750 us: Info: MONITOR:    SI usages in last timeframe  	0	160	0	961	0	0	0	0	480	

17 ms: Info: MONITOR: Molecule: 	HT_2X2_SW	was used	160	since in last timeframe
17 ms: Info: MONITOR: Molecule: 	MC_Hz4_SW	was used	961	since in last timeframe
17 ms: Info: MONITOR: Molecule: 	DCT_4x4_HW_02	was used	480	since in last timeframe
17 ms: Info: MONITOR:    SI usages in last timeframe  	0	160	0	961	0	0	0	0	480	

17250 us: Info: MONITOR: Molecule: 	HT_2X2_SW	was used	160	since in last timeframe
17250 us: Info: MONITOR: Molecule: 	MC_Hz4_SW	was used	962	since in last timeframe
17250 us: Info: MONITOR: Molecule: 	DCT_4x4_HW_02	was used	480	since in last timeframe
17250 us: Info: MONITOR:    SI usages in last timeframe  	0	160	0	962	0	0	0	0	480	

17500 us: Info: MONITOR: Molecule: 	HT_2X2_SW	was used	160	since in last timeframe
17500 us: Info: MONITOR: Molecule: 	MC_Hz4_SW	was used	961	since in last timeframe
17500 us: Info: MONITOR: Molecule: 	DCT_4x4_HW_02	was used	480	since in last timeframe
17500 us: Info: MONITOR:    SI usages in last timeframe  	0	160	0	961	0	0	0	0	480	

17750 us: Info: MONITOR: Molecule: 	HT_2X2_SW	was used	96	since in last timeframe
17750 us: Info: MONITOR: Molecule: 	MC_Hz4_SW	was used	550	since in last timeframe
17750 us: Info: MONITOR: Molecule: 	LF_BS_4_4_SW	was used	109	since in last timeframe
17750 us: Info: MONITOR: Molecule: 	DCT_4x4_HW_02	was used	288	since in last timeframe
17750 us: Info: MONITOR:    SI usages in last timeframe  	0	96	0	550	0	0	109	0	288	

18 ms: Info: MONITOR: Molecule: 	LF_BS_4_4_SW	was used	257	since in last timeframe
18 ms: Info: MONITOR:    SI usages in last timeframe  	0	0	0	0	0	0	257	0	0	

18250 us: Info: MONITOR: Molecule: 	LF_BS_4_4_SW	was used	256	since in last timeframe
18250 us: Info: MONITOR:    SI usages in last timeframe  	0	0	0	0	0	0	256	0	0	

18500 us: Info: MONITOR: Molecule: 	LF_BS_4_4_SW	was used	257	since in last timeframe
18500 us: Info: MONITOR:    SI usages in last timeframe  	0	0	0	0	0	0	257	0	0	

18750 us: Info: MONITOR: Molecule: 	LF_BS_4_4_SW	was used	256	since in last timeframe
18750 us: Info: MONITOR:    SI usages in last timeframe  	0	0	0	0	0	0	256	0	0	

19 ms: Info: MONITOR: Molecule: 	LF_BS_4_4_SW	was used	257	since in last timeframe
19 ms: Info: MONITOR:    SI usages in last timeframe  	0	0	0	0	0	0	257	0	0	

19250 us: Info: MONITOR: Molecule: 	LF_BS_4_4_SW	was used	257	since in last timeframe
19250 us: Info: MONITOR:    SI usages in last timeframe  	0	0	0	0	0	0	257	0	0	

19500 us: Info: MONITOR: Molecule: 	LF_BS_4_4_SW	was used	256	since in last timeframe
19500 us: Info: MONITOR:    SI usages in last timeframe  	0	0	0	0	0	0	256	0	0	

19750 us: Info: MONITOR: Molecule: 	LF_BS_4_4_SW	was used	257	since in last timeframe
19750 us: Info: MONITOR:    SI usages in last timeframe  	0	0	0	0	0	0	257	0	0	

20 ms: Info: MONITOR: Molecule: 	LF_BS_4_4_SW	was used	256	since in last timeframe
20 ms: Info: MONITOR:    SI usages in last timeframe  	0	0	0	0	0	0	256	0	0	

20250 us: Info: MONITOR: Molecule: 	LF_BS_4_4_SW	was used	257	since in last timeframe
20250 us: Info: MONITOR:    SI usages in last timeframe  	0	0	0	0	0	0	257	0	0	

20500 us: Info: MONITOR: Molecule: 	LF_BS_4_4_SW	was used	257	since in last timeframe
20500 us: Info: MONITOR:    SI usages in last timeframe  	0	0	0	0	0	0	257	0	0	

20750 us: Info: MONITOR: Molecule: 	SAD_16_HW_00	was used	130	since in last timeframe
20750 us: Info: MONITOR: Molecule: 	LF_BS_4_4_SW	was used	236	since in last timeframe
20750 us: Info: MONITOR: Molecule: 	SATD_4x4_HW_03	was used	256	since in last timeframe
20750 us: Info: MONITOR:    SI usages in last timeframe  	130	0	0	0	0	0	236	256	0	

21 ms: Info: MONITOR: Molecule: 	SAD_16_HW_00	was used	1210	since in last timeframe
21 ms: Info: MONITOR: Molecule: 	SATD_4x4_HW_03	was used	4699	since in last timeframe
21 ms: Info: MONITOR:    SI usages in last timeframe  	1210	0	0	0	0	0	0	4699	0	

21250 us: Info: MONITOR: Molecule: 	SAD_16_HW_00	was used	1206	since in last timeframe
21250 us: Info: MONITOR: Molecule: 	SATD_4x4_HW_03	was used	4711	since in last timeframe
21250 us: Info: MONITOR:    SI usages in last timeframe  	1206	0	0	0	0	0	0	4711	0	

21500 us: Info: MONITOR: Molecule: 	SAD_16_HW_00	was used	1220	since in last timeframe
21500 us: Info: MONITOR: Molecule: 	SATD_4x4_HW_03	was used	4670	since in last timeframe
21500 us: Info: MONITOR:    SI usages in last timeframe  	1220	0	0	0	0	0	0	4670	0	

21750 us: Info: MONITOR: Molecule: 	SAD_16_HW_00	was used	1245	since in last timeframe
21750 us: Info: MONITOR: Molecule: 	SATD_4x4_HW_03	was used	4608	since in last timeframe
21750 us: Info: MONITOR:    SI usages in last timeframe  	1245	0	0	0	0	0	0	4608	0	

22 ms: Info: MONITOR: Molecule: 	SAD_16_HW_00	was used	1220	since in last timeframe
22 ms: Info: MONITOR: Molecule: 	SATD_4x4_HW_03	was used	4672	since in last timeframe
22 ms: Info: MONITOR:    SI usages in last timeframe  	1220	0	0	0	0	0	0	4672	0	

22250 us: Info: MONITOR: Molecule: 	SAD_16_HW_00	was used	402	since in last timeframe
22250 us: Info: MONITOR: Molecule: 	HT_2X2_SW	was used	96	since in last timeframe
22250 us: Info: MONITOR: Molecule: 	MC_Hz4_SW	was used	629	since in last timeframe
22250 us: Info: MONITOR: Molecule: 	SATD_4x4_HW_03	was used	1728	since in last timeframe
22250 us: Info: MONITOR: Molecule: 	DCT_4x4_HW_02	was used	288	since in last timeframe
22250 us: Info: MONITOR:    SI usages in last timeframe  	402	96	0	629	0	0	0	1728	288	

22500 us: Info: MONITOR: Molecule: 	HT_2X2_SW	was used	176	since in last timeframe
22500 us: Info: MONITOR: Molecule: 	HT_4X4_HW_01	was used	2	since in last timeframe
22500 us: Info: MONITOR: Molecule: 	MC_Hz4_SW	was used	933	since in last timeframe
22500 us: Info: MONITOR: Molecule: 	IPred_HDC16x16_SW	was used	8	since in last timeframe
22500 us: Info: MONITOR: Molecule: 	IPred_VDC16x16_SW	was used	8	since in last timeframe
22500 us: Info: MONITOR: Molecule: 	DCT_4x4_HW_02	was used	528	since in last timeframe
22500 us: Info: MONITOR:    SI usages in last timeframe  	0	176	2	933	8	8	0	0	528	

22750 us: Info: MONITOR: Molecule: 	HT_2X2_SW	was used	160	since in last timeframe
22750 us: Info: MONITOR: Molecule: 	MC_Hz4_SW	was used	962	since in last timeframe
22750 us: Info: MONITOR: Molecule: 	DCT_4x4_HW_02	was used	480	since in last timeframe
22750 us: Info: MONITOR:    SI usages in last timeframe  	0	160	0	962	0	0	0	0	480	

23 ms: Info: MONITOR: Molecule: 	HT_2X2_SW	was used	160	since in last timeframe
23 ms: Info: MONITOR: Molecule: 	MC_Hz4_SW	was used	961	since in last timeframe
23 ms: Info: MONITOR: Molecule: 	DCT_4x4_HW_02	was used	480	since in last timeframe
23 ms: Info: MONITOR:    SI usages in last timeframe  	0	160	0	961	0	0	0	0	480	

23250 us: Info: MONITOR: Molecule: 	HT_2X2_SW	was used	160	since in last timeframe
23250 us: Info: MONITOR: Molecule: 	MC_Hz4_SW	was used	961	since in last timeframe
23250 us: Info: MONITOR: Molecule: 	DCT_4x4_HW_02	was used	480	since in last timeframe
23250 us: Info: MONITOR:    SI usages in last timeframe  	0	160	0	961	0	0	0	0	480	

23500 us: Info: MONITOR: Molecule: 	HT_2X2_SW	was used	160	since in last timeframe
23500 us: Info: MONITOR: Molecule: 	MC_Hz4_SW	was used	961	since in last timeframe
23500 us: Info: MONITOR: Molecule: 	DCT_4x4_HW_02	was used	480	since in last timeframe
23500 us: Info: MONITOR:    SI usages in last timeframe  	0	160	0	961	0	0	0	0	480	

23750 us: Info: MONITOR: Molecule: 	HT_2X2_SW	was used	160	since in last timeframe
23750 us: Info: MONITOR: Molecule: 	MC_Hz4_SW	was used	962	since in last timeframe
23750 us: Info: MONITOR: Molecule: 	DCT_4x4_HW_02	was used	480	since in last timeframe
23750 us: Info: MONITOR:    SI usages in last timeframe  	0	160	0	962	0	0	0	0	480	

24 ms: Info: MONITOR: Molecule: 	HT_2X2_SW	was used	160	since in last timeframe
24 ms: Info: MONITOR: Molecule: 	MC_Hz4_SW	was used	961	since in last timeframe
24 ms: Info: MONITOR: Molecule: 	DCT_4x4_HW_02	was used	480	since in last timeframe
24 ms: Info: MONITOR:    SI usages in last timeframe  	0	160	0	961	0	0	0	0	480	

24250 us: Info: MONITOR: Molecule: 	HT_2X2_SW	was used	160	since in last timeframe
24250 us: Info: MONITOR: Molecule: 	MC_Hz4_SW	was used	961	since in last timeframe
24250 us: Info: MONITOR: Molecule: 	DCT_4x4_HW_02	was used	480	since in last timeframe
24250 us: Info: MONITOR:    SI usages in last timeframe  	0	160	0	961	0	0	0	0	480	

24500 us: Info: MONITOR: Molecule: 	HT_2X2_SW	was used	160	since in last timeframe
24500 us: Info: MONITOR: Molecule: 	MC_Hz4_SW	was used	961	since in last timeframe
24500 us: Info: MONITOR: Molecule: 	DCT_4x4_HW_02	was used	480	since in last timeframe
24500 us: Info: MONITOR:    SI usages in last timeframe  	0	160	0	961	0	0	0	0	480	

24750 us: Info: MONITOR: Molecule: 	HT_2X2_SW	was used	32	since in last timeframe
24750 us: Info: MONITOR: Molecule: 	MC_Hz4_SW	was used	156	since in last timeframe
24750 us: Info: MONITOR: Molecule: 	LF_BS_4_4_SW	was used	214	since in last timeframe
24750 us: Info: MONITOR: Molecule: 	DCT_4x4_HW_02	was used	96	since in last timeframe
24750 us: Info: MONITOR:    SI usages in last timeframe  	0	32	0	156	0	0	214	0	96	

25 ms: Info: MONITOR: Molecule: 	LF_BS_4_4_SW	was used	257	since in last timeframe
25 ms: Info: MONITOR:    SI usages in last timeframe  	0	0	0	0	0	0	257	0	0	

25250 us: Info: MONITOR: Molecule: 	LF_BS_4_4_SW	was used	256	since in last timeframe
25250 us: Info: MONITOR:    SI usages in last timeframe  	0	0	0	0	0	0	256	0	0	

25500 us: Info: MONITOR: Molecule: 	LF_BS_4_4_SW	was used	257	since in last timeframe
25500 us: Info: MONITOR:    SI usages in last timeframe  	0	0	0	0	0	0	257	0	0	

25750 us: Info: MONITOR: Molecule: 	LF_BS_4_4_SW	was used	256	since in last timeframe
25750 us: Info: MONITOR:    SI usages in last timeframe  	0	0	0	0	0	0	256	0	0	

26 ms: Info: MONITOR: Molecule: 	LF_BS_4_4_SW	was used	257	since in last timeframe
26 ms: Info: MONITOR:    SI usages in last timeframe  	0	0	0	0	0	0	257	0	0	

26250 us: Info: MONITOR: Molecule: 	LF_BS_4_4_SW	was used	257	since in last timeframe
26250 us: Info: MONITOR:    SI usages in last timeframe  	0	0	0	0	0	0	257	0	0	

26500 us: Info: MONITOR: Molecule: 	LF_BS_4_4_SW	was used	256	since in last timeframe
26500 us: Info: MONITOR:    SI usages in last timeframe  	0	0	0	0	0	0	256	0	0	

26750 us: Info: MONITOR: Molecule: 	LF_BS_4_4_SW	was used	257	since in last timeframe
26750 us: Info: MONITOR:    SI usages in last timeframe  	0	0	0	0	0	0	257	0	0	

27 ms: Info: MONITOR: Molecule: 	LF_BS_4_4_SW	was used	256	since in last timeframe
27 ms: Info: MONITOR:    SI usages in last timeframe  	0	0	0	0	0	0	256	0	0	

27250 us: Info: MONITOR: Molecule: 	LF_BS_4_4_SW	was used	257	since in last timeframe
27250 us: Info: MONITOR:    SI usages in last timeframe  	0	0	0	0	0	0	257	0	0	

27500 us: Info: MONITOR: Molecule: 	LF_BS_4_4_SW	was used	256	since in last timeframe
27500 us: Info: MONITOR:    SI usages in last timeframe  	0	0	0	0	0	0	256	0	0	

27750 us: Info: MONITOR: Molecule: 	SAD_16_HW_00	was used	603	since in last timeframe
27750 us: Info: MONITOR: Molecule: 	LF_BS_4_4_SW	was used	132	since in last timeframe
27750 us: Info: MONITOR: Molecule: 	SATD_4x4_HW_03	was used	2236	since in last timeframe
27750 us: Info: MONITOR:    SI usages in last timeframe  	603	0	0	0	0	0	132	2236	0	

28 ms: Info: MONITOR: Molecule: 	SAD_16_HW_00	was used	1218	since in last timeframe
28 ms: Info: MONITOR: Molecule: 	SATD_4x4_HW_03	was used	4676	since in last timeframe
28 ms: Info: MONITOR:    SI usages in last timeframe  	1218	0	0	0	0	0	0	4676	0	

28250 us: Info: MONITOR: Molecule: 	SAD_16_HW_00	was used	1245	since in last timeframe
28250 us: Info: MONITOR: Molecule: 	SATD_4x4_HW_03	was used	4608	since in last timeframe
28250 us: Info: MONITOR:    SI usages in last timeframe  	1245	0	0	0	0	0	0	4608	0	

28500 us: Info: MONITOR: Molecule: 	SAD_16_HW_00	was used	1222	since in last timeframe
28500 us: Info: MONITOR: Molecule: 	SATD_4x4_HW_03	was used	4666	since in last timeframe
28500 us: Info: MONITOR:    SI usages in last timeframe  	1222	0	0	0	0	0	0	4666	0	

28750 us: Info: MONITOR: Molecule: 	SAD_16_HW_00	was used	1206	since in last timeframe
28750 us: Info: MONITOR: Molecule: 	SATD_4x4_HW_03	was used	4711	since in last timeframe
28750 us: Info: MONITOR:    SI usages in last timeframe  	1206	0	0	0	0	0	0	4711	0	

29 ms: Info: MONITOR: Molecule: 	SAD_16_HW_00	was used	1139	since in last timeframe
29 ms: Info: MONITOR: Molecule: 	MC_Hz4_SW	was used	62	since in last timeframe
29 ms: Info: MONITOR: Molecule: 	SATD_4x4_HW_03	was used	4447	since in last timeframe
29 ms: Info: MONITOR:    SI usages in last timeframe  	1139	0	0	62	0	0	0	4447	0	

29250 us: Info: MONITOR: Molecule: 	HT_2X2_SW	was used	160	since in last timeframe
29250 us: Info: MONITOR: Molecule: 	MC_Hz4_SW	was used	961	since in last timeframe
29250 us: Info: MONITOR: Molecule: 	DCT_4x4_HW_02	was used	480	since in last timeframe
29250 us: Info: MONITOR:    SI usages in last timeframe  	0	160	0	961	0	0	0	0	480	

29500 us: Info: MONITOR: Molecule: 	HT_2X2_SW	was used	160	since in last timeframe
29500 us: Info: MONITOR: Molecule: 	MC_Hz4_SW	was used	961	since in last timeframe
29500 us: Info: MONITOR: Molecule: 	DCT_4x4_HW_02	was used	480	since in last timeframe
29500 us: Info: MONITOR:    SI usages in last timeframe  	0	160	0	961	0	0	0	0	480	

29750 us: Info: MONITOR: Molecule: 	HT_2X2_SW	was used	160	since in last timeframe
29750 us: Info: MONITOR: Molecule: 	MC_Hz4_SW	was used	962	since in last timeframe
29750 us: Info: MONITOR: Molecule: 	DCT_4x4_HW_02	was used	480	since in last timeframe
29750 us: Info: MONITOR:    SI usages in last timeframe  	0	160	0	962	0	0	0	0	480	

30 ms: Info: MONITOR: Molecule: 	HT_2X2_SW	was used	160	since in last timeframe
30 ms: Info: MONITOR: Molecule: 	MC_Hz4_SW	was used	961	since in last timeframe
30 ms: Info: MONITOR: Molecule: 	DCT_4x4_HW_02	was used	480	since in last timeframe
30 ms: Info: MONITOR:    SI usages in last timeframe  	0	160	0	961	0	0	0	0	480	

30250 us: Info: MONITOR: Molecule: 	HT_2X2_SW	was used	160	since in last timeframe
30250 us: Info: MONITOR: Molecule: 	MC_Hz4_SW	was used	961	since in last timeframe
30250 us: Info: MONITOR: Molecule: 	DCT_4x4_HW_02	was used	480	since in last timeframe
30250 us: Info: MONITOR:    SI usages in last timeframe  	0	160	0	961	0	0	0	0	480	

30500 us: Info: MONITOR: Molecule: 	HT_2X2_SW	was used	160	since in last timeframe
30500 us: Info: MONITOR: Molecule: 	MC_Hz4_SW	was used	961	since in last timeframe
30500 us: Info: MONITOR: Molecule: 	DCT_4x4_HW_02	was used	480	since in last timeframe
30500 us: Info: MONITOR:    SI usages in last timeframe  	0	160	0	961	0	0	0	0	480	

30750 us: Info: MONITOR: Molecule: 	HT_2X2_SW	was used	160	since in last timeframe
30750 us: Info: MONITOR: Molecule: 	MC_Hz4_SW	was used	962	since in last timeframe
30750 us: Info: MONITOR: Molecule: 	DCT_4x4_HW_02	was used	480	since in last timeframe
30750 us: Info: MONITOR:    SI usages in last timeframe  	0	160	0	962	0	0	0	0	480	

31 ms: Info: MONITOR: Molecule: 	HT_2X2_SW	was used	160	since in last timeframe
31 ms: Info: MONITOR: Molecule: 	MC_Hz4_SW	was used	961	since in last timeframe
31 ms: Info: MONITOR: Molecule: 	DCT_4x4_HW_02	was used	480	since in last timeframe
31 ms: Info: MONITOR:    SI usages in last timeframe  	0	160	0	961	0	0	0	0	480	

31250 us: Info: MONITOR: Molecule: 	HT_2X2_SW	was used	160	since in last timeframe
31250 us: Info: MONITOR: Molecule: 	MC_Hz4_SW	was used	961	since in last timeframe
31250 us: Info: MONITOR: Molecule: 	DCT_4x4_HW_02	was used	480	since in last timeframe
31250 us: Info: MONITOR:    SI usages in last timeframe  	0	160	0	961	0	0	0	0	480	

31500 us: Info: MONITOR: Molecule: 	HT_2X2_SW	was used	144	since in last timeframe
31500 us: Info: MONITOR: Molecule: 	MC_Hz4_SW	was used	791	since in last timeframe
31500 us: Info: MONITOR: Molecule: 	LF_BS_4_4_SW	was used	43	since in last timeframe
31500 us: Info: MONITOR: Molecule: 	DCT_4x4_HW_02	was used	432	since in last timeframe
31500 us: Info: MONITOR:    SI usages in last timeframe  	0	144	0	791	0	0	43	0	432	

31750 us: Info: MONITOR: Molecule: 	LF_BS_4_4_SW	was used	257	since in last timeframe
31750 us: Info: MONITOR:    SI usages in last timeframe  	0	0	0	0	0	0	257	0	0	

32 ms: Info: MONITOR: Molecule: 	LF_BS_4_4_SW	was used	256	since in last timeframe
32 ms: Info: MONITOR:    SI usages in last timeframe  	0	0	0	0	0	0	256	0	0	

32250 us: Info: MONITOR: Molecule: 	LF_BS_4_4_SW	was used	257	since in last timeframe
32250 us: Info: MONITOR:    SI usages in last timeframe  	0	0	0	0	0	0	257	0	0	

32500 us: Info: MONITOR: Molecule: 	LF_BS_4_4_SW	was used	256	since in last timeframe
32500 us: Info: MONITOR:    SI usages in last timeframe  	0	0	0	0	0	0	256	0	0	

32750 us: Info: MONITOR: Molecule: 	LF_BS_4_4_SW	was used	257	since in last timeframe
32750 us: Info: MONITOR:    SI usages in last timeframe  	0	0	0	0	0	0	257	0	0	

33 ms: Info: MONITOR: Molecule: 	LF_BS_4_4_SW	was used	257	since in last timeframe
33 ms: Info: MONITOR:    SI usages in last timeframe  	0	0	0	0	0	0	257	0	0	

33250 us: Info: MONITOR: Molecule: 	LF_BS_4_4_SW	was used	256	since in last timeframe
33250 us: Info: MONITOR:    SI usages in last timeframe  	0	0	0	0	0	0	256	0	0	

33500 us: Info: MONITOR: Molecule: 	LF_BS_4_4_SW	was used	257	since in last timeframe
33500 us: Info: MONITOR:    SI usages in last timeframe  	0	0	0	0	0	0	257	0	0	

33750 us: Info: MONITOR: Molecule: 	LF_BS_4_4_SW	was used	256	since in last timeframe
33750 us: Info: MONITOR:    SI usages in last timeframe  	0	0	0	0	0	0	256	0	0	

34 ms: Info: MONITOR: Molecule: 	LF_BS_4_4_SW	was used	257	since in last timeframe
34 ms: Info: MONITOR:    SI usages in last timeframe  	0	0	0	0	0	0	257	0	0	

34250 us: Info: MONITOR: Molecule: 	LF_BS_4_4_SW	was used	256	since in last timeframe
34250 us: Info: MONITOR:    SI usages in last timeframe  	0	0	0	0	0	0	256	0	0	

34500 us: Info: MONITOR: Molecule: 	LF_BS_4_4_SW	was used	257	since in last timeframe
34500 us: Info: MONITOR:    SI usages in last timeframe  	0	0	0	0	0	0	257	0	0	

34545307 ns: Info: RotationsManager: 
TOTAL: Branches              308284
       Fetch Stalls:         31466323
       Decode Stalls:        0
       EXE Stage Stalls:     67490
       Load/Store Stalls:    50703
       Write Back Stalls:    0
       Cycles (total):       34545307
       Instructions fetched: 2960791

34545307 ns: Info: RotationsManager: Gesamtdauer: 63.07 Sekunden.
34545307 ns: Info: RotationsManager: Cleaning up Pipeline

34545307 ns: Info: MONITOR: 
PREDICTION TABLE
Node       | Backups    | E    | Insns      | Function Type Predictions                                                                                 |
0x290      |          0 | 0.00 | 6633.0	1584.0	2.0	9420.0	7.0	7.0	3168.0	25344.0	4752.0	



SETTINGS
  + slots:              6
  + time per atom:      10
  + TD prediction       
    - lambda:           0.0
    - gamma:            0.0
    - alpha:            0.0
    - e_min:            0.0

CYCLE COUNT
  + fastest possible:   7234105
  + slowest possible:   264515021
  + this run:           34545308
    - cycles saved (%): 229969713 (86.9 %)
    - cycles lost (%) : 27311203 (377.5 %)
  + basic ops:          2824216
  + ad-hoc stalls:      0
    - tot. # specops:   0

EXECUTION COUNT
  + forecast bursts:    1
  + specop execs:       254769
    - HW executions:    183649
    - SW executions:    71120
    - coverage:         72.1 %

ATOM SWAP-IN / SWAP-OUT
  + swap-ins:           6
  + swap-out:           0

BRANCH AND BOUND
  + tot. # possible:    653184
  + tot. # checked:     7
  + checked %:          0.0 %

COUNTS PER 10000 INSTRUCTIONS
fb: forecast bursts
#SI: total # of Special Instructions
#hw: # executed HW-Molecules
#sw: # executed SW-Molecules
la: loaded atoms (finish time [cycle])
s-out: swapped-out atoms
cycle	fb	#SI	#hw	#sw	la	s-out	possible	checked	adhoc_w	adhoc_t
37723	1	857	857	0	atom_SAD4(63) atom_SATD(113) atom_Transform1(103) atom_Transform2(83) atom_PackLSBMSB(73) atom_QuadSub(93) 	 	653184	7	0
75571	0	864	864	0	 	 	0	0	0
111952	0	888	888	0	 	 	0	0	0
148894	0	880	880	0	 	 	0	0	0
186721	0	863	863	0	 	 	0	0	0
224152	0	871	871	0	 	 	0	0	0
260064	0	898	898	0	 	 	0	0	0
297892	0	863	863	0	 	 	0	0	0
335740	0	864	864	0	 	 	0	0	0
371857	0	891	891	0	 	 	0	0	0
409042	0	876	876	0	 	 	0	0	0
446890	0	864	864	0	 	 	0	0	0
484057	0	874	874	0	 	 	0	0	0
520192	0	893	893	0	 	 	0	0	0
558040	0	864	864	0	 	 	0	0	0
595847	0	863	863	0	 	 	0	0	0
631761	0	896	896	0	 	 	0	0	0
669211	0	873	873	0	 	 	0	0	0
707018	0	862	862	0	 	 	0	0	0
743961	0	879	879	0	 	 	0	0	0
780361	0	890	890	0	 	 	0	0	0
818189	0	863	863	0	 	 	0	0	0
856016	0	863	863	0	 	 	0	0	0
891665	0	900	900	0	 	 	0	0	0
929359	0	869	869	0	 	 	0	0	0
967187	0	863	863	0	 	 	0	0	0
1003865	0	882	882	0	 	 	0	0	0
1040530	0	887	887	0	 	 	0	0	0
1078337	0	862	862	0	 	 	0	0	0
1116065	0	865	865	0	 	 	0	0	0
1151680	0	904	904	0	 	 	0	0	0
1189487	0	862	862	0	 	 	0	0	0
1227335	0	864	864	0	 	 	0	0	0
1263769	0	886	886	0	 	 	0	0	0
1300658	0	882	882	0	 	 	0	0	0
1338506	0	864	864	0	 	 	0	0	0
1429099	0	906	586	320	 	 	0	0	0
1564752	0	895	286	609	 	 	0	0	0
1705686	0	904	273	631	 	 	0	0	0
1849752	0	902	255	647	 	 	0	0	0
1984804	0	894	288	606	 	 	0	0	0
2129330	0	910	264	646	 	 	0	0	0
2270018	0	897	264	633	 	 	0	0	0
2406182	0	899	288	611	 	 	0	0	0
2553079	0	907	250	657	 	 	0	0	0
2690284	0	895	278	617	 	 	0	0	0
2829667	0	904	281	623	 	 	0	0	0
2975284	0	902	247	655	 	 	0	0	0
3108521	0	897	296	601	 	 	0	0	0
3244950	0	895	282	613	 	 	0	0	0
3385108	0	904	277	627	 	 	0	0	0
3529950	0	902	251	651	 	 	0	0	0
3665216	0	895	288	607	 	 	0	0	0
3808876	0	907	264	643	 	 	0	0	0
4415079	0	655	24	631	 	 	0	0	0
5050367	0	652	0	652	 	 	0	0	0
5684697	0	651	0	651	 	 	0	0	0
6319985	0	652	0	652	 	 	0	0	0
6902314	0	645	52	593	 	 	0	0	0
6938345	0	897	897	0	 	 	0	0	0
6976152	0	862	862	0	 	 	0	0	0
7014000	0	864	864	0	 	 	0	0	0
7050018	0	893	893	0	 	 	0	0	0
7087302	0	875	875	0	 	 	0	0	0
7125171	0	864	864	0	 	 	0	0	0
7162218	0	875	875	0	 	 	0	0	0
7198473	0	892	892	0	 	 	0	0	0
7236321	0	864	864	0	 	 	0	0	0
7274169	0	864	864	0	 	 	0	0	0
7309922	0	897	897	0	 	 	0	0	0
7347471	0	870	870	0	 	 	0	0	0
7385319	0	864	864	0	 	 	0	0	0
7422122	0	880	880	0	 	 	0	0	0
7458642	0	888	888	0	 	 	0	0	0
7496490	0	864	864	0	 	 	0	0	0
7534297	0	862	862	0	 	 	0	0	0
7569893	0	902	902	0	 	 	0	0	0
7607640	0	867	867	0	 	 	0	0	0
7645447	0	862	862	0	 	 	0	0	0
7682093	0	885	885	0	 	 	0	0	0
7718790	0	884	884	0	 	 	0	0	0
7756597	0	863	863	0	 	 	0	0	0
7794293	0	867	867	0	 	 	0	0	0
7829961	0	902	902	0	 	 	0	0	0
7867768	0	862	862	0	 	 	0	0	0
7905616	0	864	864	0	 	 	0	0	0
7941997	0	888	888	0	 	 	0	0	0
7978939	0	880	880	0	 	 	0	0	0
8016766	0	863	863	0	 	 	0	0	0
8054197	0	871	871	0	 	 	0	0	0
8090109	0	898	898	0	 	 	0	0	0
8127937	0	863	863	0	 	 	0	0	0
8165785	0	864	864	0	 	 	0	0	0
8201902	0	891	891	0	 	 	0	0	0
8239087	0	876	876	0	 	 	0	0	0
8333177	0	891	542	349	 	 	0	0	0
8477603	0	909	264	645	 	 	0	0	0
8618177	0	897	264	633	 	 	0	0	0
8754554	0	900	288	612	 	 	0	0	0
8901432	0	906	249	657	 	 	0	0	0
9038443	0	895	279	616	 	 	0	0	0
9178019	0	904	280	624	 	 	0	0	0
9323443	0	902	248	654	 	 	0	0	0
9458709	0	895	288	607	 	 	0	0	0
9601928	0	906	264	642	 	 	0	0	0
9743709	0	900	264	636	 	 	0	0	0
9878761	0	894	288	606	 	 	0	0	0
10025413	0	912	257	655	 	 	0	0	0
10163975	0	895	271	624	 	 	0	0	0
10302000	0	904	288	616	 	 	0	0	0
10448975	0	902	240	662	 	 	0	0	0
10584241	0	895	288	607	 	 	0	0	0
10725951	0	904	269	635	 	 	0	0	0
11338463	0	654	19	635	 	 	0	0	0
11973751	0	652	0	652	 	 	0	0	0
12608081	0	651	0	651	 	 	0	0	0
13243369	0	652	0	652	 	 	0	0	0
13819461	0	645	59	586	 	 	0	0	0
13855227	0	900	900	0	 	 	0	0	0
13893075	0	864	864	0	 	 	0	0	0
13930882	0	862	862	0	 	 	0	0	0
13967165	0	890	890	0	 	 	0	0	0
14004225	0	880	880	0	 	 	0	0	0
14042053	0	862	862	0	 	 	0	0	0
14079365	0	872	872	0	 	 	0	0	0
14115396	0	897	897	0	 	 	0	0	0
14153203	0	862	862	0	 	 	0	0	0
14191051	0	864	864	0	 	 	0	0	0
14227069	0	893	893	0	 	 	0	0	0
14264353	0	874	874	0	 	 	0	0	0
14302201	0	864	864	0	 	 	0	0	0
14339269	0	876	876	0	 	 	0	0	0
14375524	0	892	892	0	 	 	0	0	0
14413372	0	864	864	0	 	 	0	0	0
14451220	0	864	864	0	 	 	0	0	0
14486973	0	896	896	0	 	 	0	0	0
14524522	0	871	871	0	 	 	0	0	0
14562370	0	864	864	0	 	 	0	0	0
14599173	0	879	879	0	 	 	0	0	0
14635672	0	888	888	0	 	 	0	0	0
14673520	0	865	865	0	 	 	0	0	0
14711348	0	862	862	0	 	 	0	0	0
14746877	0	902	902	0	 	 	0	0	0
14784691	0	867	867	0	 	 	0	0	0
14822498	0	862	862	0	 	 	0	0	0
14859077	0	885	885	0	 	 	0	0	0
14895841	0	884	884	0	 	 	0	0	0
14933648	0	862	862	0	 	 	0	0	0
14971277	0	868	868	0	 	 	0	0	0
15006991	0	902	902	0	 	 	0	0	0
15044819	0	862	862	0	 	 	0	0	0
15082667	0	864	864	0	 	 	0	0	0
15119048	0	888	888	0	 	 	0	0	0
15155990	0	880	880	0	 	 	0	0	0
15251988	0	890	531	359	 	 	0	0	0
15394882	0	905	264	641	 	 	0	0	0
15537202	0	902	264	638	 	 	0	0	0
15672254	0	894	288	606	 	 	0	0	0
15818304	0	911	259	652	 	 	0	0	0
15957468	0	896	269	627	 	 	0	0	0
16095052	0	903	288	615	 	 	0	0	0
16242255	0	903	241	662	 	 	0	0	0
16377520	0	894	287	607	 	 	0	0	0
16518862	0	905	272	633	 	 	0	0	0
16662734	0	902	256	646	 	 	0	0	0
16797786	0	894	288	606	 	 	0	0	0
16942426	0	910	264	646	 	 	0	0	0
17083000	0	897	264	633	 	 	0	0	0
17219277	0	899	288	611	 	 	0	0	0
17366235	0	907	249	658	 	 	0	0	0
17503052	0	894	279	615	 	 	0	0	0
17642842	0	905	280	625	 	 	0	0	0
18261847	0	650	8	642	 	 	0	0	0
18896177	0	651	0	651	 	 	0	0	0
19531465	0	652	0	652	 	 	0	0	0
20166753	0	652	0	652	 	 	0	0	0
20736607	0	645	66	579	 	 	0	0	0
20772109	0	903	903	0	 	 	0	0	0
20809957	0	864	864	0	 	 	0	0	0
20847805	0	864	864	0	 	 	0	0	0
20884312	0	885	885	0	 	 	0	0	0
20921107	0	883	883	0	 	 	0	0	0
20958976	0	864	864	0	 	 	0	0	0
20996512	0	867	867	0	 	 	0	0	0
21032278	0	900	900	0	 	 	0	0	0
21070126	0	864	864	0	 	 	0	0	0
21107933	0	862	862	0	 	 	0	0	0
21144216	0	890	890	0	 	 	0	0	0
21181276	0	879	879	0	 	 	0	0	0
21219083	0	862	862	0	 	 	0	0	0
21256416	0	873	873	0	 	 	0	0	0
21292447	0	897	897	0	 	 	0	0	0
21330254	0	862	862	0	 	 	0	0	0
21368102	0	864	864	0	 	 	0	0	0
21404120	0	893	893	0	 	 	0	0	0
21441404	0	874	874	0	 	 	0	0	0
21479252	0	864	864	0	 	 	0	0	0
21516320	0	876	876	0	 	 	0	0	0
21552575	0	892	892	0	 	 	0	0	0
21590402	0	864	864	0	 	 	0	0	0
21628271	0	864	864	0	 	 	0	0	0
21664024	0	896	896	0	 	 	0	0	0
21701573	0	871	871	0	 	 	0	0	0
21739421	0	864	864	0	 	 	0	0	0
21776224	0	879	879	0	 	 	0	0	0
21812723	0	888	888	0	 	 	0	0	0
21850571	0	864	864	0	 	 	0	0	0
21888378	0	862	862	0	 	 	0	0	0
21923928	0	902	902	0	 	 	0	0	0
21961742	0	868	868	0	 	 	0	0	0
21999549	0	862	862	0	 	 	0	0	0
22036128	0	884	884	0	 	 	0	0	0
22072892	0	885	885	0	 	 	0	0	0
22171013	0	890	520	370	 	 	0	0	0
22311753	0	905	275	630	 	 	0	0	0
22443325	0	896	303	593	 	 	0	0	0
22590627	0	903	240	663	 	 	0	0	0
22725893	0	895	288	607	 	 	0	0	0
22867215	0	904	271	633	 	 	0	0	0
23010893	0	902	257	645	 	 	0	0	0
23145945	0	894	288	606	 	 	0	0	0
23290798	0	911	264	647	 	 	0	0	0
23431159	0	896	264	632	 	 	0	0	0
23567649	0	900	288	612	 	 	0	0	0
23714608	0	906	248	658	 	 	0	0	0
23851425	0	895	280	615	 	 	0	0	0
23991195	0	904	279	625	 	 	0	0	0
24136425	0	902	249	653	 	 	0	0	0
24271477	0	894	288	606	 	 	0	0	0
24415023	0	907	264	643	 	 	0	0	0
24582786	0	876	264	612	 	 	0	0	0
25218074	0	652	0	652	 	 	0	0	0
25852404	0	651	0	651	 	 	0	0	0
26487692	0	652	0	652	 	 	0	0	0
27122980	0	652	0	652	 	 	0	0	0
27637236	0	675	156	519	 	 	0	0	0
27674673	0	869	869	0	 	 	0	0	0
27710538	0	898	898	0	 	 	0	0	0
27748386	0	865	865	0	 	 	0	0	0
27786255	0	864	864	0	 	 	0	0	0
27822377	0	890	890	0	 	 	0	0	0
27859557	0	877	877	0	 	 	0	0	0
27897405	0	864	864	0	 	 	0	0	0
27934577	0	873	873	0	 	 	0	0	0
27970707	0	894	894	0	 	 	0	0	0
28008555	0	864	864	0	 	 	0	0	0
28046362	0	862	862	0	 	 	0	0	0
28082348	0	896	896	0	 	 	0	0	0
28119726	0	874	874	0	 	 	0	0	0
28157533	0	862	862	0	 	 	0	0	0
28194548	0	878	878	0	 	 	0	0	0
28230876	0	891	891	0	 	 	0	0	0
28268683	0	862	862	0	 	 	0	0	0
28306531	0	864	864	0	 	 	0	0	0
28342252	0	899	899	0	 	 	0	0	0
28379833	0	868	868	0	 	 	0	0	0
28417681	0	865	865	0	 	 	0	0	0
28454452	0	881	881	0	 	 	0	0	0
28491004	0	886	886	0	 	 	0	0	0
28528852	0	864	864	0	 	 	0	0	0
28566652	0	864	864	0	 	 	0	0	0
28602154	0	903	903	0	 	 	0	0	0
28640002	0	864	864	0	 	 	0	0	0
28677850	0	864	864	0	 	 	0	0	0
28714357	0	885	885	0	 	 	0	0	0
28751152	0	883	883	0	 	 	0	0	0
28789021	0	864	864	0	 	 	0	0	0
28826557	0	867	867	0	 	 	0	0	0
28862323	0	900	900	0	 	 	0	0	0
28900171	0	864	864	0	 	 	0	0	0
28937978	0	862	862	0	 	 	0	0	0
28974261	0	890	890	0	 	 	0	0	0
29083751	0	904	469	435	 	 	0	0	0
29224652	0	898	264	634	 	 	0	0	0
29360702	0	899	288	611	 	 	0	0	0
29507499	0	907	251	656	 	 	0	0	0
29644704	0	894	277	617	 	 	0	0	0
29784087	0	904	281	623	 	 	0	0	0
29929918	0	903	247	656	 	 	0	0	0
30064970	0	894	288	606	 	 	0	0	0
30208076	0	906	264	642	 	 	0	0	0
30350184	0	901	264	637	 	 	0	0	0
30485236	0	894	288	606	 	 	0	0	0
30631480	0	911	258	653	 	 	0	0	0
30770236	0	895	270	625	 	 	0	0	0
30908147	0	904	288	616	 	 	0	0	0
31055450	0	903	240	663	 	 	0	0	0
31190502	0	894	288	606	 	 	0	0	0
31332018	0	905	271	634	 	 	0	0	0
31506170	0	874	257	617	 	 	0	0	0
32141458	0	652	0	652	 	 	0	0	0
32775788	0	651	0	651	 	 	0	0	0
33411076	0	652	0	652	 	 	0	0	0
34046365	0	652	0	652	 	 	0	0	0
ATOMS
  atom_SAD4	needed/available: 1/1 swap-in/swap-out: 1/0 --> SAD_16_HW_00 
  atom_SATD	needed/available: 1/1 swap-in/swap-out: 1/0 --> SATD_4x4_HW_03 
  atom_Transform1	needed/available: 1/1 swap-in/swap-out: 1/0 --> DCT_4x4_HW_02 
  atom_Transform2	needed/available: 1/1 swap-in/swap-out: 1/0 --> HT_4X4_HW_01 SATD_4x4_HW_03 
  atom_Transform3	needed/available: 0/0 swap-in/swap-out: 0/0 
  atom_PackLSBMSB	needed/available: 1/1 swap-in/swap-out: 1/0 --> HT_4X4_HW_01 SATD_4x4_HW_03 DCT_4x4_HW_02 
  atom_QuadSub	needed/available: 1/1 swap-in/swap-out: 1/0 --> SATD_4x4_HW_03 DCT_4x4_HW_02 
  atom_BytePack	needed/available: 0/0 swap-in/swap-out: 0/0 
  atom_PointFilter	needed/available: 0/0 swap-in/swap-out: 0/0 
  atom_Clip3	needed/available: 0/0 swap-in/swap-out: 0/0 
  atom_PackLBytes	needed/available: 0/0 swap-in/swap-out: 0/0 
  atom_CollapseAdd	needed/available: 0/0 swap-in/swap-out: 0/0 
  atom_Cond	needed/available: 0/0 swap-in/swap-out: 0/0 
  atom_LF	needed/available: 0/0 swap-in/swap-out: 0/0 
MOLECULES
  <0>	*SAD_16_HW_00        : 1x[atom_SAD4]  (L, Execs)=	68	33165
  <0>	 SAD_16_HW_01        : 2x[atom_SAD4]  (L, Execs)=	37	0
  <0>	*SAD_16_SW           :  (L, Execs)=	4673	0
  <1>	 HT_2X2_HW_00        : 1x[atom_Transform3]  (L, Execs)=	5	0
  <1>	*HT_2X2_SW           :  (L, Execs)=	100	7920
  <2>	*HT_4X4_HW_00        : 1x[atom_Transform2]  (L, Execs)=	104	0
  <2>	*HT_4X4_HW_01        : 1x[atom_Transform2] 1x[atom_PackLSBMSB]  (L, Execs)=	16	4
  <2>	 HT_4X4_HW_02        : 2x[atom_Transform2] 1x[atom_PackLSBMSB]  (L, Execs)=	14	0
  <2>	 HT_4X4_HW_03        : 2x[atom_Transform2] 2x[atom_PackLSBMSB]  (L, Execs)=	10	0
  <2>	 HT_4X4_HW_04        : 4x[atom_Transform2] 4x[atom_PackLSBMSB]  (L, Execs)=	8	0
  <2>	*HT_4X4_SW           :  (L, Execs)=	298	0
  <3>	 MC_Hz4_HW_00        : 1x[atom_PointFilter]  (L, Execs)=	103	0
  <3>	 MC_Hz4_HW_01        : 1x[atom_PointFilter] 1x[atom_Clip3]  (L, Execs)=	26	0
  <3>	 MC_Hz4_HW_02        : 1x[atom_BytePack] 1x[atom_PointFilter] 1x[atom_Clip3]  (L, Execs)=	11	0
  <3>	 MC_Hz4_HW_03        : 2x[atom_BytePack] 1x[atom_PointFilter] 1x[atom_Clip3]  (L, Execs)=	10	0
  <3>	 MC_Hz4_HW_04        : 2x[atom_BytePack] 2x[atom_PointFilter] 2x[atom_Clip3]  (L, Execs)=	9	0
  <3>	 MC_Hz4_HW_05        : 3x[atom_BytePack] 2x[atom_PointFilter] 2x[atom_Clip3]  (L, Execs)=	8	0
  <3>	*MC_Hz4_SW           :  (L, Execs)=	215	47328
  <4>	 IPred_HDC16x16_HW_00: 1x[atom_PackLBytes]  (L, Execs)=	53	0
  <4>	 IPred_HDC16x16_HW_01: 1x[atom_PackLBytes] 1x[atom_CollapseAdd]  (L, Execs)=	22	0
  <4>	*IPred_HDC16x16_SW   :  (L, Execs)=	249	16
  <5>	 IPred_VDC16x16_HW_00: 1x[atom_CollapseAdd]  (L, Execs)=	7	0
  <5>	 IPred_VDC16x16_HW_01: 2x[atom_CollapseAdd]  (L, Execs)=	6	0
  <5>	*IPred_VDC16x16_SW   :  (L, Execs)=	69	16
  <6>	 LF_BS_4_4_HW_00     : 1x[atom_Cond]  (L, Execs)=	428	0
  <6>	 LF_BS_4_4_HW_01     : 1x[atom_Cond] 1x[atom_LF]  (L, Execs)=	9	0
  <6>	 LF_BS_4_4_HW_02     : 2x[atom_Cond] 2x[atom_LF]  (L, Execs)=	8	0
  <6>	*LF_BS_4_4_SW        :  (L, Execs)=	960	15840
  <7>	*SATD_4x4_HW_00      : 1x[atom_Transform2]  (L, Execs)=	350	0
  <7>	*SATD_4x4_HW_01      : 1x[atom_Transform2] 1x[atom_PackLSBMSB]  (L, Execs)=	294	0
  <7>	*SATD_4x4_HW_02      : 1x[atom_Transform2] 1x[atom_PackLSBMSB] 1x[atom_QuadSub]  (L, Execs)=	186	0
  <7>	*SATD_4x4_HW_03      : 1x[atom_SATD] 1x[atom_Transform2] 1x[atom_PackLSBMSB] 1x[atom_QuadSub]  (L, Execs)=	22	126720
  <7>	 SATD_4x4_HW_04      : 1x[atom_SATD] 2x[atom_Transform2] 1x[atom_PackLSBMSB] 1x[atom_QuadSub]  (L, Execs)=	21	0
  <7>	 SATD_4x4_HW_05      : 2x[atom_SATD] 2x[atom_Transform2] 2x[atom_PackLSBMSB] 1x[atom_QuadSub]  (L, Execs)=	20	0
  <7>	 SATD_4x4_HW_06      : 1x[atom_SATD] 4x[atom_Transform2] 4x[atom_PackLSBMSB] 1x[atom_QuadSub]  (L, Execs)=	19	0
  <7>	 SATD_4x4_HW_07      : 2x[atom_SATD] 4x[atom_Transform2] 4x[atom_PackLSBMSB] 1x[atom_QuadSub]  (L, Execs)=	18	0
  <7>	*SATD_4x4_SW         :  (L, Execs)=	544	0
  <8>	*DCT_4x4_HW_00       : 1x[atom_Transform1]  (L, Execs)=	216	0
  <8>	*DCT_4x4_HW_01       : 1x[atom_Transform1] 1x[atom_PackLSBMSB]  (L, Execs)=	160	0
  <8>	*DCT_4x4_HW_02       : 1x[atom_Transform1] 1x[atom_PackLSBMSB] 1x[atom_QuadSub]  (L, Execs)=	21	23760
  <8>	 DCT_4x4_HW_03       : 2x[atom_Transform1] 1x[atom_PackLSBMSB] 1x[atom_QuadSub]  (L, Execs)=	19	0
  <8>	 DCT_4x4_HW_04       : 2x[atom_Transform1] 2x[atom_PackLSBMSB] 1x[atom_QuadSub]  (L, Execs)=	18	0
  <8>	 DCT_4x4_HW_05       : 4x[atom_Transform1] 2x[atom_PackLSBMSB] 1x[atom_QuadSub]  (L, Execs)=	16	0
  <8>	 DCT_4x4_HW_06       : 4x[atom_Transform1] 4x[atom_PackLSBMSB] 1x[atom_QuadSub]  (L, Execs)=	15	0
  <8>	*DCT_4x4_SW          :  (L, Execs)=	488	0

The asterisk indicates the currently available Molecules (maybe multiple) for each Special Instruction

