0 s: Info: RotationsManager: Cycle-time: 1 ns

0 s: Info: TDLAMBDA: 
   TD(lambda) using parameters:
   lambda = 0
   gamma  = 0
   alpha  = 0
   e_min  = 1e-05
0 s: Info: RotationsManager: 
   * FPGA capacity/used: 5/0



0 s: Info: DECODER: Decoder ready.
0 s: Info: MONITOR: 	Size of timeframe: 250,000
	Extended monitoring information between cycles 0 and 1
0 s: Info: RotationsManager: Initializing DLX Pipeline Emulator
   * Module Name:            [Pipeline]
   * Instruction Memory:     [/home/bauer_l/ASIPMeisterProjects/dlx_basis/Applications/Encoder_dynamic_MixedHWSWMolecule_startup_opt2/TestData.IM]
   * Branch Trace:           [/home/bauer_l/ASIPMeisterProjects/dlx_basis/Applications/Encoder_dynamic_MixedHWSWMolecule_startup_opt2/trace.txt]
   * DLX Opcode Definitions: [/home/bauer_l//RotationsManager_53/DLX/dlxops.dlx]

52 ns: Info: PREFETCHER: 
---> BEFORE RESCHEDULING
 SAD_16_HW_00        : 1x[atom_SAD4]  (L, Execs)=	68	0
 SATD_4x4_HW_03      : 1x[atom_SATD] 1x[atom_Transform2] 1x[atom_PackLSBMSB] 1x[atom_QuadSub]  (L, Execs)=	22	0
 HT_4X4_HW_01        : 1x[atom_Transform2] 1x[atom_PackLSBMSB]  (L, Execs)=	16	0


---> AFTER RESCHEDULING
 SAD_16_HW_00        : 1x[atom_SAD4]  (L, Execs)=	68	0
 HT_4X4_HW_01        : 1x[atom_Transform2] 1x[atom_PackLSBMSB]  (L, Execs)=	16	0
 SATD_4x4_HW_03      : 1x[atom_SATD] 1x[atom_Transform2] 1x[atom_PackLSBMSB] 1x[atom_QuadSub]  (L, Execs)=	22	0


52 ns: Info: PREFETCHER: 
SysDyn:	FORECAST POINT:	at address 0x290
SysDyn:	CURRENT PREDICTION:	6633.0	1584.0	2.0	9420.0	7.0	7.0	3168.0	25344.0	4752.0	
SysDyn:	CONFIGURATION STATUS:	   * FPGA capacity/used: 5/0

SysDyn:	SWAP-IN QUEUE:	atom_SAD4	needed/available: 1/0 swap-in/swap-out: 0/0 --> SAD_16_HW_00 
SysDyn:	SWAP-IN QUEUE:	atom_PackLSBMSB	needed/available: 1/0 swap-in/swap-out: 0/0 --> HT_4X4_HW_01 SATD_4x4_HW_03 
SysDyn:	SWAP-IN QUEUE:	atom_Transform2	needed/available: 1/0 swap-in/swap-out: 0/0 --> HT_4X4_HW_01 SATD_4x4_HW_03 
SysDyn:	SWAP-IN QUEUE:	atom_QuadSub	needed/available: 1/0 swap-in/swap-out: 0/0 --> SATD_4x4_HW_03 
SysDyn:	SWAP-IN QUEUE:	atom_SATD	needed/available: 1/0 swap-in/swap-out: 0/0 --> SATD_4x4_HW_03 
================================================================================

52 ns: Info: MONITOR: currently no atoms available

62 ns: Info: MONITOR: ATOM IN:	atom_SAD4	needed/available: 1/1 swap-in/swap-out: 1/0 --> SAD_16_HW_00 
62 ns: Info: MONITOR: Molecule	SAD_16_SW	4673	is replaced by molecule	SAD_16_HW_00	68	and was used	0	- times.

62 ns: Info: MONITOR: The fastest available molecule for SI No. 0 is:	SAD_16_HW_00	68
62 ns: Info: MONITOR: The fastest available molecule for SI No. 1 is:	HT_2X2_SW	100
62 ns: Info: MONITOR: The fastest available molecule for SI No. 2 is:	HT_4X4_SW	298
62 ns: Info: MONITOR: The fastest available molecule for SI No. 3 is:	MC_Hz4_SW	215
62 ns: Info: MONITOR: The fastest available molecule for SI No. 4 is:	IPred_HDC16x16_SW	249
62 ns: Info: MONITOR: The fastest available molecule for SI No. 5 is:	IPred_VDC16x16_SW	69
62 ns: Info: MONITOR: The fastest available molecule for SI No. 6 is:	LF_BS_4_4_SW	960
62 ns: Info: MONITOR: The fastest available molecule for SI No. 7 is:	SATD_4x4_SW	544
62 ns: Info: MONITOR: The fastest available molecule for SI No. 8 is:	DCT_4x4_SW	488
62 ns: Info: MONITOR: 

72 ns: Info: MONITOR: ATOM IN:	atom_PackLSBMSB	needed/available: 1/1 swap-in/swap-out: 1/0 --> HT_4X4_HW_01 SATD_4x4_HW_03 
72 ns: Info: MONITOR: The fastest available molecule for SI No. 0 is:	SAD_16_HW_00	68
72 ns: Info: MONITOR: The fastest available molecule for SI No. 1 is:	HT_2X2_SW	100
72 ns: Info: MONITOR: The fastest available molecule for SI No. 2 is:	HT_4X4_SW	298
72 ns: Info: MONITOR: The fastest available molecule for SI No. 3 is:	MC_Hz4_SW	215
72 ns: Info: MONITOR: The fastest available molecule for SI No. 4 is:	IPred_HDC16x16_SW	249
72 ns: Info: MONITOR: The fastest available molecule for SI No. 5 is:	IPred_VDC16x16_SW	69
72 ns: Info: MONITOR: The fastest available molecule for SI No. 6 is:	LF_BS_4_4_SW	960
72 ns: Info: MONITOR: The fastest available molecule for SI No. 7 is:	SATD_4x4_SW	544
72 ns: Info: MONITOR: The fastest available molecule for SI No. 8 is:	DCT_4x4_SW	488
72 ns: Info: MONITOR: 

82 ns: Info: MONITOR: ATOM IN:	atom_Transform2	needed/available: 1/1 swap-in/swap-out: 1/0 --> HT_4X4_HW_01 SATD_4x4_HW_03 
82 ns: Info: MONITOR: Molecule	HT_4X4_SW	298	is replaced by molecule	HT_4X4_HW_01	16	and was used	0	- times.

82 ns: Info: MONITOR: Molecule	SATD_4x4_SW	544	is replaced by molecule	SATD_4x4_HW_01	294	and was used	0	- times.

82 ns: Info: MONITOR: The fastest available molecule for SI No. 0 is:	SAD_16_HW_00	68
82 ns: Info: MONITOR: The fastest available molecule for SI No. 1 is:	HT_2X2_SW	100
82 ns: Info: MONITOR: The fastest available molecule for SI No. 2 is:	HT_4X4_HW_01	16
82 ns: Info: MONITOR: The fastest available molecule for SI No. 3 is:	MC_Hz4_SW	215
82 ns: Info: MONITOR: The fastest available molecule for SI No. 4 is:	IPred_HDC16x16_SW	249
82 ns: Info: MONITOR: The fastest available molecule for SI No. 5 is:	IPred_VDC16x16_SW	69
82 ns: Info: MONITOR: The fastest available molecule for SI No. 6 is:	LF_BS_4_4_SW	960
82 ns: Info: MONITOR: The fastest available molecule for SI No. 7 is:	SATD_4x4_HW_01	294
82 ns: Info: MONITOR: The fastest available molecule for SI No. 8 is:	DCT_4x4_SW	488
82 ns: Info: MONITOR: 

92 ns: Info: MONITOR: ATOM IN:	atom_QuadSub	needed/available: 1/1 swap-in/swap-out: 1/0 --> SATD_4x4_HW_03 
92 ns: Info: MONITOR: Molecule	SATD_4x4_HW_01	294	is replaced by molecule	SATD_4x4_HW_02	186	and was used	0	- times.

92 ns: Info: MONITOR: The fastest available molecule for SI No. 0 is:	SAD_16_HW_00	68
92 ns: Info: MONITOR: The fastest available molecule for SI No. 1 is:	HT_2X2_SW	100
92 ns: Info: MONITOR: The fastest available molecule for SI No. 2 is:	HT_4X4_HW_01	16
92 ns: Info: MONITOR: The fastest available molecule for SI No. 3 is:	MC_Hz4_SW	215
92 ns: Info: MONITOR: The fastest available molecule for SI No. 4 is:	IPred_HDC16x16_SW	249
92 ns: Info: MONITOR: The fastest available molecule for SI No. 5 is:	IPred_VDC16x16_SW	69
92 ns: Info: MONITOR: The fastest available molecule for SI No. 6 is:	LF_BS_4_4_SW	960
92 ns: Info: MONITOR: The fastest available molecule for SI No. 7 is:	SATD_4x4_HW_02	186
92 ns: Info: MONITOR: The fastest available molecule for SI No. 8 is:	DCT_4x4_SW	488
92 ns: Info: MONITOR: 

102 ns: Info: MONITOR: ATOM IN:	atom_SATD	needed/available: 1/1 swap-in/swap-out: 1/0 --> SATD_4x4_HW_03 
102 ns: Info: MONITOR: Molecule	SATD_4x4_HW_02	186	is replaced by molecule	SATD_4x4_HW_03	22	and was used	0	- times.

102 ns: Info: MONITOR: The fastest available molecule for SI No. 0 is:	SAD_16_HW_00	68
102 ns: Info: MONITOR: The fastest available molecule for SI No. 1 is:	HT_2X2_SW	100
102 ns: Info: MONITOR: The fastest available molecule for SI No. 2 is:	HT_4X4_HW_01	16
102 ns: Info: MONITOR: The fastest available molecule for SI No. 3 is:	MC_Hz4_SW	215
102 ns: Info: MONITOR: The fastest available molecule for SI No. 4 is:	IPred_HDC16x16_SW	249
102 ns: Info: MONITOR: The fastest available molecule for SI No. 5 is:	IPred_VDC16x16_SW	69
102 ns: Info: MONITOR: The fastest available molecule for SI No. 6 is:	LF_BS_4_4_SW	960
102 ns: Info: MONITOR: The fastest available molecule for SI No. 7 is:	SATD_4x4_HW_03	22
102 ns: Info: MONITOR: The fastest available molecule for SI No. 8 is:	DCT_4x4_SW	488
102 ns: Info: MONITOR: 

250 us: Info: MONITOR: Molecule: 	SAD_16_HW_00	was used	1243	since in last timeframe
250 us: Info: MONITOR: Molecule: 	SATD_4x4_HW_03	was used	4608	since in last timeframe
250 us: Info: MONITOR:    SI usages in last timeframe  	1243	0	0	0	0	0	0	4608	0	

500 us: Info: MONITOR: Molecule: 	SAD_16_HW_00	was used	1236	since in last timeframe
500 us: Info: MONITOR: Molecule: 	SATD_4x4_HW_03	was used	4629	since in last timeframe
500 us: Info: MONITOR:    SI usages in last timeframe  	1236	0	0	0	0	0	0	4629	0	

750 us: Info: MONITOR: Molecule: 	SAD_16_HW_00	was used	1206	since in last timeframe
750 us: Info: MONITOR: Molecule: 	SATD_4x4_HW_03	was used	4711	since in last timeframe
750 us: Info: MONITOR:    SI usages in last timeframe  	1206	0	0	0	0	0	0	4711	0	

1 ms: Info: MONITOR: Molecule: 	SAD_16_HW_00	was used	1206	since in last timeframe
1 ms: Info: MONITOR: Molecule: 	SATD_4x4_HW_03	was used	4711	since in last timeframe
1 ms: Info: MONITOR:    SI usages in last timeframe  	1206	0	0	0	0	0	0	4711	0	

1250 us: Info: MONITOR: Molecule: 	SAD_16_HW_00	was used	1233	since in last timeframe
1250 us: Info: MONITOR: Molecule: 	SATD_4x4_HW_03	was used	4637	since in last timeframe
1250 us: Info: MONITOR:    SI usages in last timeframe  	1233	0	0	0	0	0	0	4637	0	

1500 us: Info: MONITOR: Molecule: 	SAD_16_HW_00	was used	509	since in last timeframe
1500 us: Info: MONITOR: Molecule: 	HT_2X2_SW	was used	48	since in last timeframe
1500 us: Info: MONITOR: Molecule: 	MC_Hz4_SW	was used	290	since in last timeframe
1500 us: Info: MONITOR: Molecule: 	SATD_4x4_HW_03	was used	2048	since in last timeframe
1500 us: Info: MONITOR: Molecule: 	DCT_4x4_SW	was used	144	since in last timeframe
1500 us: Info: MONITOR:    SI usages in last timeframe  	509	48	0	290	0	0	0	2048	144	

1750 us: Info: MONITOR: Molecule: 	HT_2X2_SW	was used	80	since in last timeframe
1750 us: Info: MONITOR: Molecule: 	MC_Hz4_SW	was used	538	since in last timeframe
1750 us: Info: MONITOR: Molecule: 	DCT_4x4_SW	was used	240	since in last timeframe
1750 us: Info: MONITOR:    SI usages in last timeframe  	0	80	0	538	0	0	0	0	240	

2 ms: Info: MONITOR: Molecule: 	HT_2X2_SW	was used	80	since in last timeframe
2 ms: Info: MONITOR: Molecule: 	MC_Hz4_SW	was used	516	since in last timeframe
2 ms: Info: MONITOR: Molecule: 	DCT_4x4_SW	was used	250	since in last timeframe
2 ms: Info: MONITOR:    SI usages in last timeframe  	0	80	0	516	0	0	0	0	250	

2250 us: Info: MONITOR: Molecule: 	HT_2X2_SW	was used	88	since in last timeframe
2250 us: Info: MONITOR: Molecule: 	MC_Hz4_SW	was used	480	since in last timeframe
2250 us: Info: MONITOR: Molecule: 	DCT_4x4_SW	was used	265	since in last timeframe
2250 us: Info: MONITOR:    SI usages in last timeframe  	0	88	0	480	0	0	0	0	265	

2500 us: Info: MONITOR: Molecule: 	HT_2X2_SW	was used	88	since in last timeframe
2500 us: Info: MONITOR: Molecule: 	MC_Hz4_SW	was used	503	since in last timeframe
2500 us: Info: MONITOR: Molecule: 	DCT_4x4_SW	was used	253	since in last timeframe
2500 us: Info: MONITOR:    SI usages in last timeframe  	0	88	0	503	0	0	0	0	253	

2750 us: Info: MONITOR: Molecule: 	HT_2X2_SW	was used	80	since in last timeframe
2750 us: Info: MONITOR: Molecule: 	MC_Hz4_SW	was used	539	since in last timeframe
2750 us: Info: MONITOR: Molecule: 	DCT_4x4_SW	was used	240	since in last timeframe
2750 us: Info: MONITOR:    SI usages in last timeframe  	0	80	0	539	0	0	0	0	240	

3 ms: Info: MONITOR: Molecule: 	HT_2X2_SW	was used	80	since in last timeframe
3 ms: Info: MONITOR: Molecule: 	MC_Hz4_SW	was used	494	since in last timeframe
3 ms: Info: MONITOR: Molecule: 	DCT_4x4_SW	was used	260	since in last timeframe
3 ms: Info: MONITOR:    SI usages in last timeframe  	0	80	0	494	0	0	0	0	260	

3250 us: Info: MONITOR: Molecule: 	HT_2X2_SW	was used	88	since in last timeframe
3250 us: Info: MONITOR: Molecule: 	MC_Hz4_SW	was used	480	since in last timeframe
3250 us: Info: MONITOR: Molecule: 	DCT_4x4_SW	was used	264	since in last timeframe
3250 us: Info: MONITOR:    SI usages in last timeframe  	0	88	0	480	0	0	0	0	264	

3500 us: Info: MONITOR: Molecule: 	HT_2X2_SW	was used	88	since in last timeframe
3500 us: Info: MONITOR: Molecule: 	MC_Hz4_SW	was used	525	since in last timeframe
3500 us: Info: MONITOR: Molecule: 	DCT_4x4_SW	was used	244	since in last timeframe
3500 us: Info: MONITOR:    SI usages in last timeframe  	0	88	0	525	0	0	0	0	244	

3750 us: Info: MONITOR: Molecule: 	HT_2X2_SW	was used	80	since in last timeframe
3750 us: Info: MONITOR: Molecule: 	MC_Hz4_SW	was used	531	since in last timeframe
3750 us: Info: MONITOR: Molecule: 	DCT_4x4_SW	was used	244	since in last timeframe
3750 us: Info: MONITOR:    SI usages in last timeframe  	0	80	0	531	0	0	0	0	244	

4 ms: Info: MONITOR: Molecule: 	HT_2X2_SW	was used	88	since in last timeframe
4 ms: Info: MONITOR: Molecule: 	MC_Hz4_SW	was used	480	since in last timeframe
4 ms: Info: MONITOR: Molecule: 	DCT_4x4_SW	was used	264	since in last timeframe
4 ms: Info: MONITOR:    SI usages in last timeframe  	0	88	0	480	0	0	0	0	264	

4250 us: Info: MONITOR: Molecule: 	HT_2X2_SW	was used	88	since in last timeframe
4250 us: Info: MONITOR: Molecule: 	MC_Hz4_SW	was used	488	since in last timeframe
4250 us: Info: MONITOR: Molecule: 	DCT_4x4_SW	was used	260	since in last timeframe
4250 us: Info: MONITOR:    SI usages in last timeframe  	0	88	0	488	0	0	0	0	260	

4500 us: Info: MONITOR: Molecule: 	HT_2X2_SW	was used	82	since in last timeframe
4500 us: Info: MONITOR: Molecule: 	HT_4X4_HW_01	was used	2	since in last timeframe
4500 us: Info: MONITOR: Molecule: 	MC_Hz4_SW	was used	472	since in last timeframe
4500 us: Info: MONITOR: Molecule: 	IPred_HDC16x16_SW	was used	8	since in last timeframe
4500 us: Info: MONITOR: Molecule: 	IPred_VDC16x16_SW	was used	8	since in last timeframe
4500 us: Info: MONITOR: Molecule: 	DCT_4x4_SW	was used	264	since in last timeframe
4500 us: Info: MONITOR:    SI usages in last timeframe  	0	82	2	472	8	8	0	0	264	

4750 us: Info: MONITOR: Molecule: 	HT_2X2_SW	was used	89	since in last timeframe
4750 us: Info: MONITOR: Molecule: 	MC_Hz4_SW	was used	480	since in last timeframe
4750 us: Info: MONITOR: Molecule: 	DCT_4x4_SW	was used	264	since in last timeframe
4750 us: Info: MONITOR:    SI usages in last timeframe  	0	89	0	480	0	0	0	0	264	

5 ms: Info: MONITOR: Molecule: 	HT_2X2_SW	was used	85	since in last timeframe
5 ms: Info: MONITOR: Molecule: 	MC_Hz4_SW	was used	536	since in last timeframe
5 ms: Info: MONITOR: Molecule: 	DCT_4x4_SW	was used	240	since in last timeframe
5 ms: Info: MONITOR:    SI usages in last timeframe  	0	85	0	536	0	0	0	0	240	

5250 us: Info: MONITOR: Molecule: 	HT_2X2_SW	was used	80	since in last timeframe
5250 us: Info: MONITOR: Molecule: 	MC_Hz4_SW	was used	520	since in last timeframe
5250 us: Info: MONITOR: Molecule: 	DCT_4x4_SW	was used	248	since in last timeframe
5250 us: Info: MONITOR:    SI usages in last timeframe  	0	80	0	520	0	0	0	0	248	

5500 us: Info: MONITOR: Molecule: 	HT_2X2_SW	was used	88	since in last timeframe
5500 us: Info: MONITOR: Molecule: 	MC_Hz4_SW	was used	480	since in last timeframe
5500 us: Info: MONITOR: Molecule: 	DCT_4x4_SW	was used	265	since in last timeframe
5500 us: Info: MONITOR:    SI usages in last timeframe  	0	88	0	480	0	0	0	0	265	

5750 us: Info: MONITOR: Molecule: 	HT_2X2_SW	was used	88	since in last timeframe
5750 us: Info: MONITOR: Molecule: 	MC_Hz4_SW	was used	499	since in last timeframe
5750 us: Info: MONITOR: Molecule: 	DCT_4x4_SW	was used	255	since in last timeframe
5750 us: Info: MONITOR:    SI usages in last timeframe  	0	88	0	499	0	0	0	0	255	

6 ms: Info: MONITOR: Molecule: 	HT_2X2_SW	was used	80	since in last timeframe
6 ms: Info: MONITOR: Molecule: 	MC_Hz4_SW	was used	538	since in last timeframe
6 ms: Info: MONITOR: Molecule: 	DCT_4x4_SW	was used	240	since in last timeframe
6 ms: Info: MONITOR:    SI usages in last timeframe  	0	80	0	538	0	0	0	0	240	

6250 us: Info: MONITOR: Molecule: 	HT_2X2_SW	was used	16	since in last timeframe
6250 us: Info: MONITOR: Molecule: 	MC_Hz4_SW	was used	19	since in last timeframe
6250 us: Info: MONITOR: Molecule: 	LF_BS_4_4_SW	was used	226	since in last timeframe
6250 us: Info: MONITOR: Molecule: 	DCT_4x4_SW	was used	48	since in last timeframe
6250 us: Info: MONITOR:    SI usages in last timeframe  	0	16	0	19	0	0	226	0	48	

6500 us: Info: MONITOR: Molecule: 	LF_BS_4_4_SW	was used	257	since in last timeframe
6500 us: Info: MONITOR:    SI usages in last timeframe  	0	0	0	0	0	0	257	0	0	

6750 us: Info: MONITOR: Molecule: 	LF_BS_4_4_SW	was used	256	since in last timeframe
6750 us: Info: MONITOR:    SI usages in last timeframe  	0	0	0	0	0	0	256	0	0	

7 ms: Info: MONITOR: Molecule: 	LF_BS_4_4_SW	was used	257	since in last timeframe
7 ms: Info: MONITOR:    SI usages in last timeframe  	0	0	0	0	0	0	257	0	0	

7250 us: Info: MONITOR: Molecule: 	LF_BS_4_4_SW	was used	256	since in last timeframe
7250 us: Info: MONITOR:    SI usages in last timeframe  	0	0	0	0	0	0	256	0	0	

7500 us: Info: MONITOR: Molecule: 	LF_BS_4_4_SW	was used	257	since in last timeframe
7500 us: Info: MONITOR:    SI usages in last timeframe  	0	0	0	0	0	0	257	0	0	

7750 us: Info: MONITOR: Molecule: 	LF_BS_4_4_SW	was used	257	since in last timeframe
7750 us: Info: MONITOR:    SI usages in last timeframe  	0	0	0	0	0	0	257	0	0	

8 ms: Info: MONITOR: Molecule: 	LF_BS_4_4_SW	was used	256	since in last timeframe
8 ms: Info: MONITOR:    SI usages in last timeframe  	0	0	0	0	0	0	256	0	0	

8250 us: Info: MONITOR: Molecule: 	LF_BS_4_4_SW	was used	257	since in last timeframe
8250 us: Info: MONITOR:    SI usages in last timeframe  	0	0	0	0	0	0	257	0	0	

8500 us: Info: MONITOR: Molecule: 	LF_BS_4_4_SW	was used	256	since in last timeframe
8500 us: Info: MONITOR:    SI usages in last timeframe  	0	0	0	0	0	0	256	0	0	

8750 us: Info: MONITOR: Molecule: 	LF_BS_4_4_SW	was used	257	since in last timeframe
8750 us: Info: MONITOR:    SI usages in last timeframe  	0	0	0	0	0	0	257	0	0	

9 ms: Info: MONITOR: Molecule: 	LF_BS_4_4_SW	was used	256	since in last timeframe
9 ms: Info: MONITOR:    SI usages in last timeframe  	0	0	0	0	0	0	256	0	0	

9250 us: Info: MONITOR: Molecule: 	SAD_16_HW_00	was used	670	since in last timeframe
9250 us: Info: MONITOR: Molecule: 	LF_BS_4_4_SW	was used	120	since in last timeframe
9250 us: Info: MONITOR: Molecule: 	SATD_4x4_HW_03	was used	2428	since in last timeframe
9250 us: Info: MONITOR:    SI usages in last timeframe  	670	0	0	0	0	0	120	2428	0	

9500 us: Info: MONITOR: Molecule: 	SAD_16_HW_00	was used	1206	since in last timeframe
9500 us: Info: MONITOR: Molecule: 	SATD_4x4_HW_03	was used	4711	since in last timeframe
9500 us: Info: MONITOR:    SI usages in last timeframe  	1206	0	0	0	0	0	0	4711	0	

9750 us: Info: MONITOR: Molecule: 	SAD_16_HW_00	was used	1233	since in last timeframe
9750 us: Info: MONITOR: Molecule: 	SATD_4x4_HW_03	was used	4637	since in last timeframe
9750 us: Info: MONITOR:    SI usages in last timeframe  	1233	0	0	0	0	0	0	4637	0	

10 ms: Info: MONITOR: Molecule: 	SAD_16_HW_00	was used	1244	since in last timeframe
10 ms: Info: MONITOR: Molecule: 	SATD_4x4_HW_03	was used	4608	since in last timeframe
10 ms: Info: MONITOR:    SI usages in last timeframe  	1244	0	0	0	0	0	0	4608	0	

10250 us: Info: MONITOR: Molecule: 	SAD_16_HW_00	was used	1208	since in last timeframe
10250 us: Info: MONITOR: Molecule: 	SATD_4x4_HW_03	was used	4705	since in last timeframe
10250 us: Info: MONITOR:    SI usages in last timeframe  	1208	0	0	0	0	0	0	4705	0	

10500 us: Info: MONITOR: Molecule: 	SAD_16_HW_00	was used	1072	since in last timeframe
10500 us: Info: MONITOR: Molecule: 	MC_Hz4_SW	was used	96	since in last timeframe
10500 us: Info: MONITOR: Molecule: 	SATD_4x4_HW_03	was used	4255	since in last timeframe
10500 us: Info: MONITOR: Molecule: 	DCT_4x4_SW	was used	8	since in last timeframe
10500 us: Info: MONITOR:    SI usages in last timeframe  	1072	0	0	96	0	0	0	4255	8	

10750 us: Info: MONITOR: Molecule: 	HT_2X2_SW	was used	88	since in last timeframe
10750 us: Info: MONITOR: Molecule: 	MC_Hz4_SW	was used	480	since in last timeframe
10750 us: Info: MONITOR: Molecule: 	DCT_4x4_SW	was used	265	since in last timeframe
10750 us: Info: MONITOR:    SI usages in last timeframe  	0	88	0	480	0	0	0	0	265	

11 ms: Info: MONITOR: Molecule: 	HT_2X2_SW	was used	88	since in last timeframe
11 ms: Info: MONITOR: Molecule: 	MC_Hz4_SW	was used	499	since in last timeframe
11 ms: Info: MONITOR: Molecule: 	DCT_4x4_SW	was used	255	since in last timeframe
11 ms: Info: MONITOR:    SI usages in last timeframe  	0	88	0	499	0	0	0	0	255	

11250 us: Info: MONITOR: Molecule: 	HT_2X2_SW	was used	80	since in last timeframe
11250 us: Info: MONITOR: Molecule: 	MC_Hz4_SW	was used	539	since in last timeframe
11250 us: Info: MONITOR: Molecule: 	DCT_4x4_SW	was used	240	since in last timeframe
11250 us: Info: MONITOR:    SI usages in last timeframe  	0	80	0	539	0	0	0	0	240	

11500 us: Info: MONITOR: Molecule: 	HT_2X2_SW	was used	80	since in last timeframe
11500 us: Info: MONITOR: Molecule: 	MC_Hz4_SW	was used	498	since in last timeframe
11500 us: Info: MONITOR: Molecule: 	DCT_4x4_SW	was used	258	since in last timeframe
11500 us: Info: MONITOR:    SI usages in last timeframe  	0	80	0	498	0	0	0	0	258	

11750 us: Info: MONITOR: Molecule: 	HT_2X2_SW	was used	88	since in last timeframe
11750 us: Info: MONITOR: Molecule: 	MC_Hz4_SW	was used	480	since in last timeframe
11750 us: Info: MONITOR: Molecule: 	DCT_4x4_SW	was used	265	since in last timeframe
11750 us: Info: MONITOR:    SI usages in last timeframe  	0	88	0	480	0	0	0	0	265	

12 ms: Info: MONITOR: Molecule: 	HT_2X2_SW	was used	88	since in last timeframe
12 ms: Info: MONITOR: Molecule: 	MC_Hz4_SW	was used	521	since in last timeframe
12 ms: Info: MONITOR: Molecule: 	DCT_4x4_SW	was used	245	since in last timeframe
12 ms: Info: MONITOR:    SI usages in last timeframe  	0	88	0	521	0	0	0	0	245	

12250 us: Info: MONITOR: Molecule: 	HT_2X2_SW	was used	80	since in last timeframe
12250 us: Info: MONITOR: Molecule: 	MC_Hz4_SW	was used	535	since in last timeframe
12250 us: Info: MONITOR: Molecule: 	DCT_4x4_SW	was used	242	since in last timeframe
12250 us: Info: MONITOR:    SI usages in last timeframe  	0	80	0	535	0	0	0	0	242	

12500 us: Info: MONITOR: Molecule: 	HT_2X2_SW	was used	88	since in last timeframe
12500 us: Info: MONITOR: Molecule: 	MC_Hz4_SW	was used	480	since in last timeframe
12500 us: Info: MONITOR: Molecule: 	DCT_4x4_SW	was used	264	since in last timeframe
12500 us: Info: MONITOR:    SI usages in last timeframe  	0	88	0	480	0	0	0	0	264	

12750 us: Info: MONITOR: Molecule: 	HT_2X2_SW	was used	88	since in last timeframe
12750 us: Info: MONITOR: Molecule: 	MC_Hz4_SW	was used	484	since in last timeframe
12750 us: Info: MONITOR: Molecule: 	DCT_4x4_SW	was used	262	since in last timeframe
12750 us: Info: MONITOR:    SI usages in last timeframe  	0	88	0	484	0	0	0	0	262	

13 ms: Info: MONITOR: Molecule: 	HT_2X2_SW	was used	80	since in last timeframe
13 ms: Info: MONITOR: Molecule: 	MC_Hz4_SW	was used	539	since in last timeframe
13 ms: Info: MONITOR: Molecule: 	DCT_4x4_SW	was used	240	since in last timeframe
13 ms: Info: MONITOR:    SI usages in last timeframe  	0	80	0	539	0	0	0	0	240	

13250 us: Info: MONITOR: Molecule: 	HT_2X2_SW	was used	80	since in last timeframe
13250 us: Info: MONITOR: Molecule: 	MC_Hz4_SW	was used	513	since in last timeframe
13250 us: Info: MONITOR: Molecule: 	DCT_4x4_SW	was used	251	since in last timeframe
13250 us: Info: MONITOR:    SI usages in last timeframe  	0	80	0	513	0	0	0	0	251	

13500 us: Info: MONITOR: Molecule: 	HT_2X2_SW	was used	88	since in last timeframe
13500 us: Info: MONITOR: Molecule: 	MC_Hz4_SW	was used	480	since in last timeframe
13500 us: Info: MONITOR: Molecule: 	DCT_4x4_SW	was used	265	since in last timeframe
13500 us: Info: MONITOR:    SI usages in last timeframe  	0	88	0	480	0	0	0	0	265	

13750 us: Info: MONITOR: Molecule: 	HT_2X2_SW	was used	88	since in last timeframe
13750 us: Info: MONITOR: Molecule: 	MC_Hz4_SW	was used	506	since in last timeframe
13750 us: Info: MONITOR: Molecule: 	DCT_4x4_SW	was used	252	since in last timeframe
13750 us: Info: MONITOR:    SI usages in last timeframe  	0	88	0	506	0	0	0	0	252	

14 ms: Info: MONITOR: Molecule: 	HT_2X2_SW	was used	80	since in last timeframe
14 ms: Info: MONITOR: Molecule: 	MC_Hz4_SW	was used	538	since in last timeframe
14 ms: Info: MONITOR: Molecule: 	DCT_4x4_SW	was used	240	since in last timeframe
14 ms: Info: MONITOR:    SI usages in last timeframe  	0	80	0	538	0	0	0	0	240	

14250 us: Info: MONITOR: Molecule: 	HT_2X2_SW	was used	80	since in last timeframe
14250 us: Info: MONITOR: Molecule: 	MC_Hz4_SW	was used	492	since in last timeframe
14250 us: Info: MONITOR: Molecule: 	DCT_4x4_SW	was used	261	since in last timeframe
14250 us: Info: MONITOR:    SI usages in last timeframe  	0	80	0	492	0	0	0	0	261	

14500 us: Info: MONITOR: Molecule: 	HT_2X2_SW	was used	88	since in last timeframe
14500 us: Info: MONITOR: Molecule: 	MC_Hz4_SW	was used	480	since in last timeframe
14500 us: Info: MONITOR: Molecule: 	DCT_4x4_SW	was used	265	since in last timeframe
14500 us: Info: MONITOR:    SI usages in last timeframe  	0	88	0	480	0	0	0	0	265	

14750 us: Info: MONITOR: Molecule: 	HT_2X2_SW	was used	88	since in last timeframe
14750 us: Info: MONITOR: Molecule: 	MC_Hz4_SW	was used	528	since in last timeframe
14750 us: Info: MONITOR: Molecule: 	DCT_4x4_SW	was used	242	since in last timeframe
14750 us: Info: MONITOR:    SI usages in last timeframe  	0	88	0	528	0	0	0	0	242	

15 ms: Info: MONITOR: Molecule: 	HT_2X2_SW	was used	80	since in last timeframe
15 ms: Info: MONITOR: Molecule: 	MC_Hz4_SW	was used	528	since in last timeframe
15 ms: Info: MONITOR: Molecule: 	DCT_4x4_SW	was used	245	since in last timeframe
15 ms: Info: MONITOR:    SI usages in last timeframe  	0	80	0	528	0	0	0	0	245	

15250 us: Info: MONITOR: Molecule: 	HT_2X2_SW	was used	64	since in last timeframe
15250 us: Info: MONITOR: Molecule: 	MC_Hz4_SW	was used	288	since in last timeframe
15250 us: Info: MONITOR: Molecule: 	LF_BS_4_4_SW	was used	87	since in last timeframe
15250 us: Info: MONITOR: Molecule: 	DCT_4x4_SW	was used	187	since in last timeframe
15250 us: Info: MONITOR:    SI usages in last timeframe  	0	64	0	288	0	0	87	0	187	

15500 us: Info: MONITOR: Molecule: 	LF_BS_4_4_SW	was used	256	since in last timeframe
15500 us: Info: MONITOR:    SI usages in last timeframe  	0	0	0	0	0	0	256	0	0	

15750 us: Info: MONITOR: Molecule: 	LF_BS_4_4_SW	was used	257	since in last timeframe
15750 us: Info: MONITOR:    SI usages in last timeframe  	0	0	0	0	0	0	257	0	0	

16 ms: Info: MONITOR: Molecule: 	LF_BS_4_4_SW	was used	257	since in last timeframe
16 ms: Info: MONITOR:    SI usages in last timeframe  	0	0	0	0	0	0	257	0	0	

16250 us: Info: MONITOR: Molecule: 	LF_BS_4_4_SW	was used	256	since in last timeframe
16250 us: Info: MONITOR:    SI usages in last timeframe  	0	0	0	0	0	0	256	0	0	

16500 us: Info: MONITOR: Molecule: 	LF_BS_4_4_SW	was used	257	since in last timeframe
16500 us: Info: MONITOR:    SI usages in last timeframe  	0	0	0	0	0	0	257	0	0	

16750 us: Info: MONITOR: Molecule: 	LF_BS_4_4_SW	was used	256	since in last timeframe
16750 us: Info: MONITOR:    SI usages in last timeframe  	0	0	0	0	0	0	256	0	0	

17 ms: Info: MONITOR: Molecule: 	LF_BS_4_4_SW	was used	257	since in last timeframe
17 ms: Info: MONITOR:    SI usages in last timeframe  	0	0	0	0	0	0	257	0	0	

17250 us: Info: MONITOR: Molecule: 	LF_BS_4_4_SW	was used	256	since in last timeframe
17250 us: Info: MONITOR:    SI usages in last timeframe  	0	0	0	0	0	0	256	0	0	

17500 us: Info: MONITOR: Molecule: 	LF_BS_4_4_SW	was used	257	since in last timeframe
17500 us: Info: MONITOR:    SI usages in last timeframe  	0	0	0	0	0	0	257	0	0	

17750 us: Info: MONITOR: Molecule: 	LF_BS_4_4_SW	was used	257	since in last timeframe
17750 us: Info: MONITOR:    SI usages in last timeframe  	0	0	0	0	0	0	257	0	0	

18 ms: Info: MONITOR: Molecule: 	LF_BS_4_4_SW	was used	256	since in last timeframe
18 ms: Info: MONITOR:    SI usages in last timeframe  	0	0	0	0	0	0	256	0	0	

18250 us: Info: MONITOR: Molecule: 	LF_BS_4_4_SW	was used	257	since in last timeframe
18250 us: Info: MONITOR:    SI usages in last timeframe  	0	0	0	0	0	0	257	0	0	

18500 us: Info: MONITOR: Molecule: 	SAD_16_HW_00	was used	1211	since in last timeframe
18500 us: Info: MONITOR: Molecule: 	LF_BS_4_4_SW	was used	2	since in last timeframe
18500 us: Info: MONITOR: Molecule: 	SATD_4x4_HW_03	was used	4608	since in last timeframe
18500 us: Info: MONITOR:    SI usages in last timeframe  	1211	0	0	0	0	0	2	4608	0	

18750 us: Info: MONITOR: Molecule: 	SAD_16_HW_00	was used	1244	since in last timeframe
18750 us: Info: MONITOR: Molecule: 	SATD_4x4_HW_03	was used	4608	since in last timeframe
18750 us: Info: MONITOR:    SI usages in last timeframe  	1244	0	0	0	0	0	0	4608	0	

19 ms: Info: MONITOR: Molecule: 	SAD_16_HW_00	was used	1230	since in last timeframe
19 ms: Info: MONITOR: Molecule: 	SATD_4x4_HW_03	was used	4645	since in last timeframe
19 ms: Info: MONITOR:    SI usages in last timeframe  	1230	0	0	0	0	0	0	4645	0	

19250 us: Info: MONITOR: Molecule: 	SAD_16_HW_00	was used	1206	since in last timeframe
19250 us: Info: MONITOR: Molecule: 	SATD_4x4_HW_03	was used	4712	since in last timeframe
19250 us: Info: MONITOR:    SI usages in last timeframe  	1206	0	0	0	0	0	0	4712	0	

19500 us: Info: MONITOR: Molecule: 	SAD_16_HW_00	was used	1206	since in last timeframe
19500 us: Info: MONITOR: Molecule: 	SATD_4x4_HW_03	was used	4711	since in last timeframe
19500 us: Info: MONITOR:    SI usages in last timeframe  	1206	0	0	0	0	0	0	4711	0	

19750 us: Info: MONITOR: Molecule: 	SAD_16_HW_00	was used	536	since in last timeframe
19750 us: Info: MONITOR: Molecule: 	HT_2X2_SW	was used	40	since in last timeframe
19750 us: Info: MONITOR: Molecule: 	MC_Hz4_SW	was used	288	since in last timeframe
19750 us: Info: MONITOR: Molecule: 	SATD_4x4_HW_03	was used	2060	since in last timeframe
19750 us: Info: MONITOR: Molecule: 	DCT_4x4_SW	was used	142	since in last timeframe
19750 us: Info: MONITOR:    SI usages in last timeframe  	536	40	0	288	0	0	0	2060	142	

20 ms: Info: MONITOR: Molecule: 	HT_2X2_SW	was used	88	since in last timeframe
20 ms: Info: MONITOR: Molecule: 	MC_Hz4_SW	was used	528	since in last timeframe
20 ms: Info: MONITOR: Molecule: 	DCT_4x4_SW	was used	242	since in last timeframe
20 ms: Info: MONITOR:    SI usages in last timeframe  	0	88	0	528	0	0	0	0	242	

20250 us: Info: MONITOR: Molecule: 	HT_2X2_SW	was used	80	since in last timeframe
20250 us: Info: MONITOR: Molecule: 	MC_Hz4_SW	was used	528	since in last timeframe
20250 us: Info: MONITOR: Molecule: 	DCT_4x4_SW	was used	245	since in last timeframe
20250 us: Info: MONITOR:    SI usages in last timeframe  	0	80	0	528	0	0	0	0	245	

20500 us: Info: MONITOR: Molecule: 	HT_2X2_SW	was used	88	since in last timeframe
20500 us: Info: MONITOR: Molecule: 	MC_Hz4_SW	was used	480	since in last timeframe
20500 us: Info: MONITOR: Molecule: 	DCT_4x4_SW	was used	264	since in last timeframe
20500 us: Info: MONITOR:    SI usages in last timeframe  	0	88	0	480	0	0	0	0	264	

20750 us: Info: MONITOR: Molecule: 	HT_2X2_SW	was used	88	since in last timeframe
20750 us: Info: MONITOR: Molecule: 	MC_Hz4_SW	was used	491	since in last timeframe
20750 us: Info: MONITOR: Molecule: 	DCT_4x4_SW	was used	259	since in last timeframe
20750 us: Info: MONITOR:    SI usages in last timeframe  	0	88	0	491	0	0	0	0	259	

21 ms: Info: MONITOR: Molecule: 	HT_2X2_SW	was used	80	since in last timeframe
21 ms: Info: MONITOR: Molecule: 	MC_Hz4_SW	was used	539	since in last timeframe
21 ms: Info: MONITOR: Molecule: 	DCT_4x4_SW	was used	240	since in last timeframe
21 ms: Info: MONITOR:    SI usages in last timeframe  	0	80	0	539	0	0	0	0	240	

21250 us: Info: MONITOR: Molecule: 	HT_2X2_SW	was used	80	since in last timeframe
21250 us: Info: MONITOR: Molecule: 	MC_Hz4_SW	was used	506	since in last timeframe
21250 us: Info: MONITOR: Molecule: 	DCT_4x4_SW	was used	255	since in last timeframe
21250 us: Info: MONITOR:    SI usages in last timeframe  	0	80	0	506	0	0	0	0	255	

21500 us: Info: MONITOR: Molecule: 	HT_2X2_SW	was used	88	since in last timeframe
21500 us: Info: MONITOR: Molecule: 	MC_Hz4_SW	was used	480	since in last timeframe
21500 us: Info: MONITOR: Molecule: 	DCT_4x4_SW	was used	264	since in last timeframe
21500 us: Info: MONITOR:    SI usages in last timeframe  	0	88	0	480	0	0	0	0	264	

21750 us: Info: MONITOR: Molecule: 	HT_2X2_SW	was used	88	since in last timeframe
21750 us: Info: MONITOR: Molecule: 	MC_Hz4_SW	was used	513	since in last timeframe
21750 us: Info: MONITOR: Molecule: 	DCT_4x4_SW	was used	249	since in last timeframe
21750 us: Info: MONITOR:    SI usages in last timeframe  	0	88	0	513	0	0	0	0	249	

22 ms: Info: MONITOR: Molecule: 	HT_2X2_SW	was used	80	since in last timeframe
22 ms: Info: MONITOR: Molecule: 	MC_Hz4_SW	was used	538	since in last timeframe
22 ms: Info: MONITOR: Molecule: 	DCT_4x4_SW	was used	240	since in last timeframe
22 ms: Info: MONITOR:    SI usages in last timeframe  	0	80	0	538	0	0	0	0	240	

22250 us: Info: MONITOR: Molecule: 	HT_2X2_SW	was used	80	since in last timeframe
22250 us: Info: MONITOR: Molecule: 	MC_Hz4_SW	was used	485	since in last timeframe
22250 us: Info: MONITOR: Molecule: 	DCT_4x4_SW	was used	264	since in last timeframe
22250 us: Info: MONITOR:    SI usages in last timeframe  	0	80	0	485	0	0	0	0	264	

22500 us: Info: MONITOR: Molecule: 	HT_2X2_SW	was used	89	since in last timeframe
22500 us: Info: MONITOR: Molecule: 	MC_Hz4_SW	was used	480	since in last timeframe
22500 us: Info: MONITOR: Molecule: 	DCT_4x4_SW	was used	264	since in last timeframe
22500 us: Info: MONITOR:    SI usages in last timeframe  	0	89	0	480	0	0	0	0	264	

22750 us: Info: MONITOR: Molecule: 	HT_2X2_SW	was used	87	since in last timeframe
22750 us: Info: MONITOR: Molecule: 	MC_Hz4_SW	was used	535	since in last timeframe
22750 us: Info: MONITOR: Molecule: 	DCT_4x4_SW	was used	240	since in last timeframe
22750 us: Info: MONITOR:    SI usages in last timeframe  	0	87	0	535	0	0	0	0	240	

23 ms: Info: MONITOR: Molecule: 	HT_2X2_SW	was used	80	since in last timeframe
23 ms: Info: MONITOR: Molecule: 	MC_Hz4_SW	was used	521	since in last timeframe
23 ms: Info: MONITOR: Molecule: 	DCT_4x4_SW	was used	248	since in last timeframe
23 ms: Info: MONITOR:    SI usages in last timeframe  	0	80	0	521	0	0	0	0	248	

23250 us: Info: MONITOR: Molecule: 	HT_2X2_SW	was used	88	since in last timeframe
23250 us: Info: MONITOR: Molecule: 	MC_Hz4_SW	was used	480	since in last timeframe
23250 us: Info: MONITOR: Molecule: 	DCT_4x4_SW	was used	264	since in last timeframe
23250 us: Info: MONITOR:    SI usages in last timeframe  	0	88	0	480	0	0	0	0	264	

23500 us: Info: MONITOR: Molecule: 	HT_2X2_SW	was used	88	since in last timeframe
23500 us: Info: MONITOR: Molecule: 	MC_Hz4_SW	was used	498	since in last timeframe
23500 us: Info: MONITOR: Molecule: 	DCT_4x4_SW	was used	256	since in last timeframe
23500 us: Info: MONITOR:    SI usages in last timeframe  	0	88	0	498	0	0	0	0	256	

23750 us: Info: MONITOR: Molecule: 	HT_2X2_SW	was used	80	since in last timeframe
23750 us: Info: MONITOR: Molecule: 	MC_Hz4_SW	was used	538	since in last timeframe
23750 us: Info: MONITOR: Molecule: 	DCT_4x4_SW	was used	240	since in last timeframe
23750 us: Info: MONITOR:    SI usages in last timeframe  	0	80	0	538	0	0	0	0	240	

24 ms: Info: MONITOR: Molecule: 	HT_2X2_SW	was used	80	since in last timeframe
24 ms: Info: MONITOR: Molecule: 	MC_Hz4_SW	was used	500	since in last timeframe
24 ms: Info: MONITOR: Molecule: 	DCT_4x4_SW	was used	258	since in last timeframe
24 ms: Info: MONITOR:    SI usages in last timeframe  	0	80	0	500	0	0	0	0	258	

24250 us: Info: MONITOR: Molecule: 	HT_2X2_SW	was used	88	since in last timeframe
24250 us: Info: MONITOR: Molecule: 	MC_Hz4_SW	was used	480	since in last timeframe
24250 us: Info: MONITOR: Molecule: 	DCT_4x4_SW	was used	264	since in last timeframe
24250 us: Info: MONITOR:    SI usages in last timeframe  	0	88	0	480	0	0	0	0	264	

24500 us: Info: MONITOR: Molecule: 	HT_2X2_SW	was used	24	since in last timeframe
24500 us: Info: MONITOR: Molecule: 	MC_Hz4_SW	was used	96	since in last timeframe
24500 us: Info: MONITOR: Molecule: 	LF_BS_4_4_SW	was used	204	since in last timeframe
24500 us: Info: MONITOR: Molecule: 	DCT_4x4_SW	was used	54	since in last timeframe
24500 us: Info: MONITOR:    SI usages in last timeframe  	0	24	0	96	0	0	204	0	54	

24750 us: Info: MONITOR: Molecule: 	LF_BS_4_4_SW	was used	257	since in last timeframe
24750 us: Info: MONITOR:    SI usages in last timeframe  	0	0	0	0	0	0	257	0	0	

25 ms: Info: MONITOR: Molecule: 	LF_BS_4_4_SW	was used	256	since in last timeframe
25 ms: Info: MONITOR:    SI usages in last timeframe  	0	0	0	0	0	0	256	0	0	

25250 us: Info: MONITOR: Molecule: 	LF_BS_4_4_SW	was used	257	since in last timeframe
25250 us: Info: MONITOR:    SI usages in last timeframe  	0	0	0	0	0	0	257	0	0	

25500 us: Info: MONITOR: Molecule: 	LF_BS_4_4_SW	was used	256	since in last timeframe
25500 us: Info: MONITOR:    SI usages in last timeframe  	0	0	0	0	0	0	256	0	0	

25750 us: Info: MONITOR: Molecule: 	LF_BS_4_4_SW	was used	257	since in last timeframe
25750 us: Info: MONITOR:    SI usages in last timeframe  	0	0	0	0	0	0	257	0	0	

26 ms: Info: MONITOR: Molecule: 	LF_BS_4_4_SW	was used	257	since in last timeframe
26 ms: Info: MONITOR:    SI usages in last timeframe  	0	0	0	0	0	0	257	0	0	

26250 us: Info: MONITOR: Molecule: 	LF_BS_4_4_SW	was used	256	since in last timeframe
26250 us: Info: MONITOR:    SI usages in last timeframe  	0	0	0	0	0	0	256	0	0	

26500 us: Info: MONITOR: Molecule: 	LF_BS_4_4_SW	was used	257	since in last timeframe
26500 us: Info: MONITOR:    SI usages in last timeframe  	0	0	0	0	0	0	257	0	0	

26750 us: Info: MONITOR: Molecule: 	LF_BS_4_4_SW	was used	256	since in last timeframe
26750 us: Info: MONITOR:    SI usages in last timeframe  	0	0	0	0	0	0	256	0	0	

27 ms: Info: MONITOR: Molecule: 	LF_BS_4_4_SW	was used	257	since in last timeframe
27 ms: Info: MONITOR:    SI usages in last timeframe  	0	0	0	0	0	0	257	0	0	

27250 us: Info: MONITOR: Molecule: 	LF_BS_4_4_SW	was used	256	since in last timeframe
27250 us: Info: MONITOR:    SI usages in last timeframe  	0	0	0	0	0	0	256	0	0	

27500 us: Info: MONITOR: Molecule: 	SAD_16_HW_00	was used	557	since in last timeframe
27500 us: Info: MONITOR: Molecule: 	LF_BS_4_4_SW	was used	142	since in last timeframe
27500 us: Info: MONITOR: Molecule: 	SATD_4x4_HW_03	was used	2048	since in last timeframe
27500 us: Info: MONITOR:    SI usages in last timeframe  	557	0	0	0	0	0	142	2048	0	

27750 us: Info: MONITOR: Molecule: 	SAD_16_HW_00	was used	1244	since in last timeframe
27750 us: Info: MONITOR: Molecule: 	SATD_4x4_HW_03	was used	4608	since in last timeframe
27750 us: Info: MONITOR:    SI usages in last timeframe  	1244	0	0	0	0	0	0	4608	0	

28 ms: Info: MONITOR: Molecule: 	SAD_16_HW_00	was used	1214	since in last timeframe
28 ms: Info: MONITOR: Molecule: 	SATD_4x4_HW_03	was used	4689	since in last timeframe
28 ms: Info: MONITOR:    SI usages in last timeframe  	1214	0	0	0	0	0	0	4689	0	

28250 us: Info: MONITOR: Molecule: 	SAD_16_HW_00	was used	1206	since in last timeframe
28250 us: Info: MONITOR: Molecule: 	SATD_4x4_HW_03	was used	4711	since in last timeframe
28250 us: Info: MONITOR:    SI usages in last timeframe  	1206	0	0	0	0	0	0	4711	0	

28500 us: Info: MONITOR: Molecule: 	SAD_16_HW_00	was used	1217	since in last timeframe
28500 us: Info: MONITOR: Molecule: 	SATD_4x4_HW_03	was used	4680	since in last timeframe
28500 us: Info: MONITOR:    SI usages in last timeframe  	1217	0	0	0	0	0	0	4680	0	

28750 us: Info: MONITOR: Molecule: 	SAD_16_HW_00	was used	1195	since in last timeframe
28750 us: Info: MONITOR: Molecule: 	MC_Hz4_SW	was used	18	since in last timeframe
28750 us: Info: MONITOR: Molecule: 	SATD_4x4_HW_03	was used	4608	since in last timeframe
28750 us: Info: MONITOR:    SI usages in last timeframe  	1195	0	0	18	0	0	0	4608	0	

29 ms: Info: MONITOR: Molecule: 	HT_2X2_SW	was used	80	since in last timeframe
29 ms: Info: MONITOR: Molecule: 	MC_Hz4_SW	was used	539	since in last timeframe
29 ms: Info: MONITOR: Molecule: 	DCT_4x4_SW	was used	240	since in last timeframe
29 ms: Info: MONITOR:    SI usages in last timeframe  	0	80	0	539	0	0	0	0	240	

29250 us: Info: MONITOR: Molecule: 	HT_2X2_SW	was used	80	since in last timeframe
29250 us: Info: MONITOR: Molecule: 	MC_Hz4_SW	was used	499	since in last timeframe
29250 us: Info: MONITOR: Molecule: 	DCT_4x4_SW	was used	258	since in last timeframe
29250 us: Info: MONITOR:    SI usages in last timeframe  	0	80	0	499	0	0	0	0	258	

29500 us: Info: MONITOR: Molecule: 	HT_2X2_SW	was used	96	since in last timeframe
29500 us: Info: MONITOR: Molecule: 	HT_4X4_HW_01	was used	2	since in last timeframe
29500 us: Info: MONITOR: Molecule: 	MC_Hz4_SW	was used	449	since in last timeframe
29500 us: Info: MONITOR: Molecule: 	IPred_HDC16x16_SW	was used	8	since in last timeframe
29500 us: Info: MONITOR: Molecule: 	IPred_VDC16x16_SW	was used	8	since in last timeframe
29500 us: Info: MONITOR: Molecule: 	DCT_4x4_SW	was used	270	since in last timeframe
29500 us: Info: MONITOR:    SI usages in last timeframe  	0	96	2	449	8	8	0	0	270	

29750 us: Info: MONITOR: Molecule: 	HT_2X2_SW	was used	80	since in last timeframe
29750 us: Info: MONITOR: Molecule: 	MC_Hz4_SW	was used	511	since in last timeframe
29750 us: Info: MONITOR: Molecule: 	DCT_4x4_SW	was used	253	since in last timeframe
29750 us: Info: MONITOR:    SI usages in last timeframe  	0	80	0	511	0	0	0	0	253	

30 ms: Info: MONITOR: Molecule: 	HT_2X2_SW	was used	88	since in last timeframe
30 ms: Info: MONITOR: Molecule: 	MC_Hz4_SW	was used	480	since in last timeframe
30 ms: Info: MONITOR: Molecule: 	DCT_4x4_SW	was used	264	since in last timeframe
30 ms: Info: MONITOR:    SI usages in last timeframe  	0	88	0	480	0	0	0	0	264	

30250 us: Info: MONITOR: Molecule: 	HT_2X2_SW	was used	88	since in last timeframe
30250 us: Info: MONITOR: Molecule: 	MC_Hz4_SW	was used	509	since in last timeframe
30250 us: Info: MONITOR: Molecule: 	DCT_4x4_SW	was used	251	since in last timeframe
30250 us: Info: MONITOR:    SI usages in last timeframe  	0	88	0	509	0	0	0	0	251	

30500 us: Info: MONITOR: Molecule: 	HT_2X2_SW	was used	80	since in last timeframe
30500 us: Info: MONITOR: Molecule: 	MC_Hz4_SW	was used	538	since in last timeframe
30500 us: Info: MONITOR: Molecule: 	DCT_4x4_SW	was used	240	since in last timeframe
30500 us: Info: MONITOR:    SI usages in last timeframe  	0	80	0	538	0	0	0	0	240	

30750 us: Info: MONITOR: Molecule: 	HT_2X2_SW	was used	80	since in last timeframe
30750 us: Info: MONITOR: Molecule: 	MC_Hz4_SW	was used	489	since in last timeframe
30750 us: Info: MONITOR: Molecule: 	DCT_4x4_SW	was used	263	since in last timeframe
30750 us: Info: MONITOR:    SI usages in last timeframe  	0	80	0	489	0	0	0	0	263	

31 ms: Info: MONITOR: Molecule: 	HT_2X2_SW	was used	88	since in last timeframe
31 ms: Info: MONITOR: Molecule: 	MC_Hz4_SW	was used	480	since in last timeframe
31 ms: Info: MONITOR: Molecule: 	DCT_4x4_SW	was used	264	since in last timeframe
31 ms: Info: MONITOR:    SI usages in last timeframe  	0	88	0	480	0	0	0	0	264	

31250 us: Info: MONITOR: Molecule: 	HT_2X2_SW	was used	88	since in last timeframe
31250 us: Info: MONITOR: Molecule: 	MC_Hz4_SW	was used	530	since in last timeframe
31250 us: Info: MONITOR: Molecule: 	DCT_4x4_SW	was used	241	since in last timeframe
31250 us: Info: MONITOR:    SI usages in last timeframe  	0	88	0	530	0	0	0	0	241	

31500 us: Info: MONITOR: Molecule: 	HT_2X2_SW	was used	80	since in last timeframe
31500 us: Info: MONITOR: Molecule: 	MC_Hz4_SW	was used	526	since in last timeframe
31500 us: Info: MONITOR: Molecule: 	DCT_4x4_SW	was used	246	since in last timeframe
31500 us: Info: MONITOR:    SI usages in last timeframe  	0	80	0	526	0	0	0	0	246	

31750 us: Info: MONITOR: Molecule: 	HT_2X2_SW	was used	88	since in last timeframe
31750 us: Info: MONITOR: Molecule: 	MC_Hz4_SW	was used	480	since in last timeframe
31750 us: Info: MONITOR: Molecule: 	DCT_4x4_SW	was used	264	since in last timeframe
31750 us: Info: MONITOR:    SI usages in last timeframe  	0	88	0	480	0	0	0	0	264	

32 ms: Info: MONITOR: Molecule: 	HT_2X2_SW	was used	88	since in last timeframe
32 ms: Info: MONITOR: Molecule: 	MC_Hz4_SW	was used	494	since in last timeframe
32 ms: Info: MONITOR: Molecule: 	DCT_4x4_SW	was used	258	since in last timeframe
32 ms: Info: MONITOR:    SI usages in last timeframe  	0	88	0	494	0	0	0	0	258	

32250 us: Info: MONITOR: Molecule: 	HT_2X2_SW	was used	80	since in last timeframe
32250 us: Info: MONITOR: Molecule: 	MC_Hz4_SW	was used	538	since in last timeframe
32250 us: Info: MONITOR: Molecule: 	DCT_4x4_SW	was used	240	since in last timeframe
32250 us: Info: MONITOR:    SI usages in last timeframe  	0	80	0	538	0	0	0	0	240	

32500 us: Info: MONITOR: Molecule: 	HT_2X2_SW	was used	80	since in last timeframe
32500 us: Info: MONITOR: Molecule: 	MC_Hz4_SW	was used	504	since in last timeframe
32500 us: Info: MONITOR: Molecule: 	DCT_4x4_SW	was used	256	since in last timeframe
32500 us: Info: MONITOR:    SI usages in last timeframe  	0	80	0	504	0	0	0	0	256	

32750 us: Info: MONITOR: Molecule: 	HT_2X2_SW	was used	88	since in last timeframe
32750 us: Info: MONITOR: Molecule: 	MC_Hz4_SW	was used	480	since in last timeframe
32750 us: Info: MONITOR: Molecule: 	DCT_4x4_SW	was used	264	since in last timeframe
32750 us: Info: MONITOR:    SI usages in last timeframe  	0	88	0	480	0	0	0	0	264	

33 ms: Info: MONITOR: Molecule: 	HT_2X2_SW	was used	88	since in last timeframe
33 ms: Info: MONITOR: Molecule: 	MC_Hz4_SW	was used	516	since in last timeframe
33 ms: Info: MONITOR: Molecule: 	DCT_4x4_SW	was used	248	since in last timeframe
33 ms: Info: MONITOR:    SI usages in last timeframe  	0	88	0	516	0	0	0	0	248	

33250 us: Info: MONITOR: Molecule: 	HT_2X2_SW	was used	80	since in last timeframe
33250 us: Info: MONITOR: Molecule: 	MC_Hz4_SW	was used	538	since in last timeframe
33250 us: Info: MONITOR: Molecule: 	DCT_4x4_SW	was used	240	since in last timeframe
33250 us: Info: MONITOR:    SI usages in last timeframe  	0	80	0	538	0	0	0	0	240	

33500 us: Info: MONITOR: Molecule: 	HT_2X2_SW	was used	64	since in last timeframe
33500 us: Info: MONITOR: Molecule: 	MC_Hz4_SW	was used	290	since in last timeframe
33500 us: Info: MONITOR: Molecule: 	LF_BS_4_4_SW	was used	84	since in last timeframe
33500 us: Info: MONITOR: Molecule: 	DCT_4x4_SW	was used	192	since in last timeframe
33500 us: Info: MONITOR:    SI usages in last timeframe  	0	64	0	290	0	0	84	0	192	

33750 us: Info: MONITOR: Molecule: 	LF_BS_4_4_SW	was used	257	since in last timeframe
33750 us: Info: MONITOR:    SI usages in last timeframe  	0	0	0	0	0	0	257	0	0	

34 ms: Info: MONITOR: Molecule: 	LF_BS_4_4_SW	was used	256	since in last timeframe
34 ms: Info: MONITOR:    SI usages in last timeframe  	0	0	0	0	0	0	256	0	0	

34250 us: Info: MONITOR: Molecule: 	LF_BS_4_4_SW	was used	257	since in last timeframe
34250 us: Info: MONITOR:    SI usages in last timeframe  	0	0	0	0	0	0	257	0	0	

34500 us: Info: MONITOR: Molecule: 	LF_BS_4_4_SW	was used	256	since in last timeframe
34500 us: Info: MONITOR:    SI usages in last timeframe  	0	0	0	0	0	0	256	0	0	

34750 us: Info: MONITOR: Molecule: 	LF_BS_4_4_SW	was used	257	since in last timeframe
34750 us: Info: MONITOR:    SI usages in last timeframe  	0	0	0	0	0	0	257	0	0	

35 ms: Info: MONITOR: Molecule: 	LF_BS_4_4_SW	was used	256	since in last timeframe
35 ms: Info: MONITOR:    SI usages in last timeframe  	0	0	0	0	0	0	256	0	0	

35250 us: Info: MONITOR: Molecule: 	LF_BS_4_4_SW	was used	257	since in last timeframe
35250 us: Info: MONITOR:    SI usages in last timeframe  	0	0	0	0	0	0	257	0	0	

35500 us: Info: MONITOR: Molecule: 	LF_BS_4_4_SW	was used	257	since in last timeframe
35500 us: Info: MONITOR:    SI usages in last timeframe  	0	0	0	0	0	0	257	0	0	

35750 us: Info: MONITOR: Molecule: 	LF_BS_4_4_SW	was used	256	since in last timeframe
35750 us: Info: MONITOR:    SI usages in last timeframe  	0	0	0	0	0	0	256	0	0	

36 ms: Info: MONITOR: Molecule: 	LF_BS_4_4_SW	was used	257	since in last timeframe
36 ms: Info: MONITOR:    SI usages in last timeframe  	0	0	0	0	0	0	257	0	0	

36250 us: Info: MONITOR: Molecule: 	LF_BS_4_4_SW	was used	256	since in last timeframe
36250 us: Info: MONITOR:    SI usages in last timeframe  	0	0	0	0	0	0	256	0	0	

36500 us: Info: MONITOR: Molecule: 	LF_BS_4_4_SW	was used	257	since in last timeframe
36500 us: Info: MONITOR:    SI usages in last timeframe  	0	0	0	0	0	0	257	0	0	

36750 us: Info: MONITOR: Molecule: 	SAD_16_HW_00	was used	1206	since in last timeframe
36750 us: Info: MONITOR: Molecule: 	LF_BS_4_4_SW	was used	5	since in last timeframe
36750 us: Info: MONITOR: Molecule: 	SATD_4x4_HW_03	was used	4536	since in last timeframe
36750 us: Info: MONITOR:    SI usages in last timeframe  	1206	0	0	0	0	0	5	4536	0	

37 ms: Info: MONITOR: Molecule: 	SAD_16_HW_00	was used	1217	since in last timeframe
37 ms: Info: MONITOR: Molecule: 	SATD_4x4_HW_03	was used	4680	since in last timeframe
37 ms: Info: MONITOR:    SI usages in last timeframe  	1217	0	0	0	0	0	0	4680	0	

37250 us: Info: MONITOR: Molecule: 	SAD_16_HW_00	was used	1244	since in last timeframe
37250 us: Info: MONITOR: Molecule: 	SATD_4x4_HW_03	was used	4608	since in last timeframe
37250 us: Info: MONITOR:    SI usages in last timeframe  	1244	0	0	0	0	0	0	4608	0	

37500 us: Info: MONITOR: Molecule: 	SAD_16_HW_00	was used	1224	since in last timeframe
37500 us: Info: MONITOR: Molecule: 	SATD_4x4_HW_03	was used	4662	since in last timeframe
37500 us: Info: MONITOR:    SI usages in last timeframe  	1224	0	0	0	0	0	0	4662	0	

37750 us: Info: MONITOR: Molecule: 	SAD_16_HW_00	was used	1206	since in last timeframe
37750 us: Info: MONITOR: Molecule: 	SATD_4x4_HW_03	was used	4712	since in last timeframe
37750 us: Info: MONITOR:    SI usages in last timeframe  	1206	0	0	0	0	0	0	4712	0	

38 ms: Info: MONITOR: Molecule: 	SAD_16_HW_00	was used	536	since in last timeframe
38 ms: Info: MONITOR: Molecule: 	HT_2X2_SW	was used	40	since in last timeframe
38 ms: Info: MONITOR: Molecule: 	MC_Hz4_SW	was used	288	since in last timeframe
38 ms: Info: MONITOR: Molecule: 	SATD_4x4_HW_03	was used	2146	since in last timeframe
38 ms: Info: MONITOR: Molecule: 	DCT_4x4_SW	was used	136	since in last timeframe
38 ms: Info: MONITOR:    SI usages in last timeframe  	536	40	0	288	0	0	0	2146	136	

38250 us: Info: MONITOR: Molecule: 	HT_2X2_SW	was used	88	since in last timeframe
38250 us: Info: MONITOR: Molecule: 	MC_Hz4_SW	was used	516	since in last timeframe
38250 us: Info: MONITOR: Molecule: 	DCT_4x4_SW	was used	248	since in last timeframe
38250 us: Info: MONITOR:    SI usages in last timeframe  	0	88	0	516	0	0	0	0	248	

38500 us: Info: MONITOR: Molecule: 	HT_2X2_SW	was used	80	since in last timeframe
38500 us: Info: MONITOR: Molecule: 	MC_Hz4_SW	was used	538	since in last timeframe
38500 us: Info: MONITOR: Molecule: 	DCT_4x4_SW	was used	240	since in last timeframe
38500 us: Info: MONITOR:    SI usages in last timeframe  	0	80	0	538	0	0	0	0	240	

38750 us: Info: MONITOR: Molecule: 	HT_2X2_SW	was used	85	since in last timeframe
38750 us: Info: MONITOR: Molecule: 	MC_Hz4_SW	was used	482	since in last timeframe
38750 us: Info: MONITOR: Molecule: 	DCT_4x4_SW	was used	264	since in last timeframe
38750 us: Info: MONITOR:    SI usages in last timeframe  	0	85	0	482	0	0	0	0	264	

39 ms: Info: MONITOR: Molecule: 	HT_2X2_SW	was used	90	since in last timeframe
39 ms: Info: MONITOR: Molecule: 	MC_Hz4_SW	was used	480	since in last timeframe
39 ms: Info: MONITOR: Molecule: 	DCT_4x4_SW	was used	264	since in last timeframe
39 ms: Info: MONITOR:    SI usages in last timeframe  	0	90	0	480	0	0	0	0	264	

39250 us: Info: MONITOR: Molecule: 	HT_2X2_SW	was used	81	since in last timeframe
39250 us: Info: MONITOR: Molecule: 	MC_Hz4_SW	was used	537	since in last timeframe
39250 us: Info: MONITOR: Molecule: 	DCT_4x4_SW	was used	240	since in last timeframe
39250 us: Info: MONITOR:    SI usages in last timeframe  	0	81	0	537	0	0	0	0	240	

39500 us: Info: MONITOR: Molecule: 	HT_2X2_SW	was used	80	since in last timeframe
39500 us: Info: MONITOR: Molecule: 	MC_Hz4_SW	was used	519	since in last timeframe
39500 us: Info: MONITOR: Molecule: 	DCT_4x4_SW	was used	249	since in last timeframe
39500 us: Info: MONITOR:    SI usages in last timeframe  	0	80	0	519	0	0	0	0	249	

39750 us: Info: MONITOR: Molecule: 	HT_2X2_SW	was used	88	since in last timeframe
39750 us: Info: MONITOR: Molecule: 	MC_Hz4_SW	was used	480	since in last timeframe
39750 us: Info: MONITOR: Molecule: 	DCT_4x4_SW	was used	265	since in last timeframe
39750 us: Info: MONITOR:    SI usages in last timeframe  	0	88	0	480	0	0	0	0	265	

40 ms: Info: MONITOR: Molecule: 	HT_2X2_SW	was used	88	since in last timeframe
40 ms: Info: MONITOR: Molecule: 	MC_Hz4_SW	was used	501	since in last timeframe
40 ms: Info: MONITOR: Molecule: 	DCT_4x4_SW	was used	254	since in last timeframe
40 ms: Info: MONITOR:    SI usages in last timeframe  	0	88	0	501	0	0	0	0	254	

40250 us: Info: MONITOR: Molecule: 	HT_2X2_SW	was used	80	since in last timeframe
40250 us: Info: MONITOR: Molecule: 	MC_Hz4_SW	was used	538	since in last timeframe
40250 us: Info: MONITOR: Molecule: 	DCT_4x4_SW	was used	240	since in last timeframe
40250 us: Info: MONITOR:    SI usages in last timeframe  	0	80	0	538	0	0	0	0	240	

40500 us: Info: MONITOR: Molecule: 	HT_2X2_SW	was used	80	since in last timeframe
40500 us: Info: MONITOR: Molecule: 	MC_Hz4_SW	was used	497	since in last timeframe
40500 us: Info: MONITOR: Molecule: 	DCT_4x4_SW	was used	259	since in last timeframe
40500 us: Info: MONITOR:    SI usages in last timeframe  	0	80	0	497	0	0	0	0	259	

40750 us: Info: MONITOR: Molecule: 	HT_2X2_SW	was used	88	since in last timeframe
40750 us: Info: MONITOR: Molecule: 	MC_Hz4_SW	was used	480	since in last timeframe
40750 us: Info: MONITOR: Molecule: 	DCT_4x4_SW	was used	264	since in last timeframe
40750 us: Info: MONITOR:    SI usages in last timeframe  	0	88	0	480	0	0	0	0	264	

41 ms: Info: MONITOR: Molecule: 	HT_2X2_SW	was used	88	since in last timeframe
41 ms: Info: MONITOR: Molecule: 	MC_Hz4_SW	was used	522	since in last timeframe
41 ms: Info: MONITOR: Molecule: 	DCT_4x4_SW	was used	245	since in last timeframe
41 ms: Info: MONITOR:    SI usages in last timeframe  	0	88	0	522	0	0	0	0	245	

41250 us: Info: MONITOR: Molecule: 	HT_2X2_SW	was used	80	since in last timeframe
41250 us: Info: MONITOR: Molecule: 	MC_Hz4_SW	was used	534	since in last timeframe
41250 us: Info: MONITOR: Molecule: 	DCT_4x4_SW	was used	242	since in last timeframe
41250 us: Info: MONITOR:    SI usages in last timeframe  	0	80	0	534	0	0	0	0	242	

41500 us: Info: MONITOR: Molecule: 	HT_2X2_SW	was used	88	since in last timeframe
41500 us: Info: MONITOR: Molecule: 	MC_Hz4_SW	was used	480	since in last timeframe
41500 us: Info: MONITOR: Molecule: 	DCT_4x4_SW	was used	265	since in last timeframe
41500 us: Info: MONITOR:    SI usages in last timeframe  	0	88	0	480	0	0	0	0	265	

41750 us: Info: MONITOR: Molecule: 	HT_2X2_SW	was used	88	since in last timeframe
41750 us: Info: MONITOR: Molecule: 	MC_Hz4_SW	was used	486	since in last timeframe
41750 us: Info: MONITOR: Molecule: 	DCT_4x4_SW	was used	261	since in last timeframe
41750 us: Info: MONITOR:    SI usages in last timeframe  	0	88	0	486	0	0	0	0	261	

42 ms: Info: MONITOR: Molecule: 	HT_2X2_SW	was used	80	since in last timeframe
42 ms: Info: MONITOR: Molecule: 	MC_Hz4_SW	was used	538	since in last timeframe
42 ms: Info: MONITOR: Molecule: 	DCT_4x4_SW	was used	240	since in last timeframe
42 ms: Info: MONITOR:    SI usages in last timeframe  	0	80	0	538	0	0	0	0	240	

42250 us: Info: MONITOR: Molecule: 	HT_2X2_SW	was used	80	since in last timeframe
42250 us: Info: MONITOR: Molecule: 	MC_Hz4_SW	was used	512	since in last timeframe
42250 us: Info: MONITOR: Molecule: 	DCT_4x4_SW	was used	252	since in last timeframe
42250 us: Info: MONITOR:    SI usages in last timeframe  	0	80	0	512	0	0	0	0	252	

42500 us: Info: MONITOR: Molecule: 	HT_2X2_SW	was used	88	since in last timeframe
42500 us: Info: MONITOR: Molecule: 	MC_Hz4_SW	was used	480	since in last timeframe
42500 us: Info: MONITOR: Molecule: 	DCT_4x4_SW	was used	265	since in last timeframe
42500 us: Info: MONITOR:    SI usages in last timeframe  	0	88	0	480	0	0	0	0	265	

42750 us: Info: MONITOR: Molecule: 	HT_2X2_SW	was used	24	since in last timeframe
42750 us: Info: MONITOR: Molecule: 	MC_Hz4_SW	was used	96	since in last timeframe
42750 us: Info: MONITOR: Molecule: 	LF_BS_4_4_SW	was used	201	since in last timeframe
42750 us: Info: MONITOR: Molecule: 	DCT_4x4_SW	was used	59	since in last timeframe
42750 us: Info: MONITOR:    SI usages in last timeframe  	0	24	0	96	0	0	201	0	59	

43 ms: Info: MONITOR: Molecule: 	LF_BS_4_4_SW	was used	257	since in last timeframe
43 ms: Info: MONITOR:    SI usages in last timeframe  	0	0	0	0	0	0	257	0	0	

43250 us: Info: MONITOR: Molecule: 	LF_BS_4_4_SW	was used	256	since in last timeframe
43250 us: Info: MONITOR:    SI usages in last timeframe  	0	0	0	0	0	0	256	0	0	

43500 us: Info: MONITOR: Molecule: 	LF_BS_4_4_SW	was used	257	since in last timeframe
43500 us: Info: MONITOR:    SI usages in last timeframe  	0	0	0	0	0	0	257	0	0	

43750 us: Info: MONITOR: Molecule: 	LF_BS_4_4_SW	was used	257	since in last timeframe
43750 us: Info: MONITOR:    SI usages in last timeframe  	0	0	0	0	0	0	257	0	0	

44 ms: Info: MONITOR: Molecule: 	LF_BS_4_4_SW	was used	256	since in last timeframe
44 ms: Info: MONITOR:    SI usages in last timeframe  	0	0	0	0	0	0	256	0	0	

44250 us: Info: MONITOR: Molecule: 	LF_BS_4_4_SW	was used	257	since in last timeframe
44250 us: Info: MONITOR:    SI usages in last timeframe  	0	0	0	0	0	0	257	0	0	

44500 us: Info: MONITOR: Molecule: 	LF_BS_4_4_SW	was used	256	since in last timeframe
44500 us: Info: MONITOR:    SI usages in last timeframe  	0	0	0	0	0	0	256	0	0	

44750 us: Info: MONITOR: Molecule: 	LF_BS_4_4_SW	was used	257	since in last timeframe
44750 us: Info: MONITOR:    SI usages in last timeframe  	0	0	0	0	0	0	257	0	0	

45 ms: Info: MONITOR: Molecule: 	LF_BS_4_4_SW	was used	256	since in last timeframe
45 ms: Info: MONITOR:    SI usages in last timeframe  	0	0	0	0	0	0	256	0	0	

45250 us: Info: MONITOR: Molecule: 	LF_BS_4_4_SW	was used	257	since in last timeframe
45250 us: Info: MONITOR:    SI usages in last timeframe  	0	0	0	0	0	0	257	0	0	

45500 us: Info: MONITOR: Molecule: 	LF_BS_4_4_SW	was used	257	since in last timeframe
45500 us: Info: MONITOR:    SI usages in last timeframe  	0	0	0	0	0	0	257	0	0	

45641227 ns: Info: RotationsManager: 
TOTAL: Branches              308284
       Fetch Stalls:         42562243
       Decode Stalls:        0
       EXE Stage Stalls:     67490
       Load/Store Stalls:    50703
       Write Back Stalls:    0
       Cycles (total):       45641227
       Instructions fetched: 2960791

45641227 ns: Info: RotationsManager: Gesamtdauer: 81.63 Sekunden.
45641227 ns: Info: RotationsManager: Cleaning up Pipeline

45641227 ns: Info: MONITOR: 
PREDICTION TABLE
Node       | Backups    | E    | Insns      | Function Type Predictions                                                                                 |
0x290      |          0 | 0.00 | 6633.0	1584.0	2.0	9420.0	7.0	7.0	3168.0	25344.0	4752.0	



SETTINGS
  + slots:              5
  + time per atom:      10
  + TD prediction       
    - lambda:           0.0
    - gamma:            0.0
    - alpha:            0.0
    - e_min:            0.0

CYCLE COUNT
  + fastest possible:   7234105
  + slowest possible:   264515021
  + this run:           45641228
    - cycles saved (%): 218873793 (82.7 %)
    - cycles lost (%) : 38407123 (530.9 %)
  + basic ops:          2824216
  + ad-hoc stalls:      0
    - tot. # specops:   0

EXECUTION COUNT
  + forecast bursts:    1
  + specop execs:       254769
    - HW executions:    159889
    - SW executions:    94880
    - coverage:         62.8 %

ATOM SWAP-IN / SWAP-OUT
  + swap-ins:           5
  + swap-out:           0

BRANCH AND BOUND
  + tot. # possible:    653184
  + tot. # checked:     6
  + checked %:          0.0 %

COUNTS PER 10000 INSTRUCTIONS
fb: forecast bursts
#SI: total # of Special Instructions
#hw: # executed HW-Molecules
#sw: # executed SW-Molecules
la: loaded atoms (finish time [cycle])
s-out: swapped-out atoms
cycle	fb	#SI	#hw	#sw	la	s-out	possible	checked	adhoc_w	adhoc_t
37723	1	857	857	0	atom_SAD4(63) atom_SATD(103) atom_Transform2(83) atom_PackLSBMSB(73) atom_QuadSub(93) 	 	653184	6	0
75571	0	864	864	0	 	 	0	0	0
111952	0	888	888	0	 	 	0	0	0
148894	0	880	880	0	 	 	0	0	0
186721	0	863	863	0	 	 	0	0	0
224152	0	871	871	0	 	 	0	0	0
260064	0	898	898	0	 	 	0	0	0
297892	0	863	863	0	 	 	0	0	0
335740	0	864	864	0	 	 	0	0	0
371857	0	891	891	0	 	 	0	0	0
409042	0	876	876	0	 	 	0	0	0
446890	0	864	864	0	 	 	0	0	0
484057	0	874	874	0	 	 	0	0	0
520192	0	893	893	0	 	 	0	0	0
558040	0	864	864	0	 	 	0	0	0
595847	0	863	863	0	 	 	0	0	0
631761	0	896	896	0	 	 	0	0	0
669211	0	873	873	0	 	 	0	0	0
707018	0	862	862	0	 	 	0	0	0
743961	0	879	879	0	 	 	0	0	0
780361	0	890	890	0	 	 	0	0	0
818189	0	863	863	0	 	 	0	0	0
856016	0	863	863	0	 	 	0	0	0
891665	0	900	900	0	 	 	0	0	0
929359	0	869	869	0	 	 	0	0	0
967187	0	863	863	0	 	 	0	0	0
1003865	0	882	882	0	 	 	0	0	0
1040530	0	887	887	0	 	 	0	0	0
1078337	0	862	862	0	 	 	0	0	0
1116065	0	865	865	0	 	 	0	0	0
1151680	0	904	904	0	 	 	0	0	0
1189487	0	862	862	0	 	 	0	0	0
1227335	0	864	864	0	 	 	0	0	0
1263769	0	886	886	0	 	 	0	0	0
1300658	0	882	882	0	 	 	0	0	0
1338506	0	864	864	0	 	 	0	0	0
1474865	0	906	488	418	 	 	0	0	0
1744080	0	895	0	895	 	 	0	0	0
2012505	0	904	0	904	 	 	0	0	0
2275656	0	902	0	902	 	 	0	0	0
2545204	0	894	0	894	 	 	0	0	0
2813018	0	910	0	910	 	 	0	0	0
3076994	0	897	0	897	 	 	0	0	0
3347654	0	899	0	899	 	 	0	0	0
3611301	0	907	0	907	 	 	0	0	0
3878332	0	895	0	895	 	 	0	0	0
4148942	0	904	0	904	 	 	0	0	0
4409908	0	902	0	902	 	 	0	0	0
4680443	0	897	2	895	 	 	0	0	0
4948566	0	895	0	895	 	 	0	0	0
5218083	0	904	0	904	 	 	0	0	0
5480142	0	902	0	902	 	 	0	0	0
5749904	0	895	0	895	 	 	0	0	0
6016852	0	907	0	907	 	 	0	0	0
6634263	0	655	0	655	 	 	0	0	0
7269551	0	652	0	652	 	 	0	0	0
7903881	0	651	0	651	 	 	0	0	0
8539169	0	652	0	652	 	 	0	0	0
9121498	0	645	52	593	 	 	0	0	0
9157529	0	897	897	0	 	 	0	0	0
9195336	0	862	862	0	 	 	0	0	0
9233184	0	864	864	0	 	 	0	0	0
9269202	0	893	893	0	 	 	0	0	0
9306486	0	875	875	0	 	 	0	0	0
9344355	0	864	864	0	 	 	0	0	0
9381402	0	875	875	0	 	 	0	0	0
9417657	0	892	892	0	 	 	0	0	0
9455505	0	864	864	0	 	 	0	0	0
9493353	0	864	864	0	 	 	0	0	0
9529106	0	897	897	0	 	 	0	0	0
9566655	0	870	870	0	 	 	0	0	0
9604503	0	864	864	0	 	 	0	0	0
9641306	0	880	880	0	 	 	0	0	0
9677826	0	888	888	0	 	 	0	0	0
9715674	0	864	864	0	 	 	0	0	0
9753481	0	862	862	0	 	 	0	0	0
9789077	0	902	902	0	 	 	0	0	0
9826824	0	867	867	0	 	 	0	0	0
9864631	0	862	862	0	 	 	0	0	0
9901277	0	885	885	0	 	 	0	0	0
9937974	0	884	884	0	 	 	0	0	0
9975781	0	863	863	0	 	 	0	0	0
10013477	0	867	867	0	 	 	0	0	0
10049145	0	902	902	0	 	 	0	0	0
10086952	0	862	862	0	 	 	0	0	0
10124800	0	864	864	0	 	 	0	0	0
10161181	0	888	888	0	 	 	0	0	0
10198123	0	880	880	0	 	 	0	0	0
10235950	0	863	863	0	 	 	0	0	0
10273381	0	871	871	0	 	 	0	0	0
10309293	0	898	898	0	 	 	0	0	0
10347121	0	863	863	0	 	 	0	0	0
10384969	0	864	864	0	 	 	0	0	0
10421086	0	891	891	0	 	 	0	0	0
10458271	0	876	876	0	 	 	0	0	0
10619609	0	891	398	493	 	 	0	0	0
10887323	0	909	0	909	 	 	0	0	0
11151185	0	897	0	897	 	 	0	0	0
11422058	0	900	0	900	 	 	0	0	0
11685219	0	906	0	906	 	 	0	0	0
11952523	0	895	0	895	 	 	0	0	0
12222859	0	904	0	904	 	 	0	0	0
12484099	0	902	0	902	 	 	0	0	0
12753861	0	895	0	895	 	 	0	0	0
13020368	0	906	0	906	 	 	0	0	0
13285437	0	900	0	900	 	 	0	0	0
13554985	0	894	0	894	 	 	0	0	0
13821656	0	912	0	912	 	 	0	0	0
14086775	0	895	0	895	 	 	0	0	0
14359296	0	904	0	904	 	 	0	0	0
14618351	0	902	0	902	 	 	0	0	0
14888113	0	895	0	895	 	 	0	0	0
15155446	0	904	0	904	 	 	0	0	0
15776831	0	654	0	654	 	 	0	0	0
16412119	0	652	0	652	 	 	0	0	0
17046449	0	651	0	651	 	 	0	0	0
17681737	0	652	0	652	 	 	0	0	0
18257829	0	645	59	586	 	 	0	0	0
18293595	0	900	900	0	 	 	0	0	0
18331443	0	864	864	0	 	 	0	0	0
18369250	0	862	862	0	 	 	0	0	0
18405533	0	890	890	0	 	 	0	0	0
18442593	0	880	880	0	 	 	0	0	0
18480421	0	862	862	0	 	 	0	0	0
18517733	0	872	872	0	 	 	0	0	0
18553764	0	897	897	0	 	 	0	0	0
18591571	0	862	862	0	 	 	0	0	0
18629419	0	864	864	0	 	 	0	0	0
18665437	0	893	893	0	 	 	0	0	0
18702721	0	874	874	0	 	 	0	0	0
18740569	0	864	864	0	 	 	0	0	0
18777637	0	876	876	0	 	 	0	0	0
18813892	0	892	892	0	 	 	0	0	0
18851740	0	864	864	0	 	 	0	0	0
18889588	0	864	864	0	 	 	0	0	0
18925341	0	896	896	0	 	 	0	0	0
18962890	0	871	871	0	 	 	0	0	0
19000738	0	864	864	0	 	 	0	0	0
19037541	0	879	879	0	 	 	0	0	0
19074040	0	888	888	0	 	 	0	0	0
19111888	0	865	865	0	 	 	0	0	0
19149716	0	862	862	0	 	 	0	0	0
19185245	0	902	902	0	 	 	0	0	0
19223059	0	867	867	0	 	 	0	0	0
19260866	0	862	862	0	 	 	0	0	0
19297445	0	885	885	0	 	 	0	0	0
19334209	0	884	884	0	 	 	0	0	0
19372016	0	862	862	0	 	 	0	0	0
19409645	0	868	868	0	 	 	0	0	0
19445359	0	902	902	0	 	 	0	0	0
19483187	0	862	862	0	 	 	0	0	0
19521035	0	864	864	0	 	 	0	0	0
19557416	0	888	888	0	 	 	0	0	0
19594358	0	880	880	0	 	 	0	0	0
19757604	0	890	387	503	 	 	0	0	0
20023786	0	905	0	905	 	 	0	0	0
20289394	0	902	0	902	 	 	0	0	0
20558942	0	894	0	894	 	 	0	0	0
20825945	0	911	0	911	 	 	0	0	0
21090732	0	896	0	896	 	 	0	0	0
21362812	0	903	0	903	 	 	0	0	0
21622095	0	903	0	903	 	 	0	0	0
21891856	0	894	0	894	 	 	0	0	0
22160222	0	905	0	905	 	 	0	0	0
22423646	0	902	0	902	 	 	0	0	0
22693194	0	894	0	894	 	 	0	0	0
22961122	0	910	0	910	 	 	0	0	0
23224984	0	897	0	897	 	 	0	0	0
23495757	0	899	0	899	 	 	0	0	0
23758531	0	907	0	907	 	 	0	0	0
24026108	0	894	0	894	 	 	0	0	0
24296658	0	905	0	905	 	 	0	0	0
24919399	0	650	0	650	 	 	0	0	0
25553729	0	651	0	651	 	 	0	0	0
26189017	0	652	0	652	 	 	0	0	0
26824305	0	652	0	652	 	 	0	0	0
27394159	0	645	66	579	 	 	0	0	0
27429661	0	903	903	0	 	 	0	0	0
27467509	0	864	864	0	 	 	0	0	0
27505357	0	864	864	0	 	 	0	0	0
27541864	0	885	885	0	 	 	0	0	0
27578659	0	883	883	0	 	 	0	0	0
27616528	0	864	864	0	 	 	0	0	0
27654064	0	867	867	0	 	 	0	0	0
27689830	0	900	900	0	 	 	0	0	0
27727678	0	864	864	0	 	 	0	0	0
27765485	0	862	862	0	 	 	0	0	0
27801768	0	890	890	0	 	 	0	0	0
27838828	0	879	879	0	 	 	0	0	0
27876635	0	862	862	0	 	 	0	0	0
27913968	0	873	873	0	 	 	0	0	0
27949999	0	897	897	0	 	 	0	0	0
27987806	0	862	862	0	 	 	0	0	0
28025654	0	864	864	0	 	 	0	0	0
28061672	0	893	893	0	 	 	0	0	0
28098956	0	874	874	0	 	 	0	0	0
28136804	0	864	864	0	 	 	0	0	0
28173872	0	876	876	0	 	 	0	0	0
28210127	0	892	892	0	 	 	0	0	0
28247954	0	864	864	0	 	 	0	0	0
28285823	0	864	864	0	 	 	0	0	0
28321576	0	896	896	0	 	 	0	0	0
28359125	0	871	871	0	 	 	0	0	0
28396973	0	864	864	0	 	 	0	0	0
28433776	0	879	879	0	 	 	0	0	0
28470275	0	888	888	0	 	 	0	0	0
28508123	0	864	864	0	 	 	0	0	0
28545930	0	862	862	0	 	 	0	0	0
28581480	0	902	902	0	 	 	0	0	0
28619294	0	868	868	0	 	 	0	0	0
28657101	0	862	862	0	 	 	0	0	0
28693680	0	884	884	0	 	 	0	0	0
28730444	0	885	885	0	 	 	0	0	0
28895813	0	890	376	514	 	 	0	0	0
29164511	0	905	0	905	 	 	0	0	0
29437117	0	896	2	894	 	 	0	0	0
29696499	0	903	0	903	 	 	0	0	0
29966261	0	895	0	895	 	 	0	0	0
30234140	0	904	0	904	 	 	0	0	0
30497837	0	902	0	902	 	 	0	0	0
30767385	0	894	0	894	 	 	0	0	0
31035526	0	911	0	911	 	 	0	0	0
31299175	0	896	0	896	 	 	0	0	0
31570161	0	900	0	900	 	 	0	0	0
31832936	0	906	0	906	 	 	0	0	0
32100513	0	895	0	895	 	 	0	0	0
32370576	0	904	0	904	 	 	0	0	0
32632089	0	902	0	902	 	 	0	0	0
32901637	0	894	0	894	 	 	0	0	0
33168471	0	907	0	907	 	 	0	0	0
33459522	0	876	0	876	 	 	0	0	0
34094810	0	652	0	652	 	 	0	0	0
34729140	0	651	0	651	 	 	0	0	0
35364428	0	652	0	652	 	 	0	0	0
35999716	0	652	0	652	 	 	0	0	0
36513972	0	675	156	519	 	 	0	0	0
36551409	0	869	869	0	 	 	0	0	0
36587274	0	898	898	0	 	 	0	0	0
36625122	0	865	865	0	 	 	0	0	0
36662991	0	864	864	0	 	 	0	0	0
36699113	0	890	890	0	 	 	0	0	0
36736293	0	877	877	0	 	 	0	0	0
36774141	0	864	864	0	 	 	0	0	0
36811313	0	873	873	0	 	 	0	0	0
36847443	0	894	894	0	 	 	0	0	0
36885291	0	864	864	0	 	 	0	0	0
36923098	0	862	862	0	 	 	0	0	0
36959084	0	896	896	0	 	 	0	0	0
36996462	0	874	874	0	 	 	0	0	0
37034269	0	862	862	0	 	 	0	0	0
37071284	0	878	878	0	 	 	0	0	0
37107612	0	891	891	0	 	 	0	0	0
37145419	0	862	862	0	 	 	0	0	0
37183267	0	864	864	0	 	 	0	0	0
37218988	0	899	899	0	 	 	0	0	0
37256569	0	868	868	0	 	 	0	0	0
37294417	0	865	865	0	 	 	0	0	0
37331188	0	881	881	0	 	 	0	0	0
37367740	0	886	886	0	 	 	0	0	0
37405588	0	864	864	0	 	 	0	0	0
37443388	0	864	864	0	 	 	0	0	0
37478890	0	903	903	0	 	 	0	0	0
37516738	0	864	864	0	 	 	0	0	0
37554586	0	864	864	0	 	 	0	0	0
37591093	0	885	885	0	 	 	0	0	0
37627888	0	883	883	0	 	 	0	0	0
37665757	0	864	864	0	 	 	0	0	0
37703293	0	867	867	0	 	 	0	0	0
37739059	0	900	900	0	 	 	0	0	0
37776907	0	864	864	0	 	 	0	0	0
37814714	0	862	862	0	 	 	0	0	0
37850997	0	890	890	0	 	 	0	0	0
38038943	0	904	301	603	 	 	0	0	0
38303132	0	898	0	898	 	 	0	0	0
38573678	0	899	0	899	 	 	0	0	0
38837225	0	907	0	907	 	 	0	0	0
39104256	0	894	0	894	 	 	0	0	0
39374866	0	904	0	904	 	 	0	0	0
39636046	0	903	0	903	 	 	0	0	0
39905594	0	894	0	894	 	 	0	0	0
40171988	0	906	0	906	 	 	0	0	0
40437384	0	901	0	901	 	 	0	0	0
40706932	0	894	0	894	 	 	0	0	0
40973662	0	911	0	911	 	 	0	0	0
41238508	0	895	0	895	 	 	0	0	0
41510915	0	904	0	904	 	 	0	0	0
41770298	0	903	0	903	 	 	0	0	0
42039846	0	894	0	894	 	 	0	0	0
42307452	0	905	0	905	 	 	0	0	0
42602090	0	874	0	874	 	 	0	0	0
43237378	0	652	0	652	 	 	0	0	0
43871708	0	651	0	651	 	 	0	0	0
44506996	0	652	0	652	 	 	0	0	0
45142285	0	652	0	652	 	 	0	0	0
ATOMS
  atom_SAD4	needed/available: 1/1 swap-in/swap-out: 1/0 --> SAD_16_HW_00 
  atom_SATD	needed/available: 1/1 swap-in/swap-out: 1/0 --> SATD_4x4_HW_03 
  atom_Transform1	needed/available: 0/0 swap-in/swap-out: 0/0 
  atom_Transform2	needed/available: 1/1 swap-in/swap-out: 1/0 --> HT_4X4_HW_01 SATD_4x4_HW_03 
  atom_Transform3	needed/available: 0/0 swap-in/swap-out: 0/0 
  atom_PackLSBMSB	needed/available: 1/1 swap-in/swap-out: 1/0 --> HT_4X4_HW_01 SATD_4x4_HW_03 
  atom_QuadSub	needed/available: 1/1 swap-in/swap-out: 1/0 --> SATD_4x4_HW_03 
  atom_BytePack	needed/available: 0/0 swap-in/swap-out: 0/0 
  atom_PointFilter	needed/available: 0/0 swap-in/swap-out: 0/0 
  atom_Clip3	needed/available: 0/0 swap-in/swap-out: 0/0 
  atom_PackLBytes	needed/available: 0/0 swap-in/swap-out: 0/0 
  atom_CollapseAdd	needed/available: 0/0 swap-in/swap-out: 0/0 
  atom_Cond	needed/available: 0/0 swap-in/swap-out: 0/0 
  atom_LF	needed/available: 0/0 swap-in/swap-out: 0/0 
MOLECULES
  <0>	*SAD_16_HW_00        : 1x[atom_SAD4]  (L, Execs)=	68	33165
  <0>	 SAD_16_HW_01        : 2x[atom_SAD4]  (L, Execs)=	37	0
  <0>	*SAD_16_SW           :  (L, Execs)=	4673	0
  <1>	 HT_2X2_HW_00        : 1x[atom_Transform3]  (L, Execs)=	5	0
  <1>	*HT_2X2_SW           :  (L, Execs)=	100	7920
  <2>	*HT_4X4_HW_00        : 1x[atom_Transform2]  (L, Execs)=	104	0
  <2>	*HT_4X4_HW_01        : 1x[atom_Transform2] 1x[atom_PackLSBMSB]  (L, Execs)=	16	4
  <2>	 HT_4X4_HW_02        : 2x[atom_Transform2] 1x[atom_PackLSBMSB]  (L, Execs)=	14	0
  <2>	 HT_4X4_HW_03        : 2x[atom_Transform2] 2x[atom_PackLSBMSB]  (L, Execs)=	10	0
  <2>	 HT_4X4_HW_04        : 4x[atom_Transform2] 4x[atom_PackLSBMSB]  (L, Execs)=	8	0
  <2>	*HT_4X4_SW           :  (L, Execs)=	298	0
  <3>	 MC_Hz4_HW_00        : 1x[atom_PointFilter]  (L, Execs)=	103	0
  <3>	 MC_Hz4_HW_01        : 1x[atom_PointFilter] 1x[atom_Clip3]  (L, Execs)=	26	0
  <3>	 MC_Hz4_HW_02        : 1x[atom_BytePack] 1x[atom_PointFilter] 1x[atom_Clip3]  (L, Execs)=	11	0
  <3>	 MC_Hz4_HW_03        : 2x[atom_BytePack] 1x[atom_PointFilter] 1x[atom_Clip3]  (L, Execs)=	10	0
  <3>	 MC_Hz4_HW_04        : 2x[atom_BytePack] 2x[atom_PointFilter] 2x[atom_Clip3]  (L, Execs)=	9	0
  <3>	 MC_Hz4_HW_05        : 3x[atom_BytePack] 2x[atom_PointFilter] 2x[atom_Clip3]  (L, Execs)=	8	0
  <3>	*MC_Hz4_SW           :  (L, Execs)=	215	47328
  <4>	 IPred_HDC16x16_HW_00: 1x[atom_PackLBytes]  (L, Execs)=	53	0
  <4>	 IPred_HDC16x16_HW_01: 1x[atom_PackLBytes] 1x[atom_CollapseAdd]  (L, Execs)=	22	0
  <4>	*IPred_HDC16x16_SW   :  (L, Execs)=	249	16
  <5>	 IPred_VDC16x16_HW_00: 1x[atom_CollapseAdd]  (L, Execs)=	7	0
  <5>	 IPred_VDC16x16_HW_01: 2x[atom_CollapseAdd]  (L, Execs)=	6	0
  <5>	*IPred_VDC16x16_SW   :  (L, Execs)=	69	16
  <6>	 LF_BS_4_4_HW_00     : 1x[atom_Cond]  (L, Execs)=	428	0
  <6>	 LF_BS_4_4_HW_01     : 1x[atom_Cond] 1x[atom_LF]  (L, Execs)=	9	0
  <6>	 LF_BS_4_4_HW_02     : 2x[atom_Cond] 2x[atom_LF]  (L, Execs)=	8	0
  <6>	*LF_BS_4_4_SW        :  (L, Execs)=	960	15840
  <7>	*SATD_4x4_HW_00      : 1x[atom_Transform2]  (L, Execs)=	350	0
  <7>	*SATD_4x4_HW_01      : 1x[atom_Transform2] 1x[atom_PackLSBMSB]  (L, Execs)=	294	0
  <7>	*SATD_4x4_HW_02      : 1x[atom_Transform2] 1x[atom_PackLSBMSB] 1x[atom_QuadSub]  (L, Execs)=	186	0
  <7>	*SATD_4x4_HW_03      : 1x[atom_SATD] 1x[atom_Transform2] 1x[atom_PackLSBMSB] 1x[atom_QuadSub]  (L, Execs)=	22	126720
  <7>	 SATD_4x4_HW_04      : 1x[atom_SATD] 2x[atom_Transform2] 1x[atom_PackLSBMSB] 1x[atom_QuadSub]  (L, Execs)=	21	0
  <7>	 SATD_4x4_HW_05      : 2x[atom_SATD] 2x[atom_Transform2] 2x[atom_PackLSBMSB] 1x[atom_QuadSub]  (L, Execs)=	20	0
  <7>	 SATD_4x4_HW_06      : 1x[atom_SATD] 4x[atom_Transform2] 4x[atom_PackLSBMSB] 1x[atom_QuadSub]  (L, Execs)=	19	0
  <7>	 SATD_4x4_HW_07      : 2x[atom_SATD] 4x[atom_Transform2] 4x[atom_PackLSBMSB] 1x[atom_QuadSub]  (L, Execs)=	18	0
  <7>	*SATD_4x4_SW         :  (L, Execs)=	544	0
  <8>	 DCT_4x4_HW_00       : 1x[atom_Transform1]  (L, Execs)=	216	0
  <8>	 DCT_4x4_HW_01       : 1x[atom_Transform1] 1x[atom_PackLSBMSB]  (L, Execs)=	160	0
  <8>	 DCT_4x4_HW_02       : 1x[atom_Transform1] 1x[atom_PackLSBMSB] 1x[atom_QuadSub]  (L, Execs)=	21	0
  <8>	 DCT_4x4_HW_03       : 2x[atom_Transform1] 1x[atom_PackLSBMSB] 1x[atom_QuadSub]  (L, Execs)=	19	0
  <8>	 DCT_4x4_HW_04       : 2x[atom_Transform1] 2x[atom_PackLSBMSB] 1x[atom_QuadSub]  (L, Execs)=	18	0
  <8>	 DCT_4x4_HW_05       : 4x[atom_Transform1] 2x[atom_PackLSBMSB] 1x[atom_QuadSub]  (L, Execs)=	16	0
  <8>	 DCT_4x4_HW_06       : 4x[atom_Transform1] 4x[atom_PackLSBMSB] 1x[atom_QuadSub]  (L, Execs)=	15	0
  <8>	*DCT_4x4_SW          :  (L, Execs)=	488	23760

The asterisk indicates the currently available Molecules (maybe multiple) for each Special Instruction

