0 s: Info: RotationsManager: Cycle-time: 1 ns

0 s: Info: TDLAMBDA: 
   TD(lambda) using parameters:
   lambda = 0
   gamma  = 0
   alpha  = 0
   e_min  = 1e-05
0 s: Info: RotationsManager: 
   * FPGA capacity/used: 8/0



0 s: Info: DECODER: Decoder ready.
0 s: Info: MONITOR: 	Size of timeframe: 250,000
	Extended monitoring information between cycles 0 and 1
0 s: Info: RotationsManager: Initializing DLX Pipeline Emulator
   * Module Name:            [Pipeline]
   * Instruction Memory:     [/home/bauer_l/ASIPMeisterProjects/dlx_basis/Applications/Encoder_dynamic_MixedHWSWMolecule_startup_opt2/TestData.IM]
   * Branch Trace:           [/home/bauer_l/ASIPMeisterProjects/dlx_basis/Applications/Encoder_dynamic_MixedHWSWMolecule_startup_opt2/trace.txt]
   * DLX Opcode Definitions: [/home/bauer_l//RotationsManager_53/DLX/dlxops.dlx]

52 ns: Info: PREFETCHER: 
---> BEFORE RESCHEDULING
 SAD_16_HW_00        : 1x[atom_SAD4]  (L, Execs)=	68	0
 SATD_4x4_HW_03      : 1x[atom_SATD] 1x[atom_Transform2] 1x[atom_PackLSBMSB] 1x[atom_QuadSub]  (L, Execs)=	22	0
 LF_BS_4_4_HW_01     : 1x[atom_Cond] 1x[atom_LF]  (L, Execs)=	9	0
 DCT_4x4_HW_02       : 1x[atom_Transform1] 1x[atom_PackLSBMSB] 1x[atom_QuadSub]  (L, Execs)=	21	0
 HT_4X4_HW_01        : 1x[atom_Transform2] 1x[atom_PackLSBMSB]  (L, Execs)=	16	0


---> AFTER RESCHEDULING
 LF_BS_4_4_HW_01     : 1x[atom_Cond] 1x[atom_LF]  (L, Execs)=	9	0
 SAD_16_HW_00        : 1x[atom_SAD4]  (L, Execs)=	68	0
 HT_4X4_HW_01        : 1x[atom_Transform2] 1x[atom_PackLSBMSB]  (L, Execs)=	16	0
 DCT_4x4_HW_02       : 1x[atom_Transform1] 1x[atom_PackLSBMSB] 1x[atom_QuadSub]  (L, Execs)=	21	0
 SATD_4x4_HW_03      : 1x[atom_SATD] 1x[atom_Transform2] 1x[atom_PackLSBMSB] 1x[atom_QuadSub]  (L, Execs)=	22	0


52 ns: Info: PREFETCHER: 
SysDyn:	FORECAST POINT:	at address 0x290
SysDyn:	CURRENT PREDICTION:	6633.0	1584.0	2.0	9420.0	7.0	7.0	3168.0	25344.0	4752.0	
SysDyn:	CONFIGURATION STATUS:	   * FPGA capacity/used: 8/0

SysDyn:	SWAP-IN QUEUE:	atom_Cond	needed/available: 1/0 swap-in/swap-out: 0/0 --> LF_BS_4_4_HW_01 
SysDyn:	SWAP-IN QUEUE:	atom_LF	needed/available: 1/0 swap-in/swap-out: 0/0 --> LF_BS_4_4_HW_01 
SysDyn:	SWAP-IN QUEUE:	atom_SAD4	needed/available: 1/0 swap-in/swap-out: 0/0 --> SAD_16_HW_00 
SysDyn:	SWAP-IN QUEUE:	atom_PackLSBMSB	needed/available: 1/0 swap-in/swap-out: 0/0 --> HT_4X4_HW_01 SATD_4x4_HW_03 DCT_4x4_HW_02 
SysDyn:	SWAP-IN QUEUE:	atom_Transform2	needed/available: 1/0 swap-in/swap-out: 0/0 --> HT_4X4_HW_01 SATD_4x4_HW_03 
SysDyn:	SWAP-IN QUEUE:	atom_QuadSub	needed/available: 1/0 swap-in/swap-out: 0/0 --> SATD_4x4_HW_03 DCT_4x4_HW_02 
SysDyn:	SWAP-IN QUEUE:	atom_Transform1	needed/available: 1/0 swap-in/swap-out: 0/0 --> DCT_4x4_HW_02 
SysDyn:	SWAP-IN QUEUE:	atom_SATD	needed/available: 1/0 swap-in/swap-out: 0/0 --> SATD_4x4_HW_03 
================================================================================

52 ns: Info: MONITOR: currently no atoms available

62 ns: Info: MONITOR: ATOM IN:	atom_Cond	needed/available: 1/1 swap-in/swap-out: 1/0 --> LF_BS_4_4_HW_01 
62 ns: Info: MONITOR: Molecule	LF_BS_4_4_SW	960	is replaced by molecule	LF_BS_4_4_HW_00	428	and was used	0	- times.

62 ns: Info: MONITOR: The fastest available molecule for SI No. 0 is:	SAD_16_SW	4673
62 ns: Info: MONITOR: The fastest available molecule for SI No. 1 is:	HT_2X2_SW	100
62 ns: Info: MONITOR: The fastest available molecule for SI No. 2 is:	HT_4X4_SW	298
62 ns: Info: MONITOR: The fastest available molecule for SI No. 3 is:	MC_Hz4_SW	215
62 ns: Info: MONITOR: The fastest available molecule for SI No. 4 is:	IPred_HDC16x16_SW	249
62 ns: Info: MONITOR: The fastest available molecule for SI No. 5 is:	IPred_VDC16x16_SW	69
62 ns: Info: MONITOR: The fastest available molecule for SI No. 6 is:	LF_BS_4_4_HW_00	428
62 ns: Info: MONITOR: The fastest available molecule for SI No. 7 is:	SATD_4x4_SW	544
62 ns: Info: MONITOR: The fastest available molecule for SI No. 8 is:	DCT_4x4_SW	488
62 ns: Info: MONITOR: 

72 ns: Info: MONITOR: ATOM IN:	atom_LF	needed/available: 1/1 swap-in/swap-out: 1/0 --> LF_BS_4_4_HW_01 
72 ns: Info: MONITOR: Molecule	LF_BS_4_4_HW_00	428	is replaced by molecule	LF_BS_4_4_HW_01	9	and was used	0	- times.

72 ns: Info: MONITOR: The fastest available molecule for SI No. 0 is:	SAD_16_SW	4673
72 ns: Info: MONITOR: The fastest available molecule for SI No. 1 is:	HT_2X2_SW	100
72 ns: Info: MONITOR: The fastest available molecule for SI No. 2 is:	HT_4X4_SW	298
72 ns: Info: MONITOR: The fastest available molecule for SI No. 3 is:	MC_Hz4_SW	215
72 ns: Info: MONITOR: The fastest available molecule for SI No. 4 is:	IPred_HDC16x16_SW	249
72 ns: Info: MONITOR: The fastest available molecule for SI No. 5 is:	IPred_VDC16x16_SW	69
72 ns: Info: MONITOR: The fastest available molecule for SI No. 6 is:	LF_BS_4_4_HW_01	9
72 ns: Info: MONITOR: The fastest available molecule for SI No. 7 is:	SATD_4x4_SW	544
72 ns: Info: MONITOR: The fastest available molecule for SI No. 8 is:	DCT_4x4_SW	488
72 ns: Info: MONITOR: 

82 ns: Info: MONITOR: ATOM IN:	atom_SAD4	needed/available: 1/1 swap-in/swap-out: 1/0 --> SAD_16_HW_00 
82 ns: Info: MONITOR: Molecule	SAD_16_SW	4673	is replaced by molecule	SAD_16_HW_00	68	and was used	0	- times.

82 ns: Info: MONITOR: The fastest available molecule for SI No. 0 is:	SAD_16_HW_00	68
82 ns: Info: MONITOR: The fastest available molecule for SI No. 1 is:	HT_2X2_SW	100
82 ns: Info: MONITOR: The fastest available molecule for SI No. 2 is:	HT_4X4_SW	298
82 ns: Info: MONITOR: The fastest available molecule for SI No. 3 is:	MC_Hz4_SW	215
82 ns: Info: MONITOR: The fastest available molecule for SI No. 4 is:	IPred_HDC16x16_SW	249
82 ns: Info: MONITOR: The fastest available molecule for SI No. 5 is:	IPred_VDC16x16_SW	69
82 ns: Info: MONITOR: The fastest available molecule for SI No. 6 is:	LF_BS_4_4_HW_01	9
82 ns: Info: MONITOR: The fastest available molecule for SI No. 7 is:	SATD_4x4_SW	544
82 ns: Info: MONITOR: The fastest available molecule for SI No. 8 is:	DCT_4x4_SW	488
82 ns: Info: MONITOR: 

92 ns: Info: MONITOR: ATOM IN:	atom_PackLSBMSB	needed/available: 1/1 swap-in/swap-out: 1/0 --> HT_4X4_HW_01 SATD_4x4_HW_03 DCT_4x4_HW_02 
92 ns: Info: MONITOR: The fastest available molecule for SI No. 0 is:	SAD_16_HW_00	68
92 ns: Info: MONITOR: The fastest available molecule for SI No. 1 is:	HT_2X2_SW	100
92 ns: Info: MONITOR: The fastest available molecule for SI No. 2 is:	HT_4X4_SW	298
92 ns: Info: MONITOR: The fastest available molecule for SI No. 3 is:	MC_Hz4_SW	215
92 ns: Info: MONITOR: The fastest available molecule for SI No. 4 is:	IPred_HDC16x16_SW	249
92 ns: Info: MONITOR: The fastest available molecule for SI No. 5 is:	IPred_VDC16x16_SW	69
92 ns: Info: MONITOR: The fastest available molecule for SI No. 6 is:	LF_BS_4_4_HW_01	9
92 ns: Info: MONITOR: The fastest available molecule for SI No. 7 is:	SATD_4x4_SW	544
92 ns: Info: MONITOR: The fastest available molecule for SI No. 8 is:	DCT_4x4_SW	488
92 ns: Info: MONITOR: 

102 ns: Info: MONITOR: ATOM IN:	atom_Transform2	needed/available: 1/1 swap-in/swap-out: 1/0 --> HT_4X4_HW_01 SATD_4x4_HW_03 
102 ns: Info: MONITOR: Molecule	HT_4X4_SW	298	is replaced by molecule	HT_4X4_HW_01	16	and was used	0	- times.

102 ns: Info: MONITOR: Molecule	SATD_4x4_SW	544	is replaced by molecule	SATD_4x4_HW_01	294	and was used	0	- times.

102 ns: Info: MONITOR: The fastest available molecule for SI No. 0 is:	SAD_16_HW_00	68
102 ns: Info: MONITOR: The fastest available molecule for SI No. 1 is:	HT_2X2_SW	100
102 ns: Info: MONITOR: The fastest available molecule for SI No. 2 is:	HT_4X4_HW_01	16
102 ns: Info: MONITOR: The fastest available molecule for SI No. 3 is:	MC_Hz4_SW	215
102 ns: Info: MONITOR: The fastest available molecule for SI No. 4 is:	IPred_HDC16x16_SW	249
102 ns: Info: MONITOR: The fastest available molecule for SI No. 5 is:	IPred_VDC16x16_SW	69
102 ns: Info: MONITOR: The fastest available molecule for SI No. 6 is:	LF_BS_4_4_HW_01	9
102 ns: Info: MONITOR: The fastest available molecule for SI No. 7 is:	SATD_4x4_HW_01	294
102 ns: Info: MONITOR: The fastest available molecule for SI No. 8 is:	DCT_4x4_SW	488
102 ns: Info: MONITOR: 

112 ns: Info: MONITOR: ATOM IN:	atom_QuadSub	needed/available: 1/1 swap-in/swap-out: 1/0 --> SATD_4x4_HW_03 DCT_4x4_HW_02 
112 ns: Info: MONITOR: Molecule	SATD_4x4_HW_01	294	is replaced by molecule	SATD_4x4_HW_02	186	and was used	0	- times.

112 ns: Info: MONITOR: The fastest available molecule for SI No. 0 is:	SAD_16_HW_00	68
112 ns: Info: MONITOR: The fastest available molecule for SI No. 1 is:	HT_2X2_SW	100
112 ns: Info: MONITOR: The fastest available molecule for SI No. 2 is:	HT_4X4_HW_01	16
112 ns: Info: MONITOR: The fastest available molecule for SI No. 3 is:	MC_Hz4_SW	215
112 ns: Info: MONITOR: The fastest available molecule for SI No. 4 is:	IPred_HDC16x16_SW	249
112 ns: Info: MONITOR: The fastest available molecule for SI No. 5 is:	IPred_VDC16x16_SW	69
112 ns: Info: MONITOR: The fastest available molecule for SI No. 6 is:	LF_BS_4_4_HW_01	9
112 ns: Info: MONITOR: The fastest available molecule for SI No. 7 is:	SATD_4x4_HW_02	186
112 ns: Info: MONITOR: The fastest available molecule for SI No. 8 is:	DCT_4x4_SW	488
112 ns: Info: MONITOR: 

122 ns: Info: MONITOR: ATOM IN:	atom_Transform1	needed/available: 1/1 swap-in/swap-out: 1/0 --> DCT_4x4_HW_02 
122 ns: Info: MONITOR: Molecule	DCT_4x4_SW	488	is replaced by molecule	DCT_4x4_HW_02	21	and was used	0	- times.

122 ns: Info: MONITOR: The fastest available molecule for SI No. 0 is:	SAD_16_HW_00	68
122 ns: Info: MONITOR: The fastest available molecule for SI No. 1 is:	HT_2X2_SW	100
122 ns: Info: MONITOR: The fastest available molecule for SI No. 2 is:	HT_4X4_HW_01	16
122 ns: Info: MONITOR: The fastest available molecule for SI No. 3 is:	MC_Hz4_SW	215
122 ns: Info: MONITOR: The fastest available molecule for SI No. 4 is:	IPred_HDC16x16_SW	249
122 ns: Info: MONITOR: The fastest available molecule for SI No. 5 is:	IPred_VDC16x16_SW	69
122 ns: Info: MONITOR: The fastest available molecule for SI No. 6 is:	LF_BS_4_4_HW_01	9
122 ns: Info: MONITOR: The fastest available molecule for SI No. 7 is:	SATD_4x4_HW_02	186
122 ns: Info: MONITOR: The fastest available molecule for SI No. 8 is:	DCT_4x4_HW_02	21
122 ns: Info: MONITOR: 

132 ns: Info: MONITOR: ATOM IN:	atom_SATD	needed/available: 1/1 swap-in/swap-out: 1/0 --> SATD_4x4_HW_03 
132 ns: Info: MONITOR: Molecule	SATD_4x4_HW_02	186	is replaced by molecule	SATD_4x4_HW_03	22	and was used	0	- times.

132 ns: Info: MONITOR: The fastest available molecule for SI No. 0 is:	SAD_16_HW_00	68
132 ns: Info: MONITOR: The fastest available molecule for SI No. 1 is:	HT_2X2_SW	100
132 ns: Info: MONITOR: The fastest available molecule for SI No. 2 is:	HT_4X4_HW_01	16
132 ns: Info: MONITOR: The fastest available molecule for SI No. 3 is:	MC_Hz4_SW	215
132 ns: Info: MONITOR: The fastest available molecule for SI No. 4 is:	IPred_HDC16x16_SW	249
132 ns: Info: MONITOR: The fastest available molecule for SI No. 5 is:	IPred_VDC16x16_SW	69
132 ns: Info: MONITOR: The fastest available molecule for SI No. 6 is:	LF_BS_4_4_HW_01	9
132 ns: Info: MONITOR: The fastest available molecule for SI No. 7 is:	SATD_4x4_HW_03	22
132 ns: Info: MONITOR: The fastest available molecule for SI No. 8 is:	DCT_4x4_HW_02	21
132 ns: Info: MONITOR: 

250 us: Info: MONITOR: Molecule: 	SAD_16_HW_00	was used	1243	since in last timeframe
250 us: Info: MONITOR: Molecule: 	SATD_4x4_HW_03	was used	4608	since in last timeframe
250 us: Info: MONITOR:    SI usages in last timeframe  	1243	0	0	0	0	0	0	4608	0	

500 us: Info: MONITOR: Molecule: 	SAD_16_HW_00	was used	1236	since in last timeframe
500 us: Info: MONITOR: Molecule: 	SATD_4x4_HW_03	was used	4629	since in last timeframe
500 us: Info: MONITOR:    SI usages in last timeframe  	1236	0	0	0	0	0	0	4629	0	

750 us: Info: MONITOR: Molecule: 	SAD_16_HW_00	was used	1206	since in last timeframe
750 us: Info: MONITOR: Molecule: 	SATD_4x4_HW_03	was used	4711	since in last timeframe
750 us: Info: MONITOR:    SI usages in last timeframe  	1206	0	0	0	0	0	0	4711	0	

1 ms: Info: MONITOR: Molecule: 	SAD_16_HW_00	was used	1206	since in last timeframe
1 ms: Info: MONITOR: Molecule: 	SATD_4x4_HW_03	was used	4711	since in last timeframe
1 ms: Info: MONITOR:    SI usages in last timeframe  	1206	0	0	0	0	0	0	4711	0	

1250 us: Info: MONITOR: Molecule: 	SAD_16_HW_00	was used	1233	since in last timeframe
1250 us: Info: MONITOR: Molecule: 	SATD_4x4_HW_03	was used	4637	since in last timeframe
1250 us: Info: MONITOR:    SI usages in last timeframe  	1233	0	0	0	0	0	0	4637	0	

1500 us: Info: MONITOR: Molecule: 	SAD_16_HW_00	was used	509	since in last timeframe
1500 us: Info: MONITOR: Molecule: 	HT_2X2_SW	was used	80	since in last timeframe
1500 us: Info: MONITOR: Molecule: 	MC_Hz4_SW	was used	559	since in last timeframe
1500 us: Info: MONITOR: Molecule: 	SATD_4x4_HW_03	was used	2048	since in last timeframe
1500 us: Info: MONITOR: Molecule: 	DCT_4x4_HW_02	was used	240	since in last timeframe
1500 us: Info: MONITOR:    SI usages in last timeframe  	509	80	0	559	0	0	0	2048	240	

1750 us: Info: MONITOR: Molecule: 	HT_2X2_SW	was used	160	since in last timeframe
1750 us: Info: MONITOR: Molecule: 	MC_Hz4_SW	was used	961	since in last timeframe
1750 us: Info: MONITOR: Molecule: 	DCT_4x4_HW_02	was used	480	since in last timeframe
1750 us: Info: MONITOR:    SI usages in last timeframe  	0	160	0	961	0	0	0	0	480	

2 ms: Info: MONITOR: Molecule: 	HT_2X2_SW	was used	160	since in last timeframe
2 ms: Info: MONITOR: Molecule: 	MC_Hz4_SW	was used	961	since in last timeframe
2 ms: Info: MONITOR: Molecule: 	DCT_4x4_HW_02	was used	480	since in last timeframe
2 ms: Info: MONITOR:    SI usages in last timeframe  	0	160	0	961	0	0	0	0	480	

2250 us: Info: MONITOR: Molecule: 	HT_2X2_SW	was used	160	since in last timeframe
2250 us: Info: MONITOR: Molecule: 	MC_Hz4_SW	was used	962	since in last timeframe
2250 us: Info: MONITOR: Molecule: 	DCT_4x4_HW_02	was used	480	since in last timeframe
2250 us: Info: MONITOR:    SI usages in last timeframe  	0	160	0	962	0	0	0	0	480	

2500 us: Info: MONITOR: Molecule: 	HT_2X2_SW	was used	160	since in last timeframe
2500 us: Info: MONITOR: Molecule: 	MC_Hz4_SW	was used	961	since in last timeframe
2500 us: Info: MONITOR: Molecule: 	DCT_4x4_HW_02	was used	480	since in last timeframe
2500 us: Info: MONITOR:    SI usages in last timeframe  	0	160	0	961	0	0	0	0	480	

2750 us: Info: MONITOR: Molecule: 	HT_2X2_SW	was used	160	since in last timeframe
2750 us: Info: MONITOR: Molecule: 	MC_Hz4_SW	was used	961	since in last timeframe
2750 us: Info: MONITOR: Molecule: 	DCT_4x4_HW_02	was used	480	since in last timeframe
2750 us: Info: MONITOR:    SI usages in last timeframe  	0	160	0	961	0	0	0	0	480	

3 ms: Info: MONITOR: Molecule: 	HT_2X2_SW	was used	176	since in last timeframe
3 ms: Info: MONITOR: Molecule: 	HT_4X4_HW_01	was used	2	since in last timeframe
3 ms: Info: MONITOR: Molecule: 	MC_Hz4_SW	was used	934	since in last timeframe
3 ms: Info: MONITOR: Molecule: 	IPred_HDC16x16_SW	was used	8	since in last timeframe
3 ms: Info: MONITOR: Molecule: 	IPred_VDC16x16_SW	was used	8	since in last timeframe
3 ms: Info: MONITOR: Molecule: 	DCT_4x4_HW_02	was used	528	since in last timeframe
3 ms: Info: MONITOR:    SI usages in last timeframe  	0	176	2	934	8	8	0	0	528	

3250 us: Info: MONITOR: Molecule: 	HT_2X2_SW	was used	160	since in last timeframe
3250 us: Info: MONITOR: Molecule: 	MC_Hz4_SW	was used	961	since in last timeframe
3250 us: Info: MONITOR: Molecule: 	DCT_4x4_HW_02	was used	480	since in last timeframe
3250 us: Info: MONITOR:    SI usages in last timeframe  	0	160	0	961	0	0	0	0	480	

3500 us: Info: MONITOR: Molecule: 	HT_2X2_SW	was used	160	since in last timeframe
3500 us: Info: MONITOR: Molecule: 	MC_Hz4_SW	was used	961	since in last timeframe
3500 us: Info: MONITOR: Molecule: 	DCT_4x4_HW_02	was used	480	since in last timeframe
3500 us: Info: MONITOR:    SI usages in last timeframe  	0	160	0	961	0	0	0	0	480	

3750 us: Info: MONITOR: Molecule: 	HT_2X2_SW	was used	160	since in last timeframe
3750 us: Info: MONITOR: Molecule: 	MC_Hz4_SW	was used	962	since in last timeframe
3750 us: Info: MONITOR: Molecule: 	DCT_4x4_HW_02	was used	480	since in last timeframe
3750 us: Info: MONITOR:    SI usages in last timeframe  	0	160	0	962	0	0	0	0	480	

4 ms: Info: MONITOR: Molecule: 	SAD_16_HW_00	was used	598	since in last timeframe
4 ms: Info: MONITOR: Molecule: 	HT_2X2_SW	was used	48	since in last timeframe
4 ms: Info: MONITOR: Molecule: 	MC_Hz4_SW	was used	225	since in last timeframe
4 ms: Info: MONITOR: Molecule: 	LF_BS_4_4_HW_01	was used	3168	since in last timeframe
4 ms: Info: MONITOR: Molecule: 	SATD_4x4_HW_03	was used	2048	since in last timeframe
4 ms: Info: MONITOR: Molecule: 	DCT_4x4_HW_02	was used	144	since in last timeframe
4 ms: Info: MONITOR:    SI usages in last timeframe  	598	48	0	225	0	0	3168	2048	144	

4250 us: Info: MONITOR: Molecule: 	SAD_16_HW_00	was used	1211	since in last timeframe
4250 us: Info: MONITOR: Molecule: 	SATD_4x4_HW_03	was used	4696	since in last timeframe
4250 us: Info: MONITOR:    SI usages in last timeframe  	1211	0	0	0	0	0	0	4696	0	

4500 us: Info: MONITOR: Molecule: 	SAD_16_HW_00	was used	1206	since in last timeframe
4500 us: Info: MONITOR: Molecule: 	SATD_4x4_HW_03	was used	4712	since in last timeframe
4500 us: Info: MONITOR:    SI usages in last timeframe  	1206	0	0	0	0	0	0	4712	0	

4750 us: Info: MONITOR: Molecule: 	SAD_16_HW_00	was used	1219	since in last timeframe
4750 us: Info: MONITOR: Molecule: 	SATD_4x4_HW_03	was used	4672	since in last timeframe
4750 us: Info: MONITOR:    SI usages in last timeframe  	1219	0	0	0	0	0	0	4672	0	

5 ms: Info: MONITOR: Molecule: 	SAD_16_HW_00	was used	1245	since in last timeframe
5 ms: Info: MONITOR: Molecule: 	SATD_4x4_HW_03	was used	4608	since in last timeframe
5 ms: Info: MONITOR:    SI usages in last timeframe  	1245	0	0	0	0	0	0	4608	0	

5250 us: Info: MONITOR: Molecule: 	SAD_16_HW_00	was used	1154	since in last timeframe
5250 us: Info: MONITOR: Molecule: 	MC_Hz4_SW	was used	34	since in last timeframe
5250 us: Info: MONITOR: Molecule: 	SATD_4x4_HW_03	was used	4608	since in last timeframe
5250 us: Info: MONITOR:    SI usages in last timeframe  	1154	0	0	34	0	0	0	4608	0	

5500 us: Info: MONITOR: Molecule: 	HT_2X2_SW	was used	160	since in last timeframe
5500 us: Info: MONITOR: Molecule: 	MC_Hz4_SW	was used	961	since in last timeframe
5500 us: Info: MONITOR: Molecule: 	DCT_4x4_HW_02	was used	480	since in last timeframe
5500 us: Info: MONITOR:    SI usages in last timeframe  	0	160	0	961	0	0	0	0	480	

5750 us: Info: MONITOR: Molecule: 	HT_2X2_SW	was used	160	since in last timeframe
5750 us: Info: MONITOR: Molecule: 	MC_Hz4_SW	was used	961	since in last timeframe
5750 us: Info: MONITOR: Molecule: 	DCT_4x4_HW_02	was used	480	since in last timeframe
5750 us: Info: MONITOR:    SI usages in last timeframe  	0	160	0	961	0	0	0	0	480	

6 ms: Info: MONITOR: Molecule: 	HT_2X2_SW	was used	160	since in last timeframe
6 ms: Info: MONITOR: Molecule: 	MC_Hz4_SW	was used	961	since in last timeframe
6 ms: Info: MONITOR: Molecule: 	DCT_4x4_HW_02	was used	480	since in last timeframe
6 ms: Info: MONITOR:    SI usages in last timeframe  	0	160	0	961	0	0	0	0	480	

6250 us: Info: MONITOR: Molecule: 	HT_2X2_SW	was used	160	since in last timeframe
6250 us: Info: MONITOR: Molecule: 	MC_Hz4_SW	was used	962	since in last timeframe
6250 us: Info: MONITOR: Molecule: 	DCT_4x4_HW_02	was used	480	since in last timeframe
6250 us: Info: MONITOR:    SI usages in last timeframe  	0	160	0	962	0	0	0	0	480	

6500 us: Info: MONITOR: Molecule: 	HT_2X2_SW	was used	160	since in last timeframe
6500 us: Info: MONITOR: Molecule: 	MC_Hz4_SW	was used	961	since in last timeframe
6500 us: Info: MONITOR: Molecule: 	DCT_4x4_HW_02	was used	480	since in last timeframe
6500 us: Info: MONITOR:    SI usages in last timeframe  	0	160	0	961	0	0	0	0	480	

6750 us: Info: MONITOR: Molecule: 	HT_2X2_SW	was used	160	since in last timeframe
6750 us: Info: MONITOR: Molecule: 	MC_Hz4_SW	was used	961	since in last timeframe
6750 us: Info: MONITOR: Molecule: 	DCT_4x4_HW_02	was used	480	since in last timeframe
6750 us: Info: MONITOR:    SI usages in last timeframe  	0	160	0	961	0	0	0	0	480	

7 ms: Info: MONITOR: Molecule: 	HT_2X2_SW	was used	160	since in last timeframe
7 ms: Info: MONITOR: Molecule: 	MC_Hz4_SW	was used	961	since in last timeframe
7 ms: Info: MONITOR: Molecule: 	DCT_4x4_HW_02	was used	480	since in last timeframe
7 ms: Info: MONITOR:    SI usages in last timeframe  	0	160	0	961	0	0	0	0	480	

7250 us: Info: MONITOR: Molecule: 	HT_2X2_SW	was used	160	since in last timeframe
7250 us: Info: MONITOR: Molecule: 	MC_Hz4_SW	was used	962	since in last timeframe
7250 us: Info: MONITOR: Molecule: 	DCT_4x4_HW_02	was used	480	since in last timeframe
7250 us: Info: MONITOR:    SI usages in last timeframe  	0	160	0	962	0	0	0	0	480	

7500 us: Info: MONITOR: Molecule: 	HT_2X2_SW	was used	160	since in last timeframe
7500 us: Info: MONITOR: Molecule: 	MC_Hz4_SW	was used	961	since in last timeframe
7500 us: Info: MONITOR: Molecule: 	DCT_4x4_HW_02	was used	480	since in last timeframe
7500 us: Info: MONITOR:    SI usages in last timeframe  	0	160	0	961	0	0	0	0	480	

7750 us: Info: MONITOR: Molecule: 	HT_2X2_SW	was used	144	since in last timeframe
7750 us: Info: MONITOR: Molecule: 	MC_Hz4_SW	was used	819	since in last timeframe
7750 us: Info: MONITOR: Molecule: 	LF_BS_4_4_HW_01	was used	1507	since in last timeframe
7750 us: Info: MONITOR: Molecule: 	DCT_4x4_HW_02	was used	432	since in last timeframe
7750 us: Info: MONITOR:    SI usages in last timeframe  	0	144	0	819	0	0	1507	0	432	

8 ms: Info: MONITOR: Molecule: 	SAD_16_HW_00	was used	1069	since in last timeframe
8 ms: Info: MONITOR: Molecule: 	LF_BS_4_4_HW_01	was used	1661	since in last timeframe
8 ms: Info: MONITOR: Molecule: 	SATD_4x4_HW_03	was used	3840	since in last timeframe
8 ms: Info: MONITOR:    SI usages in last timeframe  	1069	0	0	0	0	0	1661	3840	0	

8250 us: Info: MONITOR: Molecule: 	SAD_16_HW_00	was used	1209	since in last timeframe
8250 us: Info: MONITOR: Molecule: 	SATD_4x4_HW_03	was used	4704	since in last timeframe
8250 us: Info: MONITOR:    SI usages in last timeframe  	1209	0	0	0	0	0	0	4704	0	

8500 us: Info: MONITOR: Molecule: 	SAD_16_HW_00	was used	1206	since in last timeframe
8500 us: Info: MONITOR: Molecule: 	SATD_4x4_HW_03	was used	4711	since in last timeframe
8500 us: Info: MONITOR:    SI usages in last timeframe  	1206	0	0	0	0	0	0	4711	0	

8750 us: Info: MONITOR: Molecule: 	SAD_16_HW_00	was used	1222	since in last timeframe
8750 us: Info: MONITOR: Molecule: 	SATD_4x4_HW_03	was used	4665	since in last timeframe
8750 us: Info: MONITOR:    SI usages in last timeframe  	1222	0	0	0	0	0	0	4665	0	

9 ms: Info: MONITOR: Molecule: 	SAD_16_HW_00	was used	1245	since in last timeframe
9 ms: Info: MONITOR: Molecule: 	SATD_4x4_HW_03	was used	4608	since in last timeframe
9 ms: Info: MONITOR:    SI usages in last timeframe  	1245	0	0	0	0	0	0	4608	0	

9250 us: Info: MONITOR: Molecule: 	SAD_16_HW_00	was used	682	since in last timeframe
9250 us: Info: MONITOR: Molecule: 	HT_2X2_SW	was used	64	since in last timeframe
9250 us: Info: MONITOR: Molecule: 	MC_Hz4_SW	was used	401	since in last timeframe
9250 us: Info: MONITOR: Molecule: 	SATD_4x4_HW_03	was used	2816	since in last timeframe
9250 us: Info: MONITOR: Molecule: 	DCT_4x4_HW_02	was used	192	since in last timeframe
9250 us: Info: MONITOR:    SI usages in last timeframe  	682	64	0	401	0	0	0	2816	192	

9500 us: Info: MONITOR: Molecule: 	HT_2X2_SW	was used	160	since in last timeframe
9500 us: Info: MONITOR: Molecule: 	MC_Hz4_SW	was used	961	since in last timeframe
9500 us: Info: MONITOR: Molecule: 	DCT_4x4_HW_02	was used	480	since in last timeframe
9500 us: Info: MONITOR:    SI usages in last timeframe  	0	160	0	961	0	0	0	0	480	

9750 us: Info: MONITOR: Molecule: 	HT_2X2_SW	was used	160	since in last timeframe
9750 us: Info: MONITOR: Molecule: 	MC_Hz4_SW	was used	962	since in last timeframe
9750 us: Info: MONITOR: Molecule: 	DCT_4x4_HW_02	was used	480	since in last timeframe
9750 us: Info: MONITOR:    SI usages in last timeframe  	0	160	0	962	0	0	0	0	480	

10 ms: Info: MONITOR: Molecule: 	HT_2X2_SW	was used	160	since in last timeframe
10 ms: Info: MONITOR: Molecule: 	MC_Hz4_SW	was used	961	since in last timeframe
10 ms: Info: MONITOR: Molecule: 	DCT_4x4_HW_02	was used	480	since in last timeframe
10 ms: Info: MONITOR:    SI usages in last timeframe  	0	160	0	961	0	0	0	0	480	

10250 us: Info: MONITOR: Molecule: 	HT_2X2_SW	was used	160	since in last timeframe
10250 us: Info: MONITOR: Molecule: 	MC_Hz4_SW	was used	961	since in last timeframe
10250 us: Info: MONITOR: Molecule: 	DCT_4x4_HW_02	was used	480	since in last timeframe
10250 us: Info: MONITOR:    SI usages in last timeframe  	0	160	0	961	0	0	0	0	480	

10500 us: Info: MONITOR: Molecule: 	HT_2X2_SW	was used	160	since in last timeframe
10500 us: Info: MONITOR: Molecule: 	MC_Hz4_SW	was used	961	since in last timeframe
10500 us: Info: MONITOR: Molecule: 	DCT_4x4_HW_02	was used	480	since in last timeframe
10500 us: Info: MONITOR:    SI usages in last timeframe  	0	160	0	961	0	0	0	0	480	

10750 us: Info: MONITOR: Molecule: 	HT_2X2_SW	was used	160	since in last timeframe
10750 us: Info: MONITOR: Molecule: 	MC_Hz4_SW	was used	962	since in last timeframe
10750 us: Info: MONITOR: Molecule: 	DCT_4x4_HW_02	was used	480	since in last timeframe
10750 us: Info: MONITOR:    SI usages in last timeframe  	0	160	0	962	0	0	0	0	480	

11 ms: Info: MONITOR: Molecule: 	HT_2X2_SW	was used	160	since in last timeframe
11 ms: Info: MONITOR: Molecule: 	MC_Hz4_SW	was used	961	since in last timeframe
11 ms: Info: MONITOR: Molecule: 	DCT_4x4_HW_02	was used	480	since in last timeframe
11 ms: Info: MONITOR:    SI usages in last timeframe  	0	160	0	961	0	0	0	0	480	

11250 us: Info: MONITOR: Molecule: 	HT_2X2_SW	was used	160	since in last timeframe
11250 us: Info: MONITOR: Molecule: 	MC_Hz4_SW	was used	961	since in last timeframe
11250 us: Info: MONITOR: Molecule: 	DCT_4x4_HW_02	was used	480	since in last timeframe
11250 us: Info: MONITOR:    SI usages in last timeframe  	0	160	0	961	0	0	0	0	480	

11500 us: Info: MONITOR: Molecule: 	HT_2X2_SW	was used	160	since in last timeframe
11500 us: Info: MONITOR: Molecule: 	MC_Hz4_SW	was used	961	since in last timeframe
11500 us: Info: MONITOR: Molecule: 	DCT_4x4_HW_02	was used	480	since in last timeframe
11500 us: Info: MONITOR:    SI usages in last timeframe  	0	160	0	961	0	0	0	0	480	

11750 us: Info: MONITOR: Molecule: 	SAD_16_HW_00	was used	297	since in last timeframe
11750 us: Info: MONITOR: Molecule: 	HT_2X2_SW	was used	80	since in last timeframe
11750 us: Info: MONITOR: Molecule: 	MC_Hz4_SW	was used	452	since in last timeframe
11750 us: Info: MONITOR: Molecule: 	LF_BS_4_4_HW_01	was used	3168	since in last timeframe
11750 us: Info: MONITOR: Molecule: 	SATD_4x4_HW_03	was used	1024	since in last timeframe
11750 us: Info: MONITOR: Molecule: 	DCT_4x4_HW_02	was used	240	since in last timeframe
11750 us: Info: MONITOR:    SI usages in last timeframe  	297	80	0	452	0	0	3168	1024	240	

12 ms: Info: MONITOR: Molecule: 	SAD_16_HW_00	was used	1244	since in last timeframe
12 ms: Info: MONITOR: Molecule: 	SATD_4x4_HW_03	was used	4608	since in last timeframe
12 ms: Info: MONITOR:    SI usages in last timeframe  	1244	0	0	0	0	0	0	4608	0	

12250 us: Info: MONITOR: Molecule: 	SAD_16_HW_00	was used	1206	since in last timeframe
12250 us: Info: MONITOR: Molecule: 	SATD_4x4_HW_03	was used	4711	since in last timeframe
12250 us: Info: MONITOR:    SI usages in last timeframe  	1206	0	0	0	0	0	0	4711	0	

12500 us: Info: MONITOR: Molecule: 	SAD_16_HW_00	was used	1206	since in last timeframe
12500 us: Info: MONITOR: Molecule: 	SATD_4x4_HW_03	was used	4712	since in last timeframe
12500 us: Info: MONITOR:    SI usages in last timeframe  	1206	0	0	0	0	0	0	4712	0	

12750 us: Info: MONITOR: Molecule: 	SAD_16_HW_00	was used	1225	since in last timeframe
12750 us: Info: MONITOR: Molecule: 	SATD_4x4_HW_03	was used	4657	since in last timeframe
12750 us: Info: MONITOR:    SI usages in last timeframe  	1225	0	0	0	0	0	0	4657	0	

13 ms: Info: MONITOR: Molecule: 	SAD_16_HW_00	was used	1244	since in last timeframe
13 ms: Info: MONITOR: Molecule: 	SATD_4x4_HW_03	was used	4608	since in last timeframe
13 ms: Info: MONITOR:    SI usages in last timeframe  	1244	0	0	0	0	0	0	4608	0	

13250 us: Info: MONITOR: Molecule: 	SAD_16_HW_00	was used	211	since in last timeframe
13250 us: Info: MONITOR: Molecule: 	HT_2X2_SW	was used	128	since in last timeframe
13250 us: Info: MONITOR: Molecule: 	MC_Hz4_SW	was used	769	since in last timeframe
13250 us: Info: MONITOR: Molecule: 	SATD_4x4_HW_03	was used	1024	since in last timeframe
13250 us: Info: MONITOR: Molecule: 	DCT_4x4_HW_02	was used	384	since in last timeframe
13250 us: Info: MONITOR:    SI usages in last timeframe  	211	128	0	769	0	0	0	1024	384	

13500 us: Info: MONITOR: Molecule: 	HT_2X2_SW	was used	160	since in last timeframe
13500 us: Info: MONITOR: Molecule: 	HT_4X4_HW_01	was used	2	since in last timeframe
13500 us: Info: MONITOR: Molecule: 	MC_Hz4_SW	was used	949	since in last timeframe
13500 us: Info: MONITOR: Molecule: 	IPred_HDC16x16_SW	was used	8	since in last timeframe
13500 us: Info: MONITOR: Molecule: 	IPred_VDC16x16_SW	was used	8	since in last timeframe
13500 us: Info: MONITOR: Molecule: 	DCT_4x4_HW_02	was used	480	since in last timeframe
13500 us: Info: MONITOR:    SI usages in last timeframe  	0	160	2	949	8	8	0	0	480	

13750 us: Info: MONITOR: Molecule: 	HT_2X2_SW	was used	160	since in last timeframe
13750 us: Info: MONITOR: Molecule: 	MC_Hz4_SW	was used	961	since in last timeframe
13750 us: Info: MONITOR: Molecule: 	DCT_4x4_HW_02	was used	480	since in last timeframe
13750 us: Info: MONITOR:    SI usages in last timeframe  	0	160	0	961	0	0	0	0	480	

14 ms: Info: MONITOR: Molecule: 	HT_2X2_SW	was used	160	since in last timeframe
14 ms: Info: MONITOR: Molecule: 	MC_Hz4_SW	was used	961	since in last timeframe
14 ms: Info: MONITOR: Molecule: 	DCT_4x4_HW_02	was used	480	since in last timeframe
14 ms: Info: MONITOR:    SI usages in last timeframe  	0	160	0	961	0	0	0	0	480	

14250 us: Info: MONITOR: Molecule: 	HT_2X2_SW	was used	160	since in last timeframe
14250 us: Info: MONITOR: Molecule: 	MC_Hz4_SW	was used	962	since in last timeframe
14250 us: Info: MONITOR: Molecule: 	DCT_4x4_HW_02	was used	480	since in last timeframe
14250 us: Info: MONITOR:    SI usages in last timeframe  	0	160	0	962	0	0	0	0	480	

14500 us: Info: MONITOR: Molecule: 	HT_2X2_SW	was used	160	since in last timeframe
14500 us: Info: MONITOR: Molecule: 	MC_Hz4_SW	was used	961	since in last timeframe
14500 us: Info: MONITOR: Molecule: 	DCT_4x4_HW_02	was used	480	since in last timeframe
14500 us: Info: MONITOR:    SI usages in last timeframe  	0	160	0	961	0	0	0	0	480	

14750 us: Info: MONITOR: Molecule: 	HT_2X2_SW	was used	160	since in last timeframe
14750 us: Info: MONITOR: Molecule: 	MC_Hz4_SW	was used	961	since in last timeframe
14750 us: Info: MONITOR: Molecule: 	DCT_4x4_HW_02	was used	480	since in last timeframe
14750 us: Info: MONITOR:    SI usages in last timeframe  	0	160	0	961	0	0	0	0	480	

15 ms: Info: MONITOR: Molecule: 	HT_2X2_SW	was used	160	since in last timeframe
15 ms: Info: MONITOR: Molecule: 	MC_Hz4_SW	was used	961	since in last timeframe
15 ms: Info: MONITOR: Molecule: 	DCT_4x4_HW_02	was used	480	since in last timeframe
15 ms: Info: MONITOR:    SI usages in last timeframe  	0	160	0	961	0	0	0	0	480	

15250 us: Info: MONITOR: Molecule: 	HT_2X2_SW	was used	160	since in last timeframe
15250 us: Info: MONITOR: Molecule: 	MC_Hz4_SW	was used	962	since in last timeframe
15250 us: Info: MONITOR: Molecule: 	DCT_4x4_HW_02	was used	480	since in last timeframe
15250 us: Info: MONITOR:    SI usages in last timeframe  	0	160	0	962	0	0	0	0	480	

15500 us: Info: MONITOR: Molecule: 	HT_2X2_SW	was used	160	since in last timeframe
15500 us: Info: MONITOR: Molecule: 	MC_Hz4_SW	was used	961	since in last timeframe
15500 us: Info: MONITOR: Molecule: 	DCT_4x4_HW_02	was used	480	since in last timeframe
15500 us: Info: MONITOR:    SI usages in last timeframe  	0	160	0	961	0	0	0	0	480	

15750 us: Info: MONITOR: Molecule: 	SAD_16_HW_00	was used	871	since in last timeframe
15750 us: Info: MONITOR: Molecule: 	HT_2X2_SW	was used	16	since in last timeframe
15750 us: Info: MONITOR: Molecule: 	LF_BS_4_4_HW_01	was used	3168	since in last timeframe
15750 us: Info: MONITOR: Molecule: 	SATD_4x4_HW_03	was used	3139	since in last timeframe
15750 us: Info: MONITOR: Molecule: 	DCT_4x4_HW_02	was used	48	since in last timeframe
15750 us: Info: MONITOR:    SI usages in last timeframe  	871	16	0	0	0	0	3168	3139	48	

16 ms: Info: MONITOR: Molecule: 	SAD_16_HW_00	was used	1206	since in last timeframe
16 ms: Info: MONITOR: Molecule: 	SATD_4x4_HW_03	was used	4712	since in last timeframe
16 ms: Info: MONITOR:    SI usages in last timeframe  	1206	0	0	0	0	0	0	4712	0	

16250 us: Info: MONITOR: Molecule: 	SAD_16_HW_00	was used	1212	since in last timeframe
16250 us: Info: MONITOR: Molecule: 	SATD_4x4_HW_03	was used	4693	since in last timeframe
16250 us: Info: MONITOR:    SI usages in last timeframe  	1212	0	0	0	0	0	0	4693	0	

16500 us: Info: MONITOR: Molecule: 	SAD_16_HW_00	was used	1244	since in last timeframe
16500 us: Info: MONITOR: Molecule: 	SATD_4x4_HW_03	was used	4608	since in last timeframe
16500 us: Info: MONITOR:    SI usages in last timeframe  	1244	0	0	0	0	0	0	4608	0	

16750 us: Info: MONITOR: Molecule: 	SAD_16_HW_00	was used	1229	since in last timeframe
16750 us: Info: MONITOR: Molecule: 	SATD_4x4_HW_03	was used	4649	since in last timeframe
16750 us: Info: MONITOR:    SI usages in last timeframe  	1229	0	0	0	0	0	0	4649	0	

17 ms: Info: MONITOR: Molecule: 	SAD_16_HW_00	was used	871	since in last timeframe
17 ms: Info: MONITOR: Molecule: 	HT_2X2_SW	was used	32	since in last timeframe
17 ms: Info: MONITOR: Molecule: 	MC_Hz4_SW	was used	259	since in last timeframe
17 ms: Info: MONITOR: Molecule: 	SATD_4x4_HW_03	was used	3543	since in last timeframe
17 ms: Info: MONITOR: Molecule: 	DCT_4x4_HW_02	was used	96	since in last timeframe
17 ms: Info: MONITOR:    SI usages in last timeframe  	871	32	0	259	0	0	0	3543	96	

17250 us: Info: MONITOR: Molecule: 	HT_2X2_SW	was used	160	since in last timeframe
17250 us: Info: MONITOR: Molecule: 	MC_Hz4_SW	was used	961	since in last timeframe
17250 us: Info: MONITOR: Molecule: 	DCT_4x4_HW_02	was used	480	since in last timeframe
17250 us: Info: MONITOR:    SI usages in last timeframe  	0	160	0	961	0	0	0	0	480	

17500 us: Info: MONITOR: Molecule: 	HT_2X2_SW	was used	160	since in last timeframe
17500 us: Info: MONITOR: Molecule: 	MC_Hz4_SW	was used	961	since in last timeframe
17500 us: Info: MONITOR: Molecule: 	DCT_4x4_HW_02	was used	480	since in last timeframe
17500 us: Info: MONITOR:    SI usages in last timeframe  	0	160	0	961	0	0	0	0	480	

17750 us: Info: MONITOR: Molecule: 	HT_2X2_SW	was used	160	since in last timeframe
17750 us: Info: MONITOR: Molecule: 	MC_Hz4_SW	was used	962	since in last timeframe
17750 us: Info: MONITOR: Molecule: 	DCT_4x4_HW_02	was used	480	since in last timeframe
17750 us: Info: MONITOR:    SI usages in last timeframe  	0	160	0	962	0	0	0	0	480	

18 ms: Info: MONITOR: Molecule: 	HT_2X2_SW	was used	160	since in last timeframe
18 ms: Info: MONITOR: Molecule: 	MC_Hz4_SW	was used	961	since in last timeframe
18 ms: Info: MONITOR: Molecule: 	DCT_4x4_HW_02	was used	480	since in last timeframe
18 ms: Info: MONITOR:    SI usages in last timeframe  	0	160	0	961	0	0	0	0	480	

18250 us: Info: MONITOR: Molecule: 	HT_2X2_SW	was used	160	since in last timeframe
18250 us: Info: MONITOR: Molecule: 	MC_Hz4_SW	was used	961	since in last timeframe
18250 us: Info: MONITOR: Molecule: 	DCT_4x4_HW_02	was used	480	since in last timeframe
18250 us: Info: MONITOR:    SI usages in last timeframe  	0	160	0	961	0	0	0	0	480	

18500 us: Info: MONITOR: Molecule: 	HT_2X2_SW	was used	160	since in last timeframe
18500 us: Info: MONITOR: Molecule: 	MC_Hz4_SW	was used	961	since in last timeframe
18500 us: Info: MONITOR: Molecule: 	DCT_4x4_HW_02	was used	480	since in last timeframe
18500 us: Info: MONITOR:    SI usages in last timeframe  	0	160	0	961	0	0	0	0	480	

18750 us: Info: MONITOR: Molecule: 	HT_2X2_SW	was used	160	since in last timeframe
18750 us: Info: MONITOR: Molecule: 	MC_Hz4_SW	was used	962	since in last timeframe
18750 us: Info: MONITOR: Molecule: 	DCT_4x4_HW_02	was used	480	since in last timeframe
18750 us: Info: MONITOR:    SI usages in last timeframe  	0	160	0	962	0	0	0	0	480	

19 ms: Info: MONITOR: Molecule: 	HT_2X2_SW	was used	160	since in last timeframe
19 ms: Info: MONITOR: Molecule: 	MC_Hz4_SW	was used	961	since in last timeframe
19 ms: Info: MONITOR: Molecule: 	DCT_4x4_HW_02	was used	480	since in last timeframe
19 ms: Info: MONITOR:    SI usages in last timeframe  	0	160	0	961	0	0	0	0	480	

19250 us: Info: MONITOR: Molecule: 	HT_2X2_SW	was used	160	since in last timeframe
19250 us: Info: MONITOR: Molecule: 	MC_Hz4_SW	was used	961	since in last timeframe
19250 us: Info: MONITOR: Molecule: 	DCT_4x4_HW_02	was used	480	since in last timeframe
19250 us: Info: MONITOR:    SI usages in last timeframe  	0	160	0	961	0	0	0	0	480	

19481467 ns: Info: RotationsManager: 
TOTAL: Branches              308284
       Fetch Stalls:         16402483
       Decode Stalls:        0
       EXE Stage Stalls:     67490
       Load/Store Stalls:    50703
       Write Back Stalls:    0
       Cycles (total):       19481467
       Instructions fetched: 2960791

19481467 ns: Info: RotationsManager: Gesamtdauer: 39.18 Sekunden.
19481467 ns: Info: RotationsManager: Cleaning up Pipeline

19481467 ns: Info: MONITOR: 
PREDICTION TABLE
Node       | Backups    | E    | Insns      | Function Type Predictions                                                                                 |
0x290      |          0 | 0.00 | 6633.0	1584.0	2.0	9420.0	7.0	7.0	3168.0	25344.0	4752.0	



SETTINGS
  + slots:              8
  + time per atom:      10
  + TD prediction       
    - lambda:           0.0
    - gamma:            0.0
    - alpha:            0.0
    - e_min:            0.0

CYCLE COUNT
  + fastest possible:   7234105
  + slowest possible:   264515021
  + this run:           19481468
    - cycles saved (%): 245033553 (92.6 %)
    - cycles lost (%) : 12247363 (169.3 %)
  + basic ops:          2824216
  + ad-hoc stalls:      0
    - tot. # specops:   0

EXECUTION COUNT
  + forecast bursts:    1
  + specop execs:       254769
    - HW executions:    199489
    - SW executions:    55280
    - coverage:         78.3 %

ATOM SWAP-IN / SWAP-OUT
  + swap-ins:           8
  + swap-out:           0

BRANCH AND BOUND
  + tot. # possible:    653184
  + tot. # checked:     7
  + checked %:          0.0 %

COUNTS PER 10000 INSTRUCTIONS
fb: forecast bursts
#SI: total # of Special Instructions
#hw: # executed HW-Molecules
#sw: # executed SW-Molecules
la: loaded atoms (finish time [cycle])
s-out: swapped-out atoms
cycle	fb	#SI	#hw	#sw	la	s-out	possible	checked	adhoc_w	adhoc_t
37723	1	857	857	0	atom_SAD4(83) atom_SATD(133) atom_Transform1(123) atom_Transform2(103) atom_PackLSBMSB(93) atom_QuadSub(113) atom_Cond(63) atom_LF(73) 	 	653184	7	0
75571	0	864	864	0	 	 	0	0	0
111952	0	888	888	0	 	 	0	0	0
148894	0	880	880	0	 	 	0	0	0
186721	0	863	863	0	 	 	0	0	0
224152	0	871	871	0	 	 	0	0	0
260064	0	898	898	0	 	 	0	0	0
297892	0	863	863	0	 	 	0	0	0
335740	0	864	864	0	 	 	0	0	0
371857	0	891	891	0	 	 	0	0	0
409042	0	876	876	0	 	 	0	0	0
446890	0	864	864	0	 	 	0	0	0
484057	0	874	874	0	 	 	0	0	0
520192	0	893	893	0	 	 	0	0	0
558040	0	864	864	0	 	 	0	0	0
595847	0	863	863	0	 	 	0	0	0
631761	0	896	896	0	 	 	0	0	0
669211	0	873	873	0	 	 	0	0	0
707018	0	862	862	0	 	 	0	0	0
743961	0	879	879	0	 	 	0	0	0
780361	0	890	890	0	 	 	0	0	0
818189	0	863	863	0	 	 	0	0	0
856016	0	863	863	0	 	 	0	0	0
891665	0	900	900	0	 	 	0	0	0
929359	0	869	869	0	 	 	0	0	0
967187	0	863	863	0	 	 	0	0	0
1003865	0	882	882	0	 	 	0	0	0
1040530	0	887	887	0	 	 	0	0	0
1078337	0	862	862	0	 	 	0	0	0
1116065	0	865	865	0	 	 	0	0	0
1151680	0	904	904	0	 	 	0	0	0
1189487	0	862	862	0	 	 	0	0	0
1227335	0	864	864	0	 	 	0	0	0
1263769	0	886	886	0	 	 	0	0	0
1300658	0	882	882	0	 	 	0	0	0
1338506	0	864	864	0	 	 	0	0	0
1429099	0	906	586	320	 	 	0	0	0
1564752	0	895	286	609	 	 	0	0	0
1705686	0	904	273	631	 	 	0	0	0
1849752	0	902	255	647	 	 	0	0	0
1984804	0	894	288	606	 	 	0	0	0
2129330	0	910	264	646	 	 	0	0	0
2270018	0	897	264	633	 	 	0	0	0
2406182	0	899	288	611	 	 	0	0	0
2553079	0	907	250	657	 	 	0	0	0
2690284	0	895	278	617	 	 	0	0	0
2829667	0	904	281	623	 	 	0	0	0
2975284	0	902	247	655	 	 	0	0	0
3108521	0	897	296	601	 	 	0	0	0
3244950	0	895	282	613	 	 	0	0	0
3385108	0	904	277	627	 	 	0	0	0
3529950	0	902	251	651	 	 	0	0	0
3665216	0	895	288	607	 	 	0	0	0
3808876	0	907	264	643	 	 	0	0	0
3825459	0	655	644	11	 	 	0	0	0
3840695	0	652	652	0	 	 	0	0	0
3855924	0	651	651	0	 	 	0	0	0
3871160	0	652	652	0	 	 	0	0	0
3889546	0	645	645	0	 	 	0	0	0
3925577	0	897	897	0	 	 	0	0	0
3963384	0	862	862	0	 	 	0	0	0
4001232	0	864	864	0	 	 	0	0	0
4037250	0	893	893	0	 	 	0	0	0
4074534	0	875	875	0	 	 	0	0	0
4112403	0	864	864	0	 	 	0	0	0
4149450	0	875	875	0	 	 	0	0	0
4185705	0	892	892	0	 	 	0	0	0
4223553	0	864	864	0	 	 	0	0	0
4261401	0	864	864	0	 	 	0	0	0
4297154	0	897	897	0	 	 	0	0	0
4334703	0	870	870	0	 	 	0	0	0
4372551	0	864	864	0	 	 	0	0	0
4409354	0	880	880	0	 	 	0	0	0
4445874	0	888	888	0	 	 	0	0	0
4483722	0	864	864	0	 	 	0	0	0
4521529	0	862	862	0	 	 	0	0	0
4557125	0	902	902	0	 	 	0	0	0
4594872	0	867	867	0	 	 	0	0	0
4632679	0	862	862	0	 	 	0	0	0
4669325	0	885	885	0	 	 	0	0	0
4706022	0	884	884	0	 	 	0	0	0
4743829	0	863	863	0	 	 	0	0	0
4781525	0	867	867	0	 	 	0	0	0
4817193	0	902	902	0	 	 	0	0	0
4855000	0	862	862	0	 	 	0	0	0
4892848	0	864	864	0	 	 	0	0	0
4929229	0	888	888	0	 	 	0	0	0
4966171	0	880	880	0	 	 	0	0	0
5003998	0	863	863	0	 	 	0	0	0
5041429	0	871	871	0	 	 	0	0	0
5077341	0	898	898	0	 	 	0	0	0
5115169	0	863	863	0	 	 	0	0	0
5153017	0	864	864	0	 	 	0	0	0
5189134	0	891	891	0	 	 	0	0	0
5226319	0	876	876	0	 	 	0	0	0
5320409	0	891	542	349	 	 	0	0	0
5464835	0	909	264	645	 	 	0	0	0
5605409	0	897	264	633	 	 	0	0	0
5741786	0	900	288	612	 	 	0	0	0
5888664	0	906	249	657	 	 	0	0	0
6025675	0	895	279	616	 	 	0	0	0
6165251	0	904	280	624	 	 	0	0	0
6310675	0	902	248	654	 	 	0	0	0
6445941	0	895	288	607	 	 	0	0	0
6589160	0	906	264	642	 	 	0	0	0
6730941	0	900	264	636	 	 	0	0	0
6865993	0	894	288	606	 	 	0	0	0
7012645	0	912	257	655	 	 	0	0	0
7151207	0	895	271	624	 	 	0	0	0
7289232	0	904	288	616	 	 	0	0	0
7436207	0	902	240	662	 	 	0	0	0
7571473	0	895	288	607	 	 	0	0	0
7713183	0	904	269	635	 	 	0	0	0
7729418	0	654	646	8	 	 	0	0	0
7744654	0	652	652	0	 	 	0	0	0
7759883	0	651	651	0	 	 	0	0	0
7775119	0	652	652	0	 	 	0	0	0
7793925	0	645	645	0	 	 	0	0	0
7829691	0	900	900	0	 	 	0	0	0
7867539	0	864	864	0	 	 	0	0	0
7905346	0	862	862	0	 	 	0	0	0
7941629	0	890	890	0	 	 	0	0	0
7978689	0	880	880	0	 	 	0	0	0
8016517	0	862	862	0	 	 	0	0	0
8053829	0	872	872	0	 	 	0	0	0
8089860	0	897	897	0	 	 	0	0	0
8127667	0	862	862	0	 	 	0	0	0
8165515	0	864	864	0	 	 	0	0	0
8201533	0	893	893	0	 	 	0	0	0
8238817	0	874	874	0	 	 	0	0	0
8276665	0	864	864	0	 	 	0	0	0
8313733	0	876	876	0	 	 	0	0	0
8349988	0	892	892	0	 	 	0	0	0
8387836	0	864	864	0	 	 	0	0	0
8425684	0	864	864	0	 	 	0	0	0
8461437	0	896	896	0	 	 	0	0	0
8498986	0	871	871	0	 	 	0	0	0
8536834	0	864	864	0	 	 	0	0	0
8573637	0	879	879	0	 	 	0	0	0
8610136	0	888	888	0	 	 	0	0	0
8647984	0	865	865	0	 	 	0	0	0
8685812	0	862	862	0	 	 	0	0	0
8721341	0	902	902	0	 	 	0	0	0
8759155	0	867	867	0	 	 	0	0	0
8796962	0	862	862	0	 	 	0	0	0
8833541	0	885	885	0	 	 	0	0	0
8870305	0	884	884	0	 	 	0	0	0
8908112	0	862	862	0	 	 	0	0	0
8945741	0	868	868	0	 	 	0	0	0
8981455	0	902	902	0	 	 	0	0	0
9019283	0	862	862	0	 	 	0	0	0
9057131	0	864	864	0	 	 	0	0	0
9093512	0	888	888	0	 	 	0	0	0
9130454	0	880	880	0	 	 	0	0	0
9226452	0	890	531	359	 	 	0	0	0
9369346	0	905	264	641	 	 	0	0	0
9511666	0	902	264	638	 	 	0	0	0
9646718	0	894	288	606	 	 	0	0	0
9792768	0	911	259	652	 	 	0	0	0
9931932	0	896	269	627	 	 	0	0	0
10069516	0	903	288	615	 	 	0	0	0
10216719	0	903	241	662	 	 	0	0	0
10351984	0	894	287	607	 	 	0	0	0
10493326	0	905	272	633	 	 	0	0	0
10637198	0	902	256	646	 	 	0	0	0
10772250	0	894	288	606	 	 	0	0	0
10916890	0	910	264	646	 	 	0	0	0
11057464	0	897	264	633	 	 	0	0	0
11193741	0	899	288	611	 	 	0	0	0
11340699	0	907	249	658	 	 	0	0	0
11477516	0	894	279	615	 	 	0	0	0
11617306	0	905	280	625	 	 	0	0	0
11633377	0	650	642	8	 	 	0	0	0
11648606	0	651	651	0	 	 	0	0	0
11663842	0	652	652	0	 	 	0	0	0
11679078	0	652	652	0	 	 	0	0	0
11698303	0	645	645	0	 	 	0	0	0
11733805	0	903	903	0	 	 	0	0	0
11771653	0	864	864	0	 	 	0	0	0
11809501	0	864	864	0	 	 	0	0	0
11846008	0	885	885	0	 	 	0	0	0
11882803	0	883	883	0	 	 	0	0	0
11920672	0	864	864	0	 	 	0	0	0
11958208	0	867	867	0	 	 	0	0	0
11993974	0	900	900	0	 	 	0	0	0
12031822	0	864	864	0	 	 	0	0	0
12069629	0	862	862	0	 	 	0	0	0
12105912	0	890	890	0	 	 	0	0	0
12142972	0	879	879	0	 	 	0	0	0
12180779	0	862	862	0	 	 	0	0	0
12218112	0	873	873	0	 	 	0	0	0
12254143	0	897	897	0	 	 	0	0	0
12291950	0	862	862	0	 	 	0	0	0
12329798	0	864	864	0	 	 	0	0	0
12365816	0	893	893	0	 	 	0	0	0
12403100	0	874	874	0	 	 	0	0	0
12440948	0	864	864	0	 	 	0	0	0
12478016	0	876	876	0	 	 	0	0	0
12514271	0	892	892	0	 	 	0	0	0
12552098	0	864	864	0	 	 	0	0	0
12589967	0	864	864	0	 	 	0	0	0
12625720	0	896	896	0	 	 	0	0	0
12663269	0	871	871	0	 	 	0	0	0
12701117	0	864	864	0	 	 	0	0	0
12737920	0	879	879	0	 	 	0	0	0
12774419	0	888	888	0	 	 	0	0	0
12812267	0	864	864	0	 	 	0	0	0
12850074	0	862	862	0	 	 	0	0	0
12885624	0	902	902	0	 	 	0	0	0
12923438	0	868	868	0	 	 	0	0	0
12961245	0	862	862	0	 	 	0	0	0
12997824	0	884	884	0	 	 	0	0	0
13034588	0	885	885	0	 	 	0	0	0
13132709	0	890	520	370	 	 	0	0	0
13273449	0	905	275	630	 	 	0	0	0
13405021	0	896	303	593	 	 	0	0	0
13552323	0	903	240	663	 	 	0	0	0
13687589	0	895	288	607	 	 	0	0	0
13828911	0	904	271	633	 	 	0	0	0
13972589	0	902	257	645	 	 	0	0	0
14107641	0	894	288	606	 	 	0	0	0
14252494	0	911	264	647	 	 	0	0	0
14392855	0	896	264	632	 	 	0	0	0
14529345	0	900	288	612	 	 	0	0	0
14676304	0	906	248	658	 	 	0	0	0
14813121	0	895	280	615	 	 	0	0	0
14952891	0	904	279	625	 	 	0	0	0
15098121	0	902	249	653	 	 	0	0	0
15233173	0	894	288	606	 	 	0	0	0
15376719	0	907	264	643	 	 	0	0	0
15504540	0	876	306	570	 	 	0	0	0
15519776	0	652	652	0	 	 	0	0	0
15535005	0	651	651	0	 	 	0	0	0
15550241	0	652	652	0	 	 	0	0	0
15565477	0	652	652	0	 	 	0	0	0
15586164	0	675	675	0	 	 	0	0	0
15623601	0	869	869	0	 	 	0	0	0
15659466	0	898	898	0	 	 	0	0	0
15697314	0	865	865	0	 	 	0	0	0
15735183	0	864	864	0	 	 	0	0	0
15771305	0	890	890	0	 	 	0	0	0
15808485	0	877	877	0	 	 	0	0	0
15846333	0	864	864	0	 	 	0	0	0
15883505	0	873	873	0	 	 	0	0	0
15919635	0	894	894	0	 	 	0	0	0
15957483	0	864	864	0	 	 	0	0	0
15995290	0	862	862	0	 	 	0	0	0
16031276	0	896	896	0	 	 	0	0	0
16068654	0	874	874	0	 	 	0	0	0
16106461	0	862	862	0	 	 	0	0	0
16143476	0	878	878	0	 	 	0	0	0
16179804	0	891	891	0	 	 	0	0	0
16217611	0	862	862	0	 	 	0	0	0
16255459	0	864	864	0	 	 	0	0	0
16291180	0	899	899	0	 	 	0	0	0
16328761	0	868	868	0	 	 	0	0	0
16366609	0	865	865	0	 	 	0	0	0
16403380	0	881	881	0	 	 	0	0	0
16439932	0	886	886	0	 	 	0	0	0
16477780	0	864	864	0	 	 	0	0	0
16515580	0	864	864	0	 	 	0	0	0
16551082	0	903	903	0	 	 	0	0	0
16588930	0	864	864	0	 	 	0	0	0
16626778	0	864	864	0	 	 	0	0	0
16663285	0	885	885	0	 	 	0	0	0
16700080	0	883	883	0	 	 	0	0	0
16737949	0	864	864	0	 	 	0	0	0
16775485	0	867	867	0	 	 	0	0	0
16811251	0	900	900	0	 	 	0	0	0
16849099	0	864	864	0	 	 	0	0	0
16886906	0	862	862	0	 	 	0	0	0
16923189	0	890	890	0	 	 	0	0	0
17032679	0	904	469	435	 	 	0	0	0
17173580	0	898	264	634	 	 	0	0	0
17309630	0	899	288	611	 	 	0	0	0
17456427	0	907	251	656	 	 	0	0	0
17593632	0	894	277	617	 	 	0	0	0
17733015	0	904	281	623	 	 	0	0	0
17878846	0	903	247	656	 	 	0	0	0
18013898	0	894	288	606	 	 	0	0	0
18157004	0	906	264	642	 	 	0	0	0
18299112	0	901	264	637	 	 	0	0	0
18434164	0	894	288	606	 	 	0	0	0
18580408	0	911	258	653	 	 	0	0	0
18719164	0	895	270	625	 	 	0	0	0
18857075	0	904	288	616	 	 	0	0	0
19004378	0	903	240	663	 	 	0	0	0
19139430	0	894	288	606	 	 	0	0	0
19280946	0	905	271	634	 	 	0	0	0
19408499	0	874	306	568	 	 	0	0	0
19423735	0	652	652	0	 	 	0	0	0
19438964	0	651	651	0	 	 	0	0	0
19454200	0	652	652	0	 	 	0	0	0
19469437	0	652	652	0	 	 	0	0	0
ATOMS
  atom_SAD4	needed/available: 1/1 swap-in/swap-out: 1/0 --> SAD_16_HW_00 
  atom_SATD	needed/available: 1/1 swap-in/swap-out: 1/0 --> SATD_4x4_HW_03 
  atom_Transform1	needed/available: 1/1 swap-in/swap-out: 1/0 --> DCT_4x4_HW_02 
  atom_Transform2	needed/available: 1/1 swap-in/swap-out: 1/0 --> HT_4X4_HW_01 SATD_4x4_HW_03 
  atom_Transform3	needed/available: 0/0 swap-in/swap-out: 0/0 
  atom_PackLSBMSB	needed/available: 1/1 swap-in/swap-out: 1/0 --> HT_4X4_HW_01 SATD_4x4_HW_03 DCT_4x4_HW_02 
  atom_QuadSub	needed/available: 1/1 swap-in/swap-out: 1/0 --> SATD_4x4_HW_03 DCT_4x4_HW_02 
  atom_BytePack	needed/available: 0/0 swap-in/swap-out: 0/0 
  atom_PointFilter	needed/available: 0/0 swap-in/swap-out: 0/0 
  atom_Clip3	needed/available: 0/0 swap-in/swap-out: 0/0 
  atom_PackLBytes	needed/available: 0/0 swap-in/swap-out: 0/0 
  atom_CollapseAdd	needed/available: 0/0 swap-in/swap-out: 0/0 
  atom_Cond	needed/available: 1/1 swap-in/swap-out: 1/0 --> LF_BS_4_4_HW_01 
  atom_LF	needed/available: 1/1 swap-in/swap-out: 1/0 --> LF_BS_4_4_HW_01 
MOLECULES
  <0>	*SAD_16_HW_00        : 1x[atom_SAD4]  (L, Execs)=	68	33165
  <0>	 SAD_16_HW_01        : 2x[atom_SAD4]  (L, Execs)=	37	0
  <0>	*SAD_16_SW           :  (L, Execs)=	4673	0
  <1>	 HT_2X2_HW_00        : 1x[atom_Transform3]  (L, Execs)=	5	0
  <1>	*HT_2X2_SW           :  (L, Execs)=	100	7920
  <2>	*HT_4X4_HW_00        : 1x[atom_Transform2]  (L, Execs)=	104	0
  <2>	*HT_4X4_HW_01        : 1x[atom_Transform2] 1x[atom_PackLSBMSB]  (L, Execs)=	16	4
  <2>	 HT_4X4_HW_02        : 2x[atom_Transform2] 1x[atom_PackLSBMSB]  (L, Execs)=	14	0
  <2>	 HT_4X4_HW_03        : 2x[atom_Transform2] 2x[atom_PackLSBMSB]  (L, Execs)=	10	0
  <2>	 HT_4X4_HW_04        : 4x[atom_Transform2] 4x[atom_PackLSBMSB]  (L, Execs)=	8	0
  <2>	*HT_4X4_SW           :  (L, Execs)=	298	0
  <3>	 MC_Hz4_HW_00        : 1x[atom_PointFilter]  (L, Execs)=	103	0
  <3>	 MC_Hz4_HW_01        : 1x[atom_PointFilter] 1x[atom_Clip3]  (L, Execs)=	26	0
  <3>	 MC_Hz4_HW_02        : 1x[atom_BytePack] 1x[atom_PointFilter] 1x[atom_Clip3]  (L, Execs)=	11	0
  <3>	 MC_Hz4_HW_03        : 2x[atom_BytePack] 1x[atom_PointFilter] 1x[atom_Clip3]  (L, Execs)=	10	0
  <3>	 MC_Hz4_HW_04        : 2x[atom_BytePack] 2x[atom_PointFilter] 2x[atom_Clip3]  (L, Execs)=	9	0
  <3>	 MC_Hz4_HW_05        : 3x[atom_BytePack] 2x[atom_PointFilter] 2x[atom_Clip3]  (L, Execs)=	8	0
  <3>	*MC_Hz4_SW           :  (L, Execs)=	215	47328
  <4>	 IPred_HDC16x16_HW_00: 1x[atom_PackLBytes]  (L, Execs)=	53	0
  <4>	 IPred_HDC16x16_HW_01: 1x[atom_PackLBytes] 1x[atom_CollapseAdd]  (L, Execs)=	22	0
  <4>	*IPred_HDC16x16_SW   :  (L, Execs)=	249	16
  <5>	 IPred_VDC16x16_HW_00: 1x[atom_CollapseAdd]  (L, Execs)=	7	0
  <5>	 IPred_VDC16x16_HW_01: 2x[atom_CollapseAdd]  (L, Execs)=	6	0
  <5>	*IPred_VDC16x16_SW   :  (L, Execs)=	69	16
  <6>	*LF_BS_4_4_HW_00     : 1x[atom_Cond]  (L, Execs)=	428	0
  <6>	*LF_BS_4_4_HW_01     : 1x[atom_Cond] 1x[atom_LF]  (L, Execs)=	9	15840
  <6>	 LF_BS_4_4_HW_02     : 2x[atom_Cond] 2x[atom_LF]  (L, Execs)=	8	0
  <6>	*LF_BS_4_4_SW        :  (L, Execs)=	960	0
  <7>	*SATD_4x4_HW_00      : 1x[atom_Transform2]  (L, Execs)=	350	0
  <7>	*SATD_4x4_HW_01      : 1x[atom_Transform2] 1x[atom_PackLSBMSB]  (L, Execs)=	294	0
  <7>	*SATD_4x4_HW_02      : 1x[atom_Transform2] 1x[atom_PackLSBMSB] 1x[atom_QuadSub]  (L, Execs)=	186	0
  <7>	*SATD_4x4_HW_03      : 1x[atom_SATD] 1x[atom_Transform2] 1x[atom_PackLSBMSB] 1x[atom_QuadSub]  (L, Execs)=	22	126720
  <7>	 SATD_4x4_HW_04      : 1x[atom_SATD] 2x[atom_Transform2] 1x[atom_PackLSBMSB] 1x[atom_QuadSub]  (L, Execs)=	21	0
  <7>	 SATD_4x4_HW_05      : 2x[atom_SATD] 2x[atom_Transform2] 2x[atom_PackLSBMSB] 1x[atom_QuadSub]  (L, Execs)=	20	0
  <7>	 SATD_4x4_HW_06      : 1x[atom_SATD] 4x[atom_Transform2] 4x[atom_PackLSBMSB] 1x[atom_QuadSub]  (L, Execs)=	19	0
  <7>	 SATD_4x4_HW_07      : 2x[atom_SATD] 4x[atom_Transform2] 4x[atom_PackLSBMSB] 1x[atom_QuadSub]  (L, Execs)=	18	0
  <7>	*SATD_4x4_SW         :  (L, Execs)=	544	0
  <8>	*DCT_4x4_HW_00       : 1x[atom_Transform1]  (L, Execs)=	216	0
  <8>	*DCT_4x4_HW_01       : 1x[atom_Transform1] 1x[atom_PackLSBMSB]  (L, Execs)=	160	0
  <8>	*DCT_4x4_HW_02       : 1x[atom_Transform1] 1x[atom_PackLSBMSB] 1x[atom_QuadSub]  (L, Execs)=	21	23760
  <8>	 DCT_4x4_HW_03       : 2x[atom_Transform1] 1x[atom_PackLSBMSB] 1x[atom_QuadSub]  (L, Execs)=	19	0
  <8>	 DCT_4x4_HW_04       : 2x[atom_Transform1] 2x[atom_PackLSBMSB] 1x[atom_QuadSub]  (L, Execs)=	18	0
  <8>	 DCT_4x4_HW_05       : 4x[atom_Transform1] 2x[atom_PackLSBMSB] 1x[atom_QuadSub]  (L, Execs)=	16	0
  <8>	 DCT_4x4_HW_06       : 4x[atom_Transform1] 4x[atom_PackLSBMSB] 1x[atom_QuadSub]  (L, Execs)=	15	0
  <8>	*DCT_4x4_SW          :  (L, Execs)=	488	0

The asterisk indicates the currently available Molecules (maybe multiple) for each Special Instruction

