0 s: Info: RotationsManager: Cycle-time: 1 ns

0 s: Info: TDLAMBDA: 
   TD(lambda) using parameters:
   lambda = 0
   gamma  = 0
   alpha  = 0
   e_min  = 1e-05
0 s: Info: RotationsManager: 
   * FPGA capacity/used: 9/0



0 s: Info: DECODER: Decoder ready.
0 s: Info: MONITOR: 	Size of timeframe: 250,000
	Extended monitoring information between cycles 0 and 1
0 s: Info: RotationsManager: Initializing DLX Pipeline Emulator
   * Module Name:            [Pipeline]
   * Instruction Memory:     [/home/bauer_l/ASIPMeisterProjects/dlx_basis/Applications/Encoder_dynamic_MixedHWSWMolecule_startup_opt2/TestData.IM]
   * Branch Trace:           [/home/bauer_l/ASIPMeisterProjects/dlx_basis/Applications/Encoder_dynamic_MixedHWSWMolecule_startup_opt2/trace.txt]
   * DLX Opcode Definitions: [/home/bauer_l//RotationsManager_53/DLX/dlxops.dlx]

52 ns: Info: PREFETCHER: 
---> BEFORE RESCHEDULING
 SAD_16_HW_00        : 1x[atom_SAD4]  (L, Execs)=	68	0
 SATD_4x4_HW_03      : 1x[atom_SATD] 1x[atom_Transform2] 1x[atom_PackLSBMSB] 1x[atom_QuadSub]  (L, Execs)=	22	0
 LF_BS_4_4_HW_01     : 1x[atom_Cond] 1x[atom_LF]  (L, Execs)=	9	0
 DCT_4x4_HW_02       : 1x[atom_Transform1] 1x[atom_PackLSBMSB] 1x[atom_QuadSub]  (L, Execs)=	21	0
 MC_Hz4_HW_00        : 1x[atom_PointFilter]  (L, Execs)=	103	0
 HT_4X4_HW_01        : 1x[atom_Transform2] 1x[atom_PackLSBMSB]  (L, Execs)=	16	0


---> AFTER RESCHEDULING
 LF_BS_4_4_HW_01     : 1x[atom_Cond] 1x[atom_LF]  (L, Execs)=	9	0
 SAD_16_HW_00        : 1x[atom_SAD4]  (L, Execs)=	68	0
 HT_4X4_HW_01        : 1x[atom_Transform2] 1x[atom_PackLSBMSB]  (L, Execs)=	16	0
 DCT_4x4_HW_02       : 1x[atom_Transform1] 1x[atom_PackLSBMSB] 1x[atom_QuadSub]  (L, Execs)=	21	0
 SATD_4x4_HW_03      : 1x[atom_SATD] 1x[atom_Transform2] 1x[atom_PackLSBMSB] 1x[atom_QuadSub]  (L, Execs)=	22	0
 MC_Hz4_HW_00        : 1x[atom_PointFilter]  (L, Execs)=	103	0


52 ns: Info: PREFETCHER: 
SysDyn:	FORECAST POINT:	at address 0x290
SysDyn:	CURRENT PREDICTION:	6633.0	1584.0	2.0	9420.0	7.0	7.0	3168.0	25344.0	4752.0	
SysDyn:	CONFIGURATION STATUS:	   * FPGA capacity/used: 9/0

SysDyn:	SWAP-IN QUEUE:	atom_Cond	needed/available: 1/0 swap-in/swap-out: 0/0 --> LF_BS_4_4_HW_01 
SysDyn:	SWAP-IN QUEUE:	atom_LF	needed/available: 1/0 swap-in/swap-out: 0/0 --> LF_BS_4_4_HW_01 
SysDyn:	SWAP-IN QUEUE:	atom_SAD4	needed/available: 1/0 swap-in/swap-out: 0/0 --> SAD_16_HW_00 
SysDyn:	SWAP-IN QUEUE:	atom_PackLSBMSB	needed/available: 1/0 swap-in/swap-out: 0/0 --> HT_4X4_HW_01 SATD_4x4_HW_03 DCT_4x4_HW_02 
SysDyn:	SWAP-IN QUEUE:	atom_Transform2	needed/available: 1/0 swap-in/swap-out: 0/0 --> HT_4X4_HW_01 SATD_4x4_HW_03 
SysDyn:	SWAP-IN QUEUE:	atom_QuadSub	needed/available: 1/0 swap-in/swap-out: 0/0 --> SATD_4x4_HW_03 DCT_4x4_HW_02 
SysDyn:	SWAP-IN QUEUE:	atom_Transform1	needed/available: 1/0 swap-in/swap-out: 0/0 --> DCT_4x4_HW_02 
SysDyn:	SWAP-IN QUEUE:	atom_SATD	needed/available: 1/0 swap-in/swap-out: 0/0 --> SATD_4x4_HW_03 
SysDyn:	SWAP-IN QUEUE:	atom_PointFilter	needed/available: 1/0 swap-in/swap-out: 0/0 --> MC_Hz4_HW_00 
================================================================================

52 ns: Info: MONITOR: currently no atoms available

62 ns: Info: MONITOR: ATOM IN:	atom_Cond	needed/available: 1/1 swap-in/swap-out: 1/0 --> LF_BS_4_4_HW_01 
62 ns: Info: MONITOR: Molecule	LF_BS_4_4_SW	960	is replaced by molecule	LF_BS_4_4_HW_00	428	and was used	0	- times.

62 ns: Info: MONITOR: The fastest available molecule for SI No. 0 is:	SAD_16_SW	4673
62 ns: Info: MONITOR: The fastest available molecule for SI No. 1 is:	HT_2X2_SW	100
62 ns: Info: MONITOR: The fastest available molecule for SI No. 2 is:	HT_4X4_SW	298
62 ns: Info: MONITOR: The fastest available molecule for SI No. 3 is:	MC_Hz4_SW	215
62 ns: Info: MONITOR: The fastest available molecule for SI No. 4 is:	IPred_HDC16x16_SW	249
62 ns: Info: MONITOR: The fastest available molecule for SI No. 5 is:	IPred_VDC16x16_SW	69
62 ns: Info: MONITOR: The fastest available molecule for SI No. 6 is:	LF_BS_4_4_HW_00	428
62 ns: Info: MONITOR: The fastest available molecule for SI No. 7 is:	SATD_4x4_SW	544
62 ns: Info: MONITOR: The fastest available molecule for SI No. 8 is:	DCT_4x4_SW	488
62 ns: Info: MONITOR: 

72 ns: Info: MONITOR: ATOM IN:	atom_LF	needed/available: 1/1 swap-in/swap-out: 1/0 --> LF_BS_4_4_HW_01 
72 ns: Info: MONITOR: Molecule	LF_BS_4_4_HW_00	428	is replaced by molecule	LF_BS_4_4_HW_01	9	and was used	0	- times.

72 ns: Info: MONITOR: The fastest available molecule for SI No. 0 is:	SAD_16_SW	4673
72 ns: Info: MONITOR: The fastest available molecule for SI No. 1 is:	HT_2X2_SW	100
72 ns: Info: MONITOR: The fastest available molecule for SI No. 2 is:	HT_4X4_SW	298
72 ns: Info: MONITOR: The fastest available molecule for SI No. 3 is:	MC_Hz4_SW	215
72 ns: Info: MONITOR: The fastest available molecule for SI No. 4 is:	IPred_HDC16x16_SW	249
72 ns: Info: MONITOR: The fastest available molecule for SI No. 5 is:	IPred_VDC16x16_SW	69
72 ns: Info: MONITOR: The fastest available molecule for SI No. 6 is:	LF_BS_4_4_HW_01	9
72 ns: Info: MONITOR: The fastest available molecule for SI No. 7 is:	SATD_4x4_SW	544
72 ns: Info: MONITOR: The fastest available molecule for SI No. 8 is:	DCT_4x4_SW	488
72 ns: Info: MONITOR: 

82 ns: Info: MONITOR: ATOM IN:	atom_SAD4	needed/available: 1/1 swap-in/swap-out: 1/0 --> SAD_16_HW_00 
82 ns: Info: MONITOR: Molecule	SAD_16_SW	4673	is replaced by molecule	SAD_16_HW_00	68	and was used	0	- times.

82 ns: Info: MONITOR: The fastest available molecule for SI No. 0 is:	SAD_16_HW_00	68
82 ns: Info: MONITOR: The fastest available molecule for SI No. 1 is:	HT_2X2_SW	100
82 ns: Info: MONITOR: The fastest available molecule for SI No. 2 is:	HT_4X4_SW	298
82 ns: Info: MONITOR: The fastest available molecule for SI No. 3 is:	MC_Hz4_SW	215
82 ns: Info: MONITOR: The fastest available molecule for SI No. 4 is:	IPred_HDC16x16_SW	249
82 ns: Info: MONITOR: The fastest available molecule for SI No. 5 is:	IPred_VDC16x16_SW	69
82 ns: Info: MONITOR: The fastest available molecule for SI No. 6 is:	LF_BS_4_4_HW_01	9
82 ns: Info: MONITOR: The fastest available molecule for SI No. 7 is:	SATD_4x4_SW	544
82 ns: Info: MONITOR: The fastest available molecule for SI No. 8 is:	DCT_4x4_SW	488
82 ns: Info: MONITOR: 

92 ns: Info: MONITOR: ATOM IN:	atom_PackLSBMSB	needed/available: 1/1 swap-in/swap-out: 1/0 --> HT_4X4_HW_01 SATD_4x4_HW_03 DCT_4x4_HW_02 
92 ns: Info: MONITOR: The fastest available molecule for SI No. 0 is:	SAD_16_HW_00	68
92 ns: Info: MONITOR: The fastest available molecule for SI No. 1 is:	HT_2X2_SW	100
92 ns: Info: MONITOR: The fastest available molecule for SI No. 2 is:	HT_4X4_SW	298
92 ns: Info: MONITOR: The fastest available molecule for SI No. 3 is:	MC_Hz4_SW	215
92 ns: Info: MONITOR: The fastest available molecule for SI No. 4 is:	IPred_HDC16x16_SW	249
92 ns: Info: MONITOR: The fastest available molecule for SI No. 5 is:	IPred_VDC16x16_SW	69
92 ns: Info: MONITOR: The fastest available molecule for SI No. 6 is:	LF_BS_4_4_HW_01	9
92 ns: Info: MONITOR: The fastest available molecule for SI No. 7 is:	SATD_4x4_SW	544
92 ns: Info: MONITOR: The fastest available molecule for SI No. 8 is:	DCT_4x4_SW	488
92 ns: Info: MONITOR: 

102 ns: Info: MONITOR: ATOM IN:	atom_Transform2	needed/available: 1/1 swap-in/swap-out: 1/0 --> HT_4X4_HW_01 SATD_4x4_HW_03 
102 ns: Info: MONITOR: Molecule	HT_4X4_SW	298	is replaced by molecule	HT_4X4_HW_01	16	and was used	0	- times.

102 ns: Info: MONITOR: Molecule	SATD_4x4_SW	544	is replaced by molecule	SATD_4x4_HW_01	294	and was used	0	- times.

102 ns: Info: MONITOR: The fastest available molecule for SI No. 0 is:	SAD_16_HW_00	68
102 ns: Info: MONITOR: The fastest available molecule for SI No. 1 is:	HT_2X2_SW	100
102 ns: Info: MONITOR: The fastest available molecule for SI No. 2 is:	HT_4X4_HW_01	16
102 ns: Info: MONITOR: The fastest available molecule for SI No. 3 is:	MC_Hz4_SW	215
102 ns: Info: MONITOR: The fastest available molecule for SI No. 4 is:	IPred_HDC16x16_SW	249
102 ns: Info: MONITOR: The fastest available molecule for SI No. 5 is:	IPred_VDC16x16_SW	69
102 ns: Info: MONITOR: The fastest available molecule for SI No. 6 is:	LF_BS_4_4_HW_01	9
102 ns: Info: MONITOR: The fastest available molecule for SI No. 7 is:	SATD_4x4_HW_01	294
102 ns: Info: MONITOR: The fastest available molecule for SI No. 8 is:	DCT_4x4_SW	488
102 ns: Info: MONITOR: 

112 ns: Info: MONITOR: ATOM IN:	atom_QuadSub	needed/available: 1/1 swap-in/swap-out: 1/0 --> SATD_4x4_HW_03 DCT_4x4_HW_02 
112 ns: Info: MONITOR: Molecule	SATD_4x4_HW_01	294	is replaced by molecule	SATD_4x4_HW_02	186	and was used	0	- times.

112 ns: Info: MONITOR: The fastest available molecule for SI No. 0 is:	SAD_16_HW_00	68
112 ns: Info: MONITOR: The fastest available molecule for SI No. 1 is:	HT_2X2_SW	100
112 ns: Info: MONITOR: The fastest available molecule for SI No. 2 is:	HT_4X4_HW_01	16
112 ns: Info: MONITOR: The fastest available molecule for SI No. 3 is:	MC_Hz4_SW	215
112 ns: Info: MONITOR: The fastest available molecule for SI No. 4 is:	IPred_HDC16x16_SW	249
112 ns: Info: MONITOR: The fastest available molecule for SI No. 5 is:	IPred_VDC16x16_SW	69
112 ns: Info: MONITOR: The fastest available molecule for SI No. 6 is:	LF_BS_4_4_HW_01	9
112 ns: Info: MONITOR: The fastest available molecule for SI No. 7 is:	SATD_4x4_HW_02	186
112 ns: Info: MONITOR: The fastest available molecule for SI No. 8 is:	DCT_4x4_SW	488
112 ns: Info: MONITOR: 

122 ns: Info: MONITOR: ATOM IN:	atom_Transform1	needed/available: 1/1 swap-in/swap-out: 1/0 --> DCT_4x4_HW_02 
122 ns: Info: MONITOR: Molecule	DCT_4x4_SW	488	is replaced by molecule	DCT_4x4_HW_02	21	and was used	0	- times.

122 ns: Info: MONITOR: The fastest available molecule for SI No. 0 is:	SAD_16_HW_00	68
122 ns: Info: MONITOR: The fastest available molecule for SI No. 1 is:	HT_2X2_SW	100
122 ns: Info: MONITOR: The fastest available molecule for SI No. 2 is:	HT_4X4_HW_01	16
122 ns: Info: MONITOR: The fastest available molecule for SI No. 3 is:	MC_Hz4_SW	215
122 ns: Info: MONITOR: The fastest available molecule for SI No. 4 is:	IPred_HDC16x16_SW	249
122 ns: Info: MONITOR: The fastest available molecule for SI No. 5 is:	IPred_VDC16x16_SW	69
122 ns: Info: MONITOR: The fastest available molecule for SI No. 6 is:	LF_BS_4_4_HW_01	9
122 ns: Info: MONITOR: The fastest available molecule for SI No. 7 is:	SATD_4x4_HW_02	186
122 ns: Info: MONITOR: The fastest available molecule for SI No. 8 is:	DCT_4x4_HW_02	21
122 ns: Info: MONITOR: 

132 ns: Info: MONITOR: ATOM IN:	atom_SATD	needed/available: 1/1 swap-in/swap-out: 1/0 --> SATD_4x4_HW_03 
132 ns: Info: MONITOR: Molecule	SATD_4x4_HW_02	186	is replaced by molecule	SATD_4x4_HW_03	22	and was used	0	- times.

132 ns: Info: MONITOR: The fastest available molecule for SI No. 0 is:	SAD_16_HW_00	68
132 ns: Info: MONITOR: The fastest available molecule for SI No. 1 is:	HT_2X2_SW	100
132 ns: Info: MONITOR: The fastest available molecule for SI No. 2 is:	HT_4X4_HW_01	16
132 ns: Info: MONITOR: The fastest available molecule for SI No. 3 is:	MC_Hz4_SW	215
132 ns: Info: MONITOR: The fastest available molecule for SI No. 4 is:	IPred_HDC16x16_SW	249
132 ns: Info: MONITOR: The fastest available molecule for SI No. 5 is:	IPred_VDC16x16_SW	69
132 ns: Info: MONITOR: The fastest available molecule for SI No. 6 is:	LF_BS_4_4_HW_01	9
132 ns: Info: MONITOR: The fastest available molecule for SI No. 7 is:	SATD_4x4_HW_03	22
132 ns: Info: MONITOR: The fastest available molecule for SI No. 8 is:	DCT_4x4_HW_02	21
132 ns: Info: MONITOR: 

142 ns: Info: MONITOR: ATOM IN:	atom_PointFilter	needed/available: 1/1 swap-in/swap-out: 1/0 --> MC_Hz4_HW_00 
142 ns: Info: MONITOR: Molecule	MC_Hz4_SW	215	is replaced by molecule	MC_Hz4_HW_00	103	and was used	0	- times.

142 ns: Info: MONITOR: The fastest available molecule for SI No. 0 is:	SAD_16_HW_00	68
142 ns: Info: MONITOR: The fastest available molecule for SI No. 1 is:	HT_2X2_SW	100
142 ns: Info: MONITOR: The fastest available molecule for SI No. 2 is:	HT_4X4_HW_01	16
142 ns: Info: MONITOR: The fastest available molecule for SI No. 3 is:	MC_Hz4_HW_00	103
142 ns: Info: MONITOR: The fastest available molecule for SI No. 4 is:	IPred_HDC16x16_SW	249
142 ns: Info: MONITOR: The fastest available molecule for SI No. 5 is:	IPred_VDC16x16_SW	69
142 ns: Info: MONITOR: The fastest available molecule for SI No. 6 is:	LF_BS_4_4_HW_01	9
142 ns: Info: MONITOR: The fastest available molecule for SI No. 7 is:	SATD_4x4_HW_03	22
142 ns: Info: MONITOR: The fastest available molecule for SI No. 8 is:	DCT_4x4_HW_02	21
142 ns: Info: MONITOR: 

250 us: Info: MONITOR: Molecule: 	SAD_16_HW_00	was used	1243	since in last timeframe
250 us: Info: MONITOR: Molecule: 	SATD_4x4_HW_03	was used	4608	since in last timeframe
250 us: Info: MONITOR:    SI usages in last timeframe  	1243	0	0	0	0	0	0	4608	0	

500 us: Info: MONITOR: Molecule: 	SAD_16_HW_00	was used	1236	since in last timeframe
500 us: Info: MONITOR: Molecule: 	SATD_4x4_HW_03	was used	4629	since in last timeframe
500 us: Info: MONITOR:    SI usages in last timeframe  	1236	0	0	0	0	0	0	4629	0	

750 us: Info: MONITOR: Molecule: 	SAD_16_HW_00	was used	1206	since in last timeframe
750 us: Info: MONITOR: Molecule: 	SATD_4x4_HW_03	was used	4711	since in last timeframe
750 us: Info: MONITOR:    SI usages in last timeframe  	1206	0	0	0	0	0	0	4711	0	

1 ms: Info: MONITOR: Molecule: 	SAD_16_HW_00	was used	1206	since in last timeframe
1 ms: Info: MONITOR: Molecule: 	SATD_4x4_HW_03	was used	4711	since in last timeframe
1 ms: Info: MONITOR:    SI usages in last timeframe  	1206	0	0	0	0	0	0	4711	0	

1250 us: Info: MONITOR: Molecule: 	SAD_16_HW_00	was used	1233	since in last timeframe
1250 us: Info: MONITOR: Molecule: 	SATD_4x4_HW_03	was used	4637	since in last timeframe
1250 us: Info: MONITOR:    SI usages in last timeframe  	1233	0	0	0	0	0	0	4637	0	

1500 us: Info: MONITOR: Molecule: 	SAD_16_HW_00	was used	509	since in last timeframe
1500 us: Info: MONITOR: Molecule: 	HT_2X2_SW	was used	160	since in last timeframe
1500 us: Info: MONITOR: Molecule: 	MC_Hz4_HW_00	was used	962	since in last timeframe
1500 us: Info: MONITOR: Molecule: 	SATD_4x4_HW_03	was used	2048	since in last timeframe
1500 us: Info: MONITOR: Molecule: 	DCT_4x4_HW_02	was used	480	since in last timeframe
1500 us: Info: MONITOR:    SI usages in last timeframe  	509	160	0	962	0	0	0	2048	480	

1750 us: Info: MONITOR: Molecule: 	HT_2X2_SW	was used	272	since in last timeframe
1750 us: Info: MONITOR: Molecule: 	MC_Hz4_HW_00	was used	1706	since in last timeframe
1750 us: Info: MONITOR: Molecule: 	DCT_4x4_HW_02	was used	816	since in last timeframe
1750 us: Info: MONITOR:    SI usages in last timeframe  	0	272	0	1706	0	0	0	0	816	

2 ms: Info: MONITOR: Molecule: 	HT_2X2_SW	was used	288	since in last timeframe
2 ms: Info: MONITOR: Molecule: 	MC_Hz4_HW_00	was used	1675	since in last timeframe
2 ms: Info: MONITOR: Molecule: 	DCT_4x4_HW_02	was used	864	since in last timeframe
2 ms: Info: MONITOR:    SI usages in last timeframe  	0	288	0	1675	0	0	0	0	864	

2250 us: Info: MONITOR: Molecule: 	HT_2X2_SW	was used	272	since in last timeframe
2250 us: Info: MONITOR: Molecule: 	MC_Hz4_HW_00	was used	1705	since in last timeframe
2250 us: Info: MONITOR: Molecule: 	DCT_4x4_HW_02	was used	817	since in last timeframe
2250 us: Info: MONITOR:    SI usages in last timeframe  	0	272	0	1705	0	0	0	0	817	

2500 us: Info: MONITOR: Molecule: 	HT_2X2_SW	was used	296	since in last timeframe
2500 us: Info: MONITOR: Molecule: 	HT_4X4_HW_01	was used	2	since in last timeframe
2500 us: Info: MONITOR: Molecule: 	MC_Hz4_HW_00	was used	1632	since in last timeframe
2500 us: Info: MONITOR: Molecule: 	IPred_HDC16x16_SW	was used	8	since in last timeframe
2500 us: Info: MONITOR: Molecule: 	IPred_VDC16x16_SW	was used	8	since in last timeframe
2500 us: Info: MONITOR: Molecule: 	DCT_4x4_HW_02	was used	901	since in last timeframe
2500 us: Info: MONITOR:    SI usages in last timeframe  	0	296	2	1632	8	8	0	0	901	

2750 us: Info: MONITOR: Molecule: 	HT_2X2_SW	was used	280	since in last timeframe
2750 us: Info: MONITOR: Molecule: 	MC_Hz4_HW_00	was used	1694	since in last timeframe
2750 us: Info: MONITOR: Molecule: 	DCT_4x4_HW_02	was used	826	since in last timeframe
2750 us: Info: MONITOR:    SI usages in last timeframe  	0	280	0	1694	0	0	0	0	826	

3 ms: Info: MONITOR: Molecule: 	SAD_16_HW_00	was used	852	since in last timeframe
3 ms: Info: MONITOR: Molecule: 	HT_2X2_SW	was used	16	since in last timeframe
3 ms: Info: MONITOR: Molecule: 	MC_Hz4_HW_00	was used	34	since in last timeframe
3 ms: Info: MONITOR: Molecule: 	LF_BS_4_4_HW_01	was used	3168	since in last timeframe
3 ms: Info: MONITOR: Molecule: 	SATD_4x4_HW_03	was used	3072	since in last timeframe
3 ms: Info: MONITOR: Molecule: 	DCT_4x4_HW_02	was used	48	since in last timeframe
3 ms: Info: MONITOR:    SI usages in last timeframe  	852	16	0	34	0	0	3168	3072	48	

3250 us: Info: MONITOR: Molecule: 	SAD_16_HW_00	was used	1225	since in last timeframe
3250 us: Info: MONITOR: Molecule: 	SATD_4x4_HW_03	was used	4659	since in last timeframe
3250 us: Info: MONITOR:    SI usages in last timeframe  	1225	0	0	0	0	0	0	4659	0	

3500 us: Info: MONITOR: Molecule: 	SAD_16_HW_00	was used	1206	since in last timeframe
3500 us: Info: MONITOR: Molecule: 	SATD_4x4_HW_03	was used	4712	since in last timeframe
3500 us: Info: MONITOR:    SI usages in last timeframe  	1206	0	0	0	0	0	0	4712	0	

3750 us: Info: MONITOR: Molecule: 	SAD_16_HW_00	was used	1206	since in last timeframe
3750 us: Info: MONITOR: Molecule: 	SATD_4x4_HW_03	was used	4709	since in last timeframe
3750 us: Info: MONITOR:    SI usages in last timeframe  	1206	0	0	0	0	0	0	4709	0	

4 ms: Info: MONITOR: Molecule: 	SAD_16_HW_00	was used	1244	since in last timeframe
4 ms: Info: MONITOR: Molecule: 	SATD_4x4_HW_03	was used	4608	since in last timeframe
4 ms: Info: MONITOR:    SI usages in last timeframe  	1244	0	0	0	0	0	0	4608	0	

4250 us: Info: MONITOR: Molecule: 	SAD_16_HW_00	was used	900	since in last timeframe
4250 us: Info: MONITOR: Molecule: 	HT_2X2_SW	was used	64	since in last timeframe
4250 us: Info: MONITOR: Molecule: 	MC_Hz4_HW_00	was used	422	since in last timeframe
4250 us: Info: MONITOR: Molecule: 	SATD_4x4_HW_03	was used	3584	since in last timeframe
4250 us: Info: MONITOR: Molecule: 	DCT_4x4_HW_02	was used	192	since in last timeframe
4250 us: Info: MONITOR:    SI usages in last timeframe  	900	64	0	422	0	0	0	3584	192	

4500 us: Info: MONITOR: Molecule: 	HT_2X2_SW	was used	280	since in last timeframe
4500 us: Info: MONITOR: Molecule: 	MC_Hz4_HW_00	was used	1690	since in last timeframe
4500 us: Info: MONITOR: Molecule: 	DCT_4x4_HW_02	was used	842	since in last timeframe
4500 us: Info: MONITOR:    SI usages in last timeframe  	0	280	0	1690	0	0	0	0	842	

4750 us: Info: MONITOR: Molecule: 	HT_2X2_SW	was used	280	since in last timeframe
4750 us: Info: MONITOR: Molecule: 	MC_Hz4_HW_00	was used	1691	since in last timeframe
4750 us: Info: MONITOR: Molecule: 	DCT_4x4_HW_02	was used	838	since in last timeframe
4750 us: Info: MONITOR:    SI usages in last timeframe  	0	280	0	1691	0	0	0	0	838	

5 ms: Info: MONITOR: Molecule: 	HT_2X2_SW	was used	288	since in last timeframe
5 ms: Info: MONITOR: Molecule: 	MC_Hz4_HW_00	was used	1675	since in last timeframe
5 ms: Info: MONITOR: Molecule: 	DCT_4x4_HW_02	was used	864	since in last timeframe
5 ms: Info: MONITOR:    SI usages in last timeframe  	0	288	0	1675	0	0	0	0	864	

5250 us: Info: MONITOR: Molecule: 	HT_2X2_SW	was used	272	since in last timeframe
5250 us: Info: MONITOR: Molecule: 	MC_Hz4_HW_00	was used	1705	since in last timeframe
5250 us: Info: MONITOR: Molecule: 	DCT_4x4_HW_02	was used	816	since in last timeframe
5250 us: Info: MONITOR:    SI usages in last timeframe  	0	272	0	1705	0	0	0	0	816	

5500 us: Info: MONITOR: Molecule: 	HT_2X2_SW	was used	288	since in last timeframe
5500 us: Info: MONITOR: Molecule: 	MC_Hz4_HW_00	was used	1675	since in last timeframe
5500 us: Info: MONITOR: Molecule: 	DCT_4x4_HW_02	was used	864	since in last timeframe
5500 us: Info: MONITOR:    SI usages in last timeframe  	0	288	0	1675	0	0	0	0	864	

5750 us: Info: MONITOR: Molecule: 	SAD_16_HW_00	was used	402	since in last timeframe
5750 us: Info: MONITOR: Molecule: 	HT_2X2_SW	was used	112	since in last timeframe
5750 us: Info: MONITOR: Molecule: 	MC_Hz4_HW_00	was used	646	since in last timeframe
5750 us: Info: MONITOR: Molecule: 	LF_BS_4_4_HW_01	was used	3168	since in last timeframe
5750 us: Info: MONITOR: Molecule: 	SATD_4x4_HW_03	was used	1440	since in last timeframe
5750 us: Info: MONITOR: Molecule: 	DCT_4x4_HW_02	was used	336	since in last timeframe
5750 us: Info: MONITOR:    SI usages in last timeframe  	402	112	0	646	0	0	3168	1440	336	

6 ms: Info: MONITOR: Molecule: 	SAD_16_HW_00	was used	1208	since in last timeframe
6 ms: Info: MONITOR: Molecule: 	SATD_4x4_HW_03	was used	4704	since in last timeframe
6 ms: Info: MONITOR:    SI usages in last timeframe  	1208	0	0	0	0	0	0	4704	0	

6250 us: Info: MONITOR: Molecule: 	SAD_16_HW_00	was used	1244	since in last timeframe
6250 us: Info: MONITOR: Molecule: 	SATD_4x4_HW_03	was used	4608	since in last timeframe
6250 us: Info: MONITOR:    SI usages in last timeframe  	1244	0	0	0	0	0	0	4608	0	

6500 us: Info: MONITOR: Molecule: 	SAD_16_HW_00	was used	1233	since in last timeframe
6500 us: Info: MONITOR: Molecule: 	SATD_4x4_HW_03	was used	4639	since in last timeframe
6500 us: Info: MONITOR:    SI usages in last timeframe  	1233	0	0	0	0	0	0	4639	0	

6750 us: Info: MONITOR: Molecule: 	SAD_16_HW_00	was used	1206	since in last timeframe
6750 us: Info: MONITOR: Molecule: 	SATD_4x4_HW_03	was used	4711	since in last timeframe
6750 us: Info: MONITOR:    SI usages in last timeframe  	1206	0	0	0	0	0	0	4711	0	

7 ms: Info: MONITOR: Molecule: 	SAD_16_HW_00	was used	1206	since in last timeframe
7 ms: Info: MONITOR: Molecule: 	SATD_4x4_HW_03	was used	4711	since in last timeframe
7 ms: Info: MONITOR:    SI usages in last timeframe  	1206	0	0	0	0	0	0	4711	0	

7250 us: Info: MONITOR: Molecule: 	SAD_16_HW_00	was used	134	since in last timeframe
7250 us: Info: MONITOR: Molecule: 	HT_2X2_SW	was used	240	since in last timeframe
7250 us: Info: MONITOR: Molecule: 	MC_Hz4_HW_00	was used	1516	since in last timeframe
7250 us: Info: MONITOR: Molecule: 	SATD_4x4_HW_03	was used	531	since in last timeframe
7250 us: Info: MONITOR: Molecule: 	DCT_4x4_HW_02	was used	720	since in last timeframe
7250 us: Info: MONITOR:    SI usages in last timeframe  	134	240	0	1516	0	0	0	531	720	

7500 us: Info: MONITOR: Molecule: 	HT_2X2_SW	was used	288	since in last timeframe
7500 us: Info: MONITOR: Molecule: 	MC_Hz4_HW_00	was used	1675	since in last timeframe
7500 us: Info: MONITOR: Molecule: 	DCT_4x4_HW_02	was used	864	since in last timeframe
7500 us: Info: MONITOR:    SI usages in last timeframe  	0	288	0	1675	0	0	0	0	864	

7750 us: Info: MONITOR: Molecule: 	HT_2X2_SW	was used	272	since in last timeframe
7750 us: Info: MONITOR: Molecule: 	MC_Hz4_HW_00	was used	1705	since in last timeframe
7750 us: Info: MONITOR: Molecule: 	DCT_4x4_HW_02	was used	817	since in last timeframe
7750 us: Info: MONITOR:    SI usages in last timeframe  	0	272	0	1705	0	0	0	0	817	

8 ms: Info: MONITOR: Molecule: 	HT_2X2_SW	was used	288	since in last timeframe
8 ms: Info: MONITOR: Molecule: 	MC_Hz4_HW_00	was used	1675	since in last timeframe
8 ms: Info: MONITOR: Molecule: 	DCT_4x4_HW_02	was used	863	since in last timeframe
8 ms: Info: MONITOR:    SI usages in last timeframe  	0	288	0	1675	0	0	0	0	863	

8250 us: Info: MONITOR: Molecule: 	HT_2X2_SW	was used	280	since in last timeframe
8250 us: Info: MONITOR: Molecule: 	MC_Hz4_HW_00	was used	1685	since in last timeframe
8250 us: Info: MONITOR: Molecule: 	DCT_4x4_HW_02	was used	861	since in last timeframe
8250 us: Info: MONITOR:    SI usages in last timeframe  	0	280	0	1685	0	0	0	0	861	

8500 us: Info: MONITOR: Molecule: 	HT_2X2_SW	was used	216	since in last timeframe
8500 us: Info: MONITOR: Molecule: 	MC_Hz4_HW_00	was used	1248	since in last timeframe
8500 us: Info: MONITOR: Molecule: 	LF_BS_4_4_HW_01	was used	2740	since in last timeframe
8500 us: Info: MONITOR: Molecule: 	DCT_4x4_HW_02	was used	627	since in last timeframe
8500 us: Info: MONITOR:    SI usages in last timeframe  	0	216	0	1248	0	0	2740	0	627	

8750 us: Info: MONITOR: Molecule: 	SAD_16_HW_00	was used	1206	since in last timeframe
8750 us: Info: MONITOR: Molecule: 	LF_BS_4_4_HW_01	was used	428	since in last timeframe
8750 us: Info: MONITOR: Molecule: 	SATD_4x4_HW_03	was used	4388	since in last timeframe
8750 us: Info: MONITOR:    SI usages in last timeframe  	1206	0	0	0	0	0	428	4388	0	

9 ms: Info: MONITOR: Molecule: 	SAD_16_HW_00	was used	1206	since in last timeframe
9 ms: Info: MONITOR: Molecule: 	SATD_4x4_HW_03	was used	4712	since in last timeframe
9 ms: Info: MONITOR:    SI usages in last timeframe  	1206	0	0	0	0	0	0	4712	0	

9250 us: Info: MONITOR: Molecule: 	SAD_16_HW_00	was used	1206	since in last timeframe
9250 us: Info: MONITOR: Molecule: 	SATD_4x4_HW_03	was used	4711	since in last timeframe
9250 us: Info: MONITOR:    SI usages in last timeframe  	1206	0	0	0	0	0	0	4711	0	

9500 us: Info: MONITOR: Molecule: 	SAD_16_HW_00	was used	1239	since in last timeframe
9500 us: Info: MONITOR: Molecule: 	SATD_4x4_HW_03	was used	4621	since in last timeframe
9500 us: Info: MONITOR:    SI usages in last timeframe  	1239	0	0	0	0	0	0	4621	0	

9750 us: Info: MONITOR: Molecule: 	SAD_16_HW_00	was used	1240	since in last timeframe
9750 us: Info: MONITOR: Molecule: 	SATD_4x4_HW_03	was used	4618	since in last timeframe
9750 us: Info: MONITOR:    SI usages in last timeframe  	1240	0	0	0	0	0	0	4618	0	

10 ms: Info: MONITOR: Molecule: 	SAD_16_HW_00	was used	536	since in last timeframe
10 ms: Info: MONITOR: Molecule: 	HT_2X2_SW	was used	144	since in last timeframe
10 ms: Info: MONITOR: Molecule: 	MC_Hz4_HW_00	was used	904	since in last timeframe
10 ms: Info: MONITOR: Molecule: 	SATD_4x4_HW_03	was used	2294	since in last timeframe
10 ms: Info: MONITOR: Molecule: 	DCT_4x4_HW_02	was used	432	since in last timeframe
10 ms: Info: MONITOR:    SI usages in last timeframe  	536	144	0	904	0	0	0	2294	432	

10250 us: Info: MONITOR: Molecule: 	HT_2X2_SW	was used	288	since in last timeframe
10250 us: Info: MONITOR: Molecule: 	HT_4X4_HW_01	was used	2	since in last timeframe
10250 us: Info: MONITOR: Molecule: 	MC_Hz4_HW_00	was used	1651	since in last timeframe
10250 us: Info: MONITOR: Molecule: 	IPred_HDC16x16_SW	was used	8	since in last timeframe
10250 us: Info: MONITOR: Molecule: 	IPred_VDC16x16_SW	was used	8	since in last timeframe
10250 us: Info: MONITOR: Molecule: 	DCT_4x4_HW_02	was used	864	since in last timeframe
10250 us: Info: MONITOR:    SI usages in last timeframe  	0	288	2	1651	8	8	0	0	864	

10500 us: Info: MONITOR: Molecule: 	HT_2X2_SW	was used	288	since in last timeframe
10500 us: Info: MONITOR: Molecule: 	MC_Hz4_HW_00	was used	1674	since in last timeframe
10500 us: Info: MONITOR: Molecule: 	DCT_4x4_HW_02	was used	864	since in last timeframe
10500 us: Info: MONITOR:    SI usages in last timeframe  	0	288	0	1674	0	0	0	0	864	

10750 us: Info: MONITOR: Molecule: 	HT_2X2_SW	was used	272	since in last timeframe
10750 us: Info: MONITOR: Molecule: 	MC_Hz4_HW_00	was used	1706	since in last timeframe
10750 us: Info: MONITOR: Molecule: 	DCT_4x4_HW_02	was used	816	since in last timeframe
10750 us: Info: MONITOR:    SI usages in last timeframe  	0	272	0	1706	0	0	0	0	816	

11 ms: Info: MONITOR: Molecule: 	HT_2X2_SW	was used	288	since in last timeframe
11 ms: Info: MONITOR: Molecule: 	MC_Hz4_HW_00	was used	1675	since in last timeframe
11 ms: Info: MONITOR: Molecule: 	DCT_4x4_HW_02	was used	864	since in last timeframe
11 ms: Info: MONITOR:    SI usages in last timeframe  	0	288	0	1675	0	0	0	0	864	

11250 us: Info: MONITOR: Molecule: 	HT_2X2_SW	was used	272	since in last timeframe
11250 us: Info: MONITOR: Molecule: 	MC_Hz4_HW_00	was used	1702	since in last timeframe
11250 us: Info: MONITOR: Molecule: 	DCT_4x4_HW_02	was used	829	since in last timeframe
11250 us: Info: MONITOR:    SI usages in last timeframe  	0	272	0	1702	0	0	0	0	829	

11500 us: Info: MONITOR: Molecule: 	SAD_16_HW_00	was used	804	since in last timeframe
11500 us: Info: MONITOR: Molecule: 	HT_2X2_SW	was used	32	since in last timeframe
11500 us: Info: MONITOR: Molecule: 	MC_Hz4_HW_00	was used	96	since in last timeframe
11500 us: Info: MONITOR: Molecule: 	LF_BS_4_4_HW_01	was used	3168	since in last timeframe
11500 us: Info: MONITOR: Molecule: 	SATD_4x4_HW_03	was used	2883	since in last timeframe
11500 us: Info: MONITOR: Molecule: 	DCT_4x4_HW_02	was used	83	since in last timeframe
11500 us: Info: MONITOR:    SI usages in last timeframe  	804	32	0	96	0	0	3168	2883	83	

11750 us: Info: MONITOR: Molecule: 	SAD_16_HW_00	was used	1206	since in last timeframe
11750 us: Info: MONITOR: Molecule: 	SATD_4x4_HW_03	was used	4712	since in last timeframe
11750 us: Info: MONITOR:    SI usages in last timeframe  	1206	0	0	0	0	0	0	4712	0	

12 ms: Info: MONITOR: Molecule: 	SAD_16_HW_00	was used	1212	since in last timeframe
12 ms: Info: MONITOR: Molecule: 	SATD_4x4_HW_03	was used	4693	since in last timeframe
12 ms: Info: MONITOR:    SI usages in last timeframe  	1212	0	0	0	0	0	0	4693	0	

12250 us: Info: MONITOR: Molecule: 	SAD_16_HW_00	was used	1244	since in last timeframe
12250 us: Info: MONITOR: Molecule: 	SATD_4x4_HW_03	was used	4608	since in last timeframe
12250 us: Info: MONITOR:    SI usages in last timeframe  	1244	0	0	0	0	0	0	4608	0	

12500 us: Info: MONITOR: Molecule: 	SAD_16_HW_00	was used	1229	since in last timeframe
12500 us: Info: MONITOR: Molecule: 	SATD_4x4_HW_03	was used	4649	since in last timeframe
12500 us: Info: MONITOR:    SI usages in last timeframe  	1229	0	0	0	0	0	0	4649	0	

12750 us: Info: MONITOR: Molecule: 	SAD_16_HW_00	was used	938	since in last timeframe
12750 us: Info: MONITOR: Molecule: 	HT_2X2_SW	was used	48	since in last timeframe
12750 us: Info: MONITOR: Molecule: 	MC_Hz4_HW_00	was used	364	since in last timeframe
12750 us: Info: MONITOR: Molecule: 	SATD_4x4_HW_03	was used	3799	since in last timeframe
12750 us: Info: MONITOR: Molecule: 	DCT_4x4_HW_02	was used	144	since in last timeframe
12750 us: Info: MONITOR:    SI usages in last timeframe  	938	48	0	364	0	0	0	3799	144	

13 ms: Info: MONITOR: Molecule: 	HT_2X2_SW	was used	288	since in last timeframe
13 ms: Info: MONITOR: Molecule: 	MC_Hz4_HW_00	was used	1675	since in last timeframe
13 ms: Info: MONITOR: Molecule: 	DCT_4x4_HW_02	was used	864	since in last timeframe
13 ms: Info: MONITOR:    SI usages in last timeframe  	0	288	0	1675	0	0	0	0	864	

13250 us: Info: MONITOR: Molecule: 	HT_2X2_SW	was used	272	since in last timeframe
13250 us: Info: MONITOR: Molecule: 	MC_Hz4_HW_00	was used	1705	since in last timeframe
13250 us: Info: MONITOR: Molecule: 	DCT_4x4_HW_02	was used	816	since in last timeframe
13250 us: Info: MONITOR:    SI usages in last timeframe  	0	272	0	1705	0	0	0	0	816	

13500 us: Info: MONITOR: Molecule: 	HT_2X2_SW	was used	288	since in last timeframe
13500 us: Info: MONITOR: Molecule: 	MC_Hz4_HW_00	was used	1675	since in last timeframe
13500 us: Info: MONITOR: Molecule: 	DCT_4x4_HW_02	was used	864	since in last timeframe
13500 us: Info: MONITOR:    SI usages in last timeframe  	0	288	0	1675	0	0	0	0	864	

13750 us: Info: MONITOR: Molecule: 	HT_2X2_SW	was used	280	since in last timeframe
13750 us: Info: MONITOR: Molecule: 	MC_Hz4_HW_00	was used	1685	since in last timeframe
13750 us: Info: MONITOR: Molecule: 	DCT_4x4_HW_02	was used	861	since in last timeframe
13750 us: Info: MONITOR:    SI usages in last timeframe  	0	280	0	1685	0	0	0	0	861	

14 ms: Info: MONITOR: Molecule: 	HT_2X2_SW	was used	280	since in last timeframe
14 ms: Info: MONITOR: Molecule: 	MC_Hz4_HW_00	was used	1696	since in last timeframe
14 ms: Info: MONITOR: Molecule: 	DCT_4x4_HW_02	was used	819	since in last timeframe
14 ms: Info: MONITOR:    SI usages in last timeframe  	0	280	0	1696	0	0	0	0	819	

14180731 ns: Info: RotationsManager: 
TOTAL: Branches              308284
       Fetch Stalls:         11101747
       Decode Stalls:        0
       EXE Stage Stalls:     67490
       Load/Store Stalls:    50703
       Write Back Stalls:    0
       Cycles (total):       14180731
       Instructions fetched: 2960791

14180731 ns: Info: RotationsManager: Gesamtdauer: 30.57 Sekunden.
14180731 ns: Info: RotationsManager: Cleaning up Pipeline

14180731 ns: Info: MONITOR: 
PREDICTION TABLE
Node       | Backups    | E    | Insns      | Function Type Predictions                                                                                 |
0x290      |          0 | 0.00 | 6633.0	1584.0	2.0	9420.0	7.0	7.0	3168.0	25344.0	4752.0	



SETTINGS
  + slots:              9
  + time per atom:      10
  + TD prediction       
    - lambda:           0.0
    - gamma:            0.0
    - alpha:            0.0
    - e_min:            0.0

CYCLE COUNT
  + fastest possible:   7234105
  + slowest possible:   264515021
  + this run:           14180732
    - cycles saved (%): 250334289 (94.6 %)
    - cycles lost (%) : 6946627 (96.0 %)
  + basic ops:          2824216
  + ad-hoc stalls:      0
    - tot. # specops:   0

EXECUTION COUNT
  + forecast bursts:    1
  + specop execs:       254769
    - HW executions:    246817
    - SW executions:    7952
    - coverage:         96.9 %

ATOM SWAP-IN / SWAP-OUT
  + swap-ins:           9
  + swap-out:           0

BRANCH AND BOUND
  + tot. # possible:    653184
  + tot. # checked:     10
  + checked %:          0.0 %

COUNTS PER 10000 INSTRUCTIONS
fb: forecast bursts
#SI: total # of Special Instructions
#hw: # executed HW-Molecules
#sw: # executed SW-Molecules
la: loaded atoms (finish time [cycle])
s-out: swapped-out atoms
cycle	fb	#SI	#hw	#sw	la	s-out	possible	checked	adhoc_w	adhoc_t
37723	1	857	857	0	atom_SAD4(83) atom_SATD(133) atom_Transform1(123) atom_Transform2(103) atom_PackLSBMSB(93) atom_QuadSub(113) atom_PointFilter(143) atom_Cond(63) atom_LF(73) 	 	653184	10	0
75571	0	864	864	0	 	 	0	0	0
111952	0	888	888	0	 	 	0	0	0
148894	0	880	880	0	 	 	0	0	0
186721	0	863	863	0	 	 	0	0	0
224152	0	871	871	0	 	 	0	0	0
260064	0	898	898	0	 	 	0	0	0
297892	0	863	863	0	 	 	0	0	0
335740	0	864	864	0	 	 	0	0	0
371857	0	891	891	0	 	 	0	0	0
409042	0	876	876	0	 	 	0	0	0
446890	0	864	864	0	 	 	0	0	0
484057	0	874	874	0	 	 	0	0	0
520192	0	893	893	0	 	 	0	0	0
558040	0	864	864	0	 	 	0	0	0
595847	0	863	863	0	 	 	0	0	0
631761	0	896	896	0	 	 	0	0	0
669211	0	873	873	0	 	 	0	0	0
707018	0	862	862	0	 	 	0	0	0
743961	0	879	879	0	 	 	0	0	0
780361	0	890	890	0	 	 	0	0	0
818189	0	863	863	0	 	 	0	0	0
856016	0	863	863	0	 	 	0	0	0
891665	0	900	900	0	 	 	0	0	0
929359	0	869	869	0	 	 	0	0	0
967187	0	863	863	0	 	 	0	0	0
1003865	0	882	882	0	 	 	0	0	0
1040530	0	887	887	0	 	 	0	0	0
1078337	0	862	862	0	 	 	0	0	0
1116065	0	865	865	0	 	 	0	0	0
1151680	0	904	904	0	 	 	0	0	0
1189487	0	862	862	0	 	 	0	0	0
1227335	0	864	864	0	 	 	0	0	0
1263769	0	886	886	0	 	 	0	0	0
1300658	0	882	882	0	 	 	0	0	0
1338506	0	864	864	0	 	 	0	0	0
1396843	0	906	874	32	 	 	0	0	0
1475040	0	895	799	96	 	 	0	0	0
1555158	0	904	816	88	 	 	0	0	0
1636616	0	902	814	88	 	 	0	0	0
1714548	0	894	798	96	 	 	0	0	0
1796018	0	910	827	83	 	 	0	0	0
1876226	0	897	804	93	 	 	0	0	0
1954598	0	899	804	95	 	 	0	0	0
2036983	0	907	826	81	 	 	0	0	0
2115836	0	895	799	96	 	 	0	0	0
2195299	0	904	816	88	 	 	0	0	0
2277412	0	902	814	88	 	 	0	0	0
2355881	0	897	785	112	 	 	0	0	0
2434406	0	895	799	96	 	 	0	0	0
2514196	0	904	816	88	 	 	0	0	0
2595982	0	902	814	88	 	 	0	0	0
2674016	0	895	799	96	 	 	0	0	0
2755180	0	907	822	85	 	 	0	0	0
2771763	0	655	644	11	 	 	0	0	0
2786999	0	652	652	0	 	 	0	0	0
2802228	0	651	651	0	 	 	0	0	0
2817464	0	652	652	0	 	 	0	0	0
2835850	0	645	645	0	 	 	0	0	0
2871881	0	897	897	0	 	 	0	0	0
2909688	0	862	862	0	 	 	0	0	0
2947536	0	864	864	0	 	 	0	0	0
2983554	0	893	893	0	 	 	0	0	0
3020838	0	875	875	0	 	 	0	0	0
3058707	0	864	864	0	 	 	0	0	0
3095754	0	875	875	0	 	 	0	0	0
3132009	0	892	892	0	 	 	0	0	0
3169857	0	864	864	0	 	 	0	0	0
3207705	0	864	864	0	 	 	0	0	0
3243458	0	897	897	0	 	 	0	0	0
3281007	0	870	870	0	 	 	0	0	0
3318855	0	864	864	0	 	 	0	0	0
3355658	0	880	880	0	 	 	0	0	0
3392178	0	888	888	0	 	 	0	0	0
3430026	0	864	864	0	 	 	0	0	0
3467833	0	862	862	0	 	 	0	0	0
3503429	0	902	902	0	 	 	0	0	0
3541176	0	867	867	0	 	 	0	0	0
3578983	0	862	862	0	 	 	0	0	0
3615629	0	885	885	0	 	 	0	0	0
3652326	0	884	884	0	 	 	0	0	0
3690133	0	863	863	0	 	 	0	0	0
3727829	0	867	867	0	 	 	0	0	0
3763497	0	902	902	0	 	 	0	0	0
3801304	0	862	862	0	 	 	0	0	0
3839152	0	864	864	0	 	 	0	0	0
3875533	0	888	888	0	 	 	0	0	0
3912475	0	880	880	0	 	 	0	0	0
3950302	0	863	863	0	 	 	0	0	0
3987733	0	871	871	0	 	 	0	0	0
4023645	0	898	898	0	 	 	0	0	0
4061473	0	863	863	0	 	 	0	0	0
4099321	0	864	864	0	 	 	0	0	0
4135438	0	891	891	0	 	 	0	0	0
4172623	0	876	876	0	 	 	0	0	0
4233001	0	891	843	48	 	 	0	0	0
4314371	0	909	827	82	 	 	0	0	0
4394577	0	897	803	94	 	 	0	0	0
4473050	0	900	805	95	 	 	0	0	0
4555416	0	906	825	81	 	 	0	0	0
4634187	0	895	799	96	 	 	0	0	0
4713731	0	904	816	88	 	 	0	0	0
4795763	0	902	814	88	 	 	0	0	0
4873797	0	895	799	96	 	 	0	0	0
4954856	0	906	819	87	 	 	0	0	0
5035373	0	900	811	89	 	 	0	0	0
5113305	0	894	798	96	 	 	0	0	0
5195557	0	912	832	80	 	 	0	0	0
5274983	0	895	799	96	 	 	0	0	0
5353872	0	904	816	88	 	 	0	0	0
5436559	0	902	814	88	 	 	0	0	0
5514593	0	895	799	96	 	 	0	0	0
5595039	0	904	816	88	 	 	0	0	0
5611274	0	654	646	8	 	 	0	0	0
5626510	0	652	652	0	 	 	0	0	0
5641739	0	651	651	0	 	 	0	0	0
5656975	0	652	652	0	 	 	0	0	0
5675781	0	645	645	0	 	 	0	0	0
5711547	0	900	900	0	 	 	0	0	0
5749395	0	864	864	0	 	 	0	0	0
5787202	0	862	862	0	 	 	0	0	0
5823485	0	890	890	0	 	 	0	0	0
5860545	0	880	880	0	 	 	0	0	0
5898373	0	862	862	0	 	 	0	0	0
5935685	0	872	872	0	 	 	0	0	0
5971716	0	897	897	0	 	 	0	0	0
6009523	0	862	862	0	 	 	0	0	0
6047371	0	864	864	0	 	 	0	0	0
6083389	0	893	893	0	 	 	0	0	0
6120673	0	874	874	0	 	 	0	0	0
6158521	0	864	864	0	 	 	0	0	0
6195589	0	876	876	0	 	 	0	0	0
6231844	0	892	892	0	 	 	0	0	0
6269692	0	864	864	0	 	 	0	0	0
6307540	0	864	864	0	 	 	0	0	0
6343293	0	896	896	0	 	 	0	0	0
6380842	0	871	871	0	 	 	0	0	0
6418690	0	864	864	0	 	 	0	0	0
6455493	0	879	879	0	 	 	0	0	0
6491992	0	888	888	0	 	 	0	0	0
6529840	0	865	865	0	 	 	0	0	0
6567668	0	862	862	0	 	 	0	0	0
6603197	0	902	902	0	 	 	0	0	0
6641011	0	867	867	0	 	 	0	0	0
6678818	0	862	862	0	 	 	0	0	0
6715397	0	885	885	0	 	 	0	0	0
6752161	0	884	884	0	 	 	0	0	0
6789968	0	862	862	0	 	 	0	0	0
6827597	0	868	868	0	 	 	0	0	0
6863311	0	902	902	0	 	 	0	0	0
6901139	0	862	862	0	 	 	0	0	0
6938987	0	864	864	0	 	 	0	0	0
6975368	0	888	888	0	 	 	0	0	0
7012310	0	880	880	0	 	 	0	0	0
7073476	0	890	842	48	 	 	0	0	0
7154434	0	905	817	88	 	 	0	0	0
7235154	0	902	814	88	 	 	0	0	0
7313086	0	894	798	96	 	 	0	0	0
7395072	0	911	831	80	 	 	0	0	0
7474764	0	896	800	96	 	 	0	0	0
7553548	0	903	813	90	 	 	0	0	0
7636239	0	903	817	86	 	 	0	0	0
7714272	0	894	798	96	 	 	0	0	0
7794574	0	905	817	88	 	 	0	0	0
7875950	0	902	814	88	 	 	0	0	0
7953882	0	894	798	96	 	 	0	0	0
8035354	0	910	828	82	 	 	0	0	0
8115560	0	897	803	94	 	 	0	0	0
8193933	0	899	805	94	 	 	0	0	0
8276379	0	907	825	82	 	 	0	0	0
8355068	0	894	798	96	 	 	0	0	0
8434714	0	905	817	88	 	 	0	0	0
8450785	0	650	642	8	 	 	0	0	0
8466014	0	651	651	0	 	 	0	0	0
8481250	0	652	652	0	 	 	0	0	0
8496486	0	652	652	0	 	 	0	0	0
8515711	0	645	645	0	 	 	0	0	0
8551213	0	903	903	0	 	 	0	0	0
8589061	0	864	864	0	 	 	0	0	0
8626909	0	864	864	0	 	 	0	0	0
8663416	0	885	885	0	 	 	0	0	0
8700211	0	883	883	0	 	 	0	0	0
8738080	0	864	864	0	 	 	0	0	0
8775616	0	867	867	0	 	 	0	0	0
8811382	0	900	900	0	 	 	0	0	0
8849230	0	864	864	0	 	 	0	0	0
8887037	0	862	862	0	 	 	0	0	0
8923320	0	890	890	0	 	 	0	0	0
8960380	0	879	879	0	 	 	0	0	0
8998187	0	862	862	0	 	 	0	0	0
9035520	0	873	873	0	 	 	0	0	0
9071551	0	897	897	0	 	 	0	0	0
9109358	0	862	862	0	 	 	0	0	0
9147206	0	864	864	0	 	 	0	0	0
9183224	0	893	893	0	 	 	0	0	0
9220508	0	874	874	0	 	 	0	0	0
9258356	0	864	864	0	 	 	0	0	0
9295424	0	876	876	0	 	 	0	0	0
9331679	0	892	892	0	 	 	0	0	0
9369506	0	864	864	0	 	 	0	0	0
9407375	0	864	864	0	 	 	0	0	0
9443128	0	896	896	0	 	 	0	0	0
9480677	0	871	871	0	 	 	0	0	0
9518525	0	864	864	0	 	 	0	0	0
9555328	0	879	879	0	 	 	0	0	0
9591827	0	888	888	0	 	 	0	0	0
9629675	0	864	864	0	 	 	0	0	0
9667482	0	862	862	0	 	 	0	0	0
9703032	0	902	902	0	 	 	0	0	0
9740846	0	868	868	0	 	 	0	0	0
9778653	0	862	862	0	 	 	0	0	0
9815232	0	884	884	0	 	 	0	0	0
9851996	0	885	885	0	 	 	0	0	0
9914053	0	890	842	48	 	 	0	0	0
9994089	0	905	817	88	 	 	0	0	0
10071901	0	896	783	113	 	 	0	0	0
10154691	0	903	816	87	 	 	0	0	0
10232725	0	895	799	96	 	 	0	0	0
10313007	0	904	816	88	 	 	0	0	0
10394301	0	902	814	88	 	 	0	0	0
10472233	0	894	798	96	 	 	0	0	0
10553806	0	911	829	82	 	 	0	0	0
10633911	0	896	802	94	 	 	0	0	0
10712385	0	900	806	94	 	 	0	0	0
10794832	0	906	824	82	 	 	0	0	0
10873521	0	895	799	96	 	 	0	0	0
10953147	0	904	816	88	 	 	0	0	0
11035097	0	902	814	88	 	 	0	0	0
11113029	0	894	798	96	 	 	0	0	0
11194191	0	907	821	86	 	 	0	0	0
11268252	0	876	786	90	 	 	0	0	0
11283488	0	652	652	0	 	 	0	0	0
11298717	0	651	651	0	 	 	0	0	0
11313953	0	652	652	0	 	 	0	0	0
11329189	0	652	652	0	 	 	0	0	0
11349876	0	675	675	0	 	 	0	0	0
11387313	0	869	869	0	 	 	0	0	0
11423178	0	898	898	0	 	 	0	0	0
11461026	0	865	865	0	 	 	0	0	0
11498895	0	864	864	0	 	 	0	0	0
11535017	0	890	890	0	 	 	0	0	0
11572197	0	877	877	0	 	 	0	0	0
11610045	0	864	864	0	 	 	0	0	0
11647217	0	873	873	0	 	 	0	0	0
11683347	0	894	894	0	 	 	0	0	0
11721195	0	864	864	0	 	 	0	0	0
11759002	0	862	862	0	 	 	0	0	0
11794988	0	896	896	0	 	 	0	0	0
11832366	0	874	874	0	 	 	0	0	0
11870173	0	862	862	0	 	 	0	0	0
11907188	0	878	878	0	 	 	0	0	0
11943516	0	891	891	0	 	 	0	0	0
11981323	0	862	862	0	 	 	0	0	0
12019171	0	864	864	0	 	 	0	0	0
12054892	0	899	899	0	 	 	0	0	0
12092473	0	868	868	0	 	 	0	0	0
12130321	0	865	865	0	 	 	0	0	0
12167092	0	881	881	0	 	 	0	0	0
12203644	0	886	886	0	 	 	0	0	0
12241492	0	864	864	0	 	 	0	0	0
12279292	0	864	864	0	 	 	0	0	0
12314794	0	903	903	0	 	 	0	0	0
12352642	0	864	864	0	 	 	0	0	0
12390490	0	864	864	0	 	 	0	0	0
12426997	0	885	885	0	 	 	0	0	0
12463792	0	883	883	0	 	 	0	0	0
12501661	0	864	864	0	 	 	0	0	0
12539197	0	867	867	0	 	 	0	0	0
12574963	0	900	900	0	 	 	0	0	0
12612811	0	864	864	0	 	 	0	0	0
12650618	0	862	862	0	 	 	0	0	0
12686901	0	890	890	0	 	 	0	0	0
12753383	0	904	853	51	 	 	0	0	0
12833692	0	898	805	93	 	 	0	0	0
12912062	0	899	803	96	 	 	0	0	0
12994347	0	907	827	80	 	 	0	0	0
13073200	0	894	798	96	 	 	0	0	0
13152663	0	904	816	88	 	 	0	0	0
13234878	0	903	815	88	 	 	0	0	0
13312810	0	894	798	96	 	 	0	0	0
13393868	0	906	818	88	 	 	0	0	0
13474488	0	901	813	88	 	 	0	0	0
13552420	0	894	798	96	 	 	0	0	0
13634488	0	911	831	80	 	 	0	0	0
13713996	0	895	799	96	 	 	0	0	0
13792883	0	904	815	89	 	 	0	0	0
13875674	0	903	816	87	 	 	0	0	0
13953606	0	894	798	96	 	 	0	0	0
14033970	0	905	817	88	 	 	0	0	0
14107763	0	874	786	88	 	 	0	0	0
14122999	0	652	652	0	 	 	0	0	0
14138228	0	651	651	0	 	 	0	0	0
14153464	0	652	652	0	 	 	0	0	0
14168701	0	652	652	0	 	 	0	0	0
ATOMS
  atom_SAD4	needed/available: 1/1 swap-in/swap-out: 1/0 --> SAD_16_HW_00 
  atom_SATD	needed/available: 1/1 swap-in/swap-out: 1/0 --> SATD_4x4_HW_03 
  atom_Transform1	needed/available: 1/1 swap-in/swap-out: 1/0 --> DCT_4x4_HW_02 
  atom_Transform2	needed/available: 1/1 swap-in/swap-out: 1/0 --> HT_4X4_HW_01 SATD_4x4_HW_03 
  atom_Transform3	needed/available: 0/0 swap-in/swap-out: 0/0 
  atom_PackLSBMSB	needed/available: 1/1 swap-in/swap-out: 1/0 --> HT_4X4_HW_01 SATD_4x4_HW_03 DCT_4x4_HW_02 
  atom_QuadSub	needed/available: 1/1 swap-in/swap-out: 1/0 --> SATD_4x4_HW_03 DCT_4x4_HW_02 
  atom_BytePack	needed/available: 0/0 swap-in/swap-out: 0/0 
  atom_PointFilter	needed/available: 1/1 swap-in/swap-out: 1/0 --> MC_Hz4_HW_00 
  atom_Clip3	needed/available: 0/0 swap-in/swap-out: 0/0 
  atom_PackLBytes	needed/available: 0/0 swap-in/swap-out: 0/0 
  atom_CollapseAdd	needed/available: 0/0 swap-in/swap-out: 0/0 
  atom_Cond	needed/available: 1/1 swap-in/swap-out: 1/0 --> LF_BS_4_4_HW_01 
  atom_LF	needed/available: 1/1 swap-in/swap-out: 1/0 --> LF_BS_4_4_HW_01 
MOLECULES
  <0>	*SAD_16_HW_00        : 1x[atom_SAD4]  (L, Execs)=	68	33165
  <0>	 SAD_16_HW_01        : 2x[atom_SAD4]  (L, Execs)=	37	0
  <0>	*SAD_16_SW           :  (L, Execs)=	4673	0
  <1>	 HT_2X2_HW_00        : 1x[atom_Transform3]  (L, Execs)=	5	0
  <1>	*HT_2X2_SW           :  (L, Execs)=	100	7920
  <2>	*HT_4X4_HW_00        : 1x[atom_Transform2]  (L, Execs)=	104	0
  <2>	*HT_4X4_HW_01        : 1x[atom_Transform2] 1x[atom_PackLSBMSB]  (L, Execs)=	16	4
  <2>	 HT_4X4_HW_02        : 2x[atom_Transform2] 1x[atom_PackLSBMSB]  (L, Execs)=	14	0
  <2>	 HT_4X4_HW_03        : 2x[atom_Transform2] 2x[atom_PackLSBMSB]  (L, Execs)=	10	0
  <2>	 HT_4X4_HW_04        : 4x[atom_Transform2] 4x[atom_PackLSBMSB]  (L, Execs)=	8	0
  <2>	*HT_4X4_SW           :  (L, Execs)=	298	0
  <3>	*MC_Hz4_HW_00        : 1x[atom_PointFilter]  (L, Execs)=	103	47328
  <3>	 MC_Hz4_HW_01        : 1x[atom_PointFilter] 1x[atom_Clip3]  (L, Execs)=	26	0
  <3>	 MC_Hz4_HW_02        : 1x[atom_BytePack] 1x[atom_PointFilter] 1x[atom_Clip3]  (L, Execs)=	11	0
  <3>	 MC_Hz4_HW_03        : 2x[atom_BytePack] 1x[atom_PointFilter] 1x[atom_Clip3]  (L, Execs)=	10	0
  <3>	 MC_Hz4_HW_04        : 2x[atom_BytePack] 2x[atom_PointFilter] 2x[atom_Clip3]  (L, Execs)=	9	0
  <3>	 MC_Hz4_HW_05        : 3x[atom_BytePack] 2x[atom_PointFilter] 2x[atom_Clip3]  (L, Execs)=	8	0
  <3>	*MC_Hz4_SW           :  (L, Execs)=	215	0
  <4>	 IPred_HDC16x16_HW_00: 1x[atom_PackLBytes]  (L, Execs)=	53	0
  <4>	 IPred_HDC16x16_HW_01: 1x[atom_PackLBytes] 1x[atom_CollapseAdd]  (L, Execs)=	22	0
  <4>	*IPred_HDC16x16_SW   :  (L, Execs)=	249	16
  <5>	 IPred_VDC16x16_HW_00: 1x[atom_CollapseAdd]  (L, Execs)=	7	0
  <5>	 IPred_VDC16x16_HW_01: 2x[atom_CollapseAdd]  (L, Execs)=	6	0
  <5>	*IPred_VDC16x16_SW   :  (L, Execs)=	69	16
  <6>	*LF_BS_4_4_HW_00     : 1x[atom_Cond]  (L, Execs)=	428	0
  <6>	*LF_BS_4_4_HW_01     : 1x[atom_Cond] 1x[atom_LF]  (L, Execs)=	9	15840
  <6>	 LF_BS_4_4_HW_02     : 2x[atom_Cond] 2x[atom_LF]  (L, Execs)=	8	0
  <6>	*LF_BS_4_4_SW        :  (L, Execs)=	960	0
  <7>	*SATD_4x4_HW_00      : 1x[atom_Transform2]  (L, Execs)=	350	0
  <7>	*SATD_4x4_HW_01      : 1x[atom_Transform2] 1x[atom_PackLSBMSB]  (L, Execs)=	294	0
  <7>	*SATD_4x4_HW_02      : 1x[atom_Transform2] 1x[atom_PackLSBMSB] 1x[atom_QuadSub]  (L, Execs)=	186	0
  <7>	*SATD_4x4_HW_03      : 1x[atom_SATD] 1x[atom_Transform2] 1x[atom_PackLSBMSB] 1x[atom_QuadSub]  (L, Execs)=	22	126720
  <7>	 SATD_4x4_HW_04      : 1x[atom_SATD] 2x[atom_Transform2] 1x[atom_PackLSBMSB] 1x[atom_QuadSub]  (L, Execs)=	21	0
  <7>	 SATD_4x4_HW_05      : 2x[atom_SATD] 2x[atom_Transform2] 2x[atom_PackLSBMSB] 1x[atom_QuadSub]  (L, Execs)=	20	0
  <7>	 SATD_4x4_HW_06      : 1x[atom_SATD] 4x[atom_Transform2] 4x[atom_PackLSBMSB] 1x[atom_QuadSub]  (L, Execs)=	19	0
  <7>	 SATD_4x4_HW_07      : 2x[atom_SATD] 4x[atom_Transform2] 4x[atom_PackLSBMSB] 1x[atom_QuadSub]  (L, Execs)=	18	0
  <7>	*SATD_4x4_SW         :  (L, Execs)=	544	0
  <8>	*DCT_4x4_HW_00       : 1x[atom_Transform1]  (L, Execs)=	216	0
  <8>	*DCT_4x4_HW_01       : 1x[atom_Transform1] 1x[atom_PackLSBMSB]  (L, Execs)=	160	0
  <8>	*DCT_4x4_HW_02       : 1x[atom_Transform1] 1x[atom_PackLSBMSB] 1x[atom_QuadSub]  (L, Execs)=	21	23760
  <8>	 DCT_4x4_HW_03       : 2x[atom_Transform1] 1x[atom_PackLSBMSB] 1x[atom_QuadSub]  (L, Execs)=	19	0
  <8>	 DCT_4x4_HW_04       : 2x[atom_Transform1] 2x[atom_PackLSBMSB] 1x[atom_QuadSub]  (L, Execs)=	18	0
  <8>	 DCT_4x4_HW_05       : 4x[atom_Transform1] 2x[atom_PackLSBMSB] 1x[atom_QuadSub]  (L, Execs)=	16	0
  <8>	 DCT_4x4_HW_06       : 4x[atom_Transform1] 4x[atom_PackLSBMSB] 1x[atom_QuadSub]  (L, Execs)=	15	0
  <8>	*DCT_4x4_SW          :  (L, Execs)=	488	0

The asterisk indicates the currently available Molecules (maybe multiple) for each Special Instruction

