0 s: Info: RotationsManager: Cycle-time: 1 ns

0 s: Info: TDLAMBDA: 
   TD(lambda) using parameters:
   lambda = 0
   gamma  = 0
   alpha  = 0
   e_min  = 1e-05
0 s: Info: RotationsManager: 
   * FPGA capacity/used: 4/0



0 s: Info: DECODER: Decoder ready.
0 s: Info: MONITOR: 	Size of timeframe: 250,000
	Extended monitoring information between cycles 0 and 1
0 s: Info: RotationsManager: Initializing DLX Pipeline Emulator
   * Module Name:            [Pipeline]
   * Instruction Memory:     [/home/bauer_l/ASIPMeisterProjects/dlx_basis/Applications/Encoder_dynamic_MixedHWSWMolecule_startup_opt2/TestData.IM]
   * Branch Trace:           [/home/bauer_l/ASIPMeisterProjects/dlx_basis/Applications/Encoder_dynamic_MixedHWSWMolecule_startup_opt2/trace.txt]
   * DLX Opcode Definitions: [/home/bauer_l//RotationsManager_53/DLX/dlxops.dlx]

52 ns: Info: PREFETCHER: 
---> BEFORE RESCHEDULING
 SAD_16_HW_00        : 1x[atom_SAD4]  (L, Execs)=	68	0
 SATD_4x4_HW_02      : 1x[atom_Transform2] 1x[atom_PackLSBMSB] 1x[atom_QuadSub]  (L, Execs)=	186	0
 HT_4X4_HW_01        : 1x[atom_Transform2] 1x[atom_PackLSBMSB]  (L, Execs)=	16	0


---> AFTER RESCHEDULING
 SAD_16_HW_00        : 1x[atom_SAD4]  (L, Execs)=	68	0
 HT_4X4_HW_01        : 1x[atom_Transform2] 1x[atom_PackLSBMSB]  (L, Execs)=	16	0
 SATD_4x4_HW_02      : 1x[atom_Transform2] 1x[atom_PackLSBMSB] 1x[atom_QuadSub]  (L, Execs)=	186	0


52 ns: Info: PREFETCHER: 
SysDyn:	FORECAST POINT:	at address 0x290
SysDyn:	CURRENT PREDICTION:	6633.0	1584.0	2.0	9420.0	7.0	7.0	3168.0	25344.0	4752.0	
SysDyn:	CONFIGURATION STATUS:	   * FPGA capacity/used: 4/0

SysDyn:	SWAP-IN QUEUE:	atom_SAD4	needed/available: 1/0 swap-in/swap-out: 0/0 --> SAD_16_HW_00 
SysDyn:	SWAP-IN QUEUE:	atom_PackLSBMSB	needed/available: 1/0 swap-in/swap-out: 0/0 --> HT_4X4_HW_01 SATD_4x4_HW_02 
SysDyn:	SWAP-IN QUEUE:	atom_Transform2	needed/available: 1/0 swap-in/swap-out: 0/0 --> HT_4X4_HW_01 SATD_4x4_HW_02 
SysDyn:	SWAP-IN QUEUE:	atom_QuadSub	needed/available: 1/0 swap-in/swap-out: 0/0 --> SATD_4x4_HW_02 
================================================================================

52 ns: Info: MONITOR: currently no atoms available

62 ns: Info: MONITOR: ATOM IN:	atom_SAD4	needed/available: 1/1 swap-in/swap-out: 1/0 --> SAD_16_HW_00 
62 ns: Info: MONITOR: Molecule	SAD_16_SW	4673	is replaced by molecule	SAD_16_HW_00	68	and was used	0	- times.

62 ns: Info: MONITOR: The fastest available molecule for SI No. 0 is:	SAD_16_HW_00	68
62 ns: Info: MONITOR: The fastest available molecule for SI No. 1 is:	HT_2X2_SW	100
62 ns: Info: MONITOR: The fastest available molecule for SI No. 2 is:	HT_4X4_SW	298
62 ns: Info: MONITOR: The fastest available molecule for SI No. 3 is:	MC_Hz4_SW	215
62 ns: Info: MONITOR: The fastest available molecule for SI No. 4 is:	IPred_HDC16x16_SW	249
62 ns: Info: MONITOR: The fastest available molecule for SI No. 5 is:	IPred_VDC16x16_SW	69
62 ns: Info: MONITOR: The fastest available molecule for SI No. 6 is:	LF_BS_4_4_SW	960
62 ns: Info: MONITOR: The fastest available molecule for SI No. 7 is:	SATD_4x4_SW	544
62 ns: Info: MONITOR: The fastest available molecule for SI No. 8 is:	DCT_4x4_SW	488
62 ns: Info: MONITOR: 

72 ns: Info: MONITOR: ATOM IN:	atom_PackLSBMSB	needed/available: 1/1 swap-in/swap-out: 1/0 --> HT_4X4_HW_01 SATD_4x4_HW_02 
72 ns: Info: MONITOR: The fastest available molecule for SI No. 0 is:	SAD_16_HW_00	68
72 ns: Info: MONITOR: The fastest available molecule for SI No. 1 is:	HT_2X2_SW	100
72 ns: Info: MONITOR: The fastest available molecule for SI No. 2 is:	HT_4X4_SW	298
72 ns: Info: MONITOR: The fastest available molecule for SI No. 3 is:	MC_Hz4_SW	215
72 ns: Info: MONITOR: The fastest available molecule for SI No. 4 is:	IPred_HDC16x16_SW	249
72 ns: Info: MONITOR: The fastest available molecule for SI No. 5 is:	IPred_VDC16x16_SW	69
72 ns: Info: MONITOR: The fastest available molecule for SI No. 6 is:	LF_BS_4_4_SW	960
72 ns: Info: MONITOR: The fastest available molecule for SI No. 7 is:	SATD_4x4_SW	544
72 ns: Info: MONITOR: The fastest available molecule for SI No. 8 is:	DCT_4x4_SW	488
72 ns: Info: MONITOR: 

82 ns: Info: MONITOR: ATOM IN:	atom_Transform2	needed/available: 1/1 swap-in/swap-out: 1/0 --> HT_4X4_HW_01 SATD_4x4_HW_02 
82 ns: Info: MONITOR: Molecule	HT_4X4_SW	298	is replaced by molecule	HT_4X4_HW_01	16	and was used	0	- times.

82 ns: Info: MONITOR: Molecule	SATD_4x4_SW	544	is replaced by molecule	SATD_4x4_HW_01	294	and was used	0	- times.

82 ns: Info: MONITOR: The fastest available molecule for SI No. 0 is:	SAD_16_HW_00	68
82 ns: Info: MONITOR: The fastest available molecule for SI No. 1 is:	HT_2X2_SW	100
82 ns: Info: MONITOR: The fastest available molecule for SI No. 2 is:	HT_4X4_HW_01	16
82 ns: Info: MONITOR: The fastest available molecule for SI No. 3 is:	MC_Hz4_SW	215
82 ns: Info: MONITOR: The fastest available molecule for SI No. 4 is:	IPred_HDC16x16_SW	249
82 ns: Info: MONITOR: The fastest available molecule for SI No. 5 is:	IPred_VDC16x16_SW	69
82 ns: Info: MONITOR: The fastest available molecule for SI No. 6 is:	LF_BS_4_4_SW	960
82 ns: Info: MONITOR: The fastest available molecule for SI No. 7 is:	SATD_4x4_HW_01	294
82 ns: Info: MONITOR: The fastest available molecule for SI No. 8 is:	DCT_4x4_SW	488
82 ns: Info: MONITOR: 

92 ns: Info: MONITOR: ATOM IN:	atom_QuadSub	needed/available: 1/1 swap-in/swap-out: 1/0 --> SATD_4x4_HW_02 
92 ns: Info: MONITOR: Molecule	SATD_4x4_HW_01	294	is replaced by molecule	SATD_4x4_HW_02	186	and was used	0	- times.

92 ns: Info: MONITOR: The fastest available molecule for SI No. 0 is:	SAD_16_HW_00	68
92 ns: Info: MONITOR: The fastest available molecule for SI No. 1 is:	HT_2X2_SW	100
92 ns: Info: MONITOR: The fastest available molecule for SI No. 2 is:	HT_4X4_HW_01	16
92 ns: Info: MONITOR: The fastest available molecule for SI No. 3 is:	MC_Hz4_SW	215
92 ns: Info: MONITOR: The fastest available molecule for SI No. 4 is:	IPred_HDC16x16_SW	249
92 ns: Info: MONITOR: The fastest available molecule for SI No. 5 is:	IPred_VDC16x16_SW	69
92 ns: Info: MONITOR: The fastest available molecule for SI No. 6 is:	LF_BS_4_4_SW	960
92 ns: Info: MONITOR: The fastest available molecule for SI No. 7 is:	SATD_4x4_HW_02	186
92 ns: Info: MONITOR: The fastest available molecule for SI No. 8 is:	DCT_4x4_SW	488
92 ns: Info: MONITOR: 

250 us: Info: MONITOR: Molecule: 	SAD_16_HW_00	was used	335	since in last timeframe
250 us: Info: MONITOR: Molecule: 	SATD_4x4_HW_02	was used	1134	since in last timeframe
250 us: Info: MONITOR:    SI usages in last timeframe  	335	0	0	0	0	0	0	1134	0	

500 us: Info: MONITOR: Molecule: 	SAD_16_HW_00	was used	268	since in last timeframe
500 us: Info: MONITOR: Molecule: 	SATD_4x4_HW_02	was used	1164	since in last timeframe
500 us: Info: MONITOR:    SI usages in last timeframe  	268	0	0	0	0	0	0	1164	0	

750 us: Info: MONITOR: Molecule: 	SAD_16_HW_00	was used	335	since in last timeframe
750 us: Info: MONITOR: Molecule: 	SATD_4x4_HW_02	was used	1134	since in last timeframe
750 us: Info: MONITOR:    SI usages in last timeframe  	335	0	0	0	0	0	0	1134	0	

1 ms: Info: MONITOR: Molecule: 	SAD_16_HW_00	was used	268	since in last timeframe
1 ms: Info: MONITOR: Molecule: 	SATD_4x4_HW_02	was used	1163	since in last timeframe
1 ms: Info: MONITOR:    SI usages in last timeframe  	268	0	0	0	0	0	0	1163	0	

1250 us: Info: MONITOR: Molecule: 	SAD_16_HW_00	was used	335	since in last timeframe
1250 us: Info: MONITOR: Molecule: 	SATD_4x4_HW_02	was used	1134	since in last timeframe
1250 us: Info: MONITOR:    SI usages in last timeframe  	335	0	0	0	0	0	0	1134	0	

1500 us: Info: MONITOR: Molecule: 	SAD_16_HW_00	was used	268	since in last timeframe
1500 us: Info: MONITOR: Molecule: 	SATD_4x4_HW_02	was used	1164	since in last timeframe
1500 us: Info: MONITOR:    SI usages in last timeframe  	268	0	0	0	0	0	0	1164	0	

1750 us: Info: MONITOR: Molecule: 	SAD_16_HW_00	was used	335	since in last timeframe
1750 us: Info: MONITOR: Molecule: 	SATD_4x4_HW_02	was used	1134	since in last timeframe
1750 us: Info: MONITOR:    SI usages in last timeframe  	335	0	0	0	0	0	0	1134	0	

2 ms: Info: MONITOR: Molecule: 	SAD_16_HW_00	was used	268	since in last timeframe
2 ms: Info: MONITOR: Molecule: 	SATD_4x4_HW_02	was used	1164	since in last timeframe
2 ms: Info: MONITOR:    SI usages in last timeframe  	268	0	0	0	0	0	0	1164	0	

2250 us: Info: MONITOR: Molecule: 	SAD_16_HW_00	was used	335	since in last timeframe
2250 us: Info: MONITOR: Molecule: 	SATD_4x4_HW_02	was used	1134	since in last timeframe
2250 us: Info: MONITOR:    SI usages in last timeframe  	335	0	0	0	0	0	0	1134	0	

2500 us: Info: MONITOR: Molecule: 	SAD_16_HW_00	was used	268	since in last timeframe
2500 us: Info: MONITOR: Molecule: 	SATD_4x4_HW_02	was used	1163	since in last timeframe
2500 us: Info: MONITOR:    SI usages in last timeframe  	268	0	0	0	0	0	0	1163	0	

2750 us: Info: MONITOR: Molecule: 	SAD_16_HW_00	was used	335	since in last timeframe
2750 us: Info: MONITOR: Molecule: 	SATD_4x4_HW_02	was used	1134	since in last timeframe
2750 us: Info: MONITOR:    SI usages in last timeframe  	335	0	0	0	0	0	0	1134	0	

3 ms: Info: MONITOR: Molecule: 	SAD_16_HW_00	was used	268	since in last timeframe
3 ms: Info: MONITOR: Molecule: 	SATD_4x4_HW_02	was used	1164	since in last timeframe
3 ms: Info: MONITOR:    SI usages in last timeframe  	268	0	0	0	0	0	0	1164	0	

3250 us: Info: MONITOR: Molecule: 	SAD_16_HW_00	was used	335	since in last timeframe
3250 us: Info: MONITOR: Molecule: 	SATD_4x4_HW_02	was used	1134	since in last timeframe
3250 us: Info: MONITOR:    SI usages in last timeframe  	335	0	0	0	0	0	0	1134	0	

3500 us: Info: MONITOR: Molecule: 	SAD_16_HW_00	was used	268	since in last timeframe
3500 us: Info: MONITOR: Molecule: 	SATD_4x4_HW_02	was used	1163	since in last timeframe
3500 us: Info: MONITOR:    SI usages in last timeframe  	268	0	0	0	0	0	0	1163	0	

3750 us: Info: MONITOR: Molecule: 	SAD_16_HW_00	was used	335	since in last timeframe
3750 us: Info: MONITOR: Molecule: 	SATD_4x4_HW_02	was used	1134	since in last timeframe
3750 us: Info: MONITOR:    SI usages in last timeframe  	335	0	0	0	0	0	0	1134	0	

4 ms: Info: MONITOR: Molecule: 	SAD_16_HW_00	was used	268	since in last timeframe
4 ms: Info: MONITOR: Molecule: 	SATD_4x4_HW_02	was used	1164	since in last timeframe
4 ms: Info: MONITOR:    SI usages in last timeframe  	268	0	0	0	0	0	0	1164	0	

4250 us: Info: MONITOR: Molecule: 	SAD_16_HW_00	was used	335	since in last timeframe
4250 us: Info: MONITOR: Molecule: 	SATD_4x4_HW_02	was used	1134	since in last timeframe
4250 us: Info: MONITOR:    SI usages in last timeframe  	335	0	0	0	0	0	0	1134	0	

4500 us: Info: MONITOR: Molecule: 	SAD_16_HW_00	was used	268	since in last timeframe
4500 us: Info: MONITOR: Molecule: 	SATD_4x4_HW_02	was used	1164	since in last timeframe
4500 us: Info: MONITOR:    SI usages in last timeframe  	268	0	0	0	0	0	0	1164	0	

4750 us: Info: MONITOR: Molecule: 	SAD_16_HW_00	was used	335	since in last timeframe
4750 us: Info: MONITOR: Molecule: 	SATD_4x4_HW_02	was used	1134	since in last timeframe
4750 us: Info: MONITOR:    SI usages in last timeframe  	335	0	0	0	0	0	0	1134	0	

5 ms: Info: MONITOR: Molecule: 	SAD_16_HW_00	was used	268	since in last timeframe
5 ms: Info: MONITOR: Molecule: 	SATD_4x4_HW_02	was used	1163	since in last timeframe
5 ms: Info: MONITOR:    SI usages in last timeframe  	268	0	0	0	0	0	0	1163	0	

5250 us: Info: MONITOR: Molecule: 	SAD_16_HW_00	was used	335	since in last timeframe
5250 us: Info: MONITOR: Molecule: 	SATD_4x4_HW_02	was used	1134	since in last timeframe
5250 us: Info: MONITOR:    SI usages in last timeframe  	335	0	0	0	0	0	0	1134	0	

5500 us: Info: MONITOR: Molecule: 	SAD_16_HW_00	was used	268	since in last timeframe
5500 us: Info: MONITOR: Molecule: 	SATD_4x4_HW_02	was used	1164	since in last timeframe
5500 us: Info: MONITOR:    SI usages in last timeframe  	268	0	0	0	0	0	0	1164	0	

5750 us: Info: MONITOR: Molecule: 	HT_2X2_SW	was used	73	since in last timeframe
5750 us: Info: MONITOR: Molecule: 	MC_Hz4_SW	was used	480	since in last timeframe
5750 us: Info: MONITOR: Molecule: 	SATD_4x4_HW_02	was used	70	since in last timeframe
5750 us: Info: MONITOR: Molecule: 	DCT_4x4_SW	was used	240	since in last timeframe
5750 us: Info: MONITOR:    SI usages in last timeframe  	0	73	0	480	0	0	0	70	240	

6 ms: Info: MONITOR: Molecule: 	HT_2X2_SW	was used	87	since in last timeframe
6 ms: Info: MONITOR: Molecule: 	MC_Hz4_SW	was used	535	since in last timeframe
6 ms: Info: MONITOR: Molecule: 	DCT_4x4_SW	was used	240	since in last timeframe
6 ms: Info: MONITOR:    SI usages in last timeframe  	0	87	0	535	0	0	0	0	240	

6250 us: Info: MONITOR: Molecule: 	HT_2X2_SW	was used	80	since in last timeframe
6250 us: Info: MONITOR: Molecule: 	MC_Hz4_SW	was used	521	since in last timeframe
6250 us: Info: MONITOR: Molecule: 	DCT_4x4_SW	was used	248	since in last timeframe
6250 us: Info: MONITOR:    SI usages in last timeframe  	0	80	0	521	0	0	0	0	248	

6500 us: Info: MONITOR: Molecule: 	HT_2X2_SW	was used	88	since in last timeframe
6500 us: Info: MONITOR: Molecule: 	MC_Hz4_SW	was used	480	since in last timeframe
6500 us: Info: MONITOR: Molecule: 	DCT_4x4_SW	was used	264	since in last timeframe
6500 us: Info: MONITOR:    SI usages in last timeframe  	0	88	0	480	0	0	0	0	264	

6750 us: Info: MONITOR: Molecule: 	HT_2X2_SW	was used	88	since in last timeframe
6750 us: Info: MONITOR: Molecule: 	MC_Hz4_SW	was used	498	since in last timeframe
6750 us: Info: MONITOR: Molecule: 	DCT_4x4_SW	was used	256	since in last timeframe
6750 us: Info: MONITOR:    SI usages in last timeframe  	0	88	0	498	0	0	0	0	256	

7 ms: Info: MONITOR: Molecule: 	HT_2X2_SW	was used	80	since in last timeframe
7 ms: Info: MONITOR: Molecule: 	MC_Hz4_SW	was used	538	since in last timeframe
7 ms: Info: MONITOR: Molecule: 	DCT_4x4_SW	was used	240	since in last timeframe
7 ms: Info: MONITOR:    SI usages in last timeframe  	0	80	0	538	0	0	0	0	240	

7250 us: Info: MONITOR: Molecule: 	HT_2X2_SW	was used	80	since in last timeframe
7250 us: Info: MONITOR: Molecule: 	MC_Hz4_SW	was used	500	since in last timeframe
7250 us: Info: MONITOR: Molecule: 	DCT_4x4_SW	was used	258	since in last timeframe
7250 us: Info: MONITOR:    SI usages in last timeframe  	0	80	0	500	0	0	0	0	258	

7500 us: Info: MONITOR: Molecule: 	HT_2X2_SW	was used	88	since in last timeframe
7500 us: Info: MONITOR: Molecule: 	MC_Hz4_SW	was used	480	since in last timeframe
7500 us: Info: MONITOR: Molecule: 	DCT_4x4_SW	was used	264	since in last timeframe
7500 us: Info: MONITOR:    SI usages in last timeframe  	0	88	0	480	0	0	0	0	264	

7750 us: Info: MONITOR: Molecule: 	HT_2X2_SW	was used	88	since in last timeframe
7750 us: Info: MONITOR: Molecule: 	MC_Hz4_SW	was used	520	since in last timeframe
7750 us: Info: MONITOR: Molecule: 	DCT_4x4_SW	was used	246	since in last timeframe
7750 us: Info: MONITOR:    SI usages in last timeframe  	0	88	0	520	0	0	0	0	246	

8 ms: Info: MONITOR: Molecule: 	HT_2X2_SW	was used	80	since in last timeframe
8 ms: Info: MONITOR: Molecule: 	MC_Hz4_SW	was used	536	since in last timeframe
8 ms: Info: MONITOR: Molecule: 	DCT_4x4_SW	was used	241	since in last timeframe
8 ms: Info: MONITOR:    SI usages in last timeframe  	0	80	0	536	0	0	0	0	241	

8250 us: Info: MONITOR: Molecule: 	HT_2X2_SW	was used	88	since in last timeframe
8250 us: Info: MONITOR: Molecule: 	MC_Hz4_SW	was used	480	since in last timeframe
8250 us: Info: MONITOR: Molecule: 	DCT_4x4_SW	was used	264	since in last timeframe
8250 us: Info: MONITOR:    SI usages in last timeframe  	0	88	0	480	0	0	0	0	264	

8500 us: Info: MONITOR: Molecule: 	HT_2X2_SW	was used	88	since in last timeframe
8500 us: Info: MONITOR: Molecule: 	MC_Hz4_SW	was used	483	since in last timeframe
8500 us: Info: MONITOR: Molecule: 	DCT_4x4_SW	was used	263	since in last timeframe
8500 us: Info: MONITOR:    SI usages in last timeframe  	0	88	0	483	0	0	0	0	263	

8750 us: Info: MONITOR: Molecule: 	HT_2X2_SW	was used	80	since in last timeframe
8750 us: Info: MONITOR: Molecule: 	HT_4X4_HW_01	was used	2	since in last timeframe
8750 us: Info: MONITOR: Molecule: 	MC_Hz4_SW	was used	477	since in last timeframe
8750 us: Info: MONITOR: Molecule: 	IPred_HDC16x16_SW	was used	8	since in last timeframe
8750 us: Info: MONITOR: Molecule: 	IPred_VDC16x16_SW	was used	8	since in last timeframe
8750 us: Info: MONITOR: Molecule: 	DCT_4x4_SW	was used	262	since in last timeframe
8750 us: Info: MONITOR:    SI usages in last timeframe  	0	80	2	477	8	8	0	0	262	

9 ms: Info: MONITOR: Molecule: 	HT_2X2_SW	was used	88	since in last timeframe
9 ms: Info: MONITOR: Molecule: 	MC_Hz4_SW	was used	480	since in last timeframe
9 ms: Info: MONITOR: Molecule: 	DCT_4x4_SW	was used	265	since in last timeframe
9 ms: Info: MONITOR:    SI usages in last timeframe  	0	88	0	480	0	0	0	0	265	

9250 us: Info: MONITOR: Molecule: 	HT_2X2_SW	was used	88	since in last timeframe
9250 us: Info: MONITOR: Molecule: 	MC_Hz4_SW	was used	530	since in last timeframe
9250 us: Info: MONITOR: Molecule: 	DCT_4x4_SW	was used	241	since in last timeframe
9250 us: Info: MONITOR:    SI usages in last timeframe  	0	88	0	530	0	0	0	0	241	

9500 us: Info: MONITOR: Molecule: 	HT_2X2_SW	was used	80	since in last timeframe
9500 us: Info: MONITOR: Molecule: 	MC_Hz4_SW	was used	526	since in last timeframe
9500 us: Info: MONITOR: Molecule: 	DCT_4x4_SW	was used	246	since in last timeframe
9500 us: Info: MONITOR:    SI usages in last timeframe  	0	80	0	526	0	0	0	0	246	

9750 us: Info: MONITOR: Molecule: 	HT_2X2_SW	was used	88	since in last timeframe
9750 us: Info: MONITOR: Molecule: 	MC_Hz4_SW	was used	480	since in last timeframe
9750 us: Info: MONITOR: Molecule: 	DCT_4x4_SW	was used	264	since in last timeframe
9750 us: Info: MONITOR:    SI usages in last timeframe  	0	88	0	480	0	0	0	0	264	

10 ms: Info: MONITOR: Molecule: 	HT_2X2_SW	was used	88	since in last timeframe
10 ms: Info: MONITOR: Molecule: 	MC_Hz4_SW	was used	494	since in last timeframe
10 ms: Info: MONITOR: Molecule: 	DCT_4x4_SW	was used	258	since in last timeframe
10 ms: Info: MONITOR:    SI usages in last timeframe  	0	88	0	494	0	0	0	0	258	

10250 us: Info: MONITOR: Molecule: 	HT_2X2_SW	was used	64	since in last timeframe
10250 us: Info: MONITOR: Molecule: 	MC_Hz4_SW	was used	370	since in last timeframe
10250 us: Info: MONITOR: Molecule: 	LF_BS_4_4_SW	was used	66	since in last timeframe
10250 us: Info: MONITOR: Molecule: 	DCT_4x4_SW	was used	192	since in last timeframe
10250 us: Info: MONITOR:    SI usages in last timeframe  	0	64	0	370	0	0	66	0	192	

10500 us: Info: MONITOR: Molecule: 	LF_BS_4_4_SW	was used	256	since in last timeframe
10500 us: Info: MONITOR:    SI usages in last timeframe  	0	0	0	0	0	0	256	0	0	

10750 us: Info: MONITOR: Molecule: 	LF_BS_4_4_SW	was used	257	since in last timeframe
10750 us: Info: MONITOR:    SI usages in last timeframe  	0	0	0	0	0	0	257	0	0	

11 ms: Info: MONITOR: Molecule: 	LF_BS_4_4_SW	was used	256	since in last timeframe
11 ms: Info: MONITOR:    SI usages in last timeframe  	0	0	0	0	0	0	256	0	0	

11250 us: Info: MONITOR: Molecule: 	LF_BS_4_4_SW	was used	257	since in last timeframe
11250 us: Info: MONITOR:    SI usages in last timeframe  	0	0	0	0	0	0	257	0	0	

11500 us: Info: MONITOR: Molecule: 	LF_BS_4_4_SW	was used	256	since in last timeframe
11500 us: Info: MONITOR:    SI usages in last timeframe  	0	0	0	0	0	0	256	0	0	

11750 us: Info: MONITOR: Molecule: 	LF_BS_4_4_SW	was used	257	since in last timeframe
11750 us: Info: MONITOR:    SI usages in last timeframe  	0	0	0	0	0	0	257	0	0	

12 ms: Info: MONITOR: Molecule: 	LF_BS_4_4_SW	was used	257	since in last timeframe
12 ms: Info: MONITOR:    SI usages in last timeframe  	0	0	0	0	0	0	257	0	0	

12250 us: Info: MONITOR: Molecule: 	LF_BS_4_4_SW	was used	256	since in last timeframe
12250 us: Info: MONITOR:    SI usages in last timeframe  	0	0	0	0	0	0	256	0	0	

12500 us: Info: MONITOR: Molecule: 	LF_BS_4_4_SW	was used	257	since in last timeframe
12500 us: Info: MONITOR:    SI usages in last timeframe  	0	0	0	0	0	0	257	0	0	

12750 us: Info: MONITOR: Molecule: 	LF_BS_4_4_SW	was used	256	since in last timeframe
12750 us: Info: MONITOR:    SI usages in last timeframe  	0	0	0	0	0	0	256	0	0	

13 ms: Info: MONITOR: Molecule: 	LF_BS_4_4_SW	was used	257	since in last timeframe
13 ms: Info: MONITOR:    SI usages in last timeframe  	0	0	0	0	0	0	257	0	0	

13250 us: Info: MONITOR: Molecule: 	LF_BS_4_4_SW	was used	256	since in last timeframe
13250 us: Info: MONITOR:    SI usages in last timeframe  	0	0	0	0	0	0	256	0	0	

13500 us: Info: MONITOR: Molecule: 	SAD_16_HW_00	was used	312	since in last timeframe
13500 us: Info: MONITOR: Molecule: 	LF_BS_4_4_SW	was used	24	since in last timeframe
13500 us: Info: MONITOR: Molecule: 	SATD_4x4_HW_02	was used	1024	since in last timeframe
13500 us: Info: MONITOR:    SI usages in last timeframe  	312	0	0	0	0	0	24	1024	0	

13750 us: Info: MONITOR: Molecule: 	SAD_16_HW_00	was used	291	since in last timeframe
13750 us: Info: MONITOR: Molecule: 	SATD_4x4_HW_02	was used	1154	since in last timeframe
13750 us: Info: MONITOR:    SI usages in last timeframe  	291	0	0	0	0	0	0	1154	0	

14 ms: Info: MONITOR: Molecule: 	SAD_16_HW_00	was used	297	since in last timeframe
14 ms: Info: MONITOR: Molecule: 	SATD_4x4_HW_02	was used	1150	since in last timeframe
14 ms: Info: MONITOR:    SI usages in last timeframe  	297	0	0	0	0	0	0	1150	0	

14250 us: Info: MONITOR: Molecule: 	SAD_16_HW_00	was used	306	since in last timeframe
14250 us: Info: MONITOR: Molecule: 	SATD_4x4_HW_02	was used	1148	since in last timeframe
14250 us: Info: MONITOR:    SI usages in last timeframe  	306	0	0	0	0	0	0	1148	0	

14500 us: Info: MONITOR: Molecule: 	SAD_16_HW_00	was used	283	since in last timeframe
14500 us: Info: MONITOR: Molecule: 	SATD_4x4_HW_02	was used	1156	since in last timeframe
14500 us: Info: MONITOR:    SI usages in last timeframe  	283	0	0	0	0	0	0	1156	0	

14750 us: Info: MONITOR: Molecule: 	SAD_16_HW_00	was used	320	since in last timeframe
14750 us: Info: MONITOR: Molecule: 	SATD_4x4_HW_02	was used	1141	since in last timeframe
14750 us: Info: MONITOR:    SI usages in last timeframe  	320	0	0	0	0	0	0	1141	0	

15 ms: Info: MONITOR: Molecule: 	SAD_16_HW_00	was used	268	since in last timeframe
15 ms: Info: MONITOR: Molecule: 	SATD_4x4_HW_02	was used	1163	since in last timeframe
15 ms: Info: MONITOR:    SI usages in last timeframe  	268	0	0	0	0	0	0	1163	0	

15250 us: Info: MONITOR: Molecule: 	SAD_16_HW_00	was used	335	since in last timeframe
15250 us: Info: MONITOR: Molecule: 	SATD_4x4_HW_02	was used	1135	since in last timeframe
15250 us: Info: MONITOR:    SI usages in last timeframe  	335	0	0	0	0	0	0	1135	0	

15500 us: Info: MONITOR: Molecule: 	SAD_16_HW_00	was used	268	since in last timeframe
15500 us: Info: MONITOR: Molecule: 	SATD_4x4_HW_02	was used	1163	since in last timeframe
15500 us: Info: MONITOR:    SI usages in last timeframe  	268	0	0	0	0	0	0	1163	0	

15750 us: Info: MONITOR: Molecule: 	SAD_16_HW_00	was used	335	since in last timeframe
15750 us: Info: MONITOR: Molecule: 	SATD_4x4_HW_02	was used	1134	since in last timeframe
15750 us: Info: MONITOR:    SI usages in last timeframe  	335	0	0	0	0	0	0	1134	0	

16 ms: Info: MONITOR: Molecule: 	SAD_16_HW_00	was used	268	since in last timeframe
16 ms: Info: MONITOR: Molecule: 	SATD_4x4_HW_02	was used	1164	since in last timeframe
16 ms: Info: MONITOR:    SI usages in last timeframe  	268	0	0	0	0	0	0	1164	0	

16250 us: Info: MONITOR: Molecule: 	SAD_16_HW_00	was used	335	since in last timeframe
16250 us: Info: MONITOR: Molecule: 	SATD_4x4_HW_02	was used	1134	since in last timeframe
16250 us: Info: MONITOR:    SI usages in last timeframe  	335	0	0	0	0	0	0	1134	0	

16500 us: Info: MONITOR: Molecule: 	SAD_16_HW_00	was used	268	since in last timeframe
16500 us: Info: MONITOR: Molecule: 	SATD_4x4_HW_02	was used	1164	since in last timeframe
16500 us: Info: MONITOR:    SI usages in last timeframe  	268	0	0	0	0	0	0	1164	0	

16750 us: Info: MONITOR: Molecule: 	SAD_16_HW_00	was used	335	since in last timeframe
16750 us: Info: MONITOR: Molecule: 	SATD_4x4_HW_02	was used	1134	since in last timeframe
16750 us: Info: MONITOR:    SI usages in last timeframe  	335	0	0	0	0	0	0	1134	0	

17 ms: Info: MONITOR: Molecule: 	SAD_16_HW_00	was used	268	since in last timeframe
17 ms: Info: MONITOR: Molecule: 	SATD_4x4_HW_02	was used	1163	since in last timeframe
17 ms: Info: MONITOR:    SI usages in last timeframe  	268	0	0	0	0	0	0	1163	0	

17250 us: Info: MONITOR: Molecule: 	SAD_16_HW_00	was used	335	since in last timeframe
17250 us: Info: MONITOR: Molecule: 	SATD_4x4_HW_02	was used	1134	since in last timeframe
17250 us: Info: MONITOR:    SI usages in last timeframe  	335	0	0	0	0	0	0	1134	0	

17500 us: Info: MONITOR: Molecule: 	SAD_16_HW_00	was used	268	since in last timeframe
17500 us: Info: MONITOR: Molecule: 	SATD_4x4_HW_02	was used	1164	since in last timeframe
17500 us: Info: MONITOR:    SI usages in last timeframe  	268	0	0	0	0	0	0	1164	0	

17750 us: Info: MONITOR: Molecule: 	SAD_16_HW_00	was used	335	since in last timeframe
17750 us: Info: MONITOR: Molecule: 	SATD_4x4_HW_02	was used	1134	since in last timeframe
17750 us: Info: MONITOR:    SI usages in last timeframe  	335	0	0	0	0	0	0	1134	0	

18 ms: Info: MONITOR: Molecule: 	SAD_16_HW_00	was used	268	since in last timeframe
18 ms: Info: MONITOR: Molecule: 	SATD_4x4_HW_02	was used	1163	since in last timeframe
18 ms: Info: MONITOR:    SI usages in last timeframe  	268	0	0	0	0	0	0	1163	0	

18250 us: Info: MONITOR: Molecule: 	SAD_16_HW_00	was used	335	since in last timeframe
18250 us: Info: MONITOR: Molecule: 	SATD_4x4_HW_02	was used	1135	since in last timeframe
18250 us: Info: MONITOR:    SI usages in last timeframe  	335	0	0	0	0	0	0	1135	0	

18500 us: Info: MONITOR: Molecule: 	SAD_16_HW_00	was used	268	since in last timeframe
18500 us: Info: MONITOR: Molecule: 	SATD_4x4_HW_02	was used	1163	since in last timeframe
18500 us: Info: MONITOR:    SI usages in last timeframe  	268	0	0	0	0	0	0	1163	0	

18750 us: Info: MONITOR: Molecule: 	SAD_16_HW_00	was used	335	since in last timeframe
18750 us: Info: MONITOR: Molecule: 	SATD_4x4_HW_02	was used	1134	since in last timeframe
18750 us: Info: MONITOR:    SI usages in last timeframe  	335	0	0	0	0	0	0	1134	0	

19 ms: Info: MONITOR: Molecule: 	HT_2X2_SW	was used	64	since in last timeframe
19 ms: Info: MONITOR: Molecule: 	MC_Hz4_SW	was used	480	since in last timeframe
19 ms: Info: MONITOR: Molecule: 	SATD_4x4_HW_02	was used	190	since in last timeframe
19 ms: Info: MONITOR: Molecule: 	DCT_4x4_SW	was used	196	since in last timeframe
19 ms: Info: MONITOR:    SI usages in last timeframe  	0	64	0	480	0	0	0	190	196	

19250 us: Info: MONITOR: Molecule: 	HT_2X2_SW	was used	88	since in last timeframe
19250 us: Info: MONITOR: Molecule: 	MC_Hz4_SW	was used	480	since in last timeframe
19250 us: Info: MONITOR: Molecule: 	DCT_4x4_SW	was used	264	since in last timeframe
19250 us: Info: MONITOR:    SI usages in last timeframe  	0	88	0	480	0	0	0	0	264	

19500 us: Info: MONITOR: Molecule: 	HT_2X2_SW	was used	88	since in last timeframe
19500 us: Info: MONITOR: Molecule: 	MC_Hz4_SW	was used	489	since in last timeframe
19500 us: Info: MONITOR: Molecule: 	DCT_4x4_SW	was used	260	since in last timeframe
19500 us: Info: MONITOR:    SI usages in last timeframe  	0	88	0	489	0	0	0	0	260	

19750 us: Info: MONITOR: Molecule: 	HT_2X2_SW	was used	80	since in last timeframe
19750 us: Info: MONITOR: Molecule: 	MC_Hz4_SW	was used	538	since in last timeframe
19750 us: Info: MONITOR: Molecule: 	DCT_4x4_SW	was used	240	since in last timeframe
19750 us: Info: MONITOR:    SI usages in last timeframe  	0	80	0	538	0	0	0	0	240	

20 ms: Info: MONITOR: Molecule: 	HT_2X2_SW	was used	80	since in last timeframe
20 ms: Info: MONITOR: Molecule: 	MC_Hz4_SW	was used	509	since in last timeframe
20 ms: Info: MONITOR: Molecule: 	DCT_4x4_SW	was used	253	since in last timeframe
20 ms: Info: MONITOR:    SI usages in last timeframe  	0	80	0	509	0	0	0	0	253	

20250 us: Info: MONITOR: Molecule: 	HT_2X2_SW	was used	88	since in last timeframe
20250 us: Info: MONITOR: Molecule: 	MC_Hz4_SW	was used	480	since in last timeframe
20250 us: Info: MONITOR: Molecule: 	DCT_4x4_SW	was used	265	since in last timeframe
20250 us: Info: MONITOR:    SI usages in last timeframe  	0	88	0	480	0	0	0	0	265	

20500 us: Info: MONITOR: Molecule: 	HT_2X2_SW	was used	88	since in last timeframe
20500 us: Info: MONITOR: Molecule: 	MC_Hz4_SW	was used	510	since in last timeframe
20500 us: Info: MONITOR: Molecule: 	DCT_4x4_SW	was used	250	since in last timeframe
20500 us: Info: MONITOR:    SI usages in last timeframe  	0	88	0	510	0	0	0	0	250	

20750 us: Info: MONITOR: Molecule: 	HT_2X2_SW	was used	80	since in last timeframe
20750 us: Info: MONITOR: Molecule: 	MC_Hz4_SW	was used	539	since in last timeframe
20750 us: Info: MONITOR: Molecule: 	DCT_4x4_SW	was used	240	since in last timeframe
20750 us: Info: MONITOR:    SI usages in last timeframe  	0	80	0	539	0	0	0	0	240	

21 ms: Info: MONITOR: Molecule: 	HT_2X2_SW	was used	80	since in last timeframe
21 ms: Info: MONITOR: Molecule: 	MC_Hz4_SW	was used	487	since in last timeframe
21 ms: Info: MONITOR: Molecule: 	DCT_4x4_SW	was used	263	since in last timeframe
21 ms: Info: MONITOR:    SI usages in last timeframe  	0	80	0	487	0	0	0	0	263	

21250 us: Info: MONITOR: Molecule: 	HT_2X2_SW	was used	88	since in last timeframe
21250 us: Info: MONITOR: Molecule: 	MC_Hz4_SW	was used	480	since in last timeframe
21250 us: Info: MONITOR: Molecule: 	DCT_4x4_SW	was used	265	since in last timeframe
21250 us: Info: MONITOR:    SI usages in last timeframe  	0	88	0	480	0	0	0	0	265	

21500 us: Info: MONITOR: Molecule: 	HT_2X2_SW	was used	88	since in last timeframe
21500 us: Info: MONITOR: Molecule: 	MC_Hz4_SW	was used	532	since in last timeframe
21500 us: Info: MONITOR: Molecule: 	DCT_4x4_SW	was used	240	since in last timeframe
21500 us: Info: MONITOR:    SI usages in last timeframe  	0	88	0	532	0	0	0	0	240	

21750 us: Info: MONITOR: Molecule: 	HT_2X2_SW	was used	80	since in last timeframe
21750 us: Info: MONITOR: Molecule: 	MC_Hz4_SW	was used	524	since in last timeframe
21750 us: Info: MONITOR: Molecule: 	DCT_4x4_SW	was used	247	since in last timeframe
21750 us: Info: MONITOR:    SI usages in last timeframe  	0	80	0	524	0	0	0	0	247	

22 ms: Info: MONITOR: Molecule: 	HT_2X2_SW	was used	88	since in last timeframe
22 ms: Info: MONITOR: Molecule: 	MC_Hz4_SW	was used	480	since in last timeframe
22 ms: Info: MONITOR: Molecule: 	DCT_4x4_SW	was used	264	since in last timeframe
22 ms: Info: MONITOR:    SI usages in last timeframe  	0	88	0	480	0	0	0	0	264	

22250 us: Info: MONITOR: Molecule: 	HT_2X2_SW	was used	88	since in last timeframe
22250 us: Info: MONITOR: Molecule: 	MC_Hz4_SW	was used	495	since in last timeframe
22250 us: Info: MONITOR: Molecule: 	DCT_4x4_SW	was used	257	since in last timeframe
22250 us: Info: MONITOR:    SI usages in last timeframe  	0	88	0	495	0	0	0	0	257	

22500 us: Info: MONITOR: Molecule: 	HT_2X2_SW	was used	80	since in last timeframe
22500 us: Info: MONITOR: Molecule: 	MC_Hz4_SW	was used	539	since in last timeframe
22500 us: Info: MONITOR: Molecule: 	DCT_4x4_SW	was used	240	since in last timeframe
22500 us: Info: MONITOR:    SI usages in last timeframe  	0	80	0	539	0	0	0	0	240	

22750 us: Info: MONITOR: Molecule: 	HT_2X2_SW	was used	80	since in last timeframe
22750 us: Info: MONITOR: Molecule: 	MC_Hz4_SW	was used	502	since in last timeframe
22750 us: Info: MONITOR: Molecule: 	DCT_4x4_SW	was used	256	since in last timeframe
22750 us: Info: MONITOR:    SI usages in last timeframe  	0	80	0	502	0	0	0	0	256	

23 ms: Info: MONITOR: Molecule: 	HT_2X2_SW	was used	88	since in last timeframe
23 ms: Info: MONITOR: Molecule: 	MC_Hz4_SW	was used	480	since in last timeframe
23 ms: Info: MONITOR: Molecule: 	DCT_4x4_SW	was used	265	since in last timeframe
23 ms: Info: MONITOR:    SI usages in last timeframe  	0	88	0	480	0	0	0	0	265	

23250 us: Info: MONITOR: Molecule: 	HT_2X2_SW	was used	88	since in last timeframe
23250 us: Info: MONITOR: Molecule: 	MC_Hz4_SW	was used	517	since in last timeframe
23250 us: Info: MONITOR: Molecule: 	DCT_4x4_SW	was used	247	since in last timeframe
23250 us: Info: MONITOR:    SI usages in last timeframe  	0	88	0	517	0	0	0	0	247	

23500 us: Info: MONITOR: Molecule: 	HT_2X2_SW	was used	80	since in last timeframe
23500 us: Info: MONITOR: Molecule: 	MC_Hz4_SW	was used	443	since in last timeframe
23500 us: Info: MONITOR: Molecule: 	LF_BS_4_4_SW	was used	22	since in last timeframe
23500 us: Info: MONITOR: Molecule: 	DCT_4x4_SW	was used	240	since in last timeframe
23500 us: Info: MONITOR:    SI usages in last timeframe  	0	80	0	443	0	0	22	0	240	

23750 us: Info: MONITOR: Molecule: 	LF_BS_4_4_SW	was used	257	since in last timeframe
23750 us: Info: MONITOR:    SI usages in last timeframe  	0	0	0	0	0	0	257	0	0	

24 ms: Info: MONITOR: Molecule: 	LF_BS_4_4_SW	was used	256	since in last timeframe
24 ms: Info: MONITOR:    SI usages in last timeframe  	0	0	0	0	0	0	256	0	0	

24250 us: Info: MONITOR: Molecule: 	LF_BS_4_4_SW	was used	257	since in last timeframe
24250 us: Info: MONITOR:    SI usages in last timeframe  	0	0	0	0	0	0	257	0	0	

24500 us: Info: MONITOR: Molecule: 	LF_BS_4_4_SW	was used	257	since in last timeframe
24500 us: Info: MONITOR:    SI usages in last timeframe  	0	0	0	0	0	0	257	0	0	

24750 us: Info: MONITOR: Molecule: 	LF_BS_4_4_SW	was used	256	since in last timeframe
24750 us: Info: MONITOR:    SI usages in last timeframe  	0	0	0	0	0	0	256	0	0	

25 ms: Info: MONITOR: Molecule: 	LF_BS_4_4_SW	was used	257	since in last timeframe
25 ms: Info: MONITOR:    SI usages in last timeframe  	0	0	0	0	0	0	257	0	0	

25250 us: Info: MONITOR: Molecule: 	LF_BS_4_4_SW	was used	256	since in last timeframe
25250 us: Info: MONITOR:    SI usages in last timeframe  	0	0	0	0	0	0	256	0	0	

25500 us: Info: MONITOR: Molecule: 	LF_BS_4_4_SW	was used	257	since in last timeframe
25500 us: Info: MONITOR:    SI usages in last timeframe  	0	0	0	0	0	0	257	0	0	

25750 us: Info: MONITOR: Molecule: 	LF_BS_4_4_SW	was used	256	since in last timeframe
25750 us: Info: MONITOR:    SI usages in last timeframe  	0	0	0	0	0	0	256	0	0	

26 ms: Info: MONITOR: Molecule: 	LF_BS_4_4_SW	was used	257	since in last timeframe
26 ms: Info: MONITOR:    SI usages in last timeframe  	0	0	0	0	0	0	257	0	0	

26250 us: Info: MONITOR: Molecule: 	LF_BS_4_4_SW	was used	257	since in last timeframe
26250 us: Info: MONITOR:    SI usages in last timeframe  	0	0	0	0	0	0	257	0	0	

26500 us: Info: MONITOR: Molecule: 	LF_BS_4_4_SW	was used	256	since in last timeframe
26500 us: Info: MONITOR:    SI usages in last timeframe  	0	0	0	0	0	0	256	0	0	

26750 us: Info: MONITOR: Molecule: 	SAD_16_HW_00	was used	268	since in last timeframe
26750 us: Info: MONITOR: Molecule: 	LF_BS_4_4_SW	was used	67	since in last timeframe
26750 us: Info: MONITOR: Molecule: 	SATD_4x4_HW_02	was used	828	since in last timeframe
26750 us: Info: MONITOR:    SI usages in last timeframe  	268	0	0	0	0	0	67	828	0	

27 ms: Info: MONITOR: Molecule: 	SAD_16_HW_00	was used	268	since in last timeframe
27 ms: Info: MONITOR: Molecule: 	SATD_4x4_HW_02	was used	1163	since in last timeframe
27 ms: Info: MONITOR:    SI usages in last timeframe  	268	0	0	0	0	0	0	1163	0	

27250 us: Info: MONITOR: Molecule: 	SAD_16_HW_00	was used	335	since in last timeframe
27250 us: Info: MONITOR: Molecule: 	SATD_4x4_HW_02	was used	1134	since in last timeframe
27250 us: Info: MONITOR:    SI usages in last timeframe  	335	0	0	0	0	0	0	1134	0	

27500 us: Info: MONITOR: Molecule: 	SAD_16_HW_00	was used	268	since in last timeframe
27500 us: Info: MONITOR: Molecule: 	SATD_4x4_HW_02	was used	1164	since in last timeframe
27500 us: Info: MONITOR:    SI usages in last timeframe  	268	0	0	0	0	0	0	1164	0	

27750 us: Info: MONITOR: Molecule: 	SAD_16_HW_00	was used	335	since in last timeframe
27750 us: Info: MONITOR: Molecule: 	SATD_4x4_HW_02	was used	1134	since in last timeframe
27750 us: Info: MONITOR:    SI usages in last timeframe  	335	0	0	0	0	0	0	1134	0	

28 ms: Info: MONITOR: Molecule: 	SAD_16_HW_00	was used	268	since in last timeframe
28 ms: Info: MONITOR: Molecule: 	SATD_4x4_HW_02	was used	1164	since in last timeframe
28 ms: Info: MONITOR:    SI usages in last timeframe  	268	0	0	0	0	0	0	1164	0	

28250 us: Info: MONITOR: Molecule: 	SAD_16_HW_00	was used	335	since in last timeframe
28250 us: Info: MONITOR: Molecule: 	SATD_4x4_HW_02	was used	1134	since in last timeframe
28250 us: Info: MONITOR:    SI usages in last timeframe  	335	0	0	0	0	0	0	1134	0	

28500 us: Info: MONITOR: Molecule: 	SAD_16_HW_00	was used	268	since in last timeframe
28500 us: Info: MONITOR: Molecule: 	SATD_4x4_HW_02	was used	1163	since in last timeframe
28500 us: Info: MONITOR:    SI usages in last timeframe  	268	0	0	0	0	0	0	1163	0	

28750 us: Info: MONITOR: Molecule: 	SAD_16_HW_00	was used	335	since in last timeframe
28750 us: Info: MONITOR: Molecule: 	SATD_4x4_HW_02	was used	1134	since in last timeframe
28750 us: Info: MONITOR:    SI usages in last timeframe  	335	0	0	0	0	0	0	1134	0	

29 ms: Info: MONITOR: Molecule: 	SAD_16_HW_00	was used	268	since in last timeframe
29 ms: Info: MONITOR: Molecule: 	SATD_4x4_HW_02	was used	1164	since in last timeframe
29 ms: Info: MONITOR:    SI usages in last timeframe  	268	0	0	0	0	0	0	1164	0	

29250 us: Info: MONITOR: Molecule: 	SAD_16_HW_00	was used	335	since in last timeframe
29250 us: Info: MONITOR: Molecule: 	SATD_4x4_HW_02	was used	1134	since in last timeframe
29250 us: Info: MONITOR:    SI usages in last timeframe  	335	0	0	0	0	0	0	1134	0	

29500 us: Info: MONITOR: Molecule: 	SAD_16_HW_00	was used	268	since in last timeframe
29500 us: Info: MONITOR: Molecule: 	SATD_4x4_HW_02	was used	1163	since in last timeframe
29500 us: Info: MONITOR:    SI usages in last timeframe  	268	0	0	0	0	0	0	1163	0	

29750 us: Info: MONITOR: Molecule: 	SAD_16_HW_00	was used	335	since in last timeframe
29750 us: Info: MONITOR: Molecule: 	SATD_4x4_HW_02	was used	1135	since in last timeframe
29750 us: Info: MONITOR:    SI usages in last timeframe  	335	0	0	0	0	0	0	1135	0	

30 ms: Info: MONITOR: Molecule: 	SAD_16_HW_00	was used	268	since in last timeframe
30 ms: Info: MONITOR: Molecule: 	SATD_4x4_HW_02	was used	1163	since in last timeframe
30 ms: Info: MONITOR:    SI usages in last timeframe  	268	0	0	0	0	0	0	1163	0	

30250 us: Info: MONITOR: Molecule: 	SAD_16_HW_00	was used	335	since in last timeframe
30250 us: Info: MONITOR: Molecule: 	SATD_4x4_HW_02	was used	1134	since in last timeframe
30250 us: Info: MONITOR:    SI usages in last timeframe  	335	0	0	0	0	0	0	1134	0	

30500 us: Info: MONITOR: Molecule: 	SAD_16_HW_00	was used	268	since in last timeframe
30500 us: Info: MONITOR: Molecule: 	SATD_4x4_HW_02	was used	1164	since in last timeframe
30500 us: Info: MONITOR:    SI usages in last timeframe  	268	0	0	0	0	0	0	1164	0	

30750 us: Info: MONITOR: Molecule: 	SAD_16_HW_00	was used	335	since in last timeframe
30750 us: Info: MONITOR: Molecule: 	SATD_4x4_HW_02	was used	1134	since in last timeframe
30750 us: Info: MONITOR:    SI usages in last timeframe  	335	0	0	0	0	0	0	1134	0	

31 ms: Info: MONITOR: Molecule: 	SAD_16_HW_00	was used	268	since in last timeframe
31 ms: Info: MONITOR: Molecule: 	SATD_4x4_HW_02	was used	1163	since in last timeframe
31 ms: Info: MONITOR:    SI usages in last timeframe  	268	0	0	0	0	0	0	1163	0	

31250 us: Info: MONITOR: Molecule: 	SAD_16_HW_00	was used	335	since in last timeframe
31250 us: Info: MONITOR: Molecule: 	SATD_4x4_HW_02	was used	1134	since in last timeframe
31250 us: Info: MONITOR:    SI usages in last timeframe  	335	0	0	0	0	0	0	1134	0	

31500 us: Info: MONITOR: Molecule: 	SAD_16_HW_00	was used	268	since in last timeframe
31500 us: Info: MONITOR: Molecule: 	SATD_4x4_HW_02	was used	1164	since in last timeframe
31500 us: Info: MONITOR:    SI usages in last timeframe  	268	0	0	0	0	0	0	1164	0	

31750 us: Info: MONITOR: Molecule: 	SAD_16_HW_00	was used	325	since in last timeframe
31750 us: Info: MONITOR: Molecule: 	SATD_4x4_HW_02	was used	1138	since in last timeframe
31750 us: Info: MONITOR:    SI usages in last timeframe  	325	0	0	0	0	0	0	1138	0	

32 ms: Info: MONITOR: Molecule: 	SAD_16_HW_00	was used	278	since in last timeframe
32 ms: Info: MONITOR: Molecule: 	SATD_4x4_HW_02	was used	1159	since in last timeframe
32 ms: Info: MONITOR:    SI usages in last timeframe  	278	0	0	0	0	0	0	1159	0	

32250 us: Info: MONITOR: Molecule: 	SAD_16_HW_00	was used	67	since in last timeframe
32250 us: Info: MONITOR: Molecule: 	HT_2X2_SW	was used	48	since in last timeframe
32250 us: Info: MONITOR: Molecule: 	MC_Hz4_SW	was used	384	since in last timeframe
32250 us: Info: MONITOR: Molecule: 	SATD_4x4_HW_02	was used	377	since in last timeframe
32250 us: Info: MONITOR: Molecule: 	DCT_4x4_SW	was used	158	since in last timeframe
32250 us: Info: MONITOR:    SI usages in last timeframe  	67	48	0	384	0	0	0	377	158	

32500 us: Info: MONITOR: Molecule: 	HT_2X2_SW	was used	88	since in last timeframe
32500 us: Info: MONITOR: Molecule: 	MC_Hz4_SW	was used	480	since in last timeframe
32500 us: Info: MONITOR: Molecule: 	DCT_4x4_SW	was used	265	since in last timeframe
32500 us: Info: MONITOR:    SI usages in last timeframe  	0	88	0	480	0	0	0	0	265	

32750 us: Info: MONITOR: Molecule: 	HT_2X2_SW	was used	88	since in last timeframe
32750 us: Info: MONITOR: Molecule: 	MC_Hz4_SW	was used	512	since in last timeframe
32750 us: Info: MONITOR: Molecule: 	DCT_4x4_SW	was used	249	since in last timeframe
32750 us: Info: MONITOR:    SI usages in last timeframe  	0	88	0	512	0	0	0	0	249	

33 ms: Info: MONITOR: Molecule: 	HT_2X2_SW	was used	80	since in last timeframe
33 ms: Info: MONITOR: Molecule: 	MC_Hz4_SW	was used	538	since in last timeframe
33 ms: Info: MONITOR: Molecule: 	DCT_4x4_SW	was used	240	since in last timeframe
33 ms: Info: MONITOR:    SI usages in last timeframe  	0	80	0	538	0	0	0	0	240	

33250 us: Info: MONITOR: Molecule: 	HT_2X2_SW	was used	80	since in last timeframe
33250 us: Info: MONITOR: Molecule: 	MC_Hz4_SW	was used	486	since in last timeframe
33250 us: Info: MONITOR: Molecule: 	DCT_4x4_SW	was used	264	since in last timeframe
33250 us: Info: MONITOR:    SI usages in last timeframe  	0	80	0	486	0	0	0	0	264	

33500 us: Info: MONITOR: Molecule: 	HT_2X2_SW	was used	88	since in last timeframe
33500 us: Info: MONITOR: Molecule: 	MC_Hz4_SW	was used	480	since in last timeframe
33500 us: Info: MONITOR: Molecule: 	DCT_4x4_SW	was used	264	since in last timeframe
33500 us: Info: MONITOR:    SI usages in last timeframe  	0	88	0	480	0	0	0	0	264	

33750 us: Info: MONITOR: Molecule: 	HT_2X2_SW	was used	88	since in last timeframe
33750 us: Info: MONITOR: Molecule: 	MC_Hz4_SW	was used	534	since in last timeframe
33750 us: Info: MONITOR: Molecule: 	DCT_4x4_SW	was used	240	since in last timeframe
33750 us: Info: MONITOR:    SI usages in last timeframe  	0	88	0	534	0	0	0	0	240	

34 ms: Info: MONITOR: Molecule: 	HT_2X2_SW	was used	80	since in last timeframe
34 ms: Info: MONITOR: Molecule: 	MC_Hz4_SW	was used	522	since in last timeframe
34 ms: Info: MONITOR: Molecule: 	DCT_4x4_SW	was used	247	since in last timeframe
34 ms: Info: MONITOR:    SI usages in last timeframe  	0	80	0	522	0	0	0	0	247	

34250 us: Info: MONITOR: Molecule: 	HT_2X2_SW	was used	88	since in last timeframe
34250 us: Info: MONITOR: Molecule: 	MC_Hz4_SW	was used	480	since in last timeframe
34250 us: Info: MONITOR: Molecule: 	DCT_4x4_SW	was used	265	since in last timeframe
34250 us: Info: MONITOR:    SI usages in last timeframe  	0	88	0	480	0	0	0	0	265	

34500 us: Info: MONITOR: Molecule: 	HT_2X2_SW	was used	88	since in last timeframe
34500 us: Info: MONITOR: Molecule: 	MC_Hz4_SW	was used	497	since in last timeframe
34500 us: Info: MONITOR: Molecule: 	DCT_4x4_SW	was used	256	since in last timeframe
34500 us: Info: MONITOR:    SI usages in last timeframe  	0	88	0	497	0	0	0	0	256	

34750 us: Info: MONITOR: Molecule: 	HT_2X2_SW	was used	80	since in last timeframe
34750 us: Info: MONITOR: Molecule: 	MC_Hz4_SW	was used	538	since in last timeframe
34750 us: Info: MONITOR: Molecule: 	DCT_4x4_SW	was used	240	since in last timeframe
34750 us: Info: MONITOR:    SI usages in last timeframe  	0	80	0	538	0	0	0	0	240	

35 ms: Info: MONITOR: Molecule: 	HT_2X2_SW	was used	80	since in last timeframe
35 ms: Info: MONITOR: Molecule: 	MC_Hz4_SW	was used	501	since in last timeframe
35 ms: Info: MONITOR: Molecule: 	DCT_4x4_SW	was used	257	since in last timeframe
35 ms: Info: MONITOR:    SI usages in last timeframe  	0	80	0	501	0	0	0	0	257	

35250 us: Info: MONITOR: Molecule: 	HT_2X2_SW	was used	88	since in last timeframe
35250 us: Info: MONITOR: Molecule: 	MC_Hz4_SW	was used	480	since in last timeframe
35250 us: Info: MONITOR: Molecule: 	DCT_4x4_SW	was used	265	since in last timeframe
35250 us: Info: MONITOR:    SI usages in last timeframe  	0	88	0	480	0	0	0	0	265	

35500 us: Info: MONITOR: Molecule: 	HT_2X2_SW	was used	88	since in last timeframe
35500 us: Info: MONITOR: Molecule: 	MC_Hz4_SW	was used	519	since in last timeframe
35500 us: Info: MONITOR: Molecule: 	DCT_4x4_SW	was used	246	since in last timeframe
35500 us: Info: MONITOR:    SI usages in last timeframe  	0	88	0	519	0	0	0	0	246	

35750 us: Info: MONITOR: Molecule: 	HT_2X2_SW	was used	80	since in last timeframe
35750 us: Info: MONITOR: Molecule: 	MC_Hz4_SW	was used	537	since in last timeframe
35750 us: Info: MONITOR: Molecule: 	DCT_4x4_SW	was used	241	since in last timeframe
35750 us: Info: MONITOR:    SI usages in last timeframe  	0	80	0	537	0	0	0	0	241	

36 ms: Info: MONITOR: Molecule: 	HT_2X2_SW	was used	88	since in last timeframe
36 ms: Info: MONITOR: Molecule: 	MC_Hz4_SW	was used	480	since in last timeframe
36 ms: Info: MONITOR: Molecule: 	DCT_4x4_SW	was used	264	since in last timeframe
36 ms: Info: MONITOR:    SI usages in last timeframe  	0	88	0	480	0	0	0	0	264	

36250 us: Info: MONITOR: Molecule: 	HT_2X2_SW	was used	88	since in last timeframe
36250 us: Info: MONITOR: Molecule: 	MC_Hz4_SW	was used	482	since in last timeframe
36250 us: Info: MONITOR: Molecule: 	DCT_4x4_SW	was used	263	since in last timeframe
36250 us: Info: MONITOR:    SI usages in last timeframe  	0	88	0	482	0	0	0	0	263	

36500 us: Info: MONITOR: Molecule: 	HT_2X2_SW	was used	80	since in last timeframe
36500 us: Info: MONITOR: Molecule: 	MC_Hz4_SW	was used	538	since in last timeframe
36500 us: Info: MONITOR: Molecule: 	DCT_4x4_SW	was used	240	since in last timeframe
36500 us: Info: MONITOR:    SI usages in last timeframe  	0	80	0	538	0	0	0	0	240	

36750 us: Info: MONITOR: Molecule: 	HT_2X2_SW	was used	80	since in last timeframe
36750 us: Info: MONITOR: Molecule: 	MC_Hz4_SW	was used	516	since in last timeframe
36750 us: Info: MONITOR: Molecule: 	DCT_4x4_SW	was used	250	since in last timeframe
36750 us: Info: MONITOR:    SI usages in last timeframe  	0	80	0	516	0	0	0	0	250	

37 ms: Info: MONITOR: Molecule: 	HT_2X2_SW	was used	16	since in last timeframe
37 ms: Info: MONITOR: Molecule: 	LF_BS_4_4_SW	was used	236	since in last timeframe
37 ms: Info: MONITOR: Molecule: 	DCT_4x4_SW	was used	38	since in last timeframe
37 ms: Info: MONITOR:    SI usages in last timeframe  	0	16	0	0	0	0	236	0	38	

37250 us: Info: MONITOR: Molecule: 	LF_BS_4_4_SW	was used	256	since in last timeframe
37250 us: Info: MONITOR:    SI usages in last timeframe  	0	0	0	0	0	0	256	0	0	

37500 us: Info: MONITOR: Molecule: 	LF_BS_4_4_SW	was used	257	since in last timeframe
37500 us: Info: MONITOR:    SI usages in last timeframe  	0	0	0	0	0	0	257	0	0	

37750 us: Info: MONITOR: Molecule: 	LF_BS_4_4_SW	was used	256	since in last timeframe
37750 us: Info: MONITOR:    SI usages in last timeframe  	0	0	0	0	0	0	256	0	0	

38 ms: Info: MONITOR: Molecule: 	LF_BS_4_4_SW	was used	257	since in last timeframe
38 ms: Info: MONITOR:    SI usages in last timeframe  	0	0	0	0	0	0	257	0	0	

38250 us: Info: MONITOR: Molecule: 	LF_BS_4_4_SW	was used	256	since in last timeframe
38250 us: Info: MONITOR:    SI usages in last timeframe  	0	0	0	0	0	0	256	0	0	

38500 us: Info: MONITOR: Molecule: 	LF_BS_4_4_SW	was used	257	since in last timeframe
38500 us: Info: MONITOR:    SI usages in last timeframe  	0	0	0	0	0	0	257	0	0	

38750 us: Info: MONITOR: Molecule: 	LF_BS_4_4_SW	was used	257	since in last timeframe
38750 us: Info: MONITOR:    SI usages in last timeframe  	0	0	0	0	0	0	257	0	0	

39 ms: Info: MONITOR: Molecule: 	LF_BS_4_4_SW	was used	256	since in last timeframe
39 ms: Info: MONITOR:    SI usages in last timeframe  	0	0	0	0	0	0	256	0	0	

39250 us: Info: MONITOR: Molecule: 	LF_BS_4_4_SW	was used	257	since in last timeframe
39250 us: Info: MONITOR:    SI usages in last timeframe  	0	0	0	0	0	0	257	0	0	

39500 us: Info: MONITOR: Molecule: 	LF_BS_4_4_SW	was used	256	since in last timeframe
39500 us: Info: MONITOR:    SI usages in last timeframe  	0	0	0	0	0	0	256	0	0	

39750 us: Info: MONITOR: Molecule: 	LF_BS_4_4_SW	was used	257	since in last timeframe
39750 us: Info: MONITOR:    SI usages in last timeframe  	0	0	0	0	0	0	257	0	0	

40 ms: Info: MONITOR: Molecule: 	SAD_16_HW_00	was used	201	since in last timeframe
40 ms: Info: MONITOR: Molecule: 	LF_BS_4_4_SW	was used	110	since in last timeframe
40 ms: Info: MONITOR: Molecule: 	SATD_4x4_HW_02	was used	641	since in last timeframe
40 ms: Info: MONITOR:    SI usages in last timeframe  	201	0	0	0	0	0	110	641	0	

40250 us: Info: MONITOR: Molecule: 	SAD_16_HW_00	was used	295	since in last timeframe
40250 us: Info: MONITOR: Molecule: 	SATD_4x4_HW_02	was used	1151	since in last timeframe
40250 us: Info: MONITOR:    SI usages in last timeframe  	295	0	0	0	0	0	0	1151	0	

40500 us: Info: MONITOR: Molecule: 	SAD_16_HW_00	was used	308	since in last timeframe
40500 us: Info: MONITOR: Molecule: 	SATD_4x4_HW_02	was used	1147	since in last timeframe
40500 us: Info: MONITOR:    SI usages in last timeframe  	308	0	0	0	0	0	0	1147	0	

40750 us: Info: MONITOR: Molecule: 	SAD_16_HW_00	was used	281	since in last timeframe
40750 us: Info: MONITOR: Molecule: 	SATD_4x4_HW_02	was used	1157	since in last timeframe
40750 us: Info: MONITOR:    SI usages in last timeframe  	281	0	0	0	0	0	0	1157	0	

41 ms: Info: MONITOR: Molecule: 	SAD_16_HW_00	was used	322	since in last timeframe
41 ms: Info: MONITOR: Molecule: 	SATD_4x4_HW_02	was used	1140	since in last timeframe
41 ms: Info: MONITOR:    SI usages in last timeframe  	322	0	0	0	0	0	0	1140	0	

41250 us: Info: MONITOR: Molecule: 	SAD_16_HW_00	was used	268	since in last timeframe
41250 us: Info: MONITOR: Molecule: 	SATD_4x4_HW_02	was used	1164	since in last timeframe
41250 us: Info: MONITOR:    SI usages in last timeframe  	268	0	0	0	0	0	0	1164	0	

41500 us: Info: MONITOR: Molecule: 	SAD_16_HW_00	was used	335	since in last timeframe
41500 us: Info: MONITOR: Molecule: 	SATD_4x4_HW_02	was used	1134	since in last timeframe
41500 us: Info: MONITOR:    SI usages in last timeframe  	335	0	0	0	0	0	0	1134	0	

41750 us: Info: MONITOR: Molecule: 	SAD_16_HW_00	was used	268	since in last timeframe
41750 us: Info: MONITOR: Molecule: 	SATD_4x4_HW_02	was used	1163	since in last timeframe
41750 us: Info: MONITOR:    SI usages in last timeframe  	268	0	0	0	0	0	0	1163	0	

42 ms: Info: MONITOR: Molecule: 	SAD_16_HW_00	was used	335	since in last timeframe
42 ms: Info: MONITOR: Molecule: 	SATD_4x4_HW_02	was used	1135	since in last timeframe
42 ms: Info: MONITOR:    SI usages in last timeframe  	335	0	0	0	0	0	0	1135	0	

42250 us: Info: MONITOR: Molecule: 	SAD_16_HW_00	was used	268	since in last timeframe
42250 us: Info: MONITOR: Molecule: 	SATD_4x4_HW_02	was used	1163	since in last timeframe
42250 us: Info: MONITOR:    SI usages in last timeframe  	268	0	0	0	0	0	0	1163	0	

42500 us: Info: MONITOR: Molecule: 	SAD_16_HW_00	was used	335	since in last timeframe
42500 us: Info: MONITOR: Molecule: 	SATD_4x4_HW_02	was used	1134	since in last timeframe
42500 us: Info: MONITOR:    SI usages in last timeframe  	335	0	0	0	0	0	0	1134	0	

42750 us: Info: MONITOR: Molecule: 	SAD_16_HW_00	was used	268	since in last timeframe
42750 us: Info: MONITOR: Molecule: 	SATD_4x4_HW_02	was used	1164	since in last timeframe
42750 us: Info: MONITOR:    SI usages in last timeframe  	268	0	0	0	0	0	0	1164	0	

43 ms: Info: MONITOR: Molecule: 	SAD_16_HW_00	was used	335	since in last timeframe
43 ms: Info: MONITOR: Molecule: 	SATD_4x4_HW_02	was used	1134	since in last timeframe
43 ms: Info: MONITOR:    SI usages in last timeframe  	335	0	0	0	0	0	0	1134	0	

43250 us: Info: MONITOR: Molecule: 	SAD_16_HW_00	was used	268	since in last timeframe
43250 us: Info: MONITOR: Molecule: 	SATD_4x4_HW_02	was used	1163	since in last timeframe
43250 us: Info: MONITOR:    SI usages in last timeframe  	268	0	0	0	0	0	0	1163	0	

43500 us: Info: MONITOR: Molecule: 	SAD_16_HW_00	was used	335	since in last timeframe
43500 us: Info: MONITOR: Molecule: 	SATD_4x4_HW_02	was used	1134	since in last timeframe
43500 us: Info: MONITOR:    SI usages in last timeframe  	335	0	0	0	0	0	0	1134	0	

43750 us: Info: MONITOR: Molecule: 	SAD_16_HW_00	was used	268	since in last timeframe
43750 us: Info: MONITOR: Molecule: 	SATD_4x4_HW_02	was used	1164	since in last timeframe
43750 us: Info: MONITOR:    SI usages in last timeframe  	268	0	0	0	0	0	0	1164	0	

44 ms: Info: MONITOR: Molecule: 	SAD_16_HW_00	was used	335	since in last timeframe
44 ms: Info: MONITOR: Molecule: 	SATD_4x4_HW_02	was used	1134	since in last timeframe
44 ms: Info: MONITOR:    SI usages in last timeframe  	335	0	0	0	0	0	0	1134	0	

44250 us: Info: MONITOR: Molecule: 	SAD_16_HW_00	was used	268	since in last timeframe
44250 us: Info: MONITOR: Molecule: 	SATD_4x4_HW_02	was used	1164	since in last timeframe
44250 us: Info: MONITOR:    SI usages in last timeframe  	268	0	0	0	0	0	0	1164	0	

44500 us: Info: MONITOR: Molecule: 	SAD_16_HW_00	was used	335	since in last timeframe
44500 us: Info: MONITOR: Molecule: 	SATD_4x4_HW_02	was used	1134	since in last timeframe
44500 us: Info: MONITOR:    SI usages in last timeframe  	335	0	0	0	0	0	0	1134	0	

44750 us: Info: MONITOR: Molecule: 	SAD_16_HW_00	was used	268	since in last timeframe
44750 us: Info: MONITOR: Molecule: 	SATD_4x4_HW_02	was used	1163	since in last timeframe
44750 us: Info: MONITOR:    SI usages in last timeframe  	268	0	0	0	0	0	0	1163	0	

45 ms: Info: MONITOR: Molecule: 	SAD_16_HW_00	was used	335	since in last timeframe
45 ms: Info: MONITOR: Molecule: 	SATD_4x4_HW_02	was used	1134	since in last timeframe
45 ms: Info: MONITOR:    SI usages in last timeframe  	335	0	0	0	0	0	0	1134	0	

45250 us: Info: MONITOR: Molecule: 	SAD_16_HW_00	was used	268	since in last timeframe
45250 us: Info: MONITOR: Molecule: 	SATD_4x4_HW_02	was used	1164	since in last timeframe
45250 us: Info: MONITOR:    SI usages in last timeframe  	268	0	0	0	0	0	0	1164	0	

45500 us: Info: MONITOR: Molecule: 	SAD_16_HW_00	was used	134	since in last timeframe
45500 us: Info: MONITOR: Molecule: 	HT_2X2_SW	was used	33	since in last timeframe
45500 us: Info: MONITOR: Molecule: 	MC_Hz4_SW	was used	288	since in last timeframe
45500 us: Info: MONITOR: Molecule: 	SATD_4x4_HW_02	was used	563	since in last timeframe
45500 us: Info: MONITOR: Molecule: 	DCT_4x4_SW	was used	120	since in last timeframe
45500 us: Info: MONITOR:    SI usages in last timeframe  	134	33	0	288	0	0	0	563	120	

45750 us: Info: MONITOR: Molecule: 	HT_2X2_SW	was used	90	since in last timeframe
45750 us: Info: MONITOR: Molecule: 	MC_Hz4_SW	was used	480	since in last timeframe
45750 us: Info: MONITOR: Molecule: 	DCT_4x4_SW	was used	264	since in last timeframe
45750 us: Info: MONITOR:    SI usages in last timeframe  	0	90	0	480	0	0	0	0	264	

46 ms: Info: MONITOR: Molecule: 	HT_2X2_SW	was used	85	since in last timeframe
46 ms: Info: MONITOR: Molecule: 	MC_Hz4_SW	was used	535	since in last timeframe
46 ms: Info: MONITOR: Molecule: 	DCT_4x4_SW	was used	240	since in last timeframe
46 ms: Info: MONITOR:    SI usages in last timeframe  	0	85	0	535	0	0	0	0	240	

46250 us: Info: MONITOR: Molecule: 	HT_2X2_SW	was used	88	since in last timeframe
46250 us: Info: MONITOR: Molecule: 	HT_4X4_HW_01	was used	2	since in last timeframe
46250 us: Info: MONITOR: Molecule: 	MC_Hz4_SW	was used	425	since in last timeframe
46250 us: Info: MONITOR: Molecule: 	IPred_HDC16x16_SW	was used	8	since in last timeframe
46250 us: Info: MONITOR: Molecule: 	IPred_VDC16x16_SW	was used	8	since in last timeframe
46250 us: Info: MONITOR: Molecule: 	DCT_4x4_SW	was used	284	since in last timeframe
46250 us: Info: MONITOR:    SI usages in last timeframe  	0	88	2	425	8	8	0	0	284	

46500 us: Info: MONITOR: Molecule: 	HT_2X2_SW	was used	88	since in last timeframe
46500 us: Info: MONITOR: Molecule: 	MC_Hz4_SW	was used	524	since in last timeframe
46500 us: Info: MONITOR: Molecule: 	DCT_4x4_SW	was used	244	since in last timeframe
46500 us: Info: MONITOR:    SI usages in last timeframe  	0	88	0	524	0	0	0	0	244	

46750 us: Info: MONITOR: Molecule: 	HT_2X2_SW	was used	80	since in last timeframe
46750 us: Info: MONITOR: Molecule: 	MC_Hz4_SW	was used	532	since in last timeframe
46750 us: Info: MONITOR: Molecule: 	DCT_4x4_SW	was used	243	since in last timeframe
46750 us: Info: MONITOR:    SI usages in last timeframe  	0	80	0	532	0	0	0	0	243	

47 ms: Info: MONITOR: Molecule: 	HT_2X2_SW	was used	88	since in last timeframe
47 ms: Info: MONITOR: Molecule: 	MC_Hz4_SW	was used	480	since in last timeframe
47 ms: Info: MONITOR: Molecule: 	DCT_4x4_SW	was used	265	since in last timeframe
47 ms: Info: MONITOR:    SI usages in last timeframe  	0	88	0	480	0	0	0	0	265	

47250 us: Info: MONITOR: Molecule: 	HT_2X2_SW	was used	88	since in last timeframe
47250 us: Info: MONITOR: Molecule: 	MC_Hz4_SW	was used	488	since in last timeframe
47250 us: Info: MONITOR: Molecule: 	DCT_4x4_SW	was used	260	since in last timeframe
47250 us: Info: MONITOR:    SI usages in last timeframe  	0	88	0	488	0	0	0	0	260	

47500 us: Info: MONITOR: Molecule: 	HT_2X2_SW	was used	80	since in last timeframe
47500 us: Info: MONITOR: Molecule: 	MC_Hz4_SW	was used	538	since in last timeframe
47500 us: Info: MONITOR: Molecule: 	DCT_4x4_SW	was used	240	since in last timeframe
47500 us: Info: MONITOR:    SI usages in last timeframe  	0	80	0	538	0	0	0	0	240	

47750 us: Info: MONITOR: Molecule: 	HT_2X2_SW	was used	80	since in last timeframe
47750 us: Info: MONITOR: Molecule: 	MC_Hz4_SW	was used	510	since in last timeframe
47750 us: Info: MONITOR: Molecule: 	DCT_4x4_SW	was used	253	since in last timeframe
47750 us: Info: MONITOR:    SI usages in last timeframe  	0	80	0	510	0	0	0	0	253	

48 ms: Info: MONITOR: Molecule: 	HT_2X2_SW	was used	88	since in last timeframe
48 ms: Info: MONITOR: Molecule: 	MC_Hz4_SW	was used	480	since in last timeframe
48 ms: Info: MONITOR: Molecule: 	DCT_4x4_SW	was used	264	since in last timeframe
48 ms: Info: MONITOR:    SI usages in last timeframe  	0	88	0	480	0	0	0	0	264	

48250 us: Info: MONITOR: Molecule: 	HT_2X2_SW	was used	88	since in last timeframe
48250 us: Info: MONITOR: Molecule: 	MC_Hz4_SW	was used	509	since in last timeframe
48250 us: Info: MONITOR: Molecule: 	DCT_4x4_SW	was used	251	since in last timeframe
48250 us: Info: MONITOR:    SI usages in last timeframe  	0	88	0	509	0	0	0	0	251	

48500 us: Info: MONITOR: Molecule: 	HT_2X2_SW	was used	80	since in last timeframe
48500 us: Info: MONITOR: Molecule: 	MC_Hz4_SW	was used	539	since in last timeframe
48500 us: Info: MONITOR: Molecule: 	DCT_4x4_SW	was used	240	since in last timeframe
48500 us: Info: MONITOR:    SI usages in last timeframe  	0	80	0	539	0	0	0	0	240	

48750 us: Info: MONITOR: Molecule: 	HT_2X2_SW	was used	80	since in last timeframe
48750 us: Info: MONITOR: Molecule: 	MC_Hz4_SW	was used	488	since in last timeframe
48750 us: Info: MONITOR: Molecule: 	DCT_4x4_SW	was used	263	since in last timeframe
48750 us: Info: MONITOR:    SI usages in last timeframe  	0	80	0	488	0	0	0	0	263	

49 ms: Info: MONITOR: Molecule: 	HT_2X2_SW	was used	88	since in last timeframe
49 ms: Info: MONITOR: Molecule: 	MC_Hz4_SW	was used	480	since in last timeframe
49 ms: Info: MONITOR: Molecule: 	DCT_4x4_SW	was used	264	since in last timeframe
49 ms: Info: MONITOR:    SI usages in last timeframe  	0	88	0	480	0	0	0	0	264	

49250 us: Info: MONITOR: Molecule: 	HT_2X2_SW	was used	88	since in last timeframe
49250 us: Info: MONITOR: Molecule: 	MC_Hz4_SW	was used	531	since in last timeframe
49250 us: Info: MONITOR: Molecule: 	DCT_4x4_SW	was used	241	since in last timeframe
49250 us: Info: MONITOR:    SI usages in last timeframe  	0	88	0	531	0	0	0	0	241	

49500 us: Info: MONITOR: Molecule: 	HT_2X2_SW	was used	80	since in last timeframe
49500 us: Info: MONITOR: Molecule: 	MC_Hz4_SW	was used	525	since in last timeframe
49500 us: Info: MONITOR: Molecule: 	DCT_4x4_SW	was used	246	since in last timeframe
49500 us: Info: MONITOR:    SI usages in last timeframe  	0	80	0	525	0	0	0	0	246	

49750 us: Info: MONITOR: Molecule: 	HT_2X2_SW	was used	88	since in last timeframe
49750 us: Info: MONITOR: Molecule: 	MC_Hz4_SW	was used	480	since in last timeframe
49750 us: Info: MONITOR: Molecule: 	DCT_4x4_SW	was used	265	since in last timeframe
49750 us: Info: MONITOR:    SI usages in last timeframe  	0	88	0	480	0	0	0	0	265	

50 ms: Info: MONITOR: Molecule: 	HT_2X2_SW	was used	88	since in last timeframe
50 ms: Info: MONITOR: Molecule: 	MC_Hz4_SW	was used	494	since in last timeframe
50 ms: Info: MONITOR: Molecule: 	DCT_4x4_SW	was used	257	since in last timeframe
50 ms: Info: MONITOR:    SI usages in last timeframe  	0	88	0	494	0	0	0	0	257	

50250 us: Info: MONITOR: Molecule: 	HT_2X2_SW	was used	16	since in last timeframe
50250 us: Info: MONITOR: Molecule: 	MC_Hz4_SW	was used	82	since in last timeframe
50250 us: Info: MONITOR: Molecule: 	LF_BS_4_4_SW	was used	212	since in last timeframe
50250 us: Info: MONITOR: Molecule: 	DCT_4x4_SW	was used	48	since in last timeframe
50250 us: Info: MONITOR:    SI usages in last timeframe  	0	16	0	82	0	0	212	0	48	

50500 us: Info: MONITOR: Molecule: 	LF_BS_4_4_SW	was used	256	since in last timeframe
50500 us: Info: MONITOR:    SI usages in last timeframe  	0	0	0	0	0	0	256	0	0	

50750 us: Info: MONITOR: Molecule: 	LF_BS_4_4_SW	was used	257	since in last timeframe
50750 us: Info: MONITOR:    SI usages in last timeframe  	0	0	0	0	0	0	257	0	0	

51 ms: Info: MONITOR: Molecule: 	LF_BS_4_4_SW	was used	256	since in last timeframe
51 ms: Info: MONITOR:    SI usages in last timeframe  	0	0	0	0	0	0	256	0	0	

51250 us: Info: MONITOR: Molecule: 	LF_BS_4_4_SW	was used	257	since in last timeframe
51250 us: Info: MONITOR:    SI usages in last timeframe  	0	0	0	0	0	0	257	0	0	

51500 us: Info: MONITOR: Molecule: 	LF_BS_4_4_SW	was used	257	since in last timeframe
51500 us: Info: MONITOR:    SI usages in last timeframe  	0	0	0	0	0	0	257	0	0	

51750 us: Info: MONITOR: Molecule: 	LF_BS_4_4_SW	was used	256	since in last timeframe
51750 us: Info: MONITOR:    SI usages in last timeframe  	0	0	0	0	0	0	256	0	0	

52 ms: Info: MONITOR: Molecule: 	LF_BS_4_4_SW	was used	257	since in last timeframe
52 ms: Info: MONITOR:    SI usages in last timeframe  	0	0	0	0	0	0	257	0	0	

52250 us: Info: MONITOR: Molecule: 	LF_BS_4_4_SW	was used	256	since in last timeframe
52250 us: Info: MONITOR:    SI usages in last timeframe  	0	0	0	0	0	0	256	0	0	

52500 us: Info: MONITOR: Molecule: 	LF_BS_4_4_SW	was used	257	since in last timeframe
52500 us: Info: MONITOR:    SI usages in last timeframe  	0	0	0	0	0	0	257	0	0	

52750 us: Info: MONITOR: Molecule: 	LF_BS_4_4_SW	was used	256	since in last timeframe
52750 us: Info: MONITOR:    SI usages in last timeframe  	0	0	0	0	0	0	256	0	0	

53 ms: Info: MONITOR: Molecule: 	LF_BS_4_4_SW	was used	257	since in last timeframe
53 ms: Info: MONITOR:    SI usages in last timeframe  	0	0	0	0	0	0	257	0	0	

53250 us: Info: MONITOR: Molecule: 	SAD_16_HW_00	was used	201	since in last timeframe
53250 us: Info: MONITOR: Molecule: 	LF_BS_4_4_SW	was used	134	since in last timeframe
53250 us: Info: MONITOR: Molecule: 	SATD_4x4_HW_02	was used	521	since in last timeframe
53250 us: Info: MONITOR:    SI usages in last timeframe  	201	0	0	0	0	0	134	521	0	

53500 us: Info: MONITOR: Molecule: 	SAD_16_HW_00	was used	268	since in last timeframe
53500 us: Info: MONITOR: Molecule: 	SATD_4x4_HW_02	was used	1164	since in last timeframe
53500 us: Info: MONITOR:    SI usages in last timeframe  	268	0	0	0	0	0	0	1164	0	

53750 us: Info: MONITOR: Molecule: 	SAD_16_HW_00	was used	335	since in last timeframe
53750 us: Info: MONITOR: Molecule: 	SATD_4x4_HW_02	was used	1134	since in last timeframe
53750 us: Info: MONITOR:    SI usages in last timeframe  	335	0	0	0	0	0	0	1134	0	

54 ms: Info: MONITOR: Molecule: 	SAD_16_HW_00	was used	268	since in last timeframe
54 ms: Info: MONITOR: Molecule: 	SATD_4x4_HW_02	was used	1164	since in last timeframe
54 ms: Info: MONITOR:    SI usages in last timeframe  	268	0	0	0	0	0	0	1164	0	

54250 us: Info: MONITOR: Molecule: 	SAD_16_HW_00	was used	327	since in last timeframe
54250 us: Info: MONITOR: Molecule: 	SATD_4x4_HW_02	was used	1137	since in last timeframe
54250 us: Info: MONITOR:    SI usages in last timeframe  	327	0	0	0	0	0	0	1137	0	

54500 us: Info: MONITOR: Molecule: 	SAD_16_HW_00	was used	276	since in last timeframe
54500 us: Info: MONITOR: Molecule: 	SATD_4x4_HW_02	was used	1160	since in last timeframe
54500 us: Info: MONITOR:    SI usages in last timeframe  	276	0	0	0	0	0	0	1160	0	

54750 us: Info: MONITOR: Molecule: 	SAD_16_HW_00	was used	312	since in last timeframe
54750 us: Info: MONITOR: Molecule: 	SATD_4x4_HW_02	was used	1144	since in last timeframe
54750 us: Info: MONITOR:    SI usages in last timeframe  	312	0	0	0	0	0	0	1144	0	

55 ms: Info: MONITOR: Molecule: 	SAD_16_HW_00	was used	291	since in last timeframe
55 ms: Info: MONITOR: Molecule: 	SATD_4x4_HW_02	was used	1154	since in last timeframe
55 ms: Info: MONITOR:    SI usages in last timeframe  	291	0	0	0	0	0	0	1154	0	

55250 us: Info: MONITOR: Molecule: 	SAD_16_HW_00	was used	297	since in last timeframe
55250 us: Info: MONITOR: Molecule: 	SATD_4x4_HW_02	was used	1150	since in last timeframe
55250 us: Info: MONITOR:    SI usages in last timeframe  	297	0	0	0	0	0	0	1150	0	

55500 us: Info: MONITOR: Molecule: 	SAD_16_HW_00	was used	306	since in last timeframe
55500 us: Info: MONITOR: Molecule: 	SATD_4x4_HW_02	was used	1147	since in last timeframe
55500 us: Info: MONITOR:    SI usages in last timeframe  	306	0	0	0	0	0	0	1147	0	

55750 us: Info: MONITOR: Molecule: 	SAD_16_HW_00	was used	282	since in last timeframe
55750 us: Info: MONITOR: Molecule: 	SATD_4x4_HW_02	was used	1157	since in last timeframe
55750 us: Info: MONITOR:    SI usages in last timeframe  	282	0	0	0	0	0	0	1157	0	

56 ms: Info: MONITOR: Molecule: 	SAD_16_HW_00	was used	321	since in last timeframe
56 ms: Info: MONITOR: Molecule: 	SATD_4x4_HW_02	was used	1141	since in last timeframe
56 ms: Info: MONITOR:    SI usages in last timeframe  	321	0	0	0	0	0	0	1141	0	

56250 us: Info: MONITOR: Molecule: 	SAD_16_HW_00	was used	268	since in last timeframe
56250 us: Info: MONITOR: Molecule: 	SATD_4x4_HW_02	was used	1163	since in last timeframe
56250 us: Info: MONITOR:    SI usages in last timeframe  	268	0	0	0	0	0	0	1163	0	

56500 us: Info: MONITOR: Molecule: 	SAD_16_HW_00	was used	335	since in last timeframe
56500 us: Info: MONITOR: Molecule: 	SATD_4x4_HW_02	was used	1135	since in last timeframe
56500 us: Info: MONITOR:    SI usages in last timeframe  	335	0	0	0	0	0	0	1135	0	

56750 us: Info: MONITOR: Molecule: 	SAD_16_HW_00	was used	268	since in last timeframe
56750 us: Info: MONITOR: Molecule: 	SATD_4x4_HW_02	was used	1163	since in last timeframe
56750 us: Info: MONITOR:    SI usages in last timeframe  	268	0	0	0	0	0	0	1163	0	

57 ms: Info: MONITOR: Molecule: 	SAD_16_HW_00	was used	335	since in last timeframe
57 ms: Info: MONITOR: Molecule: 	SATD_4x4_HW_02	was used	1134	since in last timeframe
57 ms: Info: MONITOR:    SI usages in last timeframe  	335	0	0	0	0	0	0	1134	0	

57250 us: Info: MONITOR: Molecule: 	SAD_16_HW_00	was used	268	since in last timeframe
57250 us: Info: MONITOR: Molecule: 	SATD_4x4_HW_02	was used	1164	since in last timeframe
57250 us: Info: MONITOR:    SI usages in last timeframe  	268	0	0	0	0	0	0	1164	0	

57500 us: Info: MONITOR: Molecule: 	SAD_16_HW_00	was used	335	since in last timeframe
57500 us: Info: MONITOR: Molecule: 	SATD_4x4_HW_02	was used	1134	since in last timeframe
57500 us: Info: MONITOR:    SI usages in last timeframe  	335	0	0	0	0	0	0	1134	0	

57750 us: Info: MONITOR: Molecule: 	SAD_16_HW_00	was used	268	since in last timeframe
57750 us: Info: MONITOR: Molecule: 	SATD_4x4_HW_02	was used	1163	since in last timeframe
57750 us: Info: MONITOR:    SI usages in last timeframe  	268	0	0	0	0	0	0	1163	0	

58 ms: Info: MONITOR: Molecule: 	SAD_16_HW_00	was used	335	since in last timeframe
58 ms: Info: MONITOR: Molecule: 	SATD_4x4_HW_02	was used	1134	since in last timeframe
58 ms: Info: MONITOR:    SI usages in last timeframe  	335	0	0	0	0	0	0	1134	0	

58250 us: Info: MONITOR: Molecule: 	SAD_16_HW_00	was used	268	since in last timeframe
58250 us: Info: MONITOR: Molecule: 	SATD_4x4_HW_02	was used	1164	since in last timeframe
58250 us: Info: MONITOR:    SI usages in last timeframe  	268	0	0	0	0	0	0	1164	0	

58500 us: Info: MONITOR: Molecule: 	SAD_16_HW_00	was used	335	since in last timeframe
58500 us: Info: MONITOR: Molecule: 	SATD_4x4_HW_02	was used	1134	since in last timeframe
58500 us: Info: MONITOR:    SI usages in last timeframe  	335	0	0	0	0	0	0	1134	0	

58750 us: Info: MONITOR: Molecule: 	SAD_16_HW_00	was used	134	since in last timeframe
58750 us: Info: MONITOR: Molecule: 	HT_2X2_SW	was used	32	since in last timeframe
58750 us: Info: MONITOR: Molecule: 	MC_Hz4_SW	was used	238	since in last timeframe
58750 us: Info: MONITOR: Molecule: 	SATD_4x4_HW_02	was used	683	since in last timeframe
58750 us: Info: MONITOR: Molecule: 	DCT_4x4_SW	was used	96	since in last timeframe
58750 us: Info: MONITOR:    SI usages in last timeframe  	134	32	0	238	0	0	0	683	96	

59 ms: Info: MONITOR: Molecule: 	HT_2X2_SW	was used	80	since in last timeframe
59 ms: Info: MONITOR: Molecule: 	MC_Hz4_SW	was used	530	since in last timeframe
59 ms: Info: MONITOR: Molecule: 	DCT_4x4_SW	was used	244	since in last timeframe
59 ms: Info: MONITOR:    SI usages in last timeframe  	0	80	0	530	0	0	0	0	244	

59250 us: Info: MONITOR: Molecule: 	HT_2X2_SW	was used	88	since in last timeframe
59250 us: Info: MONITOR: Molecule: 	MC_Hz4_SW	was used	480	since in last timeframe
59250 us: Info: MONITOR: Molecule: 	DCT_4x4_SW	was used	264	since in last timeframe
59250 us: Info: MONITOR:    SI usages in last timeframe  	0	88	0	480	0	0	0	0	264	

59500 us: Info: MONITOR: Molecule: 	HT_2X2_SW	was used	88	since in last timeframe
59500 us: Info: MONITOR: Molecule: 	MC_Hz4_SW	was used	489	since in last timeframe
59500 us: Info: MONITOR: Molecule: 	DCT_4x4_SW	was used	260	since in last timeframe
59500 us: Info: MONITOR:    SI usages in last timeframe  	0	88	0	489	0	0	0	0	260	

59750 us: Info: MONITOR: Molecule: 	HT_2X2_SW	was used	80	since in last timeframe
59750 us: Info: MONITOR: Molecule: 	MC_Hz4_SW	was used	539	since in last timeframe
59750 us: Info: MONITOR: Molecule: 	DCT_4x4_SW	was used	240	since in last timeframe
59750 us: Info: MONITOR:    SI usages in last timeframe  	0	80	0	539	0	0	0	0	240	

60 ms: Info: MONITOR: Molecule: 	HT_2X2_SW	was used	80	since in last timeframe
60 ms: Info: MONITOR: Molecule: 	MC_Hz4_SW	was used	508	since in last timeframe
60 ms: Info: MONITOR: Molecule: 	DCT_4x4_SW	was used	254	since in last timeframe
60 ms: Info: MONITOR:    SI usages in last timeframe  	0	80	0	508	0	0	0	0	254	

60250 us: Info: MONITOR: Molecule: 	HT_2X2_SW	was used	88	since in last timeframe
60250 us: Info: MONITOR: Molecule: 	MC_Hz4_SW	was used	480	since in last timeframe
60250 us: Info: MONITOR: Molecule: 	DCT_4x4_SW	was used	264	since in last timeframe
60250 us: Info: MONITOR:    SI usages in last timeframe  	0	88	0	480	0	0	0	0	264	

60500 us: Info: MONITOR: Molecule: 	HT_2X2_SW	was used	88	since in last timeframe
60500 us: Info: MONITOR: Molecule: 	MC_Hz4_SW	was used	511	since in last timeframe
60500 us: Info: MONITOR: Molecule: 	DCT_4x4_SW	was used	250	since in last timeframe
60500 us: Info: MONITOR:    SI usages in last timeframe  	0	88	0	511	0	0	0	0	250	

60750 us: Info: MONITOR: Molecule: 	HT_2X2_SW	was used	80	since in last timeframe
60750 us: Info: MONITOR: Molecule: 	MC_Hz4_SW	was used	538	since in last timeframe
60750 us: Info: MONITOR: Molecule: 	DCT_4x4_SW	was used	240	since in last timeframe
60750 us: Info: MONITOR:    SI usages in last timeframe  	0	80	0	538	0	0	0	0	240	

61 ms: Info: MONITOR: Molecule: 	HT_2X2_SW	was used	80	since in last timeframe
61 ms: Info: MONITOR: Molecule: 	MC_Hz4_SW	was used	487	since in last timeframe
61 ms: Info: MONITOR: Molecule: 	DCT_4x4_SW	was used	263	since in last timeframe
61 ms: Info: MONITOR:    SI usages in last timeframe  	0	80	0	487	0	0	0	0	263	

61250 us: Info: MONITOR: Molecule: 	HT_2X2_SW	was used	88	since in last timeframe
61250 us: Info: MONITOR: Molecule: 	MC_Hz4_SW	was used	480	since in last timeframe
61250 us: Info: MONITOR: Molecule: 	DCT_4x4_SW	was used	265	since in last timeframe
61250 us: Info: MONITOR:    SI usages in last timeframe  	0	88	0	480	0	0	0	0	265	

61500 us: Info: MONITOR: Molecule: 	HT_2X2_SW	was used	88	since in last timeframe
61500 us: Info: MONITOR: Molecule: 	MC_Hz4_SW	was used	533	since in last timeframe
61500 us: Info: MONITOR: Molecule: 	DCT_4x4_SW	was used	240	since in last timeframe
61500 us: Info: MONITOR:    SI usages in last timeframe  	0	88	0	533	0	0	0	0	240	

61750 us: Info: MONITOR: Molecule: 	HT_2X2_SW	was used	80	since in last timeframe
61750 us: Info: MONITOR: Molecule: 	MC_Hz4_SW	was used	523	since in last timeframe
61750 us: Info: MONITOR: Molecule: 	DCT_4x4_SW	was used	247	since in last timeframe
61750 us: Info: MONITOR:    SI usages in last timeframe  	0	80	0	523	0	0	0	0	247	

62 ms: Info: MONITOR: Molecule: 	HT_2X2_SW	was used	88	since in last timeframe
62 ms: Info: MONITOR: Molecule: 	MC_Hz4_SW	was used	480	since in last timeframe
62 ms: Info: MONITOR: Molecule: 	DCT_4x4_SW	was used	264	since in last timeframe
62 ms: Info: MONITOR:    SI usages in last timeframe  	0	88	0	480	0	0	0	0	264	

62250 us: Info: MONITOR: Molecule: 	HT_2X2_SW	was used	88	since in last timeframe
62250 us: Info: MONITOR: Molecule: 	MC_Hz4_SW	was used	496	since in last timeframe
62250 us: Info: MONITOR: Molecule: 	DCT_4x4_SW	was used	257	since in last timeframe
62250 us: Info: MONITOR:    SI usages in last timeframe  	0	88	0	496	0	0	0	0	257	

62500 us: Info: MONITOR: Molecule: 	HT_2X2_SW	was used	80	since in last timeframe
62500 us: Info: MONITOR: Molecule: 	MC_Hz4_SW	was used	538	since in last timeframe
62500 us: Info: MONITOR: Molecule: 	DCT_4x4_SW	was used	240	since in last timeframe
62500 us: Info: MONITOR:    SI usages in last timeframe  	0	80	0	538	0	0	0	0	240	

62750 us: Info: MONITOR: Molecule: 	HT_2X2_SW	was used	80	since in last timeframe
62750 us: Info: MONITOR: Molecule: 	MC_Hz4_SW	was used	502	since in last timeframe
62750 us: Info: MONITOR: Molecule: 	DCT_4x4_SW	was used	257	since in last timeframe
62750 us: Info: MONITOR:    SI usages in last timeframe  	0	80	0	502	0	0	0	0	257	

63 ms: Info: MONITOR: Molecule: 	HT_2X2_SW	was used	88	since in last timeframe
63 ms: Info: MONITOR: Molecule: 	MC_Hz4_SW	was used	480	since in last timeframe
63 ms: Info: MONITOR: Molecule: 	DCT_4x4_SW	was used	264	since in last timeframe
63 ms: Info: MONITOR:    SI usages in last timeframe  	0	88	0	480	0	0	0	0	264	

63250 us: Info: MONITOR: Molecule: 	HT_2X2_SW	was used	88	since in last timeframe
63250 us: Info: MONITOR: Molecule: 	MC_Hz4_SW	was used	518	since in last timeframe
63250 us: Info: MONITOR: Molecule: 	DCT_4x4_SW	was used	247	since in last timeframe
63250 us: Info: MONITOR:    SI usages in last timeframe  	0	88	0	518	0	0	0	0	247	

63500 us: Info: MONITOR: Molecule: 	HT_2X2_SW	was used	32	since in last timeframe
63500 us: Info: MONITOR: Molecule: 	MC_Hz4_SW	was used	154	since in last timeframe
63500 us: Info: MONITOR: Molecule: 	LF_BS_4_4_SW	was used	168	since in last timeframe
63500 us: Info: MONITOR: Molecule: 	DCT_4x4_SW	was used	96	since in last timeframe
63500 us: Info: MONITOR:    SI usages in last timeframe  	0	32	0	154	0	0	168	0	96	

63750 us: Info: MONITOR: Molecule: 	LF_BS_4_4_SW	was used	257	since in last timeframe
63750 us: Info: MONITOR:    SI usages in last timeframe  	0	0	0	0	0	0	257	0	0	

64 ms: Info: MONITOR: Molecule: 	LF_BS_4_4_SW	was used	257	since in last timeframe
64 ms: Info: MONITOR:    SI usages in last timeframe  	0	0	0	0	0	0	257	0	0	

64250 us: Info: MONITOR: Molecule: 	LF_BS_4_4_SW	was used	256	since in last timeframe
64250 us: Info: MONITOR:    SI usages in last timeframe  	0	0	0	0	0	0	256	0	0	

64500 us: Info: MONITOR: Molecule: 	LF_BS_4_4_SW	was used	257	since in last timeframe
64500 us: Info: MONITOR:    SI usages in last timeframe  	0	0	0	0	0	0	257	0	0	

64750 us: Info: MONITOR: Molecule: 	LF_BS_4_4_SW	was used	256	since in last timeframe
64750 us: Info: MONITOR:    SI usages in last timeframe  	0	0	0	0	0	0	256	0	0	

65 ms: Info: MONITOR: Molecule: 	LF_BS_4_4_SW	was used	257	since in last timeframe
65 ms: Info: MONITOR:    SI usages in last timeframe  	0	0	0	0	0	0	257	0	0	

65250 us: Info: MONITOR: Molecule: 	LF_BS_4_4_SW	was used	256	since in last timeframe
65250 us: Info: MONITOR:    SI usages in last timeframe  	0	0	0	0	0	0	256	0	0	

65500 us: Info: MONITOR: Molecule: 	LF_BS_4_4_SW	was used	257	since in last timeframe
65500 us: Info: MONITOR:    SI usages in last timeframe  	0	0	0	0	0	0	257	0	0	

65750 us: Info: MONITOR: Molecule: 	LF_BS_4_4_SW	was used	257	since in last timeframe
65750 us: Info: MONITOR:    SI usages in last timeframe  	0	0	0	0	0	0	257	0	0	

66 ms: Info: MONITOR: Molecule: 	LF_BS_4_4_SW	was used	256	since in last timeframe
66 ms: Info: MONITOR:    SI usages in last timeframe  	0	0	0	0	0	0	256	0	0	

66250 us: Info: MONITOR: Molecule: 	LF_BS_4_4_SW	was used	257	since in last timeframe
66250 us: Info: MONITOR:    SI usages in last timeframe  	0	0	0	0	0	0	257	0	0	

66423307 ns: Info: RotationsManager: 
TOTAL: Branches              308284
       Fetch Stalls:         63344323
       Decode Stalls:        0
       EXE Stage Stalls:     67490
       Load/Store Stalls:    50703
       Write Back Stalls:    0
       Cycles (total):       66423307
       Instructions fetched: 2960791

66423307 ns: Info: RotationsManager: Gesamtdauer: 115.82 Sekunden.
66423307 ns: Info: RotationsManager: Cleaning up Pipeline

66423307 ns: Info: MONITOR: 
PREDICTION TABLE
Node       | Backups    | E    | Insns      | Function Type Predictions                                                                                 |
0x290      |          0 | 0.00 | 6633.0	1584.0	2.0	9420.0	7.0	7.0	3168.0	25344.0	4752.0	



SETTINGS
  + slots:              4
  + time per atom:      10
  + TD prediction       
    - lambda:           0.0
    - gamma:            0.0
    - alpha:            0.0
    - e_min:            0.0

CYCLE COUNT
  + fastest possible:   7234105
  + slowest possible:   264515021
  + this run:           66423308
    - cycles saved (%): 198091713 (74.9 %)
    - cycles lost (%) : 59189203 (818.2 %)
  + basic ops:          2824216
  + ad-hoc stalls:      0
    - tot. # specops:   0

EXECUTION COUNT
  + forecast bursts:    1
  + specop execs:       254769
    - HW executions:    159889
    - SW executions:    94880
    - coverage:         62.8 %

ATOM SWAP-IN / SWAP-OUT
  + swap-ins:           4
  + swap-out:           0

BRANCH AND BOUND
  + tot. # possible:    653184
  + tot. # checked:     5
  + checked %:          0.0 %

COUNTS PER 10000 INSTRUCTIONS
fb: forecast bursts
#SI: total # of Special Instructions
#hw: # executed HW-Molecules
#sw: # executed SW-Molecules
la: loaded atoms (finish time [cycle])
s-out: swapped-out atoms
cycle	fb	#SI	#hw	#sw	la	s-out	possible	checked	adhoc_w	adhoc_t
145307	1	857	857	0	atom_SAD4(63) atom_Transform2(83) atom_PackLSBMSB(73) atom_QuadSub(93) 	 	653184	5	0
291887	0	864	864	0	 	 	0	0	0
447824	0	888	888	0	 	 	0	0	0
600222	0	880	880	0	 	 	0	0	0
746617	0	863	863	0	 	 	0	0	0
895896	0	871	871	0	 	 	0	0	0
1055136	0	898	898	0	 	 	0	0	0
1201532	0	863	863	0	 	 	0	0	0
1348112	0	864	864	0	 	 	0	0	0
1505425	0	891	891	0	 	 	0	0	0
1656262	0	876	876	0	 	 	0	0	0
1802842	0	864	864	0	 	 	0	0	0
1953497	0	874	874	0	 	 	0	0	0
2110992	0	893	893	0	 	 	0	0	0
2257572	0	864	864	0	 	 	0	0	0
2403783	0	863	863	0	 	 	0	0	0
2563025	0	896	896	0	 	 	0	0	0
2712487	0	873	873	0	 	 	0	0	0
2858698	0	862	862	0	 	 	0	0	0
3011097	0	879	879	0	 	 	0	0	0
3167217	0	890	890	0	 	 	0	0	0
3313613	0	863	863	0	 	 	0	0	0
3460008	0	863	863	0	 	 	0	0	0
3620625	0	900	900	0	 	 	0	0	0
3768527	0	869	869	0	 	 	0	0	0
3914923	0	863	863	0	 	 	0	0	0
4068697	0	882	882	0	 	 	0	0	0
4223442	0	887	887	0	 	 	0	0	0
4369653	0	862	862	0	 	 	0	0	0
4516769	0	865	865	0	 	 	0	0	0
4678172	0	904	904	0	 	 	0	0	0
4824383	0	862	862	0	 	 	0	0	0
4970963	0	864	864	0	 	 	0	0	0
5126297	0	886	886	0	 	 	0	0	0
5279298	0	882	882	0	 	 	0	0	0
5425878	0	864	864	0	 	 	0	0	0
5631281	0	906	488	418	 	 	0	0	0
5900496	0	895	0	895	 	 	0	0	0
6168921	0	904	0	904	 	 	0	0	0
6432072	0	902	0	902	 	 	0	0	0
6701620	0	894	0	894	 	 	0	0	0
6969434	0	910	0	910	 	 	0	0	0
7233410	0	897	0	897	 	 	0	0	0
7504070	0	899	0	899	 	 	0	0	0
7767717	0	907	0	907	 	 	0	0	0
8034748	0	895	0	895	 	 	0	0	0
8305358	0	904	0	904	 	 	0	0	0
8566324	0	902	0	902	 	 	0	0	0
8836859	0	897	2	895	 	 	0	0	0
9104982	0	895	0	895	 	 	0	0	0
9374499	0	904	0	904	 	 	0	0	0
9636558	0	902	0	902	 	 	0	0	0
9906320	0	895	0	895	 	 	0	0	0
10173268	0	907	0	907	 	 	0	0	0
10790679	0	655	0	655	 	 	0	0	0
11425967	0	652	0	652	 	 	0	0	0
12060297	0	651	0	651	 	 	0	0	0
12695585	0	652	0	652	 	 	0	0	0
13277914	0	645	52	593	 	 	0	0	0
13436617	0	897	897	0	 	 	0	0	0
13582828	0	862	862	0	 	 	0	0	0
13729408	0	864	864	0	 	 	0	0	0
13887442	0	893	893	0	 	 	0	0	0
14037558	0	875	875	0	 	 	0	0	0
14184323	0	864	864	0	 	 	0	0	0
14335514	0	875	875	0	 	 	0	0	0
14492473	0	892	892	0	 	 	0	0	0
14639053	0	864	864	0	 	 	0	0	0
14785633	0	864	864	0	 	 	0	0	0
14945042	0	897	897	0	 	 	0	0	0
15093783	0	870	870	0	 	 	0	0	0
15240363	0	864	864	0	 	 	0	0	0
15393114	0	880	880	0	 	 	0	0	0
15548698	0	888	888	0	 	 	0	0	0
15695278	0	864	864	0	 	 	0	0	0
15841489	0	862	862	0	 	 	0	0	0
16002709	0	902	902	0	 	 	0	0	0
16150008	0	867	867	0	 	 	0	0	0
16296219	0	862	862	0	 	 	0	0	0
16450781	0	885	885	0	 	 	0	0	0
16604738	0	884	884	0	 	 	0	0	0
16750949	0	863	863	0	 	 	0	0	0
16898853	0	867	867	0	 	 	0	0	0
17059653	0	902	902	0	 	 	0	0	0
17205864	0	862	862	0	 	 	0	0	0
17352444	0	864	864	0	 	 	0	0	0
17508381	0	888	888	0	 	 	0	0	0
17660779	0	880	880	0	 	 	0	0	0
17807174	0	863	863	0	 	 	0	0	0
17956453	0	871	871	0	 	 	0	0	0
18115693	0	898	898	0	 	 	0	0	0
18262089	0	863	863	0	 	 	0	0	0
18408669	0	864	864	0	 	 	0	0	0
18565982	0	891	891	0	 	 	0	0	0
18716819	0	876	876	0	 	 	0	0	0
18932441	0	891	398	493	 	 	0	0	0
19200155	0	909	0	909	 	 	0	0	0
19464017	0	897	0	897	 	 	0	0	0
19734890	0	900	0	900	 	 	0	0	0
19998051	0	906	0	906	 	 	0	0	0
20265355	0	895	0	895	 	 	0	0	0
20535691	0	904	0	904	 	 	0	0	0
20796931	0	902	0	902	 	 	0	0	0
21066693	0	895	0	895	 	 	0	0	0
21333200	0	906	0	906	 	 	0	0	0
21598269	0	900	0	900	 	 	0	0	0
21867817	0	894	0	894	 	 	0	0	0
22134488	0	912	0	912	 	 	0	0	0
22399607	0	895	0	895	 	 	0	0	0
22672128	0	904	0	904	 	 	0	0	0
22931183	0	902	0	902	 	 	0	0	0
23200945	0	895	0	895	 	 	0	0	0
23468278	0	904	0	904	 	 	0	0	0
24089663	0	654	0	654	 	 	0	0	0
24724951	0	652	0	652	 	 	0	0	0
25359281	0	651	0	651	 	 	0	0	0
25994569	0	652	0	652	 	 	0	0	0
26570661	0	645	59	586	 	 	0	0	0
26730739	0	900	900	0	 	 	0	0	0
26877319	0	864	864	0	 	 	0	0	0
27023530	0	862	862	0	 	 	0	0	0
27180189	0	890	890	0	 	 	0	0	0
27332049	0	880	880	0	 	 	0	0	0
27478445	0	862	862	0	 	 	0	0	0
27628261	0	872	872	0	 	 	0	0	0
27786964	0	897	897	0	 	 	0	0	0
27933175	0	862	862	0	 	 	0	0	0
28079755	0	864	864	0	 	 	0	0	0
28237789	0	893	893	0	 	 	0	0	0
28387905	0	874	874	0	 	 	0	0	0
28534485	0	864	864	0	 	 	0	0	0
28685861	0	876	876	0	 	 	0	0	0
28842820	0	892	892	0	 	 	0	0	0
28989400	0	864	864	0	 	 	0	0	0
29135980	0	864	864	0	 	 	0	0	0
29295389	0	896	896	0	 	 	0	0	0
29444130	0	871	871	0	 	 	0	0	0
29590710	0	864	864	0	 	 	0	0	0
29743461	0	879	879	0	 	 	0	0	0
29898860	0	888	888	0	 	 	0	0	0
30045440	0	865	865	0	 	 	0	0	0
30191836	0	862	862	0	 	 	0	0	0
30352989	0	902	902	0	 	 	0	0	0
30500355	0	867	867	0	 	 	0	0	0
30646566	0	862	862	0	 	 	0	0	0
30801061	0	885	885	0	 	 	0	0	0
30955085	0	884	884	0	 	 	0	0	0
31101296	0	862	862	0	 	 	0	0	0
31249133	0	868	868	0	 	 	0	0	0
31409815	0	902	902	0	 	 	0	0	0
31556211	0	862	862	0	 	 	0	0	0
31702791	0	864	864	0	 	 	0	0	0
31858728	0	888	888	0	 	 	0	0	0
32011126	0	880	880	0	 	 	0	0	0
32226852	0	890	387	503	 	 	0	0	0
32493034	0	905	0	905	 	 	0	0	0
32758642	0	902	0	902	 	 	0	0	0
33028190	0	894	0	894	 	 	0	0	0
33295193	0	911	0	911	 	 	0	0	0
33559980	0	896	0	896	 	 	0	0	0
33832060	0	903	0	903	 	 	0	0	0
34091343	0	903	0	903	 	 	0	0	0
34361104	0	894	0	894	 	 	0	0	0
34629470	0	905	0	905	 	 	0	0	0
34892894	0	902	0	902	 	 	0	0	0
35162442	0	894	0	894	 	 	0	0	0
35430370	0	910	0	910	 	 	0	0	0
35694232	0	897	0	897	 	 	0	0	0
35965005	0	899	0	899	 	 	0	0	0
36227779	0	907	0	907	 	 	0	0	0
36495356	0	894	0	894	 	 	0	0	0
36765906	0	905	0	905	 	 	0	0	0
37388647	0	650	0	650	 	 	0	0	0
38022977	0	651	0	651	 	 	0	0	0
38658265	0	652	0	652	 	 	0	0	0
39293553	0	652	0	652	 	 	0	0	0
39863407	0	645	66	579	 	 	0	0	0
40024861	0	903	903	0	 	 	0	0	0
40171441	0	864	864	0	 	 	0	0	0
40318021	0	864	864	0	 	 	0	0	0
40472936	0	885	885	0	 	 	0	0	0
40626171	0	883	883	0	 	 	0	0	0
40772936	0	864	864	0	 	 	0	0	0
40921008	0	867	867	0	 	 	0	0	0
41081086	0	900	900	0	 	 	0	0	0
41227666	0	864	864	0	 	 	0	0	0
41373877	0	862	862	0	 	 	0	0	0
41530536	0	890	890	0	 	 	0	0	0
41682396	0	879	879	0	 	 	0	0	0
41828607	0	862	862	0	 	 	0	0	0
41978608	0	873	873	0	 	 	0	0	0
42137311	0	897	897	0	 	 	0	0	0
42283522	0	862	862	0	 	 	0	0	0
42430102	0	864	864	0	 	 	0	0	0
42588136	0	893	893	0	 	 	0	0	0
42738252	0	874	874	0	 	 	0	0	0
42884832	0	864	864	0	 	 	0	0	0
43036208	0	876	876	0	 	 	0	0	0
43193167	0	892	892	0	 	 	0	0	0
43339562	0	864	864	0	 	 	0	0	0
43486327	0	864	864	0	 	 	0	0	0
43645736	0	896	896	0	 	 	0	0	0
43794477	0	871	871	0	 	 	0	0	0
43941057	0	864	864	0	 	 	0	0	0
44093808	0	879	879	0	 	 	0	0	0
44249207	0	888	888	0	 	 	0	0	0
44395787	0	864	864	0	 	 	0	0	0
44541998	0	862	862	0	 	 	0	0	0
44703336	0	902	902	0	 	 	0	0	0
44850702	0	868	868	0	 	 	0	0	0
44996913	0	862	862	0	 	 	0	0	0
45151408	0	884	884	0	 	 	0	0	0
45305432	0	885	885	0	 	 	0	0	0
45521477	0	890	376	514	 	 	0	0	0
45790175	0	905	0	905	 	 	0	0	0
46062781	0	896	2	894	 	 	0	0	0
46322163	0	903	0	903	 	 	0	0	0
46591925	0	895	0	895	 	 	0	0	0
46859804	0	904	0	904	 	 	0	0	0
47123501	0	902	0	902	 	 	0	0	0
47393049	0	894	0	894	 	 	0	0	0
47661190	0	911	0	911	 	 	0	0	0
47924839	0	896	0	896	 	 	0	0	0
48195825	0	900	0	900	 	 	0	0	0
48458600	0	906	0	906	 	 	0	0	0
48726177	0	895	0	895	 	 	0	0	0
48996240	0	904	0	904	 	 	0	0	0
49257753	0	902	0	902	 	 	0	0	0
49527301	0	894	0	894	 	 	0	0	0
49794135	0	907	0	907	 	 	0	0	0
50085186	0	876	0	876	 	 	0	0	0
50720474	0	652	0	652	 	 	0	0	0
51354804	0	651	0	651	 	 	0	0	0
51990092	0	652	0	652	 	 	0	0	0
52625380	0	652	0	652	 	 	0	0	0
53154232	0	675	156	519	 	 	0	0	0
53303025	0	869	869	0	 	 	0	0	0
53462382	0	898	898	0	 	 	0	0	0
53608962	0	865	865	0	 	 	0	0	0
53755727	0	864	864	0	 	 	0	0	0
53912553	0	890	890	0	 	 	0	0	0
54063877	0	877	877	0	 	 	0	0	0
54210457	0	864	864	0	 	 	0	0	0
54360625	0	873	873	0	 	 	0	0	0
54518607	0	894	894	0	 	 	0	0	0
54665187	0	864	864	0	 	 	0	0	0
54811398	0	862	862	0	 	 	0	0	0
54970220	0	896	896	0	 	 	0	0	0
55120102	0	874	874	0	 	 	0	0	0
55266313	0	862	862	0	 	 	0	0	0
55418292	0	878	878	0	 	 	0	0	0
55574832	0	891	891	0	 	 	0	0	0
55721043	0	862	862	0	 	 	0	0	0
55867623	0	864	864	0	 	 	0	0	0
56027820	0	899	899	0	 	 	0	0	0
56175773	0	868	868	0	 	 	0	0	0
56322353	0	865	865	0	 	 	0	0	0
56475892	0	881	881	0	 	 	0	0	0
56630688	0	886	886	0	 	 	0	0	0
56777268	0	864	864	0	 	 	0	0	0
56923964	0	864	864	0	 	 	0	0	0
57085418	0	903	903	0	 	 	0	0	0
57231998	0	864	864	0	 	 	0	0	0
57378578	0	864	864	0	 	 	0	0	0
57533493	0	885	885	0	 	 	0	0	0
57686728	0	883	883	0	 	 	0	0	0
57833493	0	864	864	0	 	 	0	0	0
57981565	0	867	867	0	 	 	0	0	0
58141643	0	900	900	0	 	 	0	0	0
58288223	0	864	864	0	 	 	0	0	0
58434434	0	862	862	0	 	 	0	0	0
58591093	0	890	890	0	 	 	0	0	0
58821023	0	904	301	603	 	 	0	0	0
59085212	0	898	0	898	 	 	0	0	0
59355758	0	899	0	899	 	 	0	0	0
59619305	0	907	0	907	 	 	0	0	0
59886336	0	894	0	894	 	 	0	0	0
60156946	0	904	0	904	 	 	0	0	0
60418126	0	903	0	903	 	 	0	0	0
60687674	0	894	0	894	 	 	0	0	0
60954068	0	906	0	906	 	 	0	0	0
61219464	0	901	0	901	 	 	0	0	0
61489012	0	894	0	894	 	 	0	0	0
61755742	0	911	0	911	 	 	0	0	0
62020588	0	895	0	895	 	 	0	0	0
62292995	0	904	0	904	 	 	0	0	0
62552378	0	903	0	903	 	 	0	0	0
62821926	0	894	0	894	 	 	0	0	0
63089532	0	905	0	905	 	 	0	0	0
63384170	0	874	0	874	 	 	0	0	0
64019458	0	652	0	652	 	 	0	0	0
64653788	0	651	0	651	 	 	0	0	0
65289076	0	652	0	652	 	 	0	0	0
65924365	0	652	0	652	 	 	0	0	0
ATOMS
  atom_SAD4	needed/available: 1/1 swap-in/swap-out: 1/0 --> SAD_16_HW_00 
  atom_SATD	needed/available: 0/0 swap-in/swap-out: 0/0 
  atom_Transform1	needed/available: 0/0 swap-in/swap-out: 0/0 
  atom_Transform2	needed/available: 1/1 swap-in/swap-out: 1/0 --> HT_4X4_HW_01 SATD_4x4_HW_02 
  atom_Transform3	needed/available: 0/0 swap-in/swap-out: 0/0 
  atom_PackLSBMSB	needed/available: 1/1 swap-in/swap-out: 1/0 --> HT_4X4_HW_01 SATD_4x4_HW_02 
  atom_QuadSub	needed/available: 1/1 swap-in/swap-out: 1/0 --> SATD_4x4_HW_02 
  atom_BytePack	needed/available: 0/0 swap-in/swap-out: 0/0 
  atom_PointFilter	needed/available: 0/0 swap-in/swap-out: 0/0 
  atom_Clip3	needed/available: 0/0 swap-in/swap-out: 0/0 
  atom_PackLBytes	needed/available: 0/0 swap-in/swap-out: 0/0 
  atom_CollapseAdd	needed/available: 0/0 swap-in/swap-out: 0/0 
  atom_Cond	needed/available: 0/0 swap-in/swap-out: 0/0 
  atom_LF	needed/available: 0/0 swap-in/swap-out: 0/0 
MOLECULES
  <0>	*SAD_16_HW_00        : 1x[atom_SAD4]  (L, Execs)=	68	33165
  <0>	 SAD_16_HW_01        : 2x[atom_SAD4]  (L, Execs)=	37	0
  <0>	*SAD_16_SW           :  (L, Execs)=	4673	0
  <1>	 HT_2X2_HW_00        : 1x[atom_Transform3]  (L, Execs)=	5	0
  <1>	*HT_2X2_SW           :  (L, Execs)=	100	7920
  <2>	*HT_4X4_HW_00        : 1x[atom_Transform2]  (L, Execs)=	104	0
  <2>	*HT_4X4_HW_01        : 1x[atom_Transform2] 1x[atom_PackLSBMSB]  (L, Execs)=	16	4
  <2>	 HT_4X4_HW_02        : 2x[atom_Transform2] 1x[atom_PackLSBMSB]  (L, Execs)=	14	0
  <2>	 HT_4X4_HW_03        : 2x[atom_Transform2] 2x[atom_PackLSBMSB]  (L, Execs)=	10	0
  <2>	 HT_4X4_HW_04        : 4x[atom_Transform2] 4x[atom_PackLSBMSB]  (L, Execs)=	8	0
  <2>	*HT_4X4_SW           :  (L, Execs)=	298	0
  <3>	 MC_Hz4_HW_00        : 1x[atom_PointFilter]  (L, Execs)=	103	0
  <3>	 MC_Hz4_HW_01        : 1x[atom_PointFilter] 1x[atom_Clip3]  (L, Execs)=	26	0
  <3>	 MC_Hz4_HW_02        : 1x[atom_BytePack] 1x[atom_PointFilter] 1x[atom_Clip3]  (L, Execs)=	11	0
  <3>	 MC_Hz4_HW_03        : 2x[atom_BytePack] 1x[atom_PointFilter] 1x[atom_Clip3]  (L, Execs)=	10	0
  <3>	 MC_Hz4_HW_04        : 2x[atom_BytePack] 2x[atom_PointFilter] 2x[atom_Clip3]  (L, Execs)=	9	0
  <3>	 MC_Hz4_HW_05        : 3x[atom_BytePack] 2x[atom_PointFilter] 2x[atom_Clip3]  (L, Execs)=	8	0
  <3>	*MC_Hz4_SW           :  (L, Execs)=	215	47328
  <4>	 IPred_HDC16x16_HW_00: 1x[atom_PackLBytes]  (L, Execs)=	53	0
  <4>	 IPred_HDC16x16_HW_01: 1x[atom_PackLBytes] 1x[atom_CollapseAdd]  (L, Execs)=	22	0
  <4>	*IPred_HDC16x16_SW   :  (L, Execs)=	249	16
  <5>	 IPred_VDC16x16_HW_00: 1x[atom_CollapseAdd]  (L, Execs)=	7	0
  <5>	 IPred_VDC16x16_HW_01: 2x[atom_CollapseAdd]  (L, Execs)=	6	0
  <5>	*IPred_VDC16x16_SW   :  (L, Execs)=	69	16
  <6>	 LF_BS_4_4_HW_00     : 1x[atom_Cond]  (L, Execs)=	428	0
  <6>	 LF_BS_4_4_HW_01     : 1x[atom_Cond] 1x[atom_LF]  (L, Execs)=	9	0
  <6>	 LF_BS_4_4_HW_02     : 2x[atom_Cond] 2x[atom_LF]  (L, Execs)=	8	0
  <6>	*LF_BS_4_4_SW        :  (L, Execs)=	960	15840
  <7>	*SATD_4x4_HW_00      : 1x[atom_Transform2]  (L, Execs)=	350	0
  <7>	*SATD_4x4_HW_01      : 1x[atom_Transform2] 1x[atom_PackLSBMSB]  (L, Execs)=	294	0
  <7>	*SATD_4x4_HW_02      : 1x[atom_Transform2] 1x[atom_PackLSBMSB] 1x[atom_QuadSub]  (L, Execs)=	186	126720
  <7>	 SATD_4x4_HW_03      : 1x[atom_SATD] 1x[atom_Transform2] 1x[atom_PackLSBMSB] 1x[atom_QuadSub]  (L, Execs)=	22	0
  <7>	 SATD_4x4_HW_04      : 1x[atom_SATD] 2x[atom_Transform2] 1x[atom_PackLSBMSB] 1x[atom_QuadSub]  (L, Execs)=	21	0
  <7>	 SATD_4x4_HW_05      : 2x[atom_SATD] 2x[atom_Transform2] 2x[atom_PackLSBMSB] 1x[atom_QuadSub]  (L, Execs)=	20	0
  <7>	 SATD_4x4_HW_06      : 1x[atom_SATD] 4x[atom_Transform2] 4x[atom_PackLSBMSB] 1x[atom_QuadSub]  (L, Execs)=	19	0
  <7>	 SATD_4x4_HW_07      : 2x[atom_SATD] 4x[atom_Transform2] 4x[atom_PackLSBMSB] 1x[atom_QuadSub]  (L, Execs)=	18	0
  <7>	*SATD_4x4_SW         :  (L, Execs)=	544	0
  <8>	 DCT_4x4_HW_00       : 1x[atom_Transform1]  (L, Execs)=	216	0
  <8>	 DCT_4x4_HW_01       : 1x[atom_Transform1] 1x[atom_PackLSBMSB]  (L, Execs)=	160	0
  <8>	 DCT_4x4_HW_02       : 1x[atom_Transform1] 1x[atom_PackLSBMSB] 1x[atom_QuadSub]  (L, Execs)=	21	0
  <8>	 DCT_4x4_HW_03       : 2x[atom_Transform1] 1x[atom_PackLSBMSB] 1x[atom_QuadSub]  (L, Execs)=	19	0
  <8>	 DCT_4x4_HW_04       : 2x[atom_Transform1] 2x[atom_PackLSBMSB] 1x[atom_QuadSub]  (L, Execs)=	18	0
  <8>	 DCT_4x4_HW_05       : 4x[atom_Transform1] 2x[atom_PackLSBMSB] 1x[atom_QuadSub]  (L, Execs)=	16	0
  <8>	 DCT_4x4_HW_06       : 4x[atom_Transform1] 4x[atom_PackLSBMSB] 1x[atom_QuadSub]  (L, Execs)=	15	0
  <8>	*DCT_4x4_SW          :  (L, Execs)=	488	23760

The asterisk indicates the currently available Molecules (maybe multiple) for each Special Instruction

