0 s: Info: RotationsManager: Cycle-time: 1 ns

0 s: Info: TDLAMBDA: 
   TD(lambda) using parameters:
   lambda = 0
   gamma  = 0
   alpha  = 0
   e_min  = 1e-05
0 s: Info: RotationsManager: 
   * FPGA capacity/used: 14/0



0 s: Info: DECODER: Decoder ready.
0 s: Info: MONITOR: 	Size of timeframe: 50,000
	Extended monitoring information between cycles 0 and 1
0 s: Info: RotationsManager: Initializing DLX Pipeline Emulator
   * Module Name:            [Pipeline]
   * Instruction Memory:     [/home/bauer_l/ASIPMeisterProjects/dlx_basis/Applications/Encoder_dynamic_MixedHWSWMolecule_startup_opt2/TestData.IM]
   * Branch Trace:           [/home/bauer_l/ASIPMeisterProjects/dlx_basis/Applications/Encoder_dynamic_MixedHWSWMolecule_startup_opt2/trace.txt]
   * DLX Opcode Definitions: [/home/bauer_l//RotationsManager_53/DLX/dlxops.dlx]

52 ns: Info: PREFETCHER: 
---> BEFORE RESCHEDULING
 SAD_16_HW_01        : 2x[atom_SAD4]  (L, Execs)=	37	0
 SATD_4x4_HW_05      : 1x[atom_QuadSub] 2x[atom_PackLSBMSB] 2x[atom_Transform] 2x[atom_SATD]  (L, Execs)=	20	0
 LF_BS_4_4_HW_01     : 1x[atom_Cond] 1x[atom_LF]  (L, Execs)=	9	0
 DCT_4x4_HW_04       : 1x[atom_QuadSub] 2x[atom_PackLSBMSB] 2x[atom_Transform]  (L, Execs)=	18	0
 MC_Hz4_HW_02        : 1x[atom_BytePack] 1x[atom_PointFilter] 1x[atom_Clip3]  (L, Execs)=	11	0
 HT_2X2_HW_00        : 1x[atom_Transform]  (L, Execs)=	5	0
 HT_4X4_HW_03        : 2x[atom_PackLSBMSB] 2x[atom_Transform]  (L, Execs)=	10	0


---> AFTER RESCHEDULING
 LF_BS_4_4_HW_01     : 1x[atom_Cond] 1x[atom_LF]  (L, Execs)=	9	0
 SAD_16_HW_00        : 1x[atom_SAD4]  (L, Execs)=	68	0
 HT_2X2_HW_00        : 1x[atom_Transform]  (L, Execs)=	5	0
 HT_4X4_HW_01        : 1x[atom_PackLSBMSB] 1x[atom_Transform]  (L, Execs)=	16	0
 DCT_4x4_HW_02       : 1x[atom_QuadSub] 1x[atom_PackLSBMSB] 1x[atom_Transform]  (L, Execs)=	21	0
 SATD_4x4_HW_03      : 1x[atom_QuadSub] 1x[atom_PackLSBMSB] 1x[atom_Transform] 1x[atom_SATD]  (L, Execs)=	22	0
 SAD_16_HW_01        : 2x[atom_SAD4]  (L, Execs)=	37	0
 HT_4X4_HW_02        : 1x[atom_PackLSBMSB] 2x[atom_Transform]  (L, Execs)=	14	0
 HT_4X4_HW_03        : 2x[atom_PackLSBMSB] 2x[atom_Transform]  (L, Execs)=	10	0
 SATD_4x4_HW_05      : 1x[atom_QuadSub] 2x[atom_PackLSBMSB] 2x[atom_Transform] 2x[atom_SATD]  (L, Execs)=	20	0
 MC_Hz4_HW_00        : 1x[atom_PointFilter]  (L, Execs)=	103	0
 MC_Hz4_HW_01        : 1x[atom_PointFilter] 1x[atom_Clip3]  (L, Execs)=	26	0
 MC_Hz4_HW_02        : 1x[atom_BytePack] 1x[atom_PointFilter] 1x[atom_Clip3]  (L, Execs)=	11	0


52 ns: Info: PREFETCHER: 
SysDyn:	FORECAST POINT:	at address 0x290
SysDyn:	CURRENT PREDICTION:	6633.0	1584.0	2.0	9420.0	7.0	7.0	3168.0	25344.0	4752.0	
SysDyn:	CONFIGURATION STATUS:	   * FPGA capacity/used: 14/0

SysDyn:	SWAP-IN QUEUE:	atom_Cond	needed/available: 1/0 swap-in/swap-out: 0/0 --> LF_BS_4_4_HW_01 
SysDyn:	SWAP-IN QUEUE:	atom_LF	needed/available: 1/0 swap-in/swap-out: 0/0 --> LF_BS_4_4_HW_01 
SysDyn:	SWAP-IN QUEUE:	atom_SAD4	needed/available: 2/0 swap-in/swap-out: 0/0 --> SAD_16_HW_01 
SysDyn:	SWAP-IN QUEUE:	atom_Transform	needed/available: 2/0 swap-in/swap-out: 0/0 --> HT_2X2_HW_00 HT_4X4_HW_03 SATD_4x4_HW_05 DCT_4x4_HW_04 
SysDyn:	SWAP-IN QUEUE:	atom_PackLSBMSB	needed/available: 2/0 swap-in/swap-out: 0/0 --> HT_4X4_HW_03 SATD_4x4_HW_05 DCT_4x4_HW_04 
SysDyn:	SWAP-IN QUEUE:	atom_QuadSub	needed/available: 1/0 swap-in/swap-out: 0/0 --> SATD_4x4_HW_05 DCT_4x4_HW_04 
SysDyn:	SWAP-IN QUEUE:	atom_SATD	needed/available: 2/0 swap-in/swap-out: 0/0 --> SATD_4x4_HW_05 
SysDyn:	SWAP-IN QUEUE:	atom_SAD4	needed/available: 2/0 swap-in/swap-out: 0/0 --> SAD_16_HW_01 
SysDyn:	SWAP-IN QUEUE:	atom_Transform	needed/available: 2/0 swap-in/swap-out: 0/0 --> HT_2X2_HW_00 HT_4X4_HW_03 SATD_4x4_HW_05 DCT_4x4_HW_04 
SysDyn:	SWAP-IN QUEUE:	atom_PackLSBMSB	needed/available: 2/0 swap-in/swap-out: 0/0 --> HT_4X4_HW_03 SATD_4x4_HW_05 DCT_4x4_HW_04 
SysDyn:	SWAP-IN QUEUE:	atom_SATD	needed/available: 2/0 swap-in/swap-out: 0/0 --> SATD_4x4_HW_05 
SysDyn:	SWAP-IN QUEUE:	atom_PointFilter	needed/available: 1/0 swap-in/swap-out: 0/0 --> MC_Hz4_HW_02 
SysDyn:	SWAP-IN QUEUE:	atom_Clip3	needed/available: 1/0 swap-in/swap-out: 0/0 --> MC_Hz4_HW_02 
SysDyn:	SWAP-IN QUEUE:	atom_BytePack	needed/available: 1/0 swap-in/swap-out: 0/0 --> MC_Hz4_HW_02 
================================================================================

52 ns: Info: MONITOR: currently no atoms available

62 ns: Info: MONITOR: ATOM IN:	atom_Cond	needed/available: 1/1 swap-in/swap-out: 1/0 --> LF_BS_4_4_HW_01 
62 ns: Info: MONITOR: Molecule	LF_BS_4_4_SW	960	is replaced by molecule	LF_BS_4_4_HW_00	428	and was used	0	- times.

62 ns: Info: MONITOR: The fastest available molecule for SI No. 0 is:	SAD_16_SW	4673
62 ns: Info: MONITOR: The fastest available molecule for SI No. 1 is:	HT_2X2_SW	100
62 ns: Info: MONITOR: The fastest available molecule for SI No. 2 is:	HT_4X4_SW	298
62 ns: Info: MONITOR: The fastest available molecule for SI No. 3 is:	MC_Hz4_SW	215
62 ns: Info: MONITOR: The fastest available molecule for SI No. 4 is:	IPred_HDC16x16_SW	249
62 ns: Info: MONITOR: The fastest available molecule for SI No. 5 is:	IPred_VDC16x16_SW	69
62 ns: Info: MONITOR: The fastest available molecule for SI No. 6 is:	LF_BS_4_4_HW_00	428
62 ns: Info: MONITOR: The fastest available molecule for SI No. 7 is:	SATD_4x4_SW	544
62 ns: Info: MONITOR: The fastest available molecule for SI No. 8 is:	DCT_4x4_SW	488
62 ns: Info: MONITOR: 

72 ns: Info: MONITOR: ATOM IN:	atom_LF	needed/available: 1/1 swap-in/swap-out: 1/0 --> LF_BS_4_4_HW_01 
72 ns: Info: MONITOR: Molecule	LF_BS_4_4_HW_00	428	is replaced by molecule	LF_BS_4_4_HW_01	9	and was used	0	- times.

72 ns: Info: MONITOR: The fastest available molecule for SI No. 0 is:	SAD_16_SW	4673
72 ns: Info: MONITOR: The fastest available molecule for SI No. 1 is:	HT_2X2_SW	100
72 ns: Info: MONITOR: The fastest available molecule for SI No. 2 is:	HT_4X4_SW	298
72 ns: Info: MONITOR: The fastest available molecule for SI No. 3 is:	MC_Hz4_SW	215
72 ns: Info: MONITOR: The fastest available molecule for SI No. 4 is:	IPred_HDC16x16_SW	249
72 ns: Info: MONITOR: The fastest available molecule for SI No. 5 is:	IPred_VDC16x16_SW	69
72 ns: Info: MONITOR: The fastest available molecule for SI No. 6 is:	LF_BS_4_4_HW_01	9
72 ns: Info: MONITOR: The fastest available molecule for SI No. 7 is:	SATD_4x4_SW	544
72 ns: Info: MONITOR: The fastest available molecule for SI No. 8 is:	DCT_4x4_SW	488
72 ns: Info: MONITOR: 

82 ns: Info: MONITOR: ATOM IN:	atom_SAD4	needed/available: 2/1 swap-in/swap-out: 1/0 --> SAD_16_HW_01 
82 ns: Info: MONITOR: Molecule	SAD_16_SW	4673	is replaced by molecule	SAD_16_HW_00	68	and was used	0	- times.

82 ns: Info: MONITOR: The fastest available molecule for SI No. 0 is:	SAD_16_HW_00	68
82 ns: Info: MONITOR: The fastest available molecule for SI No. 1 is:	HT_2X2_SW	100
82 ns: Info: MONITOR: The fastest available molecule for SI No. 2 is:	HT_4X4_SW	298
82 ns: Info: MONITOR: The fastest available molecule for SI No. 3 is:	MC_Hz4_SW	215
82 ns: Info: MONITOR: The fastest available molecule for SI No. 4 is:	IPred_HDC16x16_SW	249
82 ns: Info: MONITOR: The fastest available molecule for SI No. 5 is:	IPred_VDC16x16_SW	69
82 ns: Info: MONITOR: The fastest available molecule for SI No. 6 is:	LF_BS_4_4_HW_01	9
82 ns: Info: MONITOR: The fastest available molecule for SI No. 7 is:	SATD_4x4_SW	544
82 ns: Info: MONITOR: The fastest available molecule for SI No. 8 is:	DCT_4x4_SW	488
82 ns: Info: MONITOR: 

92 ns: Info: MONITOR: ATOM IN:	atom_Transform	needed/available: 2/1 swap-in/swap-out: 1/0 --> HT_2X2_HW_00 HT_4X4_HW_03 SATD_4x4_HW_05 DCT_4x4_HW_04 
92 ns: Info: MONITOR: Molecule	HT_2X2_SW	100	is replaced by molecule	HT_2X2_HW_00	5	and was used	0	- times.

92 ns: Info: MONITOR: Molecule	HT_4X4_SW	298	is replaced by molecule	HT_4X4_HW_00	104	and was used	0	- times.

92 ns: Info: MONITOR: Molecule	SATD_4x4_SW	544	is replaced by molecule	SATD_4x4_HW_00	350	and was used	0	- times.

92 ns: Info: MONITOR: Molecule	DCT_4x4_SW	488	is replaced by molecule	DCT_4x4_HW_00	216	and was used	0	- times.

92 ns: Info: MONITOR: The fastest available molecule for SI No. 0 is:	SAD_16_HW_00	68
92 ns: Info: MONITOR: The fastest available molecule for SI No. 1 is:	HT_2X2_HW_00	5
92 ns: Info: MONITOR: The fastest available molecule for SI No. 2 is:	HT_4X4_HW_00	104
92 ns: Info: MONITOR: The fastest available molecule for SI No. 3 is:	MC_Hz4_SW	215
92 ns: Info: MONITOR: The fastest available molecule for SI No. 4 is:	IPred_HDC16x16_SW	249
92 ns: Info: MONITOR: The fastest available molecule for SI No. 5 is:	IPred_VDC16x16_SW	69
92 ns: Info: MONITOR: The fastest available molecule for SI No. 6 is:	LF_BS_4_4_HW_01	9
92 ns: Info: MONITOR: The fastest available molecule for SI No. 7 is:	SATD_4x4_HW_00	350
92 ns: Info: MONITOR: The fastest available molecule for SI No. 8 is:	DCT_4x4_HW_00	216
92 ns: Info: MONITOR: 

102 ns: Info: MONITOR: ATOM IN:	atom_PackLSBMSB	needed/available: 2/1 swap-in/swap-out: 1/0 --> HT_4X4_HW_03 SATD_4x4_HW_05 DCT_4x4_HW_04 
102 ns: Info: MONITOR: Molecule	HT_4X4_HW_00	104	is replaced by molecule	HT_4X4_HW_01	16	and was used	0	- times.

102 ns: Info: MONITOR: Molecule	SATD_4x4_HW_00	350	is replaced by molecule	SATD_4x4_HW_01	294	and was used	0	- times.

102 ns: Info: MONITOR: Molecule	DCT_4x4_HW_00	216	is replaced by molecule	DCT_4x4_HW_01	160	and was used	0	- times.

102 ns: Info: MONITOR: The fastest available molecule for SI No. 0 is:	SAD_16_HW_00	68
102 ns: Info: MONITOR: The fastest available molecule for SI No. 1 is:	HT_2X2_HW_00	5
102 ns: Info: MONITOR: The fastest available molecule for SI No. 2 is:	HT_4X4_HW_01	16
102 ns: Info: MONITOR: The fastest available molecule for SI No. 3 is:	MC_Hz4_SW	215
102 ns: Info: MONITOR: The fastest available molecule for SI No. 4 is:	IPred_HDC16x16_SW	249
102 ns: Info: MONITOR: The fastest available molecule for SI No. 5 is:	IPred_VDC16x16_SW	69
102 ns: Info: MONITOR: The fastest available molecule for SI No. 6 is:	LF_BS_4_4_HW_01	9
102 ns: Info: MONITOR: The fastest available molecule for SI No. 7 is:	SATD_4x4_HW_01	294
102 ns: Info: MONITOR: The fastest available molecule for SI No. 8 is:	DCT_4x4_HW_01	160
102 ns: Info: MONITOR: 

112 ns: Info: MONITOR: ATOM IN:	atom_QuadSub	needed/available: 1/1 swap-in/swap-out: 1/0 --> SATD_4x4_HW_05 DCT_4x4_HW_04 
112 ns: Info: MONITOR: Molecule	SATD_4x4_HW_01	294	is replaced by molecule	SATD_4x4_HW_02	186	and was used	0	- times.

112 ns: Info: MONITOR: Molecule	DCT_4x4_HW_01	160	is replaced by molecule	DCT_4x4_HW_02	21	and was used	0	- times.

112 ns: Info: MONITOR: The fastest available molecule for SI No. 0 is:	SAD_16_HW_00	68
112 ns: Info: MONITOR: The fastest available molecule for SI No. 1 is:	HT_2X2_HW_00	5
112 ns: Info: MONITOR: The fastest available molecule for SI No. 2 is:	HT_4X4_HW_01	16
112 ns: Info: MONITOR: The fastest available molecule for SI No. 3 is:	MC_Hz4_SW	215
112 ns: Info: MONITOR: The fastest available molecule for SI No. 4 is:	IPred_HDC16x16_SW	249
112 ns: Info: MONITOR: The fastest available molecule for SI No. 5 is:	IPred_VDC16x16_SW	69
112 ns: Info: MONITOR: The fastest available molecule for SI No. 6 is:	LF_BS_4_4_HW_01	9
112 ns: Info: MONITOR: The fastest available molecule for SI No. 7 is:	SATD_4x4_HW_02	186
112 ns: Info: MONITOR: The fastest available molecule for SI No. 8 is:	DCT_4x4_HW_02	21
112 ns: Info: MONITOR: 

122 ns: Info: MONITOR: ATOM IN:	atom_SATD	needed/available: 2/1 swap-in/swap-out: 1/0 --> SATD_4x4_HW_05 
122 ns: Info: MONITOR: Molecule	SATD_4x4_HW_02	186	is replaced by molecule	SATD_4x4_HW_03	22	and was used	0	- times.

122 ns: Info: MONITOR: The fastest available molecule for SI No. 0 is:	SAD_16_HW_00	68
122 ns: Info: MONITOR: The fastest available molecule for SI No. 1 is:	HT_2X2_HW_00	5
122 ns: Info: MONITOR: The fastest available molecule for SI No. 2 is:	HT_4X4_HW_01	16
122 ns: Info: MONITOR: The fastest available molecule for SI No. 3 is:	MC_Hz4_SW	215
122 ns: Info: MONITOR: The fastest available molecule for SI No. 4 is:	IPred_HDC16x16_SW	249
122 ns: Info: MONITOR: The fastest available molecule for SI No. 5 is:	IPred_VDC16x16_SW	69
122 ns: Info: MONITOR: The fastest available molecule for SI No. 6 is:	LF_BS_4_4_HW_01	9
122 ns: Info: MONITOR: The fastest available molecule for SI No. 7 is:	SATD_4x4_HW_03	22
122 ns: Info: MONITOR: The fastest available molecule for SI No. 8 is:	DCT_4x4_HW_02	21
122 ns: Info: MONITOR: 

132 ns: Info: MONITOR: ATOM IN:	atom_SAD4	needed/available: 2/2 swap-in/swap-out: 2/0 --> SAD_16_HW_01 
132 ns: Info: MONITOR: Molecule	SAD_16_HW_00	68	is replaced by molecule	SAD_16_HW_01	37	and was used	0	- times.

132 ns: Info: MONITOR: The fastest available molecule for SI No. 0 is:	SAD_16_HW_01	37
132 ns: Info: MONITOR: The fastest available molecule for SI No. 1 is:	HT_2X2_HW_00	5
132 ns: Info: MONITOR: The fastest available molecule for SI No. 2 is:	HT_4X4_HW_01	16
132 ns: Info: MONITOR: The fastest available molecule for SI No. 3 is:	MC_Hz4_SW	215
132 ns: Info: MONITOR: The fastest available molecule for SI No. 4 is:	IPred_HDC16x16_SW	249
132 ns: Info: MONITOR: The fastest available molecule for SI No. 5 is:	IPred_VDC16x16_SW	69
132 ns: Info: MONITOR: The fastest available molecule for SI No. 6 is:	LF_BS_4_4_HW_01	9
132 ns: Info: MONITOR: The fastest available molecule for SI No. 7 is:	SATD_4x4_HW_03	22
132 ns: Info: MONITOR: The fastest available molecule for SI No. 8 is:	DCT_4x4_HW_02	21
132 ns: Info: MONITOR: 

142 ns: Info: MONITOR: ATOM IN:	atom_Transform	needed/available: 2/2 swap-in/swap-out: 2/0 --> HT_2X2_HW_00 HT_4X4_HW_03 SATD_4x4_HW_05 DCT_4x4_HW_04 
142 ns: Info: MONITOR: Molecule	HT_4X4_HW_01	16	is replaced by molecule	HT_4X4_HW_02	14	and was used	0	- times.

142 ns: Info: MONITOR: Molecule	SATD_4x4_HW_03	22	is replaced by molecule	SATD_4x4_HW_04	21	and was used	0	- times.

142 ns: Info: MONITOR: Molecule	DCT_4x4_HW_02	21	is replaced by molecule	DCT_4x4_HW_03	19	and was used	0	- times.

142 ns: Info: MONITOR: The fastest available molecule for SI No. 0 is:	SAD_16_HW_01	37
142 ns: Info: MONITOR: The fastest available molecule for SI No. 1 is:	HT_2X2_HW_00	5
142 ns: Info: MONITOR: The fastest available molecule for SI No. 2 is:	HT_4X4_HW_02	14
142 ns: Info: MONITOR: The fastest available molecule for SI No. 3 is:	MC_Hz4_SW	215
142 ns: Info: MONITOR: The fastest available molecule for SI No. 4 is:	IPred_HDC16x16_SW	249
142 ns: Info: MONITOR: The fastest available molecule for SI No. 5 is:	IPred_VDC16x16_SW	69
142 ns: Info: MONITOR: The fastest available molecule for SI No. 6 is:	LF_BS_4_4_HW_01	9
142 ns: Info: MONITOR: The fastest available molecule for SI No. 7 is:	SATD_4x4_HW_04	21
142 ns: Info: MONITOR: The fastest available molecule for SI No. 8 is:	DCT_4x4_HW_03	19
142 ns: Info: MONITOR: 

152 ns: Info: MONITOR: ATOM IN:	atom_PackLSBMSB	needed/available: 2/2 swap-in/swap-out: 2/0 --> HT_4X4_HW_03 SATD_4x4_HW_05 DCT_4x4_HW_04 
152 ns: Info: MONITOR: Molecule	HT_4X4_HW_02	14	is replaced by molecule	HT_4X4_HW_03	10	and was used	0	- times.

152 ns: Info: MONITOR: Molecule	DCT_4x4_HW_03	19	is replaced by molecule	DCT_4x4_HW_04	18	and was used	0	- times.

152 ns: Info: MONITOR: The fastest available molecule for SI No. 0 is:	SAD_16_HW_01	37
152 ns: Info: MONITOR: The fastest available molecule for SI No. 1 is:	HT_2X2_HW_00	5
152 ns: Info: MONITOR: The fastest available molecule for SI No. 2 is:	HT_4X4_HW_03	10
152 ns: Info: MONITOR: The fastest available molecule for SI No. 3 is:	MC_Hz4_SW	215
152 ns: Info: MONITOR: The fastest available molecule for SI No. 4 is:	IPred_HDC16x16_SW	249
152 ns: Info: MONITOR: The fastest available molecule for SI No. 5 is:	IPred_VDC16x16_SW	69
152 ns: Info: MONITOR: The fastest available molecule for SI No. 6 is:	LF_BS_4_4_HW_01	9
152 ns: Info: MONITOR: The fastest available molecule for SI No. 7 is:	SATD_4x4_HW_04	21
152 ns: Info: MONITOR: The fastest available molecule for SI No. 8 is:	DCT_4x4_HW_04	18
152 ns: Info: MONITOR: 

162 ns: Info: MONITOR: ATOM IN:	atom_SATD	needed/available: 2/2 swap-in/swap-out: 2/0 --> SATD_4x4_HW_05 
162 ns: Info: MONITOR: Molecule	SATD_4x4_HW_04	21	is replaced by molecule	SATD_4x4_HW_05	20	and was used	0	- times.

162 ns: Info: MONITOR: The fastest available molecule for SI No. 0 is:	SAD_16_HW_01	37
162 ns: Info: MONITOR: The fastest available molecule for SI No. 1 is:	HT_2X2_HW_00	5
162 ns: Info: MONITOR: The fastest available molecule for SI No. 2 is:	HT_4X4_HW_03	10
162 ns: Info: MONITOR: The fastest available molecule for SI No. 3 is:	MC_Hz4_SW	215
162 ns: Info: MONITOR: The fastest available molecule for SI No. 4 is:	IPred_HDC16x16_SW	249
162 ns: Info: MONITOR: The fastest available molecule for SI No. 5 is:	IPred_VDC16x16_SW	69
162 ns: Info: MONITOR: The fastest available molecule for SI No. 6 is:	LF_BS_4_4_HW_01	9
162 ns: Info: MONITOR: The fastest available molecule for SI No. 7 is:	SATD_4x4_HW_05	20
162 ns: Info: MONITOR: The fastest available molecule for SI No. 8 is:	DCT_4x4_HW_04	18
162 ns: Info: MONITOR: 

172 ns: Info: MONITOR: ATOM IN:	atom_PointFilter	needed/available: 1/1 swap-in/swap-out: 1/0 --> MC_Hz4_HW_02 
172 ns: Info: MONITOR: Molecule	MC_Hz4_SW	215	is replaced by molecule	MC_Hz4_HW_00	103	and was used	0	- times.

172 ns: Info: MONITOR: The fastest available molecule for SI No. 0 is:	SAD_16_HW_01	37
172 ns: Info: MONITOR: The fastest available molecule for SI No. 1 is:	HT_2X2_HW_00	5
172 ns: Info: MONITOR: The fastest available molecule for SI No. 2 is:	HT_4X4_HW_03	10
172 ns: Info: MONITOR: The fastest available molecule for SI No. 3 is:	MC_Hz4_HW_00	103
172 ns: Info: MONITOR: The fastest available molecule for SI No. 4 is:	IPred_HDC16x16_SW	249
172 ns: Info: MONITOR: The fastest available molecule for SI No. 5 is:	IPred_VDC16x16_SW	69
172 ns: Info: MONITOR: The fastest available molecule for SI No. 6 is:	LF_BS_4_4_HW_01	9
172 ns: Info: MONITOR: The fastest available molecule for SI No. 7 is:	SATD_4x4_HW_05	20
172 ns: Info: MONITOR: The fastest available molecule for SI No. 8 is:	DCT_4x4_HW_04	18
172 ns: Info: MONITOR: 

182 ns: Info: MONITOR: ATOM IN:	atom_Clip3	needed/available: 1/1 swap-in/swap-out: 1/0 --> MC_Hz4_HW_02 
182 ns: Info: MONITOR: Molecule	MC_Hz4_HW_00	103	is replaced by molecule	MC_Hz4_HW_01	26	and was used	0	- times.

182 ns: Info: MONITOR: The fastest available molecule for SI No. 0 is:	SAD_16_HW_01	37
182 ns: Info: MONITOR: The fastest available molecule for SI No. 1 is:	HT_2X2_HW_00	5
182 ns: Info: MONITOR: The fastest available molecule for SI No. 2 is:	HT_4X4_HW_03	10
182 ns: Info: MONITOR: The fastest available molecule for SI No. 3 is:	MC_Hz4_HW_01	26
182 ns: Info: MONITOR: The fastest available molecule for SI No. 4 is:	IPred_HDC16x16_SW	249
182 ns: Info: MONITOR: The fastest available molecule for SI No. 5 is:	IPred_VDC16x16_SW	69
182 ns: Info: MONITOR: The fastest available molecule for SI No. 6 is:	LF_BS_4_4_HW_01	9
182 ns: Info: MONITOR: The fastest available molecule for SI No. 7 is:	SATD_4x4_HW_05	20
182 ns: Info: MONITOR: The fastest available molecule for SI No. 8 is:	DCT_4x4_HW_04	18
182 ns: Info: MONITOR: 

192 ns: Info: MONITOR: ATOM IN:	atom_BytePack	needed/available: 1/1 swap-in/swap-out: 1/0 --> MC_Hz4_HW_02 
192 ns: Info: MONITOR: Molecule	MC_Hz4_HW_01	26	is replaced by molecule	MC_Hz4_HW_02	11	and was used	0	- times.

192 ns: Info: MONITOR: The fastest available molecule for SI No. 0 is:	SAD_16_HW_01	37
192 ns: Info: MONITOR: The fastest available molecule for SI No. 1 is:	HT_2X2_HW_00	5
192 ns: Info: MONITOR: The fastest available molecule for SI No. 2 is:	HT_4X4_HW_03	10
192 ns: Info: MONITOR: The fastest available molecule for SI No. 3 is:	MC_Hz4_HW_02	11
192 ns: Info: MONITOR: The fastest available molecule for SI No. 4 is:	IPred_HDC16x16_SW	249
192 ns: Info: MONITOR: The fastest available molecule for SI No. 5 is:	IPred_VDC16x16_SW	69
192 ns: Info: MONITOR: The fastest available molecule for SI No. 6 is:	LF_BS_4_4_HW_01	9
192 ns: Info: MONITOR: The fastest available molecule for SI No. 7 is:	SATD_4x4_HW_05	20
192 ns: Info: MONITOR: The fastest available molecule for SI No. 8 is:	DCT_4x4_HW_04	18
192 ns: Info: MONITOR: 

50 us: Info: MONITOR: Molecule: 	SAD_16_HW_01	was used	335	since in last timeframe
50 us: Info: MONITOR: Molecule: 	SATD_4x4_HW_05	was used	1086	since in last timeframe
50 us: Info: MONITOR:    SI usages in last timeframe  	335	0	0	0	0	0	0	1086	0	

100 us: Info: MONITOR: Molecule: 	SAD_16_HW_01	was used	268	since in last timeframe
100 us: Info: MONITOR: Molecule: 	SATD_4x4_HW_05	was used	1213	since in last timeframe
100 us: Info: MONITOR:    SI usages in last timeframe  	268	0	0	0	0	0	0	1213	0	

150 us: Info: MONITOR: Molecule: 	SAD_16_HW_01	was used	335	since in last timeframe
150 us: Info: MONITOR: Molecule: 	SATD_4x4_HW_05	was used	1088	since in last timeframe
150 us: Info: MONITOR:    SI usages in last timeframe  	335	0	0	0	0	0	0	1088	0	

200 us: Info: MONITOR: Molecule: 	SAD_16_HW_01	was used	268	since in last timeframe
200 us: Info: MONITOR: Molecule: 	SATD_4x4_HW_05	was used	1213	since in last timeframe
200 us: Info: MONITOR:    SI usages in last timeframe  	268	0	0	0	0	0	0	1213	0	

250 us: Info: MONITOR: Molecule: 	SAD_16_HW_01	was used	335	since in last timeframe
250 us: Info: MONITOR: Molecule: 	SATD_4x4_HW_05	was used	1088	since in last timeframe
250 us: Info: MONITOR:    SI usages in last timeframe  	335	0	0	0	0	0	0	1088	0	

300 us: Info: MONITOR: Molecule: 	SAD_16_HW_01	was used	268	since in last timeframe
300 us: Info: MONITOR: Molecule: 	SATD_4x4_HW_05	was used	1212	since in last timeframe
300 us: Info: MONITOR:    SI usages in last timeframe  	268	0	0	0	0	0	0	1212	0	

350 us: Info: MONITOR: Molecule: 	SAD_16_HW_01	was used	335	since in last timeframe
350 us: Info: MONITOR: Molecule: 	SATD_4x4_HW_05	was used	1088	since in last timeframe
350 us: Info: MONITOR:    SI usages in last timeframe  	335	0	0	0	0	0	0	1088	0	

400 us: Info: MONITOR: Molecule: 	SAD_16_HW_01	was used	268	since in last timeframe
400 us: Info: MONITOR: Molecule: 	SATD_4x4_HW_05	was used	1213	since in last timeframe
400 us: Info: MONITOR:    SI usages in last timeframe  	268	0	0	0	0	0	0	1213	0	

450 us: Info: MONITOR: Molecule: 	SAD_16_HW_01	was used	335	since in last timeframe
450 us: Info: MONITOR: Molecule: 	SATD_4x4_HW_05	was used	1088	since in last timeframe
450 us: Info: MONITOR:    SI usages in last timeframe  	335	0	0	0	0	0	0	1088	0	

500 us: Info: MONITOR: Molecule: 	SAD_16_HW_01	was used	268	since in last timeframe
500 us: Info: MONITOR: Molecule: 	SATD_4x4_HW_05	was used	1214	since in last timeframe
500 us: Info: MONITOR:    SI usages in last timeframe  	268	0	0	0	0	0	0	1214	0	

550 us: Info: MONITOR: Molecule: 	SAD_16_HW_01	was used	335	since in last timeframe
550 us: Info: MONITOR: Molecule: 	SATD_4x4_HW_05	was used	1088	since in last timeframe
550 us: Info: MONITOR:    SI usages in last timeframe  	335	0	0	0	0	0	0	1088	0	

600 us: Info: MONITOR: Molecule: 	SAD_16_HW_01	was used	268	since in last timeframe
600 us: Info: MONITOR: Molecule: 	SATD_4x4_HW_05	was used	1213	since in last timeframe
600 us: Info: MONITOR:    SI usages in last timeframe  	268	0	0	0	0	0	0	1213	0	

650 us: Info: MONITOR: Molecule: 	SAD_16_HW_01	was used	335	since in last timeframe
650 us: Info: MONITOR: Molecule: 	SATD_4x4_HW_05	was used	1087	since in last timeframe
650 us: Info: MONITOR:    SI usages in last timeframe  	335	0	0	0	0	0	0	1087	0	

700 us: Info: MONITOR: Molecule: 	SAD_16_HW_01	was used	268	since in last timeframe
700 us: Info: MONITOR: Molecule: 	SATD_4x4_HW_05	was used	1213	since in last timeframe
700 us: Info: MONITOR:    SI usages in last timeframe  	268	0	0	0	0	0	0	1213	0	

750 us: Info: MONITOR: Molecule: 	SAD_16_HW_01	was used	335	since in last timeframe
750 us: Info: MONITOR: Molecule: 	SATD_4x4_HW_05	was used	1088	since in last timeframe
750 us: Info: MONITOR:    SI usages in last timeframe  	335	0	0	0	0	0	0	1088	0	

800 us: Info: MONITOR: Molecule: 	SAD_16_HW_01	was used	268	since in last timeframe
800 us: Info: MONITOR: Molecule: 	SATD_4x4_HW_05	was used	1213	since in last timeframe
800 us: Info: MONITOR:    SI usages in last timeframe  	268	0	0	0	0	0	0	1213	0	

850 us: Info: MONITOR: Molecule: 	SAD_16_HW_01	was used	335	since in last timeframe
850 us: Info: MONITOR: Molecule: 	SATD_4x4_HW_05	was used	1088	since in last timeframe
850 us: Info: MONITOR:    SI usages in last timeframe  	335	0	0	0	0	0	0	1088	0	

900 us: Info: MONITOR: Molecule: 	SAD_16_HW_01	was used	268	since in last timeframe
900 us: Info: MONITOR: Molecule: 	SATD_4x4_HW_05	was used	1213	since in last timeframe
900 us: Info: MONITOR:    SI usages in last timeframe  	268	0	0	0	0	0	0	1213	0	

950 us: Info: MONITOR: Molecule: 	SAD_16_HW_01	was used	335	since in last timeframe
950 us: Info: MONITOR: Molecule: 	SATD_4x4_HW_05	was used	1088	since in last timeframe
950 us: Info: MONITOR:    SI usages in last timeframe  	335	0	0	0	0	0	0	1088	0	

1 ms: Info: MONITOR: Molecule: 	SAD_16_HW_01	was used	268	since in last timeframe
1 ms: Info: MONITOR: Molecule: 	SATD_4x4_HW_05	was used	1213	since in last timeframe
1 ms: Info: MONITOR:    SI usages in last timeframe  	268	0	0	0	0	0	0	1213	0	

1050 us: Info: MONITOR: Molecule: 	SAD_16_HW_01	was used	335	since in last timeframe
1050 us: Info: MONITOR: Molecule: 	SATD_4x4_HW_05	was used	1088	since in last timeframe
1050 us: Info: MONITOR:    SI usages in last timeframe  	335	0	0	0	0	0	0	1088	0	

1100 us: Info: MONITOR: Molecule: 	SAD_16_HW_01	was used	268	since in last timeframe
1100 us: Info: MONITOR: Molecule: 	SATD_4x4_HW_05	was used	1213	since in last timeframe
1100 us: Info: MONITOR:    SI usages in last timeframe  	268	0	0	0	0	0	0	1213	0	

1150 us: Info: MONITOR: Molecule: 	HT_2X2_HW_00	was used	208	since in last timeframe
1150 us: Info: MONITOR: Molecule: 	MC_Hz4_HW_02	was used	1264	since in last timeframe
1150 us: Info: MONITOR: Molecule: 	SATD_4x4_HW_05	was used	36	since in last timeframe
1150 us: Info: MONITOR: Molecule: 	DCT_4x4_HW_04	was used	624	since in last timeframe
1150 us: Info: MONITOR:    SI usages in last timeframe  	0	208	0	1264	0	0	0	36	624	

1200 us: Info: MONITOR: Molecule: 	HT_2X2_HW_00	was used	208	since in last timeframe
1200 us: Info: MONITOR: Molecule: 	MC_Hz4_HW_02	was used	1327	since in last timeframe
1200 us: Info: MONITOR: Molecule: 	DCT_4x4_HW_04	was used	624	since in last timeframe
1200 us: Info: MONITOR:    SI usages in last timeframe  	0	208	0	1327	0	0	0	0	624	

1250 us: Info: MONITOR: Molecule: 	HT_2X2_HW_00	was used	219	since in last timeframe
1250 us: Info: MONITOR: Molecule: 	MC_Hz4_HW_02	was used	1249	since in last timeframe
1250 us: Info: MONITOR: Molecule: 	DCT_4x4_HW_04	was used	672	since in last timeframe
1250 us: Info: MONITOR:    SI usages in last timeframe  	0	219	0	1249	0	0	0	0	672	

1300 us: Info: MONITOR: Molecule: 	HT_2X2_HW_00	was used	213	since in last timeframe
1300 us: Info: MONITOR: Molecule: 	MC_Hz4_HW_02	was used	1316	since in last timeframe
1300 us: Info: MONITOR: Molecule: 	DCT_4x4_HW_04	was used	624	since in last timeframe
1300 us: Info: MONITOR:    SI usages in last timeframe  	0	213	0	1316	0	0	0	0	624	

1350 us: Info: MONITOR: Molecule: 	HT_2X2_HW_00	was used	208	since in last timeframe
1350 us: Info: MONITOR: Molecule: 	HT_4X4_HW_03	was used	2	since in last timeframe
1350 us: Info: MONITOR: Molecule: 	MC_Hz4_HW_02	was used	1180	since in last timeframe
1350 us: Info: MONITOR: Molecule: 	IPred_HDC16x16_SW	was used	8	since in last timeframe
1350 us: Info: MONITOR: Molecule: 	IPred_VDC16x16_SW	was used	8	since in last timeframe
1350 us: Info: MONITOR: Molecule: 	DCT_4x4_HW_04	was used	633	since in last timeframe
1350 us: Info: MONITOR:    SI usages in last timeframe  	0	208	2	1180	8	8	0	0	633	

1400 us: Info: MONITOR: Molecule: 	HT_2X2_HW_00	was used	224	since in last timeframe
1400 us: Info: MONITOR: Molecule: 	MC_Hz4_HW_02	was used	1250	since in last timeframe
1400 us: Info: MONITOR: Molecule: 	DCT_4x4_HW_04	was used	663	since in last timeframe
1400 us: Info: MONITOR:    SI usages in last timeframe  	0	224	0	1250	0	0	0	0	663	

1450 us: Info: MONITOR: Molecule: 	HT_2X2_HW_00	was used	208	since in last timeframe
1450 us: Info: MONITOR: Molecule: 	MC_Hz4_HW_02	was used	1327	since in last timeframe
1450 us: Info: MONITOR: Molecule: 	DCT_4x4_HW_04	was used	624	since in last timeframe
1450 us: Info: MONITOR:    SI usages in last timeframe  	0	208	0	1327	0	0	0	0	624	

1500 us: Info: MONITOR: Molecule: 	HT_2X2_HW_00	was used	96	since in last timeframe
1500 us: Info: MONITOR: Molecule: 	MC_Hz4_HW_02	was used	495	since in last timeframe
1500 us: Info: MONITOR: Molecule: 	LF_BS_4_4_HW_01	was used	1254	since in last timeframe
1500 us: Info: MONITOR: Molecule: 	DCT_4x4_HW_04	was used	288	since in last timeframe
1500 us: Info: MONITOR:    SI usages in last timeframe  	0	96	0	495	0	0	1254	0	288	

1550 us: Info: MONITOR: Molecule: 	SAD_16_HW_01	was used	67	since in last timeframe
1550 us: Info: MONITOR: Molecule: 	LF_BS_4_4_HW_01	was used	1914	since in last timeframe
1550 us: Info: MONITOR: Molecule: 	SATD_4x4_HW_05	was used	54	since in last timeframe
1550 us: Info: MONITOR:    SI usages in last timeframe  	67	0	0	0	0	0	1914	54	0	

1600 us: Info: MONITOR: Molecule: 	SAD_16_HW_01	was used	268	since in last timeframe
1600 us: Info: MONITOR: Molecule: 	SATD_4x4_HW_05	was used	1213	since in last timeframe
1600 us: Info: MONITOR:    SI usages in last timeframe  	268	0	0	0	0	0	0	1213	0	

1650 us: Info: MONITOR: Molecule: 	SAD_16_HW_01	was used	335	since in last timeframe
1650 us: Info: MONITOR: Molecule: 	SATD_4x4_HW_05	was used	1088	since in last timeframe
1650 us: Info: MONITOR:    SI usages in last timeframe  	335	0	0	0	0	0	0	1088	0	

1700 us: Info: MONITOR: Molecule: 	SAD_16_HW_01	was used	268	since in last timeframe
1700 us: Info: MONITOR: Molecule: 	SATD_4x4_HW_05	was used	1213	since in last timeframe
1700 us: Info: MONITOR:    SI usages in last timeframe  	268	0	0	0	0	0	0	1213	0	

1750 us: Info: MONITOR: Molecule: 	SAD_16_HW_01	was used	335	since in last timeframe
1750 us: Info: MONITOR: Molecule: 	SATD_4x4_HW_05	was used	1088	since in last timeframe
1750 us: Info: MONITOR:    SI usages in last timeframe  	335	0	0	0	0	0	0	1088	0	

1800 us: Info: MONITOR: Molecule: 	SAD_16_HW_01	was used	268	since in last timeframe
1800 us: Info: MONITOR: Molecule: 	SATD_4x4_HW_05	was used	1213	since in last timeframe
1800 us: Info: MONITOR:    SI usages in last timeframe  	268	0	0	0	0	0	0	1213	0	

1850 us: Info: MONITOR: Molecule: 	SAD_16_HW_01	was used	335	since in last timeframe
1850 us: Info: MONITOR: Molecule: 	SATD_4x4_HW_05	was used	1088	since in last timeframe
1850 us: Info: MONITOR:    SI usages in last timeframe  	335	0	0	0	0	0	0	1088	0	

1900 us: Info: MONITOR: Molecule: 	SAD_16_HW_01	was used	268	since in last timeframe
1900 us: Info: MONITOR: Molecule: 	SATD_4x4_HW_05	was used	1213	since in last timeframe
1900 us: Info: MONITOR:    SI usages in last timeframe  	268	0	0	0	0	0	0	1213	0	

1950 us: Info: MONITOR: Molecule: 	SAD_16_HW_01	was used	335	since in last timeframe
1950 us: Info: MONITOR: Molecule: 	SATD_4x4_HW_05	was used	1088	since in last timeframe
1950 us: Info: MONITOR:    SI usages in last timeframe  	335	0	0	0	0	0	0	1088	0	

2 ms: Info: MONITOR: Molecule: 	SAD_16_HW_01	was used	268	since in last timeframe
2 ms: Info: MONITOR: Molecule: 	SATD_4x4_HW_05	was used	1213	since in last timeframe
2 ms: Info: MONITOR:    SI usages in last timeframe  	268	0	0	0	0	0	0	1213	0	

2050 us: Info: MONITOR: Molecule: 	SAD_16_HW_01	was used	335	since in last timeframe
2050 us: Info: MONITOR: Molecule: 	SATD_4x4_HW_05	was used	1088	since in last timeframe
2050 us: Info: MONITOR:    SI usages in last timeframe  	335	0	0	0	0	0	0	1088	0	

2100 us: Info: MONITOR: Molecule: 	SAD_16_HW_01	was used	268	since in last timeframe
2100 us: Info: MONITOR: Molecule: 	SATD_4x4_HW_05	was used	1213	since in last timeframe
2100 us: Info: MONITOR:    SI usages in last timeframe  	268	0	0	0	0	0	0	1213	0	

2150 us: Info: MONITOR: Molecule: 	SAD_16_HW_01	was used	335	since in last timeframe
2150 us: Info: MONITOR: Molecule: 	SATD_4x4_HW_05	was used	1088	since in last timeframe
2150 us: Info: MONITOR:    SI usages in last timeframe  	335	0	0	0	0	0	0	1088	0	

2200 us: Info: MONITOR: Molecule: 	SAD_16_HW_01	was used	268	since in last timeframe
2200 us: Info: MONITOR: Molecule: 	SATD_4x4_HW_05	was used	1212	since in last timeframe
2200 us: Info: MONITOR:    SI usages in last timeframe  	268	0	0	0	0	0	0	1212	0	

2250 us: Info: MONITOR: Molecule: 	SAD_16_HW_01	was used	335	since in last timeframe
2250 us: Info: MONITOR: Molecule: 	SATD_4x4_HW_05	was used	1088	since in last timeframe
2250 us: Info: MONITOR:    SI usages in last timeframe  	335	0	0	0	0	0	0	1088	0	

2300 us: Info: MONITOR: Molecule: 	SAD_16_HW_01	was used	268	since in last timeframe
2300 us: Info: MONITOR: Molecule: 	SATD_4x4_HW_05	was used	1214	since in last timeframe
2300 us: Info: MONITOR:    SI usages in last timeframe  	268	0	0	0	0	0	0	1214	0	

2350 us: Info: MONITOR: Molecule: 	SAD_16_HW_01	was used	335	since in last timeframe
2350 us: Info: MONITOR: Molecule: 	SATD_4x4_HW_05	was used	1088	since in last timeframe
2350 us: Info: MONITOR:    SI usages in last timeframe  	335	0	0	0	0	0	0	1088	0	

2400 us: Info: MONITOR: Molecule: 	SAD_16_HW_01	was used	268	since in last timeframe
2400 us: Info: MONITOR: Molecule: 	SATD_4x4_HW_05	was used	1213	since in last timeframe
2400 us: Info: MONITOR:    SI usages in last timeframe  	268	0	0	0	0	0	0	1213	0	

2450 us: Info: MONITOR: Molecule: 	SAD_16_HW_01	was used	335	since in last timeframe
2450 us: Info: MONITOR: Molecule: 	SATD_4x4_HW_05	was used	1088	since in last timeframe
2450 us: Info: MONITOR:    SI usages in last timeframe  	335	0	0	0	0	0	0	1088	0	

2500 us: Info: MONITOR: Molecule: 	SAD_16_HW_01	was used	268	since in last timeframe
2500 us: Info: MONITOR: Molecule: 	SATD_4x4_HW_05	was used	1213	since in last timeframe
2500 us: Info: MONITOR:    SI usages in last timeframe  	268	0	0	0	0	0	0	1213	0	

2550 us: Info: MONITOR: Molecule: 	SAD_16_HW_01	was used	335	since in last timeframe
2550 us: Info: MONITOR: Molecule: 	SATD_4x4_HW_05	was used	1088	since in last timeframe
2550 us: Info: MONITOR:    SI usages in last timeframe  	335	0	0	0	0	0	0	1088	0	

2600 us: Info: MONITOR: Molecule: 	SAD_16_HW_01	was used	268	since in last timeframe
2600 us: Info: MONITOR: Molecule: 	SATD_4x4_HW_05	was used	1212	since in last timeframe
2600 us: Info: MONITOR:    SI usages in last timeframe  	268	0	0	0	0	0	0	1212	0	

2650 us: Info: MONITOR: Molecule: 	SAD_16_HW_01	was used	268	since in last timeframe
2650 us: Info: MONITOR: Molecule: 	HT_2X2_HW_00	was used	16	since in last timeframe
2650 us: Info: MONITOR: Molecule: 	MC_Hz4_HW_02	was used	111	since in last timeframe
2650 us: Info: MONITOR: Molecule: 	SATD_4x4_HW_05	was used	1068	since in last timeframe
2650 us: Info: MONITOR: Molecule: 	DCT_4x4_HW_04	was used	48	since in last timeframe
2650 us: Info: MONITOR:    SI usages in last timeframe  	268	16	0	111	0	0	0	1068	48	

2700 us: Info: MONITOR: Molecule: 	HT_2X2_HW_00	was used	208	since in last timeframe
2700 us: Info: MONITOR: Molecule: 	MC_Hz4_HW_02	was used	1327	since in last timeframe
2700 us: Info: MONITOR: Molecule: 	DCT_4x4_HW_04	was used	624	since in last timeframe
2700 us: Info: MONITOR:    SI usages in last timeframe  	0	208	0	1327	0	0	0	0	624	

2750 us: Info: MONITOR: Molecule: 	HT_2X2_HW_00	was used	218	since in last timeframe
2750 us: Info: MONITOR: Molecule: 	MC_Hz4_HW_02	was used	1250	since in last timeframe
2750 us: Info: MONITOR: Molecule: 	DCT_4x4_HW_04	was used	672	since in last timeframe
2750 us: Info: MONITOR:    SI usages in last timeframe  	0	218	0	1250	0	0	0	0	672	

2800 us: Info: MONITOR: Molecule: 	HT_2X2_HW_00	was used	214	since in last timeframe
2800 us: Info: MONITOR: Molecule: 	MC_Hz4_HW_02	was used	1315	since in last timeframe
2800 us: Info: MONITOR: Molecule: 	DCT_4x4_HW_04	was used	624	since in last timeframe
2800 us: Info: MONITOR:    SI usages in last timeframe  	0	214	0	1315	0	0	0	0	624	

2850 us: Info: MONITOR: Molecule: 	HT_2X2_HW_00	was used	216	since in last timeframe
2850 us: Info: MONITOR: Molecule: 	MC_Hz4_HW_02	was used	1277	since in last timeframe
2850 us: Info: MONITOR: Molecule: 	DCT_4x4_HW_04	was used	654	since in last timeframe
2850 us: Info: MONITOR:    SI usages in last timeframe  	0	216	0	1277	0	0	0	0	654	

2900 us: Info: MONITOR: Molecule: 	HT_2X2_HW_00	was used	216	since in last timeframe
2900 us: Info: MONITOR: Molecule: 	MC_Hz4_HW_02	was used	1288	since in last timeframe
2900 us: Info: MONITOR: Molecule: 	DCT_4x4_HW_04	was used	642	since in last timeframe
2900 us: Info: MONITOR:    SI usages in last timeframe  	0	216	0	1288	0	0	0	0	642	

2950 us: Info: MONITOR: Molecule: 	HT_2X2_HW_00	was used	208	since in last timeframe
2950 us: Info: MONITOR: Molecule: 	MC_Hz4_HW_02	was used	1304	since in last timeframe
2950 us: Info: MONITOR: Molecule: 	DCT_4x4_HW_04	was used	641	since in last timeframe
2950 us: Info: MONITOR:    SI usages in last timeframe  	0	208	0	1304	0	0	0	0	641	

3 ms: Info: MONITOR: Molecule: 	HT_2X2_HW_00	was used	224	since in last timeframe
3 ms: Info: MONITOR: Molecule: 	MC_Hz4_HW_02	was used	1260	since in last timeframe
3 ms: Info: MONITOR: Molecule: 	DCT_4x4_HW_04	was used	655	since in last timeframe
3 ms: Info: MONITOR:    SI usages in last timeframe  	0	224	0	1260	0	0	0	0	655	

3050 us: Info: MONITOR: Molecule: 	HT_2X2_HW_00	was used	64	since in last timeframe
3050 us: Info: MONITOR: Molecule: 	MC_Hz4_HW_02	was used	372	since in last timeframe
3050 us: Info: MONITOR: Molecule: 	LF_BS_4_4_HW_01	was used	1514	since in last timeframe
3050 us: Info: MONITOR: Molecule: 	DCT_4x4_HW_04	was used	192	since in last timeframe
3050 us: Info: MONITOR:    SI usages in last timeframe  	0	64	0	372	0	0	1514	0	192	

3100 us: Info: MONITOR: Molecule: 	SAD_16_HW_01	was used	69	since in last timeframe
3100 us: Info: MONITOR: Molecule: 	LF_BS_4_4_HW_01	was used	1654	since in last timeframe
3100 us: Info: MONITOR: Molecule: 	SATD_4x4_HW_05	was used	256	since in last timeframe
3100 us: Info: MONITOR:    SI usages in last timeframe  	69	0	0	0	0	0	1654	256	0	

3150 us: Info: MONITOR: Molecule: 	SAD_16_HW_01	was used	333	since in last timeframe
3150 us: Info: MONITOR: Molecule: 	SATD_4x4_HW_05	was used	1094	since in last timeframe
3150 us: Info: MONITOR:    SI usages in last timeframe  	333	0	0	0	0	0	0	1094	0	

3200 us: Info: MONITOR: Molecule: 	SAD_16_HW_01	was used	268	since in last timeframe
3200 us: Info: MONITOR: Molecule: 	SATD_4x4_HW_05	was used	1210	since in last timeframe
3200 us: Info: MONITOR:    SI usages in last timeframe  	268	0	0	0	0	0	0	1210	0	

3250 us: Info: MONITOR: Molecule: 	SAD_16_HW_01	was used	335	since in last timeframe
3250 us: Info: MONITOR: Molecule: 	SATD_4x4_HW_05	was used	1091	since in last timeframe
3250 us: Info: MONITOR:    SI usages in last timeframe  	335	0	0	0	0	0	0	1091	0	

3300 us: Info: MONITOR: Molecule: 	SAD_16_HW_01	was used	268	since in last timeframe
3300 us: Info: MONITOR: Molecule: 	SATD_4x4_HW_05	was used	1213	since in last timeframe
3300 us: Info: MONITOR:    SI usages in last timeframe  	268	0	0	0	0	0	0	1213	0	

3350 us: Info: MONITOR: Molecule: 	SAD_16_HW_01	was used	335	since in last timeframe
3350 us: Info: MONITOR: Molecule: 	SATD_4x4_HW_05	was used	1088	since in last timeframe
3350 us: Info: MONITOR:    SI usages in last timeframe  	335	0	0	0	0	0	0	1088	0	

3400 us: Info: MONITOR: Molecule: 	SAD_16_HW_01	was used	268	since in last timeframe
3400 us: Info: MONITOR: Molecule: 	SATD_4x4_HW_05	was used	1213	since in last timeframe
3400 us: Info: MONITOR:    SI usages in last timeframe  	268	0	0	0	0	0	0	1213	0	

3450 us: Info: MONITOR: Molecule: 	SAD_16_HW_01	was used	335	since in last timeframe
3450 us: Info: MONITOR: Molecule: 	SATD_4x4_HW_05	was used	1088	since in last timeframe
3450 us: Info: MONITOR:    SI usages in last timeframe  	335	0	0	0	0	0	0	1088	0	

3500 us: Info: MONITOR: Molecule: 	SAD_16_HW_01	was used	268	since in last timeframe
3500 us: Info: MONITOR: Molecule: 	SATD_4x4_HW_05	was used	1213	since in last timeframe
3500 us: Info: MONITOR:    SI usages in last timeframe  	268	0	0	0	0	0	0	1213	0	

3550 us: Info: MONITOR: Molecule: 	SAD_16_HW_01	was used	335	since in last timeframe
3550 us: Info: MONITOR: Molecule: 	SATD_4x4_HW_05	was used	1088	since in last timeframe
3550 us: Info: MONITOR:    SI usages in last timeframe  	335	0	0	0	0	0	0	1088	0	

3600 us: Info: MONITOR: Molecule: 	SAD_16_HW_01	was used	268	since in last timeframe
3600 us: Info: MONITOR: Molecule: 	SATD_4x4_HW_05	was used	1213	since in last timeframe
3600 us: Info: MONITOR:    SI usages in last timeframe  	268	0	0	0	0	0	0	1213	0	

3650 us: Info: MONITOR: Molecule: 	SAD_16_HW_01	was used	335	since in last timeframe
3650 us: Info: MONITOR: Molecule: 	SATD_4x4_HW_05	was used	1088	since in last timeframe
3650 us: Info: MONITOR:    SI usages in last timeframe  	335	0	0	0	0	0	0	1088	0	

3700 us: Info: MONITOR: Molecule: 	SAD_16_HW_01	was used	268	since in last timeframe
3700 us: Info: MONITOR: Molecule: 	SATD_4x4_HW_05	was used	1212	since in last timeframe
3700 us: Info: MONITOR:    SI usages in last timeframe  	268	0	0	0	0	0	0	1212	0	

3750 us: Info: MONITOR: Molecule: 	SAD_16_HW_01	was used	335	since in last timeframe
3750 us: Info: MONITOR: Molecule: 	SATD_4x4_HW_05	was used	1088	since in last timeframe
3750 us: Info: MONITOR:    SI usages in last timeframe  	335	0	0	0	0	0	0	1088	0	

3800 us: Info: MONITOR: Molecule: 	SAD_16_HW_01	was used	268	since in last timeframe
3800 us: Info: MONITOR: Molecule: 	SATD_4x4_HW_05	was used	1213	since in last timeframe
3800 us: Info: MONITOR:    SI usages in last timeframe  	268	0	0	0	0	0	0	1213	0	

3850 us: Info: MONITOR: Molecule: 	SAD_16_HW_01	was used	335	since in last timeframe
3850 us: Info: MONITOR: Molecule: 	SATD_4x4_HW_05	was used	1088	since in last timeframe
3850 us: Info: MONITOR:    SI usages in last timeframe  	335	0	0	0	0	0	0	1088	0	

3900 us: Info: MONITOR: Molecule: 	SAD_16_HW_01	was used	268	since in last timeframe
3900 us: Info: MONITOR: Molecule: 	SATD_4x4_HW_05	was used	1214	since in last timeframe
3900 us: Info: MONITOR:    SI usages in last timeframe  	268	0	0	0	0	0	0	1214	0	

3950 us: Info: MONITOR: Molecule: 	SAD_16_HW_01	was used	335	since in last timeframe
3950 us: Info: MONITOR: Molecule: 	SATD_4x4_HW_05	was used	1088	since in last timeframe
3950 us: Info: MONITOR:    SI usages in last timeframe  	335	0	0	0	0	0	0	1088	0	

4 ms: Info: MONITOR: Molecule: 	SAD_16_HW_01	was used	268	since in last timeframe
4 ms: Info: MONITOR: Molecule: 	SATD_4x4_HW_05	was used	1213	since in last timeframe
4 ms: Info: MONITOR:    SI usages in last timeframe  	268	0	0	0	0	0	0	1213	0	

4050 us: Info: MONITOR: Molecule: 	SAD_16_HW_01	was used	335	since in last timeframe
4050 us: Info: MONITOR: Molecule: 	SATD_4x4_HW_05	was used	1088	since in last timeframe
4050 us: Info: MONITOR:    SI usages in last timeframe  	335	0	0	0	0	0	0	1088	0	

4100 us: Info: MONITOR: Molecule: 	SAD_16_HW_01	was used	268	since in last timeframe
4100 us: Info: MONITOR: Molecule: 	SATD_4x4_HW_05	was used	1212	since in last timeframe
4100 us: Info: MONITOR:    SI usages in last timeframe  	268	0	0	0	0	0	0	1212	0	

4150 us: Info: MONITOR: Molecule: 	SAD_16_HW_01	was used	335	since in last timeframe
4150 us: Info: MONITOR: Molecule: 	SATD_4x4_HW_05	was used	1088	since in last timeframe
4150 us: Info: MONITOR:    SI usages in last timeframe  	335	0	0	0	0	0	0	1088	0	

4200 us: Info: MONITOR: Molecule: 	SAD_16_HW_01	was used	201	since in last timeframe
4200 us: Info: MONITOR: Molecule: 	HT_2X2_HW_00	was used	35	since in last timeframe
4200 us: Info: MONITOR: Molecule: 	MC_Hz4_HW_02	was used	288	since in last timeframe
4200 us: Info: MONITOR: Molecule: 	SATD_4x4_HW_05	was used	985	since in last timeframe
4200 us: Info: MONITOR: Molecule: 	DCT_4x4_HW_04	was used	120	since in last timeframe
4200 us: Info: MONITOR:    SI usages in last timeframe  	201	35	0	288	0	0	0	985	120	

4250 us: Info: MONITOR: Molecule: 	HT_2X2_HW_00	was used	221	since in last timeframe
4250 us: Info: MONITOR: Molecule: 	MC_Hz4_HW_02	was used	1273	since in last timeframe
4250 us: Info: MONITOR: Molecule: 	DCT_4x4_HW_04	was used	648	since in last timeframe
4250 us: Info: MONITOR:    SI usages in last timeframe  	0	221	0	1273	0	0	0	0	648	

4300 us: Info: MONITOR: Molecule: 	HT_2X2_HW_00	was used	208	since in last timeframe
4300 us: Info: MONITOR: Molecule: 	MC_Hz4_HW_02	was used	1319	since in last timeframe
4300 us: Info: MONITOR: Molecule: 	DCT_4x4_HW_04	was used	630	since in last timeframe
4300 us: Info: MONITOR:    SI usages in last timeframe  	0	208	0	1319	0	0	0	0	630	

4350 us: Info: MONITOR: Molecule: 	HT_2X2_HW_00	was used	224	since in last timeframe
4350 us: Info: MONITOR: Molecule: 	MC_Hz4_HW_02	was used	1248	since in last timeframe
4350 us: Info: MONITOR: Molecule: 	DCT_4x4_HW_04	was used	666	since in last timeframe
4350 us: Info: MONITOR:    SI usages in last timeframe  	0	224	0	1248	0	0	0	0	666	

4400 us: Info: MONITOR: Molecule: 	HT_2X2_HW_00	was used	208	since in last timeframe
4400 us: Info: MONITOR: Molecule: 	MC_Hz4_HW_02	was used	1325	since in last timeframe
4400 us: Info: MONITOR: Molecule: 	DCT_4x4_HW_04	was used	624	since in last timeframe
4400 us: Info: MONITOR:    SI usages in last timeframe  	0	208	0	1325	0	0	0	0	624	

4450 us: Info: MONITOR: Molecule: 	HT_2X2_HW_00	was used	216	since in last timeframe
4450 us: Info: MONITOR: Molecule: 	MC_Hz4_HW_02	was used	1267	since in last timeframe
4450 us: Info: MONITOR: Molecule: 	DCT_4x4_HW_04	was used	661	since in last timeframe
4450 us: Info: MONITOR:    SI usages in last timeframe  	0	216	0	1267	0	0	0	0	661	

4500 us: Info: MONITOR: Molecule: 	HT_2X2_HW_00	was used	216	since in last timeframe
4500 us: Info: MONITOR: Molecule: 	MC_Hz4_HW_02	was used	1298	since in last timeframe
4500 us: Info: MONITOR: Molecule: 	DCT_4x4_HW_04	was used	635	since in last timeframe
4500 us: Info: MONITOR:    SI usages in last timeframe  	0	216	0	1298	0	0	0	0	635	

4550 us: Info: MONITOR: Molecule: 	HT_2X2_HW_00	was used	208	since in last timeframe
4550 us: Info: MONITOR: Molecule: 	MC_Hz4_HW_02	was used	1294	since in last timeframe
4550 us: Info: MONITOR: Molecule: 	DCT_4x4_HW_04	was used	648	since in last timeframe
4550 us: Info: MONITOR:    SI usages in last timeframe  	0	208	0	1294	0	0	0	0	648	

4600 us: Info: MONITOR: Molecule: 	HT_2X2_HW_00	was used	48	since in last timeframe
4600 us: Info: MONITOR: Molecule: 	MC_Hz4_HW_02	was used	192	since in last timeframe
4600 us: Info: MONITOR: Molecule: 	LF_BS_4_4_HW_01	was used	1774	since in last timeframe
4600 us: Info: MONITOR: Molecule: 	DCT_4x4_HW_04	was used	120	since in last timeframe
4600 us: Info: MONITOR:    SI usages in last timeframe  	0	48	0	192	0	0	1774	0	120	

4650 us: Info: MONITOR: Molecule: 	SAD_16_HW_01	was used	134	since in last timeframe
4650 us: Info: MONITOR: Molecule: 	LF_BS_4_4_HW_01	was used	1394	since in last timeframe
4650 us: Info: MONITOR: Molecule: 	SATD_4x4_HW_05	was used	345	since in last timeframe
4650 us: Info: MONITOR:    SI usages in last timeframe  	134	0	0	0	0	0	1394	345	0	

4700 us: Info: MONITOR: Molecule: 	SAD_16_HW_01	was used	278	since in last timeframe
4700 us: Info: MONITOR: Molecule: 	SATD_4x4_HW_05	was used	1191	since in last timeframe
4700 us: Info: MONITOR:    SI usages in last timeframe  	278	0	0	0	0	0	0	1191	0	

4750 us: Info: MONITOR: Molecule: 	SAD_16_HW_01	was used	325	since in last timeframe
4750 us: Info: MONITOR: Molecule: 	SATD_4x4_HW_05	was used	1110	since in last timeframe
4750 us: Info: MONITOR:    SI usages in last timeframe  	325	0	0	0	0	0	0	1110	0	

4800 us: Info: MONITOR: Molecule: 	SAD_16_HW_01	was used	277	since in last timeframe
4800 us: Info: MONITOR: Molecule: 	SATD_4x4_HW_05	was used	1194	since in last timeframe
4800 us: Info: MONITOR:    SI usages in last timeframe  	277	0	0	0	0	0	0	1194	0	

4850 us: Info: MONITOR: Molecule: 	SAD_16_HW_01	was used	326	since in last timeframe
4850 us: Info: MONITOR: Molecule: 	SATD_4x4_HW_05	was used	1106	since in last timeframe
4850 us: Info: MONITOR:    SI usages in last timeframe  	326	0	0	0	0	0	0	1106	0	

4900 us: Info: MONITOR: Molecule: 	SAD_16_HW_01	was used	275	since in last timeframe
4900 us: Info: MONITOR: Molecule: 	SATD_4x4_HW_05	was used	1198	since in last timeframe
4900 us: Info: MONITOR:    SI usages in last timeframe  	275	0	0	0	0	0	0	1198	0	

4950 us: Info: MONITOR: Molecule: 	SAD_16_HW_01	was used	328	since in last timeframe
4950 us: Info: MONITOR: Molecule: 	SATD_4x4_HW_05	was used	1104	since in last timeframe
4950 us: Info: MONITOR:    SI usages in last timeframe  	328	0	0	0	0	0	0	1104	0	

5 ms: Info: MONITOR: Molecule: 	SAD_16_HW_01	was used	273	since in last timeframe
5 ms: Info: MONITOR: Molecule: 	SATD_4x4_HW_05	was used	1200	since in last timeframe
5 ms: Info: MONITOR:    SI usages in last timeframe  	273	0	0	0	0	0	0	1200	0	

5050 us: Info: MONITOR: Molecule: 	SAD_16_HW_01	was used	330	since in last timeframe
5050 us: Info: MONITOR: Molecule: 	SATD_4x4_HW_05	was used	1101	since in last timeframe
5050 us: Info: MONITOR:    SI usages in last timeframe  	330	0	0	0	0	0	0	1101	0	

5100 us: Info: MONITOR: Molecule: 	SAD_16_HW_01	was used	272	since in last timeframe
5100 us: Info: MONITOR: Molecule: 	SATD_4x4_HW_05	was used	1203	since in last timeframe
5100 us: Info: MONITOR:    SI usages in last timeframe  	272	0	0	0	0	0	0	1203	0	

5150 us: Info: MONITOR: Molecule: 	SAD_16_HW_01	was used	331	since in last timeframe
5150 us: Info: MONITOR: Molecule: 	SATD_4x4_HW_05	was used	1098	since in last timeframe
5150 us: Info: MONITOR:    SI usages in last timeframe  	331	0	0	0	0	0	0	1098	0	

5200 us: Info: MONITOR: Molecule: 	SAD_16_HW_01	was used	270	since in last timeframe
5200 us: Info: MONITOR: Molecule: 	SATD_4x4_HW_05	was used	1206	since in last timeframe
5200 us: Info: MONITOR:    SI usages in last timeframe  	270	0	0	0	0	0	0	1206	0	

5250 us: Info: MONITOR: Molecule: 	SAD_16_HW_01	was used	333	since in last timeframe
5250 us: Info: MONITOR: Molecule: 	SATD_4x4_HW_05	was used	1094	since in last timeframe
5250 us: Info: MONITOR:    SI usages in last timeframe  	333	0	0	0	0	0	0	1094	0	

5300 us: Info: MONITOR: Molecule: 	SAD_16_HW_01	was used	268	since in last timeframe
5300 us: Info: MONITOR: Molecule: 	SATD_4x4_HW_05	was used	1210	since in last timeframe
5300 us: Info: MONITOR:    SI usages in last timeframe  	268	0	0	0	0	0	0	1210	0	

5350 us: Info: MONITOR: Molecule: 	SAD_16_HW_01	was used	335	since in last timeframe
5350 us: Info: MONITOR: Molecule: 	SATD_4x4_HW_05	was used	1091	since in last timeframe
5350 us: Info: MONITOR:    SI usages in last timeframe  	335	0	0	0	0	0	0	1091	0	

5400 us: Info: MONITOR: Molecule: 	SAD_16_HW_01	was used	268	since in last timeframe
5400 us: Info: MONITOR: Molecule: 	SATD_4x4_HW_05	was used	1213	since in last timeframe
5400 us: Info: MONITOR:    SI usages in last timeframe  	268	0	0	0	0	0	0	1213	0	

5450 us: Info: MONITOR: Molecule: 	SAD_16_HW_01	was used	335	since in last timeframe
5450 us: Info: MONITOR: Molecule: 	SATD_4x4_HW_05	was used	1088	since in last timeframe
5450 us: Info: MONITOR:    SI usages in last timeframe  	335	0	0	0	0	0	0	1088	0	

5500 us: Info: MONITOR: Molecule: 	SAD_16_HW_01	was used	268	since in last timeframe
5500 us: Info: MONITOR: Molecule: 	SATD_4x4_HW_05	was used	1214	since in last timeframe
5500 us: Info: MONITOR:    SI usages in last timeframe  	268	0	0	0	0	0	0	1214	0	

5550 us: Info: MONITOR: Molecule: 	SAD_16_HW_01	was used	335	since in last timeframe
5550 us: Info: MONITOR: Molecule: 	SATD_4x4_HW_05	was used	1088	since in last timeframe
5550 us: Info: MONITOR:    SI usages in last timeframe  	335	0	0	0	0	0	0	1088	0	

5600 us: Info: MONITOR: Molecule: 	SAD_16_HW_01	was used	268	since in last timeframe
5600 us: Info: MONITOR: Molecule: 	SATD_4x4_HW_05	was used	1212	since in last timeframe
5600 us: Info: MONITOR:    SI usages in last timeframe  	268	0	0	0	0	0	0	1212	0	

5650 us: Info: MONITOR: Molecule: 	SAD_16_HW_01	was used	335	since in last timeframe
5650 us: Info: MONITOR: Molecule: 	SATD_4x4_HW_05	was used	1088	since in last timeframe
5650 us: Info: MONITOR:    SI usages in last timeframe  	335	0	0	0	0	0	0	1088	0	

5700 us: Info: MONITOR: Molecule: 	SAD_16_HW_01	was used	268	since in last timeframe
5700 us: Info: MONITOR: Molecule: 	SATD_4x4_HW_05	was used	1213	since in last timeframe
5700 us: Info: MONITOR:    SI usages in last timeframe  	268	0	0	0	0	0	0	1213	0	

5750 us: Info: MONITOR: Molecule: 	SAD_16_HW_01	was used	201	since in last timeframe
5750 us: Info: MONITOR: Molecule: 	HT_2X2_HW_00	was used	64	since in last timeframe
5750 us: Info: MONITOR: Molecule: 	MC_Hz4_HW_02	was used	447	since in last timeframe
5750 us: Info: MONITOR: Molecule: 	SATD_4x4_HW_05	was used	777	since in last timeframe
5750 us: Info: MONITOR: Molecule: 	DCT_4x4_HW_04	was used	192	since in last timeframe
5750 us: Info: MONITOR:    SI usages in last timeframe  	201	64	0	447	0	0	0	777	192	

5800 us: Info: MONITOR: Molecule: 	HT_2X2_HW_00	was used	208	since in last timeframe
5800 us: Info: MONITOR: Molecule: 	HT_4X4_HW_03	was used	2	since in last timeframe
5800 us: Info: MONITOR: Molecule: 	MC_Hz4_HW_02	was used	1185	since in last timeframe
5800 us: Info: MONITOR: Molecule: 	IPred_HDC16x16_SW	was used	8	since in last timeframe
5800 us: Info: MONITOR: Molecule: 	IPred_VDC16x16_SW	was used	8	since in last timeframe
5800 us: Info: MONITOR: Molecule: 	DCT_4x4_HW_04	was used	630	since in last timeframe
5800 us: Info: MONITOR:    SI usages in last timeframe  	0	208	2	1185	8	8	0	0	630	

5850 us: Info: MONITOR: Molecule: 	HT_2X2_HW_00	was used	224	since in last timeframe
5850 us: Info: MONITOR: Molecule: 	MC_Hz4_HW_02	was used	1248	since in last timeframe
5850 us: Info: MONITOR: Molecule: 	DCT_4x4_HW_04	was used	666	since in last timeframe
5850 us: Info: MONITOR:    SI usages in last timeframe  	0	224	0	1248	0	0	0	0	666	

5900 us: Info: MONITOR: Molecule: 	HT_2X2_HW_00	was used	208	since in last timeframe
5900 us: Info: MONITOR: Molecule: 	MC_Hz4_HW_02	was used	1324	since in last timeframe
5900 us: Info: MONITOR: Molecule: 	DCT_4x4_HW_04	was used	624	since in last timeframe
5900 us: Info: MONITOR:    SI usages in last timeframe  	0	208	0	1324	0	0	0	0	624	

5950 us: Info: MONITOR: Molecule: 	HT_2X2_HW_00	was used	216	since in last timeframe
5950 us: Info: MONITOR: Molecule: 	MC_Hz4_HW_02	was used	1268	since in last timeframe
5950 us: Info: MONITOR: Molecule: 	DCT_4x4_HW_04	was used	661	since in last timeframe
5950 us: Info: MONITOR:    SI usages in last timeframe  	0	216	0	1268	0	0	0	0	661	

6 ms: Info: MONITOR: Molecule: 	HT_2X2_HW_00	was used	216	since in last timeframe
6 ms: Info: MONITOR: Molecule: 	MC_Hz4_HW_02	was used	1297	since in last timeframe
6 ms: Info: MONITOR: Molecule: 	DCT_4x4_HW_04	was used	635	since in last timeframe
6 ms: Info: MONITOR:    SI usages in last timeframe  	0	216	0	1297	0	0	0	0	635	

6050 us: Info: MONITOR: Molecule: 	HT_2X2_HW_00	was used	208	since in last timeframe
6050 us: Info: MONITOR: Molecule: 	MC_Hz4_HW_02	was used	1295	since in last timeframe
6050 us: Info: MONITOR: Molecule: 	DCT_4x4_HW_04	was used	648	since in last timeframe
6050 us: Info: MONITOR:    SI usages in last timeframe  	0	208	0	1295	0	0	0	0	648	

6100 us: Info: MONITOR: Molecule: 	HT_2X2_HW_00	was used	224	since in last timeframe
6100 us: Info: MONITOR: Molecule: 	MC_Hz4_HW_02	was used	1270	since in last timeframe
6100 us: Info: MONITOR: Molecule: 	DCT_4x4_HW_04	was used	648	since in last timeframe
6100 us: Info: MONITOR:    SI usages in last timeframe  	0	224	0	1270	0	0	0	0	648	

6150 us: Info: MONITOR: Molecule: 	HT_2X2_HW_00	was used	16	since in last timeframe
6150 us: Info: MONITOR: Molecule: 	MC_Hz4_HW_02	was used	74	since in last timeframe
6150 us: Info: MONITOR: Molecule: 	LF_BS_4_4_HW_01	was used	2000	since in last timeframe
6150 us: Info: MONITOR: Molecule: 	DCT_4x4_HW_04	was used	48	since in last timeframe
6150 us: Info: MONITOR:    SI usages in last timeframe  	0	16	0	74	0	0	2000	0	48	

6200 us: Info: MONITOR: Molecule: 	SAD_16_HW_01	was used	140	since in last timeframe
6200 us: Info: MONITOR: Molecule: 	LF_BS_4_4_HW_01	was used	1168	since in last timeframe
6200 us: Info: MONITOR: Molecule: 	SATD_4x4_HW_05	was used	512	since in last timeframe
6200 us: Info: MONITOR:    SI usages in last timeframe  	140	0	0	0	0	0	1168	512	0	

6250 us: Info: MONITOR: Molecule: 	SAD_16_HW_01	was used	329	since in last timeframe
6250 us: Info: MONITOR: Molecule: 	SATD_4x4_HW_05	was used	1102	since in last timeframe
6250 us: Info: MONITOR:    SI usages in last timeframe  	329	0	0	0	0	0	0	1102	0	

6300 us: Info: MONITOR: Molecule: 	SAD_16_HW_01	was used	272	since in last timeframe
6300 us: Info: MONITOR: Molecule: 	SATD_4x4_HW_05	was used	1202	since in last timeframe
6300 us: Info: MONITOR:    SI usages in last timeframe  	272	0	0	0	0	0	0	1202	0	

6350 us: Info: MONITOR: Molecule: 	SAD_16_HW_01	was used	331	since in last timeframe
6350 us: Info: MONITOR: Molecule: 	SATD_4x4_HW_05	was used	1099	since in last timeframe
6350 us: Info: MONITOR:    SI usages in last timeframe  	331	0	0	0	0	0	0	1099	0	

6400 us: Info: MONITOR: Molecule: 	SAD_16_HW_01	was used	271	since in last timeframe
6400 us: Info: MONITOR: Molecule: 	SATD_4x4_HW_05	was used	1205	since in last timeframe
6400 us: Info: MONITOR:    SI usages in last timeframe  	271	0	0	0	0	0	0	1205	0	

6450 us: Info: MONITOR: Molecule: 	SAD_16_HW_01	was used	332	since in last timeframe
6450 us: Info: MONITOR: Molecule: 	SATD_4x4_HW_05	was used	1096	since in last timeframe
6450 us: Info: MONITOR:    SI usages in last timeframe  	332	0	0	0	0	0	0	1096	0	

6500 us: Info: MONITOR: Molecule: 	SAD_16_HW_01	was used	269	since in last timeframe
6500 us: Info: MONITOR: Molecule: 	SATD_4x4_HW_05	was used	1208	since in last timeframe
6500 us: Info: MONITOR:    SI usages in last timeframe  	269	0	0	0	0	0	0	1208	0	

6550 us: Info: MONITOR: Molecule: 	SAD_16_HW_01	was used	334	since in last timeframe
6550 us: Info: MONITOR: Molecule: 	SATD_4x4_HW_05	was used	1093	since in last timeframe
6550 us: Info: MONITOR:    SI usages in last timeframe  	334	0	0	0	0	0	0	1093	0	

6600 us: Info: MONITOR: Molecule: 	SAD_16_HW_01	was used	268	since in last timeframe
6600 us: Info: MONITOR: Molecule: 	SATD_4x4_HW_05	was used	1211	since in last timeframe
6600 us: Info: MONITOR:    SI usages in last timeframe  	268	0	0	0	0	0	0	1211	0	

6650 us: Info: MONITOR: Molecule: 	SAD_16_HW_01	was used	335	since in last timeframe
6650 us: Info: MONITOR: Molecule: 	SATD_4x4_HW_05	was used	1090	since in last timeframe
6650 us: Info: MONITOR:    SI usages in last timeframe  	335	0	0	0	0	0	0	1090	0	

6700 us: Info: MONITOR: Molecule: 	SAD_16_HW_01	was used	268	since in last timeframe
6700 us: Info: MONITOR: Molecule: 	SATD_4x4_HW_05	was used	1213	since in last timeframe
6700 us: Info: MONITOR:    SI usages in last timeframe  	268	0	0	0	0	0	0	1213	0	

6750 us: Info: MONITOR: Molecule: 	SAD_16_HW_01	was used	335	since in last timeframe
6750 us: Info: MONITOR: Molecule: 	SATD_4x4_HW_05	was used	1088	since in last timeframe
6750 us: Info: MONITOR:    SI usages in last timeframe  	335	0	0	0	0	0	0	1088	0	

6800 us: Info: MONITOR: Molecule: 	SAD_16_HW_01	was used	268	since in last timeframe
6800 us: Info: MONITOR: Molecule: 	SATD_4x4_HW_05	was used	1213	since in last timeframe
6800 us: Info: MONITOR:    SI usages in last timeframe  	268	0	0	0	0	0	0	1213	0	

6850 us: Info: MONITOR: Molecule: 	SAD_16_HW_01	was used	335	since in last timeframe
6850 us: Info: MONITOR: Molecule: 	SATD_4x4_HW_05	was used	1088	since in last timeframe
6850 us: Info: MONITOR:    SI usages in last timeframe  	335	0	0	0	0	0	0	1088	0	

6900 us: Info: MONITOR: Molecule: 	SAD_16_HW_01	was used	268	since in last timeframe
6900 us: Info: MONITOR: Molecule: 	SATD_4x4_HW_05	was used	1213	since in last timeframe
6900 us: Info: MONITOR:    SI usages in last timeframe  	268	0	0	0	0	0	0	1213	0	

6950 us: Info: MONITOR: Molecule: 	SAD_16_HW_01	was used	335	since in last timeframe
6950 us: Info: MONITOR: Molecule: 	SATD_4x4_HW_05	was used	1088	since in last timeframe
6950 us: Info: MONITOR:    SI usages in last timeframe  	335	0	0	0	0	0	0	1088	0	

7 ms: Info: MONITOR: Molecule: 	SAD_16_HW_01	was used	268	since in last timeframe
7 ms: Info: MONITOR: Molecule: 	SATD_4x4_HW_05	was used	1213	since in last timeframe
7 ms: Info: MONITOR:    SI usages in last timeframe  	268	0	0	0	0	0	0	1213	0	

7050 us: Info: MONITOR: Molecule: 	SAD_16_HW_01	was used	335	since in last timeframe
7050 us: Info: MONITOR: Molecule: 	SATD_4x4_HW_05	was used	1088	since in last timeframe
7050 us: Info: MONITOR:    SI usages in last timeframe  	335	0	0	0	0	0	0	1088	0	

7100 us: Info: MONITOR: Molecule: 	SAD_16_HW_01	was used	268	since in last timeframe
7100 us: Info: MONITOR: Molecule: 	SATD_4x4_HW_05	was used	1213	since in last timeframe
7100 us: Info: MONITOR:    SI usages in last timeframe  	268	0	0	0	0	0	0	1213	0	

7150 us: Info: MONITOR: Molecule: 	SAD_16_HW_01	was used	335	since in last timeframe
7150 us: Info: MONITOR: Molecule: 	SATD_4x4_HW_05	was used	1087	since in last timeframe
7150 us: Info: MONITOR:    SI usages in last timeframe  	335	0	0	0	0	0	0	1087	0	

7200 us: Info: MONITOR: Molecule: 	SAD_16_HW_01	was used	268	since in last timeframe
7200 us: Info: MONITOR: Molecule: 	SATD_4x4_HW_05	was used	1214	since in last timeframe
7200 us: Info: MONITOR:    SI usages in last timeframe  	268	0	0	0	0	0	0	1214	0	

7250 us: Info: MONITOR: Molecule: 	SAD_16_HW_01	was used	335	since in last timeframe
7250 us: Info: MONITOR: Molecule: 	SATD_4x4_HW_05	was used	1088	since in last timeframe
7250 us: Info: MONITOR:    SI usages in last timeframe  	335	0	0	0	0	0	0	1088	0	

7300 us: Info: MONITOR: Molecule: 	SAD_16_HW_01	was used	134	since in last timeframe
7300 us: Info: MONITOR: Molecule: 	HT_2X2_HW_00	was used	88	since in last timeframe
7300 us: Info: MONITOR: Molecule: 	MC_Hz4_HW_02	was used	576	since in last timeframe
7300 us: Info: MONITOR: Molecule: 	SATD_4x4_HW_05	was used	720	since in last timeframe
7300 us: Info: MONITOR: Molecule: 	DCT_4x4_HW_04	was used	266	since in last timeframe
7300 us: Info: MONITOR:    SI usages in last timeframe  	134	88	0	576	0	0	0	720	266	

7350 us: Info: MONITOR: Molecule: 	HT_2X2_HW_00	was used	216	since in last timeframe
7350 us: Info: MONITOR: Molecule: 	MC_Hz4_HW_02	was used	1283	since in last timeframe
7350 us: Info: MONITOR: Molecule: 	DCT_4x4_HW_04	was used	646	since in last timeframe
7350 us: Info: MONITOR:    SI usages in last timeframe  	0	216	0	1283	0	0	0	0	646	

7400 us: Info: MONITOR: Molecule: 	HT_2X2_HW_00	was used	208	since in last timeframe
7400 us: Info: MONITOR: Molecule: 	MC_Hz4_HW_02	was used	1309	since in last timeframe
7400 us: Info: MONITOR: Molecule: 	DCT_4x4_HW_04	was used	637	since in last timeframe
7400 us: Info: MONITOR:    SI usages in last timeframe  	0	208	0	1309	0	0	0	0	637	

7450 us: Info: MONITOR: Molecule: 	HT_2X2_HW_00	was used	224	since in last timeframe
7450 us: Info: MONITOR: Molecule: 	MC_Hz4_HW_02	was used	1255	since in last timeframe
7450 us: Info: MONITOR: Molecule: 	DCT_4x4_HW_04	was used	659	since in last timeframe
7450 us: Info: MONITOR:    SI usages in last timeframe  	0	224	0	1255	0	0	0	0	659	

7500 us: Info: MONITOR: Molecule: 	HT_2X2_HW_00	was used	208	since in last timeframe
7500 us: Info: MONITOR: Molecule: 	MC_Hz4_HW_02	was used	1328	since in last timeframe
7500 us: Info: MONITOR: Molecule: 	DCT_4x4_HW_04	was used	624	since in last timeframe
7500 us: Info: MONITOR:    SI usages in last timeframe  	0	208	0	1328	0	0	0	0	624	

7550 us: Info: MONITOR: Molecule: 	HT_2X2_HW_00	was used	216	since in last timeframe
7550 us: Info: MONITOR: Molecule: 	MC_Hz4_HW_02	was used	1257	since in last timeframe
7550 us: Info: MONITOR: Molecule: 	DCT_4x4_HW_04	was used	668	since in last timeframe
7550 us: Info: MONITOR:    SI usages in last timeframe  	0	216	0	1257	0	0	0	0	668	

7600 us: Info: MONITOR: Molecule: 	HT_2X2_HW_00	was used	216	since in last timeframe
7600 us: Info: MONITOR: Molecule: 	MC_Hz4_HW_02	was used	1307	since in last timeframe
7600 us: Info: MONITOR: Molecule: 	DCT_4x4_HW_04	was used	628	since in last timeframe
7600 us: Info: MONITOR:    SI usages in last timeframe  	0	216	0	1307	0	0	0	0	628	

7650 us: Info: MONITOR: Molecule: 	HT_2X2_HW_00	was used	208	since in last timeframe
7650 us: Info: MONITOR: Molecule: 	MC_Hz4_HW_02	was used	1189	since in last timeframe
7650 us: Info: MONITOR: Molecule: 	LF_BS_4_4_HW_01	was used	121	since in last timeframe
7650 us: Info: MONITOR: Molecule: 	DCT_4x4_HW_04	was used	624	since in last timeframe
7650 us: Info: MONITOR:    SI usages in last timeframe  	0	208	0	1189	0	0	121	0	624	

7700 us: Info: MONITOR: Molecule: 	LF_BS_4_4_HW_01	was used	2139	since in last timeframe
7700 us: Info: MONITOR:    SI usages in last timeframe  	0	0	0	0	0	0	2139	0	0	

7721296 ns: Info: RotationsManager: 
TOTAL: Branches              308284
       Fetch Stalls:         4642312
       Decode Stalls:        0
       EXE Stage Stalls:     67490
       Load/Store Stalls:    50703
       Write Back Stalls:    0
       Cycles (total):       7721296
       Instructions fetched: 2960791

7721296 ns: Info: RotationsManager: Gesamtdauer: 20.04 Sekunden.
7721296 ns: Info: RotationsManager: Cleaning up Pipeline

7721296 ns: Info: MONITOR: 
PREDICTION TABLE
Node       | Backups    | E    | Insns      | Function Type Predictions                                                                                 |
0x290      |          0 | 0.00 | 6633.0	1584.0	2.0	9420.0	7.0	7.0	3168.0	25344.0	4752.0	



SETTINGS
  + slots:              14
  + time per atom:      10
  + TD prediction       
    - lambda:           0.0
    - gamma:            0.0
    - alpha:            0.0
    - e_min:            0.0

CYCLE COUNT
  + fastest possible:   7234105
  + slowest possible:   264515021
  + this run:           7721297
    - cycles saved (%): 256793724 (97.1 %)
    - cycles lost (%) : 487192 (6.7 %)
  + basic ops:          2824216
  + ad-hoc stalls:      0
    - tot. # specops:   0

EXECUTION COUNT
  + forecast bursts:    1
  + specop execs:       254769
    - HW executions:    254737
    - SW executions:    32
    - coverage:         100.0 %

ATOM SWAP-IN / SWAP-OUT
  + swap-ins:           14
  + swap-out:           0

BRANCH AND BOUND
  + tot. # possible:    653184
  + tot. # checked:     93
  + checked %:          0.0 %

COUNTS PER 10000 INSTRUCTIONS
fb: forecast bursts
#SI: total # of Special Instructions
#hw: # executed HW-Molecules
#sw: # executed SW-Molecules
la: loaded atoms (finish time [cycle])
s-out: swapped-out atoms
cycle	fb	#SI	#hw	#sw	la	s-out	possible	checked	adhoc_w	adhoc_t
30180	1	857	857	0	atom_SAD4(83) atom_SAD4(133) atom_QuadSub(113) atom_PackLSBMSB(103) atom_PackLSBMSB(153) atom_Transform(93) atom_Transform(143) atom_SATD(123) atom_SATD(163) atom_BytePack(193) atom_PointFilter(173) atom_Clip3(183) atom_Cond(63) atom_LF(73) 	 	653184	93	0
60471	0	864	864	0	 	 	0	0	0
90465	0	888	888	0	 	 	0	0	0
120543	0	880	880	0	 	 	0	0	0
150815	0	863	863	0	 	 	0	0	0
181023	0	871	871	0	 	 	0	0	0
210905	0	898	898	0	 	 	0	0	0
241178	0	863	863	0	 	 	0	0	0
271469	0	864	864	0	 	 	0	0	0
301396	0	891	891	0	 	 	0	0	0
331522	0	876	876	0	 	 	0	0	0
361813	0	864	864	0	 	 	0	0	0
391954	0	874	874	0	 	 	0	0	0
421866	0	893	893	0	 	 	0	0	0
452157	0	864	864	0	 	 	0	0	0
482411	0	863	863	0	 	 	0	0	0
512326	0	896	896	0	 	 	0	0	0
542520	0	873	873	0	 	 	0	0	0
572774	0	862	862	0	 	 	0	0	0
602884	0	879	879	0	 	 	0	0	0
632864	0	890	890	0	 	 	0	0	0
663137	0	863	863	0	 	 	0	0	0
693409	0	863	863	0	 	 	0	0	0
723256	0	900	900	0	 	 	0	0	0
753499	0	869	869	0	 	 	0	0	0
783772	0	863	863	0	 	 	0	0	0
813814	0	882	882	0	 	 	0	0	0
843862	0	887	887	0	 	 	0	0	0
874116	0	862	862	0	 	 	0	0	0
904372	0	865	865	0	 	 	0	0	0
934206	0	904	904	0	 	 	0	0	0
964460	0	862	862	0	 	 	0	0	0
994751	0	864	864	0	 	 	0	0	0
1024744	0	886	886	0	 	 	0	0	0
1054823	0	882	882	0	 	 	0	0	0
1085114	0	864	864	0	 	 	0	0	0
1110702	0	906	906	0	 	 	0	0	0
1131725	0	895	895	0	 	 	0	0	0
1152708	0	904	904	0	 	 	0	0	0
1173613	0	902	902	0	 	 	0	0	0
1194641	0	894	894	0	 	 	0	0	0
1215638	0	910	910	0	 	 	0	0	0
1236539	0	897	897	0	 	 	0	0	0
1257550	0	899	899	0	 	 	0	0	0
1278498	0	907	907	0	 	 	0	0	0
1299465	0	895	895	0	 	 	0	0	0
1320505	0	904	904	0	 	 	0	0	0
1341353	0	902	902	0	 	 	0	0	0
1364820	0	897	881	16	 	 	0	0	0
1385815	0	895	895	0	 	 	0	0	0
1406826	0	904	904	0	 	 	0	0	0
1427703	0	902	902	0	 	 	0	0	0
1448741	0	895	895	0	 	 	0	0	0
1469702	0	907	907	0	 	 	0	0	0
1485168	0	655	655	0	 	 	0	0	0
1500404	0	652	652	0	 	 	0	0	0
1515633	0	651	651	0	 	 	0	0	0
1530869	0	652	652	0	 	 	0	0	0
1547643	0	645	645	0	 	 	0	0	0
1577559	0	897	897	0	 	 	0	0	0
1607813	0	862	862	0	 	 	0	0	0
1638104	0	864	864	0	 	 	0	0	0
1668015	0	893	893	0	 	 	0	0	0
1698157	0	875	875	0	 	 	0	0	0
1728467	0	864	864	0	 	 	0	0	0
1758573	0	875	875	0	 	 	0	0	0
1788520	0	892	892	0	 	 	0	0	0
1818811	0	864	864	0	 	 	0	0	0
1849102	0	864	864	0	 	 	0	0	0
1878945	0	897	897	0	 	 	0	0	0
1909155	0	870	870	0	 	 	0	0	0
1939446	0	864	864	0	 	 	0	0	0
1969503	0	880	880	0	 	 	0	0	0
1999518	0	888	888	0	 	 	0	0	0
2029809	0	864	864	0	 	 	0	0	0
2060063	0	862	862	0	 	 	0	0	0
2089911	0	902	902	0	 	 	0	0	0
2120153	0	867	867	0	 	 	0	0	0
2150407	0	862	862	0	 	 	0	0	0
2180469	0	885	885	0	 	 	0	0	0
2210497	0	884	884	0	 	 	0	0	0
2240751	0	863	863	0	 	 	0	0	0
2271027	0	867	867	0	 	 	0	0	0
2300860	0	902	902	0	 	 	0	0	0
2331114	0	862	862	0	 	 	0	0	0
2361405	0	864	864	0	 	 	0	0	0
2391399	0	888	888	0	 	 	0	0	0
2421477	0	880	880	0	 	 	0	0	0
2451749	0	863	863	0	 	 	0	0	0
2481957	0	871	871	0	 	 	0	0	0
2511839	0	898	898	0	 	 	0	0	0
2542112	0	863	863	0	 	 	0	0	0
2572403	0	864	864	0	 	 	0	0	0
2602330	0	891	891	0	 	 	0	0	0
2632456	0	876	876	0	 	 	0	0	0
2657411	0	891	891	0	 	 	0	0	0
2678403	0	909	909	0	 	 	0	0	0
2699299	0	897	897	0	 	 	0	0	0
2720319	0	900	900	0	 	 	0	0	0
2741251	0	906	906	0	 	 	0	0	0
2762225	0	895	895	0	 	 	0	0	0
2783257	0	904	904	0	 	 	0	0	0
2804113	0	902	902	0	 	 	0	0	0
2825151	0	895	895	0	 	 	0	0	0
2846093	0	906	906	0	 	 	0	0	0
2867039	0	900	900	0	 	 	0	0	0
2888067	0	894	894	0	 	 	0	0	0
2909048	0	912	912	0	 	 	0	0	0
2929965	0	895	895	0	 	 	0	0	0
2951054	0	904	904	0	 	 	0	0	0
2971853	0	902	902	0	 	 	0	0	0
2992891	0	895	895	0	 	 	0	0	0
3013846	0	904	904	0	 	 	0	0	0
3029264	0	654	654	0	 	 	0	0	0
3044500	0	652	652	0	 	 	0	0	0
3059729	0	651	651	0	 	 	0	0	0
3074965	0	652	652	0	 	 	0	0	0
3091942	0	645	645	0	 	 	0	0	0
3121790	0	900	900	0	 	 	0	0	0
3152081	0	864	864	0	 	 	0	0	0
3182335	0	862	862	0	 	 	0	0	0
3212314	0	890	890	0	 	 	0	0	0
3242425	0	880	880	0	 	 	0	0	0
3272698	0	862	862	0	 	 	0	0	0
3302872	0	872	872	0	 	 	0	0	0
3332788	0	897	897	0	 	 	0	0	0
3363042	0	862	862	0	 	 	0	0	0
3393333	0	864	864	0	 	 	0	0	0
3423244	0	893	893	0	 	 	0	0	0
3453386	0	874	874	0	 	 	0	0	0
3483677	0	864	864	0	 	 	0	0	0
3513802	0	876	876	0	 	 	0	0	0
3543749	0	892	892	0	 	 	0	0	0
3574040	0	864	864	0	 	 	0	0	0
3604331	0	864	864	0	 	 	0	0	0
3634174	0	896	896	0	 	 	0	0	0
3664384	0	871	871	0	 	 	0	0	0
3694675	0	864	864	0	 	 	0	0	0
3724732	0	879	879	0	 	 	0	0	0
3754728	0	888	888	0	 	 	0	0	0
3785019	0	865	865	0	 	 	0	0	0
3815292	0	862	862	0	 	 	0	0	0
3845104	0	902	902	0	 	 	0	0	0
3875382	0	867	867	0	 	 	0	0	0
3905636	0	862	862	0	 	 	0	0	0
3935662	0	885	885	0	 	 	0	0	0
3965726	0	884	884	0	 	 	0	0	0
3995980	0	862	862	0	 	 	0	0	0
4026220	0	868	868	0	 	 	0	0	0
4056070	0	902	902	0	 	 	0	0	0
4086343	0	862	862	0	 	 	0	0	0
4116634	0	864	864	0	 	 	0	0	0
4146628	0	888	888	0	 	 	0	0	0
4176706	0	880	880	0	 	 	0	0	0
4201551	0	890	890	0	 	 	0	0	0
4222481	0	905	905	0	 	 	0	0	0
4243449	0	902	902	0	 	 	0	0	0
4264477	0	894	894	0	 	 	0	0	0
4285462	0	911	911	0	 	 	0	0	0
4306375	0	896	896	0	 	 	0	0	0
4327445	0	903	903	0	 	 	0	0	0
4348254	0	903	903	0	 	 	0	0	0
4369291	0	894	894	0	 	 	0	0	0
4390277	0	905	905	0	 	 	0	0	0
4411189	0	902	902	0	 	 	0	0	0
4432217	0	894	894	0	 	 	0	0	0
4453219	0	910	910	0	 	 	0	0	0
4474115	0	897	897	0	 	 	0	0	0
4495130	0	899	899	0	 	 	0	0	0
4516050	0	907	907	0	 	 	0	0	0
4537031	0	894	894	0	 	 	0	0	0
4558073	0	905	905	0	 	 	0	0	0
4573360	0	650	650	0	 	 	0	0	0
4588589	0	651	651	0	 	 	0	0	0
4603825	0	652	652	0	 	 	0	0	0
4619061	0	652	652	0	 	 	0	0	0
4636240	0	645	645	0	 	 	0	0	0
4666021	0	903	903	0	 	 	0	0	0
4696312	0	864	864	0	 	 	0	0	0
4726603	0	864	864	0	 	 	0	0	0
4756613	0	885	885	0	 	 	0	0	0
4786656	0	883	883	0	 	 	0	0	0
4816966	0	864	864	0	 	 	0	0	0
4847171	0	867	867	0	 	 	0	0	0
4877019	0	900	900	0	 	 	0	0	0
4907310	0	864	864	0	 	 	0	0	0
4937564	0	862	862	0	 	 	0	0	0
4967543	0	890	890	0	 	 	0	0	0
4997654	0	879	879	0	 	 	0	0	0
5027908	0	862	862	0	 	 	0	0	0
5058101	0	873	873	0	 	 	0	0	0
5088017	0	897	897	0	 	 	0	0	0
5118271	0	862	862	0	 	 	0	0	0
5148562	0	864	864	0	 	 	0	0	0
5178473	0	893	893	0	 	 	0	0	0
5208615	0	874	874	0	 	 	0	0	0
5238906	0	864	864	0	 	 	0	0	0
5269031	0	876	876	0	 	 	0	0	0
5298978	0	892	892	0	 	 	0	0	0
5329250	0	864	864	0	 	 	0	0	0
5359560	0	864	864	0	 	 	0	0	0
5389403	0	896	896	0	 	 	0	0	0
5419613	0	871	871	0	 	 	0	0	0
5449904	0	864	864	0	 	 	0	0	0
5479961	0	879	879	0	 	 	0	0	0
5509957	0	888	888	0	 	 	0	0	0
5540248	0	864	864	0	 	 	0	0	0
5570502	0	862	862	0	 	 	0	0	0
5600333	0	902	902	0	 	 	0	0	0
5630611	0	868	868	0	 	 	0	0	0
5660865	0	862	862	0	 	 	0	0	0
5690891	0	884	884	0	 	 	0	0	0
5720955	0	885	885	0	 	 	0	0	0
5745701	0	890	890	0	 	 	0	0	0
5766691	0	905	905	0	 	 	0	0	0
5790210	0	896	880	16	 	 	0	0	0
5811023	0	903	903	0	 	 	0	0	0
5832061	0	895	895	0	 	 	0	0	0
5853030	0	904	904	0	 	 	0	0	0
5873949	0	902	902	0	 	 	0	0	0
5894977	0	894	894	0	 	 	0	0	0
5915988	0	911	911	0	 	 	0	0	0
5936875	0	896	896	0	 	 	0	0	0
5957899	0	900	900	0	 	 	0	0	0
5978820	0	906	906	0	 	 	0	0	0
5999801	0	895	895	0	 	 	0	0	0
6020826	0	904	904	0	 	 	0	0	0
6041689	0	902	902	0	 	 	0	0	0
6062717	0	894	894	0	 	 	0	0	0
6083673	0	907	907	0	 	 	0	0	0
6104232	0	876	876	0	 	 	0	0	0
6119468	0	652	652	0	 	 	0	0	0
6134697	0	651	651	0	 	 	0	0	0
6149933	0	652	652	0	 	 	0	0	0
6165169	0	652	652	0	 	 	0	0	0
6183601	0	675	675	0	 	 	0	0	0
6213790	0	869	869	0	 	 	0	0	0
6243654	0	898	898	0	 	 	0	0	0
6273945	0	865	865	0	 	 	0	0	0
6304255	0	864	864	0	 	 	0	0	0
6334162	0	890	890	0	 	 	0	0	0
6364308	0	877	877	0	 	 	0	0	0
6394599	0	864	864	0	 	 	0	0	0
6424720	0	873	873	0	 	 	0	0	0
6454652	0	894	894	0	 	 	0	0	0
6484943	0	864	864	0	 	 	0	0	0
6515197	0	862	862	0	 	 	0	0	0
6545128	0	896	896	0	 	 	0	0	0
6575306	0	874	874	0	 	 	0	0	0
6605560	0	862	862	0	 	 	0	0	0
6635686	0	878	878	0	 	 	0	0	0
6665650	0	891	891	0	 	 	0	0	0
6695904	0	862	862	0	 	 	0	0	0
6726195	0	864	864	0	 	 	0	0	0
6756058	0	899	899	0	 	 	0	0	0
6786248	0	868	868	0	 	 	0	0	0
6816539	0	865	865	0	 	 	0	0	0
6846616	0	881	881	0	 	 	0	0	0
6876611	0	886	886	0	 	 	0	0	0
6906902	0	864	864	0	 	 	0	0	0
6937174	0	864	864	0	 	 	0	0	0
6966955	0	903	903	0	 	 	0	0	0
6997246	0	864	864	0	 	 	0	0	0
7027537	0	864	864	0	 	 	0	0	0
7057547	0	885	885	0	 	 	0	0	0
7087590	0	883	883	0	 	 	0	0	0
7117900	0	864	864	0	 	 	0	0	0
7148105	0	867	867	0	 	 	0	0	0
7177953	0	900	900	0	 	 	0	0	0
7208244	0	864	864	0	 	 	0	0	0
7238498	0	862	862	0	 	 	0	0	0
7268477	0	890	890	0	 	 	0	0	0
7292375	0	904	904	0	 	 	0	0	0
7313285	0	898	898	0	 	 	0	0	0
7334291	0	899	899	0	 	 	0	0	0
7355234	0	907	907	0	 	 	0	0	0
7376201	0	894	894	0	 	 	0	0	0
7397241	0	904	904	0	 	 	0	0	0
7418099	0	903	903	0	 	 	0	0	0
7439127	0	894	894	0	 	 	0	0	0
7460065	0	906	906	0	 	 	0	0	0
7481025	0	901	901	0	 	 	0	0	0
7502053	0	894	894	0	 	 	0	0	0
7523031	0	911	911	0	 	 	0	0	0
7543941	0	895	895	0	 	 	0	0	0
7565025	0	904	904	0	 	 	0	0	0
7585839	0	903	903	0	 	 	0	0	0
7606867	0	894	894	0	 	 	0	0	0
7627829	0	905	905	0	 	 	0	0	0
7648328	0	874	874	0	 	 	0	0	0
7663564	0	652	652	0	 	 	0	0	0
7678793	0	651	651	0	 	 	0	0	0
7694029	0	652	652	0	 	 	0	0	0
7709266	0	652	652	0	 	 	0	0	0
ATOMS
  atom_SAD4	needed/available: 2/2 swap-in/swap-out: 2/0 --> SAD_16_HW_01 
  atom_QuadSub	needed/available: 1/1 swap-in/swap-out: 1/0 --> SATD_4x4_HW_05 DCT_4x4_HW_04 
  atom_PackLSBMSB	needed/available: 2/2 swap-in/swap-out: 2/0 --> HT_4X4_HW_03 SATD_4x4_HW_05 DCT_4x4_HW_04 
  atom_Transform	needed/available: 2/2 swap-in/swap-out: 2/0 --> HT_2X2_HW_00 HT_4X4_HW_03 SATD_4x4_HW_05 DCT_4x4_HW_04 
  atom_SATD	needed/available: 2/2 swap-in/swap-out: 2/0 --> SATD_4x4_HW_05 
  atom_BytePack	needed/available: 1/1 swap-in/swap-out: 1/0 --> MC_Hz4_HW_02 
  atom_PointFilter	needed/available: 1/1 swap-in/swap-out: 1/0 --> MC_Hz4_HW_02 
  atom_Clip3	needed/available: 1/1 swap-in/swap-out: 1/0 --> MC_Hz4_HW_02 
  atom_CollapseAdd	needed/available: 0/0 swap-in/swap-out: 0/0 
  atom_PackLBytes	needed/available: 0/0 swap-in/swap-out: 0/0 
  atom_Cond	needed/available: 1/1 swap-in/swap-out: 1/0 --> LF_BS_4_4_HW_01 
  atom_LF	needed/available: 1/1 swap-in/swap-out: 1/0 --> LF_BS_4_4_HW_01 
MOLECULES
  <0>	*SAD_16_HW_00        : 1x[atom_SAD4]  (L, Execs)=	68	0
  <0>	*SAD_16_HW_01        : 2x[atom_SAD4]  (L, Execs)=	37	33165
  <0>	*SAD_16_SW           :  (L, Execs)=	4673	0
  <1>	*HT_2X2_HW_00        : 1x[atom_Transform]  (L, Execs)=	5	7920
  <1>	*HT_2X2_SW           :  (L, Execs)=	100	0
  <2>	*HT_4X4_HW_00        : 1x[atom_Transform]  (L, Execs)=	104	0
  <2>	*HT_4X4_HW_01        : 1x[atom_PackLSBMSB] 1x[atom_Transform]  (L, Execs)=	16	0
  <2>	*HT_4X4_HW_02        : 1x[atom_PackLSBMSB] 2x[atom_Transform]  (L, Execs)=	14	0
  <2>	*HT_4X4_HW_03        : 2x[atom_PackLSBMSB] 2x[atom_Transform]  (L, Execs)=	10	4
  <2>	 HT_4X4_HW_04        : 4x[atom_PackLSBMSB] 4x[atom_Transform]  (L, Execs)=	8	0
  <2>	*HT_4X4_SW           :  (L, Execs)=	298	0
  <3>	*MC_Hz4_HW_00        : 1x[atom_PointFilter]  (L, Execs)=	103	0
  <3>	*MC_Hz4_HW_01        : 1x[atom_PointFilter] 1x[atom_Clip3]  (L, Execs)=	26	0
  <3>	*MC_Hz4_HW_02        : 1x[atom_BytePack] 1x[atom_PointFilter] 1x[atom_Clip3]  (L, Execs)=	11	47328
  <3>	 MC_Hz4_HW_03        : 2x[atom_BytePack] 1x[atom_PointFilter] 1x[atom_Clip3]  (L, Execs)=	10	0
  <3>	 MC_Hz4_HW_04        : 2x[atom_BytePack] 2x[atom_PointFilter] 2x[atom_Clip3]  (L, Execs)=	9	0
  <3>	 MC_Hz4_HW_05        : 3x[atom_BytePack] 2x[atom_PointFilter] 2x[atom_Clip3]  (L, Execs)=	8	0
  <3>	*MC_Hz4_SW           :  (L, Execs)=	215	0
  <4>	 IPred_HDC16x16_HW_00: 1x[atom_PackLBytes]  (L, Execs)=	53	0
  <4>	 IPred_HDC16x16_HW_01: 1x[atom_CollapseAdd] 1x[atom_PackLBytes]  (L, Execs)=	22	0
  <4>	*IPred_HDC16x16_SW   :  (L, Execs)=	249	16
  <5>	 IPred_VDC16x16_HW_00: 1x[atom_CollapseAdd]  (L, Execs)=	7	0
  <5>	 IPred_VDC16x16_HW_01: 2x[atom_CollapseAdd]  (L, Execs)=	6	0
  <5>	*IPred_VDC16x16_SW   :  (L, Execs)=	69	16
  <6>	*LF_BS_4_4_HW_00     : 1x[atom_Cond]  (L, Execs)=	428	0
  <6>	*LF_BS_4_4_HW_01     : 1x[atom_Cond] 1x[atom_LF]  (L, Execs)=	9	15840
  <6>	 LF_BS_4_4_HW_02     : 2x[atom_Cond] 2x[atom_LF]  (L, Execs)=	8	0
  <6>	*LF_BS_4_4_SW        :  (L, Execs)=	960	0
  <7>	*SATD_4x4_HW_00      : 1x[atom_Transform]  (L, Execs)=	350	0
  <7>	*SATD_4x4_HW_01      : 1x[atom_PackLSBMSB] 1x[atom_Transform]  (L, Execs)=	294	0
  <7>	*SATD_4x4_HW_02      : 1x[atom_QuadSub] 1x[atom_PackLSBMSB] 1x[atom_Transform]  (L, Execs)=	186	0
  <7>	*SATD_4x4_HW_03      : 1x[atom_QuadSub] 1x[atom_PackLSBMSB] 1x[atom_Transform] 1x[atom_SATD]  (L, Execs)=	22	0
  <7>	*SATD_4x4_HW_04      : 1x[atom_QuadSub] 1x[atom_PackLSBMSB] 2x[atom_Transform] 1x[atom_SATD]  (L, Execs)=	21	0
  <7>	*SATD_4x4_HW_05      : 1x[atom_QuadSub] 2x[atom_PackLSBMSB] 2x[atom_Transform] 2x[atom_SATD]  (L, Execs)=	20	126720
  <7>	 SATD_4x4_HW_06      : 1x[atom_QuadSub] 4x[atom_PackLSBMSB] 4x[atom_Transform] 1x[atom_SATD]  (L, Execs)=	19	0
  <7>	 SATD_4x4_HW_07      : 1x[atom_QuadSub] 4x[atom_PackLSBMSB] 4x[atom_Transform] 2x[atom_SATD]  (L, Execs)=	18	0
  <7>	*SATD_4x4_SW         :  (L, Execs)=	544	0
  <8>	*DCT_4x4_HW_00       : 1x[atom_Transform]  (L, Execs)=	216	0
  <8>	*DCT_4x4_HW_01       : 1x[atom_PackLSBMSB] 1x[atom_Transform]  (L, Execs)=	160	0
  <8>	*DCT_4x4_HW_02       : 1x[atom_QuadSub] 1x[atom_PackLSBMSB] 1x[atom_Transform]  (L, Execs)=	21	0
  <8>	*DCT_4x4_HW_03       : 1x[atom_QuadSub] 1x[atom_PackLSBMSB] 2x[atom_Transform]  (L, Execs)=	19	0
  <8>	*DCT_4x4_HW_04       : 1x[atom_QuadSub] 2x[atom_PackLSBMSB] 2x[atom_Transform]  (L, Execs)=	18	23760
  <8>	 DCT_4x4_HW_05       : 1x[atom_QuadSub] 2x[atom_PackLSBMSB] 4x[atom_Transform]  (L, Execs)=	16	0
  <8>	 DCT_4x4_HW_06       : 1x[atom_QuadSub] 4x[atom_PackLSBMSB] 4x[atom_Transform]  (L, Execs)=	15	0
  <8>	*DCT_4x4_SW          :  (L, Execs)=	488	0

The asterisk indicates the currently available Molecules (maybe multiple) for each Special Instruction

