****** Source Program List ******
LineNo	LC	Code		Source Program 
1				.addr_space	32	; address space is 2^32
2				.addressing	Byte	; byte addressing           (default)
3				.bits_per_byte	8	; 1 byte consistes of 8 bit (default)
4				.endian		Big	; Big endian (default)
5				.section	.data
6				.align		4
7			_xi:	
8	0000	000007be		.data.32	1982	; x[0]
9	0004	00000088		.data.32	136	; x[1]
10	0008	000003d3		.data.32	979	; x[2]
11	000c	00000746		.data.32	1862	; x[3]
12	0010	000002d0		.data.32	720	; x[4]
13	0014	00000775		.data.32	1909	; x[5]
14	0018	0000053c		.data.32	1340	; x[6]
15	001c	0000002b		.data.32	43	; x[7]
16	0020	000000d5		.data.32	213	; x[8]
17	0024	0000027a		.data.32	634	; x[9]
18				.align		4
19			_yi:
20	0028	00000000		.data.32	0	; y[0] = 23659 ( 0x5C6B )
21	002c	00000000		.data.32	0	; y[1] = 5964  ( 0x174C )
22	0030	00000000		.data.32	0	; y[2] = 4078  ( 0x0FEE )
23	0034	00000000		.data.32	0	; y[3] = 22801 ( 0x5911 )
24	0038	00000000		.data.32	0	; y[4] = 1092  ( 0x0444 )
25	003c	00000000		.data.32	0	; y[5] = 7873  ( 0x1EC1 )
26	0040	00000000		.data.32	0	; y[6] = 12795 ( 0x31FB )
27				.section	.text
28			main:
29	00000000	20010007		addi	%r1, %r0, $7		  ; r1  -- 7 - i
30	00000004	3c400000		lhi	%r2, $( _xi/0x10000) 	  ; 
31	00000008	3c600000		lhi	%r3, $( _yi/0x10000) 	  ; 
32	0000000c	20040006		addi	%r4, %r0, $6		  ; r4  -- 6
33	00000010	20050005		addi	%r5, %r0, $5		  ; r5  -- 5
34	00000014	34420000		ori	%r2, %r2, $( _xi%0x10000) ; r2  -- _xi
35	00000018	34630028		ori	%r3, %r3, $( _yi%0x10000) ; r3  -- _yi
36	0000001c	00000000		sll	%r0, %r0, %r0	          ;NOP
37	00000020	00000000		sll	%r0, %r0, %r0	          ;NOP
38			L1:
39	00000024	8cc20000		lw	%r6, 0(%r2)		  ; r6 = x[i]
40	00000028	8ce20004		lw	%r7, 4(%r2)		  ; r7 = x[i+1]
41	0000002c	8d020008		lw	%r8, 8(%r2)		  ; r8 = x[i+2]
42	00000030	8d22000c		lw	%r9, 12(%r2)		  ; r9 = x[i+3]
43	00000034	40c60003		slli	%r6, %r6, $3		  ; r6 = x[i]   * 8
44	00000038	00e43818		mult	%r7, %r7, %r4		  ; r7 = x[i+1] * 6
45	0000003c	01054018		mult	%r8, %r8, %r5		  ; r8 = x[i+2] * 5
46	00000040	41290001		slli	%r9, %r9, $1		  ; r9 = x[i+3] * 2
47	00000044	28210001		subi	%r1,%r1,$1	          ;   (7 - i)-- 
48	00000048	00c73022		sub	%r6, %r6, %r7		  ; r6 = x[i]   * 8 - x[i+1] * 6
49	0000004c	20420004		addi	%r2,%r2,$4	          ; xi++
50	00000050	01094020		add	%r8, %r8, %r9		  ; r8 = x[i+2] * 5 - x[i+1] * 2
51	00000054	00000000		sll	%r0, %r0, %r0	          ;NOP
52	00000058	00000000		sll	%r0, %r0, %r0	          ;NOP
53	0000005c	00000000		sll	%r0, %r0, %r0	          ;NOP
54	00000060	00c83020		add	%r6, %r6, %r8		  ; r6 = result
55	00000064	00000000		sll	%r0, %r0, %r0	          ;NOP
56	00000068	00000000		sll	%r0, %r0, %r0	          ;NOP
57	0000006c	00000000		sll	%r0, %r0, %r0	          ;NOP
58	00000070	acc30000		sw	%r6, 0(%r3)		  ; store
59	00000074	1420ffeb		bnez	%r1,$((L1 - L2)/4)
60	00000078	20630004	L2:	addi	%r3,%r3,$4	          ; yi++
61				;; end


******** Cross Reference List ********
Defined Symbol
name   	section	lc     	attr   	value  	lineno 
_yi	.data	0028	Label	28	19 
_xi	.data	0000	Label	0	7 
L1	.text	00000024	Label	24	38 
L2	.text	00000078	Label	78	60 
main	.text	00000000	Label	0	28 


Undefined Symbol
name   	section	lc     	attr   	value  	lineno 


Multiple Defined Symbol
name   	section	lc     	attr   	value  	lineno 


******* Section Data List ******* 
Sec	Attr		Size
.text 	Writable 	7c 
addr_space : 32 
addressing : Byte 
bitwidth per byte : 8 
word alignment : 4 
.data 	Data		44 
addr_space : 16 
addressing : Byte 
bitwidth per byte : 8 
word alignment : 4 
