****** Source Program List ******
LineNo	LC	Code		Source Program 
1				.addressing	Word
2			
3				.section	.text
4			
5	0000	20010007	_main:	addi	%r1, %r0, $7		; r1 := A;
6	0001	2002000d		addi	%r2, %r0, $13		; r2 := B;
7	0002	00001820		add	%r3, %r0, %r0		; r3 := 0;     später gilt dann r3 := A*B;
8	0003	00000000		nop
9			
10	0004	30240001	_loop:	andi	%r4, %r1, $1		; r4 merkt sich, ob A gerade oder ungerade ist.
11	0005	44210001		srli	%r1, %r1, $1		; A /= 2;
12	0006	00000000		nop
13	0007	00000000		nop
14	0008	10800003		beqz	%r4, _skipAdd
15	0009	00000000		nop
16	000a	00621820		add	%r3, %r3, %r2		; C := C + B
17			_skipAdd:
18	000b	40420001		slli	%r2, %r2, $1		; B *= 2;
19	000c	1420fff8		bnez	%r1, _loop
20	000d	00000000		nop
21	000e	00000000		nop
22	000f	00000000		nop
23	0010	ac030000		sw	0(%r0), %r3
24	0011	00000000		nop
25	0012	00000000		nop
26	0013	00000000		nop
27			
28			


******** Cross Reference List ********
Defined Symbol
name   	section	lc     	attr   	value  	lineno 
_skipAdd	.text	000b	Label	b	17 
_main	.text	0000	Label	0	5 
_loop	.text	0004	Label	4	10 


Undefined Symbol
name   	section	lc     	attr   	value  	lineno 


Multiple Defined Symbol
name   	section	lc     	attr   	value  	lineno 


******* Section Data List ******* 
Sec	Attr		Size
.text 	Writable 	14 
addr_space : 16 
addressing : Word 
bitwidth per byte : 8 
word alignment : 4 
.data 	Data		0 
addr_space : 16 
addressing : Byte 
bitwidth per byte : 8 
word alignment : 4 
