0 s: Info: RotationsManager: Cycle-time: 1 ns

0 s: Info: TDLAMBDA: 
   TD(lambda) using parameters:
   lambda = 0
   gamma  = 0
   alpha  = 0.8
   e_min  = 1e-05
0 s: Info: RotationsManager: 
   * FPGA capacity/used: 7/0



0 s: Info: DECODER: Decoder ready.
0 s: Info: MONITOR: 	Size of timeframe: 50,000
	Extended monitoring information between cycles 0 and 1
0 s: Info: RotationsManager: Initializing DLX Pipeline Emulator
   * Module Name:            [Pipeline]
   * Instruction Memory:     [/home/bauer_l/ASIPMeisterProjects/dlx_basis/Applications/Encoder_dynamic/TestData.IM]
   * Branch Trace:           [/home/bauer_l/ASIPMeisterProjects/dlx_basis/Applications/Encoder_dynamic/trace.txt]
   * DLX Opcode Definitions: [/home/bauer_l//RotationsManager/DLX/dlxops.dlx]

28 ns: Info: PREFETCHER: 
SysDyn:	FORECAST POINT:	at address 0xdf
SysDyn:	CURRENT PREDICTION:	0.0	0.0	0.0	0.0	396.0	396.0	
SysDyn:	CONFIGURATION STATUS:	   * FPGA capacity/used: 7/0

SysDyn:	SWAP-IN QUEUE:	[atom_CollapseAdd], needed/available: 3/0 swap-ins/evictions: 0/0 --> IPred_HDC16x16_HW_03 IPred_VDC16x16_HW_02 
SysDyn:	SWAP-IN QUEUE:	[atom_PackLBytes], needed/available: 4/0 swap-ins/evictions: 0/0 --> IPred_HDC16x16_HW_03 
SysDyn:	SWAP-IN QUEUE:	[atom_PackLBytes], needed/available: 4/0 swap-ins/evictions: 0/0 --> IPred_HDC16x16_HW_03 
SysDyn:	SWAP-IN QUEUE:	[atom_PackLBytes], needed/available: 4/0 swap-ins/evictions: 0/0 --> IPred_HDC16x16_HW_03 
SysDyn:	SWAP-IN QUEUE:	[atom_PackLBytes], needed/available: 4/0 swap-ins/evictions: 0/0 --> IPred_HDC16x16_HW_03 
SysDyn:	SWAP-IN QUEUE:	[atom_CollapseAdd], needed/available: 3/0 swap-ins/evictions: 0/0 --> IPred_HDC16x16_HW_03 IPred_VDC16x16_HW_02 
SysDyn:	SWAP-IN QUEUE:	[atom_CollapseAdd], needed/available: 3/0 swap-ins/evictions: 0/0 --> IPred_HDC16x16_HW_03 IPred_VDC16x16_HW_02 
================================================================================

50 us: Info: MONITOR:    SI usages in last timeframe  	0	0	0	0	0	0	

100 us: Info: MONITOR:    SI usages in last timeframe  	0	0	0	0	0	0	

100028 ns: Info: PREFETCHER: completed loading atom atom_CollapseAdd in cycle 100,029. It is used for following molecules: IPred_HDC16x16_HW_03 IPred_VDC16x16_HW_02 

121445 ns: Info: MONITOR: Molecule	 - none first time used - 	is replaced by molecule	IPred_HDC16x16_SW	and was used	0	- times.

122680 ns: Info: MONITOR: Molecule	 - none first time used - 	is replaced by molecule	IPred_VDC16x16_HW_00	and was used	0	- times.

150 us: Info: MONITOR:    SI usages in last timeframe  	0	0	0	0	20	19	

200 us: Info: MONITOR:    SI usages in last timeframe  	0	0	0	0	33	33	

200028 ns: Info: PREFETCHER: completed loading atom atom_PackLBytes in cycle 200,029. It is used for following molecules: IPred_HDC16x16_HW_03 

200098 ns: Info: MONITOR: Molecule	IPred_HDC16x16_SW	is replaced by molecule	IPred_HDC16x16_HW_00	and was used	53	- times.

250 us: Info: MONITOR:    SI usages in last timeframe  	0	0	0	0	40	40	

300 us: Info: MONITOR:    SI usages in last timeframe  	0	0	0	0	39	39	

300028 ns: Info: PREFETCHER: completed loading atom atom_PackLBytes in cycle 300,029. It is used for following molecules: IPred_HDC16x16_HW_03 

300966 ns: Info: MONITOR: Molecule	IPred_HDC16x16_HW_00	is replaced by molecule	IPred_HDC16x16_HW_01	and was used	79	- times.

350 us: Info: MONITOR:    SI usages in last timeframe  	0	0	0	0	39	39	

400 us: Info: MONITOR:    SI usages in last timeframe  	0	0	0	0	40	40	

400028 ns: Info: PREFETCHER: completed loading atom atom_PackLBytes in cycle 400,029. It is used for following molecules: IPred_HDC16x16_HW_03 

400658 ns: Info: MONITOR: Molecule	IPred_HDC16x16_HW_01	is replaced by molecule	IPred_HDC16x16_HW_02	and was used	79	- times.

450 us: Info: MONITOR:    SI usages in last timeframe  	0	0	0	0	40	40	

500 us: Info: MONITOR:    SI usages in last timeframe  	0	0	0	0	40	40	

500028 ns: Info: PREFETCHER: completed loading atom atom_PackLBytes in cycle 500,029. It is used for following molecules: IPred_HDC16x16_HW_03 

501135 ns: Info: MONITOR: Molecule	IPred_HDC16x16_HW_02	is replaced by molecule	IPred_HDC16x16_HW_03	and was used	80	- times.

550 us: Info: MONITOR:    SI usages in last timeframe  	0	0	0	0	39	40	

600 us: Info: MONITOR:    SI usages in last timeframe  	0	0	0	0	40	39	

600028 ns: Info: PREFETCHER: completed loading atom atom_CollapseAdd in cycle 600,029. It is used for following molecules: IPred_HDC16x16_HW_03 IPred_VDC16x16_HW_02 

601355 ns: Info: MONITOR: Molecule	IPred_VDC16x16_HW_00	is replaced by molecule	IPred_VDC16x16_HW_01	and was used	370	- times.

632657 ns: Info: PREFETCHER: 
SysDyn:	FORECAST POINT:	at address 0x11a
SysDyn:	CURRENT PREDICTION:	0.0	0.0	0.0	0.0	0.0	0.0	
SysDyn:	CONFIGURATION STATUS:	   * FPGA capacity/used: 7/6

SysDyn:	SWAP-IN QUEUE:	[atom_Cond], needed/available: 2/0 swap-ins/evictions: 0/0 --> LoopFilter_HW_04 
SysDyn:	SWAP-IN QUEUE:	[atom_LF], needed/available: 4/0 swap-ins/evictions: 0/0 --> LoopFilter_HW_04 
SysDyn:	SWAP-IN QUEUE:	[atom_Cond], needed/available: 2/0 swap-ins/evictions: 0/0 --> LoopFilter_HW_04 
SysDyn:	SWAP-IN QUEUE:	[atom_LF], needed/available: 4/0 swap-ins/evictions: 0/0 --> LoopFilter_HW_04 
SysDyn:	SWAP-IN QUEUE:	[atom_LF], needed/available: 4/0 swap-ins/evictions: 0/0 --> LoopFilter_HW_04 
SysDyn:	SWAP-IN QUEUE:	[atom_LF], needed/available: 4/0 swap-ins/evictions: 0/0 --> LoopFilter_HW_04 
================================================================================

632991 ns: Info: MONITOR: Molecule	 - none first time used - 	is replaced by molecule	LoopFilter_SW	and was used	0	- times.

650 us: Info: MONITOR:    SI usages in last timeframe  	0	0	0	0	26	27	

700 us: Info: MONITOR:    SI usages in last timeframe  	0	0	0	0	0	0	

700028 ns: Info: PREFETCHER: completed loading atom atom_CollapseAdd in cycle 700,029. It is used for following molecules: 

750 us: Info: MONITOR:    SI usages in last timeframe  	0	0	0	0	0	0	

800 us: Info: MONITOR:    SI usages in last timeframe  	0	0	0	0	0	0	

800028 ns: Info: PREFETCHER: completed loading atom atom_Cond in cycle 800,029. It is used for following molecules: LoopFilter_HW_04 

850 us: Info: MONITOR:    SI usages in last timeframe  	0	0	0	0	0	0	

900 us: Info: MONITOR:    SI usages in last timeframe  	0	0	0	0	0	0	

900028 ns: Info: PREFETCHER: completed loading atom atom_LF in cycle 900,029. It is used for following molecules: LoopFilter_HW_00 LoopFilter_HW_04 

900075 ns: Info: MONITOR: Molecule	LoopFilter_SW	is replaced by molecule	LoopFilter_HW_00	and was used	842	- times.

950 us: Info: MONITOR:    SI usages in last timeframe  	0	0	0	0	0	0	

1 ms: Info: MONITOR:    SI usages in last timeframe  	0	0	0	0	0	0	

1000028 ns: Info: PREFETCHER: completed loading atom atom_Cond in cycle 1,000,029. It is used for following molecules: LoopFilter_HW_04 

1000099 ns: Info: MONITOR: Molecule	LoopFilter_HW_00	is replaced by molecule	LoopFilter_HW_01	and was used	2110	- times.

1010825 ns: Info: PREFETCHER: 
SysDyn:	FORECAST POINT:	at address 0x129
SysDyn:	CURRENT PREDICTION:	39600.0	0.0	0.0	0.0	0.0	0.0	
SysDyn:	CONFIGURATION STATUS:	   * FPGA capacity/used: 7/6

SysDyn:	SWAP-IN QUEUE:	[atom_SAD4], needed/available: 4/0 swap-ins/evictions: 0/0 --> MotionEstimation_HW_02 
SysDyn:	SWAP-IN QUEUE:	[atom_SAD4], needed/available: 4/0 swap-ins/evictions: 0/0 --> MotionEstimation_HW_02 
SysDyn:	SWAP-IN QUEUE:	[atom_SAD4], needed/available: 4/0 swap-ins/evictions: 0/0 --> MotionEstimation_HW_02 
SysDyn:	SWAP-IN QUEUE:	[atom_SAD4], needed/available: 4/0 swap-ins/evictions: 0/0 --> MotionEstimation_HW_02 
================================================================================

1012671 ns: Info: MONITOR: Molecule	 - none first time used - 	is replaced by molecule	MotionEstimation_SW	and was used	0	- times.

1050 us: Info: MONITOR:    SI usages in last timeframe  	21	0	0	0	0	0	

1100 us: Info: MONITOR:    SI usages in last timeframe  	28	0	0	0	0	0	

1100028 ns: Info: PREFETCHER: completed loading atom atom_LF in cycle 1,100,029. It is used for following molecules: 

1150 us: Info: MONITOR:    SI usages in last timeframe  	27	0	0	0	0	0	

1200 us: Info: MONITOR:    SI usages in last timeframe  	28	0	0	0	0	0	

1200028 ns: Info: PREFETCHER: completed loading atom atom_SAD4 in cycle 1,200,029. It is used for following molecules: MotionEstimation_HW_00 MotionEstimation_HW_02 

1200109 ns: Info: MONITOR: Molecule	MotionEstimation_SW	is replaced by molecule	MotionEstimation_HW_00	and was used	104	- times.

1250 us: Info: MONITOR:    SI usages in last timeframe  	615	0	0	0	0	0	

1300 us: Info: MONITOR:    SI usages in last timeframe  	617	0	0	0	0	0	

1300028 ns: Info: PREFETCHER: completed loading atom atom_SAD4 in cycle 1,300,029. It is used for following molecules: MotionEstimation_HW_02 

1300106 ns: Info: MONITOR: Molecule	MotionEstimation_HW_00	is replaced by molecule	MotionEstimation_HW_01	and was used	1233	- times.

1350 us: Info: MONITOR:    SI usages in last timeframe  	1017	0	0	0	0	0	

1400 us: Info: MONITOR:    SI usages in last timeframe  	1018	0	0	0	0	0	

1400028 ns: Info: PREFETCHER: completed loading atom atom_SAD4 in cycle 1,400,029. It is used for following molecules: MotionEstimation_HW_02 

1450 us: Info: MONITOR:    SI usages in last timeframe  	1018	0	0	0	0	0	

1500 us: Info: MONITOR:    SI usages in last timeframe  	1017	0	0	0	0	0	

1500028 ns: Info: PREFETCHER: completed loading atom atom_SAD4 in cycle 1,500,029. It is used for following molecules: MotionEstimation_HW_02 

1500061 ns: Info: MONITOR: Molecule	MotionEstimation_HW_01	is replaced by molecule	MotionEstimation_HW_02	and was used	4070	- times.

1550 us: Info: MONITOR:    SI usages in last timeframe  	1509	0	0	0	0	0	

1600 us: Info: MONITOR:    SI usages in last timeframe  	1509	0	0	0	0	0	

1650 us: Info: MONITOR:    SI usages in last timeframe  	1509	0	0	0	0	0	

1652198 ns: Info: PREFETCHER: 
SysDyn:	FORECAST POINT:	at address 0x10f
SysDyn:	CURRENT PREDICTION:	0.0	0.0	0.0	350.0	46.0	46.0	
SysDyn:	CONFIGURATION STATUS:	   * FPGA capacity/used: 7/7

SysDyn:	SWAP-IN QUEUE:	[atom_BytePack], needed/available: 2/0 swap-ins/evictions: 0/0 --> MC_Hz4_HW_02 
SysDyn:	SWAP-IN QUEUE:	[atom_Clip3], needed/available: 1/0 swap-ins/evictions: 0/0 --> MC_Hz4_HW_02 
SysDyn:	SWAP-IN QUEUE:	[atom_PointFilter], needed/available: 2/0 swap-ins/evictions: 0/0 --> MC_Hz4_HW_02 
SysDyn:	SWAP-IN QUEUE:	[atom_PointFilter], needed/available: 2/0 swap-ins/evictions: 0/0 --> MC_Hz4_HW_02 
SysDyn:	SWAP-IN QUEUE:	[atom_BytePack], needed/available: 2/0 swap-ins/evictions: 0/0 --> MC_Hz4_HW_02 
SysDyn:	SWAP-IN QUEUE:	[atom_CollapseAdd], needed/available: 1/0 swap-ins/evictions: 3/3 --> IPred_HDC16x16_HW_00 IPred_VDC16x16_HW_00 
SysDyn:	SWAP-IN QUEUE:	[atom_PackLBytes], needed/available: 1/0 swap-ins/evictions: 4/4 --> IPred_HDC16x16_HW_00 
================================================================================

1652501 ns: Info: MONITOR: Molecule	IPred_HDC16x16_HW_03	is replaced by molecule	IPred_HDC16x16_SW	and was used	105	- times.

1653793 ns: Info: MONITOR: Molecule	IPred_VDC16x16_HW_01	is replaced by molecule	IPred_VDC16x16_SW	and was used	26	- times.

1667593 ns: Info: MONITOR: Molecule	 - none first time used - 	is replaced by molecule	MC_Hz4_SW	and was used	0	- times.

1700 us: Info: MONITOR:    SI usages in last timeframe  	67	0	0	23	9	9	

1750 us: Info: MONITOR:    SI usages in last timeframe  	0	0	0	35	0	0	

1752198 ns: Info: PREFETCHER: completed loading atom atom_BytePack in cycle 1,752,199. It is used for following molecules: MC_Hz4_HW_02 

1796578 ns: Info: PREFETCHER: 
SysDyn:	FORECAST POINT:	at address 0x11a
SysDyn:	CURRENT PREDICTION:	0.0	0.0	0.0	0.0	0.0	0.0	
SysDyn:	CONFIGURATION STATUS:	   * FPGA capacity/used: 7/6

SysDyn:	SWAP-IN QUEUE:	[atom_Cond], needed/available: 2/1 swap-ins/evictions: 2/1 --> LoopFilter_HW_04 
================================================================================

1796647 ns: Info: MONITOR: Molecule	LoopFilter_HW_01	is replaced by molecule	LoopFilter_HW_00	and was used	248	- times.

1800 us: Info: MONITOR:    SI usages in last timeframe  	0	0	0	33	0	0	

1850 us: Info: MONITOR:    SI usages in last timeframe  	0	0	0	0	0	0	

1852198 ns: Info: PREFETCHER: completed loading atom atom_Clip3 in cycle 1,852,199. It is used for following molecules: 

1900 us: Info: MONITOR:    SI usages in last timeframe  	0	0	0	0	0	0	

1948297 ns: Info: PREFETCHER: 
SysDyn:	FORECAST POINT:	at address 0x129
SysDyn:	CURRENT PREDICTION:	15920.0	0.0	0.0	0.0	0.0	0.0	
SysDyn:	CONFIGURATION STATUS:	   * FPGA capacity/used: 7/6

SysDyn:	SWAP-IN QUEUE:	[atom_SAD4], needed/available: 4/1 swap-ins/evictions: 4/3 --> MotionEstimation_HW_02 
SysDyn:	SWAP-IN QUEUE:	[atom_SAD4], needed/available: 4/1 swap-ins/evictions: 4/3 --> MotionEstimation_HW_02 
================================================================================

1948420 ns: Info: MONITOR: Molecule	MotionEstimation_HW_02	is replaced by molecule	MotionEstimation_HW_00	and was used	4593	- times.

1950 us: Info: MONITOR:    SI usages in last timeframe  	20	0	0	0	0	0	

1952198 ns: Info: PREFETCHER: completed loading atom atom_Cond in cycle 1,952,199. It is used for following molecules: 

2 ms: Info: MONITOR:    SI usages in last timeframe  	616	0	0	0	0	0	

2050 us: Info: MONITOR:    SI usages in last timeframe  	617	0	0	0	0	0	

2052198 ns: Info: PREFETCHER: completed loading atom atom_SAD4 in cycle 2,052,199. It is used for following molecules: MotionEstimation_HW_01 MotionEstimation_HW_02 

2052247 ns: Info: MONITOR: Molecule	MotionEstimation_HW_00	is replaced by molecule	MotionEstimation_HW_01	and was used	1280	- times.

2100 us: Info: MONITOR:    SI usages in last timeframe  	999	0	0	0	0	0	

2150 us: Info: MONITOR:    SI usages in last timeframe  	1018	0	0	0	0	0	

2152198 ns: Info: PREFETCHER: completed loading atom atom_SAD4 in cycle 2,152,199. It is used for following molecules: MotionEstimation_HW_02 

2200 us: Info: MONITOR:    SI usages in last timeframe  	1018	0	0	0	0	0	

2250 us: Info: MONITOR:    SI usages in last timeframe  	1017	0	0	0	0	0	

2300 us: Info: MONITOR:    SI usages in last timeframe  	1018	0	0	0	0	0	

2350 us: Info: MONITOR:    SI usages in last timeframe  	1018	0	0	0	0	0	

2400 us: Info: MONITOR:    SI usages in last timeframe  	1018	0	0	0	0	0	

2450 us: Info: MONITOR:    SI usages in last timeframe  	1017	0	0	0	0	0	

2480618 ns: Info: PREFETCHER: 
SysDyn:	FORECAST POINT:	at address 0x10f
SysDyn:	CURRENT PREDICTION:	0.0	0.0	0.0	142.8	16.4	16.4	
SysDyn:	CONFIGURATION STATUS:	   * FPGA capacity/used: 7/7

SysDyn:	SWAP-IN QUEUE:	[atom_BytePack], needed/available: 2/0 swap-ins/evictions: 1/1 --> MC_Hz4_HW_02 
SysDyn:	SWAP-IN QUEUE:	[atom_Clip3], needed/available: 1/0 swap-ins/evictions: 1/1 --> MC_Hz4_HW_02 
SysDyn:	SWAP-IN QUEUE:	[atom_PointFilter], needed/available: 2/0 swap-ins/evictions: 0/0 --> MC_Hz4_HW_02 
SysDyn:	SWAP-IN QUEUE:	[atom_PointFilter], needed/available: 2/0 swap-ins/evictions: 0/0 --> MC_Hz4_HW_02 
SysDyn:	SWAP-IN QUEUE:	[atom_BytePack], needed/available: 2/0 swap-ins/evictions: 1/1 --> MC_Hz4_HW_02 
SysDyn:	SWAP-IN QUEUE:	[atom_CollapseAdd], needed/available: 1/0 swap-ins/evictions: 3/3 --> IPred_HDC16x16_HW_00 IPred_VDC16x16_HW_00 
SysDyn:	SWAP-IN QUEUE:	[atom_PackLBytes], needed/available: 1/0 swap-ins/evictions: 4/4 --> IPred_HDC16x16_HW_00 
================================================================================

2500 us: Info: MONITOR:    SI usages in last timeframe  	624	0	0	1	11	11	

2550 us: Info: MONITOR:    SI usages in last timeframe  	0	0	0	35	0	0	

2580618 ns: Info: PREFETCHER: completed loading atom atom_BytePack in cycle 2,580,619. It is used for following molecules: MC_Hz4_HW_02 

2600 us: Info: MONITOR:    SI usages in last timeframe  	0	0	0	35	0	0	

2625229 ns: Info: PREFETCHER: 
SysDyn:	FORECAST POINT:	at address 0x11a
SysDyn:	CURRENT PREDICTION:	0.0	0.0	0.0	0.0	0.0	0.0	
SysDyn:	CONFIGURATION STATUS:	   * FPGA capacity/used: 7/6

SysDyn:	SWAP-IN QUEUE:	[atom_Cond], needed/available: 2/1 swap-ins/evictions: 3/2 --> LoopFilter_HW_04 
SysDyn:	SWAP-IN QUEUE:	[atom_LF], needed/available: 4/1 swap-ins/evictions: 2/1 --> LoopFilter_HW_04 
================================================================================

2650 us: Info: MONITOR:    SI usages in last timeframe  	0	0	0	18	0	0	

2680618 ns: Info: PREFETCHER: completed loading atom atom_Clip3 in cycle 2,680,619. It is used for following molecules: 

2700 us: Info: MONITOR:    SI usages in last timeframe  	0	0	0	0	0	0	

2750 us: Info: MONITOR:    SI usages in last timeframe  	0	0	0	0	0	0	

2776948 ns: Info: PREFETCHER: 
SysDyn:	FORECAST POINT:	at address 0x129
SysDyn:	CURRENT PREDICTION:	11184.0	0.0	0.0	0.0	0.0	0.0	
SysDyn:	CONFIGURATION STATUS:	   * FPGA capacity/used: 7/6

SysDyn:	SWAP-IN QUEUE:	[atom_SAD4], needed/available: 4/3 swap-ins/evictions: 6/3 --> MotionEstimation_HW_02 
================================================================================

2780618 ns: Info: PREFETCHER: completed loading atom atom_Cond in cycle 2,780,619. It is used for following molecules: 

2800 us: Info: MONITOR:    SI usages in last timeframe  	468	0	0	0	0	0	

2850 us: Info: MONITOR:    SI usages in last timeframe  	1018	0	0	0	0	0	

2880618 ns: Info: PREFETCHER: completed loading atom atom_SAD4 in cycle 2,880,619. It is used for following molecules: MotionEstimation_HW_02 

2880651 ns: Info: MONITOR: Molecule	MotionEstimation_HW_01	is replaced by molecule	MotionEstimation_HW_02	and was used	10829	- times.

2900 us: Info: MONITOR:    SI usages in last timeframe  	1208	0	0	0	0	0	

2950 us: Info: MONITOR:    SI usages in last timeframe  	1509	0	0	0	0	0	

3 ms: Info: MONITOR:    SI usages in last timeframe  	1509	0	0	0	0	0	

3050 us: Info: MONITOR:    SI usages in last timeframe  	1509	0	0	0	0	0	

3100 us: Info: MONITOR:    SI usages in last timeframe  	1509	0	0	0	0	0	

3142044 ns: Info: PREFETCHER: 
SysDyn:	FORECAST POINT:	at address 0x10f
SysDyn:	CURRENT PREDICTION:	0.0	0.0	0.0	99.8	12.1	12.1	
SysDyn:	CONFIGURATION STATUS:	   * FPGA capacity/used: 7/7

SysDyn:	SWAP-IN QUEUE:	[atom_BytePack], needed/available: 2/0 swap-ins/evictions: 2/2 --> MC_Hz4_HW_02 
SysDyn:	SWAP-IN QUEUE:	[atom_Clip3], needed/available: 1/0 swap-ins/evictions: 2/2 --> MC_Hz4_HW_02 
SysDyn:	SWAP-IN QUEUE:	[atom_PointFilter], needed/available: 2/0 swap-ins/evictions: 0/0 --> MC_Hz4_HW_02 
SysDyn:	SWAP-IN QUEUE:	[atom_PointFilter], needed/available: 2/0 swap-ins/evictions: 0/0 --> MC_Hz4_HW_02 
SysDyn:	SWAP-IN QUEUE:	[atom_BytePack], needed/available: 2/0 swap-ins/evictions: 2/2 --> MC_Hz4_HW_02 
SysDyn:	SWAP-IN QUEUE:	[atom_CollapseAdd], needed/available: 1/0 swap-ins/evictions: 3/3 --> IPred_HDC16x16_HW_00 IPred_VDC16x16_HW_00 
SysDyn:	SWAP-IN QUEUE:	[atom_PackLBytes], needed/available: 1/0 swap-ins/evictions: 4/4 --> IPred_HDC16x16_HW_00 
================================================================================

3150 us: Info: MONITOR:    SI usages in last timeframe  	1270	0	0	0	5	5	

3200 us: Info: MONITOR:    SI usages in last timeframe  	0	0	0	33	1	1	

3242044 ns: Info: PREFETCHER: completed loading atom atom_BytePack in cycle 3,242,045. It is used for following molecules: MC_Hz4_HW_02 

3250 us: Info: MONITOR:    SI usages in last timeframe  	0	0	0	35	0	0	

3286095 ns: Info: PREFETCHER: 
SysDyn:	FORECAST POINT:	at address 0x11a
SysDyn:	CURRENT PREDICTION:	0.0	0.0	0.0	0.0	0.0	0.0	
SysDyn:	CONFIGURATION STATUS:	   * FPGA capacity/used: 7/6

SysDyn:	SWAP-IN QUEUE:	[atom_Cond], needed/available: 2/1 swap-ins/evictions: 4/3 --> LoopFilter_HW_04 
SysDyn:	SWAP-IN QUEUE:	[atom_LF], needed/available: 4/1 swap-ins/evictions: 2/1 --> LoopFilter_HW_04 
================================================================================

3300 us: Info: MONITOR:    SI usages in last timeframe  	0	0	0	26	0	0	

3342044 ns: Info: PREFETCHER: completed loading atom atom_Clip3 in cycle 3,342,045. It is used for following molecules: 

3350 us: Info: MONITOR:    SI usages in last timeframe  	0	0	0	0	0	0	

3400 us: Info: MONITOR:    SI usages in last timeframe  	0	0	0	0	0	0	

3437814 ns: Info: PREFETCHER: 
SysDyn:	FORECAST POINT:	at address 0x129
SysDyn:	CURRENT PREDICTION:	10236.8	0.0	0.0	0.0	0.0	0.0	
SysDyn:	CONFIGURATION STATUS:	   * FPGA capacity/used: 7/6

SysDyn:	SWAP-IN QUEUE:	[atom_SAD4], needed/available: 4/3 swap-ins/evictions: 7/4 --> MotionEstimation_HW_02 
================================================================================

3437905 ns: Info: MONITOR: Molecule	MotionEstimation_HW_02	is replaced by molecule	MotionEstimation_HW_01	and was used	7891	- times.

3442044 ns: Info: PREFETCHER: completed loading atom atom_Cond in cycle 3,442,045. It is used for following molecules: 

3450 us: Info: MONITOR:    SI usages in last timeframe  	247	0	0	0	0	0	

3500 us: Info: MONITOR:    SI usages in last timeframe  	1018	0	0	0	0	0	

3542044 ns: Info: PREFETCHER: completed loading atom atom_SAD4 in cycle 3,542,045. It is used for following molecules: MotionEstimation_HW_02 

3542091 ns: Info: MONITOR: Molecule	MotionEstimation_HW_01	is replaced by molecule	MotionEstimation_HW_02	and was used	2121	- times.

3550 us: Info: MONITOR:    SI usages in last timeframe  	1095	0	0	0	0	0	

3600 us: Info: MONITOR:    SI usages in last timeframe  	1510	0	0	0	0	0	

3650 us: Info: MONITOR:    SI usages in last timeframe  	1509	0	0	0	0	0	

3700 us: Info: MONITOR:    SI usages in last timeframe  	1509	0	0	0	0	0	

3750 us: Info: MONITOR:    SI usages in last timeframe  	1509	0	0	0	0	0	

3800 us: Info: MONITOR:    SI usages in last timeframe  	1509	0	0	0	0	0	

3803088 ns: Info: PREFETCHER: 
SysDyn:	FORECAST POINT:	at address 0x10f
SysDyn:	CURRENT PREDICTION:	0.0	0.0	0.0	95.2	7.2	7.2	
SysDyn:	CONFIGURATION STATUS:	   * FPGA capacity/used: 7/7

SysDyn:	SWAP-IN QUEUE:	[atom_Clip3], needed/available: 1/0 swap-ins/evictions: 3/3 --> MC_Hz4_HW_02 
SysDyn:	SWAP-IN QUEUE:	[atom_PointFilter], needed/available: 2/0 swap-ins/evictions: 0/0 --> MC_Hz4_HW_02 
SysDyn:	SWAP-IN QUEUE:	[atom_PointFilter], needed/available: 2/0 swap-ins/evictions: 0/0 --> MC_Hz4_HW_02 
SysDyn:	SWAP-IN QUEUE:	[atom_CollapseAdd], needed/available: 1/0 swap-ins/evictions: 3/3 --> IPred_HDC16x16_HW_00 IPred_VDC16x16_HW_00 
SysDyn:	SWAP-IN QUEUE:	[atom_PackLBytes], needed/available: 1/0 swap-ins/evictions: 4/4 --> IPred_HDC16x16_HW_00 
================================================================================

3850 us: Info: MONITOR:    SI usages in last timeframe  	94	0	0	25	7	7	

3900 us: Info: MONITOR:    SI usages in last timeframe  	0	0	0	35	0	0	

3903088 ns: Info: PREFETCHER: completed loading atom atom_Clip3 in cycle 3,903,089. It is used for following molecules: MC_Hz4_HW_02 

3947251 ns: Info: PREFETCHER: 
SysDyn:	FORECAST POINT:	at address 0x11a
SysDyn:	CURRENT PREDICTION:	0.0	0.0	0.0	0.0	0.0	0.0	
SysDyn:	CONFIGURATION STATUS:	   * FPGA capacity/used: 7/6

SysDyn:	SWAP-IN QUEUE:	[atom_LF], needed/available: 4/0 swap-ins/evictions: 2/2 --> LoopFilter_HW_04 
SysDyn:	SWAP-IN QUEUE:	[atom_LF], needed/available: 4/0 swap-ins/evictions: 2/2 --> LoopFilter_HW_04 
SysDyn:	SWAP-IN QUEUE:	[atom_LF], needed/available: 4/0 swap-ins/evictions: 2/2 --> LoopFilter_HW_04 
SysDyn:	SWAP-IN QUEUE:	[atom_LF], needed/available: 4/0 swap-ins/evictions: 2/2 --> LoopFilter_HW_04 
================================================================================

3947590 ns: Info: MONITOR: Molecule	LoopFilter_HW_00	is replaced by molecule	LoopFilter_SW	and was used	9600	- times.

3950 us: Info: MONITOR:    SI usages in last timeframe  	0	0	0	33	0	0	

4 ms: Info: MONITOR:    SI usages in last timeframe  	0	0	0	0	0	0	

4003088 ns: Info: PREFETCHER: completed loading atom atom_PointFilter in cycle 4,003,089. It is used for following molecules: 

4050 us: Info: MONITOR:    SI usages in last timeframe  	0	0	0	0	0	0	

4100 us: Info: MONITOR:    SI usages in last timeframe  	0	0	0	0	0	0	

4103088 ns: Info: PREFETCHER: completed loading atom atom_LF in cycle 4,103,089. It is used for following molecules: LoopFilter_HW_04 

4103158 ns: Info: MONITOR: Molecule	LoopFilter_SW	is replaced by molecule	LoopFilter_HW_01	and was used	491	- times.

4150 us: Info: MONITOR:    SI usages in last timeframe  	0	0	0	0	0	0	

4200 us: Info: MONITOR:    SI usages in last timeframe  	0	0	0	0	0	0	

4203088 ns: Info: PREFETCHER: completed loading atom atom_LF in cycle 4,203,089. It is used for following molecules: LoopFilter_HW_04 

4203164 ns: Info: MONITOR: Molecule	LoopFilter_HW_01	is replaced by molecule	LoopFilter_HW_02	and was used	2304	- times.

4219894 ns: Info: PREFETCHER: 
SysDyn:	FORECAST POINT:	at address 0x129
SysDyn:	CURRENT PREDICTION:	10047.4	0.0	0.0	0.0	0.0	0.0	
SysDyn:	CONFIGURATION STATUS:	   * FPGA capacity/used: 7/6

SysDyn:	SWAP-IN QUEUE:	[atom_SAD4], needed/available: 4/0 swap-ins/evictions: 8/8 --> MotionEstimation_HW_02 
SysDyn:	SWAP-IN QUEUE:	[atom_SAD4], needed/available: 4/0 swap-ins/evictions: 8/8 --> MotionEstimation_HW_02 
SysDyn:	SWAP-IN QUEUE:	[atom_SAD4], needed/available: 4/0 swap-ins/evictions: 8/8 --> MotionEstimation_HW_02 
SysDyn:	SWAP-IN QUEUE:	[atom_SAD4], needed/available: 4/0 swap-ins/evictions: 8/8 --> MotionEstimation_HW_02 
================================================================================

4221744 ns: Info: MONITOR: Molecule	MotionEstimation_HW_02	is replaced by molecule	MotionEstimation_SW	and was used	7879	- times.

4250 us: Info: MONITOR:    SI usages in last timeframe  	16	0	0	0	0	0	

4300 us: Info: MONITOR:    SI usages in last timeframe  	28	0	0	0	0	0	

4303088 ns: Info: PREFETCHER: completed loading atom atom_LF in cycle 4,303,089. It is used for following molecules: 

4350 us: Info: MONITOR:    SI usages in last timeframe  	27	0	0	0	0	0	

4400 us: Info: MONITOR:    SI usages in last timeframe  	28	0	0	0	0	0	

4403088 ns: Info: PREFETCHER: completed loading atom atom_SAD4 in cycle 4,403,089. It is used for following molecules: MotionEstimation_HW_00 MotionEstimation_HW_02 

4403169 ns: Info: MONITOR: Molecule	MotionEstimation_SW	is replaced by molecule	MotionEstimation_HW_00	and was used	101	- times.

4450 us: Info: MONITOR:    SI usages in last timeframe  	580	0	0	0	0	0	

4500 us: Info: MONITOR:    SI usages in last timeframe  	616	0	0	0	0	0	

4503088 ns: Info: PREFETCHER: completed loading atom atom_SAD4 in cycle 4,503,089. It is used for following molecules: MotionEstimation_HW_02 

4503166 ns: Info: MONITOR: Molecule	MotionEstimation_HW_00	is replaced by molecule	MotionEstimation_HW_01	and was used	1233	- times.

4550 us: Info: MONITOR:    SI usages in last timeframe  	993	0	0	0	0	0	

4600 us: Info: MONITOR:    SI usages in last timeframe  	1017	0	0	0	0	0	

4603088 ns: Info: PREFETCHER: completed loading atom atom_SAD4 in cycle 4,603,089. It is used for following molecules: MotionEstimation_HW_02 

4650 us: Info: MONITOR:    SI usages in last timeframe  	1018	0	0	0	0	0	

4700 us: Info: MONITOR:    SI usages in last timeframe  	1018	0	0	0	0	0	

4703088 ns: Info: PREFETCHER: completed loading atom atom_SAD4 in cycle 4,703,089. It is used for following molecules: MotionEstimation_HW_02 

4703121 ns: Info: MONITOR: Molecule	MotionEstimation_HW_01	is replaced by molecule	MotionEstimation_HW_02	and was used	4070	- times.

4750 us: Info: MONITOR:    SI usages in last timeframe  	1479	0	0	0	0	0	

4800 us: Info: MONITOR:    SI usages in last timeframe  	1509	0	0	0	0	0	

4850 us: Info: MONITOR:    SI usages in last timeframe  	1509	0	0	0	0	0	

4855350 ns: Info: PREFETCHER: 
SysDyn:	FORECAST POINT:	at address 0x10f
SysDyn:	CURRENT PREDICTION:	0.0	0.0	0.0	93.4	7.0	7.0	
SysDyn:	CONFIGURATION STATUS:	   * FPGA capacity/used: 7/7

SysDyn:	SWAP-IN QUEUE:	[atom_Clip3], needed/available: 1/0 swap-ins/evictions: 4/4 --> MC_Hz4_HW_02 
SysDyn:	SWAP-IN QUEUE:	[atom_PointFilter], needed/available: 2/0 swap-ins/evictions: 1/1 --> MC_Hz4_HW_02 
SysDyn:	SWAP-IN QUEUE:	[atom_PointFilter], needed/available: 2/0 swap-ins/evictions: 1/1 --> MC_Hz4_HW_02 
SysDyn:	SWAP-IN QUEUE:	[atom_CollapseAdd], needed/available: 1/0 swap-ins/evictions: 3/3 --> IPred_HDC16x16_HW_00 IPred_VDC16x16_HW_00 
SysDyn:	SWAP-IN QUEUE:	[atom_PackLBytes], needed/available: 1/0 swap-ins/evictions: 4/4 --> IPred_HDC16x16_HW_00 
================================================================================

4900 us: Info: MONITOR:    SI usages in last timeframe  	162	0	0	24	6	6	

4950 us: Info: MONITOR:    SI usages in last timeframe  	0	0	0	35	0	0	

4955350 ns: Info: PREFETCHER: completed loading atom atom_Clip3 in cycle 4,955,351. It is used for following molecules: MC_Hz4_HW_02 

4999401 ns: Info: PREFETCHER: 
SysDyn:	FORECAST POINT:	at address 0x11a
SysDyn:	CURRENT PREDICTION:	0.0	0.0	0.0	0.0	0.0	0.0	
SysDyn:	CONFIGURATION STATUS:	   * FPGA capacity/used: 7/6

SysDyn:	SWAP-IN QUEUE:	[atom_LF], needed/available: 4/0 swap-ins/evictions: 5/5 --> LoopFilter_HW_04 
SysDyn:	SWAP-IN QUEUE:	[atom_LF], needed/available: 4/0 swap-ins/evictions: 5/5 --> LoopFilter_HW_04 
SysDyn:	SWAP-IN QUEUE:	[atom_LF], needed/available: 4/0 swap-ins/evictions: 5/5 --> LoopFilter_HW_04 
SysDyn:	SWAP-IN QUEUE:	[atom_LF], needed/available: 4/0 swap-ins/evictions: 5/5 --> LoopFilter_HW_04 
================================================================================

4999740 ns: Info: MONITOR: Molecule	LoopFilter_HW_02	is replaced by molecule	LoopFilter_SW	and was used	405	- times.

5 ms: Info: MONITOR:    SI usages in last timeframe  	0	0	0	35	0	0	

5050 us: Info: MONITOR:    SI usages in last timeframe  	0	0	0	0	0	0	

5055350 ns: Info: PREFETCHER: completed loading atom atom_PointFilter in cycle 5,055,351. It is used for following molecules: 

5100 us: Info: MONITOR:    SI usages in last timeframe  	0	0	0	0	0	0	

5150 us: Info: MONITOR:    SI usages in last timeframe  	0	0	0	0	0	0	

5155350 ns: Info: PREFETCHER: completed loading atom atom_LF in cycle 5,155,351. It is used for following molecules: LoopFilter_HW_00 LoopFilter_HW_04 

5155397 ns: Info: MONITOR: Molecule	LoopFilter_SW	is replaced by molecule	LoopFilter_HW_00	and was used	491	- times.

5200 us: Info: MONITOR:    SI usages in last timeframe  	0	0	0	0	0	0	

5250 us: Info: MONITOR:    SI usages in last timeframe  	0	0	0	0	0	0	

5255350 ns: Info: PREFETCHER: completed loading atom atom_LF in cycle 5,255,351. It is used for following molecules: LoopFilter_HW_04 

5283775 ns: Info: PREFETCHER: 
SysDyn:	FORECAST POINT:	at address 0x129
SysDyn:	CURRENT PREDICTION:	10009.5	0.0	0.0	0.0	0.0	0.0	
SysDyn:	CONFIGURATION STATUS:	   * FPGA capacity/used: 7/6

SysDyn:	SWAP-IN QUEUE:	[atom_SAD4], needed/available: 4/2 swap-ins/evictions: 12/10 --> MotionEstimation_HW_02 
SysDyn:	SWAP-IN QUEUE:	[atom_SAD4], needed/available: 4/2 swap-ins/evictions: 12/10 --> MotionEstimation_HW_02 
================================================================================

5283866 ns: Info: MONITOR: Molecule	MotionEstimation_HW_02	is replaced by molecule	MotionEstimation_HW_01	and was used	4596	- times.

5300 us: Info: MONITOR:    SI usages in last timeframe  	329	0	0	0	0	0	

5350 us: Info: MONITOR:    SI usages in last timeframe  	1018	0	0	0	0	0	

5355350 ns: Info: PREFETCHER: completed loading atom atom_LF in cycle 5,355,351. It is used for following molecules: 

5400 us: Info: MONITOR:    SI usages in last timeframe  	1017	0	0	0	0	0	

5450 us: Info: MONITOR:    SI usages in last timeframe  	1018	0	0	0	0	0	

5455350 ns: Info: PREFETCHER: completed loading atom atom_SAD4 in cycle 5,455,351. It is used for following molecules: MotionEstimation_HW_02 

5500 us: Info: MONITOR:    SI usages in last timeframe  	1018	0	0	0	0	0	

5550 us: Info: MONITOR:    SI usages in last timeframe  	1017	0	0	0	0	0	

5555350 ns: Info: PREFETCHER: completed loading atom atom_SAD4 in cycle 5,555,351. It is used for following molecules: MotionEstimation_HW_02 

5555388 ns: Info: MONITOR: Molecule	MotionEstimation_HW_01	is replaced by molecule	MotionEstimation_HW_02	and was used	5527	- times.

5600 us: Info: MONITOR:    SI usages in last timeframe  	1457	0	0	0	0	0	

5650 us: Info: MONITOR:    SI usages in last timeframe  	1509	0	0	0	0	0	

5700 us: Info: MONITOR:    SI usages in last timeframe  	1510	0	0	0	0	0	

5703545 ns: Info: PREFETCHER: 
SysDyn:	FORECAST POINT:	at address 0x10f
SysDyn:	CURRENT PREDICTION:	0.0	0.0	0.0	93.9	6.2	6.2	
SysDyn:	CONFIGURATION STATUS:	   * FPGA capacity/used: 7/7

SysDyn:	SWAP-IN QUEUE:	[atom_BytePack], needed/available: 2/0 swap-ins/evictions: 3/3 --> MC_Hz4_HW_02 
SysDyn:	SWAP-IN QUEUE:	[atom_Clip3], needed/available: 1/0 swap-ins/evictions: 5/5 --> MC_Hz4_HW_02 
SysDyn:	SWAP-IN QUEUE:	[atom_BytePack], needed/available: 2/0 swap-ins/evictions: 3/3 --> MC_Hz4_HW_02 
SysDyn:	SWAP-IN QUEUE:	[atom_CollapseAdd], needed/available: 1/0 swap-ins/evictions: 3/3 --> IPred_HDC16x16_HW_00 IPred_VDC16x16_HW_00 
SysDyn:	SWAP-IN QUEUE:	[atom_PackLBytes], needed/available: 1/0 swap-ins/evictions: 4/4 --> IPred_HDC16x16_HW_00 
================================================================================

5750 us: Info: MONITOR:    SI usages in last timeframe  	107	0	0	28	4	4	

5800 us: Info: MONITOR:    SI usages in last timeframe  	0	0	0	34	0	0	

5803545 ns: Info: PREFETCHER: completed loading atom atom_BytePack in cycle 5,803,546. It is used for following molecules: MC_Hz4_HW_02 

5847372 ns: Info: PREFETCHER: 
SysDyn:	FORECAST POINT:	at address 0x11a
SysDyn:	CURRENT PREDICTION:	0.0	0.0	0.0	0.0	0.0	0.0	
SysDyn:	CONFIGURATION STATUS:	   * FPGA capacity/used: 7/6

SysDyn:	SWAP-IN QUEUE:	[atom_Cond], needed/available: 2/0 swap-ins/evictions: 5/5 --> LoopFilter_HW_04 
SysDyn:	SWAP-IN QUEUE:	[atom_Cond], needed/available: 2/0 swap-ins/evictions: 5/5 --> LoopFilter_HW_04 
SysDyn:	SWAP-IN QUEUE:	[atom_LF], needed/available: 4/1 swap-ins/evictions: 8/7 --> LoopFilter_HW_04 
================================================================================

5847711 ns: Info: MONITOR: Molecule	LoopFilter_HW_00	is replaced by molecule	LoopFilter_SW	and was used	2709	- times.

5850 us: Info: MONITOR:    SI usages in last timeframe  	0	0	0	34	0	0	

5900 us: Info: MONITOR:    SI usages in last timeframe  	0	0	0	0	0	0	

5903545 ns: Info: PREFETCHER: completed loading atom atom_Clip3 in cycle 5,903,546. It is used for following molecules: 

5950 us: Info: MONITOR:    SI usages in last timeframe  	0	0	0	0	0	0	

6 ms: Info: MONITOR:    SI usages in last timeframe  	0	0	0	0	0	0	

6003545 ns: Info: PREFETCHER: completed loading atom atom_Cond in cycle 6,003,546. It is used for following molecules: LoopFilter_HW_04 

6003600 ns: Info: MONITOR: Molecule	LoopFilter_SW	is replaced by molecule	LoopFilter_HW_00	and was used	492	- times.

6050 us: Info: MONITOR:    SI usages in last timeframe  	0	0	0	0	0	0	

6100 us: Info: MONITOR:    SI usages in last timeframe  	0	0	0	0	0	0	

6103545 ns: Info: PREFETCHER: completed loading atom atom_Cond in cycle 6,103,546. It is used for following molecules: LoopFilter_HW_04 

6103624 ns: Info: MONITOR: Molecule	LoopFilter_HW_00	is replaced by molecule	LoopFilter_HW_01	and was used	2110	- times.

6129539 ns: Info: PREFETCHER: 
SysDyn:	FORECAST POINT:	at address 0x129
SysDyn:	CURRENT PREDICTION:	10001.9	0.0	0.0	0.0	0.0	0.0	
SysDyn:	CONFIGURATION STATUS:	   * FPGA capacity/used: 7/6

SysDyn:	SWAP-IN QUEUE:	[atom_SAD4], needed/available: 4/1 swap-ins/evictions: 14/13 --> MotionEstimation_HW_02 
SysDyn:	SWAP-IN QUEUE:	[atom_SAD4], needed/available: 4/1 swap-ins/evictions: 14/13 --> MotionEstimation_HW_02 
================================================================================

6129662 ns: Info: MONITOR: Molecule	MotionEstimation_HW_02	is replaced by molecule	MotionEstimation_HW_00	and was used	4473	- times.

6150 us: Info: MONITOR:    SI usages in last timeframe  	251	0	0	0	0	0	

6200 us: Info: MONITOR:    SI usages in last timeframe  	617	0	0	0	0	0	

6203545 ns: Info: PREFETCHER: completed loading atom atom_LF in cycle 6,203,546. It is used for following molecules: 

6250 us: Info: MONITOR:    SI usages in last timeframe  	616	0	0	0	0	0	

6300 us: Info: MONITOR:    SI usages in last timeframe  	616	0	0	0	0	0	

6303545 ns: Info: PREFETCHER: completed loading atom atom_SAD4 in cycle 6,303,546. It is used for following molecules: MotionEstimation_HW_01 MotionEstimation_HW_02 

6303594 ns: Info: MONITOR: Molecule	MotionEstimation_HW_00	is replaced by molecule	MotionEstimation_HW_01	and was used	2144	- times.

6350 us: Info: MONITOR:    SI usages in last timeframe  	989	0	0	0	0	0	

6400 us: Info: MONITOR:    SI usages in last timeframe  	1018	0	0	0	0	0	

6403545 ns: Info: PREFETCHER: completed loading atom atom_SAD4 in cycle 6,403,546. It is used for following molecules: MotionEstimation_HW_02 

6450 us: Info: MONITOR:    SI usages in last timeframe  	1017	0	0	0	0	0	

6500 us: Info: MONITOR:    SI usages in last timeframe  	1018	0	0	0	0	0	

6550 us: Info: MONITOR:    SI usages in last timeframe  	1018	0	0	0	0	0	

6600 us: Info: MONITOR:    SI usages in last timeframe  	1018	0	0	0	0	0	

6650 us: Info: MONITOR:    SI usages in last timeframe  	1017	0	0	0	0	0	

6689512 ns: Info: PREFETCHER: 
SysDyn:	FORECAST POINT:	at address 0x10f
SysDyn:	CURRENT PREDICTION:	0.0	0.0	0.0	95.6	4.4	4.4	
SysDyn:	CONFIGURATION STATUS:	   * FPGA capacity/used: 7/7

SysDyn:	SWAP-IN QUEUE:	[atom_PointFilter], needed/available: 2/0 swap-ins/evictions: 2/2 --> MC_Hz4_HW_02 
SysDyn:	SWAP-IN QUEUE:	[atom_PointFilter], needed/available: 2/0 swap-ins/evictions: 2/2 --> MC_Hz4_HW_02 
SysDyn:	SWAP-IN QUEUE:	[atom_CollapseAdd], needed/available: 1/0 swap-ins/evictions: 3/3 --> IPred_HDC16x16_HW_00 IPred_VDC16x16_HW_00 
SysDyn:	SWAP-IN QUEUE:	[atom_PackLBytes], needed/available: 1/0 swap-ins/evictions: 4/4 --> IPred_HDC16x16_HW_00 
================================================================================

6700 us: Info: MONITOR:    SI usages in last timeframe  	805	0	0	0	7	6	

6750 us: Info: MONITOR:    SI usages in last timeframe  	0	0	0	34	0	1	

6789512 ns: Info: PREFETCHER: completed loading atom atom_PointFilter in cycle 6,789,513. It is used for following molecules: MC_Hz4_HW_02 

6791904 ns: Info: MONITOR: Molecule	MC_Hz4_SW	is replaced by molecule	MC_Hz4_HW_00	and was used	620	- times.

6800 us: Info: MONITOR:    SI usages in last timeframe  	0	0	0	36	0	0	

6827705 ns: Info: PREFETCHER: 
SysDyn:	FORECAST POINT:	at address 0x11a
SysDyn:	CURRENT PREDICTION:	0.0	0.0	0.0	0.0	0.0	0.0	
SysDyn:	CONFIGURATION STATUS:	   * FPGA capacity/used: 7/6

SysDyn:	SWAP-IN QUEUE:	[atom_LF], needed/available: 4/0 swap-ins/evictions: 9/9 --> LoopFilter_HW_04 
SysDyn:	SWAP-IN QUEUE:	[atom_LF], needed/available: 4/0 swap-ins/evictions: 9/9 --> LoopFilter_HW_04 
SysDyn:	SWAP-IN QUEUE:	[atom_LF], needed/available: 4/0 swap-ins/evictions: 9/9 --> LoopFilter_HW_04 
SysDyn:	SWAP-IN QUEUE:	[atom_LF], needed/available: 4/0 swap-ins/evictions: 9/9 --> LoopFilter_HW_04 
================================================================================

6828044 ns: Info: MONITOR: Molecule	LoopFilter_HW_01	is replaced by molecule	LoopFilter_SW	and was used	598	- times.

6850 us: Info: MONITOR:    SI usages in last timeframe  	0	0	0	23	0	0	

6889512 ns: Info: PREFETCHER: completed loading atom atom_PointFilter in cycle 6,889,513. It is used for following molecules: 

6900 us: Info: MONITOR:    SI usages in last timeframe  	0	0	0	0	0	0	

6950 us: Info: MONITOR:    SI usages in last timeframe  	0	0	0	0	0	0	

6989512 ns: Info: PREFETCHER: completed loading atom atom_LF in cycle 6,989,513. It is used for following molecules: LoopFilter_HW_00 LoopFilter_HW_04 

6989559 ns: Info: MONITOR: Molecule	LoopFilter_SW	is replaced by molecule	LoopFilter_HW_00	and was used	509	- times.

7 ms: Info: MONITOR:    SI usages in last timeframe  	0	0	0	0	0	0	

7050 us: Info: MONITOR:    SI usages in last timeframe  	0	0	0	0	0	0	

7089512 ns: Info: PREFETCHER: completed loading atom atom_LF in cycle 7,089,513. It is used for following molecules: LoopFilter_HW_04 

7100 us: Info: MONITOR:    SI usages in last timeframe  	0	0	0	0	0	0	

7117091 ns: Info: PREFETCHER: 
SysDyn:	FORECAST POINT:	at address 0x129
SysDyn:	CURRENT PREDICTION:	10000.4	0.0	0.0	0.0	0.0	0.0	
SysDyn:	CONFIGURATION STATUS:	   * FPGA capacity/used: 7/6

SysDyn:	SWAP-IN QUEUE:	[atom_SAD4], needed/available: 4/0 swap-ins/evictions: 16/16 --> MotionEstimation_HW_02 
SysDyn:	SWAP-IN QUEUE:	[atom_SAD4], needed/available: 4/0 swap-ins/evictions: 16/16 --> MotionEstimation_HW_02 
SysDyn:	SWAP-IN QUEUE:	[atom_SAD4], needed/available: 4/0 swap-ins/evictions: 16/16 --> MotionEstimation_HW_02 
SysDyn:	SWAP-IN QUEUE:	[atom_SAD4], needed/available: 4/0 swap-ins/evictions: 16/16 --> MotionEstimation_HW_02 
================================================================================

7118941 ns: Info: MONITOR: Molecule	MotionEstimation_HW_01	is replaced by molecule	MotionEstimation_SW	and was used	7856	- times.

7150 us: Info: MONITOR:    SI usages in last timeframe  	18	0	0	0	0	0	

7189512 ns: Info: PREFETCHER: completed loading atom atom_LF in cycle 7,189,513. It is used for following molecules: 

7200 us: Info: MONITOR:    SI usages in last timeframe  	27	0	0	0	0	0	

7250 us: Info: MONITOR:    SI usages in last timeframe  	28	0	0	0	0	0	

7289512 ns: Info: PREFETCHER: completed loading atom atom_SAD4 in cycle 7,289,513. It is used for following molecules: MotionEstimation_HW_00 MotionEstimation_HW_02 

7289593 ns: Info: MONITOR: Molecule	MotionEstimation_SW	is replaced by molecule	MotionEstimation_HW_00	and was used	95	- times.

7300 us: Info: MONITOR:    SI usages in last timeframe  	151	0	0	0	0	0	

7350 us: Info: MONITOR:    SI usages in last timeframe  	616	0	0	0	0	0	

7389512 ns: Info: PREFETCHER: completed loading atom atom_SAD4 in cycle 7,389,513. It is used for following molecules: MotionEstimation_HW_02 

7389603 ns: Info: MONITOR: Molecule	MotionEstimation_HW_00	is replaced by molecule	MotionEstimation_HW_01	and was used	1233	- times.

7400 us: Info: MONITOR:    SI usages in last timeframe  	700	0	0	0	0	0	

7450 us: Info: MONITOR:    SI usages in last timeframe  	1018	0	0	0	0	0	

7489512 ns: Info: PREFETCHER: completed loading atom atom_SAD4 in cycle 7,489,513. It is used for following molecules: MotionEstimation_HW_02 

7500 us: Info: MONITOR:    SI usages in last timeframe  	1018	0	0	0	0	0	

7550 us: Info: MONITOR:    SI usages in last timeframe  	1017	0	0	0	0	0	

7589512 ns: Info: PREFETCHER: completed loading atom atom_SAD4 in cycle 7,589,513. It is used for following molecules: MotionEstimation_HW_02 

7589545 ns: Info: MONITOR: Molecule	MotionEstimation_HW_01	is replaced by molecule	MotionEstimation_HW_02	and was used	4070	- times.

7600 us: Info: MONITOR:    SI usages in last timeframe  	1121	0	0	0	0	0	

7650 us: Info: MONITOR:    SI usages in last timeframe  	1509	0	0	0	0	0	

7700 us: Info: MONITOR:    SI usages in last timeframe  	1509	0	0	0	0	0	

7741985 ns: Info: PREFETCHER: 
SysDyn:	FORECAST POINT:	at address 0x10f
SysDyn:	CURRENT PREDICTION:	0.0	0.0	0.0	93.5	6.5	6.5	
SysDyn:	CONFIGURATION STATUS:	   * FPGA capacity/used: 7/7

SysDyn:	SWAP-IN QUEUE:	[atom_Clip3], needed/available: 1/0 swap-ins/evictions: 6/6 --> MC_Hz4_HW_02 
SysDyn:	SWAP-IN QUEUE:	[atom_PointFilter], needed/available: 2/0 swap-ins/evictions: 4/4 --> MC_Hz4_HW_02 
SysDyn:	SWAP-IN QUEUE:	[atom_PointFilter], needed/available: 2/0 swap-ins/evictions: 4/4 --> MC_Hz4_HW_02 
SysDyn:	SWAP-IN QUEUE:	[atom_CollapseAdd], needed/available: 1/0 swap-ins/evictions: 3/3 --> IPred_HDC16x16_HW_00 IPred_VDC16x16_HW_00 
SysDyn:	SWAP-IN QUEUE:	[atom_PackLBytes], needed/available: 1/0 swap-ins/evictions: 4/4 --> IPred_HDC16x16_HW_00 
================================================================================

7750 us: Info: MONITOR:    SI usages in last timeframe  	1268	0	0	0	5	5	

7757387 ns: Info: MONITOR: Molecule	MC_Hz4_HW_00	is replaced by molecule	MC_Hz4_SW	and was used	30	- times.

7800 us: Info: MONITOR:    SI usages in last timeframe  	0	0	0	30	4	4	

7841985 ns: Info: PREFETCHER: completed loading atom atom_Clip3 in cycle 7,841,986. It is used for following molecules: MC_Hz4_HW_02 

7850 us: Info: MONITOR:    SI usages in last timeframe  	0	0	0	35	0	0	

7886372 ns: Info: PREFETCHER: 
SysDyn:	FORECAST POINT:	at address 0x11a
SysDyn:	CURRENT PREDICTION:	0.0	0.0	0.0	0.0	0.0	0.0	
SysDyn:	CONFIGURATION STATUS:	   * FPGA capacity/used: 7/6

SysDyn:	SWAP-IN QUEUE:	[atom_Cond], needed/available: 2/1 swap-ins/evictions: 7/6 --> LoopFilter_HW_04 
SysDyn:	SWAP-IN QUEUE:	[atom_LF], needed/available: 4/1 swap-ins/evictions: 12/11 --> LoopFilter_HW_04 
================================================================================

7900 us: Info: MONITOR:    SI usages in last timeframe  	0	0	0	26	0	0	

7941985 ns: Info: PREFETCHER: completed loading atom atom_PointFilter in cycle 7,941,986. It is used for following molecules: 

7950 us: Info: MONITOR:    SI usages in last timeframe  	0	0	0	0	0	0	

8 ms: Info: MONITOR:    SI usages in last timeframe  	0	0	0	0	0	0	

8038091 ns: Info: PREFETCHER: 
SysDyn:	FORECAST POINT:	at address 0x129
SysDyn:	CURRENT PREDICTION:	10000.1	0.0	0.0	0.0	0.0	0.0	
SysDyn:	CONFIGURATION STATUS:	   * FPGA capacity/used: 7/6

SysDyn:	SWAP-IN QUEUE:	[atom_SAD4], needed/available: 4/1 swap-ins/evictions: 20/19 --> MotionEstimation_HW_02 
SysDyn:	SWAP-IN QUEUE:	[atom_SAD4], needed/available: 4/1 swap-ins/evictions: 20/19 --> MotionEstimation_HW_02 
================================================================================

8038214 ns: Info: MONITOR: Molecule	MotionEstimation_HW_02	is replaced by molecule	MotionEstimation_HW_00	and was used	4602	- times.

8041985 ns: Info: PREFETCHER: completed loading atom atom_Cond in cycle 8,041,986. It is used for following molecules: 

8050 us: Info: MONITOR:    SI usages in last timeframe  	146	0	0	0	0	0	

8100 us: Info: MONITOR:    SI usages in last timeframe  	616	0	0	0	0	0	

8141985 ns: Info: PREFETCHER: completed loading atom atom_SAD4 in cycle 8,141,986. It is used for following molecules: MotionEstimation_HW_01 MotionEstimation_HW_02 

8142034 ns: Info: MONITOR: Molecule	MotionEstimation_HW_00	is replaced by molecule	MotionEstimation_HW_01	and was used	1280	- times.

8150 us: Info: MONITOR:    SI usages in last timeframe  	681	0	0	0	0	0	

8200 us: Info: MONITOR:    SI usages in last timeframe  	1017	0	0	0	0	0	

8241985 ns: Info: PREFETCHER: completed loading atom atom_SAD4 in cycle 8,241,986. It is used for following molecules: MotionEstimation_HW_02 

8250 us: Info: MONITOR:    SI usages in last timeframe  	1018	0	0	0	0	0	

8300 us: Info: MONITOR:    SI usages in last timeframe  	1018	0	0	0	0	0	

8350 us: Info: MONITOR:    SI usages in last timeframe  	1017	0	0	0	0	0	

8400 us: Info: MONITOR:    SI usages in last timeframe  	1018	0	0	0	0	0	

8450 us: Info: MONITOR:    SI usages in last timeframe  	1018	0	0	0	0	0	

8500 us: Info: MONITOR:    SI usages in last timeframe  	1018	0	0	0	0	0	

8550 us: Info: MONITOR:    SI usages in last timeframe  	1017	0	0	0	0	0	

8570405 ns: Info: PREFETCHER: 
SysDyn:	FORECAST POINT:	at address 0x10f
SysDyn:	CURRENT PREDICTION:	0.0	0.0	0.0	91.5	8.5	8.5	
SysDyn:	CONFIGURATION STATUS:	   * FPGA capacity/used: 7/7

SysDyn:	SWAP-IN QUEUE:	[atom_BytePack], needed/available: 2/0 swap-ins/evictions: 4/4 --> MC_Hz4_HW_02 
SysDyn:	SWAP-IN QUEUE:	[atom_Clip3], needed/available: 1/0 swap-ins/evictions: 7/7 --> MC_Hz4_HW_02 
SysDyn:	SWAP-IN QUEUE:	[atom_BytePack], needed/available: 2/0 swap-ins/evictions: 4/4 --> MC_Hz4_HW_02 
SysDyn:	SWAP-IN QUEUE:	[atom_CollapseAdd], needed/available: 1/0 swap-ins/evictions: 3/3 --> IPred_HDC16x16_HW_00 IPred_VDC16x16_HW_00 
SysDyn:	SWAP-IN QUEUE:	[atom_PackLBytes], needed/available: 1/0 swap-ins/evictions: 4/4 --> IPred_HDC16x16_HW_00 
================================================================================

8600 us: Info: MONITOR:    SI usages in last timeframe  	416	0	0	11	8	8	

8650 us: Info: MONITOR:    SI usages in last timeframe  	0	0	0	35	0	0	

8670405 ns: Info: PREFETCHER: completed loading atom atom_BytePack in cycle 8,670,406. It is used for following molecules: MC_Hz4_HW_02 

8700 us: Info: MONITOR:    SI usages in last timeframe  	0	0	0	35	0	0	

8714680 ns: Info: PREFETCHER: 
SysDyn:	FORECAST POINT:	at address 0x11a
SysDyn:	CURRENT PREDICTION:	0.0	0.0	0.0	0.0	0.0	0.0	
SysDyn:	CONFIGURATION STATUS:	   * FPGA capacity/used: 7/6

SysDyn:	SWAP-IN QUEUE:	[atom_Cond], needed/available: 2/1 swap-ins/evictions: 8/7 --> LoopFilter_HW_04 
SysDyn:	SWAP-IN QUEUE:	[atom_LF], needed/available: 4/1 swap-ins/evictions: 12/11 --> LoopFilter_HW_04 
================================================================================

8750 us: Info: MONITOR:    SI usages in last timeframe  	0	0	0	11	0	0	

8770405 ns: Info: PREFETCHER: completed loading atom atom_Clip3 in cycle 8,770,406. It is used for following molecules: 

8800 us: Info: MONITOR:    SI usages in last timeframe  	0	0	0	0	0	0	

8850 us: Info: MONITOR:    SI usages in last timeframe  	0	0	0	0	0	0	

8866399 ns: Info: PREFETCHER: 
SysDyn:	FORECAST POINT:	at address 0x129
SysDyn:	CURRENT PREDICTION:	10000.0	0.0	0.0	0.0	0.0	0.0	
SysDyn:	CONFIGURATION STATUS:	   * FPGA capacity/used: 7/6

SysDyn:	SWAP-IN QUEUE:	[atom_SAD4], needed/available: 4/2 swap-ins/evictions: 22/20 --> MotionEstimation_HW_02 
SysDyn:	SWAP-IN QUEUE:	[atom_SAD4], needed/available: 4/2 swap-ins/evictions: 22/20 --> MotionEstimation_HW_02 
================================================================================

8866437 ns: Info: RotationsManager: 
TOTAL: Branches              266295
       Fetch Stalls:         4938788
       Decode Stalls:        0
       EXE Stage Stalls:     0
       Load/Store Stalls:    523859
       Write Back Stalls:    0
       Cycles (total):       8866437
       Instructions fetched: 3525790

8866437 ns: Info: MONITOR: 		The following Molecule was not replaced until end of simulation: 	MotionEstimation_HW_01	 it was used	8720	- times till then.

8866437 ns: Info: MONITOR: 		The following Molecule was not replaced until end of simulation: 	MC_Hz4_SW	 it was used	183	- times till then.

8866437 ns: Info: MONITOR: 		The following Molecule was not replaced until end of simulation: 	IPred_HDC16x16_SW	 it was used	67	- times till then.

8866437 ns: Info: MONITOR: 		The following Molecule was not replaced until end of simulation: 	IPred_VDC16x16_SW	 it was used	67	- times till then.

8866437 ns: Info: MONITOR: 		The following Molecule was not replaced until end of simulation: 	LoopFilter_HW_00	 it was used	9090	- times till then.

8866437 ns: Info: MONITOR: 

8866437 ns: Info: RotationsManager: Gesamtdauer: 22.55 Sekunden.
8866437 ns: Info: RotationsManager: Cleaning up Pipeline

8866437 ns: Info: MONITOR: 
PREDICTION TABLE
Node       | Backups    | E    | Insns      | Function Type Predictions                                                         |
0xdf       |          1 | 0.00 | 0.0	0.0	0.0	0.0	396.0	396.0	

0x10f      |          9 | 0.00 | 0.0	0.0	0.0	91.9	8.1	8.1	

0x11a      |         10 | 0.00 | 0.0	0.0	0.0	0.0	0.0	0.0	

0x129      |          9 | 0.00 | 10000.0	0.0	0.0	0.0	0.0	0.0	



SETTINGS
  + slots:              7
  + time per atom:      100000
  + TD prediction       
    - lambda:           0.0
    - gamma:            0.0
    - alpha:            0.8
    - e_min:            0.0

CYCLE COUNT
  + fastest possible:   4692092
  + slowest possible:   174920220
  + this run:           8866438
    - cycles saved (%): 166053782 (94.9 %)
    - cycles lost (%) : 4174346 (89.0 %)
  + basic ops:          3803891
  + ad-hoc stalls:      2798
    - tot. # specops:   13

EXECUTION COUNT
  + forecast bursts:    30
  + specop execs:       123759
    - HW executions:    119644
    - SW executions:    4115
    - coverage:         96.7 %

ATOM SWAP-IN / SWAP-OUT
  + swap-ins:           67
  + swap-out:           61

BRANCH AND BOUND
  + tot. # possible:    2200
  + tot. # checked:     41
  + checked %:          1.9 %

COUNTS PER 10000 INSTRUCTIONS
fb: forecast bursts
#SI: total # of Special Instructions
#hw: # executed HW-Molecules
#sw: # executed SW-Molecules
la: loaded atoms (finish time [cycle])
s-out: swapped-out atoms
cycle	fb	#SI	#hw	#sw	la	s-out	possible	checked	adhoc_w	adhoc_t
11993	1	0	0	0	 	 	45	3	0
23983	0	0	0	0	 	 	0	0	0
35973	0	0	0	0	 	 	0	0	0
47963	0	0	0	0	 	 	0	0	0
59953	0	0	0	0	 	 	0	0	0
71943	0	0	0	0	 	 	0	0	0
83933	0	0	0	0	 	 	0	0	0
95923	0	0	0	0	 	 	0	0	0
107913	0	0	0	0	atom_CollapseAdd(100,029) 	 	0	0	0
119904	0	0	0	0	 	 	0	0	0
134202	0	18	9	9	 	 	0	0	0
148758	0	20	10	10	 	 	0	0	0
163314	0	20	10	10	 	 	0	0	0
177615	0	18	9	9	 	 	0	0	0
192171	0	20	10	10	 	 	0	0	0
205672	0	20	15	5	atom_PackLBytes(200,029) 	 	0	0	0
218118	0	20	20	0	 	 	0	0	0
230519	0	18	18	0	 	 	0	0	0
242965	0	20	20	0	 	 	0	0	0
255411	0	20	20	0	 	 	0	0	0
267857	0	20	20	0	 	 	0	0	0
280259	0	18	18	0	 	 	0	0	0
292705	0	20	20	0	 	 	0	0	0
305091	0	20	20	0	atom_PackLBytes(300,029) 	 	0	0	0
317387	0	20	20	0	 	 	0	0	0
329653	0	18	18	0	 	 	0	0	0
341949	0	20	20	0	 	 	0	0	0
354245	0	20	20	0	 	 	0	0	0
366511	0	18	18	0	 	 	0	0	0
378807	0	20	20	0	 	 	0	0	0
391103	0	20	20	0	 	 	0	0	0
403381	0	20	20	0	atom_PackLBytes(400,029) 	 	0	0	0
415594	0	18	18	0	 	 	0	0	0
427830	0	20	20	0	 	 	0	0	0
440066	0	20	20	0	 	 	0	0	0
452302	0	20	20	0	 	 	0	0	0
464514	0	18	18	0	 	 	0	0	0
476750	0	20	20	0	 	 	0	0	0
488986	0	20	20	0	 	 	0	0	0
501219	0	20	20	0	atom_PackLBytes(500,029) 	 	0	0	0
513405	0	18	18	0	 	 	0	0	0
525611	0	20	20	0	 	 	0	0	0
537817	0	20	20	0	 	 	0	0	0
550022	0	20	20	0	 	 	0	0	0
562208	0	18	18	0	 	 	0	0	0
574414	0	20	20	0	 	 	0	0	0
586620	0	20	20	0	 	 	0	0	0
598805	0	18	18	0	 	 	0	0	0
610993	0	20	20	0	atom_CollapseAdd(600,029) 	 	0	0	0
623179	0	20	20	0	 	 	0	0	0
672970	1	141	14	127	 	 	7	1	0
855787	0	576	0	576	atom_CollapseAdd(700,029) atom_Cond(800,029) 	atom_CollapseAdd atom_PackLBytes 	0	0	0
920688	0	575	436	139	atom_LF(900,029) 	atom_PackLBytes 	0	0	1
947985	0	576	576	0	 	 	0	0	0
975254	0	575	575	0	 	 	0	0	0
1002339	0	576	576	0	atom_Cond(1,000,029) 	atom_PackLBytes 	0	0	0
1222729	1	579	475	104	atom_SAD4(1,200,029) atom_LF(1,100,029) 	atom_CollapseAdd atom_PackLBytes 	6	1	1
1270111	0	584	584	0	 	 	0	0	0
1310613	0	584	584	0	atom_SAD4(1,300,029) 	atom_Cond 	0	0	0
1339307	0	584	584	0	 	 	0	0	0
1368001	0	584	584	0	 	 	0	0	0
1396695	0	584	584	0	 	 	0	0	0
1425420	0	585	585	0	atom_SAD4(1,400,029) 	atom_CollapseAdd 	0	0	0
1454114	0	584	584	0	 	 	0	0	0
1482808	0	584	584	0	 	 	0	0	0
1507766	0	584	584	0	atom_SAD4(1,500,029) 	 	0	0	1
1527116	0	584	584	0	 	 	0	0	0
1546466	0	584	584	0	 	 	0	0	0
1565831	0	585	585	0	 	 	0	0	0
1585181	0	584	584	0	 	 	0	0	0
1604531	0	584	584	0	 	 	0	0	0
1623881	0	584	584	0	 	 	0	0	0
1643231	0	584	584	0	 	 	0	0	0
1660504	1	282	270	12	 	atom_SAD4 	225	2	0
1674709	0	12	0	12	 	 	0	0	0
1688823	0	10	0	10	 	 	0	0	0
1702937	0	10	0	10	 	 	0	0	0
1717051	0	10	0	10	 	 	0	0	0
1731165	0	10	0	10	 	 	0	0	0
1745279	0	10	0	10	 	 	0	0	0
1759181	0	9	0	9	atom_BytePack(1,752,199) 	atom_SAD4 	0	0	0
1773295	0	10	0	10	 	 	0	0	0
1787409	0	10	0	10	 	 	0	0	0
1805881	1	202	196	6	 	 	7	1	0
1833150	0	575	575	0	 	 	0	0	0
1860447	0	576	576	0	atom_Clip3(1,852,199) 	atom_SAD4 	0	0	0
1887716	0	576	576	0	 	 	0	0	0
1915013	0	575	575	0	 	 	0	0	0
1942311	0	576	576	0	 	 	0	0	0
1985162	1	580	580	0	atom_Cond(1,952,199) 	atom_Clip3 	6	1	0
2032544	0	584	584	0	 	 	0	0	0
2069005	0	584	584	0	atom_SAD4(2,052,199) 	atom_BytePack 	0	0	1
2097699	0	584	584	0	 	 	0	0	0
2126423	0	585	585	0	 	 	0	0	0
2155117	0	584	584	0	atom_SAD4(2,152,199) 	 	0	0	0
2183811	0	584	584	0	 	 	0	0	0
2212505	0	584	584	0	 	 	0	0	0
2241199	0	584	584	0	 	 	0	0	0
2269893	0	584	584	0	 	 	0	0	0
2298618	0	585	585	0	 	 	0	0	0
2327312	0	584	584	0	 	 	0	0	0
2356006	0	584	584	0	 	 	0	0	0
2384700	0	584	584	0	 	 	0	0	0
2413394	0	584	584	0	 	 	0	0	0
2442088	0	584	584	0	 	 	0	0	0
2470782	0	584	584	0	 	 	0	0	0
2490687	1	214	200	14	 	atom_Cond 	225	2	0
2505204	0	14	0	14	 	 	0	0	0
2519107	0	9	0	9	 	 	0	0	0
2533221	0	10	0	10	 	 	0	0	0
2547335	0	10	0	10	 	 	0	0	0
2561449	0	10	0	10	 	 	0	0	0
2575563	0	10	0	10	 	 	0	0	0
2589677	0	10	0	10	atom_BytePack(2,580,619) 	atom_LF 	0	0	0
2603580	0	9	0	9	 	 	0	0	0
2617694	0	10	0	10	 	 	0	0	0
2637760	1	269	264	5	 	 	7	1	0
2665057	0	576	576	0	 	 	0	0	0
2692326	0	575	575	0	atom_Clip3(2,680,619) 	atom_Clip3 	0	0	0
2719623	0	576	576	0	 	 	0	0	0
2746892	0	575	575	0	 	 	0	0	0
2774189	0	576	576	0	 	 	0	0	0
2802679	1	581	581	0	atom_Cond(2,780,619) 	atom_BytePack 	6	1	0
2831373	0	584	584	0	 	 	0	0	0
2860097	0	585	585	0	 	 	0	0	0
2886133	0	584	584	0	atom_SAD4(2,880,619) 	 	0	0	1
2905483	0	584	584	0	 	 	0	0	0
2924833	0	584	584	0	 	 	0	0	0
2944183	0	584	584	0	 	 	0	0	0
2963533	0	584	584	0	 	 	0	0	0
2982898	0	585	585	0	 	 	0	0	0
3002248	0	584	584	0	 	 	0	0	0
3021598	0	584	584	0	 	 	0	0	0
3040948	0	584	584	0	 	 	0	0	0
3060298	0	584	584	0	 	 	0	0	0
3079648	0	584	584	0	 	 	0	0	0
3098998	0	584	584	0	 	 	0	0	0
3118348	0	584	584	0	 	 	0	0	0
3137698	0	584	584	0	 	 	0	0	0
3153644	1	145	131	14	 	atom_SAD4 	225	2	0
3167758	0	10	0	10	 	 	0	0	0
3181872	0	10	0	10	 	 	0	0	0
3195774	0	9	0	9	 	 	0	0	0
3209888	0	10	0	10	 	 	0	0	0
3224002	0	10	0	10	 	 	0	0	0
3238116	0	10	0	10	 	 	0	0	0
3252230	0	10	0	10	atom_BytePack(3,242,045) 	atom_Cond 	0	0	0
3266344	0	10	0	10	 	 	0	0	0
3280247	0	9	0	9	 	 	0	0	0
3301987	1	339	335	4	 	 	7	1	0
3329285	0	576	576	0	 	 	0	0	0
3356554	0	575	575	0	atom_Clip3(3,342,045) 	atom_Clip3 	0	0	0
3383851	0	576	576	0	 	 	0	0	0
3411120	0	575	575	0	 	 	0	0	0
3438385	1	574	574	0	 	 	6	1	0
3467110	0	585	585	0	atom_Cond(3,442,045) 	atom_LF 	0	0	0
3495804	0	584	584	0	 	 	0	0	0
3524498	0	584	584	0	 	 	0	0	0
3549560	0	584	584	0	atom_SAD4(3,542,045) 	 	0	0	0
3568910	0	584	584	0	 	 	0	0	0
3588260	0	584	584	0	 	 	0	0	0
3607610	0	584	584	0	 	 	0	0	0
3626960	0	584	584	0	 	 	0	0	0
3646310	0	584	584	0	 	 	0	0	0
3665660	0	584	584	0	 	 	0	0	0
3685010	0	584	584	0	 	 	0	0	0
3704360	0	584	584	0	 	 	0	0	0
3723710	0	584	584	0	 	 	0	0	0
3743074	0	585	585	0	 	 	0	0	0
3762424	0	584	584	0	 	 	0	0	0
3781774	0	584	584	0	 	 	0	0	0
3801124	0	584	584	0	 	 	0	0	0
3816476	1	75	59	16	 	atom_SAD4 	225	2	0
3830590	0	10	0	10	 	 	0	0	0
3844704	0	10	0	10	 	 	0	0	0
3858818	0	10	0	10	 	 	0	0	0
3872720	0	9	0	9	 	 	0	0	0
3886835	0	10	0	10	 	 	0	0	0
3900949	0	10	0	10	 	 	0	0	0
3915063	0	10	0	10	atom_Clip3(3,903,089) 	atom_SAD4 	0	0	0
3929177	0	10	0	10	 	 	0	0	0
3943291	0	10	0	10	 	 	0	0	0
4076116	1	408	0	408	atom_PointFilter(4,003,089) 	atom_SAD4 	7	1	0
4124374	0	575	490	85	atom_LF(4,103,089) 	atom_Clip3 	0	0	0
4149368	0	576	576	0	 	 	0	0	0
4174336	0	575	575	0	 	 	0	0	0
4199330	0	576	576	0	 	 	0	0	0
4369987	1	575	492	83	atom_LF(4,203,089) atom_LF(4,303,089) 	atom_SAD4 atom_LF 	6	1	0
4448986	0	584	566	18	atom_SAD4(4,403,089) 	atom_PointFilter 	0	0	1
4496368	0	584	584	0	 	 	0	0	0
4527718	0	584	584	0	atom_SAD4(4,503,089) 	atom_Cond 	0	0	0
4556412	0	584	584	0	 	 	0	0	0
4585106	0	584	584	0	 	 	0	0	0
4613800	0	584	584	0	atom_SAD4(4,603,089) 	atom_LF 	0	0	0
4642494	0	584	584	0	 	 	0	0	0
4671188	0	584	584	0	 	 	0	0	0
4699882	0	584	584	0	 	 	0	0	0
4720280	0	584	584	0	atom_SAD4(4,703,089) 	 	0	0	1
4739630	0	584	584	0	 	 	0	0	0
4758994	0	585	585	0	 	 	0	0	0
4778344	0	584	584	0	 	 	0	0	0
4797694	0	584	584	0	 	 	0	0	0
4817044	0	584	584	0	 	 	0	0	0
4836394	0	584	584	0	 	 	0	0	0
4855907	1	574	572	2	 	atom_LF 	225	2	0
4870314	0	14	0	14	 	 	0	0	0
4884428	0	10	0	10	 	 	0	0	0
4898542	0	10	0	10	 	 	0	0	0
4912656	0	10	0	10	 	 	0	0	0
4926770	0	10	0	10	 	 	0	0	0
4940884	0	10	0	10	 	 	0	0	0
4954786	0	9	0	9	 	 	0	0	0
4968900	0	10	0	10	atom_Clip3(4,955,351) 	atom_SAD4 	0	0	0
4983014	0	10	0	10	 	 	0	0	0
4997128	0	10	0	10	 	 	0	0	0
5150499	1	478	0	478	atom_PointFilter(5,055,351) 	atom_BytePack 	7	1	0
5181931	0	575	561	14	atom_LF(5,155,351) 	atom_SAD4 	0	0	1
5209229	0	576	576	0	 	 	0	0	0
5236497	0	575	575	0	 	 	0	0	0
5263795	0	576	576	0	atom_LF(5,255,351) 	atom_Clip3 	0	0	0
5291375	1	575	575	0	 	 	6	1	0
5320069	0	584	584	0	 	 	0	0	0
5348763	0	584	584	0	 	 	0	0	0
5377457	0	584	584	0	atom_LF(5,355,351) 	atom_LF 	0	0	0
5406181	0	585	585	0	 	 	0	0	0
5434875	0	584	584	0	 	 	0	0	0
5463569	0	584	584	0	atom_SAD4(5,455,351) 	atom_Cond 	0	0	0
5492263	0	584	584	0	 	 	0	0	0
5520957	0	584	584	0	 	 	0	0	0
5549651	0	584	584	0	 	 	0	0	0
5570872	0	585	585	0	atom_SAD4(5,555,351) 	 	0	0	0
5590222	0	584	584	0	 	 	0	0	0
5609572	0	584	584	0	 	 	0	0	0
5628922	0	584	584	0	 	 	0	0	0
5648272	0	584	584	0	 	 	0	0	0
5667622	0	584	584	0	 	 	0	0	0
5686972	0	584	584	0	 	 	0	0	0
5705890	1	504	500	4	 	atom_LF 	225	2	0
5720205	0	12	0	12	 	 	0	0	0
5734108	0	9	0	9	 	 	0	0	0
5748222	0	10	0	10	 	 	0	0	0
5762336	0	10	0	10	 	 	0	0	0
5776450	0	10	0	10	 	 	0	0	0
5790564	0	10	0	10	 	 	0	0	0
5804678	0	10	0	10	atom_BytePack(5,803,546) 	atom_SAD4 	0	0	0
5818580	0	9	0	9	 	 	0	0	0
5832694	0	10	0	10	 	 	0	0	0
5846808	0	10	0	10	 	 	0	0	0
6006200	1	548	56	492	atom_Clip3(5,903,546) atom_Cond(6,003,546) 	atom_SAD4 atom_SAD4 	7	1	0
6033469	0	575	575	0	 	 	0	0	0
6060766	0	576	576	0	 	 	0	0	0
6088035	0	575	575	0	 	 	0	0	0
6114340	0	576	576	0	atom_Cond(6,103,546) 	atom_PointFilter 	0	0	0
6147987	1	577	577	0	 	 	6	1	0
6195369	0	584	584	0	 	 	0	0	0
6242814	0	585	585	0	atom_LF(6,203,546) 	atom_Cond 	0	0	0
6290196	0	584	584	0	 	 	0	0	0
6324165	0	584	584	0	atom_SAD4(6,303,546) 	atom_LF 	0	0	1
6352859	0	584	584	0	 	 	0	0	0
6381553	0	584	584	0	 	 	0	0	0
6410247	0	584	584	0	atom_SAD4(6,403,546) 	 	0	0	0
6438941	0	584	584	0	 	 	0	0	0
6467635	0	584	584	0	 	 	0	0	0
6496329	0	584	584	0	 	 	0	0	0
6525023	0	584	584	0	 	 	0	0	0
6553717	0	584	584	0	 	 	0	0	0
6582411	0	584	584	0	 	 	0	0	0
6611105	0	584	584	0	 	 	0	0	0
6639829	0	585	585	0	 	 	0	0	0
6668523	0	584	584	0	 	 	0	0	0
6693668	1	433	427	6	 	atom_LF 	225	2	0
6708185	0	14	0	14	 	 	0	0	0
6722299	0	10	0	10	 	 	0	0	0
6736201	0	9	0	9	 	 	0	0	0
6750315	0	10	0	10	 	 	0	0	0
6764429	0	10	0	10	 	 	0	0	0
6778543	0	10	0	10	 	 	0	0	0
6792259	0	10	2	8	atom_PointFilter(6,789,513) 	atom_SAD4 	0	0	0
6804383	0	10	10	0	 	 	0	0	0
6816495	0	9	9	0	 	 	0	0	0
6841358	1	52	9	43	 	 	7	1	0
6994684	0	575	109	466	atom_PointFilter(6,889,513) atom_LF(6,989,513) 	atom_PointFilter atom_SAD4 	0	0	1
7021981	0	576	576	0	 	 	0	0	0
7049250	0	575	575	0	 	 	0	0	0
7076547	0	576	576	0	 	 	0	0	0
7103816	0	575	575	0	atom_LF(7,089,513) 	atom_SAD4 	0	0	0
7306052	1	579	484	95	atom_SAD4(7,289,513) atom_LF(7,189,513) 	atom_PointFilter atom_LF 	6	1	1
7353434	0	584	584	0	 	 	0	0	0
7396368	0	584	584	0	atom_SAD4(7,389,513) 	atom_Clip3 	0	0	0
7425062	0	584	584	0	 	 	0	0	0
7453756	0	584	584	0	 	 	0	0	0
7482450	0	584	584	0	 	 	0	0	0
7511144	0	584	584	0	atom_SAD4(7,489,513) 	atom_LF 	0	0	0
7539869	0	585	585	0	 	 	0	0	0
7568563	0	584	584	0	 	 	0	0	0
7594737	0	584	584	0	atom_SAD4(7,589,513) 	 	0	0	1
7614087	0	584	584	0	 	 	0	0	0
7633437	0	584	584	0	 	 	0	0	0
7652787	0	584	584	0	 	 	0	0	0
7672137	0	584	584	0	 	 	0	0	0
7691487	0	584	584	0	 	 	0	0	0
7710837	0	584	584	0	 	 	0	0	0
7730187	0	584	584	0	 	 	0	0	0
7747918	1	364	356	8	 	atom_SAD4 	225	2	0
7762537	0	15	0	15	 	 	0	0	0
7776651	0	10	0	10	 	 	0	0	0
7790765	0	10	0	10	 	 	0	0	0
7804668	0	9	0	9	 	 	0	0	0
7818781	0	10	0	10	 	 	0	0	0
7832895	0	10	0	10	 	 	0	0	0
7847009	0	10	0	10	atom_Clip3(7,841,986) 	atom_SAD4 	0	0	0
7861123	0	10	0	10	 	 	0	0	0
7875237	0	10	0	10	 	 	0	0	0
7891690	1	119	112	7	 	 	7	1	0
7918988	0	576	576	0	 	 	0	0	0
7946256	0	575	575	0	atom_PointFilter(7,941,986) 	atom_SAD4 	0	0	0
7973554	0	576	576	0	 	 	0	0	0
8000822	0	575	575	0	 	 	0	0	0
8028120	0	576	576	0	 	 	0	0	0
8068052	1	579	579	0	atom_Cond(8,041,986) 	atom_Clip3 	6	1	0
8115434	0	584	584	0	 	 	0	0	0
8154608	0	584	584	0	atom_SAD4(8,141,986) 	atom_BytePack 	0	0	1
8183302	0	584	584	0	 	 	0	0	0
8211996	0	584	584	0	 	 	0	0	0
8240721	0	585	585	0	 	 	0	0	0
8269415	0	584	584	0	atom_SAD4(8,241,986) 	 	0	0	0
8298109	0	584	584	0	 	 	0	0	0
8326803	0	584	584	0	 	 	0	0	0
8355497	0	584	584	0	 	 	0	0	0
8384191	0	584	584	0	 	 	0	0	0
8412885	0	584	584	0	 	 	0	0	0
8441579	0	584	584	0	 	 	0	0	0
8470273	0	584	584	0	 	 	0	0	0
8498967	0	584	584	0	 	 	0	0	0
8527661	0	584	584	0	 	 	0	0	0
8556355	0	584	584	0	 	 	0	0	0
8578095	1	296	286	10	 	atom_Cond 	225	2	0
8592511	0	13	0	13	 	 	0	0	0
8606625	0	10	0	10	 	 	0	0	0
8620739	0	10	0	10	 	 	0	0	0
8634853	0	10	0	10	 	 	0	0	0
8648967	0	10	0	10	 	 	0	0	0
8662869	0	9	0	9	 	 	0	0	0
8676983	0	10	0	10	atom_BytePack(8,670,406) 	atom_SAD4 	0	0	0
8691097	0	10	0	10	 	 	0	0	0
8705211	0	10	0	10	 	 	0	0	0
8723312	1	188	182	6	 	 	7	1	0
8750581	0	575	575	0	 	 	0	0	0
8777878	0	576	576	0	atom_Clip3(8,770,406) 	atom_BytePack 	0	0	0
8805147	0	576	576	0	 	 	0	0	0
8832444	0	575	575	0	 	 	0	0	0
8859742	0	576	576	0	 	 	0	0	0
ATOMS
  [atom_PackLSBMSB], needed/available: 0/0 swap-ins/evictions: 0/0 
  [atom_Transform], needed/available: 0/0 swap-ins/evictions: 0/0 
  [atom_BytePack], needed/available: 0/0 swap-ins/evictions: 5/5 
  [atom_PointFilter], needed/available: 0/1 swap-ins/evictions: 5/4 
  [atom_CollapseAdd], needed/available: 0/0 swap-ins/evictions: 3/3 
  [atom_PackLBytes], needed/available: 0/0 swap-ins/evictions: 4/4 
  [atom_Clip3], needed/available: 0/1 swap-ins/evictions: 8/7 
  [atom_SAD4], needed/available: 4/2 swap-ins/evictions: 22/20 --> MotionEstimation_HW_02 
  [atom_Cond], needed/available: 0/1 swap-ins/evictions: 8/7 running (3969) 
  [atom_LF], needed/available: 0/1 swap-ins/evictions: 12/11 
MOLECULES
  <0>	*MotionEstimation_HW_00: 1x[atom_SAD4]  (L, Execs)=	64	8403
  <0>	*MotionEstimation_HW_01: 2x[atom_SAD4]  (L, Execs)=	32	47263
  <0>	 MotionEstimation_HW_02: 4x[atom_SAD4]  (L, Execs)=	16	34034
  <0>	 MotionEstimation_HW_03: 8x[atom_SAD4]  (L, Execs)=	8	0
  <0>	 MotionEstimation_HW_04: 16x[atom_SAD4]  (L, Execs)=	4	0
  <0>	*MotionEstimation_SW :  (L, Execs)=	1791	300
  <1>	 HT_2X2_HW_00        : 1x[atom_Transform]  (L, Execs)=	5	0
  <1>	*HT_2X2_SW           :  (L, Execs)=	100	0
  <2>	 HT_4X4_HW_00        : 1x[atom_Transform] 1x[atom_PackLSBMSB]  (L, Execs)=	22	0
  <2>	 HT_4X4_HW_01        : 2x[atom_Transform] 1x[atom_PackLSBMSB]  (L, Execs)=	17	0
  <2>	 HT_4X4_HW_02        : 1x[atom_Transform] 2x[atom_PackLSBMSB]  (L, Execs)=	17	0
  <2>	 HT_4X4_HW_03        : 2x[atom_Transform] 2x[atom_PackLSBMSB]  (L, Execs)=	12	0
  <2>	 HT_4X4_HW_04        : 2x[atom_Transform] 4x[atom_PackLSBMSB]  (L, Execs)=	11	0
  <2>	 HT_4X4_HW_05        : 4x[atom_Transform] 4x[atom_PackLSBMSB]  (L, Execs)=	8	0
  <2>	*HT_4X4_SW           :  (L, Execs)=	100	0
  <3>	 MC_Hz4_HW_00        : 1x[atom_Clip3] 1x[atom_PointFilter] 1x[atom_BytePack]  (L, Execs)=	16	30
  <3>	 MC_Hz4_HW_01        : 1x[atom_Clip3] 2x[atom_PointFilter] 1x[atom_BytePack]  (L, Execs)=	14	0
  <3>	 MC_Hz4_HW_02        : 1x[atom_Clip3] 2x[atom_PointFilter] 2x[atom_BytePack]  (L, Execs)=	12	0
  <3>	 MC_Hz4_HW_03        : 2x[atom_Clip3] 2x[atom_PointFilter] 3x[atom_BytePack]  (L, Execs)=	10	0
  <3>	*MC_Hz4_SW           :  (L, Execs)=	215	803
  <4>	 IPred_HDC16x16_HW_00: 1x[atom_PackLBytes] 1x[atom_CollapseAdd]  (L, Execs)=	38	79
  <4>	 IPred_HDC16x16_HW_01: 2x[atom_PackLBytes] 1x[atom_CollapseAdd]  (L, Execs)=	23	79
  <4>	 IPred_HDC16x16_HW_02: 3x[atom_PackLBytes] 1x[atom_CollapseAdd]  (L, Execs)=	17	80
  <4>	 IPred_HDC16x16_HW_03: 4x[atom_PackLBytes] 1x[atom_CollapseAdd]  (L, Execs)=	14	105
  <4>	 IPred_HDC16x16_HW_04: 5x[atom_PackLBytes] 1x[atom_CollapseAdd]  (L, Execs)=	13	0
  <4>	 IPred_HDC16x16_HW_05: 6x[atom_PackLBytes] 1x[atom_CollapseAdd]  (L, Execs)=	12	0
  <4>	 IPred_HDC16x16_HW_06: 6x[atom_PackLBytes] 2x[atom_CollapseAdd]  (L, Execs)=	11	0
  <4>	 IPred_HDC16x16_HW_07: 8x[atom_PackLBytes] 2x[atom_CollapseAdd]  (L, Execs)=	11	0
  <4>	 IPred_HDC16x16_HW_08: 10x[atom_PackLBytes] 2x[atom_CollapseAdd]  (L, Execs)=	10	0
  <4>	*IPred_HDC16x16_SW   :  (L, Execs)=	249	120
  <5>	 IPred_VDC16x16_HW_00: 1x[atom_CollapseAdd]  (L, Execs)=	12	370
  <5>	 IPred_VDC16x16_HW_01: 2x[atom_CollapseAdd]  (L, Execs)=	10	26
  <5>	 IPred_VDC16x16_HW_02: 3x[atom_CollapseAdd]  (L, Execs)=	8	0
  <5>	 IPred_VDC16x16_HW_03: 4x[atom_CollapseAdd]  (L, Execs)=	7	0
  <5>	*IPred_VDC16x16_SW   :  (L, Execs)=	69	67
  <6>	*LoopFilter_HW_00    : 1x[atom_Cond] 1x[atom_LF]  (L, Execs)=	30	25620
  <6>	 LoopFilter_HW_01    : 2x[atom_Cond] 1x[atom_LF]  (L, Execs)=	26	3150
  <6>	 LoopFilter_HW_02    : 2x[atom_Cond] 2x[atom_LF]  (L, Execs)=	24	405
  <6>	 LoopFilter_HW_03    : 4x[atom_Cond] 2x[atom_LF]  (L, Execs)=	20	0
  <6>	 LoopFilter_HW_04    : 2x[atom_Cond] 4x[atom_LF]  (L, Execs)=	18	0
  <6>	 LoopFilter_HW_05    : 4x[atom_Cond] 4x[atom_LF]  (L, Execs)=	16	0
  <6>	*LoopFilter_SW       :  (L, Execs)=	300	2825

The asterisk indicates the currently available Molecules (maybe multiple) for each Special Instruction

