****** Source Program List ******
LineNo	LC	Code		Source Program 
1				.section	.data
2				;.global	_lin
3			_lin:
4	0000	61		.data.8	97
5	0001	73		.data.8	115
6	0002	64		.data.8	100
7	0003	66		.data.8	102
8	0004	66		.data.8	102
9	0005	65		.data.8	101
10	0006	61		.data.8	97
11	0007	67		.data.8	103
12	0008	65		.data.8	101
13	0009	77		.data.8	119
14	000a	61		.data.8	97
15	000b	48		.data.8	72
16	000c	41		.data.8	65
17	000d	46		.data.8	70
18	000e	45		.data.8	69
19	000f	46		.data.8	70
20	0010	61		.data.8	97
21	0011	65		.data.8	101
22	0012	44		.data.8	68
23	0013	73		.data.8	115
24	0014	46		.data.8	70
25	0015	45		.data.8	69
26	0016	61		.data.8	97
27	0017	77		.data.8	119
28	0018	46		.data.8	70
29	0019	64		.data.8	100
30	001a	73		.data.8	115
31	001b	46		.data.8	70
32	001c	61		.data.8	97
33	001d	65		.data.8	101
34	001e	66		.data.8	102
35	001f	61		.data.8	97
36	0020	65		.data.8	101
37	0021	65		.data.8	101
38	0022	72		.data.8	114
39	0023	64		.data.8	100
40	0024	6a		.data.8	106
41	0025	67		.data.8	103
42	0026	70		.data.8	112
43	0027	00		.space	1
44	0028	00		.space	1
45	0029	00		.space	1
46				;.global	_icrctb
47				.align	2
48			_icrctb:
49	002a	00000000		.space	512
	002e	00000000
	0032	00000000
	0036	00000000
	003a	00000000
	003e	00000000
	0042	00000000
	0046	00000000
	004a	00000000
	004e	00000000
	0052	00000000
	0056	00000000
	005a	00000000
	005e	00000000
	0062	00000000
	0066	00000000
	006a	00000000
	006e	00000000
	0072	00000000
	0076	00000000
	007a	00000000
	007e	00000000
	0082	00000000
	0086	00000000
	008a	00000000
	008e	00000000
	0092	00000000
	0096	00000000
	009a	00000000
	009e	00000000
	00a2	00000000
	00a6	00000000
	00aa	00000000
	00ae	00000000
	00b2	00000000
	00b6	00000000
	00ba	00000000
	00be	00000000
	00c2	00000000
	00c6	00000000
	00ca	00000000
	00ce	00000000
	00d2	00000000
	00d6	00000000
	00da	00000000
	00de	00000000
	00e2	00000000
	00e6	00000000
	00ea	00000000
	00ee	00000000
	00f2	00000000
	00f6	00000000
	00fa	00000000
	00fe	00000000
	0102	00000000
	0106	00000000
	010a	00000000
	010e	00000000
	0112	00000000
	0116	00000000
	011a	00000000
	011e	00000000
	0122	00000000
	0126	00000000
	012a	00000000
	012e	00000000
	0132	00000000
	0136	00000000
	013a	00000000
	013e	00000000
	0142	00000000
	0146	00000000
	014a	00000000
	014e	00000000
	0152	00000000
	0156	00000000
	015a	00000000
	015e	00000000
	0162	00000000
	0166	00000000
	016a	00000000
	016e	00000000
	0172	00000000
	0176	00000000
	017a	00000000
	017e	00000000
	0182	00000000
	0186	00000000
	018a	00000000
	018e	00000000
	0192	00000000
	0196	00000000
	019a	00000000
	019e	00000000
	01a2	00000000
	01a6	00000000
	01aa	00000000
	01ae	00000000
	01b2	00000000
	01b6	00000000
	01ba	00000000
	01be	00000000
	01c2	00000000
	01c6	00000000
	01ca	00000000
	01ce	00000000
	01d2	00000000
	01d6	00000000
	01da	00000000
	01de	00000000
	01e2	00000000
	01e6	00000000
	01ea	00000000
	01ee	00000000
	01f2	00000000
	01f6	00000000
	01fa	00000000
	01fe	00000000
	0202	00000000
	0206	00000000
	020a	00000000
	020e	00000000
	0212	00000000
	0216	00000000
	021a	00000000
	021e	00000000
	0222	00000000
	0226	00000000
50				.align	4
51			L1:
52	022c	00000000		.space	4
53			L2:
54	0230	00000000		.space	256
	0234	00000000
	0238	00000000
	023c	00000000
	0240	00000000
	0244	00000000
	0248	00000000
	024c	00000000
	0250	00000000
	0254	00000000
	0258	00000000
	025c	00000000
	0260	00000000
	0264	00000000
	0268	00000000
	026c	00000000
	0270	00000000
	0274	00000000
	0278	00000000
	027c	00000000
	0280	00000000
	0284	00000000
	0288	00000000
	028c	00000000
	0290	00000000
	0294	00000000
	0298	00000000
	029c	00000000
	02a0	00000000
	02a4	00000000
	02a8	00000000
	02ac	00000000
	02b0	00000000
	02b4	00000000
	02b8	00000000
	02bc	00000000
	02c0	00000000
	02c4	00000000
	02c8	00000000
	02cc	00000000
	02d0	00000000
	02d4	00000000
	02d8	00000000
	02dc	00000000
	02e0	00000000
	02e4	00000000
	02e8	00000000
	02ec	00000000
	02f0	00000000
	02f4	00000000
	02f8	00000000
	02fc	00000000
	0300	00000000
	0304	00000000
	0308	00000000
	030c	00000000
	0310	00000000
	0314	00000000
	0318	00000000
	031c	00000000
	0320	00000000
	0324	00000000
	0328	00000000
	032c	00000000
55			L3:
56	0330	00		.space	1
57	0331	08		.data.8	8
58	0332	04		.data.8	4
59	0333	0c		.data.8	12
60	0334	02		.data.8	2
61	0335	0a		.data.8	10
62	0336	06		.data.8	6
63	0337	0e		.data.8	14
64	0338	01		.data.8	1
65	0339	09		.data.8	9
66	033a	05		.data.8	5
67	033b	0d		.data.8	13
68	033c	03		.data.8	3
69	033d	0b		.data.8	11
70	033e	07		.data.8	7
71	033f	0f		.data.8	15
72				;.global	_i1
73				.align	2
74			_i1:
75	0340	0000		.space	2
76				;.global	_i2
77				.align	2
78			_i2:
79	0342	0000		.space	2
80				.section	.text
81				.addressing	Word
82			_start:
83	0000	03def026		xor	%GPR30, %GPR30, %GPR30
84	0001	03bde826		xor	%GPR29, %GPR29, %GPR29
85	0002	039ce026		xor	%GPR28, %GPR28, %GPR28
86	0003	00000000		nop
87	0004	27de0003		addui	%GPR30, %GPR30, $3
88	0005	27bd0003		addui	%GPR29, %GPR29, $3
89	0006	00000000		nop
90	0007	00000000		nop
91	0008	43de000c		slli	%GPR30, %GPR30, $12
92	0009	43bd000c		slli	%GPR29, %GPR29, $12
93	000a	00000000		nop
94	000b	00000000		nop
95	000c	00000000		nop
96	000d	afbefffc		sw	-4(%GPR29), %GPR30
97	000e	afbffff8		sw	-8(%GPR29), %GPR31
98	000f	23ddfff8		addi	%GPR29, %GPR30, $-8
99	0010	0c000268		jal	main	
100	0011	00000000		nop
101	0012	afa10000		sw	0(%GPR29), %GPR1
102	0013	0c000406		jal	exit	
103	0014	00000000		nop
104			icrc1:
105			L4:
106	0015	00000000		nop
107	0016	00000000		nop
108	0017	00000000		nop
109	0018	afbefffc		sw	-4(%GPR29),%GPR30	
110	0019	afbf0000		sw	0(%GPR29),%GPR31	
111	001a	2fbe0004		subui	%GPR30,%GPR29,$4	
112	001b	2bbd0008		subi	%GPR29,%GPR29,$8	
113	001c	00000000		nop
114	001d	00000000		nop
115	001e	00000000		nop
116	001f	40430008		slli	%GPR3,%GPR2,$8	
117	0020	3c020000		lhi	%GPR2,$0	
118	0021	00000000		nop
119	0022	00000000		nop
120	0023	00000000		nop
121	0024	34420008		ori	%GPR2,%GPR2,$8	
122	0025	00000000		nop
123	0026	00000000		nop
124	0027	00000000		nop
125	0028	0061e026		xor	%GPR28,%GPR3,%GPR1	
126	0029	00000000		nop
127	002a	00000000		nop
128	002b	00000000		nop
129			L5:
130	002c	33818000		andi	%GPR1,%GPR28,$32768	
131	002d	00000000		nop
132	002e	00000000		nop
133	002f	00000000		nop
134	0030	3c030000		lhi	%GPR3,$0	
135	0031	00000000		nop
136	0032	00000000		nop
137	0033	00000000		nop
138	0034	34630000		ori	%GPR3,%GPR3,$0	
139	0035	00000000		nop
140	0036	00000000		nop
141	0037	00000000		nop
142	0038	0023d82f		sne	%GPR27,%GPR1,%GPR3	
143	0039	00000000		nop
144	003a	00000000		nop
145	003b	00000000		nop
146	003c	17600008		bnez	%GPR27,L6	
147	003d	00000000		nop
148	003e	00000000		nop
149	003f	00000000		nop
150	0040	08000090		j	L14	
151	0041	00000000		nop
152	0042	00000000		nop
153	0043	00000000		nop
154			L6:
155	0044	00000000		nop
156	0045	00000000		nop
157	0046	00000000		nop
158	0047	43810001		slli	%GPR1,%GPR28,$1	
159	0048	00000000		nop
160	0049	00000000		nop
161	004a	00000000		nop
162	004b	38211021		xori	%GPR1,%GPR1,$4129	
163	004c	00000000		nop
164	004d	00000000		nop
165	004e	00000000		nop
166			L7:
167	004f	30238000		andi	%GPR3,%GPR1,$32768	
168	0050	00000000		nop
169	0051	00000000		nop
170	0052	00000000		nop
171	0053	3c040000		lhi	%GPR4,$0	
172	0054	00000000		nop
173	0055	00000000		nop
174	0056	00000000		nop
175	0057	34840000		ori	%GPR4,%GPR4,$0	
176	0058	00000000		nop
177	0059	00000000		nop
178	005a	00000000		nop
179	005b	0064d82f		sne	%GPR27,%GPR3,%GPR4	
180	005c	00000000		nop
181	005d	00000000		nop
182	005e	00000000		nop
183	005f	17600008		bnez	%GPR27,L8	
184	0060	00000000		nop
185	0061	00000000		nop
186	0062	00000000		nop
187	0063	08000075		j	L15	
188	0064	00000000		nop
189	0065	00000000		nop
190	0066	00000000		nop
191			L8:
192	0067	00000000		nop
193	0068	00000000		nop
194	0069	00000000		nop
195	006a	40210001		slli	%GPR1,%GPR1,$1	
196	006b	00000000		nop
197	006c	00000000		nop
198	006d	00000000		nop
199	006e	38211021		xori	%GPR1,%GPR1,$4129	
200	006f	00000000		nop
201	0070	00000000		nop
202	0071	00000000		nop
203			L9:
204	0072	30238000		andi	%GPR3,%GPR1,$32768	
205	0073	00000000		nop
206	0074	00000000		nop
207	0075	00000000		nop
208	0076	3c040000		lhi	%GPR4,$0	
209	0077	00000000		nop
210	0078	00000000		nop
211	0079	00000000		nop
212	007a	34840000		ori	%GPR4,%GPR4,$0	
213	007b	00000000		nop
214	007c	00000000		nop
215	007d	00000000		nop
216	007e	0064d82f		sne	%GPR27,%GPR3,%GPR4	
217	007f	00000000		nop
218	0080	00000000		nop
219	0081	00000000		nop
220	0082	17600008		bnez	%GPR27,L10	
221	0083	00000000		nop
222	0084	00000000		nop
223	0085	00000000		nop
224	0086	0800005a		j	L16	
225	0087	00000000		nop
226	0088	00000000		nop
227	0089	00000000		nop
228			L10:
229	008a	00000000		nop
230	008b	00000000		nop
231	008c	00000000		nop
232	008d	40210001		slli	%GPR1,%GPR1,$1	
233	008e	00000000		nop
234	008f	00000000		nop
235	0090	00000000		nop
236	0091	38211021		xori	%GPR1,%GPR1,$4129	
237	0092	00000000		nop
238	0093	00000000		nop
239	0094	00000000		nop
240			L11:
241	0095	30238000		andi	%GPR3,%GPR1,$32768	
242	0096	00000000		nop
243	0097	00000000		nop
244	0098	00000000		nop
245	0099	3c040000		lhi	%GPR4,$0	
246	009a	00000000		nop
247	009b	00000000		nop
248	009c	00000000		nop
249	009d	34840000		ori	%GPR4,%GPR4,$0	
250	009e	00000000		nop
251	009f	00000000		nop
252	00a0	00000000		nop
253	00a1	0064d82f		sne	%GPR27,%GPR3,%GPR4	
254	00a2	00000000		nop
255	00a3	00000000		nop
256	00a4	00000000		nop
257	00a5	17600008		bnez	%GPR27,L12	
258	00a6	00000000		nop
259	00a7	00000000		nop
260	00a8	00000000		nop
261	00a9	0800003f		j	L17	
262	00aa	00000000		nop
263	00ab	00000000		nop
264	00ac	00000000		nop
265			L12:
266	00ad	00000000		nop
267	00ae	00000000		nop
268	00af	00000000		nop
269	00b0	40210001		slli	%GPR1,%GPR1,$1	
270	00b1	00000000		nop
271	00b2	00000000		nop
272	00b3	00000000		nop
273	00b4	383c1021		xori	%GPR28,%GPR1,$4129	
274	00b5	00000000		nop
275	00b6	00000000		nop
276	00b7	00000000		nop
277			L13:
278	00b8	2042fffc		addi	%GPR2,%GPR2,$-4	
279	00b9	00000000		nop
280	00ba	00000000		nop
281	00bb	00000000		nop
282	00bc	3c010000		lhi	%GPR1,$0	
283	00bd	00000000		nop
284	00be	00000000		nop
285	00bf	00000000		nop
286	00c0	34210000		ori	%GPR1,%GPR1,$0	
287	00c1	00000000		nop
288	00c2	00000000		nop
289	00c3	00000000		nop
290	00c4	0041d82b		sgt	%GPR27,%GPR2,%GPR1	
291	00c5	00000000		nop
292	00c6	00000000		nop
293	00c7	00000000		nop
294	00c8	1760ff64		bnez	%GPR27,L5	
295	00c9	00000000		nop
296	00ca	00000000		nop
297	00cb	00000000		nop
298	00cc	08000024		j	L18	
299	00cd	00000000		nop
300	00ce	00000000		nop
301	00cf	00000000		nop
302			L14:
303	00d0	00000000		nop
304	00d1	00000000		nop
305	00d2	00000000		nop
306	00d3	43810001		slli	%GPR1,%GPR28,$1	
307	00d4	0bffff7b		j	L7	
308	00d5	00000000		nop
309	00d6	00000000		nop
310	00d7	00000000		nop
311			L15:
312	00d8	00000000		nop
313	00d9	00000000		nop
314	00da	00000000		nop
315	00db	40210001		slli	%GPR1,%GPR1,$1	
316	00dc	0bffff96		j	L9	
317	00dd	00000000		nop
318	00de	00000000		nop
319	00df	00000000		nop
320			L16:
321	00e0	00000000		nop
322	00e1	00000000		nop
323	00e2	00000000		nop
324	00e3	40210001		slli	%GPR1,%GPR1,$1	
325	00e4	0bffffb1		j	L11	
326	00e5	00000000		nop
327	00e6	00000000		nop
328	00e7	00000000		nop
329			L17:
330	00e8	00000000		nop
331	00e9	00000000		nop
332	00ea	00000000		nop
333	00eb	403c0001		slli	%GPR28,%GPR1,$1	
334	00ec	0bffffcc		j	L13	
335	00ed	00000000		nop
336	00ee	00000000		nop
337	00ef	00000000		nop
338			L18:
339	00f0	08000004		j	L19	
340	00f1	00000000		nop
341	00f2	00000000		nop
342	00f3	00000000		nop
343			L19:
344	00f4	00000000		nop
345	00f5	00000000		nop
346	00f6	00000000		nop
347	00f7	8fdf0004		lw	%GPR31,4(%GPR30)	
348	00f8	27dd0004		addui	%GPR29,%GPR30,$4	
349	00f9	8fde0000		lw	%GPR30,0(%GPR30)	
350	00fa	00000000		nop
351	00fb	00000000		nop
352	00fc	00000000		nop
353	00fd	03e00008		jr	%GPR31	
354	00fe	00000000		nop
355	00ff	00000000		nop
356	0100	00000000		nop
357			icrc:
358			L20:
359	0101	00000000		nop
360	0102	00000000		nop
361	0103	00000000		nop
362	0104	afbefffc		sw	-4(%GPR29),%GPR30	
363	0105	afbf0000		sw	0(%GPR29),%GPR31	
364	0106	2fbe0004		subui	%GPR30,%GPR29,$4	
365	0107	2bbd0008		subi	%GPR29,%GPR29,$8	
366	0108	00000000		nop
367	0109	00000000		nop
368	010a	00000000		nop
369	010b	3c020000		lhi	%GPR2,$( L1	/0x10000)
370	010c	00000000		nop
371	010d	00000000		nop
372	010e	00000000		nop
373	010f	3442022c		ori	%GPR2,%GPR2,$( L1	%0x10000)
374	0110	00000000		nop
375	0111	00000000		nop
376	0112	00000000		nop
377	0113	8c410000		lw	%GPR1,0(%GPR2)	
378	0114	3c030000		lhi	%GPR3,$0	
379	0115	00000000		nop
380	0116	00000000		nop
381	0117	00000000		nop
382	0118	34630000		ori	%GPR3,%GPR3,$0	
383	0119	00000000		nop
384	011a	00000000		nop
385	011b	00000000		nop
386	011c	0023d82e		seq	%GPR27,%GPR1,%GPR3	
387	011d	00000000		nop
388	011e	00000000		nop
389	011f	00000000		nop
390	0120	17600008		bnez	%GPR27,L21	
391	0121	00000000		nop
392	0122	00000000		nop
393	0123	00000000		nop
394	0124	08000064		j	L24	
395	0125	00000000		nop
396	0126	00000000		nop
397	0127	00000000		nop
398			L21:
399	0128	00000000		nop
400	0129	00000000		nop
401	012a	00000000		nop
402	012b	3c030000		lhi	%GPR3,$0	
403	012c	00000000		nop
404	012d	00000000		nop
405	012e	00000000		nop
406	012f	34630001		ori	%GPR3,%GPR3,$1	
407	0130	3c010000		lhi	%GPR1,$0	
408	0131	00000000		nop
409	0132	00000000		nop
410	0133	00000000		nop
411	0134	34210000		ori	%GPR1,%GPR1,$0	
412	0135	00000000		nop
413	0136	00000000		nop
414	0137	00000000		nop
415	0138	ac430000		sw	0(%GPR2),%GPR3	
416	0139	08000043		j	L23	
417	013a	00000000		nop
418	013b	00000000		nop
419	013c	00000000		nop
420			L22:
421	013d	00202020		add	%GPR4,%GPR1,%GPR0	
422	013e	3c050000		lhi	%GPR5,$( _icrctb	/0x10000)
423	013f	00000000		nop
424	0140	00000000		nop
425	0141	00000000		nop
426	0142	34a5002a		ori	%GPR5,%GPR5,$( _icrctb	%0x10000)
427	0143	3c030000		lhi	%GPR3,$( L3	/0x10000)
428	0144	00000000		nop
429	0145	00000000		nop
430	0146	00000000		nop
431	0147	34630330		ori	%GPR3,%GPR3,$( L3	%0x10000)
432	0148	00000000		nop
433	0149	00000000		nop
434	014a	00000000		nop
435	014b	3026000f		andi	%GPR6,%GPR1,$15	
436	014c	00203820		add	%GPR7,%GPR1,%GPR0	
437	014d	3c080000		lhi	%GPR8,$( L2	/0x10000)
438	014e	00000000		nop
439	014f	00000000		nop
440	0150	00000000		nop
441	0151	35080230		ori	%GPR8,%GPR8,$( L2	%0x10000)
442	0152	44290004		srli	%GPR9,%GPR1,$4	
443	0153	00000000		nop
444	0154	00000000		nop
445	0155	00000000		nop
446	0156	20210001		addi	%GPR1,%GPR1,$1	
447	0157	00000000		nop
448	0158	00000000		nop
449	0159	00000000		nop
450	015a	00663020		add	%GPR6,%GPR3,%GPR6	
451	015b	00000000		nop
452	015c	00000000		nop
453	015d	40840001		slli	%GPR4,%GPR4,$1	
454	015e	00691820		add	%GPR3,%GPR3,%GPR9	
455	015f	00000000		nop
456	0160	00000000		nop
457	0161	00000000		nop
458	0162	00a42020		add	%GPR4,%GPR5,%GPR4	
459	0163	00000000		nop
460	0164	00000000		nop
461	0165	00000000		nop
462	0166	a4820000		sh	0(%GPR4),%GPR2	
463	0167	01072820		add	%GPR5,%GPR8,%GPR7	
464	0168	00000000		nop
465	0169	00000000		nop
466	016a	00000000		nop
467	016b	80c20000		lb	%GPR2,0(%GPR6)	
468	016c	80630000		lb	%GPR3,0(%GPR3)	
469	016d	00000000		nop
470	016e	00000000		nop
471	016f	00000000		nop
472	0170	40420004		slli	%GPR2,%GPR2,$4	
473	0171	00000000		nop
474	0172	00000000		nop
475	0173	00000000		nop
476	0174	00431025		or	%GPR2,%GPR2,%GPR3	
477	0175	00000000		nop
478	0176	00000000		nop
479	0177	00000000		nop
480	0178	a0a20000		sb	0(%GPR5),%GPR2	
481	0179	00000000		nop
482	017a	00000000		nop
483	017b	00000000		nop
484			L23:
485	017c	703b0005		slei	%GPR27,%GPR1,$5	
486	017d	00000000		nop
487	017e	00000000		nop
488	017f	00000000		nop
489	0180	17600017		bnez	%GPR27,L25		; Fixed by findCompareBranchProblem.sh. Previous Register was %GPR1
490	0181	00000000		nop
491	0182	00000000		nop
492	0183	00000000		nop
493	0184	08000004		j	L24	
494	0185	00000000		nop
495	0186	00000000		nop
496	0187	00000000		nop
497			L24:
498	0188	00000000		nop
499	0189	00000000		nop
500	018a	00000000		nop
501	018b	3c1c0000		lhi	%GPR28,$0	
502	018c	00000000		nop
503	018d	00000000		nop
504	018e	00000000		nop
505	018f	379c0000		ori	%GPR28,%GPR28,$0	
506	0190	00000000		nop
507	0191	00000000		nop
508	0192	00000000		nop
509	0193	080000d8		j	L39	
510	0194	00000000		nop
511	0195	00000000		nop
512	0196	00000000		nop
513			L25:
514	0197	00201020		add	%GPR2,%GPR1,%GPR0	
515	0198	00000000		nop
516	0199	00000000		nop
517	019a	00000000		nop
518	019b	3c030000		lhi	%GPR3,$0	
519	019c	00000000		nop
520	019d	00000000		nop
521	019e	00000000		nop
522	019f	34630008		ori	%GPR3,%GPR3,$8	
523	01a0	00000000		nop
524	01a1	00000000		nop
525	01a2	00000000		nop
526	01a3	40420008		slli	%GPR2,%GPR2,$8	
527	01a4	00000000		nop
528	01a5	00000000		nop
529	01a6	00000000		nop
530			L26:
531	01a7	30448000		andi	%GPR4,%GPR2,$32768	
532	01a8	00000000		nop
533	01a9	00000000		nop
534	01aa	00000000		nop
535	01ab	3c050000		lhi	%GPR5,$0	
536	01ac	00000000		nop
537	01ad	00000000		nop
538	01ae	00000000		nop
539	01af	34a50000		ori	%GPR5,%GPR5,$0	
540	01b0	00000000		nop
541	01b1	00000000		nop
542	01b2	00000000		nop
543	01b3	0085d82f		sne	%GPR27,%GPR4,%GPR5	
544	01b4	00000000		nop
545	01b5	00000000		nop
546	01b6	00000000		nop
547	01b7	17600008		bnez	%GPR27,L27	
548	01b8	00000000		nop
549	01b9	00000000		nop
550	01ba	00000000		nop
551	01bb	08000090		j	L35	
552	01bc	00000000		nop
553	01bd	00000000		nop
554	01be	00000000		nop
555			L27:
556	01bf	00000000		nop
557	01c0	00000000		nop
558	01c1	00000000		nop
559	01c2	40420001		slli	%GPR2,%GPR2,$1	
560	01c3	00000000		nop
561	01c4	00000000		nop
562	01c5	00000000		nop
563	01c6	38421021		xori	%GPR2,%GPR2,$4129	
564	01c7	00000000		nop
565	01c8	00000000		nop
566	01c9	00000000		nop
567			L28:
568	01ca	30448000		andi	%GPR4,%GPR2,$32768	
569	01cb	00000000		nop
570	01cc	00000000		nop
571	01cd	00000000		nop
572	01ce	3c050000		lhi	%GPR5,$0	
573	01cf	00000000		nop
574	01d0	00000000		nop
575	01d1	00000000		nop
576	01d2	34a50000		ori	%GPR5,%GPR5,$0	
577	01d3	00000000		nop
578	01d4	00000000		nop
579	01d5	00000000		nop
580	01d6	0085d82f		sne	%GPR27,%GPR4,%GPR5	
581	01d7	00000000		nop
582	01d8	00000000		nop
583	01d9	00000000		nop
584	01da	17600008		bnez	%GPR27,L29	
585	01db	00000000		nop
586	01dc	00000000		nop
587	01dd	00000000		nop
588	01de	08000075		j	L36	
589	01df	00000000		nop
590	01e0	00000000		nop
591	01e1	00000000		nop
592			L29:
593	01e2	00000000		nop
594	01e3	00000000		nop
595	01e4	00000000		nop
596	01e5	40420001		slli	%GPR2,%GPR2,$1	
597	01e6	00000000		nop
598	01e7	00000000		nop
599	01e8	00000000		nop
600	01e9	38421021		xori	%GPR2,%GPR2,$4129	
601	01ea	00000000		nop
602	01eb	00000000		nop
603	01ec	00000000		nop
604			L30:
605	01ed	30448000		andi	%GPR4,%GPR2,$32768	
606	01ee	00000000		nop
607	01ef	00000000		nop
608	01f0	00000000		nop
609	01f1	3c050000		lhi	%GPR5,$0	
610	01f2	00000000		nop
611	01f3	00000000		nop
612	01f4	00000000		nop
613	01f5	34a50000		ori	%GPR5,%GPR5,$0	
614	01f6	00000000		nop
615	01f7	00000000		nop
616	01f8	00000000		nop
617	01f9	0085d82f		sne	%GPR27,%GPR4,%GPR5	
618	01fa	00000000		nop
619	01fb	00000000		nop
620	01fc	00000000		nop
621	01fd	17600008		bnez	%GPR27,L31	
622	01fe	00000000		nop
623	01ff	00000000		nop
624	0200	00000000		nop
625	0201	0800005a		j	L37	
626	0202	00000000		nop
627	0203	00000000		nop
628	0204	00000000		nop
629			L31:
630	0205	00000000		nop
631	0206	00000000		nop
632	0207	00000000		nop
633	0208	40420001		slli	%GPR2,%GPR2,$1	
634	0209	00000000		nop
635	020a	00000000		nop
636	020b	00000000		nop
637	020c	38421021		xori	%GPR2,%GPR2,$4129	
638	020d	00000000		nop
639	020e	00000000		nop
640	020f	00000000		nop
641			L32:
642	0210	30448000		andi	%GPR4,%GPR2,$32768	
643	0211	00000000		nop
644	0212	00000000		nop
645	0213	00000000		nop
646	0214	3c050000		lhi	%GPR5,$0	
647	0215	00000000		nop
648	0216	00000000		nop
649	0217	00000000		nop
650	0218	34a50000		ori	%GPR5,%GPR5,$0	
651	0219	00000000		nop
652	021a	00000000		nop
653	021b	00000000		nop
654	021c	0085d82f		sne	%GPR27,%GPR4,%GPR5	
655	021d	00000000		nop
656	021e	00000000		nop
657	021f	00000000		nop
658	0220	17600008		bnez	%GPR27,L33	
659	0221	00000000		nop
660	0222	00000000		nop
661	0223	00000000		nop
662	0224	0800003f		j	L38	
663	0225	00000000		nop
664	0226	00000000		nop
665	0227	00000000		nop
666			L33:
667	0228	00000000		nop
668	0229	00000000		nop
669	022a	00000000		nop
670	022b	40420001		slli	%GPR2,%GPR2,$1	
671	022c	00000000		nop
672	022d	00000000		nop
673	022e	00000000		nop
674	022f	38421021		xori	%GPR2,%GPR2,$4129	
675	0230	00000000		nop
676	0231	00000000		nop
677	0232	00000000		nop
678			L34:
679	0233	2063fffc		addi	%GPR3,%GPR3,$-4	
680	0234	00000000		nop
681	0235	00000000		nop
682	0236	00000000		nop
683	0237	3c040000		lhi	%GPR4,$0	
684	0238	00000000		nop
685	0239	00000000		nop
686	023a	00000000		nop
687	023b	34840000		ori	%GPR4,%GPR4,$0	
688	023c	00000000		nop
689	023d	00000000		nop
690	023e	00000000		nop
691	023f	0064d82b		sgt	%GPR27,%GPR3,%GPR4	
692	0240	00000000		nop
693	0241	00000000		nop
694	0242	00000000		nop
695	0243	1760ff64		bnez	%GPR27,L26	
696	0244	00000000		nop
697	0245	00000000		nop
698	0246	00000000		nop
699	0247	0bfffef6		j	L22	
700	0248	00000000		nop
701	0249	00000000		nop
702	024a	00000000		nop
703			L35:
704	024b	00000000		nop
705	024c	00000000		nop
706	024d	00000000		nop
707	024e	40420001		slli	%GPR2,%GPR2,$1	
708	024f	0bffff7b		j	L28	
709	0250	00000000		nop
710	0251	00000000		nop
711	0252	00000000		nop
712			L36:
713	0253	00000000		nop
714	0254	00000000		nop
715	0255	00000000		nop
716	0256	40420001		slli	%GPR2,%GPR2,$1	
717	0257	0bffff96		j	L30	
718	0258	00000000		nop
719	0259	00000000		nop
720	025a	00000000		nop
721			L37:
722	025b	00000000		nop
723	025c	00000000		nop
724	025d	00000000		nop
725	025e	40420001		slli	%GPR2,%GPR2,$1	
726	025f	0bffffb1		j	L32	
727	0260	00000000		nop
728	0261	00000000		nop
729	0262	00000000		nop
730			L38:
731	0263	00000000		nop
732	0264	00000000		nop
733	0265	00000000		nop
734	0266	40420001		slli	%GPR2,%GPR2,$1	
735	0267	0bffffcc		j	L34	
736	0268	00000000		nop
737	0269	00000000		nop
738	026a	00000000		nop
739			L39:
740	026b	00000000		nop
741	026c	00000000		nop
742	026d	00000000		nop
743	026e	8fdf0004		lw	%GPR31,4(%GPR30)	
744	026f	27dd0004		addui	%GPR29,%GPR30,$4	
745	0270	8fde0000		lw	%GPR30,0(%GPR30)	
746	0271	00000000		nop
747	0272	00000000		nop
748	0273	00000000		nop
749	0274	03e00008		jr	%GPR31	
750	0275	00000000		nop
751	0276	00000000		nop
752	0277	00000000		nop
753			main:
754			L40:
755	0278	00000000		nop
756	0279	00000000		nop
757	027a	00000000		nop
758	027b	afbefffc		sw	-4(%GPR29),%GPR30	
759	027c	afbf0000		sw	0(%GPR29),%GPR31	
760	027d	2fbe0004		subui	%GPR30,%GPR29,$4	
761	027e	2bbd0008		subi	%GPR29,%GPR29,$8	
762	027f	00000000		nop
763	0280	00000000		nop
764	0281	00000000		nop
765	0282	3c010000		lhi	%GPR1,$( _lin	/0x10000)
766	0283	00000000		nop
767	0284	00000000		nop
768	0285	00000000		nop
769	0286	34210000		ori	%GPR1,%GPR1,$( _lin	%0x10000)
770	0287	00000000		nop
771	0288	00000000		nop
772	0289	3c020000		lhi	%GPR2,$( L1	/0x10000)
773	028a	00000000		nop
774	028b	00000000		nop
775	028c	00000000		nop
776	028d	3442022c		ori	%GPR2,%GPR2,$( L1	%0x10000)
777	028e	00000000		nop
778	028f	00000000		nop
779	0290	00000000		nop
780	0291	3c030000		lhi	%GPR3,$0	
781	0292	00000000		nop
782	0293	00000000		nop
783	0294	00000000		nop
784	0295	34630029		ori	%GPR3,%GPR3,$41	
785	0296	00000000		nop
786	0297	00000000		nop
787	0298	3c040000		lhi	%GPR4,$0	
788	0299	00000000		nop
789	029a	00000000		nop
790	029b	00000000		nop
791	029c	34840000		ori	%GPR4,%GPR4,$0	
792	029d	00000000		nop
793	029e	00000000		nop
794	029f	00230820		add	%GPR1,%GPR1,%GPR3	
795	02a0	3c050000		lhi	%GPR5,$0	
796	02a1	00000000		nop
797	02a2	00000000		nop
798	02a3	00000000		nop
799	02a4	34a50000		ori	%GPR5,%GPR5,$0	
800	02a5	00000000		nop
801	02a6	00000000		nop
802	02a7	00000000		nop
803	02a8	a0240000		sb	0(%GPR1),%GPR4	
804	02a9	00000000		nop
805	02aa	00000000		nop
806	02ab	00000000		nop
807	02ac	8c410000		lw	%GPR1,0(%GPR2)	
808	02ad	00000000		nop
809	02ae	00000000		nop
810	02af	00000000		nop
811	02b0	0025d82e		seq	%GPR27,%GPR1,%GPR5	
812	02b1	00000000		nop
813	02b2	00000000		nop
814	02b3	00000000		nop
815	02b4	17600008		bnez	%GPR27,L41	
816	02b5	00000000		nop
817	02b6	00000000		nop
818	02b7	00000000		nop
819	02b8	08000064		j	L44	
820	02b9	00000000		nop
821	02ba	00000000		nop
822	02bb	00000000		nop
823			L41:
824	02bc	00000000		nop
825	02bd	00000000		nop
826	02be	00000000		nop
827	02bf	3c030000		lhi	%GPR3,$0	
828	02c0	00000000		nop
829	02c1	00000000		nop
830	02c2	00000000		nop
831	02c3	34630001		ori	%GPR3,%GPR3,$1	
832	02c4	3c010000		lhi	%GPR1,$0	
833	02c5	00000000		nop
834	02c6	00000000		nop
835	02c7	00000000		nop
836	02c8	34210000		ori	%GPR1,%GPR1,$0	
837	02c9	00000000		nop
838	02ca	00000000		nop
839	02cb	00000000		nop
840	02cc	ac430000		sw	0(%GPR2),%GPR3	
841	02cd	08000043		j	L43	
842	02ce	00000000		nop
843	02cf	00000000		nop
844	02d0	00000000		nop
845			L42:
846	02d1	00202020		add	%GPR4,%GPR1,%GPR0	
847	02d2	3c050000		lhi	%GPR5,$( _icrctb	/0x10000)
848	02d3	00000000		nop
849	02d4	00000000		nop
850	02d5	00000000		nop
851	02d6	34a5002a		ori	%GPR5,%GPR5,$( _icrctb	%0x10000)
852	02d7	3c030000		lhi	%GPR3,$( L3	/0x10000)
853	02d8	00000000		nop
854	02d9	00000000		nop
855	02da	00000000		nop
856	02db	34630330		ori	%GPR3,%GPR3,$( L3	%0x10000)
857	02dc	00000000		nop
858	02dd	00000000		nop
859	02de	00000000		nop
860	02df	3026000f		andi	%GPR6,%GPR1,$15	
861	02e0	00203820		add	%GPR7,%GPR1,%GPR0	
862	02e1	3c080000		lhi	%GPR8,$( L2	/0x10000)
863	02e2	00000000		nop
864	02e3	00000000		nop
865	02e4	00000000		nop
866	02e5	35080230		ori	%GPR8,%GPR8,$( L2	%0x10000)
867	02e6	44290004		srli	%GPR9,%GPR1,$4	
868	02e7	00000000		nop
869	02e8	00000000		nop
870	02e9	00000000		nop
871	02ea	20210001		addi	%GPR1,%GPR1,$1	
872	02eb	00000000		nop
873	02ec	00000000		nop
874	02ed	00000000		nop
875	02ee	00663020		add	%GPR6,%GPR3,%GPR6	
876	02ef	00000000		nop
877	02f0	00000000		nop
878	02f1	40840001		slli	%GPR4,%GPR4,$1	
879	02f2	00691820		add	%GPR3,%GPR3,%GPR9	
880	02f3	00000000		nop
881	02f4	00000000		nop
882	02f5	00000000		nop
883	02f6	00a42020		add	%GPR4,%GPR5,%GPR4	
884	02f7	00000000		nop
885	02f8	00000000		nop
886	02f9	00000000		nop
887	02fa	a4820000		sh	0(%GPR4),%GPR2	
888	02fb	01072820		add	%GPR5,%GPR8,%GPR7	
889	02fc	00000000		nop
890	02fd	00000000		nop
891	02fe	00000000		nop
892	02ff	80c20000		lb	%GPR2,0(%GPR6)	
893	0300	80630000		lb	%GPR3,0(%GPR3)	
894	0301	00000000		nop
895	0302	00000000		nop
896	0303	00000000		nop
897	0304	40420004		slli	%GPR2,%GPR2,$4	
898	0305	00000000		nop
899	0306	00000000		nop
900	0307	00000000		nop
901	0308	00431025		or	%GPR2,%GPR2,%GPR3	
902	0309	00000000		nop
903	030a	00000000		nop
904	030b	00000000		nop
905	030c	a0a20000		sb	0(%GPR5),%GPR2	
906	030d	00000000		nop
907	030e	00000000		nop
908	030f	00000000		nop
909			L43:
910	0310	703b0005		slei	%GPR27,%GPR1,$5	
911	0311	00000000		nop
912	0312	00000000		nop
913	0313	00000000		nop
914	0314	17600024		bnez	%GPR27,L45		; Fixed by findCompareBranchProblem.sh. Previous Register was %GPR1
915	0315	00000000		nop
916	0316	00000000		nop
917	0317	00000000		nop
918	0318	08000004		j	L44	
919	0319	00000000		nop
920	031a	00000000		nop
921	031b	00000000		nop
922			L44:
923	031c	00000000		nop
924	031d	00000000		nop
925	031e	3c010000		lhi	%GPR1,$( _i1	/0x10000)
926	031f	00000000		nop
927	0320	00000000		nop
928	0321	00000000		nop
929	0322	34210340		ori	%GPR1,%GPR1,$( _i1	%0x10000)
930	0323	00000000		nop
931	0324	00000000		nop
932	0325	00000000		nop
933	0326	3c020000		lhi	%GPR2,$0	
934	0327	00000000		nop
935	0328	00000000		nop
936	0329	00000000		nop
937	032a	34420000		ori	%GPR2,%GPR2,$0	
938	032b	3c1c0000		lhi	%GPR28,$0	
939	032c	00000000		nop
940	032d	00000000		nop
941	032e	00000000		nop
942	032f	379c0000		ori	%GPR28,%GPR28,$0	
943	0330	00000000		nop
944	0331	00000000		nop
945	0332	00000000		nop
946	0333	a4220000		sh	0(%GPR1),%GPR2	
947	0334	080000d8		j	L59	
948	0335	00000000		nop
949	0336	00000000		nop
950	0337	00000000		nop
951			L45:
952	0338	00201020		add	%GPR2,%GPR1,%GPR0	
953	0339	00000000		nop
954	033a	00000000		nop
955	033b	00000000		nop
956	033c	3c030000		lhi	%GPR3,$0	
957	033d	00000000		nop
958	033e	00000000		nop
959	033f	00000000		nop
960	0340	34630008		ori	%GPR3,%GPR3,$8	
961	0341	00000000		nop
962	0342	00000000		nop
963	0343	00000000		nop
964	0344	40420008		slli	%GPR2,%GPR2,$8	
965	0345	00000000		nop
966	0346	00000000		nop
967	0347	00000000		nop
968			L46:
969	0348	30448000		andi	%GPR4,%GPR2,$32768	
970	0349	00000000		nop
971	034a	00000000		nop
972	034b	00000000		nop
973	034c	3c050000		lhi	%GPR5,$0	
974	034d	00000000		nop
975	034e	00000000		nop
976	034f	00000000		nop
977	0350	34a50000		ori	%GPR5,%GPR5,$0	
978	0351	00000000		nop
979	0352	00000000		nop
980	0353	00000000		nop
981	0354	0085d82f		sne	%GPR27,%GPR4,%GPR5	
982	0355	00000000		nop
983	0356	00000000		nop
984	0357	00000000		nop
985	0358	17600008		bnez	%GPR27,L47	
986	0359	00000000		nop
987	035a	00000000		nop
988	035b	00000000		nop
989	035c	08000090		j	L55	
990	035d	00000000		nop
991	035e	00000000		nop
992	035f	00000000		nop
993			L47:
994	0360	00000000		nop
995	0361	00000000		nop
996	0362	00000000		nop
997	0363	40420001		slli	%GPR2,%GPR2,$1	
998	0364	00000000		nop
999	0365	00000000		nop
1000	0366	00000000		nop
1001	0367	38421021		xori	%GPR2,%GPR2,$4129	
1002	0368	00000000		nop
1003	0369	00000000		nop
1004	036a	00000000		nop
1005			L48:
1006	036b	30448000		andi	%GPR4,%GPR2,$32768	
1007	036c	00000000		nop
1008	036d	00000000		nop
1009	036e	00000000		nop
1010	036f	3c050000		lhi	%GPR5,$0	
1011	0370	00000000		nop
1012	0371	00000000		nop
1013	0372	00000000		nop
1014	0373	34a50000		ori	%GPR5,%GPR5,$0	
1015	0374	00000000		nop
1016	0375	00000000		nop
1017	0376	00000000		nop
1018	0377	0085d82f		sne	%GPR27,%GPR4,%GPR5	
1019	0378	00000000		nop
1020	0379	00000000		nop
1021	037a	00000000		nop
1022	037b	17600008		bnez	%GPR27,L49	
1023	037c	00000000		nop
1024	037d	00000000		nop
1025	037e	00000000		nop
1026	037f	08000075		j	L56	
1027	0380	00000000		nop
1028	0381	00000000		nop
1029	0382	00000000		nop
1030			L49:
1031	0383	00000000		nop
1032	0384	00000000		nop
1033	0385	00000000		nop
1034	0386	40420001		slli	%GPR2,%GPR2,$1	
1035	0387	00000000		nop
1036	0388	00000000		nop
1037	0389	00000000		nop
1038	038a	38421021		xori	%GPR2,%GPR2,$4129	
1039	038b	00000000		nop
1040	038c	00000000		nop
1041	038d	00000000		nop
1042			L50:
1043	038e	30448000		andi	%GPR4,%GPR2,$32768	
1044	038f	00000000		nop
1045	0390	00000000		nop
1046	0391	00000000		nop
1047	0392	3c050000		lhi	%GPR5,$0	
1048	0393	00000000		nop
1049	0394	00000000		nop
1050	0395	00000000		nop
1051	0396	34a50000		ori	%GPR5,%GPR5,$0	
1052	0397	00000000		nop
1053	0398	00000000		nop
1054	0399	00000000		nop
1055	039a	0085d82f		sne	%GPR27,%GPR4,%GPR5	
1056	039b	00000000		nop
1057	039c	00000000		nop
1058	039d	00000000		nop
1059	039e	17600008		bnez	%GPR27,L51	
1060	039f	00000000		nop
1061	03a0	00000000		nop
1062	03a1	00000000		nop
1063	03a2	0800005a		j	L57	
1064	03a3	00000000		nop
1065	03a4	00000000		nop
1066	03a5	00000000		nop
1067			L51:
1068	03a6	00000000		nop
1069	03a7	00000000		nop
1070	03a8	00000000		nop
1071	03a9	40420001		slli	%GPR2,%GPR2,$1	
1072	03aa	00000000		nop
1073	03ab	00000000		nop
1074	03ac	00000000		nop
1075	03ad	38421021		xori	%GPR2,%GPR2,$4129	
1076	03ae	00000000		nop
1077	03af	00000000		nop
1078	03b0	00000000		nop
1079			L52:
1080	03b1	30448000		andi	%GPR4,%GPR2,$32768	
1081	03b2	00000000		nop
1082	03b3	00000000		nop
1083	03b4	00000000		nop
1084	03b5	3c050000		lhi	%GPR5,$0	
1085	03b6	00000000		nop
1086	03b7	00000000		nop
1087	03b8	00000000		nop
1088	03b9	34a50000		ori	%GPR5,%GPR5,$0	
1089	03ba	00000000		nop
1090	03bb	00000000		nop
1091	03bc	00000000		nop
1092	03bd	0085d82f		sne	%GPR27,%GPR4,%GPR5	
1093	03be	00000000		nop
1094	03bf	00000000		nop
1095	03c0	00000000		nop
1096	03c1	17600008		bnez	%GPR27,L53	
1097	03c2	00000000		nop
1098	03c3	00000000		nop
1099	03c4	00000000		nop
1100	03c5	0800003f		j	L58	
1101	03c6	00000000		nop
1102	03c7	00000000		nop
1103	03c8	00000000		nop
1104			L53:
1105	03c9	00000000		nop
1106	03ca	00000000		nop
1107	03cb	00000000		nop
1108	03cc	40420001		slli	%GPR2,%GPR2,$1	
1109	03cd	00000000		nop
1110	03ce	00000000		nop
1111	03cf	00000000		nop
1112	03d0	38421021		xori	%GPR2,%GPR2,$4129	
1113	03d1	00000000		nop
1114	03d2	00000000		nop
1115	03d3	00000000		nop
1116			L54:
1117	03d4	2063fffc		addi	%GPR3,%GPR3,$-4	
1118	03d5	00000000		nop
1119	03d6	00000000		nop
1120	03d7	00000000		nop
1121	03d8	3c040000		lhi	%GPR4,$0	
1122	03d9	00000000		nop
1123	03da	00000000		nop
1124	03db	00000000		nop
1125	03dc	34840000		ori	%GPR4,%GPR4,$0	
1126	03dd	00000000		nop
1127	03de	00000000		nop
1128	03df	00000000		nop
1129	03e0	0064d82b		sgt	%GPR27,%GPR3,%GPR4	
1130	03e1	00000000		nop
1131	03e2	00000000		nop
1132	03e3	00000000		nop
1133	03e4	1760ff64		bnez	%GPR27,L46	
1134	03e5	00000000		nop
1135	03e6	00000000		nop
1136	03e7	00000000		nop
1137	03e8	0bfffee9		j	L42	
1138	03e9	00000000		nop
1139	03ea	00000000		nop
1140	03eb	00000000		nop
1141			L55:
1142	03ec	00000000		nop
1143	03ed	00000000		nop
1144	03ee	00000000		nop
1145	03ef	40420001		slli	%GPR2,%GPR2,$1	
1146	03f0	0bffff7b		j	L48	
1147	03f1	00000000		nop
1148	03f2	00000000		nop
1149	03f3	00000000		nop
1150			L56:
1151	03f4	00000000		nop
1152	03f5	00000000		nop
1153	03f6	00000000		nop
1154	03f7	40420001		slli	%GPR2,%GPR2,$1	
1155	03f8	0bffff96		j	L50	
1156	03f9	00000000		nop
1157	03fa	00000000		nop
1158	03fb	00000000		nop
1159			L57:
1160	03fc	00000000		nop
1161	03fd	00000000		nop
1162	03fe	00000000		nop
1163	03ff	40420001		slli	%GPR2,%GPR2,$1	
1164	0400	0bffffb1		j	L52	
1165	0401	00000000		nop
1166	0402	00000000		nop
1167	0403	00000000		nop
1168			L58:
1169	0404	00000000		nop
1170	0405	00000000		nop
1171	0406	00000000		nop
1172	0407	40420001		slli	%GPR2,%GPR2,$1	
1173	0408	0bffffcc		j	L54	
1174	0409	00000000		nop
1175	040a	00000000		nop
1176	040b	00000000		nop
1177			L59:
1178	040c	00000000		nop
1179	040d	00000000		nop
1180	040e	00000000		nop
1181	040f	8fdf0004		lw	%GPR31,4(%GPR30)	
1182	0410	27dd0004		addui	%GPR29,%GPR30,$4	
1183	0411	8fde0000		lw	%GPR30,0(%GPR30)	
1184	0412	00000000		nop
1185	0413	00000000		nop
1186	0414	00000000		nop
1187	0415	03e00008		jr	%GPR31	
1188	0416	00000000		nop
1189	0417	00000000		nop
1190	0418	00000000		nop
1191			exit:
1192	0419	00000000		nop
1193	041a	00000000		nop


******** Cross Reference List ********
Defined Symbol
name   	section	lc     	attr   	value  	lineno 
L25	.text	0197	Label	197	513 
L26	.text	01a7	Label	1a7	530 
L27	.text	01bf	Label	1bf	555 
L28	.text	01ca	Label	1ca	567 
L29	.text	01e2	Label	1e2	592 
exit	.text	0419	Label	419	1191 
_lin	.data	0000	Label	0	3 
L30	.text	01ed	Label	1ed	604 
L31	.text	0205	Label	205	629 
L32	.text	0210	Label	210	641 
L33	.text	0228	Label	228	666 
L34	.text	0233	Label	233	678 
L35	.text	024b	Label	24b	703 
L36	.text	0253	Label	253	712 
L37	.text	025b	Label	25b	721 
L38	.text	0263	Label	263	730 
L39	.text	026b	Label	26b	739 
L40	.text	0278	Label	278	754 
L41	.text	02bc	Label	2bc	823 
L42	.text	02d1	Label	2d1	845 
L43	.text	0310	Label	310	909 
L44	.text	031c	Label	31c	922 
L45	.text	0338	Label	338	951 
L46	.text	0348	Label	348	968 
_i1	.data	0340	Label	340	74 
L47	.text	0360	Label	360	993 
_i2	.data	0342	Label	342	78 
L48	.text	036b	Label	36b	1005 
L10	.text	008a	Label	8a	228 
L49	.text	0383	Label	383	1030 
L11	.text	0095	Label	95	240 
_start	.text	0000	Label	0	82 
L12	.text	00ad	Label	ad	265 
L13	.text	00b8	Label	b8	277 
L14	.text	00d0	Label	d0	302 
L15	.text	00d8	Label	d8	311 
L16	.text	00e0	Label	e0	320 
L17	.text	00e8	Label	e8	329 
L18	.text	00f0	Label	f0	338 
L19	.text	00f4	Label	f4	343 
icrc1	.text	0015	Label	15	104 
icrc	.text	0101	Label	101	357 
L1	.data	022c	Label	22c	51 
L2	.data	0230	Label	230	53 
L3	.data	0330	Label	330	55 
_icrctb	.data	002a	Label	2a	48 
L4	.text	0015	Label	15	105 
L5	.text	002c	Label	2c	129 
L6	.text	0044	Label	44	154 
L50	.text	038e	Label	38e	1042 
L7	.text	004f	Label	4f	166 
L51	.text	03a6	Label	3a6	1067 
L8	.text	0067	Label	67	191 
L52	.text	03b1	Label	3b1	1079 
L9	.text	0072	Label	72	203 
L53	.text	03c9	Label	3c9	1104 
L54	.text	03d4	Label	3d4	1116 
L55	.text	03ec	Label	3ec	1141 
L56	.text	03f4	Label	3f4	1150 
L57	.text	03fc	Label	3fc	1159 
main	.text	0278	Label	278	753 
L58	.text	0404	Label	404	1168 
L20	.text	0101	Label	101	358 
L59	.text	040c	Label	40c	1177 
L21	.text	0128	Label	128	398 
L22	.text	013d	Label	13d	420 
L23	.text	017c	Label	17c	484 
L24	.text	0188	Label	188	497 


Undefined Symbol
name   	section	lc     	attr   	value  	lineno 


Multiple Defined Symbol
name   	section	lc     	attr   	value  	lineno 


******* Section Data List ******* 
Sec	Attr		Size
.text 	Writable 	41b 
addr_space : 16 
addressing : Word 
bitwidth per byte : 8 
word alignment : 4 
.data 	Data		344 
addr_space : 16 
addressing : Byte 
bitwidth per byte : 8 
word alignment : 4 
