MC_Hz4_SW	356
MC_Hz4_HW_00	154
MC_Hz4_HW_01	150
MC_Hz4_HW_02	5145
MC_Hz4_HW_03	0
MC_Hz4_HW_04	0
MC_Hz4_HW_05	0
MC_Hz4_SW	465
MC_Hz4_HW_00	150
MC_Hz4_HW_01	150
MC_Hz4_HW_02	5010
MC_Hz4_HW_03	0
MC_Hz4_HW_04	0
MC_Hz4_HW_05	0
MC_Hz4_SW	465
MC_Hz4_HW_00	165
MC_Hz4_HW_01	151
MC_Hz4_HW_02	5069
MC_Hz4_HW_03	0
MC_Hz4_HW_04	0
MC_Hz4_HW_05	0
MC_Hz4_SW	465
MC_Hz4_HW_00	165
MC_Hz4_HW_01	151
MC_Hz4_HW_02	5054
MC_Hz4_HW_03	0
MC_Hz4_HW_04	0
MC_Hz4_HW_05	0
MC_Hz4_SW	465
MC_Hz4_HW_00	165
MC_Hz4_HW_01	151
MC_Hz4_HW_02	5069
MC_Hz4_HW_03	0
MC_Hz4_HW_04	0
MC_Hz4_HW_05	0
MC_Hz4_SW	465
MC_Hz4_HW_00	165
MC_Hz4_HW_01	151
MC_Hz4_HW_02	5099
MC_Hz4_HW_03	0
MC_Hz4_HW_04	0
MC_Hz4_HW_05	0
MC_Hz4_SW	465
MC_Hz4_HW_00	165
MC_Hz4_HW_01	151
MC_Hz4_HW_02	5054
MC_Hz4_HW_03	0
MC_Hz4_HW_04	0
MC_Hz4_HW_05	0
MC_Hz4_SW	465
MC_Hz4_HW_00	165
MC_Hz4_HW_01	135
MC_Hz4_HW_02	5040
MC_Hz4_HW_03	0
MC_Hz4_HW_04	0
MC_Hz4_HW_05	0
MC_Hz4_SW	465
MC_Hz4_HW_00	165
MC_Hz4_HW_01	135
MC_Hz4_HW_02	5055
MC_Hz4_HW_03	0
MC_Hz4_HW_04	0
MC_Hz4_HW_05	0
MC_Hz4_SW	465
MC_Hz4_HW_00	150
MC_Hz4_HW_01	150
MC_Hz4_HW_02	5025
MC_Hz4_HW_03	0
MC_Hz4_HW_04	0
MC_Hz4_HW_05	0
MC_Hz4_SW	465
MC_Hz4_HW_00	165
MC_Hz4_HW_01	135
MC_Hz4_HW_02	5055
MC_Hz4_HW_03	0
MC_Hz4_HW_04	0
MC_Hz4_HW_05	0
MC_Hz4_SW	457
MC_Hz4_HW_00	158
MC_Hz4_HW_01	165
MC_Hz4_HW_02	4965
MC_Hz4_HW_03	0
MC_Hz4_HW_04	0
MC_Hz4_HW_05	0
MC_Hz4_SW	457
MC_Hz4_HW_00	158
MC_Hz4_HW_01	145
MC_Hz4_HW_02	4910
MC_Hz4_HW_03	0
MC_Hz4_HW_04	0
MC_Hz4_HW_05	0
MC_Hz4_SW	465
MC_Hz4_HW_00	150
MC_Hz4_HW_01	150
MC_Hz4_HW_02	5010
MC_Hz4_HW_03	0
MC_Hz4_HW_04	0
MC_Hz4_HW_05	0
MC_Hz4_SW	465
MC_Hz4_HW_00	165
MC_Hz4_HW_01	135
MC_Hz4_HW_02	5055
MC_Hz4_HW_03	0
MC_Hz4_HW_04	0
MC_Hz4_HW_05	0
MC_Hz4_SW	465
MC_Hz4_HW_00	150
MC_Hz4_HW_01	150
MC_Hz4_HW_02	5010
MC_Hz4_HW_03	0
MC_Hz4_HW_04	0
MC_Hz4_HW_05	0
MC_Hz4_SW	457
MC_Hz4_HW_00	158
MC_Hz4_HW_01	145
MC_Hz4_HW_02	4940
MC_Hz4_HW_03	0
MC_Hz4_HW_04	0
MC_Hz4_HW_05	0
MC_Hz4_SW	457
MC_Hz4_HW_00	143
MC_Hz4_HW_01	161
MC_Hz4_HW_02	4894
MC_Hz4_HW_03	0
MC_Hz4_HW_04	0
MC_Hz4_HW_05	0
MC_Hz4_SW	457
MC_Hz4_HW_00	158
MC_Hz4_HW_01	145
