This file contains any messages produced by compilers while
running configure, to aid debugging if configure makes a mistake.

It was created by configure, which was
generated by GNU Autoconf 2.59.  Invocation command line was

  $ /home/asip00/epp/AM_tools/gdb-6.4/opcodes/configure --cache-file=./config.cache --build=i686-pc-linux-gnu --host=i686-pc-linux-gnu --target=brownie32-elf --with-stabs --disable-nls --prefix=/home/asip-sajjad04/ASIPSS20/ASIPMeisterProjects/Session0/brownie/meister/browstd32.swgen --disable-sim --program-transform-name=s,^,brownie32-elf-,;  --srcdir=../../opcodes

## --------- ##
## Platform. ##
## --------- ##

hostname = i80pc57
uname -m = i686
uname -r = 2.6.18-419.el5.centos.plus
uname -s = Linux
uname -v = #1 SMP Sat Feb 25 15:14:49 UTC 2017

/usr/bin/uname -p = unknown
/bin/uname -X     = unknown

/bin/arch              = i686
/usr/bin/arch -k       = unknown
/usr/convex/getsysinfo = unknown
hostinfo               = unknown
/bin/machine           = unknown
/usr/bin/oslevel       = unknown
/bin/universe          = unknown

PATH: /home/asip-sajjad04/ASIPSS20/ASIPMeisterProjects/Session0/brownie/meister/browstd32.swgen/bin
PATH: /AM/ASIPmeister/bin
PATH: /AM/ASIPmeister/bin
PATH: /AM/ASIPmeister/bin
PATH: /Software/xilinx/13.2/ISE_DS/common/bin/lin
PATH: /Software/xilinx/13.2/ISE_DS/ISE/sysgen/bin
PATH: /Software/xilinx/13.2/ISE_DS/PlanAhead/bin
PATH: /Software/xilinx/13.2/ISE_DS/ISE/bin/lin
PATH: /Software/xilinx/13.2/ISE_DS/ISE/sysgen/util
PATH: /Software/xilinx/13.2/ISE_DS/EDK/bin/lin
PATH: /Software/xilinx/13.2/ISE_DS/EDK/gnu/microblaze/lin/bin
PATH: /Software/xilinx/13.2/ISE_DS/EDK/gnu/powerpc-eabi/lin/bin
PATH: /usr/java/jre1.6.0_45/bin
PATH: /AM/ASIPmeister/bin
PATH: ./
PATH: /usr/NX/bin
PATH: /usr/kerberos/bin
PATH: /usr/local/bin
PATH: /bin
PATH: /usr/bin
PATH: /opt/eclipse
PATH: /Software/ModelSim/ModelSim_6.6d/modeltech/linux
PATH: /usr/local/cuda-7.0/bin
PATH: /home/asip-sajjad04/bin
PATH: /usr/bin
PATH: /sbin
PATH: /bin


## ----------- ##
## Core tests. ##
## ----------- ##

configure:1244: creating cache ./config.cache
configure:1357: checking build system type
configure:1375: result: i686-pc-linux-gnu
configure:1383: checking host system type
configure:1397: result: i686-pc-linux-gnu
configure:1405: checking target system type
configure:1419: result: brownie32-unknown-elf
configure:1441: checking for i686-pc-linux-gnu-gcc
configure:1467: result: gcc
configure:1749: checking for C compiler version
configure:1752: gcc --version </dev/null >&5
gcc (GCC) 4.1.2 20080704 (Red Hat 4.1.2-55)
Copyright (C) 2006 Free Software Foundation, Inc.
This is free software; see the source for copying conditions.  There is NO
warranty; not even for MERCHANTABILITY or FITNESS FOR A PARTICULAR PURPOSE.

configure:1755: $? = 0
configure:1757: gcc -v </dev/null >&5
Using built-in specs.
Target: i386-redhat-linux
Configured with: ../configure --prefix=/usr --mandir=/usr/share/man --infodir=/usr/share/info --enable-shared --enable-threads=posix --enable-checking=release --with-system-zlib --enable-__cxa_atexit --disable-libunwind-exceptions --enable-libgcj-multifile --enable-languages=c,c++,objc,obj-c++,java,fortran,ada --enable-java-awt=gtk --disable-dssi --disable-plugin --with-java-home=/usr/lib/jvm/java-1.4.2-gcj-1.4.2.0/jre --with-cpu=generic --host=i386-redhat-linux
Thread model: posix
gcc version 4.1.2 20080704 (Red Hat 4.1.2-55)
configure:1760: $? = 0
configure:1762: gcc -V </dev/null >&5
gcc: '-V' option must have argument
configure:1765: $? = 1
configure:1788: checking for C compiler default output file name
configure:1791: gcc -g -O2    conftest.c  >&5
configure:1794: $? = 0
configure:1840: result: a.out
configure:1845: checking whether the C compiler works
configure:1851: ./a.out
configure:1854: $? = 0
configure:1871: result: yes
configure:1878: checking whether we are cross compiling
configure:1880: result: no
configure:1883: checking for suffix of executables
configure:1885: gcc -o conftest -g -O2    conftest.c  >&5
configure:1888: $? = 0
configure:1913: result: 
configure:1919: checking for suffix of object files
configure:1940: gcc -c -g -O2   conftest.c >&5
configure:1943: $? = 0
configure:1965: result: o
configure:1969: checking whether we are using the GNU C compiler
configure:1993: gcc -c -g -O2   conftest.c >&5
configure:1999: $? = 0
configure:2003: test -z 
			 || test ! -s conftest.err
configure:2006: $? = 0
configure:2009: test -s conftest.o
configure:2012: $? = 0
configure:2025: result: yes
configure:2031: checking whether gcc accepts -g
configure:2052: gcc -c -g  conftest.c >&5
configure:2058: $? = 0
configure:2062: test -z 
			 || test ! -s conftest.err
configure:2065: $? = 0
configure:2068: test -s conftest.o
configure:2071: $? = 0
configure:2082: result: yes
configure:2099: checking for gcc option to accept ANSI C
configure:2169: gcc  -c -g -O2   conftest.c >&5
configure:2175: $? = 0
configure:2179: test -z 
			 || test ! -s conftest.err
configure:2182: $? = 0
configure:2185: test -s conftest.o
configure:2188: $? = 0
configure:2206: result: none needed
configure:2224: gcc -c -g -O2   conftest.c >&5
conftest.c:2: error: expected '=', ',', ';', 'asm' or '__attribute__' before 'me'
configure:2230: $? = 1
configure: failed program was:
| #ifndef __cplusplus
|   choke me
| #endif
configure:2364: checking for library containing strerror
configure:2394: gcc -o conftest -g -O2    conftest.c  >&5
configure:2400: $? = 0
configure:2404: test -z 
			 || test ! -s conftest.err
configure:2407: $? = 0
configure:2410: test -s conftest
configure:2413: $? = 0
configure:2483: result: none required
configure:2510: checking for a BSD-compatible install
configure:2565: result: /usr/bin/install -c
configure:2576: checking whether build environment is sane
configure:2619: result: yes
configure:2684: checking for gawk
configure:2700: found /bin/gawk
configure:2710: result: gawk
configure:2720: checking whether make sets $(MAKE)
configure:2740: result: yes
configure:2770: checking for style of include used by make
configure:2798: result: GNU
configure:2974: checking dependency style of gcc
configure:3064: result: none
configure:3086: checking for i686-pc-linux-gnu-ar
configure:3112: result: ar
configure:3165: checking for i686-pc-linux-gnu-ranlib
configure:3191: result: ranlib
configure:3321: checking for ld used by GCC
configure:3384: result: ld
configure:3393: checking if the linker (ld) is GNU ld
GNU ld version 2.17.50.0.6-26.el5 20061020
configure:3405: result: yes
configure:3410: checking for ld option to reload object files
configure:3417: result: -r
configure:3422: checking for BSD-compatible nm
configure:3458: result: nm
configure:3461: checking whether ln -s works
configure:3465: result: yes
configure:3472: checking how to recognise dependant libraries
configure:3640: result: pass_all
configure:3792: checking for i686-pc-linux-gnu-ranlib
configure:3818: result: ranlib
configure:3872: checking for i686-pc-linux-gnu-strip
configure:3901: result: no
configure:3910: checking for strip
configure:3926: found /usr/bin/strip
configure:3937: result: strip
configure:4194: loading cache ./config.cache
ce PIC
ltconfig:687:checking that gcc PIC flag -fPIC -DPIC works.
ltconfig:697: gcc -c -g -O2  -fPIC -DPIC -DPIC  conftest.c 1>&5
ltconfig:749: checking if gcc static flag -static works
ltconfig:758: gcc -o conftest -g -O2    -static conftest.c  1>&5
ltconfig:780: finding the maximum length of command line arguments
ltconfig:@lineno@: result: 49153
ltconfig:833: checking if gcc supports -c -o file.o
ltconfig:834: gcc -c -g -O2  -o out/conftest2.o  conftest.c 1>&5
ltconfig:887: checking if gcc supports -fno-rtti -fno-exceptions
ltconfig:888: gcc -c -g -O2  -fno-rtti -fno-exceptions -c conftest.c  conftest.c 1>&5
ltconfig:1431: checking if global_symbol_pipe works
ltconfig:1432: gcc -c -g -O2   conftest.c 1>&5
ltconfig:1435: eval "nm conftest.o | sed -n -e 's/^.*[ 	]\([ABCDGISTW][ABCDGISTW]*\)[ 	][ 	]*\(\)\([_A-Za-z][_A-Za-z0-9]*\)$/\1 \2\3 \3/p' > conftest.nm"
ltconfig:1487: gcc -o conftest -g -O2  -fno-builtin   conftest.c conftstm.o 1>&5
configure:4303: checking whether to enable maintainer-specific portions of Makefiles
configure:4312: result: no
configure:4342: checking whether to install libbfd
configure:4355: result: no
configure:4395: checking for i686-pc-linux-gnu-gcc
configure:4421: result: gcc
configure:4703: checking for C compiler version
configure:4706: gcc --version </dev/null >&5
gcc (GCC) 4.1.2 20080704 (Red Hat 4.1.2-55)
Copyright (C) 2006 Free Software Foundation, Inc.
This is free software; see the source for copying conditions.  There is NO
warranty; not even for MERCHANTABILITY or FITNESS FOR A PARTICULAR PURPOSE.

configure:4709: $? = 0
configure:4711: gcc -v </dev/null >&5
Using built-in specs.
Target: i386-redhat-linux
Configured with: ../configure --prefix=/usr --mandir=/usr/share/man --infodir=/usr/share/info --enable-shared --enable-threads=posix --enable-checking=release --with-system-zlib --enable-__cxa_atexit --disable-libunwind-exceptions --enable-libgcj-multifile --enable-languages=c,c++,objc,obj-c++,java,fortran,ada --enable-java-awt=gtk --disable-dssi --disable-plugin --with-java-home=/usr/lib/jvm/java-1.4.2-gcj-1.4.2.0/jre --with-cpu=generic --host=i386-redhat-linux
Thread model: posix
gcc version 4.1.2 20080704 (Red Hat 4.1.2-55)
configure:4714: $? = 0
configure:4716: gcc -V </dev/null >&5
gcc: '-V' option must have argument
configure:4719: $? = 1
configure:4722: checking whether we are using the GNU C compiler
configure:4778: result: yes
configure:4784: checking whether gcc accepts -g
configure:4835: result: yes
configure:4852: checking for gcc option to accept ANSI C
configure:4959: result: none needed
configure:4977: gcc -c -g -O2   conftest.c >&5
conftest.c:2: error: expected '=', ',', ';', 'asm' or '__attribute__' before 'me'
configure:4983: $? = 1
configure: failed program was:
| #ifndef __cplusplus
|   choke me
| #endif
configure:5121: checking for i686-pc-linux-gnu-ranlib
configure:5147: result: ranlib
configure:5203: checking how to run the C preprocessor
configure:5238: gcc -E  conftest.c
configure:5244: $? = 0
configure:5276: gcc -E  conftest.c
conftest.c:11:28: error: ac_nonexistent.h: No such file or directory
configure:5282: $? = 1
configure: failed program was:
| /* confdefs.h.  */
| 
| #define PACKAGE_NAME ""
| #define PACKAGE_TARNAME ""
| #define PACKAGE_VERSION ""
| #define PACKAGE_STRING ""
| #define PACKAGE_BUGREPORT ""
| #define PACKAGE "opcodes"
| #define VERSION "2.16.91"
| /* end confdefs.h.  */
| #include <ac_nonexistent.h>
configure:5321: result: gcc -E
configure:5345: gcc -E  conftest.c
configure:5351: $? = 0
configure:5383: gcc -E  conftest.c
conftest.c:11:28: error: ac_nonexistent.h: No such file or directory
configure:5389: $? = 1
configure: failed program was:
| /* confdefs.h.  */
| 
| #define PACKAGE_NAME ""
| #define PACKAGE_TARNAME ""
| #define PACKAGE_VERSION ""
| #define PACKAGE_STRING ""
| #define PACKAGE_BUGREPORT ""
| #define PACKAGE "opcodes"
| #define VERSION "2.16.91"
| /* end confdefs.h.  */
| #include <ac_nonexistent.h>
configure:5433: checking for egrep
configure:5443: result: grep -E
configure:5448: checking for ANSI C header files
configure:5473: gcc -c -g -O2   conftest.c >&5
configure:5479: $? = 0
configure:5483: test -z 
			 || test ! -s conftest.err
configure:5486: $? = 0
configure:5489: test -s conftest.o
configure:5492: $? = 0
configure:5581: gcc -o conftest -g -O2    conftest.c  >&5
conftest.c: In function 'main':
conftest.c:28: warning: incompatible implicit declaration of built-in function 'exit'
configure:5584: $? = 0
configure:5586: ./conftest
configure:5589: $? = 0
configure:5604: result: yes
configure:5614: checking for an ANSI C-conforming const
configure:5681: gcc -c -g -O2   conftest.c >&5
configure:5687: $? = 0
configure:5691: test -z 
			 || test ! -s conftest.err
configure:5694: $? = 0
configure:5697: test -s conftest.o
configure:5700: $? = 0
configure:5711: result: yes
configure:5721: checking for inline
configure:5742: gcc -c -g -O2   conftest.c >&5
configure:5748: $? = 0
configure:5752: test -z 
			 || test ! -s conftest.err
configure:5755: $? = 0
configure:5758: test -s conftest.o
configure:5761: $? = 0
configure:5773: result: inline
configure:5806: checking for sys/types.h
configure:5822: gcc -c -g -O2   conftest.c >&5
configure:5828: $? = 0
configure:5832: test -z 
			 || test ! -s conftest.err
configure:5835: $? = 0
configure:5838: test -s conftest.o
configure:5841: $? = 0
configure:5852: result: yes
configure:5806: checking for sys/stat.h
configure:5822: gcc -c -g -O2   conftest.c >&5
configure:5828: $? = 0
configure:5832: test -z 
			 || test ! -s conftest.err
configure:5835: $? = 0
configure:5838: test -s conftest.o
configure:5841: $? = 0
configure:5852: result: yes
configure:5806: checking for stdlib.h
configure:5822: gcc -c -g -O2   conftest.c >&5
configure:5828: $? = 0
configure:5832: test -z 
			 || test ! -s conftest.err
configure:5835: $? = 0
configure:5838: test -s conftest.o
configure:5841: $? = 0
configure:5852: result: yes
configure:5806: checking for string.h
configure:5822: gcc -c -g -O2   conftest.c >&5
configure:5828: $? = 0
configure:5832: test -z 
			 || test ! -s conftest.err
configure:5835: $? = 0
configure:5838: test -s conftest.o
configure:5841: $? = 0
configure:5852: result: yes
configure:5806: checking for memory.h
configure:5822: gcc -c -g -O2   conftest.c >&5
configure:5828: $? = 0
configure:5832: test -z 
			 || test ! -s conftest.err
configure:5835: $? = 0
configure:5838: test -s conftest.o
configure:5841: $? = 0
configure:5852: result: yes
configure:5806: checking for strings.h
configure:5822: gcc -c -g -O2   conftest.c >&5
configure:5828: $? = 0
configure:5832: test -z 
			 || test ! -s conftest.err
configure:5835: $? = 0
configure:5838: test -s conftest.o
configure:5841: $? = 0
configure:5852: result: yes
configure:5806: checking for inttypes.h
configure:5822: gcc -c -g -O2   conftest.c >&5
configure:5828: $? = 0
configure:5832: test -z 
			 || test ! -s conftest.err
configure:5835: $? = 0
configure:5838: test -s conftest.o
configure:5841: $? = 0
configure:5852: result: yes
configure:5806: checking for stdint.h
configure:5822: gcc -c -g -O2   conftest.c >&5
configure:5828: $? = 0
configure:5832: test -z 
			 || test ! -s conftest.err
configure:5835: $? = 0
configure:5838: test -s conftest.o
configure:5841: $? = 0
configure:5852: result: yes
configure:5806: checking for unistd.h
configure:5822: gcc -c -g -O2   conftest.c >&5
configure:5828: $? = 0
configure:5832: test -z 
			 || test ! -s conftest.err
configure:5835: $? = 0
configure:5838: test -s conftest.o
configure:5841: $? = 0
configure:5852: result: yes
configure:5864: checking for off_t
configure:5888: gcc -c -g -O2   conftest.c >&5
configure:5894: $? = 0
configure:5898: test -z 
			 || test ! -s conftest.err
configure:5901: $? = 0
configure:5904: test -s conftest.o
configure:5907: $? = 0
configure:5918: result: yes
configure:5930: checking for size_t
configure:5954: gcc -c -g -O2   conftest.c >&5
configure:5960: $? = 0
configure:5964: test -z 
			 || test ! -s conftest.err
configure:5967: $? = 0
configure:5970: test -s conftest.o
configure:5973: $? = 0
configure:5984: result: yes
configure:5998: checking for working alloca.h
configure:6019: gcc -o conftest -g -O2    conftest.c  >&5
configure:6025: $? = 0
configure:6029: test -z 
			 || test ! -s conftest.err
configure:6032: $? = 0
configure:6035: test -s conftest
configure:6038: $? = 0
configure:6050: result: yes
configure:6060: checking for alloca
configure:6101: gcc -o conftest -g -O2    conftest.c  >&5
configure:6107: $? = 0
configure:6111: test -z 
			 || test ! -s conftest.err
configure:6114: $? = 0
configure:6117: test -s conftest
configure:6120: $? = 0
configure:6132: result: yes
configure:6361: checking for stdlib.h
configure:6366: result: yes
configure:6361: checking for unistd.h
configure:6366: result: yes
configure:6510: checking for getpagesize
configure:6567: gcc -o conftest -g -O2    conftest.c  >&5
configure:6573: $? = 0
configure:6577: test -z 
			 || test ! -s conftest.err
configure:6580: $? = 0
configure:6583: test -s conftest
configure:6586: $? = 0
configure:6598: result: yes
configure:6608: checking for working mmap
configure:6750: gcc -o conftest -g -O2    conftest.c  >&5
configure:6753: $? = 0
configure:6755: ./conftest
configure:6758: $? = 0
configure:6772: result: yes
configure:6807: checking argz.h usability
configure:6819: gcc -c -g -O2   conftest.c >&5
configure:6825: $? = 0
configure:6829: test -z 
			 || test ! -s conftest.err
configure:6832: $? = 0
configure:6835: test -s conftest.o
configure:6838: $? = 0
configure:6848: result: yes
configure:6852: checking argz.h presence
configure:6862: gcc -E  conftest.c
configure:6868: $? = 0
configure:6888: result: yes
configure:6923: checking for argz.h
configure:6930: result: yes
configure:6807: checking limits.h usability
configure:6819: gcc -c -g -O2   conftest.c >&5
configure:6825: $? = 0
configure:6829: test -z 
			 || test ! -s conftest.err
configure:6832: $? = 0
configure:6835: test -s conftest.o
configure:6838: $? = 0
configure:6848: result: yes
configure:6852: checking limits.h presence
configure:6862: gcc -E  conftest.c
configure:6868: $? = 0
configure:6888: result: yes
configure:6923: checking for limits.h
configure:6930: result: yes
configure:6807: checking locale.h usability
configure:6819: gcc -c -g -O2   conftest.c >&5
configure:6825: $? = 0
configure:6829: test -z 
			 || test ! -s conftest.err
configure:6832: $? = 0
configure:6835: test -s conftest.o
configure:6838: $? = 0
configure:6848: result: yes
configure:6852: checking locale.h presence
configure:6862: gcc -E  conftest.c
configure:6868: $? = 0
configure:6888: result: yes
configure:6923: checking for locale.h
configure:6930: result: yes
configure:6807: checking nl_types.h usability
configure:6819: gcc -c -g -O2   conftest.c >&5
configure:6825: $? = 0
configure:6829: test -z 
			 || test ! -s conftest.err
configure:6832: $? = 0
configure:6835: test -s conftest.o
configure:6838: $? = 0
configure:6848: result: yes
configure:6852: checking nl_types.h presence
configure:6862: gcc -E  conftest.c
configure:6868: $? = 0
configure:6888: result: yes
configure:6923: checking for nl_types.h
configure:6930: result: yes
configure:6807: checking malloc.h usability
configure:6819: gcc -c -g -O2   conftest.c >&5
configure:6825: $? = 0
configure:6829: test -z 
			 || test ! -s conftest.err
configure:6832: $? = 0
configure:6835: test -s conftest.o
configure:6838: $? = 0
configure:6848: result: yes
configure:6852: checking malloc.h presence
configure:6862: gcc -E  conftest.c
configure:6868: $? = 0
configure:6888: result: yes
configure:6923: checking for malloc.h
configure:6930: result: yes
configure:6798: checking for string.h
configure:6803: result: yes
configure:6798: checking for unistd.h
configure:6803: result: yes
configure:6807: checking values.h usability
configure:6819: gcc -c -g -O2   conftest.c >&5
configure:6825: $? = 0
configure:6829: test -z 
			 || test ! -s conftest.err
configure:6832: $? = 0
configure:6835: test -s conftest.o
configure:6838: $? = 0
configure:6848: result: yes
configure:6852: checking values.h presence
configure:6862: gcc -E  conftest.c
configure:6868: $? = 0
configure:6888: result: yes
configure:6923: checking for values.h
configure:6930: result: yes
configure:6807: checking sys/param.h usability
configure:6819: gcc -c -g -O2   conftest.c >&5
configure:6825: $? = 0
configure:6829: test -z 
			 || test ! -s conftest.err
configure:6832: $? = 0
configure:6835: test -s conftest.o
configure:6838: $? = 0
configure:6848: result: yes
configure:6852: checking sys/param.h presence
configure:6862: gcc -E  conftest.c
configure:6868: $? = 0
configure:6888: result: yes
configure:6923: checking for sys/param.h
configure:6930: result: yes
configure:6957: checking for getcwd
configure:7014: gcc -o conftest -g -O2    conftest.c  >&5
configure:7020: $? = 0
configure:7024: test -z 
			 || test ! -s conftest.err
configure:7027: $? = 0
configure:7030: test -s conftest
configure:7033: $? = 0
configure:7045: result: yes
configure:6957: checking for munmap
configure:7014: gcc -o conftest -g -O2    conftest.c  >&5
configure:7020: $? = 0
configure:7024: test -z 
			 || test ! -s conftest.err
configure:7027: $? = 0
configure:7030: test -s conftest
configure:7033: $? = 0
configure:7045: result: yes
configure:6957: checking for putenv
configure:7014: gcc -o conftest -g -O2    conftest.c  >&5
configure:7020: $? = 0
configure:7024: test -z 
			 || test ! -s conftest.err
configure:7027: $? = 0
configure:7030: test -s conftest
configure:7033: $? = 0
configure:7045: result: yes
configure:6957: checking for setenv
configure:7014: gcc -o conftest -g -O2    conftest.c  >&5
configure:7020: $? = 0
configure:7024: test -z 
			 || test ! -s conftest.err
configure:7027: $? = 0
configure:7030: test -s conftest
configure:7033: $? = 0
configure:7045: result: yes
configure:6957: checking for setlocale
configure:7014: gcc -o conftest -g -O2    conftest.c  >&5
configure:7020: $? = 0
configure:7024: test -z 
			 || test ! -s conftest.err
configure:7027: $? = 0
configure:7030: test -s conftest
configure:7033: $? = 0
configure:7045: result: yes
configure:6957: checking for strchr
configure:7014: gcc -o conftest -g -O2    conftest.c  >&5
conftest.c:65: warning: conflicting types for built-in function 'strchr'
configure:7020: $? = 0
configure:7024: test -z 
			 || test ! -s conftest.err
configure:7027: $? = 0
configure:7030: test -s conftest
configure:7033: $? = 0
configure:7045: result: yes
configure:6957: checking for strcasecmp
configure:7014: gcc -o conftest -g -O2    conftest.c  >&5
conftest.c:66: warning: conflicting types for built-in function 'strcasecmp'
configure:7020: $? = 0
configure:7024: test -z 
			 || test ! -s conftest.err
configure:7027: $? = 0
configure:7030: test -s conftest
configure:7033: $? = 0
configure:7045: result: yes
configure:6957: checking for __argz_count
configure:7014: gcc -o conftest -g -O2    conftest.c  >&5
configure:7020: $? = 0
configure:7024: test -z 
			 || test ! -s conftest.err
configure:7027: $? = 0
configure:7030: test -s conftest
configure:7033: $? = 0
configure:7045: result: yes
configure:6957: checking for __argz_stringify
configure:7014: gcc -o conftest -g -O2    conftest.c  >&5
configure:7020: $? = 0
configure:7024: test -z 
			 || test ! -s conftest.err
configure:7027: $? = 0
configure:7030: test -s conftest
configure:7033: $? = 0
configure:7045: result: yes
configure:6957: checking for __argz_next
configure:7014: gcc -o conftest -g -O2    conftest.c  >&5
configure:7020: $? = 0
configure:7024: test -z 
			 || test ! -s conftest.err
configure:7027: $? = 0
configure:7030: test -s conftest
configure:7033: $? = 0
configure:7045: result: yes
configure:7061: checking for stpcpy
configure:7118: gcc -o conftest -g -O2    conftest.c  >&5
conftest.c:70: warning: conflicting types for built-in function 'stpcpy'
configure:7124: $? = 0
configure:7128: test -z 
			 || test ! -s conftest.err
configure:7131: $? = 0
configure:7134: test -s conftest
configure:7137: $? = 0
configure:7149: result: yes
configure:7169: checking for LC_MESSAGES
configure:7190: gcc -o conftest -g -O2    conftest.c  >&5
configure:7196: $? = 0
configure:7200: test -z 
			 || test ! -s conftest.err
configure:7203: $? = 0
configure:7206: test -s conftest
configure:7209: $? = 0
configure:7221: result: yes
configure:7231: checking whether NLS is requested
configure:7240: result: no
configure:8315: checking for a BSD-compatible install
configure:8370: result: /usr/bin/install -c
configure:8389: checking for string.h
configure:8394: result: yes
configure:8389: checking for strings.h
configure:8394: result: yes
configure:8389: checking for stdlib.h
configure:8394: result: yes
configure:8535: checking whether basename is declared
configure:8559: gcc -c -g -O2   conftest.c >&5
conftest.c: In function 'main':
conftest.c:90: error: 'basename' undeclared (first use in this function)
conftest.c:90: error: (Each undeclared identifier is reported only once
conftest.c:90: error: for each function it appears in.)
configure:8565: $? = 1
configure: failed program was:
| /* confdefs.h.  */
| 
| #define PACKAGE_NAME ""
| #define PACKAGE_TARNAME ""
| #define PACKAGE_VERSION ""
| #define PACKAGE_STRING ""
| #define PACKAGE_BUGREPORT ""
| #define PACKAGE "opcodes"
| #define VERSION "2.16.91"
| #define STDC_HEADERS 1
| #define HAVE_SYS_TYPES_H 1
| #define HAVE_SYS_STAT_H 1
| #define HAVE_STDLIB_H 1
| #define HAVE_STRING_H 1
| #define HAVE_MEMORY_H 1
| #define HAVE_STRINGS_H 1
| #define HAVE_INTTYPES_H 1
| #define HAVE_STDINT_H 1
| #define HAVE_UNISTD_H 1
| #define HAVE_ALLOCA_H 1
| #define HAVE_ALLOCA 1
| #define HAVE_STDLIB_H 1
| #define HAVE_UNISTD_H 1
| #define HAVE_GETPAGESIZE 1
| #define HAVE_MMAP 1
| #define HAVE_ARGZ_H 1
| #define HAVE_LIMITS_H 1
| #define HAVE_LOCALE_H 1
| #define HAVE_NL_TYPES_H 1
| #define HAVE_MALLOC_H 1
| #define HAVE_STRING_H 1
| #define HAVE_UNISTD_H 1
| #define HAVE_VALUES_H 1
| #define HAVE_SYS_PARAM_H 1
| #define HAVE_GETCWD 1
| #define HAVE_MUNMAP 1
| #define HAVE_PUTENV 1
| #define HAVE_SETENV 1
| #define HAVE_SETLOCALE 1
| #define HAVE_STRCHR 1
| #define HAVE_STRCASECMP 1
| #define HAVE___ARGZ_COUNT 1
| #define HAVE___ARGZ_STRINGIFY 1
| #define HAVE___ARGZ_NEXT 1
| #define HAVE_STPCPY 1
| #define HAVE_STPCPY 1
| #define HAVE_LC_MESSAGES 1
| #define HAVE_STRING_H 1
| #define HAVE_STRINGS_H 1
| #define HAVE_STDLIB_H 1
| /* end confdefs.h.  */
| #include <stdio.h>
| #if HAVE_SYS_TYPES_H
| # include <sys/types.h>
| #endif
| #if HAVE_SYS_STAT_H
| # include <sys/stat.h>
| #endif
| #if STDC_HEADERS
| # include <stdlib.h>
| # include <stddef.h>
| #else
| # if HAVE_STDLIB_H
| #  include <stdlib.h>
| # endif
| #endif
| #if HAVE_STRING_H
| # if !STDC_HEADERS && HAVE_MEMORY_H
| #  include <memory.h>
| # endif
| # include <string.h>
| #endif
| #if HAVE_STRINGS_H
| # include <strings.h>
| #endif
| #if HAVE_INTTYPES_H
| # include <inttypes.h>
| #else
| # if HAVE_STDINT_H
| #  include <stdint.h>
| # endif
| #endif
| #if HAVE_UNISTD_H
| # include <unistd.h>
| #endif
| int
| main ()
| {
| #ifndef basename
|   char *p = (char *) basename;
| #endif
| 
|   ;
|   return 0;
| }
configure:8589: result: no
configure:8953: creating ./config.status

## ---------------------- ##
## Running config.status. ##
## ---------------------- ##

This file was extended by config.status, which was
generated by GNU Autoconf 2.59.  Invocation command line was

  CONFIG_FILES    = 
  CONFIG_HEADERS  = 
  CONFIG_LINKS    = 
  CONFIG_COMMANDS = 
  $ ./config.status 

on i80pc57

config.status:752: creating Makefile
config.status:752: creating po/Makefile.in
config.status:849: creating config.h
config.status:1215: executing depfiles commands
config.status:1215: executing default commands

## ---------------- ##
## Cache variables. ##
## ---------------- ##

ac_cv_archive_cmds_needs_lc=yes
ac_cv_build=i686-pc-linux-gnu
ac_cv_build_alias=i686-pc-linux-gnu
ac_cv_c_compiler_gnu=yes
ac_cv_c_const=yes
ac_cv_c_inline=inline
ac_cv_env_CC_set=set
ac_cv_env_CC_value=gcc
ac_cv_env_CFLAGS_set=set
ac_cv_env_CFLAGS_value='-g -O2 '
ac_cv_env_CPPFLAGS_set=
ac_cv_env_CPPFLAGS_value=
ac_cv_env_CPP_set=
ac_cv_env_CPP_value=
ac_cv_env_LDFLAGS_set=set
ac_cv_env_LDFLAGS_value=
ac_cv_env_build_alias_set=set
ac_cv_env_build_alias_value=i686-pc-linux-gnu
ac_cv_env_host_alias_set=set
ac_cv_env_host_alias_value=i686-pc-linux-gnu
ac_cv_env_target_alias_set=set
ac_cv_env_target_alias_value=brownie32-elf
ac_cv_exeext=
ac_cv_func___argz_count=yes
ac_cv_func___argz_next=yes
ac_cv_func___argz_stringify=yes
ac_cv_func_alloca_works=yes
ac_cv_func_getcwd=yes
ac_cv_func_getpagesize=yes
ac_cv_func_mmap_fixed_mapped=yes
ac_cv_func_munmap=yes
ac_cv_func_putenv=yes
ac_cv_func_setenv=yes
ac_cv_func_setlocale=yes
ac_cv_func_stpcpy=yes
ac_cv_func_strcasecmp=yes
ac_cv_func_strchr=yes
ac_cv_have_decl_basename=no
ac_cv_header_argz_h=yes
ac_cv_header_inttypes_h=yes
ac_cv_header_limits_h=yes
ac_cv_header_locale_h=yes
ac_cv_header_malloc_h=yes
ac_cv_header_memory_h=yes
ac_cv_header_nl_types_h=yes
ac_cv_header_stdc=yes
ac_cv_header_stdint_h=yes
ac_cv_header_stdlib_h=yes
ac_cv_header_string_h=yes
ac_cv_header_strings_h=yes
ac_cv_header_sys_param_h=yes
ac_cv_header_sys_stat_h=yes
ac_cv_header_sys_types_h=yes
ac_cv_header_unistd_h=yes
ac_cv_header_values_h=yes
ac_cv_host=i686-pc-linux-gnu
ac_cv_host_alias=i686-pc-linux-gnu
ac_cv_objext=o
ac_cv_prog_AR=ar
ac_cv_prog_AWK=gawk
ac_cv_prog_CC=gcc
ac_cv_prog_CPP='gcc -E'
ac_cv_prog_RANLIB=ranlib
ac_cv_prog_ac_ct_STRIP=strip
ac_cv_prog_cc_can_build_shared=yes
ac_cv_prog_cc_g=yes
ac_cv_prog_cc_no_builtin=
ac_cv_prog_cc_pic=' -fPIC -DPIC'
ac_cv_prog_cc_pic_works=yes
ac_cv_prog_cc_shlib=
ac_cv_prog_cc_static=-static
ac_cv_prog_cc_static_works=yes
ac_cv_prog_cc_stdc=
ac_cv_prog_cc_wl=-Wl,
ac_cv_prog_egrep='grep -E'
ac_cv_prog_make_make_set=yes
ac_cv_search_strerror='none required'
ac_cv_target=brownie32-unknown-elf
ac_cv_target_alias=brownie32-elf
ac_cv_type_off_t=yes
ac_cv_type_size_t=yes
ac_cv_working_alloca_h=yes
am_cv_CC_dependencies_compiler_type=none
am_cv_val_LC_MESSAGES=yes
lt_cv_compiler_c_o=yes
lt_cv_deplibs_check_method=pass_all
lt_cv_file_magic_cmd='$MAGIC_CMD'
lt_cv_file_magic_test_file='/lib/libc.so.6 /lib/libc-2.5.so'
lt_cv_ld_reload_flag=-r
lt_cv_path_LD=ld
lt_cv_path_NM=nm
lt_cv_prog_gnu_ld=yes
lt_cv_sys_max_cmd_len=49153
nls_cv_header_intl=libintl.h
nls_cv_header_libgt=libgettext.h

## ----------------- ##
## Output variables. ##
## ----------------- ##

ACLOCAL='${SHELL} /home/asip00/epp/AM_tools/gdb-6.4/missing --run aclocal-1.9'
ALLOCA=''
AMDEPBACKSLASH='\'
AMDEP_FALSE='#'
AMDEP_TRUE=''
AMTAR='${SHELL} /home/asip00/epp/AM_tools/gdb-6.4/missing --run tar'
AR='ar'
AUTOCONF='${SHELL} /home/asip00/epp/AM_tools/gdb-6.4/missing --run autoconf'
AUTOHEADER='${SHELL} /home/asip00/epp/AM_tools/gdb-6.4/missing --run autoheader'
AUTOMAKE='${SHELL} /home/asip00/epp/AM_tools/gdb-6.4/missing --run automake-1.9'
AWK='gawk'
BFD_MACHINES=' brownie32-dis.lo'
CATALOGS=''
CATOBJEXT=''
CC='gcc'
CCDEPMODE='depmode=none'
CC_FOR_BUILD='gcc'
CFLAGS='-g -O2 '
CGEN_MAINT_FALSE=''
CGEN_MAINT_TRUE='#'
CPP='gcc -E'
CPPFLAGS=''
CYGPATH_W='echo'
DATADIRNAME='share'
DEFS='-DHAVE_CONFIG_H'
DEPDIR='.deps'
ECHO_C=''
ECHO_N='-n'
ECHO_T=''
EGREP='grep -E'
EXEEXT=''
EXEEXT_FOR_BUILD='$(EXEEXT)'
GMOFILES=' fr.gmo sv.gmo tr.gmo es.gmo da.gmo de.gmo id.gmo pt_BR.gmo ro.gmo nl.gmo fi.gmo vi.gmo ga.gmo'
GMSGFMT=''
GT_NO=''
GT_YES='#YES#'
HDEFINES=''
INCLUDE_LOCALE_H='#include <locale.h>'
INSTALL_DATA='/usr/bin/install -c -m 644'
INSTALL_LIBBFD_FALSE=''
INSTALL_LIBBFD_TRUE='#'
INSTALL_PROGRAM='/usr/bin/install -c'
INSTALL_SCRIPT='/usr/bin/install -c'
INSTALL_STRIP_PROGRAM='${SHELL} $(install_sh) -c -s'
INSTOBJEXT=''
INTLDEPS=''
INTLLIBS=''
INTLOBJS=''
LDFLAGS=''
LIBOBJS=''
LIBS=''
LIBTOOL='$(SHELL) $(top_builddir)/libtool'
LN_S='ln -s'
LTLIBOBJS=''
MAINT='#'
MAINTAINER_MODE_FALSE=''
MAINTAINER_MODE_TRUE='#'
MAKEINFO='makeinfo --split-size=5000000'
MKINSTALLDIRS='$(srcdir)/../../mkinstalldirs'
MSGFMT=''
NO_WERROR='-Wno-error'
OBJEXT='o'
PACKAGE='opcodes'
PACKAGE_BUGREPORT=''
PACKAGE_NAME=''
PACKAGE_STRING=''
PACKAGE_TARNAME=''
PACKAGE_VERSION=''
PATH_SEPARATOR=':'
POFILES=' fr.po sv.po tr.po es.po da.po de.po id.po pt_BR.po ro.po nl.po fi.po vi.po ga.po'
POSUB=''
RANLIB='ranlib'
SET_MAKE=''
SHELL='/bin/sh'
STRIP='strip'
USE_INCLUDED_LIBINTL='no'
USE_NLS='no'
VERSION='2.16.91'
WARN_CFLAGS='-W -Wall -Wstrict-prototypes -Wmissing-prototypes -Werror'
WIN32LDFLAGS=''
WIN32LIBADD=''
XGETTEXT=''
ac_ct_AR=''
ac_ct_CC=''
ac_ct_RANLIB=''
ac_ct_STRIP='strip'
am__fastdepCC_FALSE=''
am__fastdepCC_TRUE='#'
am__include='include'
am__leading_dot='.'
am__quote=''
am__tar='${AMTAR} chof - "$$tardir"'
am__untar='${AMTAR} xf -'
archdefs=' -DARCH_brownie32'
bfdincludedir='$(exec_prefix)/$(host_noncanonical)/$(target_noncanonical)/include'
bfdlibdir='$(exec_prefix)/$(host_noncanonical)/$(target_noncanonical)/lib'
bindir='${exec_prefix}/bin'
build='i686-pc-linux-gnu'
build_alias='i686-pc-linux-gnu'
build_cpu='i686'
build_os='linux-gnu'
build_vendor='pc'
cgendir='$(srcdir)/../cgen'
datadir='${prefix}/share'
exec_prefix='${prefix}'
host='i686-pc-linux-gnu'
host_alias='i686-pc-linux-gnu'
host_cpu='i686'
host_noncanonical='i686-pc-linux-gnu'
host_os='linux-gnu'
host_vendor='pc'
includedir='${prefix}/include'
infodir='${prefix}/info'
install_sh='/home/asip00/epp/AM_tools/gdb-6.4/install-sh'
l=''
libdir='${exec_prefix}/lib'
libexecdir='${exec_prefix}/libexec'
localstatedir='${prefix}/var'
mandir='${prefix}/man'
mkdir_p='mkdir -p --'
oldincludedir='/usr/include'
prefix='/home/asip-sajjad04/ASIPSS20/ASIPMeisterProjects/Session0/brownie/meister/browstd32.swgen'
program_transform_name='s,^,brownie32-elf-,;'
sbindir='${exec_prefix}/sbin'
sharedstatedir='${prefix}/com'
sysconfdir='${prefix}/etc'
target='brownie32-unknown-elf'
target_alias='brownie32-elf'
target_cpu='brownie32'
target_noncanonical='brownie32-elf'
target_os='elf'
target_vendor='unknown'

## ----------- ##
## confdefs.h. ##
## ----------- ##

#define HAVE_ALLOCA 1
#define HAVE_ALLOCA_H 1
#define HAVE_ARGZ_H 1
#define HAVE_DECL_BASENAME 0
#define HAVE_GETCWD 1
#define HAVE_GETPAGESIZE 1
#define HAVE_INTTYPES_H 1
#define HAVE_LC_MESSAGES 1
#define HAVE_LIMITS_H 1
#define HAVE_LOCALE_H 1
#define HAVE_MALLOC_H 1
#define HAVE_MEMORY_H 1
#define HAVE_MMAP 1
#define HAVE_MUNMAP 1
#define HAVE_NL_TYPES_H 1
#define HAVE_PUTENV 1
#define HAVE_SETENV 1
#define HAVE_SETLOCALE 1
#define HAVE_STDINT_H 1
#define HAVE_STDLIB_H 1
#define HAVE_STDLIB_H 1
#define HAVE_STDLIB_H 1
#define HAVE_STPCPY 1
#define HAVE_STPCPY 1
#define HAVE_STRCASECMP 1
#define HAVE_STRCHR 1
#define HAVE_STRINGS_H 1
#define HAVE_STRINGS_H 1
#define HAVE_STRING_H 1
#define HAVE_STRING_H 1
#define HAVE_STRING_H 1
#define HAVE_SYS_PARAM_H 1
#define HAVE_SYS_STAT_H 1
#define HAVE_SYS_TYPES_H 1
#define HAVE_UNISTD_H 1
#define HAVE_UNISTD_H 1
#define HAVE_UNISTD_H 1
#define HAVE_VALUES_H 1
#define HAVE___ARGZ_COUNT 1
#define HAVE___ARGZ_NEXT 1
#define HAVE___ARGZ_STRINGIFY 1
#define PACKAGE "opcodes"
#define PACKAGE_BUGREPORT ""
#define PACKAGE_NAME ""
#define PACKAGE_STRING ""
#define PACKAGE_TARNAME ""
#define PACKAGE_VERSION ""
#define STDC_HEADERS 1
#define VERSION "2.16.91"

configure: exit 0
