0 s: Info: RotationsManager: Cycle-time: 1 ns

0 s: Info: TDLAMBDA: 
   TD(lambda) using parameters:
   lambda = 0
   gamma  = 0
   alpha  = 0.8
   e_min  = 1e-05
0 s: Info: RotationsManager: 
   * FPGA capacity/used: 7/0



0 s: Info: DECODER: Decoder ready.
0 s: Info: MONITOR: 	Size of timeframe: 50,000
	Extended monitoring information between cycles 0 and 1
0 s: Info: RotationsManager: Initializing DLX Pipeline Emulator
   * Module Name:            [Pipeline]
   * Instruction Memory:     [/home/bauer_l/ASIPMeisterProjects/dlx_basis/Applications/Encoder_dynamic_onlyEncode/TestData.IM]
   * Branch Trace:           [/home/bauer_l/ASIPMeisterProjects/dlx_basis/Applications/Encoder_dynamic_onlyEncode/trace.txt]
   * DLX Opcode Definitions: [/home/bauer_l//RotationsManager/DLX/dlxops.dlx]

28 ns: Info: PREFETCHER: 
SysDyn:	FORECAST POINT:	at address 0xcb
SysDyn:	CURRENT PREDICTION:	0.0	0.0	0.0	0.0	396.0	396.0	
SysDyn:	CONFIGURATION STATUS:	   * FPGA capacity/used: 7/0

SysDyn:	SWAP-IN QUEUE:	[atom_CollapseAdd], needed/available: 3/0 swap-ins/evictions: 0/0 --> IPred_HDC16x16_HW_03 IPred_VDC16x16_HW_02 
SysDyn:	SWAP-IN QUEUE:	[atom_PackLBytes], needed/available: 4/0 swap-ins/evictions: 0/0 --> IPred_HDC16x16_HW_03 
SysDyn:	SWAP-IN QUEUE:	[atom_PackLBytes], needed/available: 4/0 swap-ins/evictions: 0/0 --> IPred_HDC16x16_HW_03 
SysDyn:	SWAP-IN QUEUE:	[atom_PackLBytes], needed/available: 4/0 swap-ins/evictions: 0/0 --> IPred_HDC16x16_HW_03 
SysDyn:	SWAP-IN QUEUE:	[atom_PackLBytes], needed/available: 4/0 swap-ins/evictions: 0/0 --> IPred_HDC16x16_HW_03 
SysDyn:	SWAP-IN QUEUE:	[atom_CollapseAdd], needed/available: 3/0 swap-ins/evictions: 0/0 --> IPred_HDC16x16_HW_03 IPred_VDC16x16_HW_02 
SysDyn:	SWAP-IN QUEUE:	[atom_CollapseAdd], needed/available: 3/0 swap-ins/evictions: 0/0 --> IPred_HDC16x16_HW_03 IPred_VDC16x16_HW_02 
================================================================================

50 us: Info: MONITOR:    SI usages in last timeframe  	0	0	0	0	0	0	

100 us: Info: MONITOR:    SI usages in last timeframe  	0	0	0	0	0	0	

100028 ns: Info: PREFETCHER: completed loading atom atom_CollapseAdd in cycle 100,029. It is used for following molecules: IPred_HDC16x16_HW_03 IPred_VDC16x16_HW_02 

150 us: Info: MONITOR:    SI usages in last timeframe  	0	0	0	0	0	0	

200 us: Info: MONITOR:    SI usages in last timeframe  	0	0	0	0	0	0	

200028 ns: Info: PREFETCHER: completed loading atom atom_PackLBytes in cycle 200,029. It is used for following molecules: IPred_HDC16x16_HW_03 

250 us: Info: MONITOR:    SI usages in last timeframe  	0	0	0	0	0	0	

300 us: Info: MONITOR:    SI usages in last timeframe  	0	0	0	0	0	0	

300028 ns: Info: PREFETCHER: completed loading atom atom_PackLBytes in cycle 300,029. It is used for following molecules: IPred_HDC16x16_HW_03 

350 us: Info: MONITOR:    SI usages in last timeframe  	0	0	0	0	0	0	

400 us: Info: MONITOR:    SI usages in last timeframe  	0	0	0	0	0	0	

400028 ns: Info: PREFETCHER: completed loading atom atom_PackLBytes in cycle 400,029. It is used for following molecules: IPred_HDC16x16_HW_03 

450 us: Info: MONITOR:    SI usages in last timeframe  	0	0	0	0	0	0	

450112 ns: Info: MONITOR: Molecule	 - none first time used - 	is replaced by molecule	IPred_HDC16x16_HW_02	and was used	0	- times.

450943 ns: Info: MONITOR: Molecule	 - none first time used - 	is replaced by molecule	IPred_VDC16x16_HW_00	and was used	0	- times.

500 us: Info: MONITOR:    SI usages in last timeframe  	0	0	0	0	59	58	

500028 ns: Info: PREFETCHER: completed loading atom atom_PackLBytes in cycle 500,029. It is used for following molecules: IPred_HDC16x16_HW_03 

500377 ns: Info: MONITOR: Molecule	IPred_HDC16x16_HW_02	is replaced by molecule	IPred_HDC16x16_HW_03	and was used	59	- times.

550 us: Info: MONITOR:    SI usages in last timeframe  	0	0	0	0	59	59	

600 us: Info: MONITOR:    SI usages in last timeframe  	0	0	0	0	59	59	

600028 ns: Info: PREFETCHER: completed loading atom atom_CollapseAdd in cycle 600,029. It is used for following molecules: IPred_HDC16x16_HW_03 IPred_VDC16x16_HW_02 

601388 ns: Info: MONITOR: Molecule	IPred_VDC16x16_HW_00	is replaced by molecule	IPred_VDC16x16_HW_01	and was used	177	- times.

650 us: Info: MONITOR:    SI usages in last timeframe  	0	0	0	0	59	59	

700 us: Info: MONITOR:    SI usages in last timeframe  	0	0	0	0	59	59	

700028 ns: Info: PREFETCHER: completed loading atom atom_CollapseAdd in cycle 700,029. It is used for following molecules: IPred_HDC16x16_HW_03 IPred_VDC16x16_HW_02 

701332 ns: Info: MONITOR: Molecule	IPred_VDC16x16_HW_01	is replaced by molecule	IPred_VDC16x16_HW_02	and was used	118	- times.

750 us: Info: MONITOR:    SI usages in last timeframe  	0	0	0	0	59	59	

785859 ns: Info: PREFETCHER: 
SysDyn:	FORECAST POINT:	at address 0xe7
SysDyn:	CURRENT PREDICTION:	0.0	0.0	0.0	350.0	46.0	46.0	
SysDyn:	CONFIGURATION STATUS:	   * FPGA capacity/used: 7/7

SysDyn:	SWAP-IN QUEUE:	[atom_BytePack], needed/available: 2/0 swap-ins/evictions: 0/0 --> MC_Hz4_HW_02 
SysDyn:	SWAP-IN QUEUE:	[atom_Clip3], needed/available: 1/0 swap-ins/evictions: 0/0 --> MC_Hz4_HW_02 
SysDyn:	SWAP-IN QUEUE:	[atom_PointFilter], needed/available: 2/0 swap-ins/evictions: 0/0 --> MC_Hz4_HW_02 
SysDyn:	SWAP-IN QUEUE:	[atom_PointFilter], needed/available: 2/0 swap-ins/evictions: 0/0 --> MC_Hz4_HW_02 
SysDyn:	SWAP-IN QUEUE:	[atom_BytePack], needed/available: 2/0 swap-ins/evictions: 0/0 --> MC_Hz4_HW_02 
================================================================================

800 us: Info: MONITOR:    SI usages in last timeframe  	0	0	0	0	42	42	

850 us: Info: MONITOR:    SI usages in last timeframe  	0	0	0	0	0	0	

885859 ns: Info: PREFETCHER: completed loading atom atom_BytePack in cycle 885,860. It is used for following molecules: MC_Hz4_HW_02 

900 us: Info: MONITOR:    SI usages in last timeframe  	0	0	0	0	0	0	

950 us: Info: MONITOR:    SI usages in last timeframe  	0	0	0	0	0	0	

985859 ns: Info: PREFETCHER: completed loading atom atom_Clip3 in cycle 985,860. It is used for following molecules: MC_Hz4_HW_02 

1 ms: Info: MONITOR:    SI usages in last timeframe  	0	0	0	0	0	0	

1050 us: Info: MONITOR:    SI usages in last timeframe  	0	0	0	0	0	0	

1085859 ns: Info: PREFETCHER: completed loading atom atom_PointFilter in cycle 1,085,860. It is used for following molecules: MC_Hz4_HW_02 

1100 us: Info: MONITOR:    SI usages in last timeframe  	0	0	0	0	0	0	

1150 us: Info: MONITOR:    SI usages in last timeframe  	0	0	0	0	0	0	

1185859 ns: Info: PREFETCHER: completed loading atom atom_PointFilter in cycle 1,185,860. It is used for following molecules: MC_Hz4_HW_02 

1200 us: Info: MONITOR:    SI usages in last timeframe  	0	0	0	0	0	0	

1235969 ns: Info: MONITOR: Molecule	IPred_HDC16x16_HW_03	is replaced by molecule	IPred_HDC16x16_HW_00	and was used	337	- times.

1236800 ns: Info: MONITOR: Molecule	IPred_VDC16x16_HW_02	is replaced by molecule	IPred_VDC16x16_HW_00	and was used	101	- times.

1244621 ns: Info: MONITOR: Molecule	 - none first time used - 	is replaced by molecule	MC_Hz4_HW_01	and was used	0	- times.

1250 us: Info: MONITOR:    SI usages in last timeframe  	0	0	0	7	9	10	

1285859 ns: Info: PREFETCHER: completed loading atom atom_BytePack in cycle 1,285,860. It is used for following molecules: MC_Hz4_HW_02 

1286949 ns: Info: MONITOR: Molecule	MC_Hz4_HW_01	is replaced by molecule	MC_Hz4_HW_02	and was used	51	- times.

1300 us: Info: MONITOR:    SI usages in last timeframe  	0	0	0	60	0	0	

1350 us: Info: MONITOR:    SI usages in last timeframe  	0	0	0	61	0	0	

1400 us: Info: MONITOR:    SI usages in last timeframe  	0	0	0	60	0	0	

1450 us: Info: MONITOR:    SI usages in last timeframe  	0	0	0	60	0	0	

1500 us: Info: MONITOR:    SI usages in last timeframe  	0	0	0	61	0	0	

1550 us: Info: MONITOR:    SI usages in last timeframe  	0	0	0	60	0	0	

1564343 ns: Info: PREFETCHER: 
SysDyn:	FORECAST POINT:	at address 0xe7
SysDyn:	CURRENT PREDICTION:	0.0	0.0	0.0	379.6	16.4	16.4	
SysDyn:	CONFIGURATION STATUS:	   * FPGA capacity/used: 7/7

================================================================================

1600 us: Info: MONITOR:    SI usages in last timeframe  	0	0	0	17	0	0	

1650 us: Info: MONITOR:    SI usages in last timeframe  	0	0	0	0	0	0	

1700 us: Info: MONITOR:    SI usages in last timeframe  	0	0	0	0	0	0	

1750 us: Info: MONITOR:    SI usages in last timeframe  	0	0	0	0	0	0	

1800 us: Info: MONITOR:    SI usages in last timeframe  	0	0	0	0	0	0	

1850 us: Info: MONITOR:    SI usages in last timeframe  	0	0	0	0	0	0	

1900 us: Info: MONITOR:    SI usages in last timeframe  	0	0	0	0	0	0	

1950 us: Info: MONITOR:    SI usages in last timeframe  	0	0	0	0	0	0	

2 ms: Info: MONITOR:    SI usages in last timeframe  	0	0	0	0	0	0	

2050 us: Info: MONITOR:    SI usages in last timeframe  	0	0	0	32	11	11	

2100 us: Info: MONITOR:    SI usages in last timeframe  	0	0	0	60	0	0	

2150 us: Info: MONITOR:    SI usages in last timeframe  	0	0	0	61	0	0	

2200 us: Info: MONITOR:    SI usages in last timeframe  	0	0	0	60	0	0	

2250 us: Info: MONITOR:    SI usages in last timeframe  	0	0	0	60	0	0	

2300 us: Info: MONITOR:    SI usages in last timeframe  	0	0	0	61	0	0	

2342821 ns: Info: PREFETCHER: 
SysDyn:	FORECAST POINT:	at address 0xe7
SysDyn:	CURRENT PREDICTION:	0.0	0.0	0.0	383.9	12.1	12.1	
SysDyn:	CONFIGURATION STATUS:	   * FPGA capacity/used: 7/7

================================================================================

2350 us: Info: MONITOR:    SI usages in last timeframe  	0	0	0	51	0	0	

2400 us: Info: MONITOR:    SI usages in last timeframe  	0	0	0	0	0	0	

2450 us: Info: MONITOR:    SI usages in last timeframe  	0	0	0	0	0	0	

2500 us: Info: MONITOR:    SI usages in last timeframe  	0	0	0	0	0	0	

2550 us: Info: MONITOR:    SI usages in last timeframe  	0	0	0	0	0	0	

2600 us: Info: MONITOR:    SI usages in last timeframe  	0	0	0	0	0	0	

2650 us: Info: MONITOR:    SI usages in last timeframe  	0	0	0	0	0	0	

2700 us: Info: MONITOR:    SI usages in last timeframe  	0	0	0	0	0	0	

2750 us: Info: MONITOR:    SI usages in last timeframe  	0	0	0	0	0	0	

2800 us: Info: MONITOR:    SI usages in last timeframe  	0	0	0	3	6	6	

2850 us: Info: MONITOR:    SI usages in last timeframe  	0	0	0	60	0	0	

2900 us: Info: MONITOR:    SI usages in last timeframe  	0	0	0	61	0	0	

2950 us: Info: MONITOR:    SI usages in last timeframe  	0	0	0	60	0	0	

3 ms: Info: MONITOR:    SI usages in last timeframe  	0	0	0	60	0	0	

3050 us: Info: MONITOR:    SI usages in last timeframe  	0	0	0	61	0	0	

3100 us: Info: MONITOR:    SI usages in last timeframe  	0	0	0	60	0	0	

3121074 ns: Info: PREFETCHER: 
SysDyn:	FORECAST POINT:	at address 0xe7
SysDyn:	CURRENT PREDICTION:	0.0	0.0	0.0	388.8	7.2	7.2	
SysDyn:	CONFIGURATION STATUS:	   * FPGA capacity/used: 7/7

================================================================================

3150 us: Info: MONITOR:    SI usages in last timeframe  	0	0	0	25	0	0	

3200 us: Info: MONITOR:    SI usages in last timeframe  	0	0	0	0	0	0	

3250 us: Info: MONITOR:    SI usages in last timeframe  	0	0	0	0	0	0	

3300 us: Info: MONITOR:    SI usages in last timeframe  	0	0	0	0	0	0	

3350 us: Info: MONITOR:    SI usages in last timeframe  	0	0	0	0	0	0	

3400 us: Info: MONITOR:    SI usages in last timeframe  	0	0	0	0	0	0	

3450 us: Info: MONITOR:    SI usages in last timeframe  	0	0	0	0	0	0	

3500 us: Info: MONITOR:    SI usages in last timeframe  	0	0	0	0	0	0	

3550 us: Info: MONITOR:    SI usages in last timeframe  	0	0	0	0	0	0	

3600 us: Info: MONITOR:    SI usages in last timeframe  	0	0	0	28	7	7	

3650 us: Info: MONITOR:    SI usages in last timeframe  	0	0	0	60	0	0	

3700 us: Info: MONITOR:    SI usages in last timeframe  	0	0	0	61	0	0	

3750 us: Info: MONITOR:    SI usages in last timeframe  	0	0	0	60	0	0	

3800 us: Info: MONITOR:    SI usages in last timeframe  	0	0	0	61	0	0	

3850 us: Info: MONITOR:    SI usages in last timeframe  	0	0	0	60	0	0	

3899372 ns: Info: PREFETCHER: 
SysDyn:	FORECAST POINT:	at address 0xe7
SysDyn:	CURRENT PREDICTION:	0.0	0.0	0.0	389.0	7.0	7.0	
SysDyn:	CONFIGURATION STATUS:	   * FPGA capacity/used: 7/7

================================================================================

3900 us: Info: MONITOR:    SI usages in last timeframe  	0	0	0	59	0	0	

3950 us: Info: MONITOR:    SI usages in last timeframe  	0	0	0	0	0	0	

4 ms: Info: MONITOR:    SI usages in last timeframe  	0	0	0	0	0	0	

4050 us: Info: MONITOR:    SI usages in last timeframe  	0	0	0	0	0	0	

4100 us: Info: MONITOR:    SI usages in last timeframe  	0	0	0	0	0	0	

4150 us: Info: MONITOR:    SI usages in last timeframe  	0	0	0	0	0	0	

4200 us: Info: MONITOR:    SI usages in last timeframe  	0	0	0	0	0	0	

4250 us: Info: MONITOR:    SI usages in last timeframe  	0	0	0	0	0	0	

4300 us: Info: MONITOR:    SI usages in last timeframe  	0	0	0	0	0	0	

4350 us: Info: MONITOR:    SI usages in last timeframe  	0	0	0	1	1	0	

4400 us: Info: MONITOR:    SI usages in last timeframe  	0	0	0	54	5	6	

4450 us: Info: MONITOR:    SI usages in last timeframe  	0	0	0	61	0	0	

4500 us: Info: MONITOR:    SI usages in last timeframe  	0	0	0	60	0	0	

4550 us: Info: MONITOR:    SI usages in last timeframe  	0	0	0	60	0	0	

4600 us: Info: MONITOR:    SI usages in last timeframe  	0	0	0	61	0	0	

4650 us: Info: MONITOR:    SI usages in last timeframe  	0	0	0	60	0	0	

4677625 ns: Info: PREFETCHER: 
SysDyn:	FORECAST POINT:	at address 0xe7
SysDyn:	CURRENT PREDICTION:	0.0	0.0	0.0	389.8	6.2	6.2	
SysDyn:	CONFIGURATION STATUS:	   * FPGA capacity/used: 7/7

================================================================================

4700 us: Info: MONITOR:    SI usages in last timeframe  	0	0	0	33	0	0	

4750 us: Info: MONITOR:    SI usages in last timeframe  	0	0	0	0	0	0	

4800 us: Info: MONITOR:    SI usages in last timeframe  	0	0	0	0	0	0	

4850 us: Info: MONITOR:    SI usages in last timeframe  	0	0	0	0	0	0	

4900 us: Info: MONITOR:    SI usages in last timeframe  	0	0	0	0	0	0	

4950 us: Info: MONITOR:    SI usages in last timeframe  	0	0	0	0	0	0	

5 ms: Info: MONITOR:    SI usages in last timeframe  	0	0	0	0	0	0	

5050 us: Info: MONITOR:    SI usages in last timeframe  	0	0	0	0	0	0	

5100 us: Info: MONITOR:    SI usages in last timeframe  	0	0	0	0	0	0	

5150 us: Info: MONITOR:    SI usages in last timeframe  	0	0	0	23	4	4	

5200 us: Info: MONITOR:    SI usages in last timeframe  	0	0	0	61	0	0	

5250 us: Info: MONITOR:    SI usages in last timeframe  	0	0	0	60	0	0	

5300 us: Info: MONITOR:    SI usages in last timeframe  	0	0	0	60	0	0	

5350 us: Info: MONITOR:    SI usages in last timeframe  	0	0	0	61	0	0	

5400 us: Info: MONITOR:    SI usages in last timeframe  	0	0	0	60	0	0	

5450 us: Info: MONITOR:    SI usages in last timeframe  	0	0	0	61	0	0	

5455788 ns: Info: PREFETCHER: 
SysDyn:	FORECAST POINT:	at address 0xe7
SysDyn:	CURRENT PREDICTION:	0.0	0.0	0.0	391.6	4.4	4.4	
SysDyn:	CONFIGURATION STATUS:	   * FPGA capacity/used: 7/7

================================================================================

5500 us: Info: MONITOR:    SI usages in last timeframe  	0	0	0	6	0	0	

5550 us: Info: MONITOR:    SI usages in last timeframe  	0	0	0	0	0	0	

5600 us: Info: MONITOR:    SI usages in last timeframe  	0	0	0	0	0	0	

5650 us: Info: MONITOR:    SI usages in last timeframe  	0	0	0	0	0	0	

5700 us: Info: MONITOR:    SI usages in last timeframe  	0	0	0	0	0	0	

5750 us: Info: MONITOR:    SI usages in last timeframe  	0	0	0	0	0	0	

5800 us: Info: MONITOR:    SI usages in last timeframe  	0	0	0	0	0	0	

5850 us: Info: MONITOR:    SI usages in last timeframe  	0	0	0	0	0	0	

5900 us: Info: MONITOR:    SI usages in last timeframe  	0	0	0	0	0	0	

5950 us: Info: MONITOR:    SI usages in last timeframe  	0	0	0	46	7	7	

6 ms: Info: MONITOR:    SI usages in last timeframe  	0	0	0	61	0	0	

6050 us: Info: MONITOR:    SI usages in last timeframe  	0	0	0	60	0	0	

6100 us: Info: MONITOR:    SI usages in last timeframe  	0	0	0	61	0	0	

6150 us: Info: MONITOR:    SI usages in last timeframe  	0	0	0	60	0	0	

6200 us: Info: MONITOR:    SI usages in last timeframe  	0	0	0	60	0	0	

6234086 ns: Info: PREFETCHER: 
SysDyn:	FORECAST POINT:	at address 0xe7
SysDyn:	CURRENT PREDICTION:	0.0	0.0	0.0	389.5	6.5	6.5	
SysDyn:	CONFIGURATION STATUS:	   * FPGA capacity/used: 7/7

================================================================================

6250 us: Info: MONITOR:    SI usages in last timeframe  	0	0	0	41	0	0	

6300 us: Info: MONITOR:    SI usages in last timeframe  	0	0	0	0	0	0	

6350 us: Info: MONITOR:    SI usages in last timeframe  	0	0	0	0	0	0	

6400 us: Info: MONITOR:    SI usages in last timeframe  	0	0	0	0	0	0	

6450 us: Info: MONITOR:    SI usages in last timeframe  	0	0	0	0	0	0	

6500 us: Info: MONITOR:    SI usages in last timeframe  	0	0	0	0	0	0	

6550 us: Info: MONITOR:    SI usages in last timeframe  	0	0	0	0	0	0	

6600 us: Info: MONITOR:    SI usages in last timeframe  	0	0	0	0	0	0	

6650 us: Info: MONITOR:    SI usages in last timeframe  	0	0	0	0	0	0	

6700 us: Info: MONITOR:    SI usages in last timeframe  	0	0	0	10	9	9	

6750 us: Info: MONITOR:    SI usages in last timeframe  	0	0	0	61	0	0	

6800 us: Info: MONITOR:    SI usages in last timeframe  	0	0	0	60	0	0	

6850 us: Info: MONITOR:    SI usages in last timeframe  	0	0	0	60	0	0	

6900 us: Info: MONITOR:    SI usages in last timeframe  	0	0	0	61	0	0	

6950 us: Info: MONITOR:    SI usages in last timeframe  	0	0	0	60	0	0	

7 ms: Info: MONITOR:    SI usages in last timeframe  	0	0	0	60	0	0	

7012474 ns: Info: PREFETCHER: 
SysDyn:	FORECAST POINT:	at address 0xe7
SysDyn:	CURRENT PREDICTION:	0.0	0.0	0.0	387.5	8.5	8.5	
SysDyn:	CONFIGURATION STATUS:	   * FPGA capacity/used: 7/7

================================================================================

7050 us: Info: MONITOR:    SI usages in last timeframe  	0	0	0	15	0	0	

7100 us: Info: MONITOR:    SI usages in last timeframe  	0	0	0	0	0	0	

7150 us: Info: MONITOR:    SI usages in last timeframe  	0	0	0	0	0	0	

7200 us: Info: MONITOR:    SI usages in last timeframe  	0	0	0	0	0	0	

7250 us: Info: MONITOR:    SI usages in last timeframe  	0	0	0	0	0	0	

7300 us: Info: MONITOR:    SI usages in last timeframe  	0	0	0	0	0	0	

7350 us: Info: MONITOR:    SI usages in last timeframe  	0	0	0	0	0	0	

7400 us: Info: MONITOR:    SI usages in last timeframe  	0	0	0	0	0	0	

7450 us: Info: MONITOR:    SI usages in last timeframe  	0	0	0	0	0	0	

7500 us: Info: MONITOR:    SI usages in last timeframe  	0	0	0	37	8	8	

7550 us: Info: MONITOR:    SI usages in last timeframe  	0	0	0	61	0	0	

7600 us: Info: MONITOR:    SI usages in last timeframe  	0	0	0	60	0	0	

7650 us: Info: MONITOR:    SI usages in last timeframe  	0	0	0	60	0	0	

7700 us: Info: MONITOR:    SI usages in last timeframe  	0	0	0	61	0	0	

7750 us: Info: MONITOR:    SI usages in last timeframe  	0	0	0	60	0	0	

7790817 ns: Info: PREFETCHER: 
SysDyn:	FORECAST POINT:	at address 0xe7
SysDyn:	CURRENT PREDICTION:	0.0	0.0	0.0	387.9	8.1	8.1	
SysDyn:	CONFIGURATION STATUS:	   * FPGA capacity/used: 7/7

================================================================================

7790856 ns: Info: RotationsManager: 
TOTAL: Branches              503994
       Fetch Stalls:         50826
       Decode Stalls:        0
       EXE Stage Stalls:     3400000
       Load/Store Stalls:    200140
       Write Back Stalls:    0
       Cycles (total):       7790856
       Instructions fetched: 4239890

7790856 ns: Info: MONITOR: 		The following Molecule was not replaced until end of simulation: 	MC_Hz4_HW_02	 it was used	3445	- times till then.

7790856 ns: Info: MONITOR: 		The following Molecule was not replaced until end of simulation: 	IPred_HDC16x16_HW_00	 it was used	67	- times till then.

7790856 ns: Info: MONITOR: 		The following Molecule was not replaced until end of simulation: 	IPred_VDC16x16_HW_00	 it was used	67	- times till then.

7790856 ns: Info: MONITOR: 

7790856 ns: Info: RotationsManager: Gesamtdauer: 19.23 Sekunden.
7790856 ns: Info: RotationsManager: Cleaning up Pipeline

7790856 ns: Info: MONITOR: 
PREDICTION TABLE
Node       | Backups    | E    | Insns      | Function Type Predictions                                                         |
0xcb       |          1 | 0.00 | 0.0	0.0	0.0	0.0	396.0	396.0	

0xe7       |          9 | 0.00 | 0.0	0.0	0.0	387.9	8.1	8.1	



SETTINGS
  + slots:              7
  + time per atom:      100000
  + TD prediction       
    - lambda:           0.0
    - gamma:            0.0
    - alpha:            0.8
    - e_min:            0.0

CYCLE COUNT
  + fastest possible:   7778449
  + slowest possible:   8634697
  + this run:           7790857
    - cycles saved (%): 843840 (9.8 %)
    - cycles lost (%) : 12408 (0.2 %)
  + basic ops:          7735608
  + ad-hoc stalls:      0
    - tot. # specops:   0

EXECUTION COUNT
  + forecast bursts:    11
  + specop execs:       4423
    - HW executions:    4423
    - SW executions:    0
    - coverage:         100.0 %

ATOM SWAP-IN / SWAP-OUT
  + swap-ins:           12
  + swap-out:           5

BRANCH AND BOUND
  + tot. # possible:    2295
  + tot. # checked:     23
  + checked %:          1.0 %

COUNTS PER 10000 INSTRUCTIONS
fb: forecast bursts
#SI: total # of Special Instructions
#hw: # executed HW-Molecules
#sw: # executed SW-Molecules
la: loaded atoms (finish time [cycle])
s-out: swapped-out atoms
cycle	fb	#SI	#hw	#sw	la	s-out	possible	checked	adhoc_w	adhoc_t
44903	1	0	0	0	 	 	45	3	0
89903	0	0	0	0	 	 	0	0	0
134903	0	0	0	0	atom_CollapseAdd(100,029) 	 	0	0	0
179903	0	0	0	0	 	 	0	0	0
224903	0	0	0	0	atom_PackLBytes(200,029) 	 	0	0	0
269903	0	0	0	0	 	 	0	0	0
314903	0	0	0	0	atom_PackLBytes(300,029) 	 	0	0	0
359903	0	0	0	0	 	 	0	0	0
404903	0	0	0	0	atom_PackLBytes(400,029) 	 	0	0	0
449903	0	0	0	0	 	 	0	0	0
460379	0	26	26	0	 	 	0	0	0
470715	0	24	24	0	 	 	0	0	0
481051	0	24	24	0	 	 	0	0	0
491387	0	24	24	0	 	 	0	0	0
501717	0	24	24	0	atom_PackLBytes(500,029) 	 	0	0	0
512017	0	24	24	0	 	 	0	0	0
522317	0	24	24	0	 	 	0	0	0
532618	0	24	24	0	 	 	0	0	0
542942	0	26	26	0	 	 	0	0	0
553242	0	24	24	0	 	 	0	0	0
563542	0	24	24	0	 	 	0	0	0
573842	0	24	24	0	 	 	0	0	0
584142	0	24	24	0	 	 	0	0	0
594442	0	24	24	0	 	 	0	0	0
604732	0	24	24	0	atom_CollapseAdd(600,029) 	 	0	0	0
615031	0	26	26	0	 	 	0	0	0
625307	0	24	24	0	 	 	0	0	0
635583	0	24	24	0	 	 	0	0	0
645859	0	24	24	0	 	 	0	0	0
656135	0	24	24	0	 	 	0	0	0
666411	0	24	24	0	 	 	0	0	0
676687	0	24	24	0	 	 	0	0	0
686986	0	26	26	0	 	 	0	0	0
697262	0	24	24	0	 	 	0	0	0
707520	0	24	24	0	atom_CollapseAdd(700,029) 	 	0	0	0
717772	0	24	24	0	 	 	0	0	0
728024	0	24	24	0	 	 	0	0	0
738276	0	24	24	0	 	 	0	0	0
748528	0	24	24	0	 	 	0	0	0
758780	0	24	24	0	 	 	0	0	0
769053	0	26	26	0	 	 	0	0	0
779305	0	24	24	0	 	 	0	0	0
802025	1	14	14	0	 	atom_PackLBytes 	225	2	0
847025	0	0	0	0	 	 	0	0	0
892025	0	0	0	0	atom_BytePack(885,860) 	atom_PackLBytes 	0	0	0
937025	0	0	0	0	 	 	0	0	0
982025	0	0	0	0	 	 	0	0	0
1027025	0	0	0	0	atom_Clip3(985,860) 	atom_CollapseAdd 	0	0	0
1072025	0	0	0	0	 	 	0	0	0
1117025	0	0	0	0	atom_PointFilter(1,085,860) 	atom_PackLBytes 	0	0	0
1162025	0	0	0	0	 	 	0	0	0
1207025	0	0	0	0	atom_PointFilter(1,185,860) 	atom_CollapseAdd 	0	0	0
1239712	0	10	10	0	 	 	0	0	0
1250020	0	16	16	0	 	 	0	0	0
1260188	0	12	12	0	 	 	0	0	0
1270370	0	13	13	0	 	 	0	0	0
1280538	0	12	12	0	 	 	0	0	0
1290694	0	12	12	0	atom_BytePack(1,285,860) 	 	0	0	0
1300838	0	12	12	0	 	 	0	0	0
1310994	0	13	13	0	 	 	0	0	0
1321138	0	12	12	0	 	 	0	0	0
1331282	0	12	12	0	 	 	0	0	0
1341426	0	12	12	0	 	 	0	0	0
1351582	0	13	13	0	 	 	0	0	0
1361726	0	12	12	0	 	 	0	0	0
1371870	0	12	12	0	 	 	0	0	0
1382014	0	12	12	0	 	 	0	0	0
1392170	0	13	13	0	 	 	0	0	0
1402314	0	12	12	0	 	 	0	0	0
1412458	0	12	12	0	 	 	0	0	0
1422602	0	12	12	0	 	 	0	0	0
1432758	0	13	13	0	 	 	0	0	0
1442902	0	12	12	0	 	 	0	0	0
1453046	0	12	12	0	 	 	0	0	0
1463190	0	12	12	0	 	 	0	0	0
1473346	0	13	13	0	 	 	0	0	0
1483490	0	12	12	0	 	 	0	0	0
1493634	0	12	12	0	 	 	0	0	0
1503778	0	12	12	0	 	 	0	0	0
1513934	0	13	13	0	 	 	0	0	0
1524078	0	12	12	0	 	 	0	0	0
1534222	0	12	12	0	 	 	0	0	0
1544366	0	12	12	0	 	 	0	0	0
1554522	0	13	13	0	 	 	0	0	0
1565712	1	11	11	0	 	 	225	2	0
1610712	0	0	0	0	 	 	0	0	0
1655712	0	0	0	0	 	 	0	0	0
1700712	0	0	0	0	 	 	0	0	0
1745712	0	0	0	0	 	 	0	0	0
1790712	0	0	0	0	 	 	0	0	0
1835712	0	0	0	0	 	 	0	0	0
1880712	0	0	0	0	 	 	0	0	0
1925712	0	0	0	0	 	 	0	0	0
1970712	0	0	0	0	 	 	0	0	0
2014718	0	2	2	0	 	 	0	0	0
2025232	0	22	22	0	 	 	0	0	0
2035376	0	12	12	0	 	 	0	0	0
2045520	0	12	12	0	 	 	0	0	0
2055676	0	13	13	0	 	 	0	0	0
2065820	0	12	12	0	 	 	0	0	0
2075964	0	12	12	0	 	 	0	0	0
2086108	0	12	12	0	 	 	0	0	0
2096264	0	13	13	0	 	 	0	0	0
2106408	0	12	12	0	 	 	0	0	0
2116552	0	12	12	0	 	 	0	0	0
2126697	0	12	12	0	 	 	0	0	0
2136852	0	13	13	0	 	 	0	0	0
2146996	0	12	12	0	 	 	0	0	0
2157140	0	12	12	0	 	 	0	0	0
2167296	0	13	13	0	 	 	0	0	0
2177440	0	12	12	0	 	 	0	0	0
2187584	0	12	12	0	 	 	0	0	0
2197728	0	12	12	0	 	 	0	0	0
2207884	0	13	13	0	 	 	0	0	0
2218028	0	12	12	0	 	 	0	0	0
2228172	0	12	12	0	 	 	0	0	0
2238316	0	12	12	0	 	 	0	0	0
2248472	0	13	13	0	 	 	0	0	0
2258616	0	12	12	0	 	 	0	0	0
2268760	0	12	12	0	 	 	0	0	0
2278904	0	12	12	0	 	 	0	0	0
2289060	0	13	13	0	 	 	0	0	0
2299204	0	12	12	0	 	 	0	0	0
2309348	0	12	12	0	 	 	0	0	0
2319492	0	12	12	0	 	 	0	0	0
2329648	0	13	13	0	 	 	0	0	0
2339792	0	12	12	0	 	 	0	0	0
2374335	1	3	3	0	 	 	225	2	0
2419335	0	0	0	0	 	 	0	0	0
2464335	0	0	0	0	 	 	0	0	0
2509335	0	0	0	0	 	 	0	0	0
2554335	0	0	0	0	 	 	0	0	0
2599335	0	0	0	0	 	 	0	0	0
2644335	0	0	0	0	 	 	0	0	0
2689335	0	0	0	0	 	 	0	0	0
2734335	0	0	0	0	 	 	0	0	0
2779335	0	0	0	0	 	 	0	0	0
2800173	0	15	15	0	 	 	0	0	0
2810317	0	12	12	0	 	 	0	0	0
2820461	0	12	12	0	 	 	0	0	0
2830617	0	13	13	0	 	 	0	0	0
2840761	0	12	12	0	 	 	0	0	0
2850905	0	12	12	0	 	 	0	0	0
2861049	0	12	12	0	 	 	0	0	0
2871205	0	13	13	0	 	 	0	0	0
2881349	0	12	12	0	 	 	0	0	0
2891493	0	12	12	0	 	 	0	0	0
2901638	0	12	12	0	 	 	0	0	0
2911793	0	13	13	0	 	 	0	0	0
2921937	0	12	12	0	 	 	0	0	0
2932081	0	12	12	0	 	 	0	0	0
2942237	0	13	13	0	 	 	0	0	0
2952381	0	12	12	0	 	 	0	0	0
2962525	0	12	12	0	 	 	0	0	0
2972669	0	12	12	0	 	 	0	0	0
2982825	0	13	13	0	 	 	0	0	0
2992969	0	12	12	0	 	 	0	0	0
3003113	0	12	12	0	 	 	0	0	0
3013257	0	12	12	0	 	 	0	0	0
3023413	0	13	13	0	 	 	0	0	0
3033557	0	12	12	0	 	 	0	0	0
3043701	0	12	12	0	 	 	0	0	0
3053845	0	12	12	0	 	 	0	0	0
3064001	0	13	13	0	 	 	0	0	0
3074145	0	12	12	0	 	 	0	0	0
3084289	0	12	12	0	 	 	0	0	0
3094433	0	12	12	0	 	 	0	0	0
3104589	0	13	13	0	 	 	0	0	0
3114733	0	12	12	0	 	 	0	0	0
3137880	1	7	7	0	 	 	225	2	0
3182880	0	0	0	0	 	 	0	0	0
3227880	0	0	0	0	 	 	0	0	0
3272880	0	0	0	0	 	 	0	0	0
3317880	0	0	0	0	 	 	0	0	0
3362880	0	0	0	0	 	 	0	0	0
3407880	0	0	0	0	 	 	0	0	0
3452880	0	0	0	0	 	 	0	0	0
3497880	0	0	0	0	 	 	0	0	0
3542880	0	0	0	0	 	 	0	0	0
3575077	0	10	10	0	 	 	0	0	0
3585295	0	14	14	0	 	 	0	0	0
3595439	0	12	12	0	 	 	0	0	0
3605595	0	13	13	0	 	 	0	0	0
3615739	0	12	12	0	 	 	0	0	0
3625883	0	12	12	0	 	 	0	0	0
3636027	0	12	12	0	 	 	0	0	0
3646183	0	13	13	0	 	 	0	0	0
3656327	0	12	12	0	 	 	0	0	0
3666471	0	12	12	0	 	 	0	0	0
3676615	0	12	12	0	 	 	0	0	0
3686771	0	13	13	0	 	 	0	0	0
3696915	0	12	12	0	 	 	0	0	0
3707059	0	12	12	0	 	 	0	0	0
3717215	0	13	13	0	 	 	0	0	0
3727359	0	12	12	0	 	 	0	0	0
3737503	0	12	12	0	 	 	0	0	0
3747647	0	12	12	0	 	 	0	0	0
3757803	0	13	13	0	 	 	0	0	0
3767947	0	12	12	0	 	 	0	0	0
3778091	0	12	12	0	 	 	0	0	0
3788235	0	12	12	0	 	 	0	0	0
3798391	0	13	13	0	 	 	0	0	0
3808535	0	12	12	0	 	 	0	0	0
3818679	0	12	12	0	 	 	0	0	0
3828823	0	12	12	0	 	 	0	0	0
3838979	0	13	13	0	 	 	0	0	0
3849123	0	12	12	0	 	 	0	0	0
3859267	0	12	12	0	 	 	0	0	0
3869411	0	12	12	0	 	 	0	0	0
3879567	0	13	13	0	 	 	0	0	0
3889711	0	12	12	0	 	 	0	0	0
3901461	1	11	11	0	 	 	225	2	0
3946461	0	0	0	0	 	 	0	0	0
3991461	0	0	0	0	 	 	0	0	0
4036461	0	0	0	0	 	 	0	0	0
4081461	0	0	0	0	 	 	0	0	0
4126461	0	0	0	0	 	 	0	0	0
4171461	0	0	0	0	 	 	0	0	0
4216461	0	0	0	0	 	 	0	0	0
4261461	0	0	0	0	 	 	0	0	0
4306461	0	0	0	0	 	 	0	0	0
4349907	0	2	2	0	 	 	0	0	0
4360236	0	17	17	0	 	 	0	0	0
4370380	0	12	12	0	 	 	0	0	0
4380536	0	13	13	0	 	 	0	0	0
4390680	0	12	12	0	 	 	0	0	0
4400824	0	12	12	0	 	 	0	0	0
4410968	0	12	12	0	 	 	0	0	0
4421124	0	13	13	0	 	 	0	0	0
4431268	0	12	12	0	 	 	0	0	0
4441412	0	12	12	0	 	 	0	0	0
4451556	0	12	12	0	 	 	0	0	0
4461712	0	13	13	0	 	 	0	0	0
4471856	0	12	12	0	 	 	0	0	0
4482000	0	12	12	0	 	 	0	0	0
4492156	0	13	13	0	 	 	0	0	0
4502300	0	12	12	0	 	 	0	0	0
4512444	0	12	12	0	 	 	0	0	0
4522588	0	12	12	0	 	 	0	0	0
4532744	0	13	13	0	 	 	0	0	0
4542888	0	12	12	0	 	 	0	0	0
4553032	0	12	12	0	 	 	0	0	0
4563176	0	12	12	0	 	 	0	0	0
4573332	0	13	13	0	 	 	0	0	0
4583476	0	12	12	0	 	 	0	0	0
4593620	0	12	12	0	 	 	0	0	0
4603764	0	12	12	0	 	 	0	0	0
4613920	0	13	13	0	 	 	0	0	0
4624064	0	12	12	0	 	 	0	0	0
4634208	0	12	12	0	 	 	0	0	0
4644352	0	12	12	0	 	 	0	0	0
4654508	0	13	13	0	 	 	0	0	0
4664652	0	12	12	0	 	 	0	0	0
4674796	0	12	12	0	 	 	0	0	0
4710039	1	3	3	0	 	 	225	2	0
4755039	0	0	0	0	 	 	0	0	0
4800039	0	0	0	0	 	 	0	0	0
4845039	0	0	0	0	 	 	0	0	0
4890039	0	0	0	0	 	 	0	0	0
4935039	0	0	0	0	 	 	0	0	0
4980039	0	0	0	0	 	 	0	0	0
5025039	0	0	0	0	 	 	0	0	0
5070039	0	0	0	0	 	 	0	0	0
5115039	0	0	0	0	 	 	0	0	0
5135103	0	13	13	0	 	 	0	0	0
5145247	0	12	12	0	 	 	0	0	0
5155403	0	13	13	0	 	 	0	0	0
5165547	0	12	12	0	 	 	0	0	0
5175691	0	12	12	0	 	 	0	0	0
5185835	0	12	12	0	 	 	0	0	0
5195991	0	13	13	0	 	 	0	0	0
5206135	0	12	12	0	 	 	0	0	0
5216279	0	12	12	0	 	 	0	0	0
5226435	0	13	13	0	 	 	0	0	0
5236579	0	12	12	0	 	 	0	0	0
5246723	0	12	12	0	 	 	0	0	0
5256867	0	12	12	0	 	 	0	0	0
5267023	0	13	13	0	 	 	0	0	0
5277167	0	12	12	0	 	 	0	0	0
5287311	0	12	12	0	 	 	0	0	0
5297455	0	12	12	0	 	 	0	0	0
5307611	0	13	13	0	 	 	0	0	0
5317755	0	12	12	0	 	 	0	0	0
5327899	0	12	12	0	 	 	0	0	0
5338043	0	12	12	0	 	 	0	0	0
5348199	0	13	13	0	 	 	0	0	0
5358343	0	12	12	0	 	 	0	0	0
5368487	0	12	12	0	 	 	0	0	0
5378631	0	12	12	0	 	 	0	0	0
5388787	0	13	13	0	 	 	0	0	0
5398931	0	12	12	0	 	 	0	0	0
5409075	0	12	12	0	 	 	0	0	0
5419219	0	12	12	0	 	 	0	0	0
5429375	0	13	13	0	 	 	0	0	0
5439519	0	12	12	0	 	 	0	0	0
5449663	0	12	12	0	 	 	0	0	0
5473580	1	7	7	0	 	 	225	2	0
5518580	0	0	0	0	 	 	0	0	0
5563580	0	0	0	0	 	 	0	0	0
5608580	0	0	0	0	 	 	0	0	0
5653580	0	0	0	0	 	 	0	0	0
5698580	0	0	0	0	 	 	0	0	0
5743580	0	0	0	0	 	 	0	0	0
5788580	0	0	0	0	 	 	0	0	0
5833580	0	0	0	0	 	 	0	0	0
5878580	0	0	0	0	 	 	0	0	0
5910007	0	10	10	0	 	 	0	0	0
5920225	0	14	14	0	 	 	0	0	0
5930381	0	13	13	0	 	 	0	0	0
5940525	0	12	12	0	 	 	0	0	0
5950669	0	12	12	0	 	 	0	0	0
5960813	0	12	12	0	 	 	0	0	0
5970969	0	13	13	0	 	 	0	0	0
5981113	0	12	12	0	 	 	0	0	0
5991257	0	12	12	0	 	 	0	0	0
6001402	0	12	12	0	 	 	0	0	0
6011557	0	13	13	0	 	 	0	0	0
6021701	0	12	12	0	 	 	0	0	0
6031845	0	12	12	0	 	 	0	0	0
6042001	0	13	13	0	 	 	0	0	0
6052145	0	12	12	0	 	 	0	0	0
6062289	0	12	12	0	 	 	0	0	0
6072433	0	12	12	0	 	 	0	0	0
6082589	0	13	13	0	 	 	0	0	0
6092733	0	12	12	0	 	 	0	0	0
6102877	0	12	12	0	 	 	0	0	0
6113021	0	12	12	0	 	 	0	0	0
6123177	0	13	13	0	 	 	0	0	0
6133321	0	12	12	0	 	 	0	0	0
6143465	0	12	12	0	 	 	0	0	0
6153609	0	12	12	0	 	 	0	0	0
6163765	0	13	13	0	 	 	0	0	0
6173909	0	12	12	0	 	 	0	0	0
6184053	0	12	12	0	 	 	0	0	0
6194197	0	12	12	0	 	 	0	0	0
6204353	0	13	13	0	 	 	0	0	0
6214497	0	12	12	0	 	 	0	0	0
6224641	0	12	12	0	 	 	0	0	0
6237160	1	11	11	0	 	 	225	2	0
6282160	0	0	0	0	 	 	0	0	0
6327160	0	0	0	0	 	 	0	0	0
6372160	0	0	0	0	 	 	0	0	0
6417160	0	0	0	0	 	 	0	0	0
6462160	0	0	0	0	 	 	0	0	0
6507160	0	0	0	0	 	 	0	0	0
6552160	0	0	0	0	 	 	0	0	0
6597160	0	0	0	0	 	 	0	0	0
6642160	0	0	0	0	 	 	0	0	0
6684837	0	2	2	0	 	 	0	0	0
6695277	0	20	20	0	 	 	0	0	0
6705433	0	13	13	0	 	 	0	0	0
6715577	0	12	12	0	 	 	0	0	0
6725721	0	12	12	0	 	 	0	0	0
6735865	0	12	12	0	 	 	0	0	0
6746021	0	13	13	0	 	 	0	0	0
6756165	0	12	12	0	 	 	0	0	0
6766309	0	12	12	0	 	 	0	0	0
6776453	0	12	12	0	 	 	0	0	0
6786609	0	13	13	0	 	 	0	0	0
6796753	0	12	12	0	 	 	0	0	0
6806897	0	12	12	0	 	 	0	0	0
6817041	0	12	12	0	 	 	0	0	0
6827197	0	13	13	0	 	 	0	0	0
6837341	0	12	12	0	 	 	0	0	0
6847485	0	12	12	0	 	 	0	0	0
6857641	0	13	13	0	 	 	0	0	0
6867785	0	12	12	0	 	 	0	0	0
6877929	0	12	12	0	 	 	0	0	0
6888073	0	12	12	0	 	 	0	0	0
6898229	0	13	13	0	 	 	0	0	0
6908373	0	12	12	0	 	 	0	0	0
6918517	0	12	12	0	 	 	0	0	0
6928661	0	12	12	0	 	 	0	0	0
6938817	0	13	13	0	 	 	0	0	0
6948961	0	12	12	0	 	 	0	0	0
6959105	0	12	12	0	 	 	0	0	0
6969249	0	12	12	0	 	 	0	0	0
6979405	0	13	13	0	 	 	0	0	0
6989549	0	12	12	0	 	 	0	0	0
6999693	0	12	12	0	 	 	0	0	0
7009837	0	12	12	0	 	 	0	0	0
7045746	1	3	3	0	 	 	225	2	0
7090746	0	0	0	0	 	 	0	0	0
7135746	0	0	0	0	 	 	0	0	0
7180746	0	0	0	0	 	 	0	0	0
7225746	0	0	0	0	 	 	0	0	0
7270746	0	0	0	0	 	 	0	0	0
7315746	0	0	0	0	 	 	0	0	0
7360746	0	0	0	0	 	 	0	0	0
7405746	0	0	0	0	 	 	0	0	0
7450746	0	0	0	0	 	 	0	0	0
7470292	0	17	17	0	 	 	0	0	0
7480448	0	13	13	0	 	 	0	0	0
7490592	0	12	12	0	 	 	0	0	0
7500736	0	12	12	0	 	 	0	0	0
7510880	0	12	12	0	 	 	0	0	0
7521036	0	13	13	0	 	 	0	0	0
7531180	0	12	12	0	 	 	0	0	0
7541324	0	12	12	0	 	 	0	0	0
7551468	0	12	12	0	 	 	0	0	0
7561624	0	13	13	0	 	 	0	0	0
7571768	0	12	12	0	 	 	0	0	0
7581912	0	12	12	0	 	 	0	0	0
7592056	0	12	12	0	 	 	0	0	0
7602212	0	13	13	0	 	 	0	0	0
7612356	0	12	12	0	 	 	0	0	0
7622500	0	12	12	0	 	 	0	0	0
7632644	0	12	12	0	 	 	0	0	0
7642800	0	13	13	0	 	 	0	0	0
7652944	0	12	12	0	 	 	0	0	0
7663088	0	12	12	0	 	 	0	0	0
7673244	0	13	13	0	 	 	0	0	0
7683388	0	12	12	0	 	 	0	0	0
7693532	0	12	12	0	 	 	0	0	0
7703676	0	12	12	0	 	 	0	0	0
7713832	0	13	13	0	 	 	0	0	0
7723976	0	12	12	0	 	 	0	0	0
7734120	0	12	12	0	 	 	0	0	0
7744264	0	12	12	0	 	 	0	0	0
7754420	0	13	13	0	 	 	0	0	0
7764564	0	12	12	0	 	 	0	0	0
7774708	0	12	12	0	 	 	0	0	0
7784852	0	12	12	0	 	 	0	0	0
ATOMS
  [atom_PackLSBMSB], needed/available: 0/0 swap-ins/evictions: 0/0 
  [atom_Transform], needed/available: 0/0 swap-ins/evictions: 0/0 
  [atom_BytePack], needed/available: 2/2 swap-ins/evictions: 2/0 --> MC_Hz4_HW_02 
  [atom_PointFilter], needed/available: 2/2 swap-ins/evictions: 2/0 --> MC_Hz4_HW_02 
  [atom_CollapseAdd], needed/available: 1/1 swap-ins/evictions: 3/2 --> IPred_HDC16x16_HW_00 IPred_VDC16x16_HW_00 
  [atom_PackLBytes], needed/available: 1/1 swap-ins/evictions: 4/3 --> IPred_HDC16x16_HW_00 
  [atom_Clip3], needed/available: 1/1 swap-ins/evictions: 1/0 --> MC_Hz4_HW_02 
  [atom_SAD4], needed/available: 0/0 swap-ins/evictions: 0/0 
  [atom_Cond], needed/available: 0/0 swap-ins/evictions: 0/0 
  [atom_LF], needed/available: 0/0 swap-ins/evictions: 0/0 
MOLECULES
  <0>	 MotionEstimation_HW_00: 1x[atom_SAD4]  (L, Execs)=	64	0
  <0>	 MotionEstimation_HW_01: 2x[atom_SAD4]  (L, Execs)=	32	0
  <0>	 MotionEstimation_HW_02: 4x[atom_SAD4]  (L, Execs)=	16	0
  <0>	 MotionEstimation_HW_03: 8x[atom_SAD4]  (L, Execs)=	8	0
  <0>	 MotionEstimation_HW_04: 16x[atom_SAD4]  (L, Execs)=	4	0
  <0>	*MotionEstimation_SW :  (L, Execs)=	1791	0
  <1>	 HT_2X2_HW_00        : 1x[atom_Transform]  (L, Execs)=	5	0
  <1>	*HT_2X2_SW           :  (L, Execs)=	100	0
  <2>	 HT_4X4_HW_00        : 1x[atom_Transform] 1x[atom_PackLSBMSB]  (L, Execs)=	22	0
  <2>	 HT_4X4_HW_01        : 2x[atom_Transform] 1x[atom_PackLSBMSB]  (L, Execs)=	17	0
  <2>	 HT_4X4_HW_02        : 1x[atom_Transform] 2x[atom_PackLSBMSB]  (L, Execs)=	17	0
  <2>	 HT_4X4_HW_03        : 2x[atom_Transform] 2x[atom_PackLSBMSB]  (L, Execs)=	12	0
  <2>	 HT_4X4_HW_04        : 2x[atom_Transform] 4x[atom_PackLSBMSB]  (L, Execs)=	11	0
  <2>	 HT_4X4_HW_05        : 4x[atom_Transform] 4x[atom_PackLSBMSB]  (L, Execs)=	8	0
  <2>	*HT_4X4_SW           :  (L, Execs)=	100	0
  <3>	*MC_Hz4_HW_00        : 1x[atom_Clip3] 1x[atom_PointFilter] 1x[atom_BytePack]  (L, Execs)=	16	0
  <3>	*MC_Hz4_HW_01        : 1x[atom_Clip3] 2x[atom_PointFilter] 1x[atom_BytePack]  (L, Execs)=	14	51
  <3>	*MC_Hz4_HW_02        : 1x[atom_Clip3] 2x[atom_PointFilter] 2x[atom_BytePack]  (L, Execs)=	12	3446
  <3>	 MC_Hz4_HW_03        : 2x[atom_Clip3] 2x[atom_PointFilter] 3x[atom_BytePack]  (L, Execs)=	10	0
  <3>	*MC_Hz4_SW           :  (L, Execs)=	215	0
  <4>	*IPred_HDC16x16_HW_00: 1x[atom_PackLBytes] 1x[atom_CollapseAdd]  (L, Execs)=	38	67
  <4>	 IPred_HDC16x16_HW_01: 2x[atom_PackLBytes] 1x[atom_CollapseAdd]  (L, Execs)=	23	0
  <4>	 IPred_HDC16x16_HW_02: 3x[atom_PackLBytes] 1x[atom_CollapseAdd]  (L, Execs)=	17	59
  <4>	 IPred_HDC16x16_HW_03: 4x[atom_PackLBytes] 1x[atom_CollapseAdd]  (L, Execs)=	14	337
  <4>	 IPred_HDC16x16_HW_04: 5x[atom_PackLBytes] 1x[atom_CollapseAdd]  (L, Execs)=	13	0
  <4>	 IPred_HDC16x16_HW_05: 6x[atom_PackLBytes] 1x[atom_CollapseAdd]  (L, Execs)=	12	0
  <4>	 IPred_HDC16x16_HW_06: 6x[atom_PackLBytes] 2x[atom_CollapseAdd]  (L, Execs)=	11	0
  <4>	 IPred_HDC16x16_HW_07: 8x[atom_PackLBytes] 2x[atom_CollapseAdd]  (L, Execs)=	11	0
  <4>	 IPred_HDC16x16_HW_08: 10x[atom_PackLBytes] 2x[atom_CollapseAdd]  (L, Execs)=	10	0
  <4>	*IPred_HDC16x16_SW   :  (L, Execs)=	249	0
  <5>	*IPred_VDC16x16_HW_00: 1x[atom_CollapseAdd]  (L, Execs)=	12	244
  <5>	 IPred_VDC16x16_HW_01: 2x[atom_CollapseAdd]  (L, Execs)=	10	118
  <5>	 IPred_VDC16x16_HW_02: 3x[atom_CollapseAdd]  (L, Execs)=	8	101
  <5>	 IPred_VDC16x16_HW_03: 4x[atom_CollapseAdd]  (L, Execs)=	7	0
  <5>	*IPred_VDC16x16_SW   :  (L, Execs)=	69	0
  <6>	 LoopFilter_HW_00    : 1x[atom_Cond] 1x[atom_LF]  (L, Execs)=	30	0
  <6>	 LoopFilter_HW_01    : 2x[atom_Cond] 1x[atom_LF]  (L, Execs)=	26	0
  <6>	 LoopFilter_HW_02    : 2x[atom_Cond] 2x[atom_LF]  (L, Execs)=	24	0
  <6>	 LoopFilter_HW_03    : 4x[atom_Cond] 2x[atom_LF]  (L, Execs)=	20	0
  <6>	 LoopFilter_HW_04    : 2x[atom_Cond] 4x[atom_LF]  (L, Execs)=	18	0
  <6>	 LoopFilter_HW_05    : 4x[atom_Cond] 4x[atom_LF]  (L, Execs)=	16	0
  <6>	*LoopFilter_SW       :  (L, Execs)=	300	0

The asterisk indicates the currently available Molecules (maybe multiple) for each Special Instruction

