This file contains any messages produced by compilers while
running configure, to aid debugging if configure makes a mistake.

configure:600: checking host system type
configure:621: checking target system type
configure:639: checking build system type
configure:694: checking for a BSD compatible install
configure:747: checking whether ln works
configure:771: checking whether ln -s works
configure:1828: checking for gcc
configure:1941: checking whether the C compiler (gcc  ) works
configure:1957: gcc -o conftest    conftest.c  1>&5
configure:1983: checking whether the C compiler (gcc  ) is a cross-compiler
configure:1988: checking whether we are using GNU C
configure:2016: checking whether gcc accepts -g
configure:2083: checking for gnatbind
configure:2148: checking whether compiler driver understands Ada
configure:2180: checking how to compare bootstrapped objects
configure:2278: checking for correct version of gmp.h
configure:2291: gcc -c -gstabs -O0   conftest.c 1>&5
configure:2281:17: error: gmp.h: No such file or directory
configure: In function 'main':
configure:2285: error: 'choke' undeclared (first use in this function)
configure:2285: error: (Each undeclared identifier is reported only once
configure:2285: error: for each function it appears in.)
configure:2285: error: expected ';' before 'me'
configure: failed program was:
#line 2280 "configure"
#include "confdefs.h"
#include "gmp.h"
int main() {

#if __GNU_MP_VERSION < 3
choke me
#endif

; return 0; }
configure:3315: checking for bison
configure:3355: checking for bison
configure:3394: checking for gm4
configure:3433: checking for flex
configure:3473: checking for flex
configure:3512: checking for makeinfo
configure:3565: checking for expect
configure:3606: checking for runtest
configure:3654: checking for i686-pc-linux-gnu-ar
configure:3729: checking for i686-pc-linux-gnu-as
configure:3804: checking for i686-pc-linux-gnu-dlltool
configure:3835: checking for dlltool
configure:3879: checking for i686-pc-linux-gnu-ld
configure:3954: checking for i686-pc-linux-gnu-lipo
configure:3985: checking for lipo
configure:4029: checking for i686-pc-linux-gnu-nm
configure:4104: checking for i686-pc-linux-gnu-ranlib
configure:4174: checking for i686-pc-linux-gnu-strip
configure:4244: checking for i686-pc-linux-gnu-windres
configure:4275: checking for windres
configure:4319: checking for i686-pc-linux-gnu-objcopy
configure:4394: checking for i686-pc-linux-gnu-objdump
configure:4476: checking for brownie32-elf-ar
configure:4551: checking for brownie32-elf-as
configure:4626: checking for brownie32-elf-cc
configure:4701: checking for brownie32-elf-c++
configure:4701: checking for brownie32-elf-g++
configure:4701: checking for brownie32-elf-cxx
configure:4701: checking for brownie32-elf-gxx
configure:4776: checking for brownie32-elf-dlltool
configure:4851: checking for brownie32-elf-gcc
configure:4921: checking for brownie32-elf-gcj
configure:4996: checking for brownie32-elf-gfortran
configure:5071: checking for brownie32-elf-ld
configure:5146: checking for brownie32-elf-lipo
configure:5221: checking for brownie32-elf-nm
configure:5296: checking for brownie32-elf-objdump
configure:5371: checking for brownie32-elf-ranlib
configure:5441: checking for brownie32-elf-strip
configure:5516: checking for brownie32-elf-windres
configure:5590: checking where to find the target ar
configure:5615: checking where to find the target as
configure:5640: checking where to find the target cc
configure:5665: checking where to find the target c++
configure:5693: checking where to find the target c++ for libstdc++
configure:5721: checking where to find the target dlltool
configure:5746: checking where to find the target gcc
configure:5771: checking where to find the target gcj
configure:5799: checking where to find the target gfortran
configure:5827: checking where to find the target ld
configure:5852: checking where to find the target lipo
configure:5867: checking where to find the target nm
configure:5892: checking where to find the target objdump
configure:5917: checking where to find the target ranlib
configure:5942: checking where to find the target strip
configure:5967: checking where to find the target windres
configure:6020: checking whether to enable maintainer-specific portions of Makefiles
configure:6067: checking if symbolic links between directories work
