This file contains any messages produced by compilers while
running configure, to aid debugging if configure makes a mistake.

It was created by libssp configure 1.0, which was
generated by GNU Autoconf 2.59.  Invocation command line was

  $ /home/asip00/epp/AM_tools/gcc-4.2.2/libssp/configure --cache-file=./config.cache --build=i686-pc-linux-gnu --host=brownie32-elf --target=brownie32-elf --enable-multilib --with-cross-host=i686-pc-linux-gnu --disable-nls --prefix=/home/asip-sajjad04/ASIPSS20/ASIPMeisterProjects/Session0/brownie/meister/browstd32.swgen --with-newlib --with-headers=/home/asip00/epp/AM_tools/newlib-1.14.0/newlib/libc/include --enable-languages=c --program-transform-name=s,^,brownie32-elf-,;  --with-target-subdir=brownie32-elf --srcdir=../../../libssp

## --------- ##
## Platform. ##
## --------- ##

hostname = i80pc57
uname -m = i686
uname -r = 2.6.18-419.el5.centos.plus
uname -s = Linux
uname -v = #1 SMP Sat Feb 25 15:14:49 UTC 2017

/usr/bin/uname -p = unknown
/bin/uname -X     = unknown

/bin/arch              = i686
/usr/bin/arch -k       = unknown
/usr/convex/getsysinfo = unknown
hostinfo               = unknown
/bin/machine           = unknown
/usr/bin/oslevel       = unknown
/bin/universe          = unknown

PATH: /home/asip-sajjad04/ASIPSS20/ASIPMeisterProjects/Session0/brownie/meister/browstd32.swgen/bin
PATH: /AM/ASIPmeister/bin
PATH: /AM/ASIPmeister/bin
PATH: /AM/ASIPmeister/bin
PATH: /Software/xilinx/13.2/ISE_DS/common/bin/lin
PATH: /Software/xilinx/13.2/ISE_DS/ISE/sysgen/bin
PATH: /Software/xilinx/13.2/ISE_DS/PlanAhead/bin
PATH: /Software/xilinx/13.2/ISE_DS/ISE/bin/lin
PATH: /Software/xilinx/13.2/ISE_DS/ISE/sysgen/util
PATH: /Software/xilinx/13.2/ISE_DS/EDK/bin/lin
PATH: /Software/xilinx/13.2/ISE_DS/EDK/gnu/microblaze/lin/bin
PATH: /Software/xilinx/13.2/ISE_DS/EDK/gnu/powerpc-eabi/lin/bin
PATH: /usr/java/jre1.6.0_45/bin
PATH: /AM/ASIPmeister/bin
PATH: ./
PATH: /usr/NX/bin
PATH: /usr/kerberos/bin
PATH: /usr/local/bin
PATH: /bin
PATH: /usr/bin
PATH: /opt/eclipse
PATH: /Software/ModelSim/ModelSim_6.6d/modeltech/linux
PATH: /usr/local/cuda-7.0/bin
PATH: /home/asip-sajjad04/bin
PATH: /usr/bin
PATH: /sbin
PATH: /bin


## ----------- ##
## Core tests. ##
## ----------- ##

configure:1229: creating cache ./config.cache
configure:1349: checking build system type
configure:1367: result: i686-pc-linux-gnu
configure:1375: checking host system type
configure:1389: result: brownie32-unknown-elf
configure:1397: checking target system type
configure:1411: result: brownie32-unknown-elf
configure:1457: checking for a BSD-compatible install
configure:1512: result: /usr/bin/install -c
configure:1523: checking whether build environment is sane
configure:1566: result: yes
configure:1631: checking for gawk
configure:1647: found /bin/gawk
configure:1657: result: gawk
configure:1667: checking whether make sets $(MAKE)
configure:1687: result: yes
configure:1763: checking for brownie32-elf-strip
configure:1789: result: /home/asip-sajjad04/ASIPSS20/ASIPMeisterProjects/Session0/brownie/meister/browstd32.swgen/brownie32-elf/bin/strip
configure:1856: checking for --enable-version-specific-runtime-libs
configure:1871: result: no
configure:1874: checking whether to enable maintainer-specific portions of Makefiles
configure:1883: result: no
configure:1968: checking for brownie32-elf-gcc
configure:1994: result: /home/asip00/epp/AM_tools/gcc-4.2.2/build-gcc/./gcc/xgcc -B/home/asip00/epp/AM_tools/gcc-4.2.2/build-gcc/./gcc/ -B/home/asip-sajjad04/ASIPSS20/ASIPMeisterProjects/Session0/brownie/meister/browstd32.swgen/brownie32-elf/bin/ -B/home/asip-sajjad04/ASIPSS20/ASIPMeisterProjects/Session0/brownie/meister/browstd32.swgen/brownie32-elf/lib/ -isystem /home/asip-sajjad04/ASIPSS20/ASIPMeisterProjects/Session0/brownie/meister/browstd32.swgen/brownie32-elf/include -isystem /home/asip-sajjad04/ASIPSS20/ASIPMeisterProjects/Session0/brownie/meister/browstd32.swgen/brownie32-elf/sys-include
configure:2276: checking for C compiler version
configure:2279: /home/asip00/epp/AM_tools/gcc-4.2.2/build-gcc/./gcc/xgcc -B/home/asip00/epp/AM_tools/gcc-4.2.2/build-gcc/./gcc/ -B/home/asip-sajjad04/ASIPSS20/ASIPMeisterProjects/Session0/brownie/meister/browstd32.swgen/brownie32-elf/bin/ -B/home/asip-sajjad04/ASIPSS20/ASIPMeisterProjects/Session0/brownie/meister/browstd32.swgen/brownie32-elf/lib/ -isystem /home/asip-sajjad04/ASIPSS20/ASIPMeisterProjects/Session0/brownie/meister/browstd32.swgen/brownie32-elf/include -isystem /home/asip-sajjad04/ASIPSS20/ASIPMeisterProjects/Session0/brownie/meister/browstd32.swgen/brownie32-elf/sys-include --version </dev/null >&5
xgcc (GCC) 4.2.2
Copyright (C) 2007 Free Software Foundation, Inc.
This is free software; see the source for copying conditions.  There is NO
warranty; not even for MERCHANTABILITY or FITNESS FOR A PARTICULAR PURPOSE.

configure:2282: $? = 0
configure:2284: /home/asip00/epp/AM_tools/gcc-4.2.2/build-gcc/./gcc/xgcc -B/home/asip00/epp/AM_tools/gcc-4.2.2/build-gcc/./gcc/ -B/home/asip-sajjad04/ASIPSS20/ASIPMeisterProjects/Session0/brownie/meister/browstd32.swgen/brownie32-elf/bin/ -B/home/asip-sajjad04/ASIPSS20/ASIPMeisterProjects/Session0/brownie/meister/browstd32.swgen/brownie32-elf/lib/ -isystem /home/asip-sajjad04/ASIPSS20/ASIPMeisterProjects/Session0/brownie/meister/browstd32.swgen/brownie32-elf/include -isystem /home/asip-sajjad04/ASIPSS20/ASIPMeisterProjects/Session0/brownie/meister/browstd32.swgen/brownie32-elf/sys-include -v </dev/null >&5
Reading specs from /home/asip00/epp/AM_tools/gcc-4.2.2/build-gcc/./gcc/specs
Target: brownie32-elf
Configured with: ../configure --target=brownie32-elf --enable-languages=c --disable-nls --prefix=/home/asip-sajjad04/ASIPSS20/ASIPMeisterProjects/Session0/brownie/meister/browstd32.swgen --with-newlib --with-headers=/home/asip00/epp/AM_tools/newlib-1.14.0/newlib/libc/include
Thread model: single
gcc version 4.2.2
configure:2287: $? = 0
configure:2289: /home/asip00/epp/AM_tools/gcc-4.2.2/build-gcc/./gcc/xgcc -B/home/asip00/epp/AM_tools/gcc-4.2.2/build-gcc/./gcc/ -B/home/asip-sajjad04/ASIPSS20/ASIPMeisterProjects/Session0/brownie/meister/browstd32.swgen/brownie32-elf/bin/ -B/home/asip-sajjad04/ASIPSS20/ASIPMeisterProjects/Session0/brownie/meister/browstd32.swgen/brownie32-elf/lib/ -isystem /home/asip-sajjad04/ASIPSS20/ASIPMeisterProjects/Session0/brownie/meister/browstd32.swgen/brownie32-elf/include -isystem /home/asip-sajjad04/ASIPSS20/ASIPMeisterProjects/Session0/brownie/meister/browstd32.swgen/brownie32-elf/sys-include -V </dev/null >&5
xgcc: '-V' must come at the start of the command line
configure:2292: $? = 1
configure:2311: /home/asip00/epp/AM_tools/gcc-4.2.2/build-gcc/./gcc/xgcc -B/home/asip00/epp/AM_tools/gcc-4.2.2/build-gcc/./gcc/ -B/home/asip-sajjad04/ASIPSS20/ASIPMeisterProjects/Session0/brownie/meister/browstd32.swgen/brownie32-elf/bin/ -B/home/asip-sajjad04/ASIPSS20/ASIPMeisterProjects/Session0/brownie/meister/browstd32.swgen/brownie32-elf/lib/ -isystem /home/asip-sajjad04/ASIPSS20/ASIPMeisterProjects/Session0/brownie/meister/browstd32.swgen/brownie32-elf/include -isystem /home/asip-sajjad04/ASIPSS20/ASIPMeisterProjects/Session0/brownie/meister/browstd32.swgen/brownie32-elf/sys-include -o conftest -O2 -g -O2    conftest.c  >&5
/home/asip-sajjad04/ASIPSS20/ASIPMeisterProjects/Session0/brownie/meister/browstd32.swgen/brownie32-elf/bin/ld: cannot find -lc
collect2: ld returned 1 exit status
configure:2314: $? = 1
configure:2480: checking for suffix of object files
configure:2501: /home/asip00/epp/AM_tools/gcc-4.2.2/build-gcc/./gcc/xgcc -B/home/asip00/epp/AM_tools/gcc-4.2.2/build-gcc/./gcc/ -B/home/asip-sajjad04/ASIPSS20/ASIPMeisterProjects/Session0/brownie/meister/browstd32.swgen/brownie32-elf/bin/ -B/home/asip-sajjad04/ASIPSS20/ASIPMeisterProjects/Session0/brownie/meister/browstd32.swgen/brownie32-elf/lib/ -isystem /home/asip-sajjad04/ASIPSS20/ASIPMeisterProjects/Session0/brownie/meister/browstd32.swgen/brownie32-elf/include -isystem /home/asip-sajjad04/ASIPSS20/ASIPMeisterProjects/Session0/brownie/meister/browstd32.swgen/brownie32-elf/sys-include -c -O2 -g -O2   conftest.c >&5
configure:2504: $? = 0
configure:2526: result: o
configure:2530: checking whether we are using the GNU C compiler
configure:2554: /home/asip00/epp/AM_tools/gcc-4.2.2/build-gcc/./gcc/xgcc -B/home/asip00/epp/AM_tools/gcc-4.2.2/build-gcc/./gcc/ -B/home/asip-sajjad04/ASIPSS20/ASIPMeisterProjects/Session0/brownie/meister/browstd32.swgen/brownie32-elf/bin/ -B/home/asip-sajjad04/ASIPSS20/ASIPMeisterProjects/Session0/brownie/meister/browstd32.swgen/brownie32-elf/lib/ -isystem /home/asip-sajjad04/ASIPSS20/ASIPMeisterProjects/Session0/brownie/meister/browstd32.swgen/brownie32-elf/include -isystem /home/asip-sajjad04/ASIPSS20/ASIPMeisterProjects/Session0/brownie/meister/browstd32.swgen/brownie32-elf/sys-include -c -O2 -g -O2   conftest.c >&5
configure:2560: $? = 0
configure:2564: test -z 
			 || test ! -s conftest.err
configure:2567: $? = 0
configure:2570: test -s conftest.o
configure:2573: $? = 0
configure:2586: result: yes
configure:2592: checking whether /home/asip00/epp/AM_tools/gcc-4.2.2/build-gcc/./gcc/xgcc -B/home/asip00/epp/AM_tools/gcc-4.2.2/build-gcc/./gcc/ -B/home/asip-sajjad04/ASIPSS20/ASIPMeisterProjects/Session0/brownie/meister/browstd32.swgen/brownie32-elf/bin/ -B/home/asip-sajjad04/ASIPSS20/ASIPMeisterProjects/Session0/brownie/meister/browstd32.swgen/brownie32-elf/lib/ -isystem /home/asip-sajjad04/ASIPSS20/ASIPMeisterProjects/Session0/brownie/meister/browstd32.swgen/brownie32-elf/include -isystem /home/asip-sajjad04/ASIPSS20/ASIPMeisterProjects/Session0/brownie/meister/browstd32.swgen/brownie32-elf/sys-include accepts -g
configure:2613: /home/asip00/epp/AM_tools/gcc-4.2.2/build-gcc/./gcc/xgcc -B/home/asip00/epp/AM_tools/gcc-4.2.2/build-gcc/./gcc/ -B/home/asip-sajjad04/ASIPSS20/ASIPMeisterProjects/Session0/brownie/meister/browstd32.swgen/brownie32-elf/bin/ -B/home/asip-sajjad04/ASIPSS20/ASIPMeisterProjects/Session0/brownie/meister/browstd32.swgen/brownie32-elf/lib/ -isystem /home/asip-sajjad04/ASIPSS20/ASIPMeisterProjects/Session0/brownie/meister/browstd32.swgen/brownie32-elf/include -isystem /home/asip-sajjad04/ASIPSS20/ASIPMeisterProjects/Session0/brownie/meister/browstd32.swgen/brownie32-elf/sys-include -c -g  conftest.c >&5
configure:2619: $? = 0
configure:2623: test -z 
			 || test ! -s conftest.err
configure:2626: $? = 0
configure:2629: test -s conftest.o
configure:2632: $? = 0
configure:2643: result: yes
configure:2660: checking for /home/asip00/epp/AM_tools/gcc-4.2.2/build-gcc/./gcc/xgcc -B/home/asip00/epp/AM_tools/gcc-4.2.2/build-gcc/./gcc/ -B/home/asip-sajjad04/ASIPSS20/ASIPMeisterProjects/Session0/brownie/meister/browstd32.swgen/brownie32-elf/bin/ -B/home/asip-sajjad04/ASIPSS20/ASIPMeisterProjects/Session0/brownie/meister/browstd32.swgen/brownie32-elf/lib/ -isystem /home/asip-sajjad04/ASIPSS20/ASIPMeisterProjects/Session0/brownie/meister/browstd32.swgen/brownie32-elf/include -isystem /home/asip-sajjad04/ASIPSS20/ASIPMeisterProjects/Session0/brownie/meister/browstd32.swgen/brownie32-elf/sys-include option to accept ANSI C
configure:2730: /home/asip00/epp/AM_tools/gcc-4.2.2/build-gcc/./gcc/xgcc -B/home/asip00/epp/AM_tools/gcc-4.2.2/build-gcc/./gcc/ -B/home/asip-sajjad04/ASIPSS20/ASIPMeisterProjects/Session0/brownie/meister/browstd32.swgen/brownie32-elf/bin/ -B/home/asip-sajjad04/ASIPSS20/ASIPMeisterProjects/Session0/brownie/meister/browstd32.swgen/brownie32-elf/lib/ -isystem /home/asip-sajjad04/ASIPSS20/ASIPMeisterProjects/Session0/brownie/meister/browstd32.swgen/brownie32-elf/include -isystem /home/asip-sajjad04/ASIPSS20/ASIPMeisterProjects/Session0/brownie/meister/browstd32.swgen/brownie32-elf/sys-include  -c -O2 -g -O2   conftest.c >&5
configure:2736: $? = 0
configure:2740: test -z 
			 || test ! -s conftest.err
configure:2743: $? = 0
configure:2746: test -s conftest.o
configure:2749: $? = 0
configure:2767: result: none needed
configure:2785: /home/asip00/epp/AM_tools/gcc-4.2.2/build-gcc/./gcc/xgcc -B/home/asip00/epp/AM_tools/gcc-4.2.2/build-gcc/./gcc/ -B/home/asip-sajjad04/ASIPSS20/ASIPMeisterProjects/Session0/brownie/meister/browstd32.swgen/brownie32-elf/bin/ -B/home/asip-sajjad04/ASIPSS20/ASIPMeisterProjects/Session0/brownie/meister/browstd32.swgen/brownie32-elf/lib/ -isystem /home/asip-sajjad04/ASIPSS20/ASIPMeisterProjects/Session0/brownie/meister/browstd32.swgen/brownie32-elf/include -isystem /home/asip-sajjad04/ASIPSS20/ASIPMeisterProjects/Session0/brownie/meister/browstd32.swgen/brownie32-elf/sys-include -c -O2 -g -O2   conftest.c >&5
conftest.c:2: error: expected '=', ',', ';', 'asm' or '__attribute__' before 'me'
configure:2791: $? = 1
configure: failed program was:
| #ifndef __cplusplus
|   choke me
| #endif
configure:2935: checking for style of include used by make
configure:2963: result: GNU
configure:2991: checking dependency style of /home/asip00/epp/AM_tools/gcc-4.2.2/build-gcc/./gcc/xgcc -B/home/asip00/epp/AM_tools/gcc-4.2.2/build-gcc/./gcc/ -B/home/asip-sajjad04/ASIPSS20/ASIPMeisterProjects/Session0/brownie/meister/browstd32.swgen/brownie32-elf/bin/ -B/home/asip-sajjad04/ASIPSS20/ASIPMeisterProjects/Session0/brownie/meister/browstd32.swgen/brownie32-elf/lib/ -isystem /home/asip-sajjad04/ASIPSS20/ASIPMeisterProjects/Session0/brownie/meister/browstd32.swgen/brownie32-elf/include -isystem /home/asip-sajjad04/ASIPSS20/ASIPMeisterProjects/Session0/brownie/meister/browstd32.swgen/brownie32-elf/sys-include
configure:3081: result: gcc3
configure:3112: checking how to run the C preprocessor
configure:3147: /home/asip00/epp/AM_tools/gcc-4.2.2/build-gcc/./gcc/xgcc -B/home/asip00/epp/AM_tools/gcc-4.2.2/build-gcc/./gcc/ -B/home/asip-sajjad04/ASIPSS20/ASIPMeisterProjects/Session0/brownie/meister/browstd32.swgen/brownie32-elf/bin/ -B/home/asip-sajjad04/ASIPSS20/ASIPMeisterProjects/Session0/brownie/meister/browstd32.swgen/brownie32-elf/lib/ -isystem /home/asip-sajjad04/ASIPSS20/ASIPMeisterProjects/Session0/brownie/meister/browstd32.swgen/brownie32-elf/include -isystem /home/asip-sajjad04/ASIPSS20/ASIPMeisterProjects/Session0/brownie/meister/browstd32.swgen/brownie32-elf/sys-include -E  conftest.c
configure:3153: $? = 0
configure:3185: /home/asip00/epp/AM_tools/gcc-4.2.2/build-gcc/./gcc/xgcc -B/home/asip00/epp/AM_tools/gcc-4.2.2/build-gcc/./gcc/ -B/home/asip-sajjad04/ASIPSS20/ASIPMeisterProjects/Session0/brownie/meister/browstd32.swgen/brownie32-elf/bin/ -B/home/asip-sajjad04/ASIPSS20/ASIPMeisterProjects/Session0/brownie/meister/browstd32.swgen/brownie32-elf/lib/ -isystem /home/asip-sajjad04/ASIPSS20/ASIPMeisterProjects/Session0/brownie/meister/browstd32.swgen/brownie32-elf/include -isystem /home/asip-sajjad04/ASIPSS20/ASIPMeisterProjects/Session0/brownie/meister/browstd32.swgen/brownie32-elf/sys-include -E  conftest.c
conftest.c:11:28: error: ac_nonexistent.h: No such file or directory
configure:3191: $? = 1
configure: failed program was:
| /* confdefs.h.  */
| 
| #define PACKAGE_NAME "libssp"
| #define PACKAGE_TARNAME "libssp"
| #define PACKAGE_VERSION "1.0"
| #define PACKAGE_STRING "libssp 1.0"
| #define PACKAGE_BUGREPORT ""
| #define PACKAGE "libssp"
| #define VERSION "1.0"
| /* end confdefs.h.  */
| #include <ac_nonexistent.h>
configure:3230: result: /home/asip00/epp/AM_tools/gcc-4.2.2/build-gcc/./gcc/xgcc -B/home/asip00/epp/AM_tools/gcc-4.2.2/build-gcc/./gcc/ -B/home/asip-sajjad04/ASIPSS20/ASIPMeisterProjects/Session0/brownie/meister/browstd32.swgen/brownie32-elf/bin/ -B/home/asip-sajjad04/ASIPSS20/ASIPMeisterProjects/Session0/brownie/meister/browstd32.swgen/brownie32-elf/lib/ -isystem /home/asip-sajjad04/ASIPSS20/ASIPMeisterProjects/Session0/brownie/meister/browstd32.swgen/brownie32-elf/include -isystem /home/asip-sajjad04/ASIPSS20/ASIPMeisterProjects/Session0/brownie/meister/browstd32.swgen/brownie32-elf/sys-include -E
configure:3254: /home/asip00/epp/AM_tools/gcc-4.2.2/build-gcc/./gcc/xgcc -B/home/asip00/epp/AM_tools/gcc-4.2.2/build-gcc/./gcc/ -B/home/asip-sajjad04/ASIPSS20/ASIPMeisterProjects/Session0/brownie/meister/browstd32.swgen/brownie32-elf/bin/ -B/home/asip-sajjad04/ASIPSS20/ASIPMeisterProjects/Session0/brownie/meister/browstd32.swgen/brownie32-elf/lib/ -isystem /home/asip-sajjad04/ASIPSS20/ASIPMeisterProjects/Session0/brownie/meister/browstd32.swgen/brownie32-elf/include -isystem /home/asip-sajjad04/ASIPSS20/ASIPMeisterProjects/Session0/brownie/meister/browstd32.swgen/brownie32-elf/sys-include -E  conftest.c
configure:3260: $? = 0
configure:3292: /home/asip00/epp/AM_tools/gcc-4.2.2/build-gcc/./gcc/xgcc -B/home/asip00/epp/AM_tools/gcc-4.2.2/build-gcc/./gcc/ -B/home/asip-sajjad04/ASIPSS20/ASIPMeisterProjects/Session0/brownie/meister/browstd32.swgen/brownie32-elf/bin/ -B/home/asip-sajjad04/ASIPSS20/ASIPMeisterProjects/Session0/brownie/meister/browstd32.swgen/brownie32-elf/lib/ -isystem /home/asip-sajjad04/ASIPSS20/ASIPMeisterProjects/Session0/brownie/meister/browstd32.swgen/brownie32-elf/include -isystem /home/asip-sajjad04/ASIPSS20/ASIPMeisterProjects/Session0/brownie/meister/browstd32.swgen/brownie32-elf/sys-include -E  conftest.c
conftest.c:11:28: error: ac_nonexistent.h: No such file or directory
configure:3298: $? = 1
configure: failed program was:
| /* confdefs.h.  */
| 
| #define PACKAGE_NAME "libssp"
| #define PACKAGE_TARNAME "libssp"
| #define PACKAGE_VERSION "1.0"
| #define PACKAGE_STRING "libssp 1.0"
| #define PACKAGE_BUGREPORT ""
| #define PACKAGE "libssp"
| #define VERSION "1.0"
| /* end confdefs.h.  */
| #include <ac_nonexistent.h>
configure:3342: checking whether -fstack-protector works
configure:3367: /home/asip00/epp/AM_tools/gcc-4.2.2/build-gcc/./gcc/xgcc -B/home/asip00/epp/AM_tools/gcc-4.2.2/build-gcc/./gcc/ -B/home/asip-sajjad04/ASIPSS20/ASIPMeisterProjects/Session0/brownie/meister/browstd32.swgen/brownie32-elf/bin/ -B/home/asip-sajjad04/ASIPSS20/ASIPMeisterProjects/Session0/brownie/meister/browstd32.swgen/brownie32-elf/lib/ -isystem /home/asip-sajjad04/ASIPSS20/ASIPMeisterProjects/Session0/brownie/meister/browstd32.swgen/brownie32-elf/include -isystem /home/asip-sajjad04/ASIPSS20/ASIPMeisterProjects/Session0/brownie/meister/browstd32.swgen/brownie32-elf/sys-include -c -O2 -g -O2  -fstack-protector -Werror  conftest.c >&5
configure:3373: $? = 0
configure:3377: test -z 
			 || test ! -s conftest.err
configure:3380: $? = 0
configure:3383: test -s conftest.o
configure:3386: $? = 0
configure:3388: result: yes
configure:3400: checking whether hidden visibility is supported
configure:3419: /home/asip00/epp/AM_tools/gcc-4.2.2/build-gcc/./gcc/xgcc -B/home/asip00/epp/AM_tools/gcc-4.2.2/build-gcc/./gcc/ -B/home/asip-sajjad04/ASIPSS20/ASIPMeisterProjects/Session0/brownie/meister/browstd32.swgen/brownie32-elf/bin/ -B/home/asip-sajjad04/ASIPSS20/ASIPMeisterProjects/Session0/brownie/meister/browstd32.swgen/brownie32-elf/lib/ -isystem /home/asip-sajjad04/ASIPSS20/ASIPMeisterProjects/Session0/brownie/meister/browstd32.swgen/brownie32-elf/include -isystem /home/asip-sajjad04/ASIPSS20/ASIPMeisterProjects/Session0/brownie/meister/browstd32.swgen/brownie32-elf/sys-include -c -O2 -g -O2   conftest.c >&5
configure:3425: $? = 0
configure:3429: test -z 
			 || test ! -s conftest.err
configure:3432: $? = 0
configure:3435: test -s conftest.o
configure:3438: $? = 0
configure:3448: result: yes
configure:3458: checking whether symbol versioning is supported
configure:3525: result: no
configure:3539: checking for egrep
configure:3549: result: grep -E
configure:3554: checking for ANSI C header files
configure:3579: /home/asip00/epp/AM_tools/gcc-4.2.2/build-gcc/./gcc/xgcc -B/home/asip00/epp/AM_tools/gcc-4.2.2/build-gcc/./gcc/ -B/home/asip-sajjad04/ASIPSS20/ASIPMeisterProjects/Session0/brownie/meister/browstd32.swgen/brownie32-elf/bin/ -B/home/asip-sajjad04/ASIPSS20/ASIPMeisterProjects/Session0/brownie/meister/browstd32.swgen/brownie32-elf/lib/ -isystem /home/asip-sajjad04/ASIPSS20/ASIPMeisterProjects/Session0/brownie/meister/browstd32.swgen/brownie32-elf/include -isystem /home/asip-sajjad04/ASIPSS20/ASIPMeisterProjects/Session0/brownie/meister/browstd32.swgen/brownie32-elf/sys-include -c -O2 -g -O2   conftest.c >&5
configure:3585: $? = 0
configure:3589: test -z 
			 || test ! -s conftest.err
configure:3592: $? = 0
configure:3595: test -s conftest.o
configure:3598: $? = 0
configure:3710: result: yes
configure:3734: checking for sys/types.h
configure:3750: /home/asip00/epp/AM_tools/gcc-4.2.2/build-gcc/./gcc/xgcc -B/home/asip00/epp/AM_tools/gcc-4.2.2/build-gcc/./gcc/ -B/home/asip-sajjad04/ASIPSS20/ASIPMeisterProjects/Session0/brownie/meister/browstd32.swgen/brownie32-elf/bin/ -B/home/asip-sajjad04/ASIPSS20/ASIPMeisterProjects/Session0/brownie/meister/browstd32.swgen/brownie32-elf/lib/ -isystem /home/asip-sajjad04/ASIPSS20/ASIPMeisterProjects/Session0/brownie/meister/browstd32.swgen/brownie32-elf/include -isystem /home/asip-sajjad04/ASIPSS20/ASIPMeisterProjects/Session0/brownie/meister/browstd32.swgen/brownie32-elf/sys-include -c -O2 -g -O2   conftest.c >&5
configure:3756: $? = 0
configure:3760: test -z 
			 || test ! -s conftest.err
configure:3763: $? = 0
configure:3766: test -s conftest.o
configure:3769: $? = 0
configure:3780: result: yes
configure:3734: checking for sys/stat.h
configure:3750: /home/asip00/epp/AM_tools/gcc-4.2.2/build-gcc/./gcc/xgcc -B/home/asip00/epp/AM_tools/gcc-4.2.2/build-gcc/./gcc/ -B/home/asip-sajjad04/ASIPSS20/ASIPMeisterProjects/Session0/brownie/meister/browstd32.swgen/brownie32-elf/bin/ -B/home/asip-sajjad04/ASIPSS20/ASIPMeisterProjects/Session0/brownie/meister/browstd32.swgen/brownie32-elf/lib/ -isystem /home/asip-sajjad04/ASIPSS20/ASIPMeisterProjects/Session0/brownie/meister/browstd32.swgen/brownie32-elf/include -isystem /home/asip-sajjad04/ASIPSS20/ASIPMeisterProjects/Session0/brownie/meister/browstd32.swgen/brownie32-elf/sys-include -c -O2 -g -O2   conftest.c >&5
configure:3756: $? = 0
configure:3760: test -z 
			 || test ! -s conftest.err
configure:3763: $? = 0
configure:3766: test -s conftest.o
configure:3769: $? = 0
configure:3780: result: yes
configure:3734: checking for stdlib.h
configure:3750: /home/asip00/epp/AM_tools/gcc-4.2.2/build-gcc/./gcc/xgcc -B/home/asip00/epp/AM_tools/gcc-4.2.2/build-gcc/./gcc/ -B/home/asip-sajjad04/ASIPSS20/ASIPMeisterProjects/Session0/brownie/meister/browstd32.swgen/brownie32-elf/bin/ -B/home/asip-sajjad04/ASIPSS20/ASIPMeisterProjects/Session0/brownie/meister/browstd32.swgen/brownie32-elf/lib/ -isystem /home/asip-sajjad04/ASIPSS20/ASIPMeisterProjects/Session0/brownie/meister/browstd32.swgen/brownie32-elf/include -isystem /home/asip-sajjad04/ASIPSS20/ASIPMeisterProjects/Session0/brownie/meister/browstd32.swgen/brownie32-elf/sys-include -c -O2 -g -O2   conftest.c >&5
configure:3756: $? = 0
configure:3760: test -z 
			 || test ! -s conftest.err
configure:3763: $? = 0
configure:3766: test -s conftest.o
configure:3769: $? = 0
configure:3780: result: yes
configure:3734: checking for string.h
configure:3750: /home/asip00/epp/AM_tools/gcc-4.2.2/build-gcc/./gcc/xgcc -B/home/asip00/epp/AM_tools/gcc-4.2.2/build-gcc/./gcc/ -B/home/asip-sajjad04/ASIPSS20/ASIPMeisterProjects/Session0/brownie/meister/browstd32.swgen/brownie32-elf/bin/ -B/home/asip-sajjad04/ASIPSS20/ASIPMeisterProjects/Session0/brownie/meister/browstd32.swgen/brownie32-elf/lib/ -isystem /home/asip-sajjad04/ASIPSS20/ASIPMeisterProjects/Session0/brownie/meister/browstd32.swgen/brownie32-elf/include -isystem /home/asip-sajjad04/ASIPSS20/ASIPMeisterProjects/Session0/brownie/meister/browstd32.swgen/brownie32-elf/sys-include -c -O2 -g -O2   conftest.c >&5
configure:3756: $? = 0
configure:3760: test -z 
			 || test ! -s conftest.err
configure:3763: $? = 0
configure:3766: test -s conftest.o
configure:3769: $? = 0
configure:3780: result: yes
configure:3734: checking for memory.h
configure:3750: /home/asip00/epp/AM_tools/gcc-4.2.2/build-gcc/./gcc/xgcc -B/home/asip00/epp/AM_tools/gcc-4.2.2/build-gcc/./gcc/ -B/home/asip-sajjad04/ASIPSS20/ASIPMeisterProjects/Session0/brownie/meister/browstd32.swgen/brownie32-elf/bin/ -B/home/asip-sajjad04/ASIPSS20/ASIPMeisterProjects/Session0/brownie/meister/browstd32.swgen/brownie32-elf/lib/ -isystem /home/asip-sajjad04/ASIPSS20/ASIPMeisterProjects/Session0/brownie/meister/browstd32.swgen/brownie32-elf/include -isystem /home/asip-sajjad04/ASIPSS20/ASIPMeisterProjects/Session0/brownie/meister/browstd32.swgen/brownie32-elf/sys-include -c -O2 -g -O2   conftest.c >&5
conftest.c:52:20: error: memory.h: No such file or directory
configure:3756: $? = 1
configure: failed program was:
| /* confdefs.h.  */
| 
| #define PACKAGE_NAME "libssp"
| #define PACKAGE_TARNAME "libssp"
| #define PACKAGE_VERSION "1.0"
| #define PACKAGE_STRING "libssp 1.0"
| #define PACKAGE_BUGREPORT ""
| #define PACKAGE "libssp"
| #define VERSION "1.0"
| #define HAVE_HIDDEN_VISIBILITY 1
| #define STDC_HEADERS 1
| #define HAVE_SYS_TYPES_H 1
| #define HAVE_SYS_STAT_H 1
| #define HAVE_STDLIB_H 1
| #define HAVE_STRING_H 1
| /* end confdefs.h.  */
| #include <stdio.h>
| #if HAVE_SYS_TYPES_H
| # include <sys/types.h>
| #endif
| #if HAVE_SYS_STAT_H
| # include <sys/stat.h>
| #endif
| #if STDC_HEADERS
| # include <stdlib.h>
| # include <stddef.h>
| #else
| # if HAVE_STDLIB_H
| #  include <stdlib.h>
| # endif
| #endif
| #if HAVE_STRING_H
| # if !STDC_HEADERS && HAVE_MEMORY_H
| #  include <memory.h>
| # endif
| # include <string.h>
| #endif
| #if HAVE_STRINGS_H
| # include <strings.h>
| #endif
| #if HAVE_INTTYPES_H
| # include <inttypes.h>
| #else
| # if HAVE_STDINT_H
| #  include <stdint.h>
| # endif
| #endif
| #if HAVE_UNISTD_H
| # include <unistd.h>
| #endif
| 
| #include <memory.h>
configure:3780: result: no
configure:3734: checking for strings.h
configure:3750: /home/asip00/epp/AM_tools/gcc-4.2.2/build-gcc/./gcc/xgcc -B/home/asip00/epp/AM_tools/gcc-4.2.2/build-gcc/./gcc/ -B/home/asip-sajjad04/ASIPSS20/ASIPMeisterProjects/Session0/brownie/meister/browstd32.swgen/brownie32-elf/bin/ -B/home/asip-sajjad04/ASIPSS20/ASIPMeisterProjects/Session0/brownie/meister/browstd32.swgen/brownie32-elf/lib/ -isystem /home/asip-sajjad04/ASIPSS20/ASIPMeisterProjects/Session0/brownie/meister/browstd32.swgen/brownie32-elf/include -isystem /home/asip-sajjad04/ASIPSS20/ASIPMeisterProjects/Session0/brownie/meister/browstd32.swgen/brownie32-elf/sys-include -c -O2 -g -O2   conftest.c >&5
conftest.c:52:21: error: strings.h: No such file or directory
configure:3756: $? = 1
configure: failed program was:
| /* confdefs.h.  */
| 
| #define PACKAGE_NAME "libssp"
| #define PACKAGE_TARNAME "libssp"
| #define PACKAGE_VERSION "1.0"
| #define PACKAGE_STRING "libssp 1.0"
| #define PACKAGE_BUGREPORT ""
| #define PACKAGE "libssp"
| #define VERSION "1.0"
| #define HAVE_HIDDEN_VISIBILITY 1
| #define STDC_HEADERS 1
| #define HAVE_SYS_TYPES_H 1
| #define HAVE_SYS_STAT_H 1
| #define HAVE_STDLIB_H 1
| #define HAVE_STRING_H 1
| /* end confdefs.h.  */
| #include <stdio.h>
| #if HAVE_SYS_TYPES_H
| # include <sys/types.h>
| #endif
| #if HAVE_SYS_STAT_H
| # include <sys/stat.h>
| #endif
| #if STDC_HEADERS
| # include <stdlib.h>
| # include <stddef.h>
| #else
| # if HAVE_STDLIB_H
| #  include <stdlib.h>
| # endif
| #endif
| #if HAVE_STRING_H
| # if !STDC_HEADERS && HAVE_MEMORY_H
| #  include <memory.h>
| # endif
| # include <string.h>
| #endif
| #if HAVE_STRINGS_H
| # include <strings.h>
| #endif
| #if HAVE_INTTYPES_H
| # include <inttypes.h>
| #else
| # if HAVE_STDINT_H
| #  include <stdint.h>
| # endif
| #endif
| #if HAVE_UNISTD_H
| # include <unistd.h>
| #endif
| 
| #include <strings.h>
configure:3780: result: no
configure:3734: checking for inttypes.h
configure:3750: /home/asip00/epp/AM_tools/gcc-4.2.2/build-gcc/./gcc/xgcc -B/home/asip00/epp/AM_tools/gcc-4.2.2/build-gcc/./gcc/ -B/home/asip-sajjad04/ASIPSS20/ASIPMeisterProjects/Session0/brownie/meister/browstd32.swgen/brownie32-elf/bin/ -B/home/asip-sajjad04/ASIPSS20/ASIPMeisterProjects/Session0/brownie/meister/browstd32.swgen/brownie32-elf/lib/ -isystem /home/asip-sajjad04/ASIPSS20/ASIPMeisterProjects/Session0/brownie/meister/browstd32.swgen/brownie32-elf/include -isystem /home/asip-sajjad04/ASIPSS20/ASIPMeisterProjects/Session0/brownie/meister/browstd32.swgen/brownie32-elf/sys-include -c -O2 -g -O2   conftest.c >&5
configure:3756: $? = 0
configure:3760: test -z 
			 || test ! -s conftest.err
configure:3763: $? = 0
configure:3766: test -s conftest.o
configure:3769: $? = 0
configure:3780: result: yes
configure:3734: checking for stdint.h
configure:3750: /home/asip00/epp/AM_tools/gcc-4.2.2/build-gcc/./gcc/xgcc -B/home/asip00/epp/AM_tools/gcc-4.2.2/build-gcc/./gcc/ -B/home/asip-sajjad04/ASIPSS20/ASIPMeisterProjects/Session0/brownie/meister/browstd32.swgen/brownie32-elf/bin/ -B/home/asip-sajjad04/ASIPSS20/ASIPMeisterProjects/Session0/brownie/meister/browstd32.swgen/brownie32-elf/lib/ -isystem /home/asip-sajjad04/ASIPSS20/ASIPMeisterProjects/Session0/brownie/meister/browstd32.swgen/brownie32-elf/include -isystem /home/asip-sajjad04/ASIPSS20/ASIPMeisterProjects/Session0/brownie/meister/browstd32.swgen/brownie32-elf/sys-include -c -O2 -g -O2   conftest.c >&5
configure:3756: $? = 0
configure:3760: test -z 
			 || test ! -s conftest.err
configure:3763: $? = 0
configure:3766: test -s conftest.o
configure:3769: $? = 0
configure:3780: result: yes
configure:3734: checking for unistd.h
configure:3750: /home/asip00/epp/AM_tools/gcc-4.2.2/build-gcc/./gcc/xgcc -B/home/asip00/epp/AM_tools/gcc-4.2.2/build-gcc/./gcc/ -B/home/asip-sajjad04/ASIPSS20/ASIPMeisterProjects/Session0/brownie/meister/browstd32.swgen/brownie32-elf/bin/ -B/home/asip-sajjad04/ASIPSS20/ASIPMeisterProjects/Session0/brownie/meister/browstd32.swgen/brownie32-elf/lib/ -isystem /home/asip-sajjad04/ASIPSS20/ASIPMeisterProjects/Session0/brownie/meister/browstd32.swgen/brownie32-elf/include -isystem /home/asip-sajjad04/ASIPSS20/ASIPMeisterProjects/Session0/brownie/meister/browstd32.swgen/brownie32-elf/sys-include -c -O2 -g -O2   conftest.c >&5
configure:3756: $? = 0
configure:3760: test -z 
			 || test ! -s conftest.err
configure:3763: $? = 0
configure:3766: test -s conftest.o
configure:3769: $? = 0
configure:3780: result: yes
configure:3813: checking alloca.h usability
configure:3825: /home/asip00/epp/AM_tools/gcc-4.2.2/build-gcc/./gcc/xgcc -B/home/asip00/epp/AM_tools/gcc-4.2.2/build-gcc/./gcc/ -B/home/asip-sajjad04/ASIPSS20/ASIPMeisterProjects/Session0/brownie/meister/browstd32.swgen/brownie32-elf/bin/ -B/home/asip-sajjad04/ASIPSS20/ASIPMeisterProjects/Session0/brownie/meister/browstd32.swgen/brownie32-elf/lib/ -isystem /home/asip-sajjad04/ASIPSS20/ASIPMeisterProjects/Session0/brownie/meister/browstd32.swgen/brownie32-elf/include -isystem /home/asip-sajjad04/ASIPSS20/ASIPMeisterProjects/Session0/brownie/meister/browstd32.swgen/brownie32-elf/sys-include -c -O2 -g -O2   conftest.c >&5
configure:3831: $? = 0
configure:3835: test -z 
			 || test ! -s conftest.err
configure:3838: $? = 0
configure:3841: test -s conftest.o
configure:3844: $? = 0
configure:3854: result: yes
configure:3858: checking alloca.h presence
configure:3868: /home/asip00/epp/AM_tools/gcc-4.2.2/build-gcc/./gcc/xgcc -B/home/asip00/epp/AM_tools/gcc-4.2.2/build-gcc/./gcc/ -B/home/asip-sajjad04/ASIPSS20/ASIPMeisterProjects/Session0/brownie/meister/browstd32.swgen/brownie32-elf/bin/ -B/home/asip-sajjad04/ASIPSS20/ASIPMeisterProjects/Session0/brownie/meister/browstd32.swgen/brownie32-elf/lib/ -isystem /home/asip-sajjad04/ASIPSS20/ASIPMeisterProjects/Session0/brownie/meister/browstd32.swgen/brownie32-elf/include -isystem /home/asip-sajjad04/ASIPSS20/ASIPMeisterProjects/Session0/brownie/meister/browstd32.swgen/brownie32-elf/sys-include -E  conftest.c
configure:3874: $? = 0
configure:3894: result: yes
configure:3929: checking for alloca.h
configure:3936: result: yes
configure:3813: checking paths.h usability
configure:3825: /home/asip00/epp/AM_tools/gcc-4.2.2/build-gcc/./gcc/xgcc -B/home/asip00/epp/AM_tools/gcc-4.2.2/build-gcc/./gcc/ -B/home/asip-sajjad04/ASIPSS20/ASIPMeisterProjects/Session0/brownie/meister/browstd32.swgen/brownie32-elf/bin/ -B/home/asip-sajjad04/ASIPSS20/ASIPMeisterProjects/Session0/brownie/meister/browstd32.swgen/brownie32-elf/lib/ -isystem /home/asip-sajjad04/ASIPSS20/ASIPMeisterProjects/Session0/brownie/meister/browstd32.swgen/brownie32-elf/include -isystem /home/asip-sajjad04/ASIPSS20/ASIPMeisterProjects/Session0/brownie/meister/browstd32.swgen/brownie32-elf/sys-include -c -O2 -g -O2   conftest.c >&5
configure:3831: $? = 0
configure:3835: test -z 
			 || test ! -s conftest.err
configure:3838: $? = 0
configure:3841: test -s conftest.o
configure:3844: $? = 0
configure:3854: result: yes
configure:3858: checking paths.h presence
configure:3868: /home/asip00/epp/AM_tools/gcc-4.2.2/build-gcc/./gcc/xgcc -B/home/asip00/epp/AM_tools/gcc-4.2.2/build-gcc/./gcc/ -B/home/asip-sajjad04/ASIPSS20/ASIPMeisterProjects/Session0/brownie/meister/browstd32.swgen/brownie32-elf/bin/ -B/home/asip-sajjad04/ASIPSS20/ASIPMeisterProjects/Session0/brownie/meister/browstd32.swgen/brownie32-elf/lib/ -isystem /home/asip-sajjad04/ASIPSS20/ASIPMeisterProjects/Session0/brownie/meister/browstd32.swgen/brownie32-elf/include -isystem /home/asip-sajjad04/ASIPSS20/ASIPMeisterProjects/Session0/brownie/meister/browstd32.swgen/brownie32-elf/sys-include -E  conftest.c
configure:3874: $? = 0
configure:3894: result: yes
configure:3929: checking for paths.h
configure:3936: result: yes
configure:3813: checking syslog.h usability
configure:3825: /home/asip00/epp/AM_tools/gcc-4.2.2/build-gcc/./gcc/xgcc -B/home/asip00/epp/AM_tools/gcc-4.2.2/build-gcc/./gcc/ -B/home/asip-sajjad04/ASIPSS20/ASIPMeisterProjects/Session0/brownie/meister/browstd32.swgen/brownie32-elf/bin/ -B/home/asip-sajjad04/ASIPSS20/ASIPMeisterProjects/Session0/brownie/meister/browstd32.swgen/brownie32-elf/lib/ -isystem /home/asip-sajjad04/ASIPSS20/ASIPMeisterProjects/Session0/brownie/meister/browstd32.swgen/brownie32-elf/include -isystem /home/asip-sajjad04/ASIPSS20/ASIPMeisterProjects/Session0/brownie/meister/browstd32.swgen/brownie32-elf/sys-include -c -O2 -g -O2   conftest.c >&5
conftest.c:56:20: error: syslog.h: No such file or directory
configure:3831: $? = 1
configure: failed program was:
| /* confdefs.h.  */
| 
| #define PACKAGE_NAME "libssp"
| #define PACKAGE_TARNAME "libssp"
| #define PACKAGE_VERSION "1.0"
| #define PACKAGE_STRING "libssp 1.0"
| #define PACKAGE_BUGREPORT ""
| #define PACKAGE "libssp"
| #define VERSION "1.0"
| #define HAVE_HIDDEN_VISIBILITY 1
| #define STDC_HEADERS 1
| #define HAVE_SYS_TYPES_H 1
| #define HAVE_SYS_STAT_H 1
| #define HAVE_STDLIB_H 1
| #define HAVE_STRING_H 1
| #define HAVE_INTTYPES_H 1
| #define HAVE_STDINT_H 1
| #define HAVE_UNISTD_H 1
| #define HAVE_ALLOCA_H 1
| #define HAVE_PATHS_H 1
| /* end confdefs.h.  */
| #include <stdio.h>
| #if HAVE_SYS_TYPES_H
| # include <sys/types.h>
| #endif
| #if HAVE_SYS_STAT_H
| # include <sys/stat.h>
| #endif
| #if STDC_HEADERS
| # include <stdlib.h>
| # include <stddef.h>
| #else
| # if HAVE_STDLIB_H
| #  include <stdlib.h>
| # endif
| #endif
| #if HAVE_STRING_H
| # if !STDC_HEADERS && HAVE_MEMORY_H
| #  include <memory.h>
| # endif
| # include <string.h>
| #endif
| #if HAVE_STRINGS_H
| # include <strings.h>
| #endif
| #if HAVE_INTTYPES_H
| # include <inttypes.h>
| #else
| # if HAVE_STDINT_H
| #  include <stdint.h>
| # endif
| #endif
| #if HAVE_UNISTD_H
| # include <unistd.h>
| #endif
| #include <syslog.h>
configure:3854: result: no
configure:3858: checking syslog.h presence
configure:3868: /home/asip00/epp/AM_tools/gcc-4.2.2/build-gcc/./gcc/xgcc -B/home/asip00/epp/AM_tools/gcc-4.2.2/build-gcc/./gcc/ -B/home/asip-sajjad04/ASIPSS20/ASIPMeisterProjects/Session0/brownie/meister/browstd32.swgen/brownie32-elf/bin/ -B/home/asip-sajjad04/ASIPSS20/ASIPMeisterProjects/Session0/brownie/meister/browstd32.swgen/brownie32-elf/lib/ -isystem /home/asip-sajjad04/ASIPSS20/ASIPMeisterProjects/Session0/brownie/meister/browstd32.swgen/brownie32-elf/include -isystem /home/asip-sajjad04/ASIPSS20/ASIPMeisterProjects/Session0/brownie/meister/browstd32.swgen/brownie32-elf/sys-include -E  conftest.c
conftest.c:22:20: error: syslog.h: No such file or directory
configure:3874: $? = 1
configure: failed program was:
| /* confdefs.h.  */
| 
| #define PACKAGE_NAME "libssp"
| #define PACKAGE_TARNAME "libssp"
| #define PACKAGE_VERSION "1.0"
| #define PACKAGE_STRING "libssp 1.0"
| #define PACKAGE_BUGREPORT ""
| #define PACKAGE "libssp"
| #define VERSION "1.0"
| #define HAVE_HIDDEN_VISIBILITY 1
| #define STDC_HEADERS 1
| #define HAVE_SYS_TYPES_H 1
| #define HAVE_SYS_STAT_H 1
| #define HAVE_STDLIB_H 1
| #define HAVE_STRING_H 1
| #define HAVE_INTTYPES_H 1
| #define HAVE_STDINT_H 1
| #define HAVE_UNISTD_H 1
| #define HAVE_ALLOCA_H 1
| #define HAVE_PATHS_H 1
| /* end confdefs.h.  */
| #include <syslog.h>
configure:3894: result: no
configure:3929: checking for syslog.h
configure:3936: result: no
configure:3804: checking for string.h
configure:3809: result: yes
configure:3804: checking for unistd.h
configure:3809: result: yes
configure:3813: checking fcntl.h usability
configure:3825: /home/asip00/epp/AM_tools/gcc-4.2.2/build-gcc/./gcc/xgcc -B/home/asip00/epp/AM_tools/gcc-4.2.2/build-gcc/./gcc/ -B/home/asip-sajjad04/ASIPSS20/ASIPMeisterProjects/Session0/brownie/meister/browstd32.swgen/brownie32-elf/bin/ -B/home/asip-sajjad04/ASIPSS20/ASIPMeisterProjects/Session0/brownie/meister/browstd32.swgen/brownie32-elf/lib/ -isystem /home/asip-sajjad04/ASIPSS20/ASIPMeisterProjects/Session0/brownie/meister/browstd32.swgen/brownie32-elf/include -isystem /home/asip-sajjad04/ASIPSS20/ASIPMeisterProjects/Session0/brownie/meister/browstd32.swgen/brownie32-elf/sys-include -c -O2 -g -O2   conftest.c >&5
configure:3831: $? = 0
configure:3835: test -z 
			 || test ! -s conftest.err
configure:3838: $? = 0
configure:3841: test -s conftest.o
configure:3844: $? = 0
configure:3854: result: yes
configure:3858: checking fcntl.h presence
configure:3868: /home/asip00/epp/AM_tools/gcc-4.2.2/build-gcc/./gcc/xgcc -B/home/asip00/epp/AM_tools/gcc-4.2.2/build-gcc/./gcc/ -B/home/asip-sajjad04/ASIPSS20/ASIPMeisterProjects/Session0/brownie/meister/browstd32.swgen/brownie32-elf/bin/ -B/home/asip-sajjad04/ASIPSS20/ASIPMeisterProjects/Session0/brownie/meister/browstd32.swgen/brownie32-elf/lib/ -isystem /home/asip-sajjad04/ASIPSS20/ASIPMeisterProjects/Session0/brownie/meister/browstd32.swgen/brownie32-elf/include -isystem /home/asip-sajjad04/ASIPSS20/ASIPMeisterProjects/Session0/brownie/meister/browstd32.swgen/brownie32-elf/sys-include -E  conftest.c
configure:3874: $? = 0
configure:3894: result: yes
configure:3929: checking for fcntl.h
configure:3936: result: yes
configure:3813: checking stdio.h usability
configure:3825: /home/asip00/epp/AM_tools/gcc-4.2.2/build-gcc/./gcc/xgcc -B/home/asip00/epp/AM_tools/gcc-4.2.2/build-gcc/./gcc/ -B/home/asip-sajjad04/ASIPSS20/ASIPMeisterProjects/Session0/brownie/meister/browstd32.swgen/brownie32-elf/bin/ -B/home/asip-sajjad04/ASIPSS20/ASIPMeisterProjects/Session0/brownie/meister/browstd32.swgen/brownie32-elf/lib/ -isystem /home/asip-sajjad04/ASIPSS20/ASIPMeisterProjects/Session0/brownie/meister/browstd32.swgen/brownie32-elf/include -isystem /home/asip-sajjad04/ASIPSS20/ASIPMeisterProjects/Session0/brownie/meister/browstd32.swgen/brownie32-elf/sys-include -c -O2 -g -O2   conftest.c >&5
configure:3831: $? = 0
configure:3835: test -z 
			 || test ! -s conftest.err
configure:3838: $? = 0
configure:3841: test -s conftest.o
configure:3844: $? = 0
configure:3854: result: yes
configure:3858: checking stdio.h presence
configure:3868: /home/asip00/epp/AM_tools/gcc-4.2.2/build-gcc/./gcc/xgcc -B/home/asip00/epp/AM_tools/gcc-4.2.2/build-gcc/./gcc/ -B/home/asip-sajjad04/ASIPSS20/ASIPMeisterProjects/Session0/brownie/meister/browstd32.swgen/brownie32-elf/bin/ -B/home/asip-sajjad04/ASIPSS20/ASIPMeisterProjects/Session0/brownie/meister/browstd32.swgen/brownie32-elf/lib/ -isystem /home/asip-sajjad04/ASIPSS20/ASIPMeisterProjects/Session0/brownie/meister/browstd32.swgen/brownie32-elf/include -isystem /home/asip-sajjad04/ASIPSS20/ASIPMeisterProjects/Session0/brownie/meister/browstd32.swgen/brownie32-elf/sys-include -E  conftest.c
configure:3874: $? = 0
configure:3894: result: yes
configure:3929: checking for stdio.h
configure:3936: result: yes
configure:3813: checking limits.h usability
configure:3825: /home/asip00/epp/AM_tools/gcc-4.2.2/build-gcc/./gcc/xgcc -B/home/asip00/epp/AM_tools/gcc-4.2.2/build-gcc/./gcc/ -B/home/asip-sajjad04/ASIPSS20/ASIPMeisterProjects/Session0/brownie/meister/browstd32.swgen/brownie32-elf/bin/ -B/home/asip-sajjad04/ASIPSS20/ASIPMeisterProjects/Session0/brownie/meister/browstd32.swgen/brownie32-elf/lib/ -isystem /home/asip-sajjad04/ASIPSS20/ASIPMeisterProjects/Session0/brownie/meister/browstd32.swgen/brownie32-elf/include -isystem /home/asip-sajjad04/ASIPSS20/ASIPMeisterProjects/Session0/brownie/meister/browstd32.swgen/brownie32-elf/sys-include -c -O2 -g -O2   conftest.c >&5
configure:3831: $? = 0
configure:3835: test -z 
			 || test ! -s conftest.err
configure:3838: $? = 0
configure:3841: test -s conftest.o
configure:3844: $? = 0
configure:3854: result: yes
configure:3858: checking limits.h presence
configure:3868: /home/asip00/epp/AM_tools/gcc-4.2.2/build-gcc/./gcc/xgcc -B/home/asip00/epp/AM_tools/gcc-4.2.2/build-gcc/./gcc/ -B/home/asip-sajjad04/ASIPSS20/ASIPMeisterProjects/Session0/brownie/meister/browstd32.swgen/brownie32-elf/bin/ -B/home/asip-sajjad04/ASIPSS20/ASIPMeisterProjects/Session0/brownie/meister/browstd32.swgen/brownie32-elf/lib/ -isystem /home/asip-sajjad04/ASIPSS20/ASIPMeisterProjects/Session0/brownie/meister/browstd32.swgen/brownie32-elf/include -isystem /home/asip-sajjad04/ASIPSS20/ASIPMeisterProjects/Session0/brownie/meister/browstd32.swgen/brownie32-elf/sys-include -E  conftest.c
configure:3874: $? = 0
configure:3894: result: yes
configure:3929: checking for limits.h
configure:3936: result: yes
configure:4073: checking whether vsnprintf is usable
configure:4139: result: no
configure:4221: checking for ld used by GCC
configure:4284: result: /home/asip00/epp/AM_tools/gcc-4.2.2/build-gcc/./gcc/collect-ld
configure:4293: checking if the linker (/home/asip00/epp/AM_tools/gcc-4.2.2/build-gcc/./gcc/collect-ld) is GNU ld
GNU ld version 2.16.1
configure:4305: result: yes
configure:4310: checking for /home/asip00/epp/AM_tools/gcc-4.2.2/build-gcc/./gcc/collect-ld option to reload object files
configure:4317: result: -r
configure:4322: checking for BSD-compatible nm
configure:4358: result: /home/asip00/epp/AM_tools/gcc-4.2.2/build-gcc/./gcc/nm
configure:4361: checking whether ln -s works
configure:4365: result: yes
configure:4372: checking how to recognise dependant libraries
configure:4535: result: unknown
configure:4546: checking the maximum length of command line arguments
configure:4601: result: none
configure:4748: checking for brownie32-elf-ranlib
configure:4774: result: /home/asip-sajjad04/ASIPSS20/ASIPMeisterProjects/Session0/brownie/meister/browstd32.swgen/brownie32-elf/bin/ranlib
configure:4828: checking for brownie32-elf-strip
configure:4854: result: /home/asip-sajjad04/ASIPSS20/ASIPMeisterProjects/Session0/brownie/meister/browstd32.swgen/brownie32-elf/bin/strip
configure:5201: loading cache ./config.cache
gcc-4.2.2/build-gcc/./gcc/xgcc -B/home/asip00/epp/AM_tools/gcc-4.2.2/build-gcc/./gcc/ -B/home/asip-sajjad04/ASIPSS20/ASIPMeisterProjects/Session0/brownie/meister/browstd32.swgen/brownie32-elf/bin/ -B/home/asip-sajjad04/ASIPSS20/ASIPMeisterProjects/Session0/brownie/meister/browstd32.swgen/brownie32-elf/lib/ -isystem /home/asip-sajjad04/ASIPSS20/ASIPMeisterProjects/Session0/brownie/meister/browstd32.swgen/brownie32-elf/include -isystem /home/asip-sajjad04/ASIPSS20/ASIPMeisterProjects/Session0/brownie/meister/browstd32.swgen/brownie32-elf/sys-include -c -O2 -g -O2   conftest.c 1>&5
ltcf-c.sh:need_lc: /home/asip00/epp/AM_tools/gcc-4.2.2/build-gcc/./gcc/xgcc -B/home/asip00/epp/AM_tools/gcc-4.2.2/build-gcc/./gcc/ -B/home/asip-sajjad04/ASIPSS20/ASIPMeisterProjects/Session0/brownie/meister/browstd32.swgen/brownie32-elf/bin/ -B/home/asip-sajjad04/ASIPSS20/ASIPMeisterProjects/Session0/brownie/meister/browstd32.swgen/brownie32-elf/lib/ -isystem /home/asip-sajjad04/ASIPSS20/ASIPMeisterProjects/Session0/brownie/meister/browstd32.swgen/brownie32-elf/include -isystem /home/asip-sajjad04/ASIPSS20/ASIPMeisterProjects/Session0/brownie/meister/browstd32.swgen/brownie32-elf/sys-include -shared conftest.o  -v -Wl,-soname -Wl,conftest -o conftest
 /home/asip00/epp/AM_tools/gcc-4.2.2/build-gcc/./gcc/collect2 -o conftest /home/asip00/epp/AM_tools/gcc-4.2.2/build-gcc/./gcc/crt1.o -L/home/asip00/epp/AM_tools/gcc-4.2.2/build-gcc/./gcc -L/home/asip-sajjad04/ASIPSS20/ASIPMeisterProjects/Session0/brownie/meister/browstd32.swgen/brownie32-elf/bin -L/home/asip-sajjad04/ASIPSS20/ASIPMeisterProjects/Session0/brownie/meister/browstd32.swgen/brownie32-elf/lib -L/home/asip-sajjad04/ASIPSS20/ASIPMeisterProjects/Session0/brownie/meister/browstd32.swgen/lib/../brownie32-elf/lib conftest.o -soname conftest -lgcc -lc -lgcc
ltconfig:678:checking for /home/asip00/epp/AM_tools/gcc-4.2.2/build-gcc/./gcc/xgcc option to produce PIC
ltconfig:687:checking that /home/asip00/epp/AM_tools/gcc-4.2.2/build-gcc/./gcc/xgcc PIC flag -fPIC -DPIC works.
ltconfig:697: /home/asip00/epp/AM_tools/gcc-4.2.2/build-gcc/./gcc/xgcc -B/home/asip00/epp/AM_tools/gcc-4.2.2/build-gcc/./gcc/ -B/home/asip-sajjad04/ASIPSS20/ASIPMeisterProjects/Session0/brownie/meister/browstd32.swgen/brownie32-elf/bin/ -B/home/asip-sajjad04/ASIPSS20/ASIPMeisterProjects/Session0/brownie/meister/browstd32.swgen/brownie32-elf/lib/ -isystem /home/asip-sajjad04/ASIPSS20/ASIPMeisterProjects/Session0/brownie/meister/browstd32.swgen/brownie32-elf/include -isystem /home/asip-sajjad04/ASIPSS20/ASIPMeisterProjects/Session0/brownie/meister/browstd32.swgen/brownie32-elf/sys-include -c -O2 -g -O2  -fPIC -DPIC -DPIC  conftest.c 1>&5
ltconfig:749: checking if /home/asip00/epp/AM_tools/gcc-4.2.2/build-gcc/./gcc/xgcc static flag -static works
ltconfig:758: /home/asip00/epp/AM_tools/gcc-4.2.2/build-gcc/./gcc/xgcc -B/home/asip00/epp/AM_tools/gcc-4.2.2/build-gcc/./gcc/ -B/home/asip-sajjad04/ASIPSS20/ASIPMeisterProjects/Session0/brownie/meister/browstd32.swgen/brownie32-elf/bin/ -B/home/asip-sajjad04/ASIPSS20/ASIPMeisterProjects/Session0/brownie/meister/browstd32.swgen/brownie32-elf/lib/ -isystem /home/asip-sajjad04/ASIPSS20/ASIPMeisterProjects/Session0/brownie/meister/browstd32.swgen/brownie32-elf/include -isystem /home/asip-sajjad04/ASIPSS20/ASIPMeisterProjects/Session0/brownie/meister/browstd32.swgen/brownie32-elf/sys-include -o conftest -O2 -g -O2    -static conftest.c  1>&5
/home/asip-sajjad04/ASIPSS20/ASIPMeisterProjects/Session0/brownie/meister/browstd32.swgen/brownie32-elf/bin/ld: cannot find -lc
collect2: ld returned 1 exit status
ltconfig:780: finding the maximum length of command line arguments
ltconfig:@lineno@: result: 49153
ltconfig:833: checking if /home/asip00/epp/AM_tools/gcc-4.2.2/build-gcc/./gcc/xgcc supports -c -o file.o
ltconfig:834: /home/asip00/epp/AM_tools/gcc-4.2.2/build-gcc/./gcc/xgcc -B/home/asip00/epp/AM_tools/gcc-4.2.2/build-gcc/./gcc/ -B/home/asip-sajjad04/ASIPSS20/ASIPMeisterProjects/Session0/brownie/meister/browstd32.swgen/brownie32-elf/bin/ -B/home/asip-sajjad04/ASIPSS20/ASIPMeisterProjects/Session0/brownie/meister/browstd32.swgen/brownie32-elf/lib/ -isystem /home/asip-sajjad04/ASIPSS20/ASIPMeisterProjects/Session0/brownie/meister/browstd32.swgen/brownie32-elf/include -isystem /home/asip-sajjad04/ASIPSS20/ASIPMeisterProjects/Session0/brownie/meister/browstd32.swgen/brownie32-elf/sys-include -c -O2 -g -O2  -o out/conftest2.o  conftest.c 1>&5
ltconfig:887: checking if /home/asip00/epp/AM_tools/gcc-4.2.2/build-gcc/./gcc/xgcc supports -fno-rtti -fno-exceptions
ltconfig:888: /home/asip00/epp/AM_tools/gcc-4.2.2/build-gcc/./gcc/xgcc -B/home/asip00/epp/AM_tools/gcc-4.2.2/build-gcc/./gcc/ -B/home/asip-sajjad04/ASIPSS20/ASIPMeisterProjects/Session0/brownie/meister/browstd32.swgen/brownie32-elf/bin/ -B/home/asip-sajjad04/ASIPSS20/ASIPMeisterProjects/Session0/brownie/meister/browstd32.swgen/brownie32-elf/lib/ -isystem /home/asip-sajjad04/ASIPSS20/ASIPMeisterProjects/Session0/brownie/meister/browstd32.swgen/brownie32-elf/include -isystem /home/asip-sajjad04/ASIPSS20/ASIPMeisterProjects/Session0/brownie/meister/browstd32.swgen/brownie32-elf/sys-include -c -O2 -g -O2  -fno-rtti -fno-exceptions -c conftest.c  conftest.c 1>&5
ltconfig:1431: checking if global_symbol_pipe works
ltconfig:1432: /home/asip00/epp/AM_tools/gcc-4.2.2/build-gcc/./gcc/xgcc -B/home/asip00/epp/AM_tools/gcc-4.2.2/build-gcc/./gcc/ -B/home/asip-sajjad04/ASIPSS20/ASIPMeisterProjects/Session0/brownie/meister/browstd32.swgen/brownie32-elf/bin/ -B/home/asip-sajjad04/ASIPSS20/ASIPMeisterProjects/Session0/brownie/meister/browstd32.swgen/brownie32-elf/lib/ -isystem /home/asip-sajjad04/ASIPSS20/ASIPMeisterProjects/Session0/brownie/meister/browstd32.swgen/brownie32-elf/include -isystem /home/asip-sajjad04/ASIPSS20/ASIPMeisterProjects/Session0/brownie/meister/browstd32.swgen/brownie32-elf/sys-include -c -O2 -g -O2   conftest.c 1>&5
ltconfig:1435: eval "/home/asip00/epp/AM_tools/gcc-4.2.2/build-gcc/./gcc/nm conftest.o | sed -n -e 's/^.*[ 	]\([ABCDGISTW][ABCDGISTW]*\)[ 	][ 	]*\(\)\([_A-Za-z][_A-Za-z0-9]*\)$/\1 \2\3 \3/p' > conftest.nm"
cannot find nm_test_var in conftest.nm
ltconfig:1431: checking if global_symbol_pipe works
ltconfig:1432: /home/asip00/epp/AM_tools/gcc-4.2.2/build-gcc/./gcc/xgcc -B/home/asip00/epp/AM_tools/gcc-4.2.2/build-gcc/./gcc/ -B/home/asip-sajjad04/ASIPSS20/ASIPMeisterProjects/Session0/brownie/meister/browstd32.swgen/brownie32-elf/bin/ -B/home/asip-sajjad04/ASIPSS20/ASIPMeisterProjects/Session0/brownie/meister/browstd32.swgen/brownie32-elf/lib/ -isystem /home/asip-sajjad04/ASIPSS20/ASIPMeisterProjects/Session0/brownie/meister/browstd32.swgen/brownie32-elf/include -isystem /home/asip-sajjad04/ASIPSS20/ASIPMeisterProjects/Session0/brownie/meister/browstd32.swgen/brownie32-elf/sys-include -c -O2 -g -O2   conftest.c 1>&5
ltconfig:1435: eval "/home/asip00/epp/AM_tools/gcc-4.2.2/build-gcc/./gcc/nm conftest.o | sed -n -e 's/^.*[ 	]\([ABCDGISTW][ABCDGISTW]*\)[ 	][ 	]*\(_\)\([_A-Za-z][_A-Za-z0-9]*\)$/\1 \2\3 \3/p' > conftest.nm"
ltconfig:1487: /home/asip00/epp/AM_tools/gcc-4.2.2/build-gcc/./gcc/xgcc -B/home/asip00/epp/AM_tools/gcc-4.2.2/build-gcc/./gcc/ -B/home/asip-sajjad04/ASIPSS20/ASIPMeisterProjects/Session0/brownie/meister/browstd32.swgen/brownie32-elf/bin/ -B/home/asip-sajjad04/ASIPSS20/ASIPMeisterProjects/Session0/brownie/meister/browstd32.swgen/brownie32-elf/lib/ -isystem /home/asip-sajjad04/ASIPSS20/ASIPMeisterProjects/Session0/brownie/meister/browstd32.swgen/brownie32-elf/include -isystem /home/asip-sajjad04/ASIPSS20/ASIPMeisterProjects/Session0/brownie/meister/browstd32.swgen/brownie32-elf/sys-include -o conftest -O2 -g -O2  -fno-builtin   conftest.c conftstm.o 1>&5
/home/asip-sajjad04/ASIPSS20/ASIPMeisterProjects/Session0/brownie/meister/browstd32.swgen/brownie32-elf/bin/ld: cannot find -lc
collect2: ld returned 1 exit status
ltconfig: failed program was:
#ifdef __cplusplus
extern "C" {
#endif

extern char nm_test_var;
extern char main;
extern char nm_test_func;
#if defined (__STDC__) && __STDC__
# define lt_ptr_t void *
#else
# define lt_ptr_t char *
# define const
#endif

/* The mapping between symbol names and symbols. */
const struct {
  const char *name;
  lt_ptr_t address;
}
lt_preloaded_symbols[] =
{
  {"nm_test_var", (lt_ptr_t) &nm_test_var},
  {"main", (lt_ptr_t) &main},
  {"nm_test_func", (lt_ptr_t) &nm_test_func},
  {0, (lt_ptr_t) 0}
};

#ifdef __cplusplus
}
#endif
configure:5394: creating ./config.status

## ---------------------- ##
## Running config.status. ##
## ---------------------- ##

This file was extended by libssp config.status 1.0, which was
generated by GNU Autoconf 2.59.  Invocation command line was

  CONFIG_FILES    = 
  CONFIG_HEADERS  = 
  CONFIG_LINKS    = 
  CONFIG_COMMANDS = 
  $ ./config.status 

on i80pc57

config.status:729: creating Makefile
config.status:729: creating ssp/ssp.h
config.status:826: creating config.h
config.status:1128: executing default-1 commands
config.status:1128: executing depfiles commands

## ---------------- ##
## Cache variables. ##
## ---------------- ##

ac_cv_archive_cmds_needs_lc=no
ac_cv_build=i686-pc-linux-gnu
ac_cv_build_alias=i686-pc-linux-gnu
ac_cv_c_compiler_gnu=yes
ac_cv_env_CPPFLAGS_set=set
ac_cv_env_CPPFLAGS_value=
ac_cv_env_CPP_set=
ac_cv_env_CPP_value=
ac_cv_env_build_alias_set=set
ac_cv_env_build_alias_value=i686-pc-linux-gnu
ac_cv_env_host_alias_set=set
ac_cv_env_host_alias_value=brownie32-elf
ac_cv_env_target_alias_set=set
ac_cv_env_target_alias_value=brownie32-elf
ac_cv_header_alloca_h=yes
ac_cv_header_fcntl_h=yes
ac_cv_header_inttypes_h=yes
ac_cv_header_limits_h=yes
ac_cv_header_memory_h=no
ac_cv_header_paths_h=yes
ac_cv_header_stdc=yes
ac_cv_header_stdint_h=yes
ac_cv_header_stdio_h=yes
ac_cv_header_stdlib_h=yes
ac_cv_header_string_h=yes
ac_cv_header_strings_h=no
ac_cv_header_sys_stat_h=yes
ac_cv_header_sys_types_h=yes
ac_cv_header_syslog_h=no
ac_cv_header_unistd_h=yes
ac_cv_host=brownie32-unknown-elf
ac_cv_host_alias=brownie32-elf
ac_cv_objext=o
ac_cv_prog_AWK=gawk
ac_cv_prog_CC='/home/asip00/epp/AM_tools/gcc-4.2.2/build-gcc/./gcc/xgcc -B/home/asip00/epp/AM_tools/gcc-4.2.2/build-gcc/./gcc/ -B/home/asip-sajjad04/ASIPSS20/ASIPMeisterProjects/Session0/brownie/meister/browstd32.swgen/brownie32-elf/bin/ -B/home/asip-sajjad04/ASIPSS20/ASIPMeisterProjects/Session0/brownie/meister/browstd32.swgen/brownie32-elf/lib/ -isystem /home/asip-sajjad04/ASIPSS20/ASIPMeisterProjects/Session0/brownie/meister/browstd32.swgen/brownie32-elf/include -isystem /home/asip-sajjad04/ASIPSS20/ASIPMeisterProjects/Session0/brownie/meister/browstd32.swgen/brownie32-elf/sys-include'
ac_cv_prog_CPP='/home/asip00/epp/AM_tools/gcc-4.2.2/build-gcc/./gcc/xgcc -B/home/asip00/epp/AM_tools/gcc-4.2.2/build-gcc/./gcc/ -B/home/asip-sajjad04/ASIPSS20/ASIPMeisterProjects/Session0/brownie/meister/browstd32.swgen/brownie32-elf/bin/ -B/home/asip-sajjad04/ASIPSS20/ASIPMeisterProjects/Session0/brownie/meister/browstd32.swgen/brownie32-elf/lib/ -isystem /home/asip-sajjad04/ASIPSS20/ASIPMeisterProjects/Session0/brownie/meister/browstd32.swgen/brownie32-elf/include -isystem /home/asip-sajjad04/ASIPSS20/ASIPMeisterProjects/Session0/brownie/meister/browstd32.swgen/brownie32-elf/sys-include -E'
ac_cv_prog_RANLIB=/home/asip-sajjad04/ASIPSS20/ASIPMeisterProjects/Session0/brownie/meister/browstd32.swgen/brownie32-elf/bin/ranlib
ac_cv_prog_STRIP=/home/asip-sajjad04/ASIPSS20/ASIPMeisterProjects/Session0/brownie/meister/browstd32.swgen/brownie32-elf/bin/strip
ac_cv_prog_cc_can_build_shared=yes
ac_cv_prog_cc_g=yes
ac_cv_prog_cc_no_builtin=
ac_cv_prog_cc_pic=' -fPIC -DPIC'
ac_cv_prog_cc_pic_works=yes
ac_cv_prog_cc_shlib=
ac_cv_prog_cc_static=
ac_cv_prog_cc_static_works=no
ac_cv_prog_cc_stdc=
ac_cv_prog_cc_wl=-Wl,
ac_cv_prog_egrep='grep -E'
ac_cv_prog_make_make_set=yes
ac_cv_target=brownie32-unknown-elf
ac_cv_target_alias=brownie32-elf
am_cv_CC_dependencies_compiler_type=gcc3
lt_cv_compiler_c_o=yes
lt_cv_deplibs_check_method=unknown
lt_cv_file_magic_cmd='$MAGIC_CMD'
lt_cv_file_magic_test_file=
lt_cv_ld_reload_flag=-r
lt_cv_path_LD=/home/asip00/epp/AM_tools/gcc-4.2.2/build-gcc/./gcc/collect-ld
lt_cv_path_NM=/home/asip00/epp/AM_tools/gcc-4.2.2/build-gcc/./gcc/nm
lt_cv_prog_gnu_ld=yes
lt_cv_sys_max_cmd_len=49153

## ----------------- ##
## Output variables. ##
## ----------------- ##

ACLOCAL='${SHELL} /home/asip00/epp/AM_tools/gcc-4.2.2/missing --run aclocal-1.9'
AMDEPBACKSLASH='\'
AMDEP_FALSE='#'
AMDEP_TRUE=''
AMTAR='${SHELL} /home/asip00/epp/AM_tools/gcc-4.2.2/missing --run tar'
AUTOCONF='${SHELL} /home/asip00/epp/AM_tools/gcc-4.2.2/missing --run autoconf'
AUTOHEADER='${SHELL} /home/asip00/epp/AM_tools/gcc-4.2.2/missing --run autoheader'
AUTOMAKE='${SHELL} /home/asip00/epp/AM_tools/gcc-4.2.2/missing --run automake-1.9'
AWK='gawk'
CC='/home/asip00/epp/AM_tools/gcc-4.2.2/build-gcc/./gcc/xgcc -B/home/asip00/epp/AM_tools/gcc-4.2.2/build-gcc/./gcc/ -B/home/asip-sajjad04/ASIPSS20/ASIPMeisterProjects/Session0/brownie/meister/browstd32.swgen/brownie32-elf/bin/ -B/home/asip-sajjad04/ASIPSS20/ASIPMeisterProjects/Session0/brownie/meister/browstd32.swgen/brownie32-elf/lib/ -isystem /home/asip-sajjad04/ASIPSS20/ASIPMeisterProjects/Session0/brownie/meister/browstd32.swgen/brownie32-elf/include -isystem /home/asip-sajjad04/ASIPSS20/ASIPMeisterProjects/Session0/brownie/meister/browstd32.swgen/brownie32-elf/sys-include'
CCDEPMODE='depmode=gcc3'
CFLAGS='-O2 -g -O2 '
CPP='/home/asip00/epp/AM_tools/gcc-4.2.2/build-gcc/./gcc/xgcc -B/home/asip00/epp/AM_tools/gcc-4.2.2/build-gcc/./gcc/ -B/home/asip-sajjad04/ASIPSS20/ASIPMeisterProjects/Session0/brownie/meister/browstd32.swgen/brownie32-elf/bin/ -B/home/asip-sajjad04/ASIPSS20/ASIPMeisterProjects/Session0/brownie/meister/browstd32.swgen/brownie32-elf/lib/ -isystem /home/asip-sajjad04/ASIPSS20/ASIPMeisterProjects/Session0/brownie/meister/browstd32.swgen/brownie32-elf/include -isystem /home/asip-sajjad04/ASIPSS20/ASIPMeisterProjects/Session0/brownie/meister/browstd32.swgen/brownie32-elf/sys-include -E'
CPPFLAGS=''
CYGPATH_W='echo'
DEFS='-DHAVE_CONFIG_H'
DEPDIR='.deps'
ECHO_C=''
ECHO_N='-n'
ECHO_T=''
EGREP='grep -E'
EXEEXT=''
INSTALL_DATA='/usr/bin/install -c -m 644'
INSTALL_PROGRAM='/usr/bin/install -c'
INSTALL_SCRIPT='/usr/bin/install -c'
INSTALL_STRIP_PROGRAM='${SHELL} $(install_sh) -c -s'
LIBOBJS=''
LIBS=''
LIBSSP_USE_SYMVER_FALSE=''
LIBSSP_USE_SYMVER_TRUE='#'
LIBTOOL='$(SHELL) $(top_builddir)/libtool'
LN_S='ln -s'
LTLIBOBJS=''
MAINT='#'
MAINTAINER_MODE_FALSE=''
MAINTAINER_MODE_TRUE='#'
MAKEINFO='makeinfo --split-size=5000000'
OBJEXT='o'
PACKAGE='libssp'
PACKAGE_BUGREPORT=''
PACKAGE_NAME='libssp'
PACKAGE_STRING='libssp 1.0'
PACKAGE_TARNAME='libssp'
PACKAGE_VERSION='1.0'
PATH_SEPARATOR=':'
RANLIB='/home/asip-sajjad04/ASIPSS20/ASIPMeisterProjects/Session0/brownie/meister/browstd32.swgen/brownie32-elf/bin/ranlib'
SET_MAKE=''
SHELL='/bin/sh'
STRIP='/home/asip-sajjad04/ASIPSS20/ASIPMeisterProjects/Session0/brownie/meister/browstd32.swgen/brownie32-elf/bin/strip'
VERSION='1.0'
ac_ct_CC=''
ac_ct_RANLIB=''
ac_ct_STRIP=''
am__fastdepCC_FALSE='#'
am__fastdepCC_TRUE=''
am__include='include'
am__leading_dot='.'
am__quote=''
am__tar='${AMTAR} chof - "$$tardir"'
am__untar='${AMTAR} xf -'
bindir='${exec_prefix}/bin'
build='i686-pc-linux-gnu'
build_alias='i686-pc-linux-gnu'
build_cpu='i686'
build_os='linux-gnu'
build_vendor='pc'
datadir='${prefix}/share'
enable_shared='yes'
enable_static='yes'
exec_prefix='${prefix}'
host='brownie32-unknown-elf'
host_alias='brownie32-elf'
host_cpu='brownie32'
host_os='elf'
host_vendor='unknown'
includedir='${prefix}/include'
infodir='${prefix}/info'
install_sh='/home/asip00/epp/AM_tools/gcc-4.2.2/install-sh'
libdir='${exec_prefix}/lib'
libexecdir='${exec_prefix}/libexec'
localstatedir='${prefix}/var'
mandir='${prefix}/man'
mkdir_p='mkdir -p --'
multi_basedir='../../../libssp/..'
oldincludedir='/usr/include'
prefix='/home/asip-sajjad04/ASIPSS20/ASIPMeisterProjects/Session0/brownie/meister/browstd32.swgen'
program_transform_name='s,^,brownie32-elf-,;'
sbindir='${exec_prefix}/sbin'
sharedstatedir='${prefix}/com'
ssp_have_usable_vsnprintf='undef'
sysconfdir='${prefix}/etc'
target='brownie32-unknown-elf'
target_alias='brownie32-elf'
target_cpu='brownie32'
target_noncanonical='brownie32-elf'
target_os='elf'
target_vendor='unknown'
toolexecdir='$(exec_prefix)/$(target_alias)'
toolexeclibdir='$(toolexecdir)/lib'

## ----------- ##
## confdefs.h. ##
## ----------- ##

#define HAVE_ALLOCA_H 1
#define HAVE_FCNTL_H 1
#define HAVE_HIDDEN_VISIBILITY 1
#define HAVE_INTTYPES_H 1
#define HAVE_LIMITS_H 1
#define HAVE_PATHS_H 1
#define HAVE_STDINT_H 1
#define HAVE_STDIO_H 1
#define HAVE_STDLIB_H 1
#define HAVE_STRING_H 1
#define HAVE_STRING_H 1
#define HAVE_STRNCAT 1
#define HAVE_STRNCPY 1
#define HAVE_SYS_STAT_H 1
#define HAVE_SYS_TYPES_H 1
#define HAVE_UNISTD_H 1
#define HAVE_UNISTD_H 1
#define PACKAGE "libssp"
#define PACKAGE_BUGREPORT ""
#define PACKAGE_NAME "libssp"
#define PACKAGE_STRING "libssp 1.0"
#define PACKAGE_TARNAME "libssp"
#define PACKAGE_VERSION "1.0"
#define STDC_HEADERS 1
#define VERSION "1.0"

configure: exit 0
