****** Source Program List ******
LineNo	LC	Code		Source Program 
1				.section	.data
2				;.global	_c
3				.align	4
4			_c:
5	0000	00000000		.space	4
6				;.global	_mbArray
7				.align	4
8			_mbArray:
9	0004	00000000		.space	4
10	0008	00000001		.data.32	1
11	000c	00000002		.data.32	2
12	0010	00000001		.data.32	1
13	0014	00000001		.data.32	1
14	0018	00000002		.data.32	2
15	001c	00000000		.space	4
16	0020	00000001		.data.32	1
17	0024	00000000		.space	4
18	0028	00000001		.data.32	1
19				;.global	_I_MB
20				.align	4
21			_I_MB:
22	002c	0000018c		.data.32	396
23	0030	00000023		.data.32	35
24	0034	00000023		.data.32	35
25	0038	00000026		.data.32	38
26	003c	0000002a		.data.32	42
27	0040	0000001f		.data.32	31
28	0044	0000001e		.data.32	30
29	0048	0000001d		.data.32	29
30	004c	00000024		.data.32	36
31	0050	00000026		.data.32	38
32	0054	00000020		.data.32	32
33	0058	00000021		.data.32	33
34	005c	0000001f		.data.32	31
35	0060	00000018		.data.32	24
36	0064	0000001c		.data.32	28
37	0068	00000014		.data.32	20
38	006c	0000001e		.data.32	30
39	0070	00000017		.data.32	23
40	0074	00000026		.data.32	38
41	0078	0000001e		.data.32	30
42	007c	0000001c		.data.32	28
43	0080	00000022		.data.32	34
44	0084	00000015		.data.32	21
45	0088	00000018		.data.32	24
46	008c	0000001d		.data.32	29
47	0090	0000001d		.data.32	29
48	0094	0000001e		.data.32	30
49	0098	0000001d		.data.32	29
50	009c	00000019		.data.32	25
51	00a0	0000001a		.data.32	26
52	00a4	00000015		.data.32	21
53	00a8	0000001b		.data.32	27
54	00ac	00000014		.data.32	20
55	00b0	0000001b		.data.32	27
56	00b4	0000001a		.data.32	26
57	00b8	00000023		.data.32	35
58	00bc	0000001b		.data.32	27
59	00c0	00000020		.data.32	32
60	00c4	0000001e		.data.32	30
61	00c8	00000016		.data.32	22
62	00cc	0000001a		.data.32	26
63	00d0	00000025		.data.32	37
64	00d4	0000001f		.data.32	31
65	00d8	00000022		.data.32	34
66	00dc	0000001d		.data.32	29
67	00e0	0000001f		.data.32	31
68	00e4	00000017		.data.32	23
69	00e8	00000012		.data.32	18
70	00ec	0000001e		.data.32	30
71	00f0	0000001b		.data.32	27
72	00f4	0000001a		.data.32	26
73	00f8	00000017		.data.32	23
74	00fc	00000017		.data.32	23
75	0100	00000011		.data.32	17
76	0104	0000000f		.data.32	15
77	0108	00000019		.data.32	25
78	010c	00000014		.data.32	20
79	0110	00000012		.data.32	18
80	0114	00000014		.data.32	20
81	0118	00000014		.data.32	20
82	011c	00000014		.data.32	20
83	0120	00000015		.data.32	21
84	0124	00000014		.data.32	20
85	0128	00000010		.data.32	16
86	012c	0000000c		.data.32	12
87	0130	0000000a		.data.32	10
88	0134	00000009		.data.32	9
89	0138	0000000b		.data.32	11
90	013c	00000009		.data.32	9
91	0140	00000004		.data.32	4
92	0144	00000003		.data.32	3
93	0148	00000007		.data.32	7
94	014c	00000009		.data.32	9
95	0150	0000000d		.data.32	13
96	0154	00000006		.data.32	6
97	0158	00000007		.data.32	7
98	015c	0000000c		.data.32	12
99	0160	0000000b		.data.32	11
100	0164	0000000b		.data.32	11
101	0168	00000008		.data.32	8
102	016c	0000000a		.data.32	10
103	0170	0000000c		.data.32	12
104	0174	0000000e		.data.32	14
105	0178	0000000d		.data.32	13
106	017c	0000000e		.data.32	14
107	0180	00000014		.data.32	20
108	0184	00000016		.data.32	22
109	0188	00000017		.data.32	23
110	018c	00000019		.data.32	25
111	0190	00000014		.data.32	20
112	0194	0000001d		.data.32	29
113	0198	0000001c		.data.32	28
114	019c	0000001a		.data.32	26
115	01a0	00000011		.data.32	17
116	01a4	00000013		.data.32	19
117	01a8	0000001b		.data.32	27
118	01ac	00000016		.data.32	22
119	01b0	00000011		.data.32	17
120	01b4	00000018		.data.32	24
121	01b8	00000019		.data.32	25
122	01bc	0000001b		.data.32	27
123	01c0	0000001d		.data.32	29
124	01c4	00000016		.data.32	22
125	01c8	00000026		.data.32	38
126	01cc	00000025		.data.32	37
127	01d0	00000027		.data.32	39
128	01d4	00000023		.data.32	35
129	01d8	00000026		.data.32	38
130	01dc	00000020		.data.32	32
131	01e0	0000001a		.data.32	26
132	01e4	00000019		.data.32	25
133	01e8	0000001b		.data.32	27
134	01ec	0000001b		.data.32	27
135	01f0	00000017		.data.32	23
136	01f4	00000014		.data.32	20
137	01f8	00000015		.data.32	21
138	01fc	00000010		.data.32	16
139	0200	00000015		.data.32	21
140	0204	0000000f		.data.32	15
141	0208	00000016		.data.32	22
142	020c	00000017		.data.32	23
143	0210	00000017		.data.32	23
144	0214	00000015		.data.32	21
145	0218	0000000f		.data.32	15
146	021c	00000016		.data.32	22
147	0220	00000019		.data.32	25
148	0224	0000001b		.data.32	27
149	0228	0000001b		.data.32	27
150	022c	00000013		.data.32	19
151	0230	0000000d		.data.32	13
152	0234	00000012		.data.32	18
153	0238	00000016		.data.32	22
154	023c	0000000a		.data.32	10
155	0240	00000015		.data.32	21
156	0244	0000000c		.data.32	12
157	0248	0000000f		.data.32	15
158	024c	0000000f		.data.32	15
159	0250	00000012		.data.32	18
160	0254	00000010		.data.32	16
161	0258	00000018		.data.32	24
162	025c	0000000a		.data.32	10
163	0260	00000006		.data.32	6
164	0264	00000008		.data.32	8
165	0268	00000009		.data.32	9
166	026c	00000007		.data.32	7
167	0270	00000005		.data.32	5
168	0274	00000006		.data.32	6
169	0278	00000004		.data.32	4
170	027c	00000009		.data.32	9
171	0280	00000007		.data.32	7
172	0284	00000008		.data.32	8
173	0288	00000009		.data.32	9
174	028c	0000000b		.data.32	11
175	0290	00000006		.data.32	6
176	0294	00000007		.data.32	7
177	0298	00000006		.data.32	6
178	029c	00000004		.data.32	4
179	02a0	00000007		.data.32	7
180	02a4	00000009		.data.32	9
181	02a8	00000008		.data.32	8
182	02ac	0000000a		.data.32	10
183	02b0	00000008		.data.32	8
184	02b4	0000000d		.data.32	13
185	02b8	00000012		.data.32	18
186	02bc	0000000b		.data.32	11
187	02c0	00000008		.data.32	8
188	02c4	0000000b		.data.32	11
189	02c8	00000010		.data.32	16
190	02cc	00000013		.data.32	19
191	02d0	00000011		.data.32	17
192	02d4	0000001a		.data.32	26
193	02d8	0000001d		.data.32	29
194	02dc	00000014		.data.32	20
195	02e0	00000013		.data.32	19
196	02e4	00000018		.data.32	24
197	02e8	00000019		.data.32	25
198	02ec	00000012		.data.32	18
199	02f0	0000000f		.data.32	15
200	02f4	00000012		.data.32	18
201	02f8	0000001b		.data.32	27
202	02fc	0000001d		.data.32	29
203	0300	0000001c		.data.32	28
204	0304	0000001c		.data.32	28
205	0308	0000001c		.data.32	28
206	030c	0000001c		.data.32	28
207	0310	0000001d		.data.32	29
208	0314	00000020		.data.32	32
209	0318	00000019		.data.32	25
210	031c	00000021		.data.32	33
211	0320	00000028		.data.32	40
212	0324	0000002b		.data.32	43
213	0328	0000002f		.data.32	47
214	032c	0000002e		.data.32	46
215	0330	00000034		.data.32	52
216	0334	00000035		.data.32	53
217	0338	00000038		.data.32	56
218	033c	00000031		.data.32	49
219	0340	00000033		.data.32	51
220	0344	00000035		.data.32	53
221	0348	00000030		.data.32	48
222	034c	0000003d		.data.32	61
223	0350	0000003c		.data.32	60
224	0354	00000027		.data.32	39
225	0358	0000002d		.data.32	45
226	035c	00000035		.data.32	53
227	0360	00000032		.data.32	50
228	0364	00000038		.data.32	56
229	0368	00000030		.data.32	48
230	036c	00000035		.data.32	53
231	0370	00000035		.data.32	53
232	0374	00000036		.data.32	54
233	0378	00000036		.data.32	54
234	037c	00000038		.data.32	56
235	0380	00000038		.data.32	56
236	0384	00000036		.data.32	54
237	0388	0000003a		.data.32	58
238	038c	00000031		.data.32	49
239	0390	00000024		.data.32	36
240	0394	00000025		.data.32	37
241	0398	00000024		.data.32	36
242	039c	00000026		.data.32	38
243	03a0	00000025		.data.32	37
244	03a4	00000028		.data.32	40
245	03a8	00000028		.data.32	40
246	03ac	0000002a		.data.32	42
247	03b0	00000034		.data.32	52
248	03b4	00000032		.data.32	50
249	03b8	0000002c		.data.32	44
250	03bc	00000039		.data.32	57
251	03c0	00000036		.data.32	54
252	03c4	00000030		.data.32	48
253	03c8	0000003b		.data.32	59
254	03cc	00000038		.data.32	56
255	03d0	00000042		.data.32	66
256	03d4	00000044		.data.32	68
257	03d8	00000045		.data.32	69
258	03dc	00000055		.data.32	85
259	03e0	0000004f		.data.32	79
260	03e4	00000051		.data.32	81
261	03e8	000000af		.data.32	175
262	03ec	000000ba		.data.32	186
263	03f0	000000b7		.data.32	183
264	03f4	000000c1		.data.32	193
265	03f8	0000009e		.data.32	158
266	03fc	0000009c		.data.32	156
267	0400	00000090		.data.32	144
268	0404	000000bd		.data.32	189
269	0408	000000a0		.data.32	160
270	040c	00000092		.data.32	146
271	0410	000000a3		.data.32	163
272	0414	000000b2		.data.32	178
273	0418	00000091		.data.32	145
274	041c	0000009b		.data.32	155
275	0420	00000099		.data.32	153
276	0424	000000bc		.data.32	188
277	0428	00000092		.data.32	146
278	042c	00000095		.data.32	149
279	0430	0000009c		.data.32	156
280	0434	000000be		.data.32	190
281	0438	0000008f		.data.32	143
282	043c	00000091		.data.32	145
283	0440	0000008f		.data.32	143
284	0444	0000016e		.data.32	366
285	0448	000000a7		.data.32	167
286	044c	000000ad		.data.32	173
287	0450	000000b0		.data.32	176
288	0454	00000178		.data.32	376
289	0458	000000a8		.data.32	168
290	045c	000000aa		.data.32	170
291	0460	000000b5		.data.32	181
292	0464	00000176		.data.32	374
293	0468	000000a9		.data.32	169
294	046c	000000aa		.data.32	170
295	0470	000000a8		.data.32	168
296	0474	0000016f		.data.32	367
297	0478	000000a2		.data.32	162
298	047c	000000aa		.data.32	170
299	0480	0000009d		.data.32	157
300	0484	00000172		.data.32	370
301	0488	00000096		.data.32	150
302	048c	0000008f		.data.32	143
303	0490	00000096		.data.32	150
304	0494	00000164		.data.32	356
305	0498	0000009c		.data.32	156
306	049c	0000009f		.data.32	159
307	04a0	0000009d		.data.32	157
308	04a4	00000126		.data.32	294
309	04a8	00000093		.data.32	147
310	04ac	000000a5		.data.32	165
311	04b0	000000b1		.data.32	177
312	04b4	00000174		.data.32	372
313	04b8	000000b6		.data.32	182
314	04bc	000000bd		.data.32	189
315	04c0	000000ad		.data.32	173
316	04c4	000000da		.data.32	218
317	04c8	0000009e		.data.32	158
318	04cc	0000009e		.data.32	158
319	04d0	000000a2		.data.32	162
320	04d4	000000ce		.data.32	206
321	04d8	0000008e		.data.32	142
322	04dc	0000008e		.data.32	142
323	04e0	00000098		.data.32	152
324	04e4	000000d1		.data.32	209
325	04e8	0000008f		.data.32	143
326	04ec	000000a0		.data.32	160
327	04f0	00000095		.data.32	149
328	04f4	0000017a		.data.32	378
329	04f8	000000a1		.data.32	161
330	04fc	00000098		.data.32	152
331	0500	0000009f		.data.32	159
332	0504	00000173		.data.32	371
333	0508	0000009c		.data.32	156
334	050c	000000a4		.data.32	164
335	0510	000000a3		.data.32	163
336	0514	00000117		.data.32	279
337	0518	00000099		.data.32	153
338	051c	0000009f		.data.32	159
339	0520	0000009b		.data.32	155
340	0524	000000ca		.data.32	202
341	0528	00000087		.data.32	135
342	052c	000000a9		.data.32	169
343	0530	000000a1		.data.32	161
344	0534	00000169		.data.32	361
345	0538	00000081		.data.32	129
346	053c	00000084		.data.32	132
347	0540	0000008b		.data.32	139
348	0544	00000161		.data.32	353
349	0548	0000008d		.data.32	141
350	054c	0000009b		.data.32	155
351	0550	00000091		.data.32	145
352	0554	00000164		.data.32	356
353	0558	00000079		.data.32	121
354	055c	00000083		.data.32	131
355	0560	0000008e		.data.32	142
356	0564	00000163		.data.32	355
357	0568	00000085		.data.32	133
358	056c	00000086		.data.32	134
359	0570	0000008f		.data.32	143
360	0574	00000169		.data.32	361
361	0578	00000094		.data.32	148
362	057c	0000009a		.data.32	154
363	0580	00000091		.data.32	145
364	0584	00000163		.data.32	355
365	0588	00000082		.data.32	130
366	058c	0000009b		.data.32	155
367	0590	00000093		.data.32	147
368	0594	00000000		.space	4
369	0598	00000000		.space	4
370	059c	00000000		.space	4
371	05a0	00000000		.space	4
372	05a4	00000000		.space	4
373	05a8	00000000		.space	4
374	05ac	00000003		.data.32	3
375	05b0	00000007		.data.32	7
376	05b4	00000008		.data.32	8
377	05b8	0000000f		.data.32	15
378	05bc	0000001b		.data.32	27
379	05c0	0000002d		.data.32	45
380	05c4	00000039		.data.32	57
381	05c8	00000032		.data.32	50
382	05cc	00000025		.data.32	37
383	05d0	00000015		.data.32	21
384	05d4	00000011		.data.32	17
385	05d8	0000000e		.data.32	14
386	05dc	00000006		.data.32	6
387	05e0	00000000		.space	4
388	05e4	00000000		.space	4
389	05e8	00000000		.space	4
390	05ec	00000000		.space	4
391	05f0	00000003		.data.32	3
392	05f4	0000000f		.data.32	15
393	05f8	0000001c		.data.32	28
394	05fc	00000024		.data.32	36
395	0600	0000001a		.data.32	26
396	0604	00000006		.data.32	6
397	0608	0000000c		.data.32	12
398	060c	0000000b		.data.32	11
399	0610	0000000b		.data.32	11
400	0614	0000000e		.data.32	14
401	0618	0000000d		.data.32	13
402	061c	00000010		.data.32	16
403	0620	00000013		.data.32	19
404	0624	00000010		.data.32	16
405	0628	0000000c		.data.32	12
406	062c	00000010		.data.32	16
407	0630	0000001e		.data.32	30
408	0634	00000019		.data.32	25
409	0638	00000019		.data.32	25
410	063c	00000016		.data.32	22
411	0640	00000012		.data.32	18
412	0644	0000000e		.data.32	14
413	0648	00000006		.data.32	6
414	064c	00000001		.data.32	1
415	0650	00000005		.data.32	5
416	0654	0000000c		.data.32	12
417	0658	0000000d		.data.32	13
418	065c	00000016		.data.32	22
419	0660	00000018		.data.32	24
420	0664	00000023		.data.32	35
421	0668	0000002a		.data.32	42
422	066c	0000002a		.data.32	42
423	0670	0000001b		.data.32	27
424	0674	00000003		.data.32	3
425	0678	00000002		.data.32	2
426	067c	00000003		.data.32	3
427	0680	00000005		.data.32	5
428	0684	00000010		.data.32	16
429	0688	00000017		.data.32	23
430	068c	0000001e		.data.32	30
431	0690	00000021		.data.32	33
432	0694	00000026		.data.32	38
433	0698	0000002c		.data.32	44
434	069c	00000023		.data.32	35
435	06a0	0000001e		.data.32	30
436	06a4	00000012		.data.32	18
437	06a8	00000009		.data.32	9
438	06ac	00000006		.data.32	6
439	06b0	0000000a		.data.32	10
440	06b4	00000013		.data.32	19
441	06b8	0000000e		.data.32	14
442	06bc	00000006		.data.32	6
443	06c0	00000004		.data.32	4
444	06c4	0000000f		.data.32	15
445	06c8	00000011		.data.32	17
446	06cc	0000001d		.data.32	29
447	06d0	00000013		.data.32	19
448	06d4	00000009		.data.32	9
449	06d8	00000003		.data.32	3
450	06dc	00000001		.data.32	1
451	06e0	0000000b		.data.32	11
452	06e4	00000013		.data.32	19
453	06e8	00000017		.data.32	23
454	06ec	00000015		.data.32	21
455	06f0	00000003		.data.32	3
456	06f4	00000002		.data.32	2
457	06f8	00000004		.data.32	4
458	06fc	00000004		.data.32	4
459	0700	00000006		.data.32	6
460	0704	00000000		.space	4
461	0708	00000000		.space	4
462	070c	00000002		.data.32	2
463	0710	00000005		.data.32	5
464	0714	00000008		.data.32	8
465	0718	00000005		.data.32	5
466	071c	00000005		.data.32	5
467	0720	00000000		.space	4
468	0724	00000001		.data.32	1
469	0728	00000001		.data.32	1
470	072c	00000001		.data.32	1
471	0730	00000001		.data.32	1
472	0734	00000000		.space	4
473	0738	00000001		.data.32	1
474	073c	00000001		.data.32	1
475	0740	00000000		.space	4
476	0744	00000001		.data.32	1
477	0748	00000005		.data.32	5
478	074c	00000000		.space	4
479	0750	00000002		.data.32	2
480	0754	00000001		.data.32	1
481	0758	00000006		.data.32	6
482	075c	00000003		.data.32	3
483	0760	00000002		.data.32	2
484	0764	00000005		.data.32	5
485	0768	00000004		.data.32	4
486	076c	00000008		.data.32	8
487	0770	00000000		.space	4
488	0774	00000002		.data.32	2
489	0778	00000003		.data.32	3
490	077c	00000002		.data.32	2
491	0780	00000005		.data.32	5
492	0784	00000001		.data.32	1
493	0788	00000004		.data.32	4
494	078c	00000002		.data.32	2
495	0790	00000004		.data.32	4
496	0794	00000002		.data.32	2
497	0798	00000005		.data.32	5
498	079c	00000001		.data.32	1
499	07a0	00000002		.data.32	2
500	07a4	00000000		.space	4
501	07a8	00000003		.data.32	3
502	07ac	00000003		.data.32	3
503	07b0	00000001		.data.32	1
504	07b4	00000007		.data.32	7
505	07b8	00000006		.data.32	6
506	07bc	0000000a		.data.32	10
507	07c0	00000015		.data.32	21
508	07c4	00000020		.data.32	32
509	07c8	00000027		.data.32	39
510	07cc	0000002b		.data.32	43
511	07d0	00000037		.data.32	55
512	07d4	00000051		.data.32	81
513	07d8	00000068		.data.32	104
514	07dc	00000072		.data.32	114
515	07e0	00000076		.data.32	118
516	07e4	00000072		.data.32	114
517	07e8	00000054		.data.32	84
518	07ec	00000043		.data.32	67
519	07f0	00000049		.data.32	73
520	07f4	00000053		.data.32	83
521	07f8	0000004d		.data.32	77
522	07fc	00000066		.data.32	102
523	0800	00000062		.data.32	98
524	0804	00000050		.data.32	80
525	0808	00000047		.data.32	71
526	080c	00000043		.data.32	67
527	0810	00000040		.data.32	64
528	0814	00000040		.data.32	64
529	0818	0000003f		.data.32	63
530	081c	00000037		.data.32	55
531	0820	00000022		.data.32	34
532	0824	00000020		.data.32	32
533	0828	00000027		.data.32	39
534	082c	00000018		.data.32	24
535	0830	00000016		.data.32	22
536	0834	00000014		.data.32	20
537	0838	00000016		.data.32	22
538	083c	00000018		.data.32	24
539	0840	00000029		.data.32	41
540	0844	00000014		.data.32	20
541	0848	00000018		.data.32	24
542	084c	00000018		.data.32	24
543	0850	0000000f		.data.32	15
544	0854	00000013		.data.32	19
545	0858	00000015		.data.32	21
546	085c	00000012		.data.32	18
547	0860	00000010		.data.32	16
548	0864	0000000f		.data.32	15
549	0868	0000000c		.data.32	12
550	086c	0000000b		.data.32	11
551	0870	00000010		.data.32	16
552	0874	0000000d		.data.32	13
553	0878	00000006		.data.32	6
554	087c	00000007		.data.32	7
555	0880	00000007		.data.32	7
556	0884	00000007		.data.32	7
557	0888	0000000e		.data.32	14
558	088c	00000008		.data.32	8
559	0890	0000000a		.data.32	10
560	0894	00000007		.data.32	7
561	0898	00000009		.data.32	9
562	089c	00000006		.data.32	6
563	08a0	00000005		.data.32	5
564	08a4	00000007		.data.32	7
565	08a8	00000003		.data.32	3
566	08ac	00000024		.data.32	36
567	08b0	00000033		.data.32	51
568	08b4	00000039		.data.32	57
569	08b8	0000003a		.data.32	58
570	08bc	00000048		.data.32	72
571	08c0	00000044		.data.32	68
572	08c4	00000055		.data.32	85
573	08c8	00000065		.data.32	101
574	08cc	00000063		.data.32	99
575	08d0	0000006d		.data.32	109
576	08d4	0000007e		.data.32	126
577	08d8	00000097		.data.32	151
578	08dc	0000007c		.data.32	124
579	08e0	00000087		.data.32	135
580	08e4	0000007b		.data.32	123
581	08e8	0000006b		.data.32	107
582	08ec	00000083		.data.32	131
583	08f0	0000007e		.data.32	126
584	08f4	00000078		.data.32	120
585	08f8	00000081		.data.32	129
586	08fc	00000089		.data.32	137
587	0900	0000007b		.data.32	123
588	0904	00000071		.data.32	113
589	0908	00000078		.data.32	120
590	090c	00000061		.data.32	97
591	0910	0000005c		.data.32	92
592	0914	00000058		.data.32	88
593	0918	00000060		.data.32	96
594	091c	00000049		.data.32	73
595	0920	00000055		.data.32	85
596	0924	0000004d		.data.32	77
597	0928	00000045		.data.32	69
598	092c	0000004c		.data.32	76
599	0930	00000055		.data.32	85
600	0934	00000048		.data.32	72
601	0938	0000003b		.data.32	59
602	093c	0000003f		.data.32	63
603	0940	00000043		.data.32	67
604	0944	00000042		.data.32	66
605	0948	0000004a		.data.32	74
606	094c	00000045		.data.32	69
607	0950	00000039		.data.32	57
608	0954	00000044		.data.32	68
609	0958	00000058		.data.32	88
610	095c	00000047		.data.32	71
611	0960	0000004a		.data.32	74
612	0964	00000054		.data.32	84
613	0968	0000003c		.data.32	60
614	096c	00000031		.data.32	49
615	0970	00000035		.data.32	53
616	0974	00000039		.data.32	57
617	0978	0000003e		.data.32	62
618	097c	00000039		.data.32	57
619	0980	0000003b		.data.32	59
620	0984	00000039		.data.32	57
621	0988	00000034		.data.32	52
622	098c	00000040		.data.32	64
623	0990	0000003e		.data.32	62
624	0994	00000038		.data.32	56
625	0998	0000003d		.data.32	61
626	099c	0000003d		.data.32	61
627	09a0	00000037		.data.32	55
628	09a4	00000039		.data.32	57
629	09a8	0000003d		.data.32	61
630	09ac	0000003b		.data.32	59
631	09b0	0000003a		.data.32	58
632	09b4	0000003c		.data.32	60
633	09b8	0000003a		.data.32	58
634	09bc	00000034		.data.32	52
635	09c0	00000035		.data.32	53
636	09c4	00000030		.data.32	48
637	09c8	00000034		.data.32	52
638	09cc	0000002d		.data.32	45
639	09d0	00000032		.data.32	50
640	09d4	00000032		.data.32	50
641	09d8	00000036		.data.32	54
642	09dc	00000037		.data.32	55
643	09e0	00000040		.data.32	64
644	09e4	00000042		.data.32	66
645	09e8	00000036		.data.32	54
646	09ec	00000036		.data.32	54
647	09f0	0000003a		.data.32	58
648	09f4	00000036		.data.32	54
649	09f8	00000031		.data.32	49
650	09fc	00000032		.data.32	50
651	0a00	00000041		.data.32	65
652	0a04	00000040		.data.32	64
653	0a08	00000039		.data.32	57
654	0a0c	00000037		.data.32	55
655	0a10	0000003a		.data.32	58
656	0a14	00000039		.data.32	57
657	0a18	00000033		.data.32	51
658	0a1c	00000028		.data.32	40
659	0a20	00000035		.data.32	53
660	0a24	0000002f		.data.32	47
661	0a28	00000037		.data.32	55
662	0a2c	0000002f		.data.32	47
663	0a30	00000038		.data.32	56
664	0a34	00000032		.data.32	50
665	0a38	0000000f		.data.32	15
666	0a3c	00000022		.data.32	34
667	0a40	00000028		.data.32	40
668	0a44	0000001b		.data.32	27
669	0a48	0000001d		.data.32	29
670	0a4c	00000012		.data.32	18
671	0a50	00000012		.data.32	18
672	0a54	00000011		.data.32	17
673	0a58	00000019		.data.32	25
674	0a5c	00000013		.data.32	19
675	0a60	00000013		.data.32	19
676	0a64	0000001c		.data.32	28
677	0a68	0000002c		.data.32	44
678	0a6c	0000002c		.data.32	44
679	0a70	00000022		.data.32	34
680	0a74	00000012		.data.32	18
681	0a78	0000000e		.data.32	14
682	0a7c	0000000d		.data.32	13
683	0a80	00000006		.data.32	6
684	0a84	00000006		.data.32	6
685	0a88	0000000a		.data.32	10
686	0a8c	00000010		.data.32	16
687	0a90	0000000d		.data.32	13
688	0a94	0000000a		.data.32	10
689	0a98	0000000d		.data.32	13
690	0a9c	00000005		.data.32	5
691	0aa0	00000006		.data.32	6
692	0aa4	00000005		.data.32	5
693	0aa8	00000002		.data.32	2
694	0aac	00000002		.data.32	2
695	0ab0	00000004		.data.32	4
696	0ab4	00000007		.data.32	7
697	0ab8	00000011		.data.32	17
698	0abc	00000011		.data.32	17
699	0ac0	0000000d		.data.32	13
700	0ac4	0000000d		.data.32	13
701	0ac8	00000010		.data.32	16
702	0acc	00000009		.data.32	9
703	0ad0	00000006		.data.32	6
704	0ad4	00000010		.data.32	16
705	0ad8	00000011		.data.32	17
706	0adc	0000000d		.data.32	13
707	0ae0	0000000d		.data.32	13
708	0ae4	0000000d		.data.32	13
709	0ae8	00000007		.data.32	7
710	0aec	00000006		.data.32	6
711	0af0	00000015		.data.32	21
712	0af4	00000021		.data.32	33
713	0af8	00000013		.data.32	19
714	0afc	00000012		.data.32	18
715	0b00	00000007		.data.32	7
716	0b04	0000000a		.data.32	10
717	0b08	00000016		.data.32	22
718	0b0c	00000018		.data.32	24
719	0b10	00000016		.data.32	22
720	0b14	00000012		.data.32	18
721	0b18	0000000b		.data.32	11
722	0b1c	00000012		.data.32	18
723	0b20	0000000e		.data.32	14
724	0b24	00000007		.data.32	7
725	0b28	00000006		.data.32	6
726	0b2c	00000009		.data.32	9
727	0b30	00000009		.data.32	9
728	0b34	00000012		.data.32	18
729	0b38	00000013		.data.32	19
730	0b3c	00000019		.data.32	25
731	0b40	00000015		.data.32	21
732	0b44	00000011		.data.32	17
733	0b48	00000010		.data.32	16
734	0b4c	0000001e		.data.32	30
735	0b50	00000024		.data.32	36
736	0b54	0000003c		.data.32	60
737	0b58	00000021		.data.32	33
738	0b5c	00000010		.data.32	16
739	0b60	00000012		.data.32	18
740	0b64	00000018		.data.32	24
741	0b68	0000002b		.data.32	43
742	0b6c	0000002d		.data.32	45
743	0b70	00000022		.data.32	34
744	0b74	00000025		.data.32	37
745	0b78	0000002a		.data.32	42
746	0b7c	0000001d		.data.32	29
747	0b80	00000017		.data.32	23
748	0b84	00000025		.data.32	37
749	0b88	0000001e		.data.32	30
750	0b8c	00000017		.data.32	23
751	0b90	00000014		.data.32	20
752	0b94	00000013		.data.32	19
753	0b98	00000029		.data.32	41
754	0b9c	00000034		.data.32	52
755	0ba0	0000003b		.data.32	59
756	0ba4	00000048		.data.32	72
757	0ba8	00000056		.data.32	86
758	0bac	0000005f		.data.32	95
759	0bb0	0000001b		.data.32	27
760	0bb4	00000013		.data.32	19
761	0bb8	00000011		.data.32	17
762	0bbc	0000000b		.data.32	11
763	0bc0	00000004		.data.32	4
764				.section	.text
765				.addressing	Word
766				.section	.text
767				.addressing	Word
768				;.addressing	Word
769			
770	0000	03def026		xor	%r30, %r30, %r30
771	0001	03bde826		xor	%r29, %r29, %r29
772	0002	039ce026		xor	%r28, %r28, %r28
773	0003	3c1e000f		lhi	%r30, $(0xFFFFC/0x10000)
774	0004	3c1d000f		lhi	%r29, $(0xFFFFC/0x10000)
775	0005	37defffc		ori	%r30, %r30, $(0xFFFFC%0x10000)
776	0006	37bdfffc		ori	%r29, %r29, $(0xFFFFC%0x10000)
777	0007	afbefffc		sw	-4(%r29), %r30
778	0008	afbffff8		sw	-8(%r29), %r31
779	0009	23ddfff8		addi	%r29, %r30, $-8
780	000a	0c0000ce		jal	main	
781	000b	00000000		nop
782	000c	afa10000		sw	0(%r29), %r1
783	000d	0c000314		jal	exit
784	000e	00000000		nop
785			
786				;.addressing	Word
787			doMotionEstimation:
788			L_Encoder_1:
789				; Automatically 1 NOPs removed by reduceNOPs.sh
790	000f	afbefffc		sw	-4(%r29),%r30	
791	0010	afbf0000		sw	0(%r29),%r31	
792	0011	2fbe0004		subui	%r30,%r29,$4	
793	0012	2bbd0008		subi	%r29,%r29,$8	
794				; Automatically 11 NOPs removed by reduceNOPs.sh
795	0013	3c010000		lhi	%r1,$0	
796				; Automatically 1 NOPs removed by reduceNOPs.sh
797	0014	34210000		ori	%r1,%r1,$0	
798			L_Encoder_2:
799	0015	0022d82a		slt	%r27,%r1,%r2	
800	0016	17600004		bnez	%r27,L_Encoder_3	
801	0017	00000000		nop
802				; Automatically 1 NOPs removed by reduceNOPs.sh
803	0018	0800001b		j	L_Encoder_6	
804	0019	00000000		nop
805				; Automatically 1 NOPs removed by reduceNOPs.sh
806			L_Encoder_3:
807	001a	3c040000		lhi	%r4,$( _c	/0x10000)
808	001b	34840000		ori	%r4,%r4,$( _c	%0x10000)
809	001c	3c030000		lhi	%r3,$0	
810				; Automatically 1 NOPs removed by reduceNOPs.sh
811	001d	34630000		ori	%r3,%r3,$0	
812			L_Encoder_4:
813	001e	8c850000		lw	%r5,0(%r4)	
814	001f	3c060000		lhi	%r6,$0	
815				; Automatically 1 NOPs removed by reduceNOPs.sh
816	0020	34c60000		ori	%r6,%r6,$0	
817	0021	3c070000		lhi	%r7,$0	
818				; Automatically 1 NOPs removed by reduceNOPs.sh
819	0022	34e70000		ori	%r7,%r7,$0	
820	0023	00a32820		add	%r5,%r5,%r3	
821	0024	3c080000		lhi	%r8,$0	
822				; Automatically 1 NOPs removed by reduceNOPs.sh
823	0025	35080000		ori	%r8,%r8,$0	
824	0026	ac850000		sw	0(%r4),%r5	
825			
826			
827	0027	00e647e1		MotionEstimation	%r7, %r6, %r8
828			
829	0028	20630001		addi	%r3,%r3,$1	
830	0029	3c050000		lhi	%r5,$0	
831				; Automatically 1 NOPs removed by reduceNOPs.sh
832	002a	34a50064		ori	%r5,%r5,$100	
833				; Automatically 1 NOPs removed by reduceNOPs.sh
834	002b	0065d82a		slt	%r27,%r3,%r5	
835	002c	1760fff2		bnez	%r27,L_Encoder_4	
836	002d	00000000		nop
837				; Automatically 1 NOPs removed by reduceNOPs.sh
838	002e	08000002		j	L_Encoder_5	
839	002f	00000000		nop
840				; Automatically 1 NOPs removed by reduceNOPs.sh
841			L_Encoder_5:
842	0030	20210001		addi	%r1,%r1,$1	
843	0031	0bffffe4		j	L_Encoder_2	
844	0032	00000000		nop
845			L_Encoder_6:
846	0033	3c010000		lhi	%r1,$( _c	/0x10000)
847	0034	34210000		ori	%r1,%r1,$( _c	%0x10000)
848				; Automatically 1 NOPs removed by reduceNOPs.sh
849	0035	8c3c0000		lw	%r28,0(%r1)	
850				; Automatically 1 NOPs removed by reduceNOPs.sh
851	0036	08000002		j	L_Encoder_7	
852	0037	00000000		nop
853				; Automatically 1 NOPs removed by reduceNOPs.sh
854			L_Encoder_7:
855				; Automatically 1 NOPs removed by reduceNOPs.sh
856	0038	8fdf0004		lw	%r31,4(%r30)	
857	0039	27dd0004		addui	%r29,%r30,$4	
858	003a	8fde0000		lw	%r30,0(%r30)	
859	003b	03e00008		jr	%r31	
860	003c	00000000		nop
861				; Automatically 1 NOPs removed by reduceNOPs.sh
862			doEncodeMB:
863			L_Encoder_8:
864				; Automatically 1 NOPs removed by reduceNOPs.sh
865	003d	afbefffc		sw	-4(%r29),%r30	
866	003e	afbf0000		sw	0(%r29),%r31	
867	003f	2fbe0004		subui	%r30,%r29,$4	
868	0040	2bbd0094		subi	%r29,%r29,$148	
869				; Automatically 10 NOPs removed by reduceNOPs.sh
870	0041	40250002		slli	%r5,%r1,$2	
871	0042	3c030000		lhi	%r3,$0	
872				; Automatically 1 NOPs removed by reduceNOPs.sh
873	0043	34630000		ori	%r3,%r3,$0	
874	0044	3c040000		lhi	%r4,$0	
875				; Automatically 1 NOPs removed by reduceNOPs.sh
876	0045	34840000		ori	%r4,%r4,$0	
877	0046	3c060000		lhi	%r6,$( _I_MB	/0x10000)
878	0047	34c6002c		ori	%r6,%r6,$( _I_MB	%0x10000)
879	0048	afc3fffc		sw	-4(%r30),%r3	
880	0049	3c030000		lhi	%r3,$0	
881				; Automatically 1 NOPs removed by reduceNOPs.sh
882	004a	34630000		ori	%r3,%r3,$0	
883	004b	00c52820		add	%r5,%r6,%r5	
884	004c	3c070000		lhi	%r7,$0	
885				; Automatically 1 NOPs removed by reduceNOPs.sh
886	004d	34e70096		ori	%r7,%r7,$150	
887	004e	afc4fff8		sw	-8(%r30),%r4	
888				; Automatically 1 NOPs removed by reduceNOPs.sh
889	004f	afc3fff4		sw	-12(%r30),%r3	
890				; Automatically 1 NOPs removed by reduceNOPs.sh
891	0050	8ca30000		lw	%r3,0(%r5)	
892				; Automatically 1 NOPs removed by reduceNOPs.sh
893	0051	00432022		sub	%r4,%r2,%r3	
894	0052	0027d82e		seq	%r27,%r1,%r7	
895	0053	17600004		bnez	%r27,L_Encoder_9	
896	0054	00000000		nop
897				; Automatically 1 NOPs removed by reduceNOPs.sh
898	0055	08000006		j	L_Encoder_10	
899	0056	00000000		nop
900				; Automatically 1 NOPs removed by reduceNOPs.sh
901			L_Encoder_9:
902				; Automatically 1 NOPs removed by reduceNOPs.sh
903	0057	3c030000		lhi	%r3,$0	
904				; Automatically 1 NOPs removed by reduceNOPs.sh
905	0058	3463018c		ori	%r3,%r3,$396	
906	0059	3c040000		lhi	%r4,$0	
907				; Automatically 1 NOPs removed by reduceNOPs.sh
908	005a	34840000		ori	%r4,%r4,$0	
909			L_Encoder_10:
910				; Automatically 1 NOPs removed by reduceNOPs.sh
911	005b	3c010000		lhi	%r1,$0	
912				; Automatically 1 NOPs removed by reduceNOPs.sh
913	005c	34210000		ori	%r1,%r1,$0	
914			L_Encoder_11:
915	005d	0023d82a		slt	%r27,%r1,%r3	
916	005e	17600004		bnez	%r27,L_Encoder_12	
917	005f	00000000		nop
918				; Automatically 1 NOPs removed by reduceNOPs.sh
919	0060	08000022		j	L_Encoder_15	
920	0061	00000000		nop
921				; Automatically 1 NOPs removed by reduceNOPs.sh
922			L_Encoder_12:
923	0062	2bc2004c		subi	%r2,%r30,$76	
924	0063	2bc50004		subi	%r5,%r30,$4	
925	0064	2bc6008c		subi	%r6,%r30,$140	
926	0065	3c070000		lhi	%r7,$0	
927				; Automatically 1 NOPs removed by reduceNOPs.sh
928	0066	34e70001		ori	%r7,%r7,$1	
929			
930			
931	0067	04a23982		IPred_HDC16x16	%r6, %r5, %r2, %r7
932			
933	0068	2bc5004c		subi	%r5,%r30,$76	
934	0069	2bc20008		subi	%r2,%r30,$8	
935	006a	3c060000		lhi	%r6,$0	
936				; Automatically 1 NOPs removed by reduceNOPs.sh
937	006b	34c60001		ori	%r6,%r6,$1	
938			
939			
940	006c	00a61039		IPred_VDC16x16	%r2, %r5, %r6
941			
942	006d	3c050000		lhi	%r5,$( _c	/0x10000)
943	006e	34a50000		ori	%r5,%r5,$( _c	%0x10000)
944	006f	3c060000		lhi	%r6,$0	
945				; Automatically 1 NOPs removed by reduceNOPs.sh
946	0070	34c60000		ori	%r6,%r6,$0	
947	0071	3c020000		lhi	%r2,$0	
948				; Automatically 1 NOPs removed by reduceNOPs.sh
949	0072	34420000		ori	%r2,%r2,$0	
950	0073	aca60000		sw	0(%r5),%r6	
951			L_Encoder_13:
952	0074	8ca60000		lw	%r6,0(%r5)	
953				; Automatically 1 NOPs removed by reduceNOPs.sh
954	0075	00c23020		add	%r6,%r6,%r2	
955	0076	3c070000		lhi	%r7,$0	
956				; Automatically 1 NOPs removed by reduceNOPs.sh
957	0077	34e70064		ori	%r7,%r7,$100	
958	0078	20420001		addi	%r2,%r2,$1	
959	0079	aca60000		sw	0(%r5),%r6	
960	007a	0047d82a		slt	%r27,%r2,%r7	
961	007b	1760fff9		bnez	%r27,L_Encoder_13	
962	007c	00000000		nop
963				; Automatically 1 NOPs removed by reduceNOPs.sh
964	007d	08000002		j	L_Encoder_14	
965	007e	00000000		nop
966				; Automatically 1 NOPs removed by reduceNOPs.sh
967			L_Encoder_14:
968	007f	20210001		addi	%r1,%r1,$1	
969	0080	0bffffdd		j	L_Encoder_11	
970	0081	00000000		nop
971			L_Encoder_15:
972				; Automatically 1 NOPs removed by reduceNOPs.sh
973	0082	3c020000		lhi	%r2,$0	
974				; Automatically 1 NOPs removed by reduceNOPs.sh
975	0083	34420000		ori	%r2,%r2,$0	
976			L_Encoder_16:
977	0084	0044d82a		slt	%r27,%r2,%r4	
978	0085	17600004		bnez	%r27,L_Encoder_17	
979	0086	00000000		nop
980				; Automatically 1 NOPs removed by reduceNOPs.sh
981	0087	08000019		j	L_Encoder_20	
982	0088	00000000		nop
983				; Automatically 1 NOPs removed by reduceNOPs.sh
984			L_Encoder_17:
985	0089	2bc1004c		subi	%r1,%r30,$76	
986	008a	2bc3000c		subi	%r3,%r30,$12	
987	008b	3c050000		lhi	%r5,$0	
988				; Automatically 1 NOPs removed by reduceNOPs.sh
989	008c	34a50001		ori	%r5,%r5,$1	
990			
991			
992	008d	0025183f		MC_Hz4	%r3, %r1, %r5
993			
994	008e	3c010000		lhi	%r1,$( _c	/0x10000)
995	008f	34210000		ori	%r1,%r1,$( _c	%0x10000)
996	0090	3c030000		lhi	%r3,$0	
997				; Automatically 1 NOPs removed by reduceNOPs.sh
998	0091	34630000		ori	%r3,%r3,$0	
999			L_Encoder_18:
1000	0092	8c250000		lw	%r5,0(%r1)	
1001				; Automatically 1 NOPs removed by reduceNOPs.sh
1002	0093	00a32820		add	%r5,%r5,%r3	
1003	0094	3c060000		lhi	%r6,$0	
1004				; Automatically 1 NOPs removed by reduceNOPs.sh
1005	0095	34c60064		ori	%r6,%r6,$100	
1006	0096	20630001		addi	%r3,%r3,$1	
1007	0097	ac250000		sw	0(%r1),%r5	
1008	0098	0066d82a		slt	%r27,%r3,%r6	
1009	0099	1760fff9		bnez	%r27,L_Encoder_18	
1010	009a	00000000		nop
1011				; Automatically 1 NOPs removed by reduceNOPs.sh
1012	009b	08000002		j	L_Encoder_19	
1013	009c	00000000		nop
1014				; Automatically 1 NOPs removed by reduceNOPs.sh
1015			L_Encoder_19:
1016	009d	20420001		addi	%r2,%r2,$1	
1017	009e	0bffffe6		j	L_Encoder_16	
1018	009f	00000000		nop
1019			L_Encoder_20:
1020	00a0	3c010000		lhi	%r1,$( _c	/0x10000)
1021	00a1	34210000		ori	%r1,%r1,$( _c	%0x10000)
1022				; Automatically 1 NOPs removed by reduceNOPs.sh
1023	00a2	8c3c0000		lw	%r28,0(%r1)	
1024				; Automatically 1 NOPs removed by reduceNOPs.sh
1025	00a3	08000002		j	L_Encoder_21	
1026	00a4	00000000		nop
1027				; Automatically 1 NOPs removed by reduceNOPs.sh
1028			L_Encoder_21:
1029				; Automatically 1 NOPs removed by reduceNOPs.sh
1030	00a5	8fdf0004		lw	%r31,4(%r30)	
1031	00a6	27dd0004		addui	%r29,%r30,$4	
1032	00a7	8fde0000		lw	%r30,0(%r30)	
1033	00a8	03e00008		jr	%r31	
1034	00a9	00000000		nop
1035				; Automatically 1 NOPs removed by reduceNOPs.sh
1036			doLoopFilter:
1037			L_Encoder_22:
1038				; Automatically 1 NOPs removed by reduceNOPs.sh
1039	00aa	afbefffc		sw	-4(%r29),%r30	
1040	00ab	afbf0000		sw	0(%r29),%r31	
1041	00ac	2fbe0004		subui	%r30,%r29,$4	
1042	00ad	2bbd0008		subi	%r29,%r29,$8	
1043				; Automatically 11 NOPs removed by reduceNOPs.sh
1044	00ae	3c010000		lhi	%r1,$0	
1045				; Automatically 1 NOPs removed by reduceNOPs.sh
1046	00af	34210000		ori	%r1,%r1,$0	
1047			L_Encoder_23:
1048	00b0	0022d82a		slt	%r27,%r1,%r2	
1049	00b1	17600004		bnez	%r27,L_Encoder_24	
1050	00b2	00000000		nop
1051				; Automatically 1 NOPs removed by reduceNOPs.sh
1052	00b3	0800001b		j	L_Encoder_27	
1053	00b4	00000000		nop
1054				; Automatically 1 NOPs removed by reduceNOPs.sh
1055			L_Encoder_24:
1056	00b5	3c040000		lhi	%r4,$( _c	/0x10000)
1057	00b6	34840000		ori	%r4,%r4,$( _c	%0x10000)
1058	00b7	3c030000		lhi	%r3,$0	
1059				; Automatically 1 NOPs removed by reduceNOPs.sh
1060	00b8	34630000		ori	%r3,%r3,$0	
1061			L_Encoder_25:
1062	00b9	8c850000		lw	%r5,0(%r4)	
1063	00ba	3c060000		lhi	%r6,$0	
1064				; Automatically 1 NOPs removed by reduceNOPs.sh
1065	00bb	34c60000		ori	%r6,%r6,$0	
1066	00bc	3c070000		lhi	%r7,$0	
1067				; Automatically 1 NOPs removed by reduceNOPs.sh
1068	00bd	34e70000		ori	%r7,%r7,$0	
1069	00be	00a32820		add	%r5,%r5,%r3	
1070	00bf	3c080000		lhi	%r8,$0	
1071				; Automatically 1 NOPs removed by reduceNOPs.sh
1072	00c0	35080001		ori	%r8,%r8,$1	
1073	00c1	ac850000		sw	0(%r4),%r5	
1074			
1075			
1076	00c2	00c83fe0		LoopFilter	%r7, %r6, %r8
1077			
1078	00c3	20630001		addi	%r3,%r3,$1	
1079	00c4	3c050000		lhi	%r5,$0	
1080				; Automatically 1 NOPs removed by reduceNOPs.sh
1081	00c5	34a50020		ori	%r5,%r5,$32	
1082				; Automatically 1 NOPs removed by reduceNOPs.sh
1083	00c6	0065d82a		slt	%r27,%r3,%r5	
1084	00c7	1760fff2		bnez	%r27,L_Encoder_25	
1085	00c8	00000000		nop
1086				; Automatically 1 NOPs removed by reduceNOPs.sh
1087	00c9	08000002		j	L_Encoder_26	
1088	00ca	00000000		nop
1089				; Automatically 1 NOPs removed by reduceNOPs.sh
1090			L_Encoder_26:
1091	00cb	20210001		addi	%r1,%r1,$1	
1092	00cc	0bffffe4		j	L_Encoder_23	
1093	00cd	00000000		nop
1094			L_Encoder_27:
1095	00ce	3c010000		lhi	%r1,$( _c	/0x10000)
1096	00cf	34210000		ori	%r1,%r1,$( _c	%0x10000)
1097				; Automatically 1 NOPs removed by reduceNOPs.sh
1098	00d0	8c3c0000		lw	%r28,0(%r1)	
1099				; Automatically 1 NOPs removed by reduceNOPs.sh
1100	00d1	08000002		j	L_Encoder_28	
1101	00d2	00000000		nop
1102				; Automatically 1 NOPs removed by reduceNOPs.sh
1103			L_Encoder_28:
1104				; Automatically 1 NOPs removed by reduceNOPs.sh
1105	00d3	8fdf0004		lw	%r31,4(%r30)	
1106	00d4	27dd0004		addui	%r29,%r30,$4	
1107	00d5	8fde0000		lw	%r30,0(%r30)	
1108	00d6	03e00008		jr	%r31	
1109	00d7	00000000		nop
1110				; Automatically 1 NOPs removed by reduceNOPs.sh
1111			main:
1112			L_Encoder_29:
1113				; Automatically 1 NOPs removed by reduceNOPs.sh
1114	00d8	afbefffc		sw	-4(%r29),%r30	
1115	00d9	afbf0000		sw	0(%r29),%r31	
1116	00da	2fbe0004		subui	%r30,%r29,$4	
1117	00db	2bbd0010		subi	%r29,%r29,$16	
1118				; Automatically 9 NOPs removed by reduceNOPs.sh
1119	00dc	3c010000		lhi	%r1,$0	
1120				; Automatically 1 NOPs removed by reduceNOPs.sh
1121	00dd	34210000		ori	%r1,%r1,$0	
1122				; Automatically 1 NOPs removed by reduceNOPs.sh
1123	00de	afc1fffc		sw	-4(%r30),%r1	
1124	00df	f404018c		forecast	$4, $396 	
1125	00e0	f405018c		forecast	$5, $396 	
1126				; Automatically 2 NOPs removed by reduceNOPs.sh
1127	00e1	3c010000		lhi	%r1,$0	
1128				; Automatically 1 NOPs removed by reduceNOPs.sh
1129	00e2	34210000		ori	%r1,%r1,$0	
1130			L_Encoder_30:
1131				; Automatically 1 NOPs removed by reduceNOPs.sh
1132	00e3	3c020000		lhi	%r2,$0	
1133				; Automatically 1 NOPs removed by reduceNOPs.sh
1134	00e4	34420000		ori	%r2,%r2,$0	
1135			L_Encoder_31:
1136	00e5	8fc3fffc		lw	%r3,-4(%r30)	
1137				; Automatically 1 NOPs removed by reduceNOPs.sh
1138	00e6	00621820		add	%r3,%r3,%r2	
1139	00e7	20420001		addi	%r2,%r2,$1	
1140	00e8	afc3fffc		sw	-4(%r30),%r3	
1141	00e9	3c030000		lhi	%r3,$0	
1142				; Automatically 1 NOPs removed by reduceNOPs.sh
1143	00ea	34630064		ori	%r3,%r3,$100	
1144				; Automatically 1 NOPs removed by reduceNOPs.sh
1145	00eb	0043d82a		slt	%r27,%r2,%r3	
1146	00ec	1760fff9		bnez	%r27,L_Encoder_31	
1147	00ed	00000000		nop
1148				; Automatically 1 NOPs removed by reduceNOPs.sh
1149	00ee	08000002		j	L_Encoder_32	
1150	00ef	00000000		nop
1151				; Automatically 1 NOPs removed by reduceNOPs.sh
1152			L_Encoder_32:
1153	00f0	20210001		addi	%r1,%r1,$1	
1154	00f1	3c020000		lhi	%r2,$0	
1155				; Automatically 1 NOPs removed by reduceNOPs.sh
1156	00f2	34420064		ori	%r2,%r2,$100	
1157				; Automatically 1 NOPs removed by reduceNOPs.sh
1158	00f3	0022d82a		slt	%r27,%r1,%r2	
1159	00f4	1760ffef		bnez	%r27,L_Encoder_30	
1160	00f5	00000000		nop
1161				; Automatically 1 NOPs removed by reduceNOPs.sh
1162	00f6	08000002		j	L_Encoder_33	
1163	00f7	00000000		nop
1164				; Automatically 1 NOPs removed by reduceNOPs.sh
1165			L_Encoder_33:
1166				; Automatically 1 NOPs removed by reduceNOPs.sh
1167	00f8	3c010000		lhi	%r1,$0	
1168				; Automatically 1 NOPs removed by reduceNOPs.sh
1169	00f9	34210096		ori	%r1,%r1,$150	
1170				; Automatically 1 NOPs removed by reduceNOPs.sh
1171	00fa	afc1fff8		sw	-8(%r30),%r1	
1172	00fb	08000018		j	L_Encoder_37	
1173	00fc	00000000		nop
1174			L_Encoder_34:
1175	00fd	8fc2fff8		lw	%r2,-8(%r30)	
1176	00fe	3c010000		lhi	%r1,$0	
1177				; Automatically 1 NOPs removed by reduceNOPs.sh
1178	00ff	34210096		ori	%r1,%r1,$150	
1179				; Automatically 1 NOPs removed by reduceNOPs.sh
1180	0100	0041d82f		sne	%r27,%r2,%r1	
1181	0101	17600004		bnez	%r27,L_Encoder_35	
1182	0102	00000000		nop
1183				; Automatically 1 NOPs removed by reduceNOPs.sh
1184	0103	08000010		j	L_Encoder_37	
1185	0104	00000000		nop
1186				; Automatically 1 NOPs removed by reduceNOPs.sh
1187			L_Encoder_35:
1188				; Automatically 1 NOPs removed by reduceNOPs.sh
1189	0105	3c010000		lhi	%r1,$0	
1190				; Automatically 1 NOPs removed by reduceNOPs.sh
1191	0106	34210000		ori	%r1,%r1,$0	
1192	0107	08000032		j	L_Encoder_40	
1193	0108	00000000		nop
1194			L_Encoder_36:
1195	0109	3c010000		lhi	%r1,$( _c	/0x10000)
1196	010a	34210000		ori	%r1,%r1,$( _c	%0x10000)
1197	010b	8fc2fffc		lw	%r2,-4(%r30)	
1198	010c	8c210000		lw	%r1,0(%r1)	
1199				; Automatically 1 NOPs removed by reduceNOPs.sh
1200	010d	00410820		add	%r1,%r2,%r1	
1201				; Automatically 1 NOPs removed by reduceNOPs.sh
1202	010e	afc1fffc		sw	-4(%r30),%r1	
1203	010f	f4000000		forecast	$0, $0 	
1204	0110	f404002e		forecast	$4, $46 	
1205	0111	f405002e		forecast	$5, $46 	
1206	0112	f403015e		forecast	$3, $350 	
1207			L_Encoder_37:
1208	0113	8fc1fff8		lw	%r1,-8(%r30)	
1209	0114	3c020000		lhi	%r2,$0	
1210				; Automatically 1 NOPs removed by reduceNOPs.sh
1211	0115	34420064		ori	%r2,%r2,$100	
1212				; Automatically 1 NOPs removed by reduceNOPs.sh
1213	0116	2bbd0008		subi	%r29,%r29,$8	
1214				; Automatically 1 NOPs removed by reduceNOPs.sh
1215	0117	0fffff26		jal	doEncodeMB	
1216	0118	00000000		nop
1217				; Automatically 1 NOPs removed by reduceNOPs.sh
1218	0119	23bd0008		addi	%r29,%r29,$8	
1219				; Automatically 1 NOPs removed by reduceNOPs.sh
1220	011a	f4040000		forecast	$4, $0 	
1221	011b	f4050000		forecast	$5, $0 	
1222	011c	f4030000		forecast	$3, $0 	
1223	011d	f4063180		forecast	$6, $12672 	
1224				; Automatically 2 NOPs removed by reduceNOPs.sh
1225	011e	3c010000		lhi	%r1,$0	
1226				; Automatically 1 NOPs removed by reduceNOPs.sh
1227	011f	34210000		ori	%r1,%r1,$0	
1228	0120	08000037		j	L_Encoder_43	
1229	0121	00000000		nop
1230			L_Encoder_38:
1231	0122	8fc2fffc		lw	%r2,-4(%r30)	
1232	0123	3c010000		lhi	%r1,$( _c	/0x10000)
1233	0124	34210000		ori	%r1,%r1,$( _c	%0x10000)
1234	0125	005c1020		add	%r2,%r2,%r28	
1235	0126	8c210000		lw	%r1,0(%r1)	
1236				; Automatically 1 NOPs removed by reduceNOPs.sh
1237	0127	00410820		add	%r1,%r2,%r1	
1238				; Automatically 1 NOPs removed by reduceNOPs.sh
1239	0128	afc1fffc		sw	-4(%r30),%r1	
1240	0129	f4009ab0		forecast	$0, $39600 	
1241	012a	f4060000		forecast	$6, $0 	
1242	012b	8fc1fff8		lw	%r1,-8(%r30)	
1243				; Automatically 1 NOPs removed by reduceNOPs.sh
1244	012c	20210001		addi	%r1,%r1,$1	
1245				; Automatically 1 NOPs removed by reduceNOPs.sh
1246	012d	00201020		add	%r2,%r1,%r0	
1247	012e	afc1fff8		sw	-8(%r30),%r1	
1248	012f	3c010000		lhi	%r1,$0	
1249				; Automatically 1 NOPs removed by reduceNOPs.sh
1250	0130	342100a0		ori	%r1,%r1,$160	
1251				; Automatically 1 NOPs removed by reduceNOPs.sh
1252	0131	0041d82a		slt	%r27,%r2,%r1	
1253	0132	1760ffcb		bnez	%r27,L_Encoder_34	
1254	0133	00000000		nop
1255				; Automatically 1 NOPs removed by reduceNOPs.sh
1256	0134	08000002		j	L_Encoder_39	
1257	0135	00000000		nop
1258				; Automatically 1 NOPs removed by reduceNOPs.sh
1259			L_Encoder_39:
1260	0136	8fdcfffc		lw	%r28,-4(%r30)	
1261				; Automatically 1 NOPs removed by reduceNOPs.sh
1262	0137	0800003e		j	L_Encoder_46	
1263	0138	00000000		nop
1264				; Automatically 1 NOPs removed by reduceNOPs.sh
1265			L_Encoder_40:
1266	0139	3c030000		lhi	%r3,$( _c	/0x10000)
1267	013a	34630000		ori	%r3,%r3,$( _c	%0x10000)
1268	013b	3c020000		lhi	%r2,$0	
1269				; Automatically 1 NOPs removed by reduceNOPs.sh
1270	013c	34420000		ori	%r2,%r2,$0	
1271			L_Encoder_41:
1272	013d	8c640000		lw	%r4,0(%r3)	
1273	013e	3c050000		lhi	%r5,$0	
1274				; Automatically 1 NOPs removed by reduceNOPs.sh
1275	013f	34a50000		ori	%r5,%r5,$0	
1276	0140	3c060000		lhi	%r6,$0	
1277				; Automatically 1 NOPs removed by reduceNOPs.sh
1278	0141	34c60000		ori	%r6,%r6,$0	
1279	0142	00822020		add	%r4,%r4,%r2	
1280	0143	3c070000		lhi	%r7,$0	
1281				; Automatically 1 NOPs removed by reduceNOPs.sh
1282	0144	34e70000		ori	%r7,%r7,$0	
1283	0145	ac640000		sw	0(%r3),%r4	
1284			
1285			
1286	0146	00c53fe1		MotionEstimation	%r6, %r5, %r7
1287			
1288	0147	20420001		addi	%r2,%r2,$1	
1289	0148	3c040000		lhi	%r4,$0	
1290				; Automatically 1 NOPs removed by reduceNOPs.sh
1291	0149	34840064		ori	%r4,%r4,$100	
1292				; Automatically 1 NOPs removed by reduceNOPs.sh
1293	014a	0044d82a		slt	%r27,%r2,%r4	
1294	014b	1760fff2		bnez	%r27,L_Encoder_41	
1295	014c	00000000		nop
1296				; Automatically 1 NOPs removed by reduceNOPs.sh
1297	014d	08000002		j	L_Encoder_42	
1298	014e	00000000		nop
1299				; Automatically 1 NOPs removed by reduceNOPs.sh
1300			L_Encoder_42:
1301	014f	20210001		addi	%r1,%r1,$1	
1302	0150	3c020000		lhi	%r2,$0	
1303				; Automatically 1 NOPs removed by reduceNOPs.sh
1304	0151	34420064		ori	%r2,%r2,$100	
1305				; Automatically 1 NOPs removed by reduceNOPs.sh
1306	0152	0022d82a		slt	%r27,%r1,%r2	
1307	0153	1760ffe6		bnez	%r27,L_Encoder_40	
1308	0154	00000000		nop
1309				; Automatically 1 NOPs removed by reduceNOPs.sh
1310	0155	0bffffb4		j	L_Encoder_36	
1311	0156	00000000		nop
1312				; Automatically 1 NOPs removed by reduceNOPs.sh
1313			L_Encoder_43:
1314	0157	3c030000		lhi	%r3,$( _c	/0x10000)
1315	0158	34630000		ori	%r3,%r3,$( _c	%0x10000)
1316	0159	3c020000		lhi	%r2,$0	
1317				; Automatically 1 NOPs removed by reduceNOPs.sh
1318	015a	34420000		ori	%r2,%r2,$0	
1319			L_Encoder_44:
1320	015b	8c640000		lw	%r4,0(%r3)	
1321	015c	3c050000		lhi	%r5,$0	
1322				; Automatically 1 NOPs removed by reduceNOPs.sh
1323	015d	34a50000		ori	%r5,%r5,$0	
1324	015e	3c060000		lhi	%r6,$0	
1325				; Automatically 1 NOPs removed by reduceNOPs.sh
1326	015f	34c60000		ori	%r6,%r6,$0	
1327	0160	00822020		add	%r4,%r4,%r2	
1328	0161	3c070000		lhi	%r7,$0	
1329				; Automatically 1 NOPs removed by reduceNOPs.sh
1330	0162	34e70001		ori	%r7,%r7,$1	
1331	0163	ac640000		sw	0(%r3),%r4	
1332			
1333			
1334	0164	00a737e0		LoopFilter	%r6, %r5, %r7
1335			
1336	0165	20420001		addi	%r2,%r2,$1	
1337	0166	3c040000		lhi	%r4,$0	
1338				; Automatically 1 NOPs removed by reduceNOPs.sh
1339	0167	34840020		ori	%r4,%r4,$32	
1340				; Automatically 1 NOPs removed by reduceNOPs.sh
1341	0168	0044d82a		slt	%r27,%r2,%r4	
1342	0169	1760fff2		bnez	%r27,L_Encoder_44	
1343	016a	00000000		nop
1344				; Automatically 1 NOPs removed by reduceNOPs.sh
1345	016b	08000002		j	L_Encoder_45	
1346	016c	00000000		nop
1347				; Automatically 1 NOPs removed by reduceNOPs.sh
1348			L_Encoder_45:
1349	016d	20210001		addi	%r1,%r1,$1	
1350	016e	3c020000		lhi	%r2,$0	
1351				; Automatically 1 NOPs removed by reduceNOPs.sh
1352	016f	34420064		ori	%r2,%r2,$100	
1353				; Automatically 1 NOPs removed by reduceNOPs.sh
1354	0170	0022d82a		slt	%r27,%r1,%r2	
1355	0171	1760ffe6		bnez	%r27,L_Encoder_43	
1356	0172	00000000		nop
1357				; Automatically 1 NOPs removed by reduceNOPs.sh
1358	0173	0bffffaf		j	L_Encoder_38	
1359	0174	00000000		nop
1360				; Automatically 1 NOPs removed by reduceNOPs.sh
1361			L_Encoder_46:
1362				; Automatically 1 NOPs removed by reduceNOPs.sh
1363	0175	8fdf0004		lw	%r31,4(%r30)	
1364	0176	27dd0004		addui	%r29,%r30,$4	
1365	0177	8fde0000		lw	%r30,0(%r30)	
1366	0178	03e00008		jr	%r31	
1367	0179	00000000		nop
1368				.section	.data
1369				.section	.text
1370				.addressing	Word
1371				;.addressing	Word
1372			intToStr:
1373			L_intToStr_1:
1374				; Automatically 1 NOPs removed by reduceNOPs.sh
1375	017a	afbefffc		sw	-4(%r29),%r30	
1376	017b	afbf0000		sw	0(%r29),%r31	
1377	017c	2fbe0004		subui	%r30,%r29,$4	
1378	017d	2bbd0038		subi	%r29,%r29,$56	
1379				; Automatically 1 NOPs removed by reduceNOPs.sh
1380	017e	afc1ffdc		sw	-36(%r30),%r1	
1381	017f	afc2ffd8		sw	-40(%r30),%r2	
1382				; Automatically 5 NOPs removed by reduceNOPs.sh
1383	0180	3c020000		lhi	%r2,$0	
1384				; Automatically 1 NOPs removed by reduceNOPs.sh
1385	0181	34420000		ori	%r2,%r2,$0	
1386	0182	3c010000		lhi	%r1,$0	
1387				; Automatically 1 NOPs removed by reduceNOPs.sh
1388	0183	34210000		ori	%r1,%r1,$0	
1389	0184	afc2ffd4		sw	-44(%r30),%r2	
1390	0185	3c020000		lhi	%r2,$0	
1391				; Automatically 1 NOPs removed by reduceNOPs.sh
1392	0186	34420000		ori	%r2,%r2,$0	
1393				; Automatically 1 NOPs removed by reduceNOPs.sh
1394	0187	afc2ffd0		sw	-48(%r30),%r2	
1395	0188	8fc2ffdc		lw	%r2,-36(%r30)	
1396				; Automatically 1 NOPs removed by reduceNOPs.sh
1397	0189	0041d82a		slt	%r27,%r2,%r1	
1398	018a	17600004		bnez	%r27,L_intToStr_2	
1399	018b	00000000		nop
1400				; Automatically 1 NOPs removed by reduceNOPs.sh
1401	018c	08000011		j	L_intToStr_3	
1402	018d	00000000		nop
1403				; Automatically 1 NOPs removed by reduceNOPs.sh
1404			L_intToStr_2:
1405	018e	8fc1ffdc		lw	%r1,-36(%r30)	
1406				; Automatically 1 NOPs removed by reduceNOPs.sh
1407	018f	00010822		sub	%r1,%r0,%r1	
1408	0190	3c020000		lhi	%r2,$0	
1409				; Automatically 1 NOPs removed by reduceNOPs.sh
1410	0191	3442002d		ori	%r2,%r2,$45	
1411	0192	afc1ffdc		sw	-36(%r30),%r1	
1412	0193	8fc1ffd8		lw	%r1,-40(%r30)	
1413				; Automatically 1 NOPs removed by reduceNOPs.sh
1414	0194	2bbd0008		subi	%r29,%r29,$8	
1415				; Automatically 1 NOPs removed by reduceNOPs.sh
1416	0195	0c00016a		jal	storeByte	
1417	0196	00000000		nop
1418				; Automatically 1 NOPs removed by reduceNOPs.sh
1419	0197	23bd0008		addi	%r29,%r29,$8	
1420				; Automatically 1 NOPs removed by reduceNOPs.sh
1421	0198	8fc1ffd4		lw	%r1,-44(%r30)	
1422				; Automatically 1 NOPs removed by reduceNOPs.sh
1423	0199	20210001		addi	%r1,%r1,$1	
1424				; Automatically 1 NOPs removed by reduceNOPs.sh
1425	019a	afc1ffd4		sw	-44(%r30),%r1	
1426	019b	08000014		j	L_intToStr_5	
1427	019c	00000000		nop
1428			L_intToStr_3:
1429	019d	8fc2ffdc		lw	%r2,-36(%r30)	
1430	019e	3c010000		lhi	%r1,$0	
1431				; Automatically 1 NOPs removed by reduceNOPs.sh
1432	019f	34210000		ori	%r1,%r1,$0	
1433				; Automatically 1 NOPs removed by reduceNOPs.sh
1434	01a0	0041d82e		seq	%r27,%r2,%r1	
1435	01a1	17600004		bnez	%r27,L_intToStr_4	
1436	01a2	00000000		nop
1437				; Automatically 1 NOPs removed by reduceNOPs.sh
1438	01a3	08000014		j	L_intToStr_6	
1439	01a4	00000000		nop
1440				; Automatically 1 NOPs removed by reduceNOPs.sh
1441			L_intToStr_4:
1442	01a5	8fc1ffd8		lw	%r1,-40(%r30)	
1443	01a6	3c020000		lhi	%r2,$0	
1444				; Automatically 1 NOPs removed by reduceNOPs.sh
1445	01a7	34420030		ori	%r2,%r2,$48	
1446				; Automatically 1 NOPs removed by reduceNOPs.sh
1447	01a8	2bbd0008		subi	%r29,%r29,$8	
1448				; Automatically 1 NOPs removed by reduceNOPs.sh
1449	01a9	0c000156		jal	storeByte	
1450	01aa	00000000		nop
1451				; Automatically 1 NOPs removed by reduceNOPs.sh
1452	01ab	23bd0008		addi	%r29,%r29,$8	
1453				; Automatically 1 NOPs removed by reduceNOPs.sh
1454	01ac	8fc1ffd4		lw	%r1,-44(%r30)	
1455				; Automatically 1 NOPs removed by reduceNOPs.sh
1456	01ad	20210001		addi	%r1,%r1,$1	
1457				; Automatically 1 NOPs removed by reduceNOPs.sh
1458	01ae	afc1ffd4		sw	-44(%r30),%r1	
1459			L_intToStr_5:
1460	01af	8fc2ffdc		lw	%r2,-36(%r30)	
1461	01b0	3c010000		lhi	%r1,$0	
1462				; Automatically 1 NOPs removed by reduceNOPs.sh
1463	01b1	34210000		ori	%r1,%r1,$0	
1464				; Automatically 1 NOPs removed by reduceNOPs.sh
1465	01b2	0041d82f		sne	%r27,%r2,%r1	
1466	01b3	17600004		bnez	%r27,L_intToStr_6	
1467	01b4	00000000		nop
1468				; Automatically 1 NOPs removed by reduceNOPs.sh
1469	01b5	08000018		j	L_intToStr_7	
1470	01b6	00000000		nop
1471				; Automatically 1 NOPs removed by reduceNOPs.sh
1472			L_intToStr_6:
1473	01b7	2bc10020		subi	%r1,%r30,$32	
1474	01b8	8fc3ffd0		lw	%r3,-48(%r30)	
1475				; Automatically 1 NOPs removed by reduceNOPs.sh
1476	01b9	00230820		add	%r1,%r1,%r3	
1477	01ba	3c020000		lhi	%r2,$0	
1478				; Automatically 1 NOPs removed by reduceNOPs.sh
1479	01bb	3442000a		ori	%r2,%r2,$10	
1480	01bc	8fc3ffdc		lw	%r3,-36(%r30)	
1481				; Automatically 1 NOPs removed by reduceNOPs.sh
1482	01bd	0062101c		MOD	%r2,%r3,%r2	
1483				; Automatically 1 NOPs removed by reduceNOPs.sh
1484	01be	20420030		addi	%r2,%r2,$48	
1485				; Automatically 1 NOPs removed by reduceNOPs.sh
1486	01bf	2bbd0008		subi	%r29,%r29,$8	
1487				; Automatically 1 NOPs removed by reduceNOPs.sh
1488	01c0	0c00013f		jal	storeByte	
1489	01c1	00000000		nop
1490				; Automatically 1 NOPs removed by reduceNOPs.sh
1491	01c2	23bd0008		addi	%r29,%r29,$8	
1492				; Automatically 1 NOPs removed by reduceNOPs.sh
1493	01c3	8fc1ffd0		lw	%r1,-48(%r30)	
1494	01c4	8fc2ffdc		lw	%r2,-36(%r30)	
1495	01c5	20210001		addi	%r1,%r1,$1	
1496				; Automatically 1 NOPs removed by reduceNOPs.sh
1497	01c6	afc1ffd0		sw	-48(%r30),%r1	
1498	01c7	3c010000		lhi	%r1,$0	
1499				; Automatically 1 NOPs removed by reduceNOPs.sh
1500	01c8	3421000a		ori	%r1,%r1,$10	
1501				; Automatically 1 NOPs removed by reduceNOPs.sh
1502	01c9	0041081a		div	%r1,%r2,%r1	
1503				; Automatically 1 NOPs removed by reduceNOPs.sh
1504	01ca	afc1ffdc		sw	-36(%r30),%r1	
1505	01cb	0bffffe4		j	L_intToStr_5	
1506	01cc	00000000		nop
1507			L_intToStr_7:
1508	01cd	8fc2ffd0		lw	%r2,-48(%r30)	
1509	01ce	3c010000		lhi	%r1,$0	
1510				; Automatically 1 NOPs removed by reduceNOPs.sh
1511	01cf	34210000		ori	%r1,%r1,$0	
1512				; Automatically 1 NOPs removed by reduceNOPs.sh
1513	01d0	0041d82b		sgt	%r27,%r2,%r1	
1514	01d1	17600004		bnez	%r27,L_intToStr_8	
1515	01d2	00000000		nop
1516				; Automatically 1 NOPs removed by reduceNOPs.sh
1517	01d3	08000018		j	L_intToStr_9	
1518	01d4	00000000		nop
1519				; Automatically 1 NOPs removed by reduceNOPs.sh
1520			L_intToStr_8:
1521	01d5	8fc2ffd0		lw	%r2,-48(%r30)	
1522	01d6	2bc10020		subi	%r1,%r30,$32	
1523	01d7	28420001		subi	%r2,%r2,$1	
1524				; Automatically 1 NOPs removed by reduceNOPs.sh
1525	01d8	00220820		add	%r1,%r1,%r2	
1526	01d9	afc2ffd0		sw	-48(%r30),%r2	
1527				; Automatically 5 NOPs removed by reduceNOPs.sh
1528	01da	2bbd0008		subi	%r29,%r29,$8	
1529				; Automatically 1 NOPs removed by reduceNOPs.sh
1530	01db	0c0000f6		jal	loadByteUnsigned	
1531	01dc	00000000		nop
1532				; Automatically 1 NOPs removed by reduceNOPs.sh
1533	01dd	23bd0008		addi	%r29,%r29,$8	
1534				; Automatically 1 NOPs removed by reduceNOPs.sh
1535	01de	8fc1ffd8		lw	%r1,-40(%r30)	
1536	01df	8fc3ffd4		lw	%r3,-44(%r30)	
1537	01e0	03801020		add	%r2,%r28,%r0	
1538	01e1	00230820		add	%r1,%r1,%r3	
1539				; Automatically 1 NOPs removed by reduceNOPs.sh
1540	01e2	2bbd0008		subi	%r29,%r29,$8	
1541				; Automatically 1 NOPs removed by reduceNOPs.sh
1542	01e3	0c00011c		jal	storeByte	
1543	01e4	00000000		nop
1544				; Automatically 1 NOPs removed by reduceNOPs.sh
1545	01e5	23bd0008		addi	%r29,%r29,$8	
1546				; Automatically 1 NOPs removed by reduceNOPs.sh
1547	01e6	8fc1ffd4		lw	%r1,-44(%r30)	
1548				; Automatically 1 NOPs removed by reduceNOPs.sh
1549	01e7	20210001		addi	%r1,%r1,$1	
1550				; Automatically 1 NOPs removed by reduceNOPs.sh
1551	01e8	afc1ffd4		sw	-44(%r30),%r1	
1552	01e9	0bffffe4		j	L_intToStr_7	
1553	01ea	00000000		nop
1554			L_intToStr_9:
1555	01eb	8fc1ffd8		lw	%r1,-40(%r30)	
1556	01ec	8fc2ffd4		lw	%r2,-44(%r30)	
1557				; Automatically 1 NOPs removed by reduceNOPs.sh
1558	01ed	00220820		add	%r1,%r1,%r2	
1559	01ee	3c020000		lhi	%r2,$0	
1560				; Automatically 1 NOPs removed by reduceNOPs.sh
1561	01ef	34420000		ori	%r2,%r2,$0	
1562				; Automatically 1 NOPs removed by reduceNOPs.sh
1563	01f0	2bbd0008		subi	%r29,%r29,$8	
1564				; Automatically 1 NOPs removed by reduceNOPs.sh
1565	01f1	0c00010e		jal	storeByte	
1566	01f2	00000000		nop
1567				; Automatically 1 NOPs removed by reduceNOPs.sh
1568	01f3	23bd0008		addi	%r29,%r29,$8	
1569				; Automatically 6 NOPs removed by reduceNOPs.sh
1570	01f4	3c1c0000		lhi	%r28,$0	
1571				; Automatically 1 NOPs removed by reduceNOPs.sh
1572	01f5	379c0000		ori	%r28,%r28,$0	
1573				; Automatically 1 NOPs removed by reduceNOPs.sh
1574	01f6	08000002		j	L_intToStr_10	
1575	01f7	00000000		nop
1576				; Automatically 1 NOPs removed by reduceNOPs.sh
1577			L_intToStr_10:
1578				; Automatically 1 NOPs removed by reduceNOPs.sh
1579	01f8	8fdf0004		lw	%r31,4(%r30)	
1580	01f9	27dd0004		addui	%r29,%r30,$4	
1581	01fa	8fde0000		lw	%r30,0(%r30)	
1582	01fb	03e00008		jr	%r31	
1583	01fc	00000000		nop
1584				.section	.data
1585				.section	.text
1586				.addressing	Word
1587				;.addressing	Word
1588			checkbuffer:
1589			L_lib_lcd_dlxsim_1:
1590				; Automatically 1 NOPs removed by reduceNOPs.sh
1591	01fd	afbefffc		sw	-4(%r29),%r30	
1592	01fe	afbf0000		sw	0(%r29),%r31	
1593	01ff	2fbe0004		subui	%r30,%r29,$4	
1594	0200	2bbd0008		subi	%r29,%r29,$8	
1595				; Automatically 9 NOPs removed by reduceNOPs.sh
1596	0201	3c1c0000		lhi	%r28,$0	
1597				; Automatically 1 NOPs removed by reduceNOPs.sh
1598	0202	379c0000		ori	%r28,%r28,$0	
1599				; Automatically 1 NOPs removed by reduceNOPs.sh
1600	0203	08000002		j	L_lib_lcd_dlxsim_2	
1601	0204	00000000		nop
1602				; Automatically 1 NOPs removed by reduceNOPs.sh
1603			L_lib_lcd_dlxsim_2:
1604				; Automatically 1 NOPs removed by reduceNOPs.sh
1605	0205	8fdf0004		lw	%r31,4(%r30)	
1606	0206	27dd0004		addui	%r29,%r30,$4	
1607	0207	8fde0000		lw	%r30,0(%r30)	
1608	0208	03e00008		jr	%r31	
1609	0209	00000000		nop
1610				; Automatically 1 NOPs removed by reduceNOPs.sh
1611			getbytes:
1612			L_lib_lcd_dlxsim_3:
1613				; Automatically 1 NOPs removed by reduceNOPs.sh
1614	020a	afbefffc		sw	-4(%r29),%r30	
1615	020b	afbf0000		sw	0(%r29),%r31	
1616	020c	2fbe0004		subui	%r30,%r29,$4	
1617	020d	2bbd0008		subi	%r29,%r29,$8	
1618				; Automatically 11 NOPs removed by reduceNOPs.sh
1619	020e	3c1c0000		lhi	%r28,$0	
1620				; Automatically 1 NOPs removed by reduceNOPs.sh
1621	020f	379c0000		ori	%r28,%r28,$0	
1622				; Automatically 1 NOPs removed by reduceNOPs.sh
1623	0210	08000002		j	L_lib_lcd_dlxsim_4	
1624	0211	00000000		nop
1625				; Automatically 1 NOPs removed by reduceNOPs.sh
1626			L_lib_lcd_dlxsim_4:
1627				; Automatically 1 NOPs removed by reduceNOPs.sh
1628	0212	8fdf0004		lw	%r31,4(%r30)	
1629	0213	27dd0004		addui	%r29,%r30,$4	
1630	0214	8fde0000		lw	%r30,0(%r30)	
1631	0215	03e00008		jr	%r31	
1632	0216	00000000		nop
1633				; Automatically 1 NOPs removed by reduceNOPs.sh
1634			sendcommand:
1635			L_lib_lcd_dlxsim_5:
1636				; Automatically 1 NOPs removed by reduceNOPs.sh
1637	0217	afbefffc		sw	-4(%r29),%r30	
1638	0218	afbf0000		sw	0(%r29),%r31	
1639	0219	2fbe0004		subui	%r30,%r29,$4	
1640	021a	2bbd0008		subi	%r29,%r29,$8	
1641				; Automatically 11 NOPs removed by reduceNOPs.sh
1642	021b	3c1c0000		lhi	%r28,$0	
1643				; Automatically 1 NOPs removed by reduceNOPs.sh
1644	021c	379c0000		ori	%r28,%r28,$0	
1645				; Automatically 1 NOPs removed by reduceNOPs.sh
1646	021d	08000002		j	L_lib_lcd_dlxsim_6	
1647	021e	00000000		nop
1648				; Automatically 1 NOPs removed by reduceNOPs.sh
1649			L_lib_lcd_dlxsim_6:
1650				; Automatically 1 NOPs removed by reduceNOPs.sh
1651	021f	8fdf0004		lw	%r31,4(%r30)	
1652	0220	27dd0004		addui	%r29,%r30,$4	
1653	0221	8fde0000		lw	%r30,0(%r30)	
1654	0222	03e00008		jr	%r31	
1655	0223	00000000		nop
1656				; Automatically 1 NOPs removed by reduceNOPs.sh
1657			t_print:
1658			L_lib_lcd_dlxsim_7:
1659				; Automatically 1 NOPs removed by reduceNOPs.sh
1660	0224	afbefffc		sw	-4(%r29),%r30	
1661	0225	afbf0000		sw	0(%r29),%r31	
1662	0226	2fbe0004		subui	%r30,%r29,$4	
1663	0227	2bbd0008		subi	%r29,%r29,$8	
1664				; Automatically 6 NOPs removed by reduceNOPs.sh
1665			
1666			
1667	0228	3c020200		lhi	%r2, $0x200
1668			
1669			L_lib_lcd_dlxsim_8:
1670	0229	80230000		lb	%r3,0(%r1)	
1671	022a	3c040000		lhi	%r4,$0	
1672				; Automatically 1 NOPs removed by reduceNOPs.sh
1673	022b	34840000		ori	%r4,%r4,$0	
1674				; Automatically 1 NOPs removed by reduceNOPs.sh
1675	022c	0064d82f		sne	%r27,%r3,%r4	
1676	022d	17600004		bnez	%r27,L_lib_lcd_dlxsim_9	
1677	022e	00000000		nop
1678				; Automatically 1 NOPs removed by reduceNOPs.sh
1679	022f	0800000a		j	L_lib_lcd_dlxsim_10	
1680	0230	00000000		nop
1681				; Automatically 1 NOPs removed by reduceNOPs.sh
1682			L_lib_lcd_dlxsim_9:
1683	0231	00201820		add	%r3,%r1,%r0	
1684				; Automatically 1 NOPs removed by reduceNOPs.sh
1685	0232	80630000		lb	%r3,0(%r3)	
1686	0233	3c040000		lhi	%r4,$0	
1687				; Automatically 1 NOPs removed by reduceNOPs.sh
1688	0234	34840001		ori	%r4,%r4,$1	
1689				; Automatically 1 NOPs removed by reduceNOPs.sh
1690	0235	00240820		add	%r1,%r1,%r4	
1691			
1692			
1693	0236	ac430000		sw	0(%r2), %r3
1694			
1695	0237	0bfffff2		j	L_lib_lcd_dlxsim_8	
1696	0238	00000000		nop
1697			L_lib_lcd_dlxsim_10:
1698				; Automatically 1 NOPs removed by reduceNOPs.sh
1699	0239	3c1c0000		lhi	%r28,$0	
1700				; Automatically 1 NOPs removed by reduceNOPs.sh
1701	023a	379c0000		ori	%r28,%r28,$0	
1702				; Automatically 1 NOPs removed by reduceNOPs.sh
1703	023b	08000002		j	L_lib_lcd_dlxsim_11	
1704	023c	00000000		nop
1705				; Automatically 1 NOPs removed by reduceNOPs.sh
1706			L_lib_lcd_dlxsim_11:
1707				; Automatically 1 NOPs removed by reduceNOPs.sh
1708	023d	8fdf0004		lw	%r31,4(%r30)	
1709	023e	27dd0004		addui	%r29,%r30,$4	
1710	023f	8fde0000		lw	%r30,0(%r30)	
1711	0240	03e00008		jr	%r31	
1712	0241	00000000		nop
1713				; Automatically 1 NOPs removed by reduceNOPs.sh
1714			t_cursor:
1715			L_lib_lcd_dlxsim_12:
1716				; Automatically 1 NOPs removed by reduceNOPs.sh
1717	0242	afbefffc		sw	-4(%r29),%r30	
1718	0243	afbf0000		sw	0(%r29),%r31	
1719	0244	2fbe0004		subui	%r30,%r29,$4	
1720	0245	2bbd0008		subi	%r29,%r29,$8	
1721				; Automatically 11 NOPs removed by reduceNOPs.sh
1722	0246	3c1c0000		lhi	%r28,$0	
1723				; Automatically 1 NOPs removed by reduceNOPs.sh
1724	0247	379c0000		ori	%r28,%r28,$0	
1725				; Automatically 1 NOPs removed by reduceNOPs.sh
1726	0248	08000002		j	L_lib_lcd_dlxsim_13	
1727	0249	00000000		nop
1728				; Automatically 1 NOPs removed by reduceNOPs.sh
1729			L_lib_lcd_dlxsim_13:
1730				; Automatically 1 NOPs removed by reduceNOPs.sh
1731	024a	8fdf0004		lw	%r31,4(%r30)	
1732	024b	27dd0004		addui	%r29,%r30,$4	
1733	024c	8fde0000		lw	%r30,0(%r30)	
1734	024d	03e00008		jr	%r31	
1735	024e	00000000		nop
1736				; Automatically 1 NOPs removed by reduceNOPs.sh
1737			t_enable:
1738			L_lib_lcd_dlxsim_14:
1739				; Automatically 1 NOPs removed by reduceNOPs.sh
1740	024f	afbefffc		sw	-4(%r29),%r30	
1741	0250	afbf0000		sw	0(%r29),%r31	
1742	0251	2fbe0004		subui	%r30,%r29,$4	
1743	0252	2bbd0008		subi	%r29,%r29,$8	
1744				; Automatically 11 NOPs removed by reduceNOPs.sh
1745	0253	3c1c0000		lhi	%r28,$0	
1746				; Automatically 1 NOPs removed by reduceNOPs.sh
1747	0254	379c0000		ori	%r28,%r28,$0	
1748				; Automatically 1 NOPs removed by reduceNOPs.sh
1749	0255	08000002		j	L_lib_lcd_dlxsim_15	
1750	0256	00000000		nop
1751				; Automatically 1 NOPs removed by reduceNOPs.sh
1752			L_lib_lcd_dlxsim_15:
1753				; Automatically 1 NOPs removed by reduceNOPs.sh
1754	0257	8fdf0004		lw	%r31,4(%r30)	
1755	0258	27dd0004		addui	%r29,%r30,$4	
1756	0259	8fde0000		lw	%r30,0(%r30)	
1757	025a	03e00008		jr	%r31	
1758	025b	00000000		nop
1759				; Automatically 1 NOPs removed by reduceNOPs.sh
1760			g_print:
1761			L_lib_lcd_dlxsim_16:
1762				; Automatically 1 NOPs removed by reduceNOPs.sh
1763	025c	afbefffc		sw	-4(%r29),%r30	
1764	025d	afbf0000		sw	0(%r29),%r31	
1765	025e	2fbe0004		subui	%r30,%r29,$4	
1766	025f	2bbd0008		subi	%r29,%r29,$8	
1767				; Automatically 11 NOPs removed by reduceNOPs.sh
1768	0260	3c1c0000		lhi	%r28,$0	
1769				; Automatically 1 NOPs removed by reduceNOPs.sh
1770	0261	379c0000		ori	%r28,%r28,$0	
1771				; Automatically 1 NOPs removed by reduceNOPs.sh
1772	0262	08000002		j	L_lib_lcd_dlxsim_17	
1773	0263	00000000		nop
1774				; Automatically 1 NOPs removed by reduceNOPs.sh
1775			L_lib_lcd_dlxsim_17:
1776				; Automatically 1 NOPs removed by reduceNOPs.sh
1777	0264	8fdf0004		lw	%r31,4(%r30)	
1778	0265	27dd0004		addui	%r29,%r30,$4	
1779	0266	8fde0000		lw	%r30,0(%r30)	
1780	0267	03e00008		jr	%r31	
1781	0268	00000000		nop
1782				; Automatically 1 NOPs removed by reduceNOPs.sh
1783			g_drawrect:
1784			L_lib_lcd_dlxsim_18:
1785				; Automatically 1 NOPs removed by reduceNOPs.sh
1786	0269	afbefffc		sw	-4(%r29),%r30	
1787	026a	afbf0000		sw	0(%r29),%r31	
1788	026b	2fbe0004		subui	%r30,%r29,$4	
1789	026c	2bbd0008		subi	%r29,%r29,$8	
1790				; Automatically 11 NOPs removed by reduceNOPs.sh
1791	026d	3c1c0000		lhi	%r28,$0	
1792				; Automatically 1 NOPs removed by reduceNOPs.sh
1793	026e	379c0000		ori	%r28,%r28,$0	
1794				; Automatically 1 NOPs removed by reduceNOPs.sh
1795	026f	08000002		j	L_lib_lcd_dlxsim_19	
1796	0270	00000000		nop
1797				; Automatically 1 NOPs removed by reduceNOPs.sh
1798			L_lib_lcd_dlxsim_19:
1799				; Automatically 1 NOPs removed by reduceNOPs.sh
1800	0271	8fdf0004		lw	%r31,4(%r30)	
1801	0272	27dd0004		addui	%r29,%r30,$4	
1802	0273	8fde0000		lw	%r30,0(%r30)	
1803	0274	03e00008		jr	%r31	
1804	0275	00000000		nop
1805				; Automatically 1 NOPs removed by reduceNOPs.sh
1806			g_drawline:
1807			L_lib_lcd_dlxsim_20:
1808				; Automatically 1 NOPs removed by reduceNOPs.sh
1809	0276	afbefffc		sw	-4(%r29),%r30	
1810	0277	afbf0000		sw	0(%r29),%r31	
1811	0278	2fbe0004		subui	%r30,%r29,$4	
1812	0279	2bbd0008		subi	%r29,%r29,$8	
1813				; Automatically 11 NOPs removed by reduceNOPs.sh
1814	027a	3c1c0000		lhi	%r28,$0	
1815				; Automatically 1 NOPs removed by reduceNOPs.sh
1816	027b	379c0000		ori	%r28,%r28,$0	
1817				; Automatically 1 NOPs removed by reduceNOPs.sh
1818	027c	08000002		j	L_lib_lcd_dlxsim_21	
1819	027d	00000000		nop
1820				; Automatically 1 NOPs removed by reduceNOPs.sh
1821			L_lib_lcd_dlxsim_21:
1822				; Automatically 1 NOPs removed by reduceNOPs.sh
1823	027e	8fdf0004		lw	%r31,4(%r30)	
1824	027f	27dd0004		addui	%r29,%r30,$4	
1825	0280	8fde0000		lw	%r30,0(%r30)	
1826	0281	03e00008		jr	%r31	
1827	0282	00000000		nop
1828				; Automatically 1 NOPs removed by reduceNOPs.sh
1829			g_makebar:
1830			L_lib_lcd_dlxsim_22:
1831				; Automatically 1 NOPs removed by reduceNOPs.sh
1832	0283	afbefffc		sw	-4(%r29),%r30	
1833	0284	afbf0000		sw	0(%r29),%r31	
1834	0285	2fbe0004		subui	%r30,%r29,$4	
1835	0286	2bbd0008		subi	%r29,%r29,$8	
1836				; Automatically 11 NOPs removed by reduceNOPs.sh
1837	0287	3c1c0000		lhi	%r28,$0	
1838				; Automatically 1 NOPs removed by reduceNOPs.sh
1839	0288	379c0000		ori	%r28,%r28,$0	
1840				; Automatically 1 NOPs removed by reduceNOPs.sh
1841	0289	08000002		j	L_lib_lcd_dlxsim_23	
1842	028a	00000000		nop
1843				; Automatically 1 NOPs removed by reduceNOPs.sh
1844			L_lib_lcd_dlxsim_23:
1845				; Automatically 1 NOPs removed by reduceNOPs.sh
1846	028b	8fdf0004		lw	%r31,4(%r30)	
1847	028c	27dd0004		addui	%r29,%r30,$4	
1848	028d	8fde0000		lw	%r30,0(%r30)	
1849	028e	03e00008		jr	%r31	
1850	028f	00000000		nop
1851				; Automatically 1 NOPs removed by reduceNOPs.sh
1852			g_setbar:
1853			L_lib_lcd_dlxsim_24:
1854				; Automatically 1 NOPs removed by reduceNOPs.sh
1855	0290	afbefffc		sw	-4(%r29),%r30	
1856	0291	afbf0000		sw	0(%r29),%r31	
1857	0292	2fbe0004		subui	%r30,%r29,$4	
1858	0293	2bbd0008		subi	%r29,%r29,$8	
1859				; Automatically 11 NOPs removed by reduceNOPs.sh
1860	0294	3c1c0000		lhi	%r28,$0	
1861				; Automatically 1 NOPs removed by reduceNOPs.sh
1862	0295	379c0000		ori	%r28,%r28,$0	
1863				; Automatically 1 NOPs removed by reduceNOPs.sh
1864	0296	08000002		j	L_lib_lcd_dlxsim_25	
1865	0297	00000000		nop
1866				; Automatically 1 NOPs removed by reduceNOPs.sh
1867			L_lib_lcd_dlxsim_25:
1868				; Automatically 1 NOPs removed by reduceNOPs.sh
1869	0298	8fdf0004		lw	%r31,4(%r30)	
1870	0299	27dd0004		addui	%r29,%r30,$4	
1871	029a	8fde0000		lw	%r30,0(%r30)	
1872	029b	03e00008		jr	%r31	
1873	029c	00000000		nop
1874				; Automatically 1 NOPs removed by reduceNOPs.sh
1875			g_makeswitch:
1876			L_lib_lcd_dlxsim_26:
1877				; Automatically 1 NOPs removed by reduceNOPs.sh
1878	029d	afbefffc		sw	-4(%r29),%r30	
1879	029e	afbf0000		sw	0(%r29),%r31	
1880	029f	2fbe0004		subui	%r30,%r29,$4	
1881	02a0	2bbd0008		subi	%r29,%r29,$8	
1882				; Automatically 11 NOPs removed by reduceNOPs.sh
1883	02a1	3c1c0000		lhi	%r28,$0	
1884				; Automatically 1 NOPs removed by reduceNOPs.sh
1885	02a2	379c0000		ori	%r28,%r28,$0	
1886				; Automatically 1 NOPs removed by reduceNOPs.sh
1887	02a3	08000002		j	L_lib_lcd_dlxsim_27	
1888	02a4	00000000		nop
1889				; Automatically 1 NOPs removed by reduceNOPs.sh
1890			L_lib_lcd_dlxsim_27:
1891				; Automatically 1 NOPs removed by reduceNOPs.sh
1892	02a5	8fdf0004		lw	%r31,4(%r30)	
1893	02a6	27dd0004		addui	%r29,%r30,$4	
1894	02a7	8fde0000		lw	%r30,0(%r30)	
1895	02a8	03e00008		jr	%r31	
1896	02a9	00000000		nop
1897				; Automatically 1 NOPs removed by reduceNOPs.sh
1898			g_makemenubutton:
1899			L_lib_lcd_dlxsim_28:
1900				; Automatically 1 NOPs removed by reduceNOPs.sh
1901	02aa	afbefffc		sw	-4(%r29),%r30	
1902	02ab	afbf0000		sw	0(%r29),%r31	
1903	02ac	2fbe0004		subui	%r30,%r29,$4	
1904	02ad	2bbd0008		subi	%r29,%r29,$8	
1905				; Automatically 11 NOPs removed by reduceNOPs.sh
1906	02ae	3c1c0000		lhi	%r28,$0	
1907				; Automatically 1 NOPs removed by reduceNOPs.sh
1908	02af	379c0000		ori	%r28,%r28,$0	
1909				; Automatically 1 NOPs removed by reduceNOPs.sh
1910	02b0	08000002		j	L_lib_lcd_dlxsim_29	
1911	02b1	00000000		nop
1912				; Automatically 1 NOPs removed by reduceNOPs.sh
1913			L_lib_lcd_dlxsim_29:
1914				; Automatically 1 NOPs removed by reduceNOPs.sh
1915	02b2	8fdf0004		lw	%r31,4(%r30)	
1916	02b3	27dd0004		addui	%r29,%r30,$4	
1917	02b4	8fde0000		lw	%r30,0(%r30)	
1918	02b5	03e00008		jr	%r31	
1919	02b6	00000000		nop
1920				; Automatically 1 NOPs removed by reduceNOPs.sh
1921			g_makeradiogroup:
1922			L_lib_lcd_dlxsim_30:
1923				; Automatically 1 NOPs removed by reduceNOPs.sh
1924	02b7	afbefffc		sw	-4(%r29),%r30	
1925	02b8	afbf0000		sw	0(%r29),%r31	
1926	02b9	2fbe0004		subui	%r30,%r29,$4	
1927	02ba	2bbd0008		subi	%r29,%r29,$8	
1928				; Automatically 11 NOPs removed by reduceNOPs.sh
1929	02bb	3c1c0000		lhi	%r28,$0	
1930				; Automatically 1 NOPs removed by reduceNOPs.sh
1931	02bc	379c0000		ori	%r28,%r28,$0	
1932				; Automatically 1 NOPs removed by reduceNOPs.sh
1933	02bd	08000002		j	L_lib_lcd_dlxsim_31	
1934	02be	00000000		nop
1935				; Automatically 1 NOPs removed by reduceNOPs.sh
1936			L_lib_lcd_dlxsim_31:
1937				; Automatically 1 NOPs removed by reduceNOPs.sh
1938	02bf	8fdf0004		lw	%r31,4(%r30)	
1939	02c0	27dd0004		addui	%r29,%r30,$4	
1940	02c1	8fde0000		lw	%r30,0(%r30)	
1941	02c2	03e00008		jr	%r31	
1942	02c3	00000000		nop
1943				; Automatically 1 NOPs removed by reduceNOPs.sh
1944			d_clear:
1945			L_lib_lcd_dlxsim_32:
1946				; Automatically 1 NOPs removed by reduceNOPs.sh
1947	02c4	afbefffc		sw	-4(%r29),%r30	
1948	02c5	afbf0000		sw	0(%r29),%r31	
1949	02c6	2fbe0004		subui	%r30,%r29,$4	
1950	02c7	2bbd0008		subi	%r29,%r29,$8	
1951				; Automatically 9 NOPs removed by reduceNOPs.sh
1952	02c8	3c1c0000		lhi	%r28,$0	
1953				; Automatically 1 NOPs removed by reduceNOPs.sh
1954	02c9	379c0000		ori	%r28,%r28,$0	
1955				; Automatically 1 NOPs removed by reduceNOPs.sh
1956	02ca	08000002		j	L_lib_lcd_dlxsim_33	
1957	02cb	00000000		nop
1958				; Automatically 1 NOPs removed by reduceNOPs.sh
1959			L_lib_lcd_dlxsim_33:
1960				; Automatically 1 NOPs removed by reduceNOPs.sh
1961	02cc	8fdf0004		lw	%r31,4(%r30)	
1962	02cd	27dd0004		addui	%r29,%r30,$4	
1963	02ce	8fde0000		lw	%r30,0(%r30)	
1964	02cf	03e00008		jr	%r31	
1965	02d0	00000000		nop
1966				.section	.data
1967				.section	.text
1968				.addressing	Word
1969				;.addressing	Word
1970			loadByteUnsigned:
1971			L_loadStoreByte_1:
1972				; Automatically 1 NOPs removed by reduceNOPs.sh
1973	02d1	afbefffc		sw	-4(%r29),%r30	
1974	02d2	afbf0000		sw	0(%r29),%r31	
1975	02d3	2fbe0004		subui	%r30,%r29,$4	
1976	02d4	2bbd0008		subi	%r29,%r29,$8	
1977				; Automatically 1 NOPs removed by reduceNOPs.sh
1978	02d5	00201020		add	%r2,%r1,%r0	
1979	02d6	30410003		andi	%r1,%r2,$3	
1980				; Automatically 1 NOPs removed by reduceNOPs.sh
1981	02d7	20230001		addi	%r3,%r1,$1	
1982				; Automatically 1 NOPs removed by reduceNOPs.sh
1983	02d8	00031823		subu	%r3,%r0,%r3	
1984	02d9	3c01ffff		lhi	%r1,$65535	
1985				; Automatically 1 NOPs removed by reduceNOPs.sh
1986	02da	3421fffc		ori	%r1,%r1,$-4	
1987				; Automatically 1 NOPs removed by reduceNOPs.sh
1988	02db	00410824		and	%r1,%r2,%r1	
1989	02dc	40620003		slli	%r2,%r3,$3	
1990	02dd	8c210000		lw	%r1,0(%r1)	
1991				; Automatically 1 NOPs removed by reduceNOPs.sh
1992	02de	00220803		sra	%r1,%r1,%r2	
1993				; Automatically 1 NOPs removed by reduceNOPs.sh
1994	02df	303c00ff		andi	%r28,%r1,$255	
1995				; Automatically 1 NOPs removed by reduceNOPs.sh
1996	02e0	08000002		j	L_loadStoreByte_2	
1997	02e1	00000000		nop
1998				; Automatically 1 NOPs removed by reduceNOPs.sh
1999			L_loadStoreByte_2:
2000				; Automatically 1 NOPs removed by reduceNOPs.sh
2001	02e2	8fdf0004		lw	%r31,4(%r30)	
2002	02e3	27dd0004		addui	%r29,%r30,$4	
2003	02e4	8fde0000		lw	%r30,0(%r30)	
2004	02e5	03e00008		jr	%r31	
2005	02e6	00000000		nop
2006				; Automatically 1 NOPs removed by reduceNOPs.sh
2007			loadByteSigned:
2008			L_loadStoreByte_3:
2009				; Automatically 1 NOPs removed by reduceNOPs.sh
2010	02e7	afbefffc		sw	-4(%r29),%r30	
2011	02e8	afbf0000		sw	0(%r29),%r31	
2012	02e9	2fbe0004		subui	%r30,%r29,$4	
2013	02ea	2bbd0008		subi	%r29,%r29,$8	
2014				; Automatically 1 NOPs removed by reduceNOPs.sh
2015	02eb	00201020		add	%r2,%r1,%r0	
2016	02ec	30410003		andi	%r1,%r2,$3	
2017				; Automatically 1 NOPs removed by reduceNOPs.sh
2018	02ed	20230001		addi	%r3,%r1,$1	
2019				; Automatically 1 NOPs removed by reduceNOPs.sh
2020	02ee	00031823		subu	%r3,%r0,%r3	
2021	02ef	3c01ffff		lhi	%r1,$65535	
2022				; Automatically 1 NOPs removed by reduceNOPs.sh
2023	02f0	3421fffc		ori	%r1,%r1,$-4	
2024				; Automatically 1 NOPs removed by reduceNOPs.sh
2025	02f1	00410824		and	%r1,%r2,%r1	
2026	02f2	40620003		slli	%r2,%r3,$3	
2027	02f3	8c210000		lw	%r1,0(%r1)	
2028				; Automatically 1 NOPs removed by reduceNOPs.sh
2029	02f4	00220803		sra	%r1,%r1,%r2	
2030				; Automatically 1 NOPs removed by reduceNOPs.sh
2031	02f5	302100ff		andi	%r1,%r1,$255	
2032				; Automatically 1 NOPs removed by reduceNOPs.sh
2033	02f6	40210018		slli	%r1,%r1,$24	
2034				; Automatically 1 NOPs removed by reduceNOPs.sh
2035	02f7	483c0018		srai	%r28,%r1,$24	
2036				; Automatically 1 NOPs removed by reduceNOPs.sh
2037	02f8	08000002		j	L_loadStoreByte_4	
2038	02f9	00000000		nop
2039				; Automatically 1 NOPs removed by reduceNOPs.sh
2040			L_loadStoreByte_4:
2041				; Automatically 1 NOPs removed by reduceNOPs.sh
2042	02fa	8fdf0004		lw	%r31,4(%r30)	
2043	02fb	27dd0004		addui	%r29,%r30,$4	
2044	02fc	8fde0000		lw	%r30,0(%r30)	
2045	02fd	03e00008		jr	%r31	
2046	02fe	00000000		nop
2047				; Automatically 1 NOPs removed by reduceNOPs.sh
2048			storeByte:
2049			L_loadStoreByte_5:
2050				; Automatically 1 NOPs removed by reduceNOPs.sh
2051	02ff	afbefffc		sw	-4(%r29),%r30	
2052	0300	afbf0000		sw	0(%r29),%r31	
2053	0301	2fbe0004		subui	%r30,%r29,$4	
2054	0302	2bbd0008		subi	%r29,%r29,$8	
2055				; Automatically 1 NOPs removed by reduceNOPs.sh
2056	0303	00201820		add	%r3,%r1,%r0	
2057				; Automatically 2 NOPs removed by reduceNOPs.sh
2058	0304	30610003		andi	%r1,%r3,$3	
2059	0305	30640003		andi	%r4,%r3,$3	
2060	0306	3c050000		lhi	%r5,$0	
2061				; Automatically 1 NOPs removed by reduceNOPs.sh
2062	0307	34a50003		ori	%r5,%r5,$3	
2063	0308	20840001		addi	%r4,%r4,$1	
2064				; Automatically 1 NOPs removed by reduceNOPs.sh
2065	0309	00042023		subu	%r4,%r0,%r4	
2066	030a	00a12822		sub	%r5,%r5,%r1	
2067	030b	3c01ffff		lhi	%r1,$65535	
2068				; Automatically 1 NOPs removed by reduceNOPs.sh
2069	030c	3421fffc		ori	%r1,%r1,$-4	
2070	030d	3c060000		lhi	%r6,$0	
2071				; Automatically 1 NOPs removed by reduceNOPs.sh
2072	030e	34c600ff		ori	%r6,%r6,$255	
2073	030f	00610824		and	%r1,%r3,%r1	
2074	0310	40830003		slli	%r3,%r4,$3	
2075	0311	40a40003		slli	%r4,%r5,$3	
2076	0312	8c3c0000		lw	%r28,0(%r1)	
2077	0313	00431000		sll	%r2,%r2,%r3	
2078	0314	00c41800		sll	%r3,%r6,%r4	
2079				; Automatically 1 NOPs removed by reduceNOPs.sh
2080	0315	20630001		addi	%r3,%r3,$1	
2081				; Automatically 1 NOPs removed by reduceNOPs.sh
2082	0316	00031823		subu	%r3,%r0,%r3	
2083				; Automatically 1 NOPs removed by reduceNOPs.sh
2084	0317	0383e024		and	%r28,%r28,%r3	
2085				; Automatically 1 NOPs removed by reduceNOPs.sh
2086	0318	0382e025		or	%r28,%r28,%r2	
2087				; Automatically 1 NOPs removed by reduceNOPs.sh
2088	0319	ac3c0000		sw	0(%r1),%r28	
2089	031a	08000002		j	L_loadStoreByte_6	
2090	031b	00000000		nop
2091				; Automatically 1 NOPs removed by reduceNOPs.sh
2092			L_loadStoreByte_6:
2093				; Automatically 1 NOPs removed by reduceNOPs.sh
2094	031c	8fdf0004		lw	%r31,4(%r30)	
2095	031d	27dd0004		addui	%r29,%r30,$4	
2096	031e	8fde0000		lw	%r30,0(%r30)	
2097	031f	03e00008		jr	%r31	
2098	0320	00000000		nop
2099			exit:


******** Cross Reference List ********
Defined Symbol
name   	section	lc     	attr   	value  	lineno 
L_loadStoreByte_2	.text	02e2	Label	2e2	1999 
L_loadStoreByte_3	.text	02e7	Label	2e7	2008 
g_makeradiogroup	.text	02b7	Label	2b7	1921 
L_loadStoreByte_4	.text	02fa	Label	2fa	2040 
L_loadStoreByte_5	.text	02ff	Label	2ff	2049 
L_loadStoreByte_6	.text	031c	Label	31c	2092 
loadByteSigned	.text	02e7	Label	2e7	2007 
doMotionEstimation	.text	000f	Label	f	787 
L_Encoder_30	.text	00e3	Label	e3	1130 
sendcommand	.text	0217	Label	217	1634 
L_Encoder_31	.text	00e5	Label	e5	1135 
L_Encoder_32	.text	00f0	Label	f0	1152 
L_lib_lcd_dlxsim_20	.text	0276	Label	276	1807 
L_Encoder_33	.text	00f8	Label	f8	1165 
L_lib_lcd_dlxsim_21	.text	027e	Label	27e	1821 
L_Encoder_34	.text	00fd	Label	fd	1174 
L_lib_lcd_dlxsim_22	.text	0283	Label	283	1830 
L_Encoder_35	.text	0105	Label	105	1187 
loadByteUnsigned	.text	02d1	Label	2d1	1970 
L_lib_lcd_dlxsim_23	.text	028b	Label	28b	1844 
L_Encoder_36	.text	0109	Label	109	1194 
d_clear	.text	02c4	Label	2c4	1944 
L_lib_lcd_dlxsim_24	.text	0290	Label	290	1853 
L_Encoder_37	.text	0113	Label	113	1207 
_c	.data	0000	Label	0	4 
L_lib_lcd_dlxsim_25	.text	0298	Label	298	1867 
L_Encoder_38	.text	0122	Label	122	1230 
exit	.text	0321	Label	321	2099 
L_lib_lcd_dlxsim_26	.text	029d	Label	29d	1876 
L_Encoder_39	.text	0136	Label	136	1259 
L_lib_lcd_dlxsim_27	.text	02a5	Label	2a5	1890 
L_lib_lcd_dlxsim_28	.text	02aa	Label	2aa	1899 
L_lib_lcd_dlxsim_29	.text	02b2	Label	2b2	1913 
getbytes	.text	020a	Label	20a	1611 
doLoopFilter	.text	00aa	Label	aa	1036 
L_Encoder_1	.text	000f	Label	f	788 
L_Encoder_2	.text	0015	Label	15	798 
L_Encoder_3	.text	001a	Label	1a	806 
L_Encoder_4	.text	001e	Label	1e	812 
L_Encoder_5	.text	0030	Label	30	841 
L_Encoder_6	.text	0033	Label	33	845 
L_Encoder_7	.text	0038	Label	38	854 
checkbuffer	.text	01fd	Label	1fd	1588 
L_Encoder_8	.text	003d	Label	3d	863 
L_Encoder_9	.text	0057	Label	57	901 
g_drawline	.text	0276	Label	276	1806 
g_makeswitch	.text	029d	Label	29d	1875 
t_cursor	.text	0242	Label	242	1714 
L_Encoder_40	.text	0139	Label	139	1265 
L_Encoder_41	.text	013d	Label	13d	1271 
L_Encoder_42	.text	014f	Label	14f	1300 
L_lib_lcd_dlxsim_30	.text	02b7	Label	2b7	1922 
L_Encoder_43	.text	0157	Label	157	1313 
L_lib_lcd_dlxsim_31	.text	02bf	Label	2bf	1936 
L_Encoder_44	.text	015b	Label	15b	1319 
L_lib_lcd_dlxsim_32	.text	02c4	Label	2c4	1945 
L_Encoder_45	.text	016d	Label	16d	1348 
L_lib_lcd_dlxsim_33	.text	02cc	Label	2cc	1959 
L_Encoder_46	.text	0175	Label	175	1361 
L_Encoder_10	.text	005b	Label	5b	909 
L_Encoder_11	.text	005d	Label	5d	914 
L_Encoder_12	.text	0062	Label	62	922 
g_print	.text	025c	Label	25c	1760 
L_Encoder_13	.text	0074	Label	74	951 
L_Encoder_14	.text	007f	Label	7f	967 
_mbArray	.data	0004	Label	4	8 
L_Encoder_15	.text	0082	Label	82	971 
L_Encoder_16	.text	0084	Label	84	976 
t_print	.text	0224	Label	224	1657 
intToStr	.text	017a	Label	17a	1372 
L_Encoder_17	.text	0089	Label	89	984 
L_Encoder_18	.text	0092	Label	92	999 
L_Encoder_19	.text	009d	Label	9d	1015 
doEncodeMB	.text	003d	Label	3d	862 
L_intToStr_10	.text	01f8	Label	1f8	1577 
L_intToStr_1	.text	017a	Label	17a	1373 
L_intToStr_2	.text	018e	Label	18e	1404 
g_makebar	.text	0283	Label	283	1829 
L_intToStr_3	.text	019d	Label	19d	1428 
L_intToStr_4	.text	01a5	Label	1a5	1441 
_I_MB	.data	002c	Label	2c	21 
L_intToStr_5	.text	01af	Label	1af	1459 
L_intToStr_6	.text	01b7	Label	1b7	1472 
L_intToStr_7	.text	01cd	Label	1cd	1507 
L_intToStr_8	.text	01d5	Label	1d5	1520 
t_enable	.text	024f	Label	24f	1737 
L_intToStr_9	.text	01eb	Label	1eb	1554 
L_Encoder_20	.text	00a0	Label	a0	1019 
L_Encoder_21	.text	00a5	Label	a5	1028 
L_Encoder_22	.text	00aa	Label	aa	1037 
L_lib_lcd_dlxsim_10	.text	0239	Label	239	1697 
L_Encoder_23	.text	00b0	Label	b0	1047 
g_drawrect	.text	0269	Label	269	1783 
L_lib_lcd_dlxsim_11	.text	023d	Label	23d	1706 
L_Encoder_24	.text	00b5	Label	b5	1055 
L_lib_lcd_dlxsim_12	.text	0242	Label	242	1715 
L_Encoder_25	.text	00b9	Label	b9	1061 
L_lib_lcd_dlxsim_13	.text	024a	Label	24a	1729 
L_Encoder_26	.text	00cb	Label	cb	1090 
L_lib_lcd_dlxsim_14	.text	024f	Label	24f	1738 
L_Encoder_27	.text	00ce	Label	ce	1094 
g_makemenubutton	.text	02aa	Label	2aa	1898 
L_lib_lcd_dlxsim_15	.text	0257	Label	257	1752 
L_Encoder_28	.text	00d3	Label	d3	1103 
L_lib_lcd_dlxsim_16	.text	025c	Label	25c	1761 
L_Encoder_29	.text	00d8	Label	d8	1112 
L_lib_lcd_dlxsim_17	.text	0264	Label	264	1775 
L_lib_lcd_dlxsim_1	.text	01fd	Label	1fd	1589 
L_lib_lcd_dlxsim_18	.text	0269	Label	269	1784 
L_lib_lcd_dlxsim_2	.text	0205	Label	205	1603 
L_lib_lcd_dlxsim_19	.text	0271	Label	271	1798 
L_lib_lcd_dlxsim_3	.text	020a	Label	20a	1612 
L_lib_lcd_dlxsim_4	.text	0212	Label	212	1626 
L_lib_lcd_dlxsim_5	.text	0217	Label	217	1635 
L_lib_lcd_dlxsim_6	.text	021f	Label	21f	1649 
L_lib_lcd_dlxsim_7	.text	0224	Label	224	1658 
L_lib_lcd_dlxsim_8	.text	0229	Label	229	1669 
L_lib_lcd_dlxsim_9	.text	0231	Label	231	1682 
main	.text	00d8	Label	d8	1111 
storeByte	.text	02ff	Label	2ff	2048 
g_setbar	.text	0290	Label	290	1852 
L_loadStoreByte_1	.text	02d1	Label	2d1	1971 


Undefined Symbol
name   	section	lc     	attr   	value  	lineno 


Multiple Defined Symbol
name   	section	lc     	attr   	value  	lineno 


******* Section Data List ******* 
Sec	Attr		Size
.text 	Writable 	321 
addr_space : 16 
addressing : Word 
bitwidth per byte : 8 
word alignment : 4 
.data 	Data		bc4 
addr_space : 16 
addressing : Byte 
bitwidth per byte : 8 
word alignment : 4 
