0 s: Info: RotationsManager: Cycle-time: 1 ns

0 s: Info: TDLAMBDA: 
   TD(lambda) using parameters:
   lambda = 0
   gamma  = 0
   alpha  = 0
   e_min  = 1e-05
0 s: Info: RotationsManager: 
   * FPGA capacity/used: 17/0



0 s: Info: DECODER: Decoder ready.
0 s: Info: MONITOR: 	Size of timeframe: 50,000
	Extended monitoring information between cycles 0 and 1
0 s: Info: RotationsManager: Initializing DLX Pipeline Emulator
   * Module Name:            [Pipeline]
   * Instruction Memory:     [/home/bauer_l/ASIPMeisterProjects/dlx_basis/Applications/Encoder_dynamic_MixedHWSWMolecule_startup_opt2/TestData.IM]
   * Branch Trace:           [/home/bauer_l/ASIPMeisterProjects/dlx_basis/Applications/Encoder_dynamic_MixedHWSWMolecule_startup_opt2/trace.txt]
   * DLX Opcode Definitions: [/home/bauer_l//RotationsManager_53/DLX/dlxops.dlx]

52 ns: Info: PREFETCHER: 
---> BEFORE RESCHEDULING
 SAD_16_HW_01        : 2x[atom_SAD4]  (L, Execs)=	37	0
 SATD_4x4_HW_06      : 1x[atom_QuadSub] 4x[atom_PackLSBMSB] 4x[atom_Transform] 1x[atom_SATD]  (L, Execs)=	19	0
 LF_BS_4_4_HW_01     : 1x[atom_Cond] 1x[atom_LF]  (L, Execs)=	9	0
 DCT_4x4_HW_06       : 1x[atom_QuadSub] 4x[atom_PackLSBMSB] 4x[atom_Transform]  (L, Execs)=	15	0
 MC_Hz4_HW_02        : 1x[atom_BytePack] 1x[atom_PointFilter] 1x[atom_Clip3]  (L, Execs)=	11	0
 HT_2X2_HW_00        : 1x[atom_Transform]  (L, Execs)=	5	0
 HT_4X4_HW_04        : 4x[atom_PackLSBMSB] 4x[atom_Transform]  (L, Execs)=	8	0


---> AFTER RESCHEDULING
 LF_BS_4_4_HW_01     : 1x[atom_Cond] 1x[atom_LF]  (L, Execs)=	9	0
 SAD_16_HW_00        : 1x[atom_SAD4]  (L, Execs)=	68	0
 HT_2X2_HW_00        : 1x[atom_Transform]  (L, Execs)=	5	0
 HT_4X4_HW_01        : 1x[atom_PackLSBMSB] 1x[atom_Transform]  (L, Execs)=	16	0
 DCT_4x4_HW_02       : 1x[atom_QuadSub] 1x[atom_PackLSBMSB] 1x[atom_Transform]  (L, Execs)=	21	0
 SATD_4x4_HW_03      : 1x[atom_QuadSub] 1x[atom_PackLSBMSB] 1x[atom_Transform] 1x[atom_SATD]  (L, Execs)=	22	0
 SAD_16_HW_01        : 2x[atom_SAD4]  (L, Execs)=	37	0
 HT_4X4_HW_02        : 1x[atom_PackLSBMSB] 2x[atom_Transform]  (L, Execs)=	14	0
 HT_4X4_HW_03        : 2x[atom_PackLSBMSB] 2x[atom_Transform]  (L, Execs)=	10	0
 DCT_4x4_HW_05       : 1x[atom_QuadSub] 2x[atom_PackLSBMSB] 4x[atom_Transform]  (L, Execs)=	16	0
 HT_4X4_HW_04        : 4x[atom_PackLSBMSB] 4x[atom_Transform]  (L, Execs)=	8	0
 MC_Hz4_HW_00        : 1x[atom_PointFilter]  (L, Execs)=	103	0
 MC_Hz4_HW_01        : 1x[atom_PointFilter] 1x[atom_Clip3]  (L, Execs)=	26	0
 MC_Hz4_HW_02        : 1x[atom_BytePack] 1x[atom_PointFilter] 1x[atom_Clip3]  (L, Execs)=	11	0


52 ns: Info: PREFETCHER: 
SysDyn:	FORECAST POINT:	at address 0x290
SysDyn:	CURRENT PREDICTION:	6633.0	1584.0	2.0	9420.0	7.0	7.0	3168.0	25344.0	4752.0	
SysDyn:	CONFIGURATION STATUS:	   * FPGA capacity/used: 17/0

SysDyn:	SWAP-IN QUEUE:	atom_Cond	needed/available: 1/0 swap-in/swap-out: 0/0 --> LF_BS_4_4_HW_01 
SysDyn:	SWAP-IN QUEUE:	atom_LF	needed/available: 1/0 swap-in/swap-out: 0/0 --> LF_BS_4_4_HW_01 
SysDyn:	SWAP-IN QUEUE:	atom_SAD4	needed/available: 2/0 swap-in/swap-out: 0/0 --> SAD_16_HW_01 
SysDyn:	SWAP-IN QUEUE:	atom_Transform	needed/available: 4/0 swap-in/swap-out: 0/0 --> HT_2X2_HW_00 HT_4X4_HW_04 SATD_4x4_HW_06 DCT_4x4_HW_06 
SysDyn:	SWAP-IN QUEUE:	atom_PackLSBMSB	needed/available: 4/0 swap-in/swap-out: 0/0 --> HT_4X4_HW_04 SATD_4x4_HW_06 DCT_4x4_HW_06 
SysDyn:	SWAP-IN QUEUE:	atom_QuadSub	needed/available: 1/0 swap-in/swap-out: 0/0 --> SATD_4x4_HW_06 DCT_4x4_HW_06 
SysDyn:	SWAP-IN QUEUE:	atom_SATD	needed/available: 1/0 swap-in/swap-out: 0/0 --> SATD_4x4_HW_06 
SysDyn:	SWAP-IN QUEUE:	atom_SAD4	needed/available: 2/0 swap-in/swap-out: 0/0 --> SAD_16_HW_01 
SysDyn:	SWAP-IN QUEUE:	atom_Transform	needed/available: 4/0 swap-in/swap-out: 0/0 --> HT_2X2_HW_00 HT_4X4_HW_04 SATD_4x4_HW_06 DCT_4x4_HW_06 
SysDyn:	SWAP-IN QUEUE:	atom_PackLSBMSB	needed/available: 4/0 swap-in/swap-out: 0/0 --> HT_4X4_HW_04 SATD_4x4_HW_06 DCT_4x4_HW_06 
SysDyn:	SWAP-IN QUEUE:	atom_Transform	needed/available: 4/0 swap-in/swap-out: 0/0 --> HT_2X2_HW_00 HT_4X4_HW_04 SATD_4x4_HW_06 DCT_4x4_HW_06 
SysDyn:	SWAP-IN QUEUE:	atom_Transform	needed/available: 4/0 swap-in/swap-out: 0/0 --> HT_2X2_HW_00 HT_4X4_HW_04 SATD_4x4_HW_06 DCT_4x4_HW_06 
SysDyn:	SWAP-IN QUEUE:	atom_PackLSBMSB	needed/available: 4/0 swap-in/swap-out: 0/0 --> HT_4X4_HW_04 SATD_4x4_HW_06 DCT_4x4_HW_06 
SysDyn:	SWAP-IN QUEUE:	atom_PackLSBMSB	needed/available: 4/0 swap-in/swap-out: 0/0 --> HT_4X4_HW_04 SATD_4x4_HW_06 DCT_4x4_HW_06 
SysDyn:	SWAP-IN QUEUE:	atom_PointFilter	needed/available: 1/0 swap-in/swap-out: 0/0 --> MC_Hz4_HW_02 
SysDyn:	SWAP-IN QUEUE:	atom_Clip3	needed/available: 1/0 swap-in/swap-out: 0/0 --> MC_Hz4_HW_02 
SysDyn:	SWAP-IN QUEUE:	atom_BytePack	needed/available: 1/0 swap-in/swap-out: 0/0 --> MC_Hz4_HW_02 
================================================================================

52 ns: Info: MONITOR: currently no atoms available

62 ns: Info: MONITOR: ATOM IN:	atom_Cond	needed/available: 1/1 swap-in/swap-out: 1/0 --> LF_BS_4_4_HW_01 
62 ns: Info: MONITOR: Molecule	LF_BS_4_4_SW	960	is replaced by molecule	LF_BS_4_4_HW_00	428	and was used	0	- times.

62 ns: Info: MONITOR: The fastest available molecule for SI No. 0 is:	SAD_16_SW	4673
62 ns: Info: MONITOR: The fastest available molecule for SI No. 1 is:	HT_2X2_SW	100
62 ns: Info: MONITOR: The fastest available molecule for SI No. 2 is:	HT_4X4_SW	298
62 ns: Info: MONITOR: The fastest available molecule for SI No. 3 is:	MC_Hz4_SW	215
62 ns: Info: MONITOR: The fastest available molecule for SI No. 4 is:	IPred_HDC16x16_SW	249
62 ns: Info: MONITOR: The fastest available molecule for SI No. 5 is:	IPred_VDC16x16_SW	69
62 ns: Info: MONITOR: The fastest available molecule for SI No. 6 is:	LF_BS_4_4_HW_00	428
62 ns: Info: MONITOR: The fastest available molecule for SI No. 7 is:	SATD_4x4_SW	544
62 ns: Info: MONITOR: The fastest available molecule for SI No. 8 is:	DCT_4x4_SW	488
62 ns: Info: MONITOR: 

72 ns: Info: MONITOR: ATOM IN:	atom_LF	needed/available: 1/1 swap-in/swap-out: 1/0 --> LF_BS_4_4_HW_01 
72 ns: Info: MONITOR: Molecule	LF_BS_4_4_HW_00	428	is replaced by molecule	LF_BS_4_4_HW_01	9	and was used	0	- times.

72 ns: Info: MONITOR: The fastest available molecule for SI No. 0 is:	SAD_16_SW	4673
72 ns: Info: MONITOR: The fastest available molecule for SI No. 1 is:	HT_2X2_SW	100
72 ns: Info: MONITOR: The fastest available molecule for SI No. 2 is:	HT_4X4_SW	298
72 ns: Info: MONITOR: The fastest available molecule for SI No. 3 is:	MC_Hz4_SW	215
72 ns: Info: MONITOR: The fastest available molecule for SI No. 4 is:	IPred_HDC16x16_SW	249
72 ns: Info: MONITOR: The fastest available molecule for SI No. 5 is:	IPred_VDC16x16_SW	69
72 ns: Info: MONITOR: The fastest available molecule for SI No. 6 is:	LF_BS_4_4_HW_01	9
72 ns: Info: MONITOR: The fastest available molecule for SI No. 7 is:	SATD_4x4_SW	544
72 ns: Info: MONITOR: The fastest available molecule for SI No. 8 is:	DCT_4x4_SW	488
72 ns: Info: MONITOR: 

82 ns: Info: MONITOR: ATOM IN:	atom_SAD4	needed/available: 2/1 swap-in/swap-out: 1/0 --> SAD_16_HW_01 
82 ns: Info: MONITOR: Molecule	SAD_16_SW	4673	is replaced by molecule	SAD_16_HW_00	68	and was used	0	- times.

82 ns: Info: MONITOR: The fastest available molecule for SI No. 0 is:	SAD_16_HW_00	68
82 ns: Info: MONITOR: The fastest available molecule for SI No. 1 is:	HT_2X2_SW	100
82 ns: Info: MONITOR: The fastest available molecule for SI No. 2 is:	HT_4X4_SW	298
82 ns: Info: MONITOR: The fastest available molecule for SI No. 3 is:	MC_Hz4_SW	215
82 ns: Info: MONITOR: The fastest available molecule for SI No. 4 is:	IPred_HDC16x16_SW	249
82 ns: Info: MONITOR: The fastest available molecule for SI No. 5 is:	IPred_VDC16x16_SW	69
82 ns: Info: MONITOR: The fastest available molecule for SI No. 6 is:	LF_BS_4_4_HW_01	9
82 ns: Info: MONITOR: The fastest available molecule for SI No. 7 is:	SATD_4x4_SW	544
82 ns: Info: MONITOR: The fastest available molecule for SI No. 8 is:	DCT_4x4_SW	488
82 ns: Info: MONITOR: 

92 ns: Info: MONITOR: ATOM IN:	atom_Transform	needed/available: 4/1 swap-in/swap-out: 1/0 --> HT_2X2_HW_00 HT_4X4_HW_04 SATD_4x4_HW_06 DCT_4x4_HW_06 
92 ns: Info: MONITOR: Molecule	HT_2X2_SW	100	is replaced by molecule	HT_2X2_HW_00	5	and was used	0	- times.

92 ns: Info: MONITOR: Molecule	HT_4X4_SW	298	is replaced by molecule	HT_4X4_HW_00	104	and was used	0	- times.

92 ns: Info: MONITOR: Molecule	SATD_4x4_SW	544	is replaced by molecule	SATD_4x4_HW_00	350	and was used	0	- times.

92 ns: Info: MONITOR: Molecule	DCT_4x4_SW	488	is replaced by molecule	DCT_4x4_HW_00	216	and was used	0	- times.

92 ns: Info: MONITOR: The fastest available molecule for SI No. 0 is:	SAD_16_HW_00	68
92 ns: Info: MONITOR: The fastest available molecule for SI No. 1 is:	HT_2X2_HW_00	5
92 ns: Info: MONITOR: The fastest available molecule for SI No. 2 is:	HT_4X4_HW_00	104
92 ns: Info: MONITOR: The fastest available molecule for SI No. 3 is:	MC_Hz4_SW	215
92 ns: Info: MONITOR: The fastest available molecule for SI No. 4 is:	IPred_HDC16x16_SW	249
92 ns: Info: MONITOR: The fastest available molecule for SI No. 5 is:	IPred_VDC16x16_SW	69
92 ns: Info: MONITOR: The fastest available molecule for SI No. 6 is:	LF_BS_4_4_HW_01	9
92 ns: Info: MONITOR: The fastest available molecule for SI No. 7 is:	SATD_4x4_HW_00	350
92 ns: Info: MONITOR: The fastest available molecule for SI No. 8 is:	DCT_4x4_HW_00	216
92 ns: Info: MONITOR: 

102 ns: Info: MONITOR: ATOM IN:	atom_PackLSBMSB	needed/available: 4/1 swap-in/swap-out: 1/0 --> HT_4X4_HW_04 SATD_4x4_HW_06 DCT_4x4_HW_06 
102 ns: Info: MONITOR: Molecule	HT_4X4_HW_00	104	is replaced by molecule	HT_4X4_HW_01	16	and was used	0	- times.

102 ns: Info: MONITOR: Molecule	SATD_4x4_HW_00	350	is replaced by molecule	SATD_4x4_HW_01	294	and was used	0	- times.

102 ns: Info: MONITOR: Molecule	DCT_4x4_HW_00	216	is replaced by molecule	DCT_4x4_HW_01	160	and was used	0	- times.

102 ns: Info: MONITOR: The fastest available molecule for SI No. 0 is:	SAD_16_HW_00	68
102 ns: Info: MONITOR: The fastest available molecule for SI No. 1 is:	HT_2X2_HW_00	5
102 ns: Info: MONITOR: The fastest available molecule for SI No. 2 is:	HT_4X4_HW_01	16
102 ns: Info: MONITOR: The fastest available molecule for SI No. 3 is:	MC_Hz4_SW	215
102 ns: Info: MONITOR: The fastest available molecule for SI No. 4 is:	IPred_HDC16x16_SW	249
102 ns: Info: MONITOR: The fastest available molecule for SI No. 5 is:	IPred_VDC16x16_SW	69
102 ns: Info: MONITOR: The fastest available molecule for SI No. 6 is:	LF_BS_4_4_HW_01	9
102 ns: Info: MONITOR: The fastest available molecule for SI No. 7 is:	SATD_4x4_HW_01	294
102 ns: Info: MONITOR: The fastest available molecule for SI No. 8 is:	DCT_4x4_HW_01	160
102 ns: Info: MONITOR: 

112 ns: Info: MONITOR: ATOM IN:	atom_QuadSub	needed/available: 1/1 swap-in/swap-out: 1/0 --> SATD_4x4_HW_06 DCT_4x4_HW_06 
112 ns: Info: MONITOR: Molecule	SATD_4x4_HW_01	294	is replaced by molecule	SATD_4x4_HW_02	186	and was used	0	- times.

112 ns: Info: MONITOR: Molecule	DCT_4x4_HW_01	160	is replaced by molecule	DCT_4x4_HW_02	21	and was used	0	- times.

112 ns: Info: MONITOR: The fastest available molecule for SI No. 0 is:	SAD_16_HW_00	68
112 ns: Info: MONITOR: The fastest available molecule for SI No. 1 is:	HT_2X2_HW_00	5
112 ns: Info: MONITOR: The fastest available molecule for SI No. 2 is:	HT_4X4_HW_01	16
112 ns: Info: MONITOR: The fastest available molecule for SI No. 3 is:	MC_Hz4_SW	215
112 ns: Info: MONITOR: The fastest available molecule for SI No. 4 is:	IPred_HDC16x16_SW	249
112 ns: Info: MONITOR: The fastest available molecule for SI No. 5 is:	IPred_VDC16x16_SW	69
112 ns: Info: MONITOR: The fastest available molecule for SI No. 6 is:	LF_BS_4_4_HW_01	9
112 ns: Info: MONITOR: The fastest available molecule for SI No. 7 is:	SATD_4x4_HW_02	186
112 ns: Info: MONITOR: The fastest available molecule for SI No. 8 is:	DCT_4x4_HW_02	21
112 ns: Info: MONITOR: 

122 ns: Info: MONITOR: ATOM IN:	atom_SATD	needed/available: 1/1 swap-in/swap-out: 1/0 --> SATD_4x4_HW_06 
122 ns: Info: MONITOR: Molecule	SATD_4x4_HW_02	186	is replaced by molecule	SATD_4x4_HW_03	22	and was used	0	- times.

122 ns: Info: MONITOR: The fastest available molecule for SI No. 0 is:	SAD_16_HW_00	68
122 ns: Info: MONITOR: The fastest available molecule for SI No. 1 is:	HT_2X2_HW_00	5
122 ns: Info: MONITOR: The fastest available molecule for SI No. 2 is:	HT_4X4_HW_01	16
122 ns: Info: MONITOR: The fastest available molecule for SI No. 3 is:	MC_Hz4_SW	215
122 ns: Info: MONITOR: The fastest available molecule for SI No. 4 is:	IPred_HDC16x16_SW	249
122 ns: Info: MONITOR: The fastest available molecule for SI No. 5 is:	IPred_VDC16x16_SW	69
122 ns: Info: MONITOR: The fastest available molecule for SI No. 6 is:	LF_BS_4_4_HW_01	9
122 ns: Info: MONITOR: The fastest available molecule for SI No. 7 is:	SATD_4x4_HW_03	22
122 ns: Info: MONITOR: The fastest available molecule for SI No. 8 is:	DCT_4x4_HW_02	21
122 ns: Info: MONITOR: 

132 ns: Info: MONITOR: ATOM IN:	atom_SAD4	needed/available: 2/2 swap-in/swap-out: 2/0 --> SAD_16_HW_01 
132 ns: Info: MONITOR: Molecule	SAD_16_HW_00	68	is replaced by molecule	SAD_16_HW_01	37	and was used	0	- times.

132 ns: Info: MONITOR: The fastest available molecule for SI No. 0 is:	SAD_16_HW_01	37
132 ns: Info: MONITOR: The fastest available molecule for SI No. 1 is:	HT_2X2_HW_00	5
132 ns: Info: MONITOR: The fastest available molecule for SI No. 2 is:	HT_4X4_HW_01	16
132 ns: Info: MONITOR: The fastest available molecule for SI No. 3 is:	MC_Hz4_SW	215
132 ns: Info: MONITOR: The fastest available molecule for SI No. 4 is:	IPred_HDC16x16_SW	249
132 ns: Info: MONITOR: The fastest available molecule for SI No. 5 is:	IPred_VDC16x16_SW	69
132 ns: Info: MONITOR: The fastest available molecule for SI No. 6 is:	LF_BS_4_4_HW_01	9
132 ns: Info: MONITOR: The fastest available molecule for SI No. 7 is:	SATD_4x4_HW_03	22
132 ns: Info: MONITOR: The fastest available molecule for SI No. 8 is:	DCT_4x4_HW_02	21
132 ns: Info: MONITOR: 

142 ns: Info: MONITOR: ATOM IN:	atom_Transform	needed/available: 4/2 swap-in/swap-out: 2/0 --> HT_2X2_HW_00 HT_4X4_HW_04 SATD_4x4_HW_06 DCT_4x4_HW_06 
142 ns: Info: MONITOR: Molecule	HT_4X4_HW_01	16	is replaced by molecule	HT_4X4_HW_02	14	and was used	0	- times.

142 ns: Info: MONITOR: Molecule	SATD_4x4_HW_03	22	is replaced by molecule	SATD_4x4_HW_04	21	and was used	0	- times.

142 ns: Info: MONITOR: Molecule	DCT_4x4_HW_02	21	is replaced by molecule	DCT_4x4_HW_03	19	and was used	0	- times.

142 ns: Info: MONITOR: The fastest available molecule for SI No. 0 is:	SAD_16_HW_01	37
142 ns: Info: MONITOR: The fastest available molecule for SI No. 1 is:	HT_2X2_HW_00	5
142 ns: Info: MONITOR: The fastest available molecule for SI No. 2 is:	HT_4X4_HW_02	14
142 ns: Info: MONITOR: The fastest available molecule for SI No. 3 is:	MC_Hz4_SW	215
142 ns: Info: MONITOR: The fastest available molecule for SI No. 4 is:	IPred_HDC16x16_SW	249
142 ns: Info: MONITOR: The fastest available molecule for SI No. 5 is:	IPred_VDC16x16_SW	69
142 ns: Info: MONITOR: The fastest available molecule for SI No. 6 is:	LF_BS_4_4_HW_01	9
142 ns: Info: MONITOR: The fastest available molecule for SI No. 7 is:	SATD_4x4_HW_04	21
142 ns: Info: MONITOR: The fastest available molecule for SI No. 8 is:	DCT_4x4_HW_03	19
142 ns: Info: MONITOR: 

152 ns: Info: MONITOR: ATOM IN:	atom_PackLSBMSB	needed/available: 4/2 swap-in/swap-out: 2/0 --> HT_4X4_HW_04 SATD_4x4_HW_06 DCT_4x4_HW_06 
152 ns: Info: MONITOR: Molecule	HT_4X4_HW_02	14	is replaced by molecule	HT_4X4_HW_03	10	and was used	0	- times.

152 ns: Info: MONITOR: Molecule	DCT_4x4_HW_03	19	is replaced by molecule	DCT_4x4_HW_04	18	and was used	0	- times.

152 ns: Info: MONITOR: The fastest available molecule for SI No. 0 is:	SAD_16_HW_01	37
152 ns: Info: MONITOR: The fastest available molecule for SI No. 1 is:	HT_2X2_HW_00	5
152 ns: Info: MONITOR: The fastest available molecule for SI No. 2 is:	HT_4X4_HW_03	10
152 ns: Info: MONITOR: The fastest available molecule for SI No. 3 is:	MC_Hz4_SW	215
152 ns: Info: MONITOR: The fastest available molecule for SI No. 4 is:	IPred_HDC16x16_SW	249
152 ns: Info: MONITOR: The fastest available molecule for SI No. 5 is:	IPred_VDC16x16_SW	69
152 ns: Info: MONITOR: The fastest available molecule for SI No. 6 is:	LF_BS_4_4_HW_01	9
152 ns: Info: MONITOR: The fastest available molecule for SI No. 7 is:	SATD_4x4_HW_04	21
152 ns: Info: MONITOR: The fastest available molecule for SI No. 8 is:	DCT_4x4_HW_04	18
152 ns: Info: MONITOR: 

162 ns: Info: MONITOR: ATOM IN:	atom_Transform	needed/available: 4/3 swap-in/swap-out: 3/0 running (0) --> HT_2X2_HW_00 HT_4X4_HW_04 SATD_4x4_HW_06 DCT_4x4_HW_06 
162 ns: Info: MONITOR: The fastest available molecule for SI No. 0 is:	SAD_16_HW_01	37
162 ns: Info: MONITOR: The fastest available molecule for SI No. 1 is:	HT_2X2_HW_00	5
162 ns: Info: MONITOR: The fastest available molecule for SI No. 2 is:	HT_4X4_HW_03	10
162 ns: Info: MONITOR: The fastest available molecule for SI No. 3 is:	MC_Hz4_SW	215
162 ns: Info: MONITOR: The fastest available molecule for SI No. 4 is:	IPred_HDC16x16_SW	249
162 ns: Info: MONITOR: The fastest available molecule for SI No. 5 is:	IPred_VDC16x16_SW	69
162 ns: Info: MONITOR: The fastest available molecule for SI No. 6 is:	LF_BS_4_4_HW_01	9
162 ns: Info: MONITOR: The fastest available molecule for SI No. 7 is:	SATD_4x4_HW_04	21
162 ns: Info: MONITOR: The fastest available molecule for SI No. 8 is:	DCT_4x4_HW_04	18
162 ns: Info: MONITOR: 

172 ns: Info: MONITOR: ATOM IN:	atom_Transform	needed/available: 4/4 swap-in/swap-out: 4/0 --> HT_2X2_HW_00 HT_4X4_HW_04 SATD_4x4_HW_06 DCT_4x4_HW_06 
172 ns: Info: MONITOR: Molecule	DCT_4x4_HW_04	18	is replaced by molecule	DCT_4x4_HW_05	16	and was used	0	- times.

172 ns: Info: MONITOR: The fastest available molecule for SI No. 0 is:	SAD_16_HW_01	37
172 ns: Info: MONITOR: The fastest available molecule for SI No. 1 is:	HT_2X2_HW_00	5
172 ns: Info: MONITOR: The fastest available molecule for SI No. 2 is:	HT_4X4_HW_03	10
172 ns: Info: MONITOR: The fastest available molecule for SI No. 3 is:	MC_Hz4_SW	215
172 ns: Info: MONITOR: The fastest available molecule for SI No. 4 is:	IPred_HDC16x16_SW	249
172 ns: Info: MONITOR: The fastest available molecule for SI No. 5 is:	IPred_VDC16x16_SW	69
172 ns: Info: MONITOR: The fastest available molecule for SI No. 6 is:	LF_BS_4_4_HW_01	9
172 ns: Info: MONITOR: The fastest available molecule for SI No. 7 is:	SATD_4x4_HW_04	21
172 ns: Info: MONITOR: The fastest available molecule for SI No. 8 is:	DCT_4x4_HW_05	16
172 ns: Info: MONITOR: 

182 ns: Info: MONITOR: ATOM IN:	atom_PackLSBMSB	needed/available: 4/3 swap-in/swap-out: 3/0 running (0) --> HT_4X4_HW_04 SATD_4x4_HW_06 DCT_4x4_HW_06 
182 ns: Info: MONITOR: The fastest available molecule for SI No. 0 is:	SAD_16_HW_01	37
182 ns: Info: MONITOR: The fastest available molecule for SI No. 1 is:	HT_2X2_HW_00	5
182 ns: Info: MONITOR: The fastest available molecule for SI No. 2 is:	HT_4X4_HW_03	10
182 ns: Info: MONITOR: The fastest available molecule for SI No. 3 is:	MC_Hz4_SW	215
182 ns: Info: MONITOR: The fastest available molecule for SI No. 4 is:	IPred_HDC16x16_SW	249
182 ns: Info: MONITOR: The fastest available molecule for SI No. 5 is:	IPred_VDC16x16_SW	69
182 ns: Info: MONITOR: The fastest available molecule for SI No. 6 is:	LF_BS_4_4_HW_01	9
182 ns: Info: MONITOR: The fastest available molecule for SI No. 7 is:	SATD_4x4_HW_04	21
182 ns: Info: MONITOR: The fastest available molecule for SI No. 8 is:	DCT_4x4_HW_05	16
182 ns: Info: MONITOR: 

192 ns: Info: MONITOR: ATOM IN:	atom_PackLSBMSB	needed/available: 4/4 swap-in/swap-out: 4/0 --> HT_4X4_HW_04 SATD_4x4_HW_06 DCT_4x4_HW_06 
192 ns: Info: MONITOR: Molecule	HT_4X4_HW_03	10	is replaced by molecule	HT_4X4_HW_04	8	and was used	0	- times.

192 ns: Info: MONITOR: Molecule	SATD_4x4_HW_04	21	is replaced by molecule	SATD_4x4_HW_06	19	and was used	0	- times.

192 ns: Info: MONITOR: Molecule	DCT_4x4_HW_05	16	is replaced by molecule	DCT_4x4_HW_06	15	and was used	0	- times.

192 ns: Info: MONITOR: The fastest available molecule for SI No. 0 is:	SAD_16_HW_01	37
192 ns: Info: MONITOR: The fastest available molecule for SI No. 1 is:	HT_2X2_HW_00	5
192 ns: Info: MONITOR: The fastest available molecule for SI No. 2 is:	HT_4X4_HW_04	8
192 ns: Info: MONITOR: The fastest available molecule for SI No. 3 is:	MC_Hz4_SW	215
192 ns: Info: MONITOR: The fastest available molecule for SI No. 4 is:	IPred_HDC16x16_SW	249
192 ns: Info: MONITOR: The fastest available molecule for SI No. 5 is:	IPred_VDC16x16_SW	69
192 ns: Info: MONITOR: The fastest available molecule for SI No. 6 is:	LF_BS_4_4_HW_01	9
192 ns: Info: MONITOR: The fastest available molecule for SI No. 7 is:	SATD_4x4_HW_06	19
192 ns: Info: MONITOR: The fastest available molecule for SI No. 8 is:	DCT_4x4_HW_06	15
192 ns: Info: MONITOR: 

202 ns: Info: MONITOR: ATOM IN:	atom_PointFilter	needed/available: 1/1 swap-in/swap-out: 1/0 --> MC_Hz4_HW_02 
202 ns: Info: MONITOR: Molecule	MC_Hz4_SW	215	is replaced by molecule	MC_Hz4_HW_00	103	and was used	0	- times.

202 ns: Info: MONITOR: The fastest available molecule for SI No. 0 is:	SAD_16_HW_01	37
202 ns: Info: MONITOR: The fastest available molecule for SI No. 1 is:	HT_2X2_HW_00	5
202 ns: Info: MONITOR: The fastest available molecule for SI No. 2 is:	HT_4X4_HW_04	8
202 ns: Info: MONITOR: The fastest available molecule for SI No. 3 is:	MC_Hz4_HW_00	103
202 ns: Info: MONITOR: The fastest available molecule for SI No. 4 is:	IPred_HDC16x16_SW	249
202 ns: Info: MONITOR: The fastest available molecule for SI No. 5 is:	IPred_VDC16x16_SW	69
202 ns: Info: MONITOR: The fastest available molecule for SI No. 6 is:	LF_BS_4_4_HW_01	9
202 ns: Info: MONITOR: The fastest available molecule for SI No. 7 is:	SATD_4x4_HW_06	19
202 ns: Info: MONITOR: The fastest available molecule for SI No. 8 is:	DCT_4x4_HW_06	15
202 ns: Info: MONITOR: 

212 ns: Info: MONITOR: ATOM IN:	atom_Clip3	needed/available: 1/1 swap-in/swap-out: 1/0 --> MC_Hz4_HW_02 
212 ns: Info: MONITOR: Molecule	MC_Hz4_HW_00	103	is replaced by molecule	MC_Hz4_HW_01	26	and was used	0	- times.

212 ns: Info: MONITOR: The fastest available molecule for SI No. 0 is:	SAD_16_HW_01	37
212 ns: Info: MONITOR: The fastest available molecule for SI No. 1 is:	HT_2X2_HW_00	5
212 ns: Info: MONITOR: The fastest available molecule for SI No. 2 is:	HT_4X4_HW_04	8
212 ns: Info: MONITOR: The fastest available molecule for SI No. 3 is:	MC_Hz4_HW_01	26
212 ns: Info: MONITOR: The fastest available molecule for SI No. 4 is:	IPred_HDC16x16_SW	249
212 ns: Info: MONITOR: The fastest available molecule for SI No. 5 is:	IPred_VDC16x16_SW	69
212 ns: Info: MONITOR: The fastest available molecule for SI No. 6 is:	LF_BS_4_4_HW_01	9
212 ns: Info: MONITOR: The fastest available molecule for SI No. 7 is:	SATD_4x4_HW_06	19
212 ns: Info: MONITOR: The fastest available molecule for SI No. 8 is:	DCT_4x4_HW_06	15
212 ns: Info: MONITOR: 

222 ns: Info: MONITOR: ATOM IN:	atom_BytePack	needed/available: 1/1 swap-in/swap-out: 1/0 --> MC_Hz4_HW_02 
222 ns: Info: MONITOR: Molecule	MC_Hz4_HW_01	26	is replaced by molecule	MC_Hz4_HW_02	11	and was used	0	- times.

222 ns: Info: MONITOR: The fastest available molecule for SI No. 0 is:	SAD_16_HW_01	37
222 ns: Info: MONITOR: The fastest available molecule for SI No. 1 is:	HT_2X2_HW_00	5
222 ns: Info: MONITOR: The fastest available molecule for SI No. 2 is:	HT_4X4_HW_04	8
222 ns: Info: MONITOR: The fastest available molecule for SI No. 3 is:	MC_Hz4_HW_02	11
222 ns: Info: MONITOR: The fastest available molecule for SI No. 4 is:	IPred_HDC16x16_SW	249
222 ns: Info: MONITOR: The fastest available molecule for SI No. 5 is:	IPred_VDC16x16_SW	69
222 ns: Info: MONITOR: The fastest available molecule for SI No. 6 is:	LF_BS_4_4_HW_01	9
222 ns: Info: MONITOR: The fastest available molecule for SI No. 7 is:	SATD_4x4_HW_06	19
222 ns: Info: MONITOR: The fastest available molecule for SI No. 8 is:	DCT_4x4_HW_06	15
222 ns: Info: MONITOR: 

50 us: Info: MONITOR: Molecule: 	SAD_16_HW_01	was used	335	since in last timeframe
50 us: Info: MONITOR: Molecule: 	SATD_4x4_HW_06	was used	1124	since in last timeframe
50 us: Info: MONITOR:    SI usages in last timeframe  	335	0	0	0	0	0	0	1124	0	

100 us: Info: MONITOR: Molecule: 	SAD_16_HW_01	was used	307	since in last timeframe
100 us: Info: MONITOR: Molecule: 	SATD_4x4_HW_06	was used	1180	since in last timeframe
100 us: Info: MONITOR:    SI usages in last timeframe  	307	0	0	0	0	0	0	1180	0	

150 us: Info: MONITOR: Molecule: 	SAD_16_HW_01	was used	296	since in last timeframe
150 us: Info: MONITOR: Molecule: 	SATD_4x4_HW_06	was used	1202	since in last timeframe
150 us: Info: MONITOR:    SI usages in last timeframe  	296	0	0	0	0	0	0	1202	0	

200 us: Info: MONITOR: Molecule: 	SAD_16_HW_01	was used	335	since in last timeframe
200 us: Info: MONITOR: Molecule: 	SATD_4x4_HW_06	was used	1127	since in last timeframe
200 us: Info: MONITOR:    SI usages in last timeframe  	335	0	0	0	0	0	0	1127	0	

250 us: Info: MONITOR: Molecule: 	SAD_16_HW_01	was used	268	since in last timeframe
250 us: Info: MONITOR: Molecule: 	SATD_4x4_HW_06	was used	1255	since in last timeframe
250 us: Info: MONITOR:    SI usages in last timeframe  	268	0	0	0	0	0	0	1255	0	

300 us: Info: MONITOR: Molecule: 	SAD_16_HW_01	was used	335	since in last timeframe
300 us: Info: MONITOR: Molecule: 	SATD_4x4_HW_06	was used	1128	since in last timeframe
300 us: Info: MONITOR:    SI usages in last timeframe  	335	0	0	0	0	0	0	1128	0	

350 us: Info: MONITOR: Molecule: 	SAD_16_HW_01	was used	309	since in last timeframe
350 us: Info: MONITOR: Molecule: 	SATD_4x4_HW_06	was used	1176	since in last timeframe
350 us: Info: MONITOR:    SI usages in last timeframe  	309	0	0	0	0	0	0	1176	0	

400 us: Info: MONITOR: Molecule: 	SAD_16_HW_01	was used	294	since in last timeframe
400 us: Info: MONITOR: Molecule: 	SATD_4x4_HW_06	was used	1206	since in last timeframe
400 us: Info: MONITOR:    SI usages in last timeframe  	294	0	0	0	0	0	0	1206	0	

450 us: Info: MONITOR: Molecule: 	SAD_16_HW_01	was used	335	since in last timeframe
450 us: Info: MONITOR: Molecule: 	SATD_4x4_HW_06	was used	1127	since in last timeframe
450 us: Info: MONITOR:    SI usages in last timeframe  	335	0	0	0	0	0	0	1127	0	

500 us: Info: MONITOR: Molecule: 	SAD_16_HW_01	was used	269	since in last timeframe
500 us: Info: MONITOR: Molecule: 	SATD_4x4_HW_06	was used	1251	since in last timeframe
500 us: Info: MONITOR:    SI usages in last timeframe  	269	0	0	0	0	0	0	1251	0	

550 us: Info: MONITOR: Molecule: 	SAD_16_HW_01	was used	334	since in last timeframe
550 us: Info: MONITOR: Molecule: 	SATD_4x4_HW_06	was used	1132	since in last timeframe
550 us: Info: MONITOR:    SI usages in last timeframe  	334	0	0	0	0	0	0	1132	0	

600 us: Info: MONITOR: Molecule: 	SAD_16_HW_01	was used	311	since in last timeframe
600 us: Info: MONITOR: Molecule: 	SATD_4x4_HW_06	was used	1172	since in last timeframe
600 us: Info: MONITOR:    SI usages in last timeframe  	311	0	0	0	0	0	0	1172	0	

650 us: Info: MONITOR: Molecule: 	SAD_16_HW_01	was used	292	since in last timeframe
650 us: Info: MONITOR: Molecule: 	SATD_4x4_HW_06	was used	1210	since in last timeframe
650 us: Info: MONITOR:    SI usages in last timeframe  	292	0	0	0	0	0	0	1210	0	

700 us: Info: MONITOR: Molecule: 	SAD_16_HW_01	was used	335	since in last timeframe
700 us: Info: MONITOR: Molecule: 	SATD_4x4_HW_06	was used	1126	since in last timeframe
700 us: Info: MONITOR:    SI usages in last timeframe  	335	0	0	0	0	0	0	1126	0	

750 us: Info: MONITOR: Molecule: 	SAD_16_HW_01	was used	271	since in last timeframe
750 us: Info: MONITOR: Molecule: 	SATD_4x4_HW_06	was used	1248	since in last timeframe
750 us: Info: MONITOR:    SI usages in last timeframe  	271	0	0	0	0	0	0	1248	0	

800 us: Info: MONITOR: Molecule: 	SAD_16_HW_01	was used	332	since in last timeframe
800 us: Info: MONITOR: Molecule: 	SATD_4x4_HW_06	was used	1136	since in last timeframe
800 us: Info: MONITOR:    SI usages in last timeframe  	332	0	0	0	0	0	0	1136	0	

850 us: Info: MONITOR: Molecule: 	SAD_16_HW_01	was used	313	since in last timeframe
850 us: Info: MONITOR: Molecule: 	SATD_4x4_HW_06	was used	1168	since in last timeframe
850 us: Info: MONITOR:    SI usages in last timeframe  	313	0	0	0	0	0	0	1168	0	

900 us: Info: MONITOR: Molecule: 	SAD_16_HW_01	was used	290	since in last timeframe
900 us: Info: MONITOR: Molecule: 	SATD_4x4_HW_06	was used	1214	since in last timeframe
900 us: Info: MONITOR:    SI usages in last timeframe  	290	0	0	0	0	0	0	1214	0	

950 us: Info: MONITOR: Molecule: 	SAD_16_HW_01	was used	335	since in last timeframe
950 us: Info: MONITOR: Molecule: 	SATD_4x4_HW_06	was used	1126	since in last timeframe
950 us: Info: MONITOR:    SI usages in last timeframe  	335	0	0	0	0	0	0	1126	0	

1 ms: Info: MONITOR: Molecule: 	SAD_16_HW_01	was used	273	since in last timeframe
1 ms: Info: MONITOR: Molecule: 	SATD_4x4_HW_06	was used	1244	since in last timeframe
1 ms: Info: MONITOR:    SI usages in last timeframe  	273	0	0	0	0	0	0	1244	0	

1050 us: Info: MONITOR: Molecule: 	SAD_16_HW_01	was used	330	since in last timeframe
1050 us: Info: MONITOR: Molecule: 	SATD_4x4_HW_06	was used	1139	since in last timeframe
1050 us: Info: MONITOR:    SI usages in last timeframe  	330	0	0	0	0	0	0	1139	0	

1100 us: Info: MONITOR: Molecule: 	SAD_16_HW_01	was used	134	since in last timeframe
1100 us: Info: MONITOR: Molecule: 	HT_2X2_HW_00	was used	100	since in last timeframe
1100 us: Info: MONITOR: Molecule: 	MC_Hz4_HW_02	was used	672	since in last timeframe
1100 us: Info: MONITOR: Molecule: 	SATD_4x4_HW_06	was used	653	since in last timeframe
1100 us: Info: MONITOR: Molecule: 	DCT_4x4_HW_06	was used	312	since in last timeframe
1100 us: Info: MONITOR:    SI usages in last timeframe  	134	100	0	672	0	0	0	653	312	

1150 us: Info: MONITOR: Molecule: 	HT_2X2_HW_00	was used	220	since in last timeframe
1150 us: Info: MONITOR: Molecule: 	MC_Hz4_HW_02	was used	1344	since in last timeframe
1150 us: Info: MONITOR: Molecule: 	DCT_4x4_HW_06	was used	671	since in last timeframe
1150 us: Info: MONITOR:    SI usages in last timeframe  	0	220	0	1344	0	0	0	0	671	

1200 us: Info: MONITOR: Molecule: 	HT_2X2_HW_00	was used	224	since in last timeframe
1200 us: Info: MONITOR: Molecule: 	MC_Hz4_HW_02	was used	1344	since in last timeframe
1200 us: Info: MONITOR: Molecule: 	DCT_4x4_HW_06	was used	667	since in last timeframe
1200 us: Info: MONITOR:    SI usages in last timeframe  	0	224	0	1344	0	0	0	0	667	

1250 us: Info: MONITOR: Molecule: 	HT_2X2_HW_00	was used	224	since in last timeframe
1250 us: Info: MONITOR: Molecule: 	MC_Hz4_HW_02	was used	1344	since in last timeframe
1250 us: Info: MONITOR: Molecule: 	DCT_4x4_HW_06	was used	667	since in last timeframe
1250 us: Info: MONITOR:    SI usages in last timeframe  	0	224	0	1344	0	0	0	0	667	

1300 us: Info: MONITOR: Molecule: 	HT_2X2_HW_00	was used	224	since in last timeframe
1300 us: Info: MONITOR: Molecule: 	MC_Hz4_HW_02	was used	1344	since in last timeframe
1300 us: Info: MONITOR: Molecule: 	DCT_4x4_HW_06	was used	667	since in last timeframe
1300 us: Info: MONITOR:    SI usages in last timeframe  	0	224	0	1344	0	0	0	0	667	

1350 us: Info: MONITOR: Molecule: 	HT_2X2_HW_00	was used	224	since in last timeframe
1350 us: Info: MONITOR: Molecule: 	HT_4X4_HW_04	was used	2	since in last timeframe
1350 us: Info: MONITOR: Molecule: 	MC_Hz4_HW_02	was used	1213	since in last timeframe
1350 us: Info: MONITOR: Molecule: 	IPred_HDC16x16_SW	was used	8	since in last timeframe
1350 us: Info: MONITOR: Molecule: 	IPred_VDC16x16_SW	was used	8	since in last timeframe
1350 us: Info: MONITOR: Molecule: 	DCT_4x4_HW_06	was used	664	since in last timeframe
1350 us: Info: MONITOR:    SI usages in last timeframe  	0	224	2	1213	8	8	0	0	664	

1400 us: Info: MONITOR: Molecule: 	HT_2X2_HW_00	was used	224	since in last timeframe
1400 us: Info: MONITOR: Molecule: 	MC_Hz4_HW_02	was used	1338	since in last timeframe
1400 us: Info: MONITOR: Molecule: 	DCT_4x4_HW_06	was used	672	since in last timeframe
1400 us: Info: MONITOR:    SI usages in last timeframe  	0	224	0	1338	0	0	0	0	672	

1450 us: Info: MONITOR: Molecule: 	HT_2X2_HW_00	was used	144	since in last timeframe
1450 us: Info: MONITOR: Molecule: 	MC_Hz4_HW_02	was used	809	since in last timeframe
1450 us: Info: MONITOR: Molecule: 	LF_BS_4_4_HW_01	was used	810	since in last timeframe
1450 us: Info: MONITOR: Molecule: 	DCT_4x4_HW_06	was used	432	since in last timeframe
1450 us: Info: MONITOR:    SI usages in last timeframe  	0	144	0	809	0	0	810	0	432	

1500 us: Info: MONITOR: Molecule: 	LF_BS_4_4_HW_01	was used	2139	since in last timeframe
1500 us: Info: MONITOR:    SI usages in last timeframe  	0	0	0	0	0	0	2139	0	0	

1550 us: Info: MONITOR: Molecule: 	SAD_16_HW_01	was used	292	since in last timeframe
1550 us: Info: MONITOR: Molecule: 	LF_BS_4_4_HW_01	was used	219	since in last timeframe
1550 us: Info: MONITOR: Molecule: 	SATD_4x4_HW_06	was used	1024	since in last timeframe
1550 us: Info: MONITOR:    SI usages in last timeframe  	292	0	0	0	0	0	219	1024	0	

1600 us: Info: MONITOR: Molecule: 	SAD_16_HW_01	was used	311	since in last timeframe
1600 us: Info: MONITOR: Molecule: 	SATD_4x4_HW_06	was used	1175	since in last timeframe
1600 us: Info: MONITOR:    SI usages in last timeframe  	311	0	0	0	0	0	0	1175	0	

1650 us: Info: MONITOR: Molecule: 	SAD_16_HW_01	was used	334	since in last timeframe
1650 us: Info: MONITOR: Molecule: 	SATD_4x4_HW_06	was used	1129	since in last timeframe
1650 us: Info: MONITOR:    SI usages in last timeframe  	334	0	0	0	0	0	0	1129	0	

1700 us: Info: MONITOR: Molecule: 	SAD_16_HW_01	was used	269	since in last timeframe
1700 us: Info: MONITOR: Molecule: 	SATD_4x4_HW_06	was used	1254	since in last timeframe
1700 us: Info: MONITOR:    SI usages in last timeframe  	269	0	0	0	0	0	0	1254	0	

1750 us: Info: MONITOR: Molecule: 	SAD_16_HW_01	was used	335	since in last timeframe
1750 us: Info: MONITOR: Molecule: 	SATD_4x4_HW_06	was used	1126	since in last timeframe
1750 us: Info: MONITOR:    SI usages in last timeframe  	335	0	0	0	0	0	0	1126	0	

1800 us: Info: MONITOR: Molecule: 	SAD_16_HW_01	was used	294	since in last timeframe
1800 us: Info: MONITOR: Molecule: 	SATD_4x4_HW_06	was used	1204	since in last timeframe
1800 us: Info: MONITOR:    SI usages in last timeframe  	294	0	0	0	0	0	0	1204	0	

1850 us: Info: MONITOR: Molecule: 	SAD_16_HW_01	was used	309	since in last timeframe
1850 us: Info: MONITOR: Molecule: 	SATD_4x4_HW_06	was used	1179	since in last timeframe
1850 us: Info: MONITOR:    SI usages in last timeframe  	309	0	0	0	0	0	0	1179	0	

1900 us: Info: MONITOR: Molecule: 	SAD_16_HW_01	was used	335	since in last timeframe
1900 us: Info: MONITOR: Molecule: 	SATD_4x4_HW_06	was used	1126	since in last timeframe
1900 us: Info: MONITOR:    SI usages in last timeframe  	335	0	0	0	0	0	0	1126	0	

1950 us: Info: MONITOR: Molecule: 	SAD_16_HW_01	was used	268	since in last timeframe
1950 us: Info: MONITOR: Molecule: 	SATD_4x4_HW_06	was used	1257	since in last timeframe
1950 us: Info: MONITOR:    SI usages in last timeframe  	268	0	0	0	0	0	0	1257	0	

2 ms: Info: MONITOR: Molecule: 	SAD_16_HW_01	was used	335	since in last timeframe
2 ms: Info: MONITOR: Molecule: 	SATD_4x4_HW_06	was used	1126	since in last timeframe
2 ms: Info: MONITOR:    SI usages in last timeframe  	335	0	0	0	0	0	0	1126	0	

2050 us: Info: MONITOR: Molecule: 	SAD_16_HW_01	was used	296	since in last timeframe
2050 us: Info: MONITOR: Molecule: 	SATD_4x4_HW_06	was used	1200	since in last timeframe
2050 us: Info: MONITOR:    SI usages in last timeframe  	296	0	0	0	0	0	0	1200	0	

2100 us: Info: MONITOR: Molecule: 	SAD_16_HW_01	was used	307	since in last timeframe
2100 us: Info: MONITOR: Molecule: 	SATD_4x4_HW_06	was used	1183	since in last timeframe
2100 us: Info: MONITOR:    SI usages in last timeframe  	307	0	0	0	0	0	0	1183	0	

2150 us: Info: MONITOR: Molecule: 	SAD_16_HW_01	was used	335	since in last timeframe
2150 us: Info: MONITOR: Molecule: 	SATD_4x4_HW_06	was used	1126	since in last timeframe
2150 us: Info: MONITOR:    SI usages in last timeframe  	335	0	0	0	0	0	0	1126	0	

2200 us: Info: MONITOR: Molecule: 	SAD_16_HW_01	was used	268	since in last timeframe
2200 us: Info: MONITOR: Molecule: 	SATD_4x4_HW_06	was used	1256	since in last timeframe
2200 us: Info: MONITOR:    SI usages in last timeframe  	268	0	0	0	0	0	0	1256	0	

2250 us: Info: MONITOR: Molecule: 	SAD_16_HW_01	was used	335	since in last timeframe
2250 us: Info: MONITOR: Molecule: 	SATD_4x4_HW_06	was used	1127	since in last timeframe
2250 us: Info: MONITOR:    SI usages in last timeframe  	335	0	0	0	0	0	0	1127	0	

2300 us: Info: MONITOR: Molecule: 	SAD_16_HW_01	was used	298	since in last timeframe
2300 us: Info: MONITOR: Molecule: 	SATD_4x4_HW_06	was used	1196	since in last timeframe
2300 us: Info: MONITOR:    SI usages in last timeframe  	298	0	0	0	0	0	0	1196	0	

2350 us: Info: MONITOR: Molecule: 	SAD_16_HW_01	was used	305	since in last timeframe
2350 us: Info: MONITOR: Molecule: 	SATD_4x4_HW_06	was used	1186	since in last timeframe
2350 us: Info: MONITOR:    SI usages in last timeframe  	305	0	0	0	0	0	0	1186	0	

2400 us: Info: MONITOR: Molecule: 	SAD_16_HW_01	was used	335	since in last timeframe
2400 us: Info: MONITOR: Molecule: 	SATD_4x4_HW_06	was used	1127	since in last timeframe
2400 us: Info: MONITOR:    SI usages in last timeframe  	335	0	0	0	0	0	0	1127	0	

2450 us: Info: MONITOR: Molecule: 	SAD_16_HW_01	was used	268	since in last timeframe
2450 us: Info: MONITOR: Molecule: 	SATD_4x4_HW_06	was used	1256	since in last timeframe
2450 us: Info: MONITOR:    SI usages in last timeframe  	268	0	0	0	0	0	0	1256	0	

2500 us: Info: MONITOR: Molecule: 	SAD_16_HW_01	was used	335	since in last timeframe
2500 us: Info: MONITOR: Molecule: 	SATD_4x4_HW_06	was used	1126	since in last timeframe
2500 us: Info: MONITOR:    SI usages in last timeframe  	335	0	0	0	0	0	0	1126	0	

2550 us: Info: MONITOR: Molecule: 	SAD_16_HW_01	was used	300	since in last timeframe
2550 us: Info: MONITOR: Molecule: 	SATD_4x4_HW_06	was used	1193	since in last timeframe
2550 us: Info: MONITOR:    SI usages in last timeframe  	300	0	0	0	0	0	0	1193	0	

2600 us: Info: MONITOR: Molecule: 	SAD_16_HW_01	was used	169	since in last timeframe
2600 us: Info: MONITOR: Molecule: 	HT_2X2_HW_00	was used	80	since in last timeframe
2600 us: Info: MONITOR: Molecule: 	MC_Hz4_HW_02	was used	534	since in last timeframe
2600 us: Info: MONITOR: Molecule: 	SATD_4x4_HW_06	was used	768	since in last timeframe
2600 us: Info: MONITOR: Molecule: 	DCT_4x4_HW_06	was used	240	since in last timeframe
2600 us: Info: MONITOR:    SI usages in last timeframe  	169	80	0	534	0	0	0	768	240	

2650 us: Info: MONITOR: Molecule: 	HT_2X2_HW_00	was used	224	since in last timeframe
2650 us: Info: MONITOR: Molecule: 	MC_Hz4_HW_02	was used	1338	since in last timeframe
2650 us: Info: MONITOR: Molecule: 	DCT_4x4_HW_06	was used	672	since in last timeframe
2650 us: Info: MONITOR:    SI usages in last timeframe  	0	224	0	1338	0	0	0	0	672	

2700 us: Info: MONITOR: Molecule: 	HT_2X2_HW_00	was used	224	since in last timeframe
2700 us: Info: MONITOR: Molecule: 	MC_Hz4_HW_02	was used	1338	since in last timeframe
2700 us: Info: MONITOR: Molecule: 	DCT_4x4_HW_06	was used	672	since in last timeframe
2700 us: Info: MONITOR:    SI usages in last timeframe  	0	224	0	1338	0	0	0	0	672	

2750 us: Info: MONITOR: Molecule: 	HT_2X2_HW_00	was used	224	since in last timeframe
2750 us: Info: MONITOR: Molecule: 	MC_Hz4_HW_02	was used	1338	since in last timeframe
2750 us: Info: MONITOR: Molecule: 	DCT_4x4_HW_06	was used	672	since in last timeframe
2750 us: Info: MONITOR:    SI usages in last timeframe  	0	224	0	1338	0	0	0	0	672	

2800 us: Info: MONITOR: Molecule: 	HT_2X2_HW_00	was used	224	since in last timeframe
2800 us: Info: MONITOR: Molecule: 	MC_Hz4_HW_02	was used	1338	since in last timeframe
2800 us: Info: MONITOR: Molecule: 	DCT_4x4_HW_06	was used	672	since in last timeframe
2800 us: Info: MONITOR:    SI usages in last timeframe  	0	224	0	1338	0	0	0	0	672	

2850 us: Info: MONITOR: Molecule: 	HT_2X2_HW_00	was used	224	since in last timeframe
2850 us: Info: MONITOR: Molecule: 	MC_Hz4_HW_02	was used	1338	since in last timeframe
2850 us: Info: MONITOR: Molecule: 	DCT_4x4_HW_06	was used	672	since in last timeframe
2850 us: Info: MONITOR:    SI usages in last timeframe  	0	224	0	1338	0	0	0	0	672	

2900 us: Info: MONITOR: Molecule: 	HT_2X2_HW_00	was used	224	since in last timeframe
2900 us: Info: MONITOR: Molecule: 	MC_Hz4_HW_02	was used	1338	since in last timeframe
2900 us: Info: MONITOR: Molecule: 	DCT_4x4_HW_06	was used	672	since in last timeframe
2900 us: Info: MONITOR:    SI usages in last timeframe  	0	224	0	1338	0	0	0	0	672	

2950 us: Info: MONITOR: Molecule: 	HT_2X2_HW_00	was used	160	since in last timeframe
2950 us: Info: MONITOR: Molecule: 	MC_Hz4_HW_02	was used	942	since in last timeframe
2950 us: Info: MONITOR: Molecule: 	LF_BS_4_4_HW_01	was used	625	since in last timeframe
2950 us: Info: MONITOR: Molecule: 	DCT_4x4_HW_06	was used	480	since in last timeframe
2950 us: Info: MONITOR:    SI usages in last timeframe  	0	160	0	942	0	0	625	0	480	

3 ms: Info: MONITOR: Molecule: 	LF_BS_4_4_HW_01	was used	2138	since in last timeframe
3 ms: Info: MONITOR:    SI usages in last timeframe  	0	0	0	0	0	0	2138	0	0	

3050 us: Info: MONITOR: Molecule: 	SAD_16_HW_01	was used	268	since in last timeframe
3050 us: Info: MONITOR: Molecule: 	LF_BS_4_4_HW_01	was used	405	since in last timeframe
3050 us: Info: MONITOR: Molecule: 	SATD_4x4_HW_06	was used	919	since in last timeframe
3050 us: Info: MONITOR:    SI usages in last timeframe  	268	0	0	0	0	0	405	919	0	

3100 us: Info: MONITOR: Molecule: 	SAD_16_HW_01	was used	334	since in last timeframe
3100 us: Info: MONITOR: Molecule: 	SATD_4x4_HW_06	was used	1129	since in last timeframe
3100 us: Info: MONITOR:    SI usages in last timeframe  	334	0	0	0	0	0	0	1129	0	

3150 us: Info: MONITOR: Molecule: 	SAD_16_HW_01	was used	269	since in last timeframe
3150 us: Info: MONITOR: Molecule: 	SATD_4x4_HW_06	was used	1253	since in last timeframe
3150 us: Info: MONITOR:    SI usages in last timeframe  	269	0	0	0	0	0	0	1253	0	

3200 us: Info: MONITOR: Molecule: 	SAD_16_HW_01	was used	335	since in last timeframe
3200 us: Info: MONITOR: Molecule: 	SATD_4x4_HW_06	was used	1127	since in last timeframe
3200 us: Info: MONITOR:    SI usages in last timeframe  	335	0	0	0	0	0	0	1127	0	

3250 us: Info: MONITOR: Molecule: 	SAD_16_HW_01	was used	294	since in last timeframe
3250 us: Info: MONITOR: Molecule: 	SATD_4x4_HW_06	was used	1204	since in last timeframe
3250 us: Info: MONITOR:    SI usages in last timeframe  	294	0	0	0	0	0	0	1204	0	

3300 us: Info: MONITOR: Molecule: 	SAD_16_HW_01	was used	309	since in last timeframe
3300 us: Info: MONITOR: Molecule: 	SATD_4x4_HW_06	was used	1179	since in last timeframe
3300 us: Info: MONITOR:    SI usages in last timeframe  	309	0	0	0	0	0	0	1179	0	

3350 us: Info: MONITOR: Molecule: 	SAD_16_HW_01	was used	335	since in last timeframe
3350 us: Info: MONITOR: Molecule: 	SATD_4x4_HW_06	was used	1126	since in last timeframe
3350 us: Info: MONITOR:    SI usages in last timeframe  	335	0	0	0	0	0	0	1126	0	

3400 us: Info: MONITOR: Molecule: 	SAD_16_HW_01	was used	268	since in last timeframe
3400 us: Info: MONITOR: Molecule: 	SATD_4x4_HW_06	was used	1256	since in last timeframe
3400 us: Info: MONITOR:    SI usages in last timeframe  	268	0	0	0	0	0	0	1256	0	

3450 us: Info: MONITOR: Molecule: 	SAD_16_HW_01	was used	335	since in last timeframe
3450 us: Info: MONITOR: Molecule: 	SATD_4x4_HW_06	was used	1127	since in last timeframe
3450 us: Info: MONITOR:    SI usages in last timeframe  	335	0	0	0	0	0	0	1127	0	

3500 us: Info: MONITOR: Molecule: 	SAD_16_HW_01	was used	296	since in last timeframe
3500 us: Info: MONITOR: Molecule: 	SATD_4x4_HW_06	was used	1200	since in last timeframe
3500 us: Info: MONITOR:    SI usages in last timeframe  	296	0	0	0	0	0	0	1200	0	

3550 us: Info: MONITOR: Molecule: 	SAD_16_HW_01	was used	307	since in last timeframe
3550 us: Info: MONITOR: Molecule: 	SATD_4x4_HW_06	was used	1183	since in last timeframe
3550 us: Info: MONITOR:    SI usages in last timeframe  	307	0	0	0	0	0	0	1183	0	

3600 us: Info: MONITOR: Molecule: 	SAD_16_HW_01	was used	335	since in last timeframe
3600 us: Info: MONITOR: Molecule: 	SATD_4x4_HW_06	was used	1126	since in last timeframe
3600 us: Info: MONITOR:    SI usages in last timeframe  	335	0	0	0	0	0	0	1126	0	

3650 us: Info: MONITOR: Molecule: 	SAD_16_HW_01	was used	268	since in last timeframe
3650 us: Info: MONITOR: Molecule: 	SATD_4x4_HW_06	was used	1256	since in last timeframe
3650 us: Info: MONITOR:    SI usages in last timeframe  	268	0	0	0	0	0	0	1256	0	

3700 us: Info: MONITOR: Molecule: 	SAD_16_HW_01	was used	335	since in last timeframe
3700 us: Info: MONITOR: Molecule: 	SATD_4x4_HW_06	was used	1126	since in last timeframe
3700 us: Info: MONITOR:    SI usages in last timeframe  	335	0	0	0	0	0	0	1126	0	

3750 us: Info: MONITOR: Molecule: 	SAD_16_HW_01	was used	298	since in last timeframe
3750 us: Info: MONITOR: Molecule: 	SATD_4x4_HW_06	was used	1197	since in last timeframe
3750 us: Info: MONITOR:    SI usages in last timeframe  	298	0	0	0	0	0	0	1197	0	

3800 us: Info: MONITOR: Molecule: 	SAD_16_HW_01	was used	305	since in last timeframe
3800 us: Info: MONITOR: Molecule: 	SATD_4x4_HW_06	was used	1186	since in last timeframe
3800 us: Info: MONITOR:    SI usages in last timeframe  	305	0	0	0	0	0	0	1186	0	

3850 us: Info: MONITOR: Molecule: 	SAD_16_HW_01	was used	335	since in last timeframe
3850 us: Info: MONITOR: Molecule: 	SATD_4x4_HW_06	was used	1127	since in last timeframe
3850 us: Info: MONITOR:    SI usages in last timeframe  	335	0	0	0	0	0	0	1127	0	

3900 us: Info: MONITOR: Molecule: 	SAD_16_HW_01	was used	268	since in last timeframe
3900 us: Info: MONITOR: Molecule: 	SATD_4x4_HW_06	was used	1255	since in last timeframe
3900 us: Info: MONITOR:    SI usages in last timeframe  	268	0	0	0	0	0	0	1255	0	

3950 us: Info: MONITOR: Molecule: 	SAD_16_HW_01	was used	335	since in last timeframe
3950 us: Info: MONITOR: Molecule: 	SATD_4x4_HW_06	was used	1127	since in last timeframe
3950 us: Info: MONITOR:    SI usages in last timeframe  	335	0	0	0	0	0	0	1127	0	

4 ms: Info: MONITOR: Molecule: 	SAD_16_HW_01	was used	300	since in last timeframe
4 ms: Info: MONITOR: Molecule: 	SATD_4x4_HW_06	was used	1193	since in last timeframe
4 ms: Info: MONITOR:    SI usages in last timeframe  	300	0	0	0	0	0	0	1193	0	

4050 us: Info: MONITOR: Molecule: 	SAD_16_HW_01	was used	303	since in last timeframe
4050 us: Info: MONITOR: Molecule: 	SATD_4x4_HW_06	was used	1190	since in last timeframe
4050 us: Info: MONITOR:    SI usages in last timeframe  	303	0	0	0	0	0	0	1190	0	

4100 us: Info: MONITOR: Molecule: 	SAD_16_HW_01	was used	201	since in last timeframe
4100 us: Info: MONITOR: Molecule: 	HT_2X2_HW_00	was used	64	since in last timeframe
4100 us: Info: MONITOR: Molecule: 	MC_Hz4_HW_02	was used	400	since in last timeframe
4100 us: Info: MONITOR: Molecule: 	SATD_4x4_HW_06	was used	858	since in last timeframe
4100 us: Info: MONITOR: Molecule: 	DCT_4x4_HW_06	was used	192	since in last timeframe
4100 us: Info: MONITOR:    SI usages in last timeframe  	201	64	0	400	0	0	0	858	192	

4150 us: Info: MONITOR: Molecule: 	HT_2X2_HW_00	was used	224	since in last timeframe
4150 us: Info: MONITOR: Molecule: 	MC_Hz4_HW_02	was used	1338	since in last timeframe
4150 us: Info: MONITOR: Molecule: 	DCT_4x4_HW_06	was used	672	since in last timeframe
4150 us: Info: MONITOR:    SI usages in last timeframe  	0	224	0	1338	0	0	0	0	672	

4200 us: Info: MONITOR: Molecule: 	HT_2X2_HW_00	was used	224	since in last timeframe
4200 us: Info: MONITOR: Molecule: 	MC_Hz4_HW_02	was used	1338	since in last timeframe
4200 us: Info: MONITOR: Molecule: 	DCT_4x4_HW_06	was used	672	since in last timeframe
4200 us: Info: MONITOR:    SI usages in last timeframe  	0	224	0	1338	0	0	0	0	672	

4250 us: Info: MONITOR: Molecule: 	HT_2X2_HW_00	was used	224	since in last timeframe
4250 us: Info: MONITOR: Molecule: 	MC_Hz4_HW_02	was used	1340	since in last timeframe
4250 us: Info: MONITOR: Molecule: 	DCT_4x4_HW_06	was used	672	since in last timeframe
4250 us: Info: MONITOR:    SI usages in last timeframe  	0	224	0	1340	0	0	0	0	672	

4300 us: Info: MONITOR: Molecule: 	HT_2X2_HW_00	was used	222	since in last timeframe
4300 us: Info: MONITOR: Molecule: 	MC_Hz4_HW_02	was used	1344	since in last timeframe
4300 us: Info: MONITOR: Molecule: 	DCT_4x4_HW_06	was used	672	since in last timeframe
4300 us: Info: MONITOR:    SI usages in last timeframe  	0	222	0	1344	0	0	0	0	672	

4350 us: Info: MONITOR: Molecule: 	HT_2X2_HW_00	was used	219	since in last timeframe
4350 us: Info: MONITOR: Molecule: 	MC_Hz4_HW_02	was used	1344	since in last timeframe
4350 us: Info: MONITOR: Molecule: 	DCT_4x4_HW_06	was used	672	since in last timeframe
4350 us: Info: MONITOR:    SI usages in last timeframe  	0	219	0	1344	0	0	0	0	672	

4400 us: Info: MONITOR: Molecule: 	HT_2X2_HW_00	was used	223	since in last timeframe
4400 us: Info: MONITOR: Molecule: 	MC_Hz4_HW_02	was used	1344	since in last timeframe
4400 us: Info: MONITOR: Molecule: 	DCT_4x4_HW_06	was used	668	since in last timeframe
4400 us: Info: MONITOR:    SI usages in last timeframe  	0	223	0	1344	0	0	0	0	668	

4450 us: Info: MONITOR: Molecule: 	HT_2X2_HW_00	was used	184	since in last timeframe
4450 us: Info: MONITOR: Molecule: 	MC_Hz4_HW_02	was used	1056	since in last timeframe
4450 us: Info: MONITOR: Molecule: 	LF_BS_4_4_HW_01	was used	439	since in last timeframe
4450 us: Info: MONITOR: Molecule: 	DCT_4x4_HW_06	was used	532	since in last timeframe
4450 us: Info: MONITOR:    SI usages in last timeframe  	0	184	0	1056	0	0	439	0	532	

4500 us: Info: MONITOR: Molecule: 	LF_BS_4_4_HW_01	was used	2139	since in last timeframe
4500 us: Info: MONITOR:    SI usages in last timeframe  	0	0	0	0	0	0	2139	0	0	

4550 us: Info: MONITOR: Molecule: 	SAD_16_HW_01	was used	267	since in last timeframe
4550 us: Info: MONITOR: Molecule: 	LF_BS_4_4_HW_01	was used	590	since in last timeframe
4550 us: Info: MONITOR: Molecule: 	SATD_4x4_HW_06	was used	768	since in last timeframe
4550 us: Info: MONITOR:    SI usages in last timeframe  	267	0	0	0	0	0	590	768	0	

4600 us: Info: MONITOR: Molecule: 	SAD_16_HW_01	was used	269	since in last timeframe
4600 us: Info: MONITOR: Molecule: 	SATD_4x4_HW_06	was used	1253	since in last timeframe
4600 us: Info: MONITOR:    SI usages in last timeframe  	269	0	0	0	0	0	0	1253	0	

4650 us: Info: MONITOR: Molecule: 	SAD_16_HW_01	was used	335	since in last timeframe
4650 us: Info: MONITOR: Molecule: 	SATD_4x4_HW_06	was used	1127	since in last timeframe
4650 us: Info: MONITOR:    SI usages in last timeframe  	335	0	0	0	0	0	0	1127	0	

4700 us: Info: MONITOR: Molecule: 	SAD_16_HW_01	was used	294	since in last timeframe
4700 us: Info: MONITOR: Molecule: 	SATD_4x4_HW_06	was used	1204	since in last timeframe
4700 us: Info: MONITOR:    SI usages in last timeframe  	294	0	0	0	0	0	0	1204	0	

4750 us: Info: MONITOR: Molecule: 	SAD_16_HW_01	was used	309	since in last timeframe
4750 us: Info: MONITOR: Molecule: 	SATD_4x4_HW_06	was used	1178	since in last timeframe
4750 us: Info: MONITOR:    SI usages in last timeframe  	309	0	0	0	0	0	0	1178	0	

4800 us: Info: MONITOR: Molecule: 	SAD_16_HW_01	was used	335	since in last timeframe
4800 us: Info: MONITOR: Molecule: 	SATD_4x4_HW_06	was used	1127	since in last timeframe
4800 us: Info: MONITOR:    SI usages in last timeframe  	335	0	0	0	0	0	0	1127	0	

4850 us: Info: MONITOR: Molecule: 	SAD_16_HW_01	was used	268	since in last timeframe
4850 us: Info: MONITOR: Molecule: 	SATD_4x4_HW_06	was used	1256	since in last timeframe
4850 us: Info: MONITOR:    SI usages in last timeframe  	268	0	0	0	0	0	0	1256	0	

4900 us: Info: MONITOR: Molecule: 	SAD_16_HW_01	was used	335	since in last timeframe
4900 us: Info: MONITOR: Molecule: 	SATD_4x4_HW_06	was used	1127	since in last timeframe
4900 us: Info: MONITOR:    SI usages in last timeframe  	335	0	0	0	0	0	0	1127	0	

4950 us: Info: MONITOR: Molecule: 	SAD_16_HW_01	was used	296	since in last timeframe
4950 us: Info: MONITOR: Molecule: 	SATD_4x4_HW_06	was used	1200	since in last timeframe
4950 us: Info: MONITOR:    SI usages in last timeframe  	296	0	0	0	0	0	0	1200	0	

5 ms: Info: MONITOR: Molecule: 	SAD_16_HW_01	was used	307	since in last timeframe
5 ms: Info: MONITOR: Molecule: 	SATD_4x4_HW_06	was used	1182	since in last timeframe
5 ms: Info: MONITOR:    SI usages in last timeframe  	307	0	0	0	0	0	0	1182	0	

5050 us: Info: MONITOR: Molecule: 	SAD_16_HW_01	was used	335	since in last timeframe
5050 us: Info: MONITOR: Molecule: 	SATD_4x4_HW_06	was used	1127	since in last timeframe
5050 us: Info: MONITOR:    SI usages in last timeframe  	335	0	0	0	0	0	0	1127	0	

5100 us: Info: MONITOR: Molecule: 	SAD_16_HW_01	was used	268	since in last timeframe
5100 us: Info: MONITOR: Molecule: 	SATD_4x4_HW_06	was used	1256	since in last timeframe
5100 us: Info: MONITOR:    SI usages in last timeframe  	268	0	0	0	0	0	0	1256	0	

5150 us: Info: MONITOR: Molecule: 	SAD_16_HW_01	was used	335	since in last timeframe
5150 us: Info: MONITOR: Molecule: 	SATD_4x4_HW_06	was used	1126	since in last timeframe
5150 us: Info: MONITOR:    SI usages in last timeframe  	335	0	0	0	0	0	0	1126	0	

5200 us: Info: MONITOR: Molecule: 	SAD_16_HW_01	was used	298	since in last timeframe
5200 us: Info: MONITOR: Molecule: 	SATD_4x4_HW_06	was used	1197	since in last timeframe
5200 us: Info: MONITOR:    SI usages in last timeframe  	298	0	0	0	0	0	0	1197	0	

5250 us: Info: MONITOR: Molecule: 	SAD_16_HW_01	was used	305	since in last timeframe
5250 us: Info: MONITOR: Molecule: 	SATD_4x4_HW_06	was used	1186	since in last timeframe
5250 us: Info: MONITOR:    SI usages in last timeframe  	305	0	0	0	0	0	0	1186	0	

5300 us: Info: MONITOR: Molecule: 	SAD_16_HW_01	was used	335	since in last timeframe
5300 us: Info: MONITOR: Molecule: 	SATD_4x4_HW_06	was used	1126	since in last timeframe
5300 us: Info: MONITOR:    SI usages in last timeframe  	335	0	0	0	0	0	0	1126	0	

5350 us: Info: MONITOR: Molecule: 	SAD_16_HW_01	was used	268	since in last timeframe
5350 us: Info: MONITOR: Molecule: 	SATD_4x4_HW_06	was used	1256	since in last timeframe
5350 us: Info: MONITOR:    SI usages in last timeframe  	268	0	0	0	0	0	0	1256	0	

5400 us: Info: MONITOR: Molecule: 	SAD_16_HW_01	was used	335	since in last timeframe
5400 us: Info: MONITOR: Molecule: 	SATD_4x4_HW_06	was used	1127	since in last timeframe
5400 us: Info: MONITOR:    SI usages in last timeframe  	335	0	0	0	0	0	0	1127	0	

5450 us: Info: MONITOR: Molecule: 	SAD_16_HW_01	was used	300	since in last timeframe
5450 us: Info: MONITOR: Molecule: 	SATD_4x4_HW_06	was used	1193	since in last timeframe
5450 us: Info: MONITOR:    SI usages in last timeframe  	300	0	0	0	0	0	0	1193	0	

5500 us: Info: MONITOR: Molecule: 	SAD_16_HW_01	was used	303	since in last timeframe
5500 us: Info: MONITOR: Molecule: 	SATD_4x4_HW_06	was used	1189	since in last timeframe
5500 us: Info: MONITOR:    SI usages in last timeframe  	303	0	0	0	0	0	0	1189	0	

5550 us: Info: MONITOR: Molecule: 	SAD_16_HW_01	was used	335	since in last timeframe
5550 us: Info: MONITOR: Molecule: 	SATD_4x4_HW_06	was used	1127	since in last timeframe
5550 us: Info: MONITOR:    SI usages in last timeframe  	335	0	0	0	0	0	0	1127	0	

5600 us: Info: MONITOR: Molecule: 	SAD_16_HW_01	was used	201	since in last timeframe
5600 us: Info: MONITOR: Molecule: 	HT_2X2_HW_00	was used	40	since in last timeframe
5600 us: Info: MONITOR: Molecule: 	MC_Hz4_HW_02	was used	288	since in last timeframe
5600 us: Info: MONITOR: Molecule: 	SATD_4x4_HW_06	was used	1012	since in last timeframe
5600 us: Info: MONITOR: Molecule: 	DCT_4x4_HW_06	was used	138	since in last timeframe
5600 us: Info: MONITOR:    SI usages in last timeframe  	201	40	0	288	0	0	0	1012	138	

5650 us: Info: MONITOR: Molecule: 	HT_2X2_HW_00	was used	216	since in last timeframe
5650 us: Info: MONITOR: Molecule: 	HT_4X4_HW_04	was used	2	since in last timeframe
5650 us: Info: MONITOR: Molecule: 	MC_Hz4_HW_02	was used	1248	since in last timeframe
5650 us: Info: MONITOR: Molecule: 	IPred_HDC16x16_SW	was used	8	since in last timeframe
5650 us: Info: MONITOR: Molecule: 	IPred_VDC16x16_SW	was used	8	since in last timeframe
5650 us: Info: MONITOR: Molecule: 	DCT_4x4_HW_06	was used	644	since in last timeframe
5650 us: Info: MONITOR:    SI usages in last timeframe  	0	216	2	1248	8	8	0	0	644	

5700 us: Info: MONITOR: Molecule: 	HT_2X2_HW_00	was used	224	since in last timeframe
5700 us: Info: MONITOR: Molecule: 	MC_Hz4_HW_02	was used	1344	since in last timeframe
5700 us: Info: MONITOR: Molecule: 	DCT_4x4_HW_06	was used	667	since in last timeframe
5700 us: Info: MONITOR:    SI usages in last timeframe  	0	224	0	1344	0	0	0	0	667	

5750 us: Info: MONITOR: Molecule: 	HT_2X2_HW_00	was used	224	since in last timeframe
5750 us: Info: MONITOR: Molecule: 	MC_Hz4_HW_02	was used	1344	since in last timeframe
5750 us: Info: MONITOR: Molecule: 	DCT_4x4_HW_06	was used	667	since in last timeframe
5750 us: Info: MONITOR:    SI usages in last timeframe  	0	224	0	1344	0	0	0	0	667	

5800 us: Info: MONITOR: Molecule: 	HT_2X2_HW_00	was used	224	since in last timeframe
5800 us: Info: MONITOR: Molecule: 	MC_Hz4_HW_02	was used	1343	since in last timeframe
5800 us: Info: MONITOR: Molecule: 	DCT_4x4_HW_06	was used	668	since in last timeframe
5800 us: Info: MONITOR:    SI usages in last timeframe  	0	224	0	1343	0	0	0	0	668	

5850 us: Info: MONITOR: Molecule: 	HT_2X2_HW_00	was used	224	since in last timeframe
5850 us: Info: MONITOR: Molecule: 	MC_Hz4_HW_02	was used	1338	since in last timeframe
5850 us: Info: MONITOR: Molecule: 	DCT_4x4_HW_06	was used	672	since in last timeframe
5850 us: Info: MONITOR:    SI usages in last timeframe  	0	224	0	1338	0	0	0	0	672	

5900 us: Info: MONITOR: Molecule: 	HT_2X2_HW_00	was used	224	since in last timeframe
5900 us: Info: MONITOR: Molecule: 	MC_Hz4_HW_02	was used	1338	since in last timeframe
5900 us: Info: MONITOR: Molecule: 	DCT_4x4_HW_06	was used	672	since in last timeframe
5900 us: Info: MONITOR:    SI usages in last timeframe  	0	224	0	1338	0	0	0	0	672	

5950 us: Info: MONITOR: Molecule: 	HT_2X2_HW_00	was used	208	since in last timeframe
5950 us: Info: MONITOR: Molecule: 	MC_Hz4_HW_02	was used	1165	since in last timeframe
5950 us: Info: MONITOR: Molecule: 	LF_BS_4_4_HW_01	was used	221	since in last timeframe
5950 us: Info: MONITOR: Molecule: 	DCT_4x4_HW_06	was used	624	since in last timeframe
5950 us: Info: MONITOR:    SI usages in last timeframe  	0	208	0	1165	0	0	221	0	624	

6 ms: Info: MONITOR: Molecule: 	LF_BS_4_4_HW_01	was used	2139	since in last timeframe
6 ms: Info: MONITOR:    SI usages in last timeframe  	0	0	0	0	0	0	2139	0	0	

6050 us: Info: MONITOR: Molecule: 	SAD_16_HW_01	was used	201	since in last timeframe
6050 us: Info: MONITOR: Molecule: 	LF_BS_4_4_HW_01	was used	808	since in last timeframe
6050 us: Info: MONITOR: Molecule: 	SATD_4x4_HW_06	was used	714	since in last timeframe
6050 us: Info: MONITOR:    SI usages in last timeframe  	201	0	0	0	0	0	808	714	0	

6100 us: Info: MONITOR: Molecule: 	SAD_16_HW_01	was used	335	since in last timeframe
6100 us: Info: MONITOR: Molecule: 	SATD_4x4_HW_06	was used	1126	since in last timeframe
6100 us: Info: MONITOR:    SI usages in last timeframe  	335	0	0	0	0	0	0	1126	0	

6150 us: Info: MONITOR: Molecule: 	SAD_16_HW_01	was used	279	since in last timeframe
6150 us: Info: MONITOR: Molecule: 	SATD_4x4_HW_06	was used	1232	since in last timeframe
6150 us: Info: MONITOR:    SI usages in last timeframe  	279	0	0	0	0	0	0	1232	0	

6200 us: Info: MONITOR: Molecule: 	SAD_16_HW_01	was used	324	since in last timeframe
6200 us: Info: MONITOR: Molecule: 	SATD_4x4_HW_06	was used	1151	since in last timeframe
6200 us: Info: MONITOR:    SI usages in last timeframe  	324	0	0	0	0	0	0	1151	0	

6250 us: Info: MONITOR: Molecule: 	SAD_16_HW_01	was used	321	since in last timeframe
6250 us: Info: MONITOR: Molecule: 	SATD_4x4_HW_06	was used	1153	since in last timeframe
6250 us: Info: MONITOR:    SI usages in last timeframe  	321	0	0	0	0	0	0	1153	0	

6300 us: Info: MONITOR: Molecule: 	SAD_16_HW_01	was used	282	since in last timeframe
6300 us: Info: MONITOR: Molecule: 	SATD_4x4_HW_06	was used	1230	since in last timeframe
6300 us: Info: MONITOR:    SI usages in last timeframe  	282	0	0	0	0	0	0	1230	0	

6350 us: Info: MONITOR: Molecule: 	SAD_16_HW_01	was used	335	since in last timeframe
6350 us: Info: MONITOR: Molecule: 	SATD_4x4_HW_06	was used	1126	since in last timeframe
6350 us: Info: MONITOR:    SI usages in last timeframe  	335	0	0	0	0	0	0	1126	0	

6400 us: Info: MONITOR: Molecule: 	SAD_16_HW_01	was used	281	since in last timeframe
6400 us: Info: MONITOR: Molecule: 	SATD_4x4_HW_06	was used	1228	since in last timeframe
6400 us: Info: MONITOR:    SI usages in last timeframe  	281	0	0	0	0	0	0	1228	0	

6450 us: Info: MONITOR: Molecule: 	SAD_16_HW_01	was used	322	since in last timeframe
6450 us: Info: MONITOR: Molecule: 	SATD_4x4_HW_06	was used	1154	since in last timeframe
6450 us: Info: MONITOR:    SI usages in last timeframe  	322	0	0	0	0	0	0	1154	0	

6500 us: Info: MONITOR: Molecule: 	SAD_16_HW_01	was used	323	since in last timeframe
6500 us: Info: MONITOR: Molecule: 	SATD_4x4_HW_06	was used	1150	since in last timeframe
6500 us: Info: MONITOR:    SI usages in last timeframe  	323	0	0	0	0	0	0	1150	0	

6550 us: Info: MONITOR: Molecule: 	SAD_16_HW_01	was used	280	since in last timeframe
6550 us: Info: MONITOR: Molecule: 	SATD_4x4_HW_06	was used	1233	since in last timeframe
6550 us: Info: MONITOR:    SI usages in last timeframe  	280	0	0	0	0	0	0	1233	0	

6600 us: Info: MONITOR: Molecule: 	SAD_16_HW_01	was used	335	since in last timeframe
6600 us: Info: MONITOR: Molecule: 	SATD_4x4_HW_06	was used	1127	since in last timeframe
6600 us: Info: MONITOR:    SI usages in last timeframe  	335	0	0	0	0	0	0	1127	0	

6650 us: Info: MONITOR: Molecule: 	SAD_16_HW_01	was used	283	since in last timeframe
6650 us: Info: MONITOR: Molecule: 	SATD_4x4_HW_06	was used	1224	since in last timeframe
6650 us: Info: MONITOR:    SI usages in last timeframe  	283	0	0	0	0	0	0	1224	0	

6700 us: Info: MONITOR: Molecule: 	SAD_16_HW_01	was used	320	since in last timeframe
6700 us: Info: MONITOR: Molecule: 	SATD_4x4_HW_06	was used	1158	since in last timeframe
6700 us: Info: MONITOR:    SI usages in last timeframe  	320	0	0	0	0	0	0	1158	0	

6750 us: Info: MONITOR: Molecule: 	SAD_16_HW_01	was used	325	since in last timeframe
6750 us: Info: MONITOR: Molecule: 	SATD_4x4_HW_06	was used	1146	since in last timeframe
6750 us: Info: MONITOR:    SI usages in last timeframe  	325	0	0	0	0	0	0	1146	0	

6800 us: Info: MONITOR: Molecule: 	SAD_16_HW_01	was used	278	since in last timeframe
6800 us: Info: MONITOR: Molecule: 	SATD_4x4_HW_06	was used	1237	since in last timeframe
6800 us: Info: MONITOR:    SI usages in last timeframe  	278	0	0	0	0	0	0	1237	0	

6850 us: Info: MONITOR: Molecule: 	SAD_16_HW_01	was used	335	since in last timeframe
6850 us: Info: MONITOR: Molecule: 	SATD_4x4_HW_06	was used	1127	since in last timeframe
6850 us: Info: MONITOR:    SI usages in last timeframe  	335	0	0	0	0	0	0	1127	0	

6900 us: Info: MONITOR: Molecule: 	SAD_16_HW_01	was used	285	since in last timeframe
6900 us: Info: MONITOR: Molecule: 	SATD_4x4_HW_06	was used	1220	since in last timeframe
6900 us: Info: MONITOR:    SI usages in last timeframe  	285	0	0	0	0	0	0	1220	0	

6950 us: Info: MONITOR: Molecule: 	SAD_16_HW_01	was used	318	since in last timeframe
6950 us: Info: MONITOR: Molecule: 	SATD_4x4_HW_06	was used	1162	since in last timeframe
6950 us: Info: MONITOR:    SI usages in last timeframe  	318	0	0	0	0	0	0	1162	0	

7 ms: Info: MONITOR: Molecule: 	SAD_16_HW_01	was used	327	since in last timeframe
7 ms: Info: MONITOR: Molecule: 	SATD_4x4_HW_06	was used	1142	since in last timeframe
7 ms: Info: MONITOR:    SI usages in last timeframe  	327	0	0	0	0	0	0	1142	0	

7050 us: Info: MONITOR: Molecule: 	SAD_16_HW_01	was used	276	since in last timeframe
7050 us: Info: MONITOR: Molecule: 	SATD_4x4_HW_06	was used	1241	since in last timeframe
7050 us: Info: MONITOR:    SI usages in last timeframe  	276	0	0	0	0	0	0	1241	0	

7100 us: Info: MONITOR: Molecule: 	SAD_16_HW_01	was used	268	since in last timeframe
7100 us: Info: MONITOR: Molecule: 	HT_2X2_HW_00	was used	16	since in last timeframe
7100 us: Info: MONITOR: Molecule: 	MC_Hz4_HW_02	was used	177	since in last timeframe
7100 us: Info: MONITOR: Molecule: 	SATD_4x4_HW_06	was used	1063	since in last timeframe
7100 us: Info: MONITOR: Molecule: 	DCT_4x4_HW_06	was used	48	since in last timeframe
7100 us: Info: MONITOR:    SI usages in last timeframe  	268	16	0	177	0	0	0	1063	48	

7150 us: Info: MONITOR: Molecule: 	HT_2X2_HW_00	was used	224	since in last timeframe
7150 us: Info: MONITOR: Molecule: 	MC_Hz4_HW_02	was used	1338	since in last timeframe
7150 us: Info: MONITOR: Molecule: 	DCT_4x4_HW_06	was used	672	since in last timeframe
7150 us: Info: MONITOR:    SI usages in last timeframe  	0	224	0	1338	0	0	0	0	672	

7200 us: Info: MONITOR: Molecule: 	HT_2X2_HW_00	was used	224	since in last timeframe
7200 us: Info: MONITOR: Molecule: 	MC_Hz4_HW_02	was used	1338	since in last timeframe
7200 us: Info: MONITOR: Molecule: 	DCT_4x4_HW_06	was used	672	since in last timeframe
7200 us: Info: MONITOR:    SI usages in last timeframe  	0	224	0	1338	0	0	0	0	672	

7250 us: Info: MONITOR: Molecule: 	HT_2X2_HW_00	was used	224	since in last timeframe
7250 us: Info: MONITOR: Molecule: 	MC_Hz4_HW_02	was used	1338	since in last timeframe
7250 us: Info: MONITOR: Molecule: 	DCT_4x4_HW_06	was used	672	since in last timeframe
7250 us: Info: MONITOR:    SI usages in last timeframe  	0	224	0	1338	0	0	0	0	672	

7300 us: Info: MONITOR: Molecule: 	HT_2X2_HW_00	was used	224	since in last timeframe
7300 us: Info: MONITOR: Molecule: 	MC_Hz4_HW_02	was used	1338	since in last timeframe
7300 us: Info: MONITOR: Molecule: 	DCT_4x4_HW_06	was used	672	since in last timeframe
7300 us: Info: MONITOR:    SI usages in last timeframe  	0	224	0	1338	0	0	0	0	672	

7350 us: Info: MONITOR: Molecule: 	HT_2X2_HW_00	was used	224	since in last timeframe
7350 us: Info: MONITOR: Molecule: 	MC_Hz4_HW_02	was used	1338	since in last timeframe
7350 us: Info: MONITOR: Molecule: 	DCT_4x4_HW_06	was used	672	since in last timeframe
7350 us: Info: MONITOR:    SI usages in last timeframe  	0	224	0	1338	0	0	0	0	672	

7400 us: Info: MONITOR: Molecule: 	HT_2X2_HW_00	was used	224	since in last timeframe
7400 us: Info: MONITOR: Molecule: 	MC_Hz4_HW_02	was used	1338	since in last timeframe
7400 us: Info: MONITOR: Molecule: 	DCT_4x4_HW_06	was used	672	since in last timeframe
7400 us: Info: MONITOR:    SI usages in last timeframe  	0	224	0	1338	0	0	0	0	672	

7450 us: Info: MONITOR: Molecule: 	HT_2X2_HW_00	was used	224	since in last timeframe
7450 us: Info: MONITOR: Molecule: 	MC_Hz4_HW_02	was used	1299	since in last timeframe
7450 us: Info: MONITOR: Molecule: 	LF_BS_4_4_HW_01	was used	35	since in last timeframe
7450 us: Info: MONITOR: Molecule: 	DCT_4x4_HW_06	was used	672	since in last timeframe
7450 us: Info: MONITOR:    SI usages in last timeframe  	0	224	0	1299	0	0	35	0	672	

7500 us: Info: MONITOR: Molecule: 	LF_BS_4_4_HW_01	was used	2140	since in last timeframe
7500 us: Info: MONITOR:    SI usages in last timeframe  	0	0	0	0	0	0	2140	0	0	

7523288 ns: Info: RotationsManager: 
TOTAL: Branches              308284
       Fetch Stalls:         4444304
       Decode Stalls:        0
       EXE Stage Stalls:     67490
       Load/Store Stalls:    50703
       Write Back Stalls:    0
       Cycles (total):       7523288
       Instructions fetched: 2960791

7523288 ns: Info: RotationsManager: Gesamtdauer: 20.64 Sekunden.
7523288 ns: Info: RotationsManager: Cleaning up Pipeline

7523288 ns: Info: MONITOR: 
PREDICTION TABLE
Node       | Backups    | E    | Insns      | Function Type Predictions                                                                                 |
0x290      |          0 | 0.00 | 6633.0	1584.0	2.0	9420.0	7.0	7.0	3168.0	25344.0	4752.0	



SETTINGS
  + slots:              17
  + time per atom:      10
  + TD prediction       
    - lambda:           0.0
    - gamma:            0.0
    - alpha:            0.0
    - e_min:            0.0

CYCLE COUNT
  + fastest possible:   7234105
  + slowest possible:   264515021
  + this run:           7523289
    - cycles saved (%): 256991732 (97.2 %)
    - cycles lost (%) : 289184 (4.0 %)
  + basic ops:          2824216
  + ad-hoc stalls:      0
    - tot. # specops:   0

EXECUTION COUNT
  + forecast bursts:    1
  + specop execs:       254769
    - HW executions:    254737
    - SW executions:    32
    - coverage:         100.0 %

ATOM SWAP-IN / SWAP-OUT
  + swap-ins:           17
  + swap-out:           0

BRANCH AND BOUND
  + tot. # possible:    653184
  + tot. # checked:     206
  + checked %:          0.0 %

COUNTS PER 10000 INSTRUCTIONS
fb: forecast bursts
#SI: total # of Special Instructions
#hw: # executed HW-Molecules
#sw: # executed SW-Molecules
la: loaded atoms (finish time [cycle])
s-out: swapped-out atoms
cycle	fb	#SI	#hw	#sw	la	s-out	possible	checked	adhoc_w	adhoc_t
29524	1	857	857	0	atom_SAD4(83) atom_SAD4(133) atom_QuadSub(113) atom_PackLSBMSB(103) atom_PackLSBMSB(153) atom_PackLSBMSB(183) atom_PackLSBMSB(193) atom_Transform(93) atom_Transform(143) atom_Transform(163) atom_Transform(173) atom_SATD(123) atom_BytePack(223) atom_PointFilter(203) atom_Clip3(213) atom_Cond(63) atom_LF(73) 	 	653184	206	0
59152	0	864	864	0	 	 	0	0	0
88417	0	888	888	0	 	 	0	0	0
117791	0	880	880	0	 	 	0	0	0
147401	0	863	863	0	 	 	0	0	0
176927	0	871	871	0	 	 	0	0	0
206057	0	898	898	0	 	 	0	0	0
235668	0	863	863	0	 	 	0	0	0
265296	0	864	864	0	 	 	0	0	0
294484	0	891	891	0	 	 	0	0	0
323917	0	876	876	0	 	 	0	0	0
353545	0	864	864	0	 	 	0	0	0
382994	0	874	874	0	 	 	0	0	0
412166	0	893	893	0	 	 	0	0	0
441794	0	864	864	0	 	 	0	0	0
471387	0	863	863	0	 	 	0	0	0
500550	0	896	896	0	 	 	0	0	0
530061	0	873	873	0	 	 	0	0	0
559654	0	862	862	0	 	 	0	0	0
589060	0	879	879	0	 	 	0	0	0
618310	0	890	890	0	 	 	0	0	0
647921	0	863	863	0	 	 	0	0	0
677531	0	863	863	0	 	 	0	0	0
706616	0	900	900	0	 	 	0	0	0
736187	0	869	869	0	 	 	0	0	0
765798	0	863	863	0	 	 	0	0	0
795126	0	882	882	0	 	 	0	0	0
824454	0	887	887	0	 	 	0	0	0
854047	0	862	862	0	 	 	0	0	0
883636	0	865	865	0	 	 	0	0	0
912703	0	904	904	0	 	 	0	0	0
942296	0	862	862	0	 	 	0	0	0
971924	0	864	864	0	 	 	0	0	0
1001192	0	886	886	0	 	 	0	0	0
1030563	0	882	882	0	 	 	0	0	0
1060191	0	864	864	0	 	 	0	0	0
1085064	0	906	906	0	 	 	0	0	0
1105229	0	895	895	0	 	 	0	0	0
1125393	0	904	904	0	 	 	0	0	0
1145533	0	902	902	0	 	 	0	0	0
1165697	0	894	894	0	 	 	0	0	0
1185902	0	910	910	0	 	 	0	0	0
1206011	0	897	897	0	 	 	0	0	0
1226158	0	899	899	0	 	 	0	0	0
1246356	0	907	907	0	 	 	0	0	0
1266489	0	895	895	0	 	 	0	0	0
1286686	0	904	904	0	 	 	0	0	0
1306793	0	902	902	0	 	 	0	0	0
1329374	0	897	881	16	 	 	0	0	0
1349523	0	895	895	0	 	 	0	0	0
1369703	0	904	904	0	 	 	0	0	0
1389827	0	902	902	0	 	 	0	0	0
1410001	0	895	895	0	 	 	0	0	0
1430170	0	907	907	0	 	 	0	0	0
1445564	0	655	655	0	 	 	0	0	0
1460800	0	652	652	0	 	 	0	0	0
1476029	0	651	651	0	 	 	0	0	0
1491265	0	652	652	0	 	 	0	0	0
1508039	0	645	645	0	 	 	0	0	0
1537207	0	897	897	0	 	 	0	0	0
1566800	0	862	862	0	 	 	0	0	0
1596428	0	864	864	0	 	 	0	0	0
1625595	0	893	893	0	 	 	0	0	0
1655049	0	875	875	0	 	 	0	0	0
1684695	0	864	864	0	 	 	0	0	0
1714105	0	875	875	0	 	 	0	0	0
1743316	0	892	892	0	 	 	0	0	0
1772944	0	864	864	0	 	 	0	0	0
1802572	0	864	864	0	 	 	0	0	0
1831661	0	897	897	0	 	 	0	0	0
1861193	0	870	870	0	 	 	0	0	0
1890821	0	864	864	0	 	 	0	0	0
1920171	0	880	880	0	 	 	0	0	0
1949460	0	888	888	0	 	 	0	0	0
1979088	0	864	864	0	 	 	0	0	0
2008681	0	862	862	0	 	 	0	0	0
2037763	0	902	902	0	 	 	0	0	0
2067337	0	867	867	0	 	 	0	0	0
2096930	0	862	862	0	 	 	0	0	0
2126273	0	885	885	0	 	 	0	0	0
2155586	0	884	884	0	 	 	0	0	0
2185179	0	863	863	0	 	 	0	0	0
2214783	0	867	867	0	 	 	0	0	0
2243853	0	902	902	0	 	 	0	0	0
2273446	0	862	862	0	 	 	0	0	0
2303074	0	864	864	0	 	 	0	0	0
2332339	0	888	888	0	 	 	0	0	0
2361713	0	880	880	0	 	 	0	0	0
2391323	0	863	863	0	 	 	0	0	0
2420849	0	871	871	0	 	 	0	0	0
2449979	0	898	898	0	 	 	0	0	0
2479590	0	863	863	0	 	 	0	0	0
2509218	0	864	864	0	 	 	0	0	0
2538406	0	891	891	0	 	 	0	0	0
2567839	0	876	876	0	 	 	0	0	0
2592031	0	891	891	0	 	 	0	0	0
2612231	0	909	909	0	 	 	0	0	0
2632335	0	897	897	0	 	 	0	0	0
2652491	0	900	900	0	 	 	0	0	0
2672676	0	906	906	0	 	 	0	0	0
2692813	0	895	895	0	 	 	0	0	0
2713005	0	904	904	0	 	 	0	0	0
2733117	0	902	902	0	 	 	0	0	0
2753291	0	895	895	0	 	 	0	0	0
2773441	0	906	906	0	 	 	0	0	0
2793595	0	900	900	0	 	 	0	0	0
2813759	0	894	894	0	 	 	0	0	0
2833969	0	912	912	0	 	 	0	0	0
2854073	0	895	895	0	 	 	0	0	0
2874298	0	904	904	0	 	 	0	0	0
2894377	0	902	902	0	 	 	0	0	0
2914551	0	895	895	0	 	 	0	0	0
2934699	0	904	904	0	 	 	0	0	0
2950060	0	654	654	0	 	 	0	0	0
2965296	0	652	652	0	 	 	0	0	0
2980525	0	651	651	0	 	 	0	0	0
2995761	0	652	652	0	 	 	0	0	0
3012738	0	645	645	0	 	 	0	0	0
3041828	0	900	900	0	 	 	0	0	0
3071456	0	864	864	0	 	 	0	0	0
3101049	0	862	862	0	 	 	0	0	0
3130294	0	890	890	0	 	 	0	0	0
3159705	0	880	880	0	 	 	0	0	0
3189316	0	862	862	0	 	 	0	0	0
3218804	0	872	872	0	 	 	0	0	0
3247972	0	897	897	0	 	 	0	0	0
3277565	0	862	862	0	 	 	0	0	0
3307193	0	864	864	0	 	 	0	0	0
3336360	0	893	893	0	 	 	0	0	0
3365814	0	874	874	0	 	 	0	0	0
3395442	0	864	864	0	 	 	0	0	0
3424870	0	876	876	0	 	 	0	0	0
3454081	0	892	892	0	 	 	0	0	0
3483709	0	864	864	0	 	 	0	0	0
3513337	0	864	864	0	 	 	0	0	0
3542426	0	896	896	0	 	 	0	0	0
3571958	0	871	871	0	 	 	0	0	0
3601586	0	864	864	0	 	 	0	0	0
3630936	0	879	879	0	 	 	0	0	0
3660207	0	888	888	0	 	 	0	0	0
3689835	0	865	865	0	 	 	0	0	0
3719446	0	862	862	0	 	 	0	0	0
3748492	0	902	902	0	 	 	0	0	0
3778102	0	867	867	0	 	 	0	0	0
3807695	0	862	862	0	 	 	0	0	0
3837002	0	885	885	0	 	 	0	0	0
3866351	0	884	884	0	 	 	0	0	0
3895944	0	862	862	0	 	 	0	0	0
3925512	0	868	868	0	 	 	0	0	0
3954600	0	902	902	0	 	 	0	0	0
3984211	0	862	862	0	 	 	0	0	0
4013839	0	864	864	0	 	 	0	0	0
4043104	0	888	888	0	 	 	0	0	0
4072478	0	880	880	0	 	 	0	0	0
4096571	0	890	890	0	 	 	0	0	0
4116709	0	905	905	0	 	 	0	0	0
4136885	0	902	902	0	 	 	0	0	0
4157049	0	894	894	0	 	 	0	0	0
4177257	0	911	911	0	 	 	0	0	0
4197363	0	896	896	0	 	 	0	0	0
4217569	0	903	903	0	 	 	0	0	0
4237658	0	903	903	0	 	 	0	0	0
4257831	0	894	894	0	 	 	0	0	0
4278001	0	905	905	0	 	 	0	0	0
4298145	0	902	902	0	 	 	0	0	0
4318309	0	894	894	0	 	 	0	0	0
4338519	0	910	910	0	 	 	0	0	0
4358623	0	897	897	0	 	 	0	0	0
4378774	0	899	899	0	 	 	0	0	0
4398950	0	907	907	0	 	 	0	0	0
4419091	0	894	894	0	 	 	0	0	0
4439293	0	905	905	0	 	 	0	0	0
4454556	0	650	650	0	 	 	0	0	0
4469785	0	651	651	0	 	 	0	0	0
4485021	0	652	652	0	 	 	0	0	0
4500257	0	652	652	0	 	 	0	0	0
4517436	0	645	645	0	 	 	0	0	0
4546449	0	903	903	0	 	 	0	0	0
4576077	0	864	864	0	 	 	0	0	0
4605705	0	864	864	0	 	 	0	0	0
4634993	0	885	885	0	 	 	0	0	0
4664326	0	883	883	0	 	 	0	0	0
4693972	0	864	864	0	 	 	0	0	0
4723503	0	867	867	0	 	 	0	0	0
4752593	0	900	900	0	 	 	0	0	0
4782221	0	864	864	0	 	 	0	0	0
4811814	0	862	862	0	 	 	0	0	0
4841059	0	890	890	0	 	 	0	0	0
4870470	0	879	879	0	 	 	0	0	0
4900063	0	862	862	0	 	 	0	0	0
4929569	0	873	873	0	 	 	0	0	0
4958737	0	897	897	0	 	 	0	0	0
4988330	0	862	862	0	 	 	0	0	0
5017958	0	864	864	0	 	 	0	0	0
5047125	0	893	893	0	 	 	0	0	0
5076579	0	874	874	0	 	 	0	0	0
5106207	0	864	864	0	 	 	0	0	0
5135635	0	876	876	0	 	 	0	0	0
5164846	0	892	892	0	 	 	0	0	0
5194456	0	864	864	0	 	 	0	0	0
5224102	0	864	864	0	 	 	0	0	0
5253191	0	896	896	0	 	 	0	0	0
5282723	0	871	871	0	 	 	0	0	0
5312351	0	864	864	0	 	 	0	0	0
5341701	0	879	879	0	 	 	0	0	0
5370972	0	888	888	0	 	 	0	0	0
5400600	0	864	864	0	 	 	0	0	0
5430193	0	862	862	0	 	 	0	0	0
5459257	0	902	902	0	 	 	0	0	0
5488867	0	868	868	0	 	 	0	0	0
5518460	0	862	862	0	 	 	0	0	0
5547767	0	884	884	0	 	 	0	0	0
5577116	0	885	885	0	 	 	0	0	0
5601121	0	890	890	0	 	 	0	0	0
5621289	0	905	905	0	 	 	0	0	0
5643898	0	896	880	16	 	 	0	0	0
5663991	0	903	903	0	 	 	0	0	0
5684165	0	895	895	0	 	 	0	0	0
5704321	0	904	904	0	 	 	0	0	0
5724469	0	902	902	0	 	 	0	0	0
5744633	0	894	894	0	 	 	0	0	0
5764852	0	911	911	0	 	 	0	0	0
5784947	0	896	896	0	 	 	0	0	0
5805107	0	900	900	0	 	 	0	0	0
5825284	0	906	906	0	 	 	0	0	0
5845425	0	895	895	0	 	 	0	0	0
5865613	0	904	904	0	 	 	0	0	0
5885729	0	902	902	0	 	 	0	0	0
5905893	0	894	894	0	 	 	0	0	0
5926057	0	907	907	0	 	 	0	0	0
5945824	0	876	876	0	 	 	0	0	0
5961060	0	652	652	0	 	 	0	0	0
5976289	0	651	651	0	 	 	0	0	0
5991525	0	652	652	0	 	 	0	0	0
6006761	0	652	652	0	 	 	0	0	0
6025104	0	675	675	0	 	 	0	0	0
6054614	0	869	869	0	 	 	0	0	0
6083725	0	898	898	0	 	 	0	0	0
6113353	0	865	865	0	 	 	0	0	0
6142999	0	864	864	0	 	 	0	0	0
6172170	0	890	890	0	 	 	0	0	0
6201620	0	877	877	0	 	 	0	0	0
6231248	0	864	864	0	 	 	0	0	0
6260680	0	873	873	0	 	 	0	0	0
6289869	0	894	894	0	 	 	0	0	0
6319497	0	864	864	0	 	 	0	0	0
6349090	0	862	862	0	 	 	0	0	0
6378272	0	896	896	0	 	 	0	0	0
6407764	0	874	874	0	 	 	0	0	0
6437357	0	862	862	0	 	 	0	0	0
6466782	0	878	878	0	 	 	0	0	0
6496013	0	891	891	0	 	 	0	0	0
6525606	0	862	862	0	 	 	0	0	0
6555234	0	864	864	0	 	 	0	0	0
6584338	0	899	899	0	 	 	0	0	0
6613855	0	868	868	0	 	 	0	0	0
6643483	0	865	865	0	 	 	0	0	0
6672848	0	881	881	0	 	 	0	0	0
6702122	0	886	886	0	 	 	0	0	0
6731750	0	864	864	0	 	 	0	0	0
6761358	0	864	864	0	 	 	0	0	0
6790371	0	903	903	0	 	 	0	0	0
6819999	0	864	864	0	 	 	0	0	0
6849627	0	864	864	0	 	 	0	0	0
6878915	0	885	885	0	 	 	0	0	0
6908248	0	883	883	0	 	 	0	0	0
6937894	0	864	864	0	 	 	0	0	0
6967425	0	867	867	0	 	 	0	0	0
6996515	0	900	900	0	 	 	0	0	0
7026143	0	864	864	0	 	 	0	0	0
7055736	0	862	862	0	 	 	0	0	0
7084981	0	890	890	0	 	 	0	0	0
7108119	0	904	904	0	 	 	0	0	0
7128237	0	898	898	0	 	 	0	0	0
7148379	0	899	899	0	 	 	0	0	0
7168572	0	907	907	0	 	 	0	0	0
7188705	0	894	894	0	 	 	0	0	0
7208902	0	904	904	0	 	 	0	0	0
7229019	0	903	903	0	 	 	0	0	0
7249183	0	894	894	0	 	 	0	0	0
7269329	0	906	906	0	 	 	0	0	0
7289497	0	901	901	0	 	 	0	0	0
7309661	0	894	894	0	 	 	0	0	0
7329865	0	911	911	0	 	 	0	0	0
7349965	0	895	895	0	 	 	0	0	0
7370185	0	904	904	0	 	 	0	0	0
7390279	0	903	903	0	 	 	0	0	0
7410443	0	894	894	0	 	 	0	0	0
7430595	0	905	905	0	 	 	0	0	0
7450320	0	874	874	0	 	 	0	0	0
7465556	0	652	652	0	 	 	0	0	0
7480785	0	651	651	0	 	 	0	0	0
7496021	0	652	652	0	 	 	0	0	0
7511258	0	652	652	0	 	 	0	0	0
ATOMS
  atom_SAD4	needed/available: 2/2 swap-in/swap-out: 2/0 --> SAD_16_HW_01 
  atom_QuadSub	needed/available: 1/1 swap-in/swap-out: 1/0 --> SATD_4x4_HW_06 DCT_4x4_HW_06 
  atom_PackLSBMSB	needed/available: 4/4 swap-in/swap-out: 4/0 --> HT_4X4_HW_04 SATD_4x4_HW_06 DCT_4x4_HW_06 
  atom_Transform	needed/available: 4/4 swap-in/swap-out: 4/0 --> HT_2X2_HW_00 HT_4X4_HW_04 SATD_4x4_HW_06 DCT_4x4_HW_06 
  atom_SATD	needed/available: 1/1 swap-in/swap-out: 1/0 --> SATD_4x4_HW_06 
  atom_BytePack	needed/available: 1/1 swap-in/swap-out: 1/0 --> MC_Hz4_HW_02 
  atom_PointFilter	needed/available: 1/1 swap-in/swap-out: 1/0 --> MC_Hz4_HW_02 
  atom_Clip3	needed/available: 1/1 swap-in/swap-out: 1/0 --> MC_Hz4_HW_02 
  atom_CollapseAdd	needed/available: 0/0 swap-in/swap-out: 0/0 
  atom_PackLBytes	needed/available: 0/0 swap-in/swap-out: 0/0 
  atom_Cond	needed/available: 1/1 swap-in/swap-out: 1/0 --> LF_BS_4_4_HW_01 
  atom_LF	needed/available: 1/1 swap-in/swap-out: 1/0 --> LF_BS_4_4_HW_01 
MOLECULES
  <0>	*SAD_16_HW_00        : 1x[atom_SAD4]  (L, Execs)=	68	0
  <0>	*SAD_16_HW_01        : 2x[atom_SAD4]  (L, Execs)=	37	33165
  <0>	*SAD_16_SW           :  (L, Execs)=	4673	0
  <1>	*HT_2X2_HW_00        : 1x[atom_Transform]  (L, Execs)=	5	7920
  <1>	*HT_2X2_SW           :  (L, Execs)=	100	0
  <2>	*HT_4X4_HW_00        : 1x[atom_Transform]  (L, Execs)=	104	0
  <2>	*HT_4X4_HW_01        : 1x[atom_PackLSBMSB] 1x[atom_Transform]  (L, Execs)=	16	0
  <2>	*HT_4X4_HW_02        : 1x[atom_PackLSBMSB] 2x[atom_Transform]  (L, Execs)=	14	0
  <2>	*HT_4X4_HW_03        : 2x[atom_PackLSBMSB] 2x[atom_Transform]  (L, Execs)=	10	0
  <2>	*HT_4X4_HW_04        : 4x[atom_PackLSBMSB] 4x[atom_Transform]  (L, Execs)=	8	4
  <2>	*HT_4X4_SW           :  (L, Execs)=	298	0
  <3>	*MC_Hz4_HW_00        : 1x[atom_PointFilter]  (L, Execs)=	103	0
  <3>	*MC_Hz4_HW_01        : 1x[atom_PointFilter] 1x[atom_Clip3]  (L, Execs)=	26	0
  <3>	*MC_Hz4_HW_02        : 1x[atom_BytePack] 1x[atom_PointFilter] 1x[atom_Clip3]  (L, Execs)=	11	47328
  <3>	 MC_Hz4_HW_03        : 2x[atom_BytePack] 1x[atom_PointFilter] 1x[atom_Clip3]  (L, Execs)=	10	0
  <3>	 MC_Hz4_HW_04        : 2x[atom_BytePack] 2x[atom_PointFilter] 2x[atom_Clip3]  (L, Execs)=	9	0
  <3>	 MC_Hz4_HW_05        : 3x[atom_BytePack] 2x[atom_PointFilter] 2x[atom_Clip3]  (L, Execs)=	8	0
  <3>	*MC_Hz4_SW           :  (L, Execs)=	215	0
  <4>	 IPred_HDC16x16_HW_00: 1x[atom_PackLBytes]  (L, Execs)=	53	0
  <4>	 IPred_HDC16x16_HW_01: 1x[atom_CollapseAdd] 1x[atom_PackLBytes]  (L, Execs)=	22	0
  <4>	*IPred_HDC16x16_SW   :  (L, Execs)=	249	16
  <5>	 IPred_VDC16x16_HW_00: 1x[atom_CollapseAdd]  (L, Execs)=	7	0
  <5>	 IPred_VDC16x16_HW_01: 2x[atom_CollapseAdd]  (L, Execs)=	6	0
  <5>	*IPred_VDC16x16_SW   :  (L, Execs)=	69	16
  <6>	*LF_BS_4_4_HW_00     : 1x[atom_Cond]  (L, Execs)=	428	0
  <6>	*LF_BS_4_4_HW_01     : 1x[atom_Cond] 1x[atom_LF]  (L, Execs)=	9	15840
  <6>	 LF_BS_4_4_HW_02     : 2x[atom_Cond] 2x[atom_LF]  (L, Execs)=	8	0
  <6>	*LF_BS_4_4_SW        :  (L, Execs)=	960	0
  <7>	*SATD_4x4_HW_00      : 1x[atom_Transform]  (L, Execs)=	350	0
  <7>	*SATD_4x4_HW_01      : 1x[atom_PackLSBMSB] 1x[atom_Transform]  (L, Execs)=	294	0
  <7>	*SATD_4x4_HW_02      : 1x[atom_QuadSub] 1x[atom_PackLSBMSB] 1x[atom_Transform]  (L, Execs)=	186	0
  <7>	*SATD_4x4_HW_03      : 1x[atom_QuadSub] 1x[atom_PackLSBMSB] 1x[atom_Transform] 1x[atom_SATD]  (L, Execs)=	22	0
  <7>	*SATD_4x4_HW_04      : 1x[atom_QuadSub] 1x[atom_PackLSBMSB] 2x[atom_Transform] 1x[atom_SATD]  (L, Execs)=	21	0
  <7>	 SATD_4x4_HW_05      : 1x[atom_QuadSub] 2x[atom_PackLSBMSB] 2x[atom_Transform] 2x[atom_SATD]  (L, Execs)=	20	0
  <7>	*SATD_4x4_HW_06      : 1x[atom_QuadSub] 4x[atom_PackLSBMSB] 4x[atom_Transform] 1x[atom_SATD]  (L, Execs)=	19	126720
  <7>	 SATD_4x4_HW_07      : 1x[atom_QuadSub] 4x[atom_PackLSBMSB] 4x[atom_Transform] 2x[atom_SATD]  (L, Execs)=	18	0
  <7>	*SATD_4x4_SW         :  (L, Execs)=	544	0
  <8>	*DCT_4x4_HW_00       : 1x[atom_Transform]  (L, Execs)=	216	0
  <8>	*DCT_4x4_HW_01       : 1x[atom_PackLSBMSB] 1x[atom_Transform]  (L, Execs)=	160	0
  <8>	*DCT_4x4_HW_02       : 1x[atom_QuadSub] 1x[atom_PackLSBMSB] 1x[atom_Transform]  (L, Execs)=	21	0
  <8>	*DCT_4x4_HW_03       : 1x[atom_QuadSub] 1x[atom_PackLSBMSB] 2x[atom_Transform]  (L, Execs)=	19	0
  <8>	*DCT_4x4_HW_04       : 1x[atom_QuadSub] 2x[atom_PackLSBMSB] 2x[atom_Transform]  (L, Execs)=	18	0
  <8>	*DCT_4x4_HW_05       : 1x[atom_QuadSub] 2x[atom_PackLSBMSB] 4x[atom_Transform]  (L, Execs)=	16	0
  <8>	*DCT_4x4_HW_06       : 1x[atom_QuadSub] 4x[atom_PackLSBMSB] 4x[atom_Transform]  (L, Execs)=	15	23760
  <8>	*DCT_4x4_SW          :  (L, Execs)=	488	0

The asterisk indicates the currently available Molecules (maybe multiple) for each Special Instruction

