****** Source Program List ******
LineNo	LC	Code		Source Program 
1				.section	.data
2			L1:
3	0000	48		.data.8	72
4	0001	65		.data.8	101
5	0002	6c		.data.8	108
6	0003	6c		.data.8	108
7	0004	6f		.data.8	111
8	0005	20		.data.8	32
9	0006	57		.data.8	87
10	0007	6f		.data.8	111
11	0008	72		.data.8	114
12	0009	6c		.data.8	108
13	000a	64		.data.8	100
14	000b	21		.data.8	33
15	000c	00		.space	1
16	000d	00		.space	1
17				.section	.text
18				.addressing	Word
19				.section	.text
20				.addressing	Word
21				;.addressing	Word
22			
23	0000	03def026		xor	%GPR30, %GPR30, %GPR30
24	0001	03bde826		xor	%GPR29, %GPR29, %GPR29
25	0002	039ce026		xor	%GPR28, %GPR28, %GPR28
26	0003	00000000		nop
27	0004	3c1e000f		lhi	%GPR30, $15
28	0005	3c1d000f		lhi	%GPR29, $15
29	0006	00000000		nop
30	0007	00000000		nop
31	0008	37defffc		ori	%GPR30, %GPR30, $65532
32	0009	37bdfffc		ori	%GPR29, %GPR29, $65532
33	000a	00000000		nop
34	000b	00000000		nop
35	000c	00000000		nop
36	000d	afbefffc		sw	-4(%GPR29), %GPR30
37	000e	afbffff8		sw	-8(%GPR29), %GPR31
38	000f	23ddfff8		addi	%GPR29, %GPR30, $-8
39	0010	00000000		nop ; auto-generated by /usr/epp/mkimg/fix-stall-insns.pl
40	0011	00000000		nop ; auto-generated by /usr/epp/mkimg/fix-stall-insns.pl
41	0012	00000000		nop ; auto-generated by /usr/epp/mkimg/fix-stall-insns.pl
42	0013	0c000102		jal	main	
43	0014	00000000		nop
44	0015	00000000		nop ; auto-generated by /usr/epp/mkimg/fix-stall-insns.pl
45	0016	00000000		nop ; auto-generated by /usr/epp/mkimg/fix-stall-insns.pl
46	0017	afa10000		sw	0(%GPR29), %GPR1
47	0018	0c000138		jal	exit	
48	0019	00000000		nop
49			println:
50			L2:
51	001a	00000000		nop
52	001b	00000000		nop
53	001c	00000000		nop
54				; Automatically 1 NOPs removed by reduceNOPs.sh
55	001d	afbefffc		sw	-4(%GPR29),%GPR30	
56	001e	afbf0000		sw	0(%GPR29),%GPR31	
57	001f	2fbe0004		subui	%GPR30,%GPR29,$4	
58	0020	2bbd0008		subi	%GPR29,%GPR29,$8	
59	0021	00000000		nop
60	0022	00000000		nop
61	0023	00000000		nop
62				; Automatically 11 NOPs removed by reduceNOPs.sh
63	0024	3c050000		lhi	%GPR5,$0	
64	0025	00000000		nop
65	0026	00000000		nop
66	0027	00000000		nop
67				; Automatically 1 NOPs removed by reduceNOPs.sh
68	0028	34a50002		ori	%GPR5,%GPR5,$2	
69	0029	3c040000		lhi	%GPR4,$0	
70	002a	00000000		nop
71	002b	00000000		nop
72	002c	00000000		nop
73				; Automatically 1 NOPs removed by reduceNOPs.sh
74	002d	34840011		ori	%GPR4,%GPR4,$17	
75	002e	3c030000		lhi	%GPR3,$0	
76	002f	00000000		nop
77	0030	00000000		nop
78	0031	00000000		nop
79				; Automatically 1 NOPs removed by reduceNOPs.sh
80	0032	34630000		ori	%GPR3,%GPR3,$0	
81	0033	00000000		nop	;;9,11
82	0034	00000000		nop	;;9,11
83	0035	00451018		mult	%GPR2,%GPR2,%GPR5	
84	0036	00000000		nop	;;11,15
85	0037	00000000		nop	;;11,15
86	0038	00000000		nop	;;11,15
87				; Automatically 4 NOPs removed by reduceNOPs.sh
88			L3:
89	0039	00232820		add	%GPR5,%GPR1,%GPR3	
90	003a	00000000		nop	;;0,4
91	003b	00000000		nop	;;0,4
92	003c	00000000		nop	;;0,4
93				; Automatically 1 NOPs removed by reduceNOPs.sh
94	003d	90a50000		lbu	%GPR5,0(%GPR5)	
95	003e	3c060000		lhi	%GPR6,$0	
96	003f	00000000		nop
97	0040	00000000		nop
98	0041	00000000		nop
99				; Automatically 1 NOPs removed by reduceNOPs.sh
100	0042	34c60000		ori	%GPR6,%GPR6,$0	
101	0043	00000000		nop	;;5,9
102	0044	00000000		nop	;;5,9
103	0045	00000000		nop	;;5,9
104				; Automatically 1 NOPs removed by reduceNOPs.sh
105	0046	00a6d82f		sne	%GPR27,%GPR5,%GPR6	
106	0047	00000000		nop	; Automatically added by findDataDependency.sh
107	0048	00000000		nop	; Automatically added by findDataDependency.sh
108	0049	00000000		nop	; Automatically added by findDataDependency.sh
109	004a	17600008		bnez	%GPR27,L4	
110	004b	00000000		nop
111	004c	00000000		nop
112	004d	00000000		nop
113				; Automatically 1 NOPs removed by reduceNOPs.sh
114	004e	08000009		j	L5	
115	004f	00000000		nop
116	0050	00000000		nop
117	0051	00000000		nop
118				; Automatically 1 NOPs removed by reduceNOPs.sh
119			L4:
120	0052	20630001		addi	%GPR3,%GPR3,$1	
121	0053	0bffffe6		j	L3	
122	0054	00000000		nop
123	0055	00000000		nop
124	0056	00000000		nop
125			L5:
126	0057	20650005		addi	%GPR5,%GPR3,$5	
127	0058	00000000		nop	;;0,9
128	0059	00000000		nop	;;0,9
129	005a	00000000		nop	;;0,9
130				; Automatically 6 NOPs removed by reduceNOPs.sh
131			
132			
133			
134	005b	00000000		nop
135	005c	00000000		nop
136	005d	00000000		nop
137	005e	00a0000a		putc	%GPR5
138	005f	00000000		nop
139	0060	00000000		nop
140	0061	00000000		nop
141			
142	0062	00402820		add	%GPR5,%GPR2,%GPR0	
143	0063	00000000		nop	;;10,19
144	0064	00000000		nop	;;10,19
145	0065	00000000		nop	;;10,19
146				; Automatically 6 NOPs removed by reduceNOPs.sh
147			
148			
149			
150	0066	00000000		nop
151	0067	00000000		nop
152	0068	00000000		nop
153	0069	00a0000a		putc	%GPR5
154	006a	00000000		nop
155	006b	00000000		nop
156	006c	00000000		nop
157			
158	006d	00801020		add	%GPR2,%GPR4,%GPR0	
159	006e	00000000		nop	;;20,29
160	006f	00000000		nop	;;20,29
161	0070	00000000		nop	;;20,29
162				; Automatically 6 NOPs removed by reduceNOPs.sh
163			
164			
165			
166	0071	00000000		nop
167	0072	00000000		nop
168	0073	00000000		nop
169	0074	0040000a		putc	%GPR2
170	0075	00000000		nop
171	0076	00000000		nop
172	0077	00000000		nop
173			
174	0078	24650002		addui	%GPR5,%GPR3,$2	
175	0079	00000000		nop	;;30,34
176	007a	00000000		nop	;;30,34
177	007b	00000000		nop	;;30,34
178				; Automatically 1 NOPs removed by reduceNOPs.sh
179	007c	00a01020		add	%GPR2,%GPR5,%GPR0	
180	007d	00000000		nop	;;34,43
181	007e	00000000		nop	;;34,43
182	007f	00000000		nop	;;34,43
183				; Automatically 6 NOPs removed by reduceNOPs.sh
184			
185			
186			
187	0080	00000000		nop
188	0081	00000000		nop
189	0082	00000000		nop
190	0083	0040000a		putc	%GPR2
191	0084	00000000		nop
192	0085	00000000		nop
193	0086	00000000		nop
194			
195	0087	20620002		addi	%GPR2,%GPR3,$2	
196	0088	00000000		nop	;;44,48
197	0089	00000000		nop	;;44,48
198	008a	00000000		nop	;;44,48
199				; Automatically 1 NOPs removed by reduceNOPs.sh
200	008b	00822020		add	%GPR4,%GPR4,%GPR2	
201	008c	00000000		nop
202	008d	00000000		nop
203	008e	00000000		nop
204			L6:
205	008f	90220000		lbu	%GPR2,0(%GPR1)	
206	0090	00000000		nop	;;1,4
207	0091	00000000		nop	;;1,4
208	0092	00000000		nop	;;1,4
209	0093	3c030000		lhi	%GPR3,$0	
210	0094	00000000		nop
211	0095	00000000		nop
212	0096	00000000		nop
213				; Automatically 1 NOPs removed by reduceNOPs.sh
214	0097	34630000		ori	%GPR3,%GPR3,$0	
215	0098	00000000		nop	;;4,8
216	0099	00000000		nop	;;4,8
217	009a	00000000		nop	;;4,8
218				; Automatically 1 NOPs removed by reduceNOPs.sh
219	009b	0043d82f		sne	%GPR27,%GPR2,%GPR3	
220	009c	00000000		nop	; Automatically added by findDataDependency.sh
221	009d	00000000		nop	; Automatically added by findDataDependency.sh
222	009e	00000000		nop	; Automatically added by findDataDependency.sh
223	009f	17600008		bnez	%GPR27,L7	
224	00a0	00000000		nop
225	00a1	00000000		nop
226	00a2	00000000		nop
227				; Automatically 1 NOPs removed by reduceNOPs.sh
228	00a3	08000022		j	L8	
229	00a4	00000000		nop
230	00a5	00000000		nop
231	00a6	00000000		nop
232				; Automatically 1 NOPs removed by reduceNOPs.sh
233			L7:
234	00a7	90220000		lbu	%GPR2,0(%GPR1)	
235	00a8	00000000		nop	;;0,9
236	00a9	00000000		nop	;;0,9
237	00aa	00000000		nop	;;0,9
238				; Automatically 6 NOPs removed by reduceNOPs.sh
239			
240			
241			
242	00ab	00000000		nop
243	00ac	00000000		nop
244	00ad	00000000		nop
245	00ae	0040000a		putc	%GPR2
246	00af	00000000		nop
247	00b0	00000000		nop
248	00b1	00000000		nop
249			
250	00b2	00000000		nop	;;9,11
251	00b3	00000000		nop	;;9,11
252	00b4	00852020		add	%GPR4,%GPR4,%GPR5	
253	00b5	00000000		nop	;;11,14
254	00b6	00000000		nop	;;11,14
255	00b7	00000000		nop	;;11,14
256	00b8	3c020000		lhi	%GPR2,$0	
257	00b9	00000000		nop
258	00ba	00000000		nop
259	00bb	00000000		nop
260				; Automatically 1 NOPs removed by reduceNOPs.sh
261	00bc	34420001		ori	%GPR2,%GPR2,$1	
262	00bd	00000000		nop	;;14,18
263	00be	00000000		nop	;;14,18
264	00bf	00000000		nop	;;14,18
265				; Automatically 1 NOPs removed by reduceNOPs.sh
266	00c0	00220820		add	%GPR1,%GPR1,%GPR2	
267	00c1	0bffffce		j	L6	
268	00c2	00000000		nop
269	00c3	00000000		nop
270	00c4	00000000		nop
271			L8:
272	00c5	00000000		nop	;;0,4
273	00c6	00000000		nop	;;0,4
274	00c7	00000000		nop	;;0,4
275				; Automatically 1 NOPs removed by reduceNOPs.sh
276	00c8	3c010000		lhi	%GPR1,$0	
277	00c9	00000000		nop
278	00ca	00000000		nop
279	00cb	00000000		nop
280				; Automatically 1 NOPs removed by reduceNOPs.sh
281	00cc	3421000d		ori	%GPR1,%GPR1,$13	
282			
283			
284			
285	00cd	00000000		nop
286	00ce	00000000		nop
287	00cf	00000000		nop
288	00d0	0020000a		putc	%GPR1
289	00d1	00000000		nop
290	00d2	00000000		nop
291	00d3	00000000		nop
292			
293	00d4	00000000		nop	;;5,7
294	00d5	00000000		nop	;;5,7
295	00d6	2084000a		addi	%GPR4,%GPR4,$10	
296	00d7	00000000		nop	;;7,10
297	00d8	00000000		nop	;;7,10
298	00d9	00000000		nop	;;7,10
299	00da	3c010000		lhi	%GPR1,$0	
300	00db	00000000		nop
301	00dc	00000000		nop
302	00dd	00000000		nop
303				; Automatically 1 NOPs removed by reduceNOPs.sh
304	00de	3421000a		ori	%GPR1,%GPR1,$10	
305			
306			
307			
308	00df	00000000		nop
309	00e0	00000000		nop
310	00e1	00000000		nop
311	00e2	0020000a		putc	%GPR1
312	00e3	00000000		nop
313	00e4	00000000		nop
314	00e5	00000000		nop
315			
316	00e6	2084000d		addi	%GPR4,%GPR4,$13	
317	00e7	00000000		nop	;;12,16
318	00e8	00000000		nop	;;12,16
319	00e9	00000000		nop	;;12,16
320				; Automatically 1 NOPs removed by reduceNOPs.sh
321	00ea	00802820		add	%GPR5,%GPR4,%GPR0	
322	00eb	00000000		nop	;;16,25
323	00ec	00000000		nop	;;16,25
324	00ed	00000000		nop	;;16,25
325				; Automatically 6 NOPs removed by reduceNOPs.sh
326			
327			
328			
329	00ee	00000000		nop
330	00ef	00000000		nop
331	00f0	00000000		nop
332	00f1	00a0000a		putc	%GPR5
333	00f2	00000000		nop
334	00f3	00000000		nop
335	00f4	00000000		nop
336			
337	00f5	00000000		nop	;;25,30
338	00f6	00000000		nop	;;25,30
339	00f7	00000000		nop	;;25,30
340				; Automatically 2 NOPs removed by reduceNOPs.sh
341	00f8	3c1c0000		lhi	%GPR28,$0	
342	00f9	00000000		nop
343	00fa	00000000		nop
344	00fb	00000000		nop
345				; Automatically 1 NOPs removed by reduceNOPs.sh
346	00fc	379c002a		ori	%GPR28,%GPR28,$42	
347	00fd	00000000		nop	;;30,34
348	00fe	00000000		nop	;;30,34
349	00ff	00000000		nop	;;30,34
350				; Automatically 1 NOPs removed by reduceNOPs.sh
351	0100	08000004		j	L9	
352	0101	00000000		nop
353	0102	00000000		nop
354	0103	00000000		nop
355				; Automatically 1 NOPs removed by reduceNOPs.sh
356			L9:
357	0104	00000000		nop
358	0105	00000000		nop
359	0106	00000000		nop
360				; Automatically 1 NOPs removed by reduceNOPs.sh
361	0107	8fdf0004		lw	%GPR31,4(%GPR30)	
362	0108	27dd0004		addui	%GPR29,%GPR30,$4	
363	0109	00000000		nop ; auto-generated by /usr/epp/mkimg/fix-stall-insns.pl
364	010a	00000000		nop ; auto-generated by /usr/epp/mkimg/fix-stall-insns.pl
365	010b	00000000		nop ; auto-generated by /usr/epp/mkimg/fix-stall-insns.pl
366	010c	8fde0000		lw	%GPR30,0(%GPR30)	
367	010d	00000000		nop
368	010e	00000000		nop
369	010f	00000000		nop
370	0110	00000000		nop ; auto-generated by /usr/epp/mkimg/fix-stall-insns.pl
371	0111	03e00008		jr	%GPR31	
372	0112	00000000		nop
373	0113	00000000		nop
374	0114	00000000		nop
375				; Automatically 1 NOPs removed by reduceNOPs.sh
376			main:
377			L10:
378	0115	00000000		nop
379	0116	00000000		nop
380	0117	00000000		nop
381				; Automatically 1 NOPs removed by reduceNOPs.sh
382	0118	afbefffc		sw	-4(%GPR29),%GPR30	
383	0119	afbf0000		sw	0(%GPR29),%GPR31	
384	011a	2fbe0004		subui	%GPR30,%GPR29,$4	
385	011b	2bbd0008		subi	%GPR29,%GPR29,$8	
386	011c	00000000		nop
387	011d	00000000		nop
388	011e	00000000		nop
389				; Automatically 4 NOPs removed by reduceNOPs.sh
390	011f	3c010000		lhi	%GPR1,$( L1	/0x10000)
391	0120	00000000		nop
392	0121	00000000		nop
393	0122	00000000		nop
394	0123	34210000		ori	%GPR1,%GPR1,$( L1	%0x10000)
395	0124	00000000		nop	;;2,7
396	0125	00000000		nop	;;2,7
397	0126	00000000		nop	;;2,7
398				; Automatically 2 NOPs removed by reduceNOPs.sh
399	0127	3c020000		lhi	%GPR2,$0	
400	0128	00000000		nop
401	0129	00000000		nop
402	012a	00000000		nop
403				; Automatically 1 NOPs removed by reduceNOPs.sh
404	012b	3442006f		ori	%GPR2,%GPR2,$111	
405	012c	00000000		nop
406	012d	00000000		nop
407	012e	00000000		nop
408				; Automatically 1 NOPs removed by reduceNOPs.sh
409	012f	2bbd0008		subi	%GPR29,%GPR29,$8	
410	0130	00000000		nop
411	0131	00000000		nop
412	0132	00000000		nop
413				; Automatically 1 NOPs removed by reduceNOPs.sh
414	0133	0ffffee7		jal	println	
415	0134	00000000		nop
416	0135	00000000		nop
417	0136	00000000		nop
418				; Automatically 1 NOPs removed by reduceNOPs.sh
419	0137	23bd0008		addi	%GPR29,%GPR29,$8	
420	0138	00000000		nop
421	0139	00000000		nop
422	013a	00000000		nop
423				; Automatically 1 NOPs removed by reduceNOPs.sh
424	013b	08000004		j	L11	
425	013c	00000000		nop
426	013d	00000000		nop
427	013e	00000000		nop
428				; Automatically 1 NOPs removed by reduceNOPs.sh
429			L11:
430	013f	00000000		nop
431	0140	00000000		nop
432	0141	00000000		nop
433				; Automatically 1 NOPs removed by reduceNOPs.sh
434	0142	8fdf0004		lw	%GPR31,4(%GPR30)	
435	0143	27dd0004		addui	%GPR29,%GPR30,$4	
436	0144	00000000		nop ; auto-generated by /usr/epp/mkimg/fix-stall-insns.pl
437	0145	00000000		nop ; auto-generated by /usr/epp/mkimg/fix-stall-insns.pl
438	0146	00000000		nop ; auto-generated by /usr/epp/mkimg/fix-stall-insns.pl
439	0147	8fde0000		lw	%GPR30,0(%GPR30)	
440	0148	00000000		nop
441	0149	00000000		nop
442	014a	00000000		nop
443	014b	00000000		nop ; auto-generated by /usr/epp/mkimg/fix-stall-insns.pl
444	014c	03e00008		jr	%GPR31	
445	014d	00000000		nop
446	014e	00000000		nop
447	014f	00000000		nop
448				; Automatically 2 NOPs removed by reduceNOPs.sh
449			exit:
450	0150	00000000		nop
451	0151	00000000		nop


******** Cross Reference List ********
Defined Symbol
name   	section	lc     	attr   	value  	lineno 
exit	.text	0150	Label	150	449 
println	.text	001a	Label	1a	49 
L10	.text	0115	Label	115	377 
L11	.text	013f	Label	13f	429 
L1	.data	0000	Label	0	2 
L2	.text	001a	Label	1a	50 
L3	.text	0039	Label	39	88 
L4	.text	0052	Label	52	119 
L5	.text	0057	Label	57	125 
L6	.text	008f	Label	8f	204 
L7	.text	00a7	Label	a7	233 
L8	.text	00c5	Label	c5	271 
L9	.text	0104	Label	104	356 
main	.text	0115	Label	115	376 


Undefined Symbol
name   	section	lc     	attr   	value  	lineno 


Multiple Defined Symbol
name   	section	lc     	attr   	value  	lineno 


******* Section Data List ******* 
Sec	Attr		Size
.text 	Writable 	152 
addr_space : 16 
addressing : Word 
bitwidth per byte : 8 
word alignment : 4 
.data 	Data		e 
addr_space : 16 
addressing : Byte 
bitwidth per byte : 8 
word alignment : 4 
