This file contains any messages produced by compilers while
running configure, to aid debugging if configure makes a mistake.

It was created by configure, which was
generated by GNU Autoconf 2.59.  Invocation command line was

  $ /home/asip00/epp/AM_tools/gcc-4.2.2/libiberty/configure --cache-file=./config.cache --build=i686-pc-linux-gnu --host=brownie32-elf --target=brownie32-elf --enable-multilib --with-cross-host=i686-pc-linux-gnu --disable-nls --prefix=/home/asip-sajjad04/ASIPSS20/ASIPMeisterProjects/Session0/brownie/meister/browstd32.swgen --with-newlib --with-headers=/home/asip00/epp/AM_tools/newlib-1.14.0/newlib/libc/include --enable-languages=c --program-transform-name=s,^,brownie32-elf-,;  --with-target-subdir=brownie32-elf --srcdir=../../../libiberty

## --------- ##
## Platform. ##
## --------- ##

hostname = i80pc57
uname -m = i686
uname -r = 2.6.18-419.el5.centos.plus
uname -s = Linux
uname -v = #1 SMP Sat Feb 25 15:14:49 UTC 2017

/usr/bin/uname -p = unknown
/bin/uname -X     = unknown

/bin/arch              = i686
/usr/bin/arch -k       = unknown
/usr/convex/getsysinfo = unknown
hostinfo               = unknown
/bin/machine           = unknown
/usr/bin/oslevel       = unknown
/bin/universe          = unknown

PATH: /home/asip-sajjad04/ASIPSS20/ASIPMeisterProjects/Session0/brownie/meister/browstd32.swgen/bin
PATH: /AM/ASIPmeister/bin
PATH: /AM/ASIPmeister/bin
PATH: /AM/ASIPmeister/bin
PATH: /Software/xilinx/13.2/ISE_DS/common/bin/lin
PATH: /Software/xilinx/13.2/ISE_DS/ISE/sysgen/bin
PATH: /Software/xilinx/13.2/ISE_DS/PlanAhead/bin
PATH: /Software/xilinx/13.2/ISE_DS/ISE/bin/lin
PATH: /Software/xilinx/13.2/ISE_DS/ISE/sysgen/util
PATH: /Software/xilinx/13.2/ISE_DS/EDK/bin/lin
PATH: /Software/xilinx/13.2/ISE_DS/EDK/gnu/microblaze/lin/bin
PATH: /Software/xilinx/13.2/ISE_DS/EDK/gnu/powerpc-eabi/lin/bin
PATH: /usr/java/jre1.6.0_45/bin
PATH: /AM/ASIPmeister/bin
PATH: ./
PATH: /usr/NX/bin
PATH: /usr/kerberos/bin
PATH: /usr/local/bin
PATH: /bin
PATH: /usr/bin
PATH: /opt/eclipse
PATH: /Software/ModelSim/ModelSim_6.6d/modeltech/linux
PATH: /usr/local/cuda-7.0/bin
PATH: /home/asip-sajjad04/bin
PATH: /usr/bin
PATH: /sbin
PATH: /bin


## ----------- ##
## Core tests. ##
## ----------- ##

configure:1227: creating cache ./config.cache
configure:1384: checking whether to enable maintainer-specific portions of Makefiles
configure:1394: result: no
configure:1409: checking for makeinfo
configure:1435: result: makeinfo --split-size=5000000
configure:1474: checking for perl
configure:1490: found /usr/bin/perl
configure:1500: result: perl
configure:1520: checking build system type
configure:1538: result: i686-pc-linux-gnu
configure:1546: checking host system type
configure:1560: result: brownie32-unknown-elf
configure:1573: checking for brownie32-elf-ar
configure:1599: result: /home/asip-sajjad04/ASIPSS20/ASIPMeisterProjects/Session0/brownie/meister/browstd32.swgen/brownie32-elf/bin/ar
configure:1652: checking for brownie32-elf-ranlib
configure:1678: result: /home/asip-sajjad04/ASIPSS20/ASIPMeisterProjects/Session0/brownie/meister/browstd32.swgen/brownie32-elf/bin/ranlib
configure:1739: checking for brownie32-elf-gcc
configure:1765: result: /home/asip00/epp/AM_tools/gcc-4.2.2/build-gcc/./gcc/xgcc -B/home/asip00/epp/AM_tools/gcc-4.2.2/build-gcc/./gcc/ -B/home/asip-sajjad04/ASIPSS20/ASIPMeisterProjects/Session0/brownie/meister/browstd32.swgen/brownie32-elf/bin/ -B/home/asip-sajjad04/ASIPSS20/ASIPMeisterProjects/Session0/brownie/meister/browstd32.swgen/brownie32-elf/lib/ -isystem /home/asip-sajjad04/ASIPSS20/ASIPMeisterProjects/Session0/brownie/meister/browstd32.swgen/brownie32-elf/include -isystem /home/asip-sajjad04/ASIPSS20/ASIPMeisterProjects/Session0/brownie/meister/browstd32.swgen/brownie32-elf/sys-include
configure:2047: checking for C compiler version
configure:2050: /home/asip00/epp/AM_tools/gcc-4.2.2/build-gcc/./gcc/xgcc -B/home/asip00/epp/AM_tools/gcc-4.2.2/build-gcc/./gcc/ -B/home/asip-sajjad04/ASIPSS20/ASIPMeisterProjects/Session0/brownie/meister/browstd32.swgen/brownie32-elf/bin/ -B/home/asip-sajjad04/ASIPSS20/ASIPMeisterProjects/Session0/brownie/meister/browstd32.swgen/brownie32-elf/lib/ -isystem /home/asip-sajjad04/ASIPSS20/ASIPMeisterProjects/Session0/brownie/meister/browstd32.swgen/brownie32-elf/include -isystem /home/asip-sajjad04/ASIPSS20/ASIPMeisterProjects/Session0/brownie/meister/browstd32.swgen/brownie32-elf/sys-include --version </dev/null >&5
xgcc (GCC) 4.2.2
Copyright (C) 2007 Free Software Foundation, Inc.
This is free software; see the source for copying conditions.  There is NO
warranty; not even for MERCHANTABILITY or FITNESS FOR A PARTICULAR PURPOSE.

configure:2053: $? = 0
configure:2055: /home/asip00/epp/AM_tools/gcc-4.2.2/build-gcc/./gcc/xgcc -B/home/asip00/epp/AM_tools/gcc-4.2.2/build-gcc/./gcc/ -B/home/asip-sajjad04/ASIPSS20/ASIPMeisterProjects/Session0/brownie/meister/browstd32.swgen/brownie32-elf/bin/ -B/home/asip-sajjad04/ASIPSS20/ASIPMeisterProjects/Session0/brownie/meister/browstd32.swgen/brownie32-elf/lib/ -isystem /home/asip-sajjad04/ASIPSS20/ASIPMeisterProjects/Session0/brownie/meister/browstd32.swgen/brownie32-elf/include -isystem /home/asip-sajjad04/ASIPSS20/ASIPMeisterProjects/Session0/brownie/meister/browstd32.swgen/brownie32-elf/sys-include -v </dev/null >&5
Reading specs from /home/asip00/epp/AM_tools/gcc-4.2.2/build-gcc/./gcc/specs
Target: brownie32-elf
Configured with: ../configure --target=brownie32-elf --enable-languages=c --disable-nls --prefix=/home/asip-sajjad04/ASIPSS20/ASIPMeisterProjects/Session0/brownie/meister/browstd32.swgen --with-newlib --with-headers=/home/asip00/epp/AM_tools/newlib-1.14.0/newlib/libc/include
Thread model: single
gcc version 4.2.2
configure:2058: $? = 0
configure:2060: /home/asip00/epp/AM_tools/gcc-4.2.2/build-gcc/./gcc/xgcc -B/home/asip00/epp/AM_tools/gcc-4.2.2/build-gcc/./gcc/ -B/home/asip-sajjad04/ASIPSS20/ASIPMeisterProjects/Session0/brownie/meister/browstd32.swgen/brownie32-elf/bin/ -B/home/asip-sajjad04/ASIPSS20/ASIPMeisterProjects/Session0/brownie/meister/browstd32.swgen/brownie32-elf/lib/ -isystem /home/asip-sajjad04/ASIPSS20/ASIPMeisterProjects/Session0/brownie/meister/browstd32.swgen/brownie32-elf/include -isystem /home/asip-sajjad04/ASIPSS20/ASIPMeisterProjects/Session0/brownie/meister/browstd32.swgen/brownie32-elf/sys-include -V </dev/null >&5
xgcc: '-V' must come at the start of the command line
configure:2063: $? = 1
configure:2082: /home/asip00/epp/AM_tools/gcc-4.2.2/build-gcc/./gcc/xgcc -B/home/asip00/epp/AM_tools/gcc-4.2.2/build-gcc/./gcc/ -B/home/asip-sajjad04/ASIPSS20/ASIPMeisterProjects/Session0/brownie/meister/browstd32.swgen/brownie32-elf/bin/ -B/home/asip-sajjad04/ASIPSS20/ASIPMeisterProjects/Session0/brownie/meister/browstd32.swgen/brownie32-elf/lib/ -isystem /home/asip-sajjad04/ASIPSS20/ASIPMeisterProjects/Session0/brownie/meister/browstd32.swgen/brownie32-elf/include -isystem /home/asip-sajjad04/ASIPSS20/ASIPMeisterProjects/Session0/brownie/meister/browstd32.swgen/brownie32-elf/sys-include -o conftest -O2 -g -O2    conftest.c  >&5
/home/asip-sajjad04/ASIPSS20/ASIPMeisterProjects/Session0/brownie/meister/browstd32.swgen/brownie32-elf/bin/ld: cannot find -lc
collect2: ld returned 1 exit status
configure:2085: $? = 1
configure:2251: checking for suffix of object files
configure:2272: /home/asip00/epp/AM_tools/gcc-4.2.2/build-gcc/./gcc/xgcc -B/home/asip00/epp/AM_tools/gcc-4.2.2/build-gcc/./gcc/ -B/home/asip-sajjad04/ASIPSS20/ASIPMeisterProjects/Session0/brownie/meister/browstd32.swgen/brownie32-elf/bin/ -B/home/asip-sajjad04/ASIPSS20/ASIPMeisterProjects/Session0/brownie/meister/browstd32.swgen/brownie32-elf/lib/ -isystem /home/asip-sajjad04/ASIPSS20/ASIPMeisterProjects/Session0/brownie/meister/browstd32.swgen/brownie32-elf/include -isystem /home/asip-sajjad04/ASIPSS20/ASIPMeisterProjects/Session0/brownie/meister/browstd32.swgen/brownie32-elf/sys-include -c -O2 -g -O2   conftest.c >&5
configure:2275: $? = 0
configure:2297: result: o
configure:2301: checking whether we are using the GNU C compiler
configure:2325: /home/asip00/epp/AM_tools/gcc-4.2.2/build-gcc/./gcc/xgcc -B/home/asip00/epp/AM_tools/gcc-4.2.2/build-gcc/./gcc/ -B/home/asip-sajjad04/ASIPSS20/ASIPMeisterProjects/Session0/brownie/meister/browstd32.swgen/brownie32-elf/bin/ -B/home/asip-sajjad04/ASIPSS20/ASIPMeisterProjects/Session0/brownie/meister/browstd32.swgen/brownie32-elf/lib/ -isystem /home/asip-sajjad04/ASIPSS20/ASIPMeisterProjects/Session0/brownie/meister/browstd32.swgen/brownie32-elf/include -isystem /home/asip-sajjad04/ASIPSS20/ASIPMeisterProjects/Session0/brownie/meister/browstd32.swgen/brownie32-elf/sys-include -c -O2 -g -O2   conftest.c >&5
configure:2331: $? = 0
configure:2335: test -z 
			 || test ! -s conftest.err
configure:2338: $? = 0
configure:2341: test -s conftest.o
configure:2344: $? = 0
configure:2357: result: yes
configure:2363: checking whether /home/asip00/epp/AM_tools/gcc-4.2.2/build-gcc/./gcc/xgcc -B/home/asip00/epp/AM_tools/gcc-4.2.2/build-gcc/./gcc/ -B/home/asip-sajjad04/ASIPSS20/ASIPMeisterProjects/Session0/brownie/meister/browstd32.swgen/brownie32-elf/bin/ -B/home/asip-sajjad04/ASIPSS20/ASIPMeisterProjects/Session0/brownie/meister/browstd32.swgen/brownie32-elf/lib/ -isystem /home/asip-sajjad04/ASIPSS20/ASIPMeisterProjects/Session0/brownie/meister/browstd32.swgen/brownie32-elf/include -isystem /home/asip-sajjad04/ASIPSS20/ASIPMeisterProjects/Session0/brownie/meister/browstd32.swgen/brownie32-elf/sys-include accepts -g
configure:2384: /home/asip00/epp/AM_tools/gcc-4.2.2/build-gcc/./gcc/xgcc -B/home/asip00/epp/AM_tools/gcc-4.2.2/build-gcc/./gcc/ -B/home/asip-sajjad04/ASIPSS20/ASIPMeisterProjects/Session0/brownie/meister/browstd32.swgen/brownie32-elf/bin/ -B/home/asip-sajjad04/ASIPSS20/ASIPMeisterProjects/Session0/brownie/meister/browstd32.swgen/brownie32-elf/lib/ -isystem /home/asip-sajjad04/ASIPSS20/ASIPMeisterProjects/Session0/brownie/meister/browstd32.swgen/brownie32-elf/include -isystem /home/asip-sajjad04/ASIPSS20/ASIPMeisterProjects/Session0/brownie/meister/browstd32.swgen/brownie32-elf/sys-include -c -g  conftest.c >&5
configure:2390: $? = 0
configure:2394: test -z 
			 || test ! -s conftest.err
configure:2397: $? = 0
configure:2400: test -s conftest.o
configure:2403: $? = 0
configure:2414: result: yes
configure:2431: checking for /home/asip00/epp/AM_tools/gcc-4.2.2/build-gcc/./gcc/xgcc -B/home/asip00/epp/AM_tools/gcc-4.2.2/build-gcc/./gcc/ -B/home/asip-sajjad04/ASIPSS20/ASIPMeisterProjects/Session0/brownie/meister/browstd32.swgen/brownie32-elf/bin/ -B/home/asip-sajjad04/ASIPSS20/ASIPMeisterProjects/Session0/brownie/meister/browstd32.swgen/brownie32-elf/lib/ -isystem /home/asip-sajjad04/ASIPSS20/ASIPMeisterProjects/Session0/brownie/meister/browstd32.swgen/brownie32-elf/include -isystem /home/asip-sajjad04/ASIPSS20/ASIPMeisterProjects/Session0/brownie/meister/browstd32.swgen/brownie32-elf/sys-include option to accept ANSI C
configure:2501: /home/asip00/epp/AM_tools/gcc-4.2.2/build-gcc/./gcc/xgcc -B/home/asip00/epp/AM_tools/gcc-4.2.2/build-gcc/./gcc/ -B/home/asip-sajjad04/ASIPSS20/ASIPMeisterProjects/Session0/brownie/meister/browstd32.swgen/brownie32-elf/bin/ -B/home/asip-sajjad04/ASIPSS20/ASIPMeisterProjects/Session0/brownie/meister/browstd32.swgen/brownie32-elf/lib/ -isystem /home/asip-sajjad04/ASIPSS20/ASIPMeisterProjects/Session0/brownie/meister/browstd32.swgen/brownie32-elf/include -isystem /home/asip-sajjad04/ASIPSS20/ASIPMeisterProjects/Session0/brownie/meister/browstd32.swgen/brownie32-elf/sys-include  -c -O2 -g -O2   conftest.c >&5
configure:2507: $? = 0
configure:2511: test -z 
			 || test ! -s conftest.err
configure:2514: $? = 0
configure:2517: test -s conftest.o
configure:2520: $? = 0
configure:2538: result: none needed
configure:2556: /home/asip00/epp/AM_tools/gcc-4.2.2/build-gcc/./gcc/xgcc -B/home/asip00/epp/AM_tools/gcc-4.2.2/build-gcc/./gcc/ -B/home/asip-sajjad04/ASIPSS20/ASIPMeisterProjects/Session0/brownie/meister/browstd32.swgen/brownie32-elf/bin/ -B/home/asip-sajjad04/ASIPSS20/ASIPMeisterProjects/Session0/brownie/meister/browstd32.swgen/brownie32-elf/lib/ -isystem /home/asip-sajjad04/ASIPSS20/ASIPMeisterProjects/Session0/brownie/meister/browstd32.swgen/brownie32-elf/include -isystem /home/asip-sajjad04/ASIPSS20/ASIPMeisterProjects/Session0/brownie/meister/browstd32.swgen/brownie32-elf/sys-include -c -O2 -g -O2   conftest.c >&5
conftest.c:2: error: expected '=', ',', ';', 'asm' or '__attribute__' before 'me'
configure:2562: $? = 1
configure: failed program was:
| #ifndef __cplusplus
|   choke me
| #endif
configure:2700: checking how to run the C preprocessor
configure:2735: /home/asip00/epp/AM_tools/gcc-4.2.2/build-gcc/./gcc/xgcc -B/home/asip00/epp/AM_tools/gcc-4.2.2/build-gcc/./gcc/ -B/home/asip-sajjad04/ASIPSS20/ASIPMeisterProjects/Session0/brownie/meister/browstd32.swgen/brownie32-elf/bin/ -B/home/asip-sajjad04/ASIPSS20/ASIPMeisterProjects/Session0/brownie/meister/browstd32.swgen/brownie32-elf/lib/ -isystem /home/asip-sajjad04/ASIPSS20/ASIPMeisterProjects/Session0/brownie/meister/browstd32.swgen/brownie32-elf/include -isystem /home/asip-sajjad04/ASIPSS20/ASIPMeisterProjects/Session0/brownie/meister/browstd32.swgen/brownie32-elf/sys-include -E  conftest.c
configure:2741: $? = 0
configure:2773: /home/asip00/epp/AM_tools/gcc-4.2.2/build-gcc/./gcc/xgcc -B/home/asip00/epp/AM_tools/gcc-4.2.2/build-gcc/./gcc/ -B/home/asip-sajjad04/ASIPSS20/ASIPMeisterProjects/Session0/brownie/meister/browstd32.swgen/brownie32-elf/bin/ -B/home/asip-sajjad04/ASIPSS20/ASIPMeisterProjects/Session0/brownie/meister/browstd32.swgen/brownie32-elf/lib/ -isystem /home/asip-sajjad04/ASIPSS20/ASIPMeisterProjects/Session0/brownie/meister/browstd32.swgen/brownie32-elf/include -isystem /home/asip-sajjad04/ASIPSS20/ASIPMeisterProjects/Session0/brownie/meister/browstd32.swgen/brownie32-elf/sys-include -E  conftest.c
conftest.c:9:28: error: ac_nonexistent.h: No such file or directory
configure:2779: $? = 1
configure: failed program was:
| /* confdefs.h.  */
| 
| #define PACKAGE_NAME ""
| #define PACKAGE_TARNAME ""
| #define PACKAGE_VERSION ""
| #define PACKAGE_STRING ""
| #define PACKAGE_BUGREPORT ""
| /* end confdefs.h.  */
| #include <ac_nonexistent.h>
configure:2818: result: /home/asip00/epp/AM_tools/gcc-4.2.2/build-gcc/./gcc/xgcc -B/home/asip00/epp/AM_tools/gcc-4.2.2/build-gcc/./gcc/ -B/home/asip-sajjad04/ASIPSS20/ASIPMeisterProjects/Session0/brownie/meister/browstd32.swgen/brownie32-elf/bin/ -B/home/asip-sajjad04/ASIPSS20/ASIPMeisterProjects/Session0/brownie/meister/browstd32.swgen/brownie32-elf/lib/ -isystem /home/asip-sajjad04/ASIPSS20/ASIPMeisterProjects/Session0/brownie/meister/browstd32.swgen/brownie32-elf/include -isystem /home/asip-sajjad04/ASIPSS20/ASIPMeisterProjects/Session0/brownie/meister/browstd32.swgen/brownie32-elf/sys-include -E
configure:2842: /home/asip00/epp/AM_tools/gcc-4.2.2/build-gcc/./gcc/xgcc -B/home/asip00/epp/AM_tools/gcc-4.2.2/build-gcc/./gcc/ -B/home/asip-sajjad04/ASIPSS20/ASIPMeisterProjects/Session0/brownie/meister/browstd32.swgen/brownie32-elf/bin/ -B/home/asip-sajjad04/ASIPSS20/ASIPMeisterProjects/Session0/brownie/meister/browstd32.swgen/brownie32-elf/lib/ -isystem /home/asip-sajjad04/ASIPSS20/ASIPMeisterProjects/Session0/brownie/meister/browstd32.swgen/brownie32-elf/include -isystem /home/asip-sajjad04/ASIPSS20/ASIPMeisterProjects/Session0/brownie/meister/browstd32.swgen/brownie32-elf/sys-include -E  conftest.c
configure:2848: $? = 0
configure:2880: /home/asip00/epp/AM_tools/gcc-4.2.2/build-gcc/./gcc/xgcc -B/home/asip00/epp/AM_tools/gcc-4.2.2/build-gcc/./gcc/ -B/home/asip-sajjad04/ASIPSS20/ASIPMeisterProjects/Session0/brownie/meister/browstd32.swgen/brownie32-elf/bin/ -B/home/asip-sajjad04/ASIPSS20/ASIPMeisterProjects/Session0/brownie/meister/browstd32.swgen/brownie32-elf/lib/ -isystem /home/asip-sajjad04/ASIPSS20/ASIPMeisterProjects/Session0/brownie/meister/browstd32.swgen/brownie32-elf/include -isystem /home/asip-sajjad04/ASIPSS20/ASIPMeisterProjects/Session0/brownie/meister/browstd32.swgen/brownie32-elf/sys-include -E  conftest.c
conftest.c:9:28: error: ac_nonexistent.h: No such file or directory
configure:2886: $? = 1
configure: failed program was:
| /* confdefs.h.  */
| 
| #define PACKAGE_NAME ""
| #define PACKAGE_TARNAME ""
| #define PACKAGE_VERSION ""
| #define PACKAGE_STRING ""
| #define PACKAGE_BUGREPORT ""
| /* end confdefs.h.  */
| #include <ac_nonexistent.h>
configure:2934: checking whether /home/asip00/epp/AM_tools/gcc-4.2.2/build-gcc/./gcc/xgcc -B/home/asip00/epp/AM_tools/gcc-4.2.2/build-gcc/./gcc/ -B/home/asip-sajjad04/ASIPSS20/ASIPMeisterProjects/Session0/brownie/meister/browstd32.swgen/brownie32-elf/bin/ -B/home/asip-sajjad04/ASIPSS20/ASIPMeisterProjects/Session0/brownie/meister/browstd32.swgen/brownie32-elf/lib/ -isystem /home/asip-sajjad04/ASIPSS20/ASIPMeisterProjects/Session0/brownie/meister/browstd32.swgen/brownie32-elf/include -isystem /home/asip-sajjad04/ASIPSS20/ASIPMeisterProjects/Session0/brownie/meister/browstd32.swgen/brownie32-elf/sys-include accepts -Wc++-compat
configure:2950: /home/asip00/epp/AM_tools/gcc-4.2.2/build-gcc/./gcc/xgcc -B/home/asip00/epp/AM_tools/gcc-4.2.2/build-gcc/./gcc/ -B/home/asip-sajjad04/ASIPSS20/ASIPMeisterProjects/Session0/brownie/meister/browstd32.swgen/brownie32-elf/bin/ -B/home/asip-sajjad04/ASIPSS20/ASIPMeisterProjects/Session0/brownie/meister/browstd32.swgen/brownie32-elf/lib/ -isystem /home/asip-sajjad04/ASIPSS20/ASIPMeisterProjects/Session0/brownie/meister/browstd32.swgen/brownie32-elf/include -isystem /home/asip-sajjad04/ASIPSS20/ASIPMeisterProjects/Session0/brownie/meister/browstd32.swgen/brownie32-elf/sys-include -c -Wc++-compat  conftest.c >&5
configure:2956: $? = 0
configure:2960: test -z 
			 || test ! -s conftest.err
configure:2963: $? = 0
configure:2966: test -s conftest.o
configure:2969: $? = 0
configure:2982: result: yes
configure:2995: checking whether /home/asip00/epp/AM_tools/gcc-4.2.2/build-gcc/./gcc/xgcc -B/home/asip00/epp/AM_tools/gcc-4.2.2/build-gcc/./gcc/ -B/home/asip-sajjad04/ASIPSS20/ASIPMeisterProjects/Session0/brownie/meister/browstd32.swgen/brownie32-elf/bin/ -B/home/asip-sajjad04/ASIPSS20/ASIPMeisterProjects/Session0/brownie/meister/browstd32.swgen/brownie32-elf/lib/ -isystem /home/asip-sajjad04/ASIPSS20/ASIPMeisterProjects/Session0/brownie/meister/browstd32.swgen/brownie32-elf/include -isystem /home/asip-sajjad04/ASIPSS20/ASIPMeisterProjects/Session0/brownie/meister/browstd32.swgen/brownie32-elf/sys-include and cc understand -c and -o together
configure:3025: /home/asip00/epp/AM_tools/gcc-4.2.2/build-gcc/./gcc/xgcc -B/home/asip00/epp/AM_tools/gcc-4.2.2/build-gcc/./gcc/ -B/home/asip-sajjad04/ASIPSS20/ASIPMeisterProjects/Session0/brownie/meister/browstd32.swgen/brownie32-elf/bin/ -B/home/asip-sajjad04/ASIPSS20/ASIPMeisterProjects/Session0/brownie/meister/browstd32.swgen/brownie32-elf/lib/ -isystem /home/asip-sajjad04/ASIPSS20/ASIPMeisterProjects/Session0/brownie/meister/browstd32.swgen/brownie32-elf/include -isystem /home/asip-sajjad04/ASIPSS20/ASIPMeisterProjects/Session0/brownie/meister/browstd32.swgen/brownie32-elf/sys-include -c conftest.c -o conftest.o >&5
configure:3028: $? = 0
configure:3030: /home/asip00/epp/AM_tools/gcc-4.2.2/build-gcc/./gcc/xgcc -B/home/asip00/epp/AM_tools/gcc-4.2.2/build-gcc/./gcc/ -B/home/asip-sajjad04/ASIPSS20/ASIPMeisterProjects/Session0/brownie/meister/browstd32.swgen/brownie32-elf/bin/ -B/home/asip-sajjad04/ASIPSS20/ASIPMeisterProjects/Session0/brownie/meister/browstd32.swgen/brownie32-elf/lib/ -isystem /home/asip-sajjad04/ASIPSS20/ASIPMeisterProjects/Session0/brownie/meister/browstd32.swgen/brownie32-elf/include -isystem /home/asip-sajjad04/ASIPSS20/ASIPMeisterProjects/Session0/brownie/meister/browstd32.swgen/brownie32-elf/sys-include -c conftest.c -o conftest.o >&5
configure:3033: $? = 0
configure:3040: cc -c conftest.c >&5
configure:3043: $? = 0
configure:3046: cc -c conftest.c -o conftest.o >&5
configure:3049: $? = 0
configure:3051: cc -c conftest.c -o conftest.o >&5
configure:3054: $? = 0
configure:3072: result: yes
configure:3093: checking for an ANSI C-conforming const
configure:3160: /home/asip00/epp/AM_tools/gcc-4.2.2/build-gcc/./gcc/xgcc -B/home/asip00/epp/AM_tools/gcc-4.2.2/build-gcc/./gcc/ -B/home/asip-sajjad04/ASIPSS20/ASIPMeisterProjects/Session0/brownie/meister/browstd32.swgen/brownie32-elf/bin/ -B/home/asip-sajjad04/ASIPSS20/ASIPMeisterProjects/Session0/brownie/meister/browstd32.swgen/brownie32-elf/lib/ -isystem /home/asip-sajjad04/ASIPSS20/ASIPMeisterProjects/Session0/brownie/meister/browstd32.swgen/brownie32-elf/include -isystem /home/asip-sajjad04/ASIPSS20/ASIPMeisterProjects/Session0/brownie/meister/browstd32.swgen/brownie32-elf/sys-include -c -O2 -g -O2   conftest.c >&5
configure:3166: $? = 0
configure:3170: test -z 
			 || test ! -s conftest.err
configure:3173: $? = 0
configure:3176: test -s conftest.o
configure:3179: $? = 0
configure:3190: result: yes
configure:3200: checking for inline
configure:3221: /home/asip00/epp/AM_tools/gcc-4.2.2/build-gcc/./gcc/xgcc -B/home/asip00/epp/AM_tools/gcc-4.2.2/build-gcc/./gcc/ -B/home/asip-sajjad04/ASIPSS20/ASIPMeisterProjects/Session0/brownie/meister/browstd32.swgen/brownie32-elf/bin/ -B/home/asip-sajjad04/ASIPSS20/ASIPMeisterProjects/Session0/brownie/meister/browstd32.swgen/brownie32-elf/lib/ -isystem /home/asip-sajjad04/ASIPSS20/ASIPMeisterProjects/Session0/brownie/meister/browstd32.swgen/brownie32-elf/include -isystem /home/asip-sajjad04/ASIPSS20/ASIPMeisterProjects/Session0/brownie/meister/browstd32.swgen/brownie32-elf/sys-include -c -O2 -g -O2   conftest.c >&5
configure:3227: $? = 0
configure:3231: test -z 
			 || test ! -s conftest.err
configure:3234: $? = 0
configure:3237: test -s conftest.o
configure:3240: $? = 0
configure:3252: result: inline
configure:3271: checking whether byte ordering is bigendian
configure:3298: /home/asip00/epp/AM_tools/gcc-4.2.2/build-gcc/./gcc/xgcc -B/home/asip00/epp/AM_tools/gcc-4.2.2/build-gcc/./gcc/ -B/home/asip-sajjad04/ASIPSS20/ASIPMeisterProjects/Session0/brownie/meister/browstd32.swgen/brownie32-elf/bin/ -B/home/asip-sajjad04/ASIPSS20/ASIPMeisterProjects/Session0/brownie/meister/browstd32.swgen/brownie32-elf/lib/ -isystem /home/asip-sajjad04/ASIPSS20/ASIPMeisterProjects/Session0/brownie/meister/browstd32.swgen/brownie32-elf/include -isystem /home/asip-sajjad04/ASIPSS20/ASIPMeisterProjects/Session0/brownie/meister/browstd32.swgen/brownie32-elf/sys-include -c -O2 -g -O2   conftest.c >&5
configure:3304: $? = 0
configure:3308: test -z 
			 || test ! -s conftest.err
configure:3311: $? = 0
configure:3314: test -s conftest.o
configure:3317: $? = 0
configure:3341: /home/asip00/epp/AM_tools/gcc-4.2.2/build-gcc/./gcc/xgcc -B/home/asip00/epp/AM_tools/gcc-4.2.2/build-gcc/./gcc/ -B/home/asip-sajjad04/ASIPSS20/ASIPMeisterProjects/Session0/brownie/meister/browstd32.swgen/brownie32-elf/bin/ -B/home/asip-sajjad04/ASIPSS20/ASIPMeisterProjects/Session0/brownie/meister/browstd32.swgen/brownie32-elf/lib/ -isystem /home/asip-sajjad04/ASIPSS20/ASIPMeisterProjects/Session0/brownie/meister/browstd32.swgen/brownie32-elf/include -isystem /home/asip-sajjad04/ASIPSS20/ASIPMeisterProjects/Session0/brownie/meister/browstd32.swgen/brownie32-elf/sys-include -c -O2 -g -O2   conftest.c >&5
configure:3347: $? = 0
configure:3351: test -z 
			 || test ! -s conftest.err
configure:3354: $? = 0
configure:3357: test -s conftest.o
configure:3360: $? = 0
configure:3482: result: yes
configure:3521: checking for a BSD-compatible install
configure:3576: result: /usr/bin/install -c
configure:3691: checking for sys/file.h
configure:3704: /home/asip00/epp/AM_tools/gcc-4.2.2/build-gcc/./gcc/xgcc -B/home/asip00/epp/AM_tools/gcc-4.2.2/build-gcc/./gcc/ -B/home/asip-sajjad04/ASIPSS20/ASIPMeisterProjects/Session0/brownie/meister/browstd32.swgen/brownie32-elf/bin/ -B/home/asip-sajjad04/ASIPSS20/ASIPMeisterProjects/Session0/brownie/meister/browstd32.swgen/brownie32-elf/lib/ -isystem /home/asip-sajjad04/ASIPSS20/ASIPMeisterProjects/Session0/brownie/meister/browstd32.swgen/brownie32-elf/include -isystem /home/asip-sajjad04/ASIPSS20/ASIPMeisterProjects/Session0/brownie/meister/browstd32.swgen/brownie32-elf/sys-include -E  conftest.c
configure:3710: $? = 0
configure:3731: result: yes
configure:3691: checking for sys/param.h
configure:3704: /home/asip00/epp/AM_tools/gcc-4.2.2/build-gcc/./gcc/xgcc -B/home/asip00/epp/AM_tools/gcc-4.2.2/build-gcc/./gcc/ -B/home/asip-sajjad04/ASIPSS20/ASIPMeisterProjects/Session0/brownie/meister/browstd32.swgen/brownie32-elf/bin/ -B/home/asip-sajjad04/ASIPSS20/ASIPMeisterProjects/Session0/brownie/meister/browstd32.swgen/brownie32-elf/lib/ -isystem /home/asip-sajjad04/ASIPSS20/ASIPMeisterProjects/Session0/brownie/meister/browstd32.swgen/brownie32-elf/include -isystem /home/asip-sajjad04/ASIPSS20/ASIPMeisterProjects/Session0/brownie/meister/browstd32.swgen/brownie32-elf/sys-include -E  conftest.c
configure:3710: $? = 0
configure:3731: result: yes
configure:3691: checking for limits.h
configure:3704: /home/asip00/epp/AM_tools/gcc-4.2.2/build-gcc/./gcc/xgcc -B/home/asip00/epp/AM_tools/gcc-4.2.2/build-gcc/./gcc/ -B/home/asip-sajjad04/ASIPSS20/ASIPMeisterProjects/Session0/brownie/meister/browstd32.swgen/brownie32-elf/bin/ -B/home/asip-sajjad04/ASIPSS20/ASIPMeisterProjects/Session0/brownie/meister/browstd32.swgen/brownie32-elf/lib/ -isystem /home/asip-sajjad04/ASIPSS20/ASIPMeisterProjects/Session0/brownie/meister/browstd32.swgen/brownie32-elf/include -isystem /home/asip-sajjad04/ASIPSS20/ASIPMeisterProjects/Session0/brownie/meister/browstd32.swgen/brownie32-elf/sys-include -E  conftest.c
configure:3710: $? = 0
configure:3731: result: yes
configure:3691: checking for stdlib.h
configure:3704: /home/asip00/epp/AM_tools/gcc-4.2.2/build-gcc/./gcc/xgcc -B/home/asip00/epp/AM_tools/gcc-4.2.2/build-gcc/./gcc/ -B/home/asip-sajjad04/ASIPSS20/ASIPMeisterProjects/Session0/brownie/meister/browstd32.swgen/brownie32-elf/bin/ -B/home/asip-sajjad04/ASIPSS20/ASIPMeisterProjects/Session0/brownie/meister/browstd32.swgen/brownie32-elf/lib/ -isystem /home/asip-sajjad04/ASIPSS20/ASIPMeisterProjects/Session0/brownie/meister/browstd32.swgen/brownie32-elf/include -isystem /home/asip-sajjad04/ASIPSS20/ASIPMeisterProjects/Session0/brownie/meister/browstd32.swgen/brownie32-elf/sys-include -E  conftest.c
configure:3710: $? = 0
configure:3731: result: yes
configure:3691: checking for malloc.h
configure:3704: /home/asip00/epp/AM_tools/gcc-4.2.2/build-gcc/./gcc/xgcc -B/home/asip00/epp/AM_tools/gcc-4.2.2/build-gcc/./gcc/ -B/home/asip-sajjad04/ASIPSS20/ASIPMeisterProjects/Session0/brownie/meister/browstd32.swgen/brownie32-elf/bin/ -B/home/asip-sajjad04/ASIPSS20/ASIPMeisterProjects/Session0/brownie/meister/browstd32.swgen/brownie32-elf/lib/ -isystem /home/asip-sajjad04/ASIPSS20/ASIPMeisterProjects/Session0/brownie/meister/browstd32.swgen/brownie32-elf/include -isystem /home/asip-sajjad04/ASIPSS20/ASIPMeisterProjects/Session0/brownie/meister/browstd32.swgen/brownie32-elf/sys-include -E  conftest.c
configure:3710: $? = 0
configure:3731: result: yes
configure:3691: checking for string.h
configure:3704: /home/asip00/epp/AM_tools/gcc-4.2.2/build-gcc/./gcc/xgcc -B/home/asip00/epp/AM_tools/gcc-4.2.2/build-gcc/./gcc/ -B/home/asip-sajjad04/ASIPSS20/ASIPMeisterProjects/Session0/brownie/meister/browstd32.swgen/brownie32-elf/bin/ -B/home/asip-sajjad04/ASIPSS20/ASIPMeisterProjects/Session0/brownie/meister/browstd32.swgen/brownie32-elf/lib/ -isystem /home/asip-sajjad04/ASIPSS20/ASIPMeisterProjects/Session0/brownie/meister/browstd32.swgen/brownie32-elf/include -isystem /home/asip-sajjad04/ASIPSS20/ASIPMeisterProjects/Session0/brownie/meister/browstd32.swgen/brownie32-elf/sys-include -E  conftest.c
configure:3710: $? = 0
configure:3731: result: yes
configure:3691: checking for unistd.h
configure:3704: /home/asip00/epp/AM_tools/gcc-4.2.2/build-gcc/./gcc/xgcc -B/home/asip00/epp/AM_tools/gcc-4.2.2/build-gcc/./gcc/ -B/home/asip-sajjad04/ASIPSS20/ASIPMeisterProjects/Session0/brownie/meister/browstd32.swgen/brownie32-elf/bin/ -B/home/asip-sajjad04/ASIPSS20/ASIPMeisterProjects/Session0/brownie/meister/browstd32.swgen/brownie32-elf/lib/ -isystem /home/asip-sajjad04/ASIPSS20/ASIPMeisterProjects/Session0/brownie/meister/browstd32.swgen/brownie32-elf/include -isystem /home/asip-sajjad04/ASIPSS20/ASIPMeisterProjects/Session0/brownie/meister/browstd32.swgen/brownie32-elf/sys-include -E  conftest.c
configure:3710: $? = 0
configure:3731: result: yes
configure:3691: checking for strings.h
configure:3704: /home/asip00/epp/AM_tools/gcc-4.2.2/build-gcc/./gcc/xgcc -B/home/asip00/epp/AM_tools/gcc-4.2.2/build-gcc/./gcc/ -B/home/asip-sajjad04/ASIPSS20/ASIPMeisterProjects/Session0/brownie/meister/browstd32.swgen/brownie32-elf/bin/ -B/home/asip-sajjad04/ASIPSS20/ASIPMeisterProjects/Session0/brownie/meister/browstd32.swgen/brownie32-elf/lib/ -isystem /home/asip-sajjad04/ASIPSS20/ASIPMeisterProjects/Session0/brownie/meister/browstd32.swgen/brownie32-elf/include -isystem /home/asip-sajjad04/ASIPSS20/ASIPMeisterProjects/Session0/brownie/meister/browstd32.swgen/brownie32-elf/sys-include -E  conftest.c
conftest.c:17:21: error: strings.h: No such file or directory
configure:3710: $? = 1
configure: failed program was:
| /* confdefs.h.  */
| 
| #define PACKAGE_NAME ""
| #define PACKAGE_TARNAME ""
| #define PACKAGE_VERSION ""
| #define PACKAGE_STRING ""
| #define PACKAGE_BUGREPORT ""
| #define WORDS_BIGENDIAN 1
| #define HAVE_SYS_FILE_H 1
| #define HAVE_SYS_PARAM_H 1
| #define HAVE_LIMITS_H 1
| #define HAVE_STDLIB_H 1
| #define HAVE_MALLOC_H 1
| #define HAVE_STRING_H 1
| #define HAVE_UNISTD_H 1
| /* end confdefs.h.  */
| #include <strings.h>
configure:3731: result: no
configure:3691: checking for sys/time.h
configure:3704: /home/asip00/epp/AM_tools/gcc-4.2.2/build-gcc/./gcc/xgcc -B/home/asip00/epp/AM_tools/gcc-4.2.2/build-gcc/./gcc/ -B/home/asip-sajjad04/ASIPSS20/ASIPMeisterProjects/Session0/brownie/meister/browstd32.swgen/brownie32-elf/bin/ -B/home/asip-sajjad04/ASIPSS20/ASIPMeisterProjects/Session0/brownie/meister/browstd32.swgen/brownie32-elf/lib/ -isystem /home/asip-sajjad04/ASIPSS20/ASIPMeisterProjects/Session0/brownie/meister/browstd32.swgen/brownie32-elf/include -isystem /home/asip-sajjad04/ASIPSS20/ASIPMeisterProjects/Session0/brownie/meister/browstd32.swgen/brownie32-elf/sys-include -E  conftest.c
configure:3710: $? = 0
configure:3731: result: yes
configure:3691: checking for time.h
configure:3704: /home/asip00/epp/AM_tools/gcc-4.2.2/build-gcc/./gcc/xgcc -B/home/asip00/epp/AM_tools/gcc-4.2.2/build-gcc/./gcc/ -B/home/asip-sajjad04/ASIPSS20/ASIPMeisterProjects/Session0/brownie/meister/browstd32.swgen/brownie32-elf/bin/ -B/home/asip-sajjad04/ASIPSS20/ASIPMeisterProjects/Session0/brownie/meister/browstd32.swgen/brownie32-elf/lib/ -isystem /home/asip-sajjad04/ASIPSS20/ASIPMeisterProjects/Session0/brownie/meister/browstd32.swgen/brownie32-elf/include -isystem /home/asip-sajjad04/ASIPSS20/ASIPMeisterProjects/Session0/brownie/meister/browstd32.swgen/brownie32-elf/sys-include -E  conftest.c
configure:3710: $? = 0
configure:3731: result: yes
configure:3691: checking for sys/resource.h
configure:3704: /home/asip00/epp/AM_tools/gcc-4.2.2/build-gcc/./gcc/xgcc -B/home/asip00/epp/AM_tools/gcc-4.2.2/build-gcc/./gcc/ -B/home/asip-sajjad04/ASIPSS20/ASIPMeisterProjects/Session0/brownie/meister/browstd32.swgen/brownie32-elf/bin/ -B/home/asip-sajjad04/ASIPSS20/ASIPMeisterProjects/Session0/brownie/meister/browstd32.swgen/brownie32-elf/lib/ -isystem /home/asip-sajjad04/ASIPSS20/ASIPMeisterProjects/Session0/brownie/meister/browstd32.swgen/brownie32-elf/include -isystem /home/asip-sajjad04/ASIPSS20/ASIPMeisterProjects/Session0/brownie/meister/browstd32.swgen/brownie32-elf/sys-include -E  conftest.c
configure:3710: $? = 0
configure:3731: result: yes
configure:3691: checking for sys/stat.h
configure:3704: /home/asip00/epp/AM_tools/gcc-4.2.2/build-gcc/./gcc/xgcc -B/home/asip00/epp/AM_tools/gcc-4.2.2/build-gcc/./gcc/ -B/home/asip-sajjad04/ASIPSS20/ASIPMeisterProjects/Session0/brownie/meister/browstd32.swgen/brownie32-elf/bin/ -B/home/asip-sajjad04/ASIPSS20/ASIPMeisterProjects/Session0/brownie/meister/browstd32.swgen/brownie32-elf/lib/ -isystem /home/asip-sajjad04/ASIPSS20/ASIPMeisterProjects/Session0/brownie/meister/browstd32.swgen/brownie32-elf/include -isystem /home/asip-sajjad04/ASIPSS20/ASIPMeisterProjects/Session0/brownie/meister/browstd32.swgen/brownie32-elf/sys-include -E  conftest.c
configure:3710: $? = 0
configure:3731: result: yes
configure:3691: checking for sys/mman.h
configure:3704: /home/asip00/epp/AM_tools/gcc-4.2.2/build-gcc/./gcc/xgcc -B/home/asip00/epp/AM_tools/gcc-4.2.2/build-gcc/./gcc/ -B/home/asip-sajjad04/ASIPSS20/ASIPMeisterProjects/Session0/brownie/meister/browstd32.swgen/brownie32-elf/bin/ -B/home/asip-sajjad04/ASIPSS20/ASIPMeisterProjects/Session0/brownie/meister/browstd32.swgen/brownie32-elf/lib/ -isystem /home/asip-sajjad04/ASIPSS20/ASIPMeisterProjects/Session0/brownie/meister/browstd32.swgen/brownie32-elf/include -isystem /home/asip-sajjad04/ASIPSS20/ASIPMeisterProjects/Session0/brownie/meister/browstd32.swgen/brownie32-elf/sys-include -E  conftest.c
conftest.c:21:22: error: sys/mman.h: No such file or directory
configure:3710: $? = 1
configure: failed program was:
| /* confdefs.h.  */
| 
| #define PACKAGE_NAME ""
| #define PACKAGE_TARNAME ""
| #define PACKAGE_VERSION ""
| #define PACKAGE_STRING ""
| #define PACKAGE_BUGREPORT ""
| #define WORDS_BIGENDIAN 1
| #define HAVE_SYS_FILE_H 1
| #define HAVE_SYS_PARAM_H 1
| #define HAVE_LIMITS_H 1
| #define HAVE_STDLIB_H 1
| #define HAVE_MALLOC_H 1
| #define HAVE_STRING_H 1
| #define HAVE_UNISTD_H 1
| #define HAVE_SYS_TIME_H 1
| #define HAVE_TIME_H 1
| #define HAVE_SYS_RESOURCE_H 1
| #define HAVE_SYS_STAT_H 1
| /* end confdefs.h.  */
| #include <sys/mman.h>
configure:3731: result: no
configure:3691: checking for fcntl.h
configure:3704: /home/asip00/epp/AM_tools/gcc-4.2.2/build-gcc/./gcc/xgcc -B/home/asip00/epp/AM_tools/gcc-4.2.2/build-gcc/./gcc/ -B/home/asip-sajjad04/ASIPSS20/ASIPMeisterProjects/Session0/brownie/meister/browstd32.swgen/brownie32-elf/bin/ -B/home/asip-sajjad04/ASIPSS20/ASIPMeisterProjects/Session0/brownie/meister/browstd32.swgen/brownie32-elf/lib/ -isystem /home/asip-sajjad04/ASIPSS20/ASIPMeisterProjects/Session0/brownie/meister/browstd32.swgen/brownie32-elf/include -isystem /home/asip-sajjad04/ASIPSS20/ASIPMeisterProjects/Session0/brownie/meister/browstd32.swgen/brownie32-elf/sys-include -E  conftest.c
configure:3710: $? = 0
configure:3731: result: yes
configure:3691: checking for alloca.h
configure:3704: /home/asip00/epp/AM_tools/gcc-4.2.2/build-gcc/./gcc/xgcc -B/home/asip00/epp/AM_tools/gcc-4.2.2/build-gcc/./gcc/ -B/home/asip-sajjad04/ASIPSS20/ASIPMeisterProjects/Session0/brownie/meister/browstd32.swgen/brownie32-elf/bin/ -B/home/asip-sajjad04/ASIPSS20/ASIPMeisterProjects/Session0/brownie/meister/browstd32.swgen/brownie32-elf/lib/ -isystem /home/asip-sajjad04/ASIPSS20/ASIPMeisterProjects/Session0/brownie/meister/browstd32.swgen/brownie32-elf/include -isystem /home/asip-sajjad04/ASIPSS20/ASIPMeisterProjects/Session0/brownie/meister/browstd32.swgen/brownie32-elf/sys-include -E  conftest.c
configure:3710: $? = 0
configure:3731: result: yes
configure:3691: checking for sys/pstat.h
configure:3704: /home/asip00/epp/AM_tools/gcc-4.2.2/build-gcc/./gcc/xgcc -B/home/asip00/epp/AM_tools/gcc-4.2.2/build-gcc/./gcc/ -B/home/asip-sajjad04/ASIPSS20/ASIPMeisterProjects/Session0/brownie/meister/browstd32.swgen/brownie32-elf/bin/ -B/home/asip-sajjad04/ASIPSS20/ASIPMeisterProjects/Session0/brownie/meister/browstd32.swgen/brownie32-elf/lib/ -isystem /home/asip-sajjad04/ASIPSS20/ASIPMeisterProjects/Session0/brownie/meister/browstd32.swgen/brownie32-elf/include -isystem /home/asip-sajjad04/ASIPSS20/ASIPMeisterProjects/Session0/brownie/meister/browstd32.swgen/brownie32-elf/sys-include -E  conftest.c
conftest.c:23:23: error: sys/pstat.h: No such file or directory
configure:3710: $? = 1
configure: failed program was:
| /* confdefs.h.  */
| 
| #define PACKAGE_NAME ""
| #define PACKAGE_TARNAME ""
| #define PACKAGE_VERSION ""
| #define PACKAGE_STRING ""
| #define PACKAGE_BUGREPORT ""
| #define WORDS_BIGENDIAN 1
| #define HAVE_SYS_FILE_H 1
| #define HAVE_SYS_PARAM_H 1
| #define HAVE_LIMITS_H 1
| #define HAVE_STDLIB_H 1
| #define HAVE_MALLOC_H 1
| #define HAVE_STRING_H 1
| #define HAVE_UNISTD_H 1
| #define HAVE_SYS_TIME_H 1
| #define HAVE_TIME_H 1
| #define HAVE_SYS_RESOURCE_H 1
| #define HAVE_SYS_STAT_H 1
| #define HAVE_FCNTL_H 1
| #define HAVE_ALLOCA_H 1
| /* end confdefs.h.  */
| #include <sys/pstat.h>
configure:3731: result: no
configure:3691: checking for sys/sysmp.h
configure:3704: /home/asip00/epp/AM_tools/gcc-4.2.2/build-gcc/./gcc/xgcc -B/home/asip00/epp/AM_tools/gcc-4.2.2/build-gcc/./gcc/ -B/home/asip-sajjad04/ASIPSS20/ASIPMeisterProjects/Session0/brownie/meister/browstd32.swgen/brownie32-elf/bin/ -B/home/asip-sajjad04/ASIPSS20/ASIPMeisterProjects/Session0/brownie/meister/browstd32.swgen/brownie32-elf/lib/ -isystem /home/asip-sajjad04/ASIPSS20/ASIPMeisterProjects/Session0/brownie/meister/browstd32.swgen/brownie32-elf/include -isystem /home/asip-sajjad04/ASIPSS20/ASIPMeisterProjects/Session0/brownie/meister/browstd32.swgen/brownie32-elf/sys-include -E  conftest.c
conftest.c:23:23: error: sys/sysmp.h: No such file or directory
configure:3710: $? = 1
configure: failed program was:
| /* confdefs.h.  */
| 
| #define PACKAGE_NAME ""
| #define PACKAGE_TARNAME ""
| #define PACKAGE_VERSION ""
| #define PACKAGE_STRING ""
| #define PACKAGE_BUGREPORT ""
| #define WORDS_BIGENDIAN 1
| #define HAVE_SYS_FILE_H 1
| #define HAVE_SYS_PARAM_H 1
| #define HAVE_LIMITS_H 1
| #define HAVE_STDLIB_H 1
| #define HAVE_MALLOC_H 1
| #define HAVE_STRING_H 1
| #define HAVE_UNISTD_H 1
| #define HAVE_SYS_TIME_H 1
| #define HAVE_TIME_H 1
| #define HAVE_SYS_RESOURCE_H 1
| #define HAVE_SYS_STAT_H 1
| #define HAVE_FCNTL_H 1
| #define HAVE_ALLOCA_H 1
| /* end confdefs.h.  */
| #include <sys/sysmp.h>
configure:3731: result: no
configure:3691: checking for sys/sysinfo.h
configure:3704: /home/asip00/epp/AM_tools/gcc-4.2.2/build-gcc/./gcc/xgcc -B/home/asip00/epp/AM_tools/gcc-4.2.2/build-gcc/./gcc/ -B/home/asip-sajjad04/ASIPSS20/ASIPMeisterProjects/Session0/brownie/meister/browstd32.swgen/brownie32-elf/bin/ -B/home/asip-sajjad04/ASIPSS20/ASIPMeisterProjects/Session0/brownie/meister/browstd32.swgen/brownie32-elf/lib/ -isystem /home/asip-sajjad04/ASIPSS20/ASIPMeisterProjects/Session0/brownie/meister/browstd32.swgen/brownie32-elf/include -isystem /home/asip-sajjad04/ASIPSS20/ASIPMeisterProjects/Session0/brownie/meister/browstd32.swgen/brownie32-elf/sys-include -E  conftest.c
conftest.c:23:25: error: sys/sysinfo.h: No such file or directory
configure:3710: $? = 1
configure: failed program was:
| /* confdefs.h.  */
| 
| #define PACKAGE_NAME ""
| #define PACKAGE_TARNAME ""
| #define PACKAGE_VERSION ""
| #define PACKAGE_STRING ""
| #define PACKAGE_BUGREPORT ""
| #define WORDS_BIGENDIAN 1
| #define HAVE_SYS_FILE_H 1
| #define HAVE_SYS_PARAM_H 1
| #define HAVE_LIMITS_H 1
| #define HAVE_STDLIB_H 1
| #define HAVE_MALLOC_H 1
| #define HAVE_STRING_H 1
| #define HAVE_UNISTD_H 1
| #define HAVE_SYS_TIME_H 1
| #define HAVE_TIME_H 1
| #define HAVE_SYS_RESOURCE_H 1
| #define HAVE_SYS_STAT_H 1
| #define HAVE_FCNTL_H 1
| #define HAVE_ALLOCA_H 1
| /* end confdefs.h.  */
| #include <sys/sysinfo.h>
configure:3731: result: no
configure:3691: checking for machine/hal_sysinfo.h
configure:3704: /home/asip00/epp/AM_tools/gcc-4.2.2/build-gcc/./gcc/xgcc -B/home/asip00/epp/AM_tools/gcc-4.2.2/build-gcc/./gcc/ -B/home/asip-sajjad04/ASIPSS20/ASIPMeisterProjects/Session0/brownie/meister/browstd32.swgen/brownie32-elf/bin/ -B/home/asip-sajjad04/ASIPSS20/ASIPMeisterProjects/Session0/brownie/meister/browstd32.swgen/brownie32-elf/lib/ -isystem /home/asip-sajjad04/ASIPSS20/ASIPMeisterProjects/Session0/brownie/meister/browstd32.swgen/brownie32-elf/include -isystem /home/asip-sajjad04/ASIPSS20/ASIPMeisterProjects/Session0/brownie/meister/browstd32.swgen/brownie32-elf/sys-include -E  conftest.c
conftest.c:23:33: error: machine/hal_sysinfo.h: No such file or directory
configure:3710: $? = 1
configure: failed program was:
| /* confdefs.h.  */
| 
| #define PACKAGE_NAME ""
| #define PACKAGE_TARNAME ""
| #define PACKAGE_VERSION ""
| #define PACKAGE_STRING ""
| #define PACKAGE_BUGREPORT ""
| #define WORDS_BIGENDIAN 1
| #define HAVE_SYS_FILE_H 1
| #define HAVE_SYS_PARAM_H 1
| #define HAVE_LIMITS_H 1
| #define HAVE_STDLIB_H 1
| #define HAVE_MALLOC_H 1
| #define HAVE_STRING_H 1
| #define HAVE_UNISTD_H 1
| #define HAVE_SYS_TIME_H 1
| #define HAVE_TIME_H 1
| #define HAVE_SYS_RESOURCE_H 1
| #define HAVE_SYS_STAT_H 1
| #define HAVE_FCNTL_H 1
| #define HAVE_ALLOCA_H 1
| /* end confdefs.h.  */
| #include <machine/hal_sysinfo.h>
configure:3731: result: no
configure:3691: checking for sys/table.h
configure:3704: /home/asip00/epp/AM_tools/gcc-4.2.2/build-gcc/./gcc/xgcc -B/home/asip00/epp/AM_tools/gcc-4.2.2/build-gcc/./gcc/ -B/home/asip-sajjad04/ASIPSS20/ASIPMeisterProjects/Session0/brownie/meister/browstd32.swgen/brownie32-elf/bin/ -B/home/asip-sajjad04/ASIPSS20/ASIPMeisterProjects/Session0/brownie/meister/browstd32.swgen/brownie32-elf/lib/ -isystem /home/asip-sajjad04/ASIPSS20/ASIPMeisterProjects/Session0/brownie/meister/browstd32.swgen/brownie32-elf/include -isystem /home/asip-sajjad04/ASIPSS20/ASIPMeisterProjects/Session0/brownie/meister/browstd32.swgen/brownie32-elf/sys-include -E  conftest.c
conftest.c:23:23: error: sys/table.h: No such file or directory
configure:3710: $? = 1
configure: failed program was:
| /* confdefs.h.  */
| 
| #define PACKAGE_NAME ""
| #define PACKAGE_TARNAME ""
| #define PACKAGE_VERSION ""
| #define PACKAGE_STRING ""
| #define PACKAGE_BUGREPORT ""
| #define WORDS_BIGENDIAN 1
| #define HAVE_SYS_FILE_H 1
| #define HAVE_SYS_PARAM_H 1
| #define HAVE_LIMITS_H 1
| #define HAVE_STDLIB_H 1
| #define HAVE_MALLOC_H 1
| #define HAVE_STRING_H 1
| #define HAVE_UNISTD_H 1
| #define HAVE_SYS_TIME_H 1
| #define HAVE_TIME_H 1
| #define HAVE_SYS_RESOURCE_H 1
| #define HAVE_SYS_STAT_H 1
| #define HAVE_FCNTL_H 1
| #define HAVE_ALLOCA_H 1
| /* end confdefs.h.  */
| #include <sys/table.h>
configure:3731: result: no
configure:3691: checking for sys/sysctl.h
configure:3704: /home/asip00/epp/AM_tools/gcc-4.2.2/build-gcc/./gcc/xgcc -B/home/asip00/epp/AM_tools/gcc-4.2.2/build-gcc/./gcc/ -B/home/asip-sajjad04/ASIPSS20/ASIPMeisterProjects/Session0/brownie/meister/browstd32.swgen/brownie32-elf/bin/ -B/home/asip-sajjad04/ASIPSS20/ASIPMeisterProjects/Session0/brownie/meister/browstd32.swgen/brownie32-elf/lib/ -isystem /home/asip-sajjad04/ASIPSS20/ASIPMeisterProjects/Session0/brownie/meister/browstd32.swgen/brownie32-elf/include -isystem /home/asip-sajjad04/ASIPSS20/ASIPMeisterProjects/Session0/brownie/meister/browstd32.swgen/brownie32-elf/sys-include -E  conftest.c
conftest.c:23:24: error: sys/sysctl.h: No such file or directory
configure:3710: $? = 1
configure: failed program was:
| /* confdefs.h.  */
| 
| #define PACKAGE_NAME ""
| #define PACKAGE_TARNAME ""
| #define PACKAGE_VERSION ""
| #define PACKAGE_STRING ""
| #define PACKAGE_BUGREPORT ""
| #define WORDS_BIGENDIAN 1
| #define HAVE_SYS_FILE_H 1
| #define HAVE_SYS_PARAM_H 1
| #define HAVE_LIMITS_H 1
| #define HAVE_STDLIB_H 1
| #define HAVE_MALLOC_H 1
| #define HAVE_STRING_H 1
| #define HAVE_UNISTD_H 1
| #define HAVE_SYS_TIME_H 1
| #define HAVE_TIME_H 1
| #define HAVE_SYS_RESOURCE_H 1
| #define HAVE_SYS_STAT_H 1
| #define HAVE_FCNTL_H 1
| #define HAVE_ALLOCA_H 1
| /* end confdefs.h.  */
| #include <sys/sysctl.h>
configure:3731: result: no
configure:3691: checking for sys/systemcfg.h
configure:3704: /home/asip00/epp/AM_tools/gcc-4.2.2/build-gcc/./gcc/xgcc -B/home/asip00/epp/AM_tools/gcc-4.2.2/build-gcc/./gcc/ -B/home/asip-sajjad04/ASIPSS20/ASIPMeisterProjects/Session0/brownie/meister/browstd32.swgen/brownie32-elf/bin/ -B/home/asip-sajjad04/ASIPSS20/ASIPMeisterProjects/Session0/brownie/meister/browstd32.swgen/brownie32-elf/lib/ -isystem /home/asip-sajjad04/ASIPSS20/ASIPMeisterProjects/Session0/brownie/meister/browstd32.swgen/brownie32-elf/include -isystem /home/asip-sajjad04/ASIPSS20/ASIPMeisterProjects/Session0/brownie/meister/browstd32.swgen/brownie32-elf/sys-include -E  conftest.c
conftest.c:23:27: error: sys/systemcfg.h: No such file or directory
configure:3710: $? = 1
configure: failed program was:
| /* confdefs.h.  */
| 
| #define PACKAGE_NAME ""
| #define PACKAGE_TARNAME ""
| #define PACKAGE_VERSION ""
| #define PACKAGE_STRING ""
| #define PACKAGE_BUGREPORT ""
| #define WORDS_BIGENDIAN 1
| #define HAVE_SYS_FILE_H 1
| #define HAVE_SYS_PARAM_H 1
| #define HAVE_LIMITS_H 1
| #define HAVE_STDLIB_H 1
| #define HAVE_MALLOC_H 1
| #define HAVE_STRING_H 1
| #define HAVE_UNISTD_H 1
| #define HAVE_SYS_TIME_H 1
| #define HAVE_TIME_H 1
| #define HAVE_SYS_RESOURCE_H 1
| #define HAVE_SYS_STAT_H 1
| #define HAVE_FCNTL_H 1
| #define HAVE_ALLOCA_H 1
| /* end confdefs.h.  */
| #include <sys/systemcfg.h>
configure:3731: result: no
configure:3691: checking for stdint.h
configure:3704: /home/asip00/epp/AM_tools/gcc-4.2.2/build-gcc/./gcc/xgcc -B/home/asip00/epp/AM_tools/gcc-4.2.2/build-gcc/./gcc/ -B/home/asip-sajjad04/ASIPSS20/ASIPMeisterProjects/Session0/brownie/meister/browstd32.swgen/brownie32-elf/bin/ -B/home/asip-sajjad04/ASIPSS20/ASIPMeisterProjects/Session0/brownie/meister/browstd32.swgen/brownie32-elf/lib/ -isystem /home/asip-sajjad04/ASIPSS20/ASIPMeisterProjects/Session0/brownie/meister/browstd32.swgen/brownie32-elf/include -isystem /home/asip-sajjad04/ASIPSS20/ASIPMeisterProjects/Session0/brownie/meister/browstd32.swgen/brownie32-elf/sys-include -E  conftest.c
configure:3710: $? = 0
configure:3731: result: yes
configure:3691: checking for stdio_ext.h
configure:3704: /home/asip00/epp/AM_tools/gcc-4.2.2/build-gcc/./gcc/xgcc -B/home/asip00/epp/AM_tools/gcc-4.2.2/build-gcc/./gcc/ -B/home/asip-sajjad04/ASIPSS20/ASIPMeisterProjects/Session0/brownie/meister/browstd32.swgen/brownie32-elf/bin/ -B/home/asip-sajjad04/ASIPSS20/ASIPMeisterProjects/Session0/brownie/meister/browstd32.swgen/brownie32-elf/lib/ -isystem /home/asip-sajjad04/ASIPSS20/ASIPMeisterProjects/Session0/brownie/meister/browstd32.swgen/brownie32-elf/include -isystem /home/asip-sajjad04/ASIPSS20/ASIPMeisterProjects/Session0/brownie/meister/browstd32.swgen/brownie32-elf/sys-include -E  conftest.c
conftest.c:24:23: error: stdio_ext.h: No such file or directory
configure:3710: $? = 1
configure: failed program was:
| /* confdefs.h.  */
| 
| #define PACKAGE_NAME ""
| #define PACKAGE_TARNAME ""
| #define PACKAGE_VERSION ""
| #define PACKAGE_STRING ""
| #define PACKAGE_BUGREPORT ""
| #define WORDS_BIGENDIAN 1
| #define HAVE_SYS_FILE_H 1
| #define HAVE_SYS_PARAM_H 1
| #define HAVE_LIMITS_H 1
| #define HAVE_STDLIB_H 1
| #define HAVE_MALLOC_H 1
| #define HAVE_STRING_H 1
| #define HAVE_UNISTD_H 1
| #define HAVE_SYS_TIME_H 1
| #define HAVE_TIME_H 1
| #define HAVE_SYS_RESOURCE_H 1
| #define HAVE_SYS_STAT_H 1
| #define HAVE_FCNTL_H 1
| #define HAVE_ALLOCA_H 1
| #define HAVE_STDINT_H 1
| /* end confdefs.h.  */
| #include <stdio_ext.h>
configure:3731: result: no
configure:3741: checking for sys/wait.h that is POSIX.1 compatible
configure:3772: /home/asip00/epp/AM_tools/gcc-4.2.2/build-gcc/./gcc/xgcc -B/home/asip00/epp/AM_tools/gcc-4.2.2/build-gcc/./gcc/ -B/home/asip-sajjad04/ASIPSS20/ASIPMeisterProjects/Session0/brownie/meister/browstd32.swgen/brownie32-elf/bin/ -B/home/asip-sajjad04/ASIPSS20/ASIPMeisterProjects/Session0/brownie/meister/browstd32.swgen/brownie32-elf/lib/ -isystem /home/asip-sajjad04/ASIPSS20/ASIPMeisterProjects/Session0/brownie/meister/browstd32.swgen/brownie32-elf/include -isystem /home/asip-sajjad04/ASIPSS20/ASIPMeisterProjects/Session0/brownie/meister/browstd32.swgen/brownie32-elf/sys-include -c -O2 -g -O2   conftest.c >&5
configure:3778: $? = 0
configure:3782: test -z 
			 || test ! -s conftest.err
configure:3785: $? = 0
configure:3788: test -s conftest.o
configure:3791: $? = 0
configure:3802: result: yes
configure:3812: checking whether time.h and sys/time.h may both be included
configure:3837: /home/asip00/epp/AM_tools/gcc-4.2.2/build-gcc/./gcc/xgcc -B/home/asip00/epp/AM_tools/gcc-4.2.2/build-gcc/./gcc/ -B/home/asip-sajjad04/ASIPSS20/ASIPMeisterProjects/Session0/brownie/meister/browstd32.swgen/brownie32-elf/bin/ -B/home/asip-sajjad04/ASIPSS20/ASIPMeisterProjects/Session0/brownie/meister/browstd32.swgen/brownie32-elf/lib/ -isystem /home/asip-sajjad04/ASIPSS20/ASIPMeisterProjects/Session0/brownie/meister/browstd32.swgen/brownie32-elf/include -isystem /home/asip-sajjad04/ASIPSS20/ASIPMeisterProjects/Session0/brownie/meister/browstd32.swgen/brownie32-elf/sys-include -c -O2 -g -O2   conftest.c >&5
configure:3843: $? = 0
configure:3847: test -z 
			 || test ! -s conftest.err
configure:3850: $? = 0
configure:3853: test -s conftest.o
configure:3856: $? = 0
configure:3867: result: yes
configure:3878: checking whether errno must be declared
configure:3899: /home/asip00/epp/AM_tools/gcc-4.2.2/build-gcc/./gcc/xgcc -B/home/asip00/epp/AM_tools/gcc-4.2.2/build-gcc/./gcc/ -B/home/asip-sajjad04/ASIPSS20/ASIPMeisterProjects/Session0/brownie/meister/browstd32.swgen/brownie32-elf/bin/ -B/home/asip-sajjad04/ASIPSS20/ASIPMeisterProjects/Session0/brownie/meister/browstd32.swgen/brownie32-elf/lib/ -isystem /home/asip-sajjad04/ASIPSS20/ASIPMeisterProjects/Session0/brownie/meister/browstd32.swgen/brownie32-elf/include -isystem /home/asip-sajjad04/ASIPSS20/ASIPMeisterProjects/Session0/brownie/meister/browstd32.swgen/brownie32-elf/sys-include -c -O2 -g -O2   conftest.c >&5
configure:3905: $? = 0
configure:3909: test -z 
			 || test ! -s conftest.err
configure:3912: $? = 0
configure:3915: test -s conftest.o
configure:3918: $? = 0
configure:3929: result: no
configure:3941: checking for egrep
configure:3951: result: grep -E
configure:3956: checking for ANSI C header files
configure:3981: /home/asip00/epp/AM_tools/gcc-4.2.2/build-gcc/./gcc/xgcc -B/home/asip00/epp/AM_tools/gcc-4.2.2/build-gcc/./gcc/ -B/home/asip-sajjad04/ASIPSS20/ASIPMeisterProjects/Session0/brownie/meister/browstd32.swgen/brownie32-elf/bin/ -B/home/asip-sajjad04/ASIPSS20/ASIPMeisterProjects/Session0/brownie/meister/browstd32.swgen/brownie32-elf/lib/ -isystem /home/asip-sajjad04/ASIPSS20/ASIPMeisterProjects/Session0/brownie/meister/browstd32.swgen/brownie32-elf/include -isystem /home/asip-sajjad04/ASIPSS20/ASIPMeisterProjects/Session0/brownie/meister/browstd32.swgen/brownie32-elf/sys-include -c -O2 -g -O2   conftest.c >&5
configure:3987: $? = 0
configure:3991: test -z 
			 || test ! -s conftest.err
configure:3994: $? = 0
configure:3997: test -s conftest.o
configure:4000: $? = 0
configure:4112: result: yes
configure:4136: checking for sys/types.h
configure:4149: /home/asip00/epp/AM_tools/gcc-4.2.2/build-gcc/./gcc/xgcc -B/home/asip00/epp/AM_tools/gcc-4.2.2/build-gcc/./gcc/ -B/home/asip-sajjad04/ASIPSS20/ASIPMeisterProjects/Session0/brownie/meister/browstd32.swgen/brownie32-elf/bin/ -B/home/asip-sajjad04/ASIPSS20/ASIPMeisterProjects/Session0/brownie/meister/browstd32.swgen/brownie32-elf/lib/ -isystem /home/asip-sajjad04/ASIPSS20/ASIPMeisterProjects/Session0/brownie/meister/browstd32.swgen/brownie32-elf/include -isystem /home/asip-sajjad04/ASIPSS20/ASIPMeisterProjects/Session0/brownie/meister/browstd32.swgen/brownie32-elf/sys-include -E  conftest.c
configure:4155: $? = 0
configure:4176: result: yes
configure:4136: checking for sys/stat.h
configure:4176: result: yes
configure:4136: checking for stdlib.h
configure:4176: result: yes
configure:4136: checking for string.h
configure:4176: result: yes
configure:4136: checking for memory.h
configure:4149: /home/asip00/epp/AM_tools/gcc-4.2.2/build-gcc/./gcc/xgcc -B/home/asip00/epp/AM_tools/gcc-4.2.2/build-gcc/./gcc/ -B/home/asip-sajjad04/ASIPSS20/ASIPMeisterProjects/Session0/brownie/meister/browstd32.swgen/brownie32-elf/bin/ -B/home/asip-sajjad04/ASIPSS20/ASIPMeisterProjects/Session0/brownie/meister/browstd32.swgen/brownie32-elf/lib/ -isystem /home/asip-sajjad04/ASIPSS20/ASIPMeisterProjects/Session0/brownie/meister/browstd32.swgen/brownie32-elf/include -isystem /home/asip-sajjad04/ASIPSS20/ASIPMeisterProjects/Session0/brownie/meister/browstd32.swgen/brownie32-elf/sys-include -E  conftest.c
conftest.c:31:20: error: memory.h: No such file or directory
configure:4155: $? = 1
configure: failed program was:
| /* confdefs.h.  */
| 
| #define PACKAGE_NAME ""
| #define PACKAGE_TARNAME ""
| #define PACKAGE_VERSION ""
| #define PACKAGE_STRING ""
| #define PACKAGE_BUGREPORT ""
| #define WORDS_BIGENDIAN 1
| #define HAVE_SYS_FILE_H 1
| #define HAVE_SYS_PARAM_H 1
| #define HAVE_LIMITS_H 1
| #define HAVE_STDLIB_H 1
| #define HAVE_MALLOC_H 1
| #define HAVE_STRING_H 1
| #define HAVE_UNISTD_H 1
| #define HAVE_SYS_TIME_H 1
| #define HAVE_TIME_H 1
| #define HAVE_SYS_RESOURCE_H 1
| #define HAVE_SYS_STAT_H 1
| #define HAVE_FCNTL_H 1
| #define HAVE_ALLOCA_H 1
| #define HAVE_STDINT_H 1
| #define HAVE_SYS_WAIT_H 1
| #define TIME_WITH_SYS_TIME 1
| #define STDC_HEADERS 1
| #define HAVE_SYS_TYPES_H 1
| #define HAVE_SYS_STAT_H 1
| #define HAVE_STDLIB_H 1
| #define HAVE_STRING_H 1
| /* end confdefs.h.  */
| #include <memory.h>
configure:4176: result: no
configure:4136: checking for strings.h
configure:4176: result: no
configure:4136: checking for inttypes.h
configure:4149: /home/asip00/epp/AM_tools/gcc-4.2.2/build-gcc/./gcc/xgcc -B/home/asip00/epp/AM_tools/gcc-4.2.2/build-gcc/./gcc/ -B/home/asip-sajjad04/ASIPSS20/ASIPMeisterProjects/Session0/brownie/meister/browstd32.swgen/brownie32-elf/bin/ -B/home/asip-sajjad04/ASIPSS20/ASIPMeisterProjects/Session0/brownie/meister/browstd32.swgen/brownie32-elf/lib/ -isystem /home/asip-sajjad04/ASIPSS20/ASIPMeisterProjects/Session0/brownie/meister/browstd32.swgen/brownie32-elf/include -isystem /home/asip-sajjad04/ASIPSS20/ASIPMeisterProjects/Session0/brownie/meister/browstd32.swgen/brownie32-elf/sys-include -E  conftest.c
configure:4155: $? = 0
configure:4176: result: yes
configure:4136: checking for stdint.h
configure:4176: result: yes
configure:4136: checking for unistd.h
configure:4176: result: yes
configure:4187: checking for int
configure:4211: /home/asip00/epp/AM_tools/gcc-4.2.2/build-gcc/./gcc/xgcc -B/home/asip00/epp/AM_tools/gcc-4.2.2/build-gcc/./gcc/ -B/home/asip-sajjad04/ASIPSS20/ASIPMeisterProjects/Session0/brownie/meister/browstd32.swgen/brownie32-elf/bin/ -B/home/asip-sajjad04/ASIPSS20/ASIPMeisterProjects/Session0/brownie/meister/browstd32.swgen/brownie32-elf/lib/ -isystem /home/asip-sajjad04/ASIPSS20/ASIPMeisterProjects/Session0/brownie/meister/browstd32.swgen/brownie32-elf/include -isystem /home/asip-sajjad04/ASIPSS20/ASIPMeisterProjects/Session0/brownie/meister/browstd32.swgen/brownie32-elf/sys-include -c -O2 -g -O2   conftest.c >&5
configure:4217: $? = 0
configure:4221: test -z 
			 || test ! -s conftest.err
configure:4224: $? = 0
configure:4227: test -s conftest.o
configure:4230: $? = 0
configure:4241: result: yes
configure:4244: checking size of int
configure:4274: /home/asip00/epp/AM_tools/gcc-4.2.2/build-gcc/./gcc/xgcc -B/home/asip00/epp/AM_tools/gcc-4.2.2/build-gcc/./gcc/ -B/home/asip-sajjad04/ASIPSS20/ASIPMeisterProjects/Session0/brownie/meister/browstd32.swgen/brownie32-elf/bin/ -B/home/asip-sajjad04/ASIPSS20/ASIPMeisterProjects/Session0/brownie/meister/browstd32.swgen/brownie32-elf/lib/ -isystem /home/asip-sajjad04/ASIPSS20/ASIPMeisterProjects/Session0/brownie/meister/browstd32.swgen/brownie32-elf/include -isystem /home/asip-sajjad04/ASIPSS20/ASIPMeisterProjects/Session0/brownie/meister/browstd32.swgen/brownie32-elf/sys-include -c -O2 -g -O2   conftest.c >&5
configure:4280: $? = 0
configure:4284: test -z 
			 || test ! -s conftest.err
configure:4287: $? = 0
configure:4290: test -s conftest.o
configure:4293: $? = 0
configure:4315: /home/asip00/epp/AM_tools/gcc-4.2.2/build-gcc/./gcc/xgcc -B/home/asip00/epp/AM_tools/gcc-4.2.2/build-gcc/./gcc/ -B/home/asip-sajjad04/ASIPSS20/ASIPMeisterProjects/Session0/brownie/meister/browstd32.swgen/brownie32-elf/bin/ -B/home/asip-sajjad04/ASIPSS20/ASIPMeisterProjects/Session0/brownie/meister/browstd32.swgen/brownie32-elf/lib/ -isystem /home/asip-sajjad04/ASIPSS20/ASIPMeisterProjects/Session0/brownie/meister/browstd32.swgen/brownie32-elf/include -isystem /home/asip-sajjad04/ASIPSS20/ASIPMeisterProjects/Session0/brownie/meister/browstd32.swgen/brownie32-elf/sys-include -c -O2 -g -O2   conftest.c >&5
conftest.c: In function 'main':
conftest.c:71: error: size of array 'test_array' is negative
configure:4321: $? = 1
configure: failed program was:
| /* confdefs.h.  */
| 
| #define PACKAGE_NAME ""
| #define PACKAGE_TARNAME ""
| #define PACKAGE_VERSION ""
| #define PACKAGE_STRING ""
| #define PACKAGE_BUGREPORT ""
| #define WORDS_BIGENDIAN 1
| #define HAVE_SYS_FILE_H 1
| #define HAVE_SYS_PARAM_H 1
| #define HAVE_LIMITS_H 1
| #define HAVE_STDLIB_H 1
| #define HAVE_MALLOC_H 1
| #define HAVE_STRING_H 1
| #define HAVE_UNISTD_H 1
| #define HAVE_SYS_TIME_H 1
| #define HAVE_TIME_H 1
| #define HAVE_SYS_RESOURCE_H 1
| #define HAVE_SYS_STAT_H 1
| #define HAVE_FCNTL_H 1
| #define HAVE_ALLOCA_H 1
| #define HAVE_STDINT_H 1
| #define HAVE_SYS_WAIT_H 1
| #define TIME_WITH_SYS_TIME 1
| #define STDC_HEADERS 1
| #define HAVE_SYS_TYPES_H 1
| #define HAVE_SYS_STAT_H 1
| #define HAVE_STDLIB_H 1
| #define HAVE_STRING_H 1
| #define HAVE_INTTYPES_H 1
| #define HAVE_STDINT_H 1
| #define HAVE_UNISTD_H 1
| /* end confdefs.h.  */
| #include <stdio.h>
| #if HAVE_SYS_TYPES_H
| # include <sys/types.h>
| #endif
| #if HAVE_SYS_STAT_H
| # include <sys/stat.h>
| #endif
| #if STDC_HEADERS
| # include <stdlib.h>
| # include <stddef.h>
| #else
| # if HAVE_STDLIB_H
| #  include <stdlib.h>
| # endif
| #endif
| #if HAVE_STRING_H
| # if !STDC_HEADERS && HAVE_MEMORY_H
| #  include <memory.h>
| # endif
| # include <string.h>
| #endif
| #if HAVE_STRINGS_H
| # include <strings.h>
| #endif
| #if HAVE_INTTYPES_H
| # include <inttypes.h>
| #else
| # if HAVE_STDINT_H
| #  include <stdint.h>
| # endif
| #endif
| #if HAVE_UNISTD_H
| # include <unistd.h>
| #endif
| int
| main ()
| {
| static int test_array [1 - 2 * !(((long) (sizeof (int))) <= 0)];
| test_array [0] = 0
| 
|   ;
|   return 0;
| }
configure:4315: /home/asip00/epp/AM_tools/gcc-4.2.2/build-gcc/./gcc/xgcc -B/home/asip00/epp/AM_tools/gcc-4.2.2/build-gcc/./gcc/ -B/home/asip-sajjad04/ASIPSS20/ASIPMeisterProjects/Session0/brownie/meister/browstd32.swgen/brownie32-elf/bin/ -B/home/asip-sajjad04/ASIPSS20/ASIPMeisterProjects/Session0/brownie/meister/browstd32.swgen/brownie32-elf/lib/ -isystem /home/asip-sajjad04/ASIPSS20/ASIPMeisterProjects/Session0/brownie/meister/browstd32.swgen/brownie32-elf/include -isystem /home/asip-sajjad04/ASIPSS20/ASIPMeisterProjects/Session0/brownie/meister/browstd32.swgen/brownie32-elf/sys-include -c -O2 -g -O2   conftest.c >&5
conftest.c: In function 'main':
conftest.c:71: error: size of array 'test_array' is negative
configure:4321: $? = 1
configure: failed program was:
| /* confdefs.h.  */
| 
| #define PACKAGE_NAME ""
| #define PACKAGE_TARNAME ""
| #define PACKAGE_VERSION ""
| #define PACKAGE_STRING ""
| #define PACKAGE_BUGREPORT ""
| #define WORDS_BIGENDIAN 1
| #define HAVE_SYS_FILE_H 1
| #define HAVE_SYS_PARAM_H 1
| #define HAVE_LIMITS_H 1
| #define HAVE_STDLIB_H 1
| #define HAVE_MALLOC_H 1
| #define HAVE_STRING_H 1
| #define HAVE_UNISTD_H 1
| #define HAVE_SYS_TIME_H 1
| #define HAVE_TIME_H 1
| #define HAVE_SYS_RESOURCE_H 1
| #define HAVE_SYS_STAT_H 1
| #define HAVE_FCNTL_H 1
| #define HAVE_ALLOCA_H 1
| #define HAVE_STDINT_H 1
| #define HAVE_SYS_WAIT_H 1
| #define TIME_WITH_SYS_TIME 1
| #define STDC_HEADERS 1
| #define HAVE_SYS_TYPES_H 1
| #define HAVE_SYS_STAT_H 1
| #define HAVE_STDLIB_H 1
| #define HAVE_STRING_H 1
| #define HAVE_INTTYPES_H 1
| #define HAVE_STDINT_H 1
| #define HAVE_UNISTD_H 1
| /* end confdefs.h.  */
| #include <stdio.h>
| #if HAVE_SYS_TYPES_H
| # include <sys/types.h>
| #endif
| #if HAVE_SYS_STAT_H
| # include <sys/stat.h>
| #endif
| #if STDC_HEADERS
| # include <stdlib.h>
| # include <stddef.h>
| #else
| # if HAVE_STDLIB_H
| #  include <stdlib.h>
| # endif
| #endif
| #if HAVE_STRING_H
| # if !STDC_HEADERS && HAVE_MEMORY_H
| #  include <memory.h>
| # endif
| # include <string.h>
| #endif
| #if HAVE_STRINGS_H
| # include <strings.h>
| #endif
| #if HAVE_INTTYPES_H
| # include <inttypes.h>
| #else
| # if HAVE_STDINT_H
| #  include <stdint.h>
| # endif
| #endif
| #if HAVE_UNISTD_H
| # include <unistd.h>
| #endif
| int
| main ()
| {
| static int test_array [1 - 2 * !(((long) (sizeof (int))) <= 1)];
| test_array [0] = 0
| 
|   ;
|   return 0;
| }
configure:4315: /home/asip00/epp/AM_tools/gcc-4.2.2/build-gcc/./gcc/xgcc -B/home/asip00/epp/AM_tools/gcc-4.2.2/build-gcc/./gcc/ -B/home/asip-sajjad04/ASIPSS20/ASIPMeisterProjects/Session0/brownie/meister/browstd32.swgen/brownie32-elf/bin/ -B/home/asip-sajjad04/ASIPSS20/ASIPMeisterProjects/Session0/brownie/meister/browstd32.swgen/brownie32-elf/lib/ -isystem /home/asip-sajjad04/ASIPSS20/ASIPMeisterProjects/Session0/brownie/meister/browstd32.swgen/brownie32-elf/include -isystem /home/asip-sajjad04/ASIPSS20/ASIPMeisterProjects/Session0/brownie/meister/browstd32.swgen/brownie32-elf/sys-include -c -O2 -g -O2   conftest.c >&5
conftest.c: In function 'main':
conftest.c:71: error: size of array 'test_array' is negative
configure:4321: $? = 1
configure: failed program was:
| /* confdefs.h.  */
| 
| #define PACKAGE_NAME ""
| #define PACKAGE_TARNAME ""
| #define PACKAGE_VERSION ""
| #define PACKAGE_STRING ""
| #define PACKAGE_BUGREPORT ""
| #define WORDS_BIGENDIAN 1
| #define HAVE_SYS_FILE_H 1
| #define HAVE_SYS_PARAM_H 1
| #define HAVE_LIMITS_H 1
| #define HAVE_STDLIB_H 1
| #define HAVE_MALLOC_H 1
| #define HAVE_STRING_H 1
| #define HAVE_UNISTD_H 1
| #define HAVE_SYS_TIME_H 1
| #define HAVE_TIME_H 1
| #define HAVE_SYS_RESOURCE_H 1
| #define HAVE_SYS_STAT_H 1
| #define HAVE_FCNTL_H 1
| #define HAVE_ALLOCA_H 1
| #define HAVE_STDINT_H 1
| #define HAVE_SYS_WAIT_H 1
| #define TIME_WITH_SYS_TIME 1
| #define STDC_HEADERS 1
| #define HAVE_SYS_TYPES_H 1
| #define HAVE_SYS_STAT_H 1
| #define HAVE_STDLIB_H 1
| #define HAVE_STRING_H 1
| #define HAVE_INTTYPES_H 1
| #define HAVE_STDINT_H 1
| #define HAVE_UNISTD_H 1
| /* end confdefs.h.  */
| #include <stdio.h>
| #if HAVE_SYS_TYPES_H
| # include <sys/types.h>
| #endif
| #if HAVE_SYS_STAT_H
| # include <sys/stat.h>
| #endif
| #if STDC_HEADERS
| # include <stdlib.h>
| # include <stddef.h>
| #else
| # if HAVE_STDLIB_H
| #  include <stdlib.h>
| # endif
| #endif
| #if HAVE_STRING_H
| # if !STDC_HEADERS && HAVE_MEMORY_H
| #  include <memory.h>
| # endif
| # include <string.h>
| #endif
| #if HAVE_STRINGS_H
| # include <strings.h>
| #endif
| #if HAVE_INTTYPES_H
| # include <inttypes.h>
| #else
| # if HAVE_STDINT_H
| #  include <stdint.h>
| # endif
| #endif
| #if HAVE_UNISTD_H
| # include <unistd.h>
| #endif
| int
| main ()
| {
| static int test_array [1 - 2 * !(((long) (sizeof (int))) <= 3)];
| test_array [0] = 0
| 
|   ;
|   return 0;
| }
configure:4315: /home/asip00/epp/AM_tools/gcc-4.2.2/build-gcc/./gcc/xgcc -B/home/asip00/epp/AM_tools/gcc-4.2.2/build-gcc/./gcc/ -B/home/asip-sajjad04/ASIPSS20/ASIPMeisterProjects/Session0/brownie/meister/browstd32.swgen/brownie32-elf/bin/ -B/home/asip-sajjad04/ASIPSS20/ASIPMeisterProjects/Session0/brownie/meister/browstd32.swgen/brownie32-elf/lib/ -isystem /home/asip-sajjad04/ASIPSS20/ASIPMeisterProjects/Session0/brownie/meister/browstd32.swgen/brownie32-elf/include -isystem /home/asip-sajjad04/ASIPSS20/ASIPMeisterProjects/Session0/brownie/meister/browstd32.swgen/brownie32-elf/sys-include -c -O2 -g -O2   conftest.c >&5
configure:4321: $? = 0
configure:4325: test -z 
			 || test ! -s conftest.err
configure:4328: $? = 0
configure:4331: test -s conftest.o
configure:4334: $? = 0
configure:4478: /home/asip00/epp/AM_tools/gcc-4.2.2/build-gcc/./gcc/xgcc -B/home/asip00/epp/AM_tools/gcc-4.2.2/build-gcc/./gcc/ -B/home/asip-sajjad04/ASIPSS20/ASIPMeisterProjects/Session0/brownie/meister/browstd32.swgen/brownie32-elf/bin/ -B/home/asip-sajjad04/ASIPSS20/ASIPMeisterProjects/Session0/brownie/meister/browstd32.swgen/brownie32-elf/lib/ -isystem /home/asip-sajjad04/ASIPSS20/ASIPMeisterProjects/Session0/brownie/meister/browstd32.swgen/brownie32-elf/include -isystem /home/asip-sajjad04/ASIPSS20/ASIPMeisterProjects/Session0/brownie/meister/browstd32.swgen/brownie32-elf/sys-include -c -O2 -g -O2   conftest.c >&5
configure:4484: $? = 0
configure:4488: test -z 
			 || test ! -s conftest.err
configure:4491: $? = 0
configure:4494: test -s conftest.o
configure:4497: $? = 0
configure:4478: /home/asip00/epp/AM_tools/gcc-4.2.2/build-gcc/./gcc/xgcc -B/home/asip00/epp/AM_tools/gcc-4.2.2/build-gcc/./gcc/ -B/home/asip-sajjad04/ASIPSS20/ASIPMeisterProjects/Session0/brownie/meister/browstd32.swgen/brownie32-elf/bin/ -B/home/asip-sajjad04/ASIPSS20/ASIPMeisterProjects/Session0/brownie/meister/browstd32.swgen/brownie32-elf/lib/ -isystem /home/asip-sajjad04/ASIPSS20/ASIPMeisterProjects/Session0/brownie/meister/browstd32.swgen/brownie32-elf/include -isystem /home/asip-sajjad04/ASIPSS20/ASIPMeisterProjects/Session0/brownie/meister/browstd32.swgen/brownie32-elf/sys-include -c -O2 -g -O2   conftest.c >&5
configure:4484: $? = 0
configure:4488: test -z 
			 || test ! -s conftest.err
configure:4491: $? = 0
configure:4494: test -s conftest.o
configure:4497: $? = 0
configure:4594: result: 4
configure:4602: checking for uintptr_t
configure:4626: /home/asip00/epp/AM_tools/gcc-4.2.2/build-gcc/./gcc/xgcc -B/home/asip00/epp/AM_tools/gcc-4.2.2/build-gcc/./gcc/ -B/home/asip-sajjad04/ASIPSS20/ASIPMeisterProjects/Session0/brownie/meister/browstd32.swgen/brownie32-elf/bin/ -B/home/asip-sajjad04/ASIPSS20/ASIPMeisterProjects/Session0/brownie/meister/browstd32.swgen/brownie32-elf/lib/ -isystem /home/asip-sajjad04/ASIPSS20/ASIPMeisterProjects/Session0/brownie/meister/browstd32.swgen/brownie32-elf/include -isystem /home/asip-sajjad04/ASIPSS20/ASIPMeisterProjects/Session0/brownie/meister/browstd32.swgen/brownie32-elf/sys-include -c -O2 -g -O2   conftest.c >&5
configure:4632: $? = 0
configure:4636: test -z 
			 || test ! -s conftest.err
configure:4639: $? = 0
configure:4642: test -s conftest.o
configure:4645: $? = 0
configure:4656: result: yes
configure:4670: checking for a 64-bit type
configure:4693: /home/asip00/epp/AM_tools/gcc-4.2.2/build-gcc/./gcc/xgcc -B/home/asip00/epp/AM_tools/gcc-4.2.2/build-gcc/./gcc/ -B/home/asip-sajjad04/ASIPSS20/ASIPMeisterProjects/Session0/brownie/meister/browstd32.swgen/brownie32-elf/bin/ -B/home/asip-sajjad04/ASIPSS20/ASIPMeisterProjects/Session0/brownie/meister/browstd32.swgen/brownie32-elf/lib/ -isystem /home/asip-sajjad04/ASIPSS20/ASIPMeisterProjects/Session0/brownie/meister/browstd32.swgen/brownie32-elf/include -isystem /home/asip-sajjad04/ASIPSS20/ASIPMeisterProjects/Session0/brownie/meister/browstd32.swgen/brownie32-elf/sys-include -c -O2 -g -O2   conftest.c >&5
configure:4699: $? = 0
configure:4703: test -z 
			 || test ! -s conftest.err
configure:4706: $? = 0
configure:4709: test -s conftest.o
configure:4712: $? = 0
configure:4822: result: uint64_t
configure:4841: checking for pid_t
configure:4865: /home/asip00/epp/AM_tools/gcc-4.2.2/build-gcc/./gcc/xgcc -B/home/asip00/epp/AM_tools/gcc-4.2.2/build-gcc/./gcc/ -B/home/asip-sajjad04/ASIPSS20/ASIPMeisterProjects/Session0/brownie/meister/browstd32.swgen/brownie32-elf/bin/ -B/home/asip-sajjad04/ASIPSS20/ASIPMeisterProjects/Session0/brownie/meister/browstd32.swgen/brownie32-elf/lib/ -isystem /home/asip-sajjad04/ASIPSS20/ASIPMeisterProjects/Session0/brownie/meister/browstd32.swgen/brownie32-elf/include -isystem /home/asip-sajjad04/ASIPSS20/ASIPMeisterProjects/Session0/brownie/meister/browstd32.swgen/brownie32-elf/sys-include -c -O2 -g -O2   conftest.c >&5
configure:4871: $? = 0
configure:4875: test -z 
			 || test ! -s conftest.err
configure:4878: $? = 0
configure:4881: test -s conftest.o
configure:4884: $? = 0
configure:4895: result: yes
configure:8749: checking for working strncmp
configure:8849: result: no
configure:8986: creating ./config.status

## ---------------------- ##
## Running config.status. ##
## ---------------------- ##

This file was extended by config.status, which was
generated by GNU Autoconf 2.59.  Invocation command line was

  CONFIG_FILES    = 
  CONFIG_HEADERS  = 
  CONFIG_LINKS    = 
  CONFIG_COMMANDS = 
  $ ./config.status 

on i80pc57

config.status:702: creating Makefile
config.status:702: creating testsuite/Makefile
config.status:799: creating config.h
config.status:1219: executing default commands

## ---------------- ##
## Cache variables. ##
## ---------------- ##

ac_cv_build=i686-pc-linux-gnu
ac_cv_build_alias=i686-pc-linux-gnu
ac_cv_c_bigendian=yes
ac_cv_c_compiler_gnu=yes
ac_cv_c_const=yes
ac_cv_c_inline=inline
ac_cv_env_CC_set=set
ac_cv_env_CC_value='/home/asip00/epp/AM_tools/gcc-4.2.2/build-gcc/./gcc/xgcc -B/home/asip00/epp/AM_tools/gcc-4.2.2/build-gcc/./gcc/ -B/home/asip-sajjad04/ASIPSS20/ASIPMeisterProjects/Session0/brownie/meister/browstd32.swgen/brownie32-elf/bin/ -B/home/asip-sajjad04/ASIPSS20/ASIPMeisterProjects/Session0/brownie/meister/browstd32.swgen/brownie32-elf/lib/ -isystem /home/asip-sajjad04/ASIPSS20/ASIPMeisterProjects/Session0/brownie/meister/browstd32.swgen/brownie32-elf/include -isystem /home/asip-sajjad04/ASIPSS20/ASIPMeisterProjects/Session0/brownie/meister/browstd32.swgen/brownie32-elf/sys-include'
ac_cv_env_CFLAGS_set=set
ac_cv_env_CFLAGS_value='-O2 -g -O2 '
ac_cv_env_CPPFLAGS_set=set
ac_cv_env_CPPFLAGS_value=
ac_cv_env_CPP_set=
ac_cv_env_CPP_value=
ac_cv_env_LDFLAGS_set=set
ac_cv_env_LDFLAGS_value=
ac_cv_env_build_alias_set=set
ac_cv_env_build_alias_value=i686-pc-linux-gnu
ac_cv_env_host_alias_set=set
ac_cv_env_host_alias_value=brownie32-elf
ac_cv_env_target_alias_set=set
ac_cv_env_target_alias_value=brownie32-elf
ac_cv_func_mmap_fixed_mapped=no
ac_cv_func_strncmp_works=no
ac_cv_header_alloca_h=yes
ac_cv_header_fcntl_h=yes
ac_cv_header_inttypes_h=yes
ac_cv_header_limits_h=yes
ac_cv_header_machine_hal_sysinfo_h=no
ac_cv_header_malloc_h=yes
ac_cv_header_memory_h=no
ac_cv_header_stdc=yes
ac_cv_header_stdint_h=yes
ac_cv_header_stdio_ext_h=no
ac_cv_header_stdlib_h=yes
ac_cv_header_string_h=yes
ac_cv_header_strings_h=no
ac_cv_header_sys_file_h=yes
ac_cv_header_sys_mman_h=no
ac_cv_header_sys_param_h=yes
ac_cv_header_sys_pstat_h=no
ac_cv_header_sys_resource_h=yes
ac_cv_header_sys_stat_h=yes
ac_cv_header_sys_sysctl_h=no
ac_cv_header_sys_sysinfo_h=no
ac_cv_header_sys_sysmp_h=no
ac_cv_header_sys_systemcfg_h=no
ac_cv_header_sys_table_h=no
ac_cv_header_sys_time_h=yes
ac_cv_header_sys_types_h=yes
ac_cv_header_sys_wait_h=yes
ac_cv_header_time=yes
ac_cv_header_time_h=yes
ac_cv_header_unistd_h=yes
ac_cv_host=brownie32-unknown-elf
ac_cv_host_alias=brownie32-elf
ac_cv_objext=o
ac_cv_prog_AR=/home/asip-sajjad04/ASIPSS20/ASIPMeisterProjects/Session0/brownie/meister/browstd32.swgen/brownie32-elf/bin/ar
ac_cv_prog_CC='/home/asip00/epp/AM_tools/gcc-4.2.2/build-gcc/./gcc/xgcc -B/home/asip00/epp/AM_tools/gcc-4.2.2/build-gcc/./gcc/ -B/home/asip-sajjad04/ASIPSS20/ASIPMeisterProjects/Session0/brownie/meister/browstd32.swgen/brownie32-elf/bin/ -B/home/asip-sajjad04/ASIPSS20/ASIPMeisterProjects/Session0/brownie/meister/browstd32.swgen/brownie32-elf/lib/ -isystem /home/asip-sajjad04/ASIPSS20/ASIPMeisterProjects/Session0/brownie/meister/browstd32.swgen/brownie32-elf/include -isystem /home/asip-sajjad04/ASIPSS20/ASIPMeisterProjects/Session0/brownie/meister/browstd32.swgen/brownie32-elf/sys-include'
ac_cv_prog_CPP='/home/asip00/epp/AM_tools/gcc-4.2.2/build-gcc/./gcc/xgcc -B/home/asip00/epp/AM_tools/gcc-4.2.2/build-gcc/./gcc/ -B/home/asip-sajjad04/ASIPSS20/ASIPMeisterProjects/Session0/brownie/meister/browstd32.swgen/brownie32-elf/bin/ -B/home/asip-sajjad04/ASIPSS20/ASIPMeisterProjects/Session0/brownie/meister/browstd32.swgen/brownie32-elf/lib/ -isystem /home/asip-sajjad04/ASIPSS20/ASIPMeisterProjects/Session0/brownie/meister/browstd32.swgen/brownie32-elf/include -isystem /home/asip-sajjad04/ASIPSS20/ASIPMeisterProjects/Session0/brownie/meister/browstd32.swgen/brownie32-elf/sys-include -E'
ac_cv_prog_MAKEINFO='makeinfo --split-size=5000000'
ac_cv_prog_PERL=perl
ac_cv_prog_RANLIB=/home/asip-sajjad04/ASIPSS20/ASIPMeisterProjects/Session0/brownie/meister/browstd32.swgen/brownie32-elf/bin/ranlib
ac_cv_prog_cc__home_asip00_epp_AM_tools_gcc_4_2_2_build_gcc___gcc_xgcc_c_o=yes
ac_cv_prog_cc_g=yes
ac_cv_prog_cc_stdc=
ac_cv_prog_cc_w_cxx_compat=yes
ac_cv_prog_egrep='grep -E'
ac_cv_sizeof_int=4
ac_cv_type_int=yes
ac_cv_type_pid_t=yes
ac_cv_type_uintptr_t=yes
liberty_cv_uint64=uint64_t
libiberty_cv_declare_errno=no

## ----------------- ##
## Output variables. ##
## ----------------- ##

AR='/home/asip-sajjad04/ASIPSS20/ASIPMeisterProjects/Session0/brownie/meister/browstd32.swgen/brownie32-elf/bin/ar'
BUILD_INFO='info'
CC='/home/asip00/epp/AM_tools/gcc-4.2.2/build-gcc/./gcc/xgcc -B/home/asip00/epp/AM_tools/gcc-4.2.2/build-gcc/./gcc/ -B/home/asip-sajjad04/ASIPSS20/ASIPMeisterProjects/Session0/brownie/meister/browstd32.swgen/brownie32-elf/bin/ -B/home/asip-sajjad04/ASIPSS20/ASIPMeisterProjects/Session0/brownie/meister/browstd32.swgen/brownie32-elf/lib/ -isystem /home/asip-sajjad04/ASIPSS20/ASIPMeisterProjects/Session0/brownie/meister/browstd32.swgen/brownie32-elf/include -isystem /home/asip-sajjad04/ASIPSS20/ASIPMeisterProjects/Session0/brownie/meister/browstd32.swgen/brownie32-elf/sys-include'
CFLAGS='-O2 -g -O2 '
CHECK=''
CPP='/home/asip00/epp/AM_tools/gcc-4.2.2/build-gcc/./gcc/xgcc -B/home/asip00/epp/AM_tools/gcc-4.2.2/build-gcc/./gcc/ -B/home/asip-sajjad04/ASIPSS20/ASIPMeisterProjects/Session0/brownie/meister/browstd32.swgen/brownie32-elf/bin/ -B/home/asip-sajjad04/ASIPSS20/ASIPMeisterProjects/Session0/brownie/meister/browstd32.swgen/brownie32-elf/lib/ -isystem /home/asip-sajjad04/ASIPSS20/ASIPMeisterProjects/Session0/brownie/meister/browstd32.swgen/brownie32-elf/include -isystem /home/asip-sajjad04/ASIPSS20/ASIPMeisterProjects/Session0/brownie/meister/browstd32.swgen/brownie32-elf/sys-include -E'
CPPFLAGS=''
DEFS='-DHAVE_CONFIG_H'
ECHO_C=''
ECHO_N='-n'
ECHO_T=''
EGREP='grep -E'
EXEEXT=''
HAVE_PERL=''
INSTALL_DATA='/usr/bin/install -c -m 644'
INSTALL_DEST='tooldir'
INSTALL_PROGRAM='/usr/bin/install -c'
INSTALL_SCRIPT='/usr/bin/install -c'
LDFLAGS=''
LIBOBJS=' ./asprintf$U.o ./basename$U.o ./insque$U.o ./random$U.o ./strdup$U.o ./vasprintf$U.o ./strncmp$U.o'
LIBS=''
LTLIBOBJS=' ./asprintf$U.lo ./basename$U.lo ./insque$U.lo ./random$U.lo ./strdup$U.lo ./vasprintf$U.lo ./strncmp$U.lo'
MAINT='#'
MAKEINFO='makeinfo --split-size=5000000'
NOTMAINT=''
NO_MINUS_C_MINUS_O=''
OBJEXT='o'
OUTPUT_OPTION='-o $@'
PACKAGE_BUGREPORT=''
PACKAGE_NAME=''
PACKAGE_STRING=''
PACKAGE_TARNAME=''
PACKAGE_VERSION=''
PATH_SEPARATOR=':'
PERL='perl'
RANLIB='/home/asip-sajjad04/ASIPSS20/ASIPMeisterProjects/Session0/brownie/meister/browstd32.swgen/brownie32-elf/bin/ranlib'
SHELL='/bin/sh'
ac_ct_AR=''
ac_ct_CC=''
ac_ct_RANLIB=''
ac_libiberty_warn_cflags='-W -Wall -pedantic -Wwrite-strings -Wstrict-prototypes -Wc++-compat'
bindir='${exec_prefix}/bin'
build='i686-pc-linux-gnu'
build_alias='i686-pc-linux-gnu'
build_cpu='i686'
build_os='linux-gnu'
build_vendor='pc'
datadir='${prefix}/share'
datarootdir='/home/asip-sajjad04/ASIPSS20/ASIPMeisterProjects/Session0/brownie/meister/browstd32.swgen/share'
docdir='/home/asip-sajjad04/ASIPSS20/ASIPMeisterProjects/Session0/brownie/meister/browstd32.swgen/share/doc'
exec_prefix='${prefix}'
host='brownie32-unknown-elf'
host_alias='brownie32-elf'
host_cpu='brownie32'
host_os='elf'
host_vendor='unknown'
htmldir='/home/asip-sajjad04/ASIPSS20/ASIPMeisterProjects/Session0/brownie/meister/browstd32.swgen/share/doc'
includedir='${prefix}/include'
infodir='${prefix}/info'
libdir='${exec_prefix}/lib'
libexecdir='${exec_prefix}/libexec'
libiberty_topdir='../../../libiberty/..'
localstatedir='${prefix}/var'
mandir='${prefix}/man'
oldincludedir='/usr/include'
pexecute='./pex-unix.o'
prefix='/home/asip-sajjad04/ASIPSS20/ASIPMeisterProjects/Session0/brownie/meister/browstd32.swgen'
program_transform_name='s,^,brownie32-elf-,; '
sbindir='${exec_prefix}/sbin'
sharedstatedir='${prefix}/com'
sysconfdir='${prefix}/etc'
target_alias='brownie32-elf'
target_header_dir=''

## ------------- ##
## Output files. ##
## ------------- ##

host_makefile_frag='xhost-mkfrag'

## ----------- ##
## confdefs.h. ##
## ----------- ##

#define HAVE_ALLOCA_H 1
#define HAVE_ATEXIT 1
#define HAVE_BCMP 1
#define HAVE_BCOPY 1
#define HAVE_BSEARCH 1
#define HAVE_BZERO 1
#define HAVE_CALLOC 1
#define HAVE_CLOCK 1
#define HAVE_FCNTL_H 1
#define HAVE_FFS 1
#define HAVE_GETCWD 1
#define HAVE_GETPAGESIZE 1
#define HAVE_GETTIMEOFDAY 1
#define HAVE_INDEX 1
#define HAVE_INTTYPES_H 1
#define HAVE_LIMITS_H 1
#define HAVE_MALLOC_H 1
#define HAVE_MEMCHR 1
#define HAVE_MEMCMP 1
#define HAVE_MEMCPY 1
#define HAVE_MEMMOVE 1
#define HAVE_MEMPCPY 1
#define HAVE_MEMSET 1
#define HAVE_MKSTEMPS 1
#define HAVE_PUTENV 1
#define HAVE_RENAME 1
#define HAVE_RINDEX 1
#define HAVE_SETENV 1
#define HAVE_SIGSETMASK 1
#define HAVE_SNPRINTF 1
#define HAVE_STDINT_H 1
#define HAVE_STDINT_H 1
#define HAVE_STDLIB_H 1
#define HAVE_STDLIB_H 1
#define HAVE_STPCPY 1
#define HAVE_STPNCPY 1
#define HAVE_STRCASECMP 1
#define HAVE_STRCHR 1
#define HAVE_STRERROR 1
#define HAVE_STRING_H 1
#define HAVE_STRING_H 1
#define HAVE_STRNCASECMP 1
#define HAVE_STRNDUP 1
#define HAVE_STRRCHR 1
#define HAVE_STRSTR 1
#define HAVE_STRTOD 1
#define HAVE_STRTOL 1
#define HAVE_STRTOUL 1
#define HAVE_STRVERSCMP 1
#define HAVE_SYS_FILE_H 1
#define HAVE_SYS_PARAM_H 1
#define HAVE_SYS_RESOURCE_H 1
#define HAVE_SYS_STAT_H 1
#define HAVE_SYS_STAT_H 1
#define HAVE_SYS_TIME_H 1
#define HAVE_SYS_TYPES_H 1
#define HAVE_SYS_WAIT_H 1
#define HAVE_TIME_H 1
#define HAVE_TMPNAM 1
#define HAVE_UINTPTR_T 1
#define HAVE_UNISTD_H 1
#define HAVE_UNISTD_H 1
#define HAVE_VFPRINTF 1
#define HAVE_VPRINTF 1
#define HAVE_VSNPRINTF 1
#define HAVE_VSPRINTF 1
#define HAVE_WAITPID 1
#define PACKAGE_BUGREPORT ""
#define PACKAGE_NAME ""
#define PACKAGE_STRING ""
#define PACKAGE_TARNAME ""
#define PACKAGE_VERSION ""
#define SIZEOF_INT 4
#define STDC_HEADERS 1
#define TIME_WITH_SYS_TIME 1
#define UNSIGNED_64BIT_TYPE uint64_t
#define WORDS_BIGENDIAN 1

configure: exit 0

## ---------------------- ##
## Running config.status. ##
## ---------------------- ##

This file was extended by config.status, which was
generated by GNU Autoconf 2.59.  Invocation command line was

  CONFIG_FILES    = 
  CONFIG_HEADERS  = config.h:../../../libiberty/config.in
  CONFIG_LINKS    = 
  CONFIG_COMMANDS = 
  $ ./config.status 

on i80pc57

config.status:799: creating config.h
config.status:1061: config.h is unchanged
config.status:1219: executing default commands
