****** Source Program List ******
LineNo	LC	Code		Source Program 
1				.section	.data
2				.section	.text
3				.addressing	Word
4			_start:
5	0000	03def026		xor	%GPR30, %GPR30, %GPR30
6	0001	03bde826		xor	%GPR29, %GPR29, %GPR29
7	0002	039ce026		xor	%GPR28, %GPR28, %GPR28
8	0003	00000000		sll	%GPR0,%GPR0,%GPR0
9	0004	27de0003		addui	%GPR30, %GPR30, $3
10	0005	27bd0003		addui	%GPR29, %GPR29, $3
11	0006	00000000		sll	%GPR0,%GPR0,%GPR0
12	0007	00000000		sll	%GPR0,%GPR0,%GPR0
13	0008	43de000c		slli	%GPR30, %GPR30, $12
14	0009	43bd000c		slli	%GPR29, %GPR29, $12
15	000a	00000000		sll	%GPR0,%GPR0,%GPR0
16	000b	00000000		sll	%GPR0,%GPR0,%GPR0
17	000c	00000000		sll	%GPR0,%GPR0,%GPR0
18	000d	afbefffc		sw	-4(%GPR29), %GPR30
19	000e	afbffff8		sw	-8(%GPR29), %GPR31
20	000f	23ddfff8		addi	%GPR29, %GPR30, $-8
21	0010	0c000036		jal	main	
22	0011	00000000		sll	%GPR0,%GPR0,%GPR0
23	0012	afa10000		sw	0(%GPR29), %GPR1
24	0013	0c000086		jal	exit	
25	0014	00000000		sll	%GPR0,%GPR0,%GPR0
26			max:
27			L_CFileHelp_1:
28	0015	00000000		sll	%GPR0,%GPR0,%GPR0
29	0016	00000000		sll	%GPR0,%GPR0,%GPR0
30	0017	00000000		sll	%GPR0,%GPR0,%GPR0
31	0018	afbefffc		sw	-4(%GPR29),%GPR30	
32	0019	afbf0000		sw	0(%GPR29),%GPR31	
33	001a	2fbe0004		subui	%GPR30,%GPR29,$4	
34	001b	2bbd0008		subi	%GPR29,%GPR29,$8	
35	001c	00000000		sll	%GPR0,%GPR0,%GPR0
36	001d	00000000		sll	%GPR0,%GPR0,%GPR0
37	001e	00000000		sll	%GPR0,%GPR0,%GPR0
38	001f	0022d82b		sgt	%GPR27,%GPR1,%GPR2	
39	0020	17600008		bnez	%GPR27,L_CFileHelp_2	
40	0021	00000000		sll	%GPR0,%GPR0,%GPR0
41	0022	00000000		sll	%GPR0,%GPR0,%GPR0
42	0023	00000000		sll	%GPR0,%GPR0,%GPR0
43	0024	08000009		j	L_CFileHelp_3	
44	0025	00000000		sll	%GPR0,%GPR0,%GPR0
45	0026	00000000		sll	%GPR0,%GPR0,%GPR0
46	0027	00000000		sll	%GPR0,%GPR0,%GPR0
47			L_CFileHelp_2:
48	0028	00201020		add	%GPR2,%GPR1,%GPR0	
49	0029	08000007		j	L_CFileHelp_4	
50	002a	00000000		sll	%GPR0,%GPR0,%GPR0
51	002b	00000000		sll	%GPR0,%GPR0,%GPR0
52	002c	00000000		sll	%GPR0,%GPR0,%GPR0
53			L_CFileHelp_3:
54	002d	00000000		sll	%GPR0,%GPR0,%GPR0
55	002e	00000000		sll	%GPR0,%GPR0,%GPR0
56	002f	00000000		sll	%GPR0,%GPR0,%GPR0
57			L_CFileHelp_4:
58	0030	0040e020		add	%GPR28,%GPR2,%GPR0	
59	0031	00000000		sll	%GPR0,%GPR0,%GPR0
60	0032	00000000		sll	%GPR0,%GPR0,%GPR0
61	0033	00000000		sll	%GPR0,%GPR0,%GPR0
62	0034	08000004		j	L_CFileHelp_5	
63	0035	00000000		sll	%GPR0,%GPR0,%GPR0
64	0036	00000000		sll	%GPR0,%GPR0,%GPR0
65	0037	00000000		sll	%GPR0,%GPR0,%GPR0
66			L_CFileHelp_5:
67	0038	00000000		sll	%GPR0,%GPR0,%GPR0
68	0039	00000000		sll	%GPR0,%GPR0,%GPR0
69	003a	00000000		sll	%GPR0,%GPR0,%GPR0
70	003b	8fdf0004		lw	%GPR31,4(%GPR30)	
71	003c	27dd0004		addui	%GPR29,%GPR30,$4	
72	003d	8fde0000		lw	%GPR30,0(%GPR30)	
73	003e	00000000		sll	%GPR0,%GPR0,%GPR0
74	003f	00000000		sll	%GPR0,%GPR0,%GPR0
75	0040	00000000		sll	%GPR0,%GPR0,%GPR0
76	0041	03e00008		jr	%GPR31	
77	0042	00000000		sll	%GPR0,%GPR0,%GPR0
78	0043	00000000		sll	%GPR0,%GPR0,%GPR0
79	0044	00000000		sll	%GPR0,%GPR0,%GPR0
80	0045	00000000		sll	%GPR0,%GPR0,%GPR0
81				.section	.data
82				.align	4
83			L_CFileMain_1:
84	0000	00000017		.data.32	23
85				.align	4
86			L_CFileMain_2:
87	0004	0000002a		.data.32	42
88				.align	4
89			L_CFileMain_3:
90	0008	00000000		.space	4
91				.section	.text
92				.addressing	Word
93			main:
94			L_CFileMain_4:
95	0046	00000000		sll	%GPR0,%GPR0,%GPR0
96	0047	00000000		sll	%GPR0,%GPR0,%GPR0
97	0048	00000000		sll	%GPR0,%GPR0,%GPR0
98	0049	afbefffc		sw	-4(%GPR29),%GPR30	
99	004a	afbf0000		sw	0(%GPR29),%GPR31	
100	004b	2fbe0004		subui	%GPR30,%GPR29,$4	
101	004c	2bbd000c		subi	%GPR29,%GPR29,$12	
102	004d	00000000		sll	%GPR0,%GPR0,%GPR0
103	004e	00000000		sll	%GPR0,%GPR0,%GPR0
104	004f	00000000		sll	%GPR0,%GPR0,%GPR0
105	0050	3c020000		lhi	%GPR2,$( L_CFileMain_2	/0x10000)
106	0051	00000000		sll	%GPR0,%GPR0,%GPR0
107	0052	00000000		sll	%GPR0,%GPR0,%GPR0
108	0053	00000000		sll	%GPR0,%GPR0,%GPR0
109	0054	34420004		ori	%GPR2,%GPR2,$( L_CFileMain_2	%0x10000)
110	0055	3c010000		lhi	%GPR1,$( L_CFileMain_1	/0x10000)
111	0056	00000000		sll	%GPR0,%GPR0,%GPR0
112	0057	00000000		sll	%GPR0,%GPR0,%GPR0
113	0058	00000000		sll	%GPR0,%GPR0,%GPR0
114	0059	34210000		ori	%GPR1,%GPR1,$( L_CFileMain_1	%0x10000)
115	005a	3c030000		lhi	%GPR3,$( L_CFileMain_3	/0x10000)
116	005b	00000000		sll	%GPR0,%GPR0,%GPR0
117	005c	00000000		sll	%GPR0,%GPR0,%GPR0
118	005d	00000000		sll	%GPR0,%GPR0,%GPR0
119	005e	34630008		ori	%GPR3,%GPR3,$( L_CFileMain_3	%0x10000)
120	005f	00000000		sll	%GPR0,%GPR0,%GPR0
121	0060	00000000		sll	%GPR0,%GPR0,%GPR0
122	0061	00000000		sll	%GPR0,%GPR0,%GPR0
123	0062	8c420000		lw	%GPR2,0(%GPR2)	
124	0063	8c210000		lw	%GPR1,0(%GPR1)	
125	0064	00000000		sll	%GPR0,%GPR0,%GPR0
126	0065	afc3fffc		sw	-4(%GPR30),%GPR3	
127	0066	00000000		sll	%GPR0,%GPR0,%GPR0
128	0067	00000000		sll	%GPR0,%GPR0,%GPR0
129	0068	00000000		sll	%GPR0,%GPR0,%GPR0
130	0069	2bbd0008		subi	%GPR29,%GPR29,$8	
131	006a	00000000		sll	%GPR0,%GPR0,%GPR0
132	006b	00000000		sll	%GPR0,%GPR0,%GPR0
133	006c	00000000		sll	%GPR0,%GPR0,%GPR0
134	006d	0fffffa8		jal	max	
135	006e	00000000		sll	%GPR0,%GPR0,%GPR0
136	006f	00000000		sll	%GPR0,%GPR0,%GPR0
137	0070	00000000		sll	%GPR0,%GPR0,%GPR0
138	0071	23bd0008		addi	%GPR29,%GPR29,$8	
139	0072	00000000		sll	%GPR0,%GPR0,%GPR0
140	0073	00000000		sll	%GPR0,%GPR0,%GPR0
141	0074	00000000		sll	%GPR0,%GPR0,%GPR0
142	0075	3c010000		lhi	%GPR1,$( L_CFileMain_3	/0x10000)
143	0076	00000000		sll	%GPR0,%GPR0,%GPR0
144	0077	00000000		sll	%GPR0,%GPR0,%GPR0
145	0078	00000000		sll	%GPR0,%GPR0,%GPR0
146	0079	34210008		ori	%GPR1,%GPR1,$( L_CFileMain_3	%0x10000)
147	007a	8fc2fffc		lw	%GPR2,-4(%GPR30)	
148	007b	00000000		sll	%GPR0,%GPR0,%GPR0
149	007c	00000000		sll	%GPR0,%GPR0,%GPR0
150	007d	00000000		sll	%GPR0,%GPR0,%GPR0
151	007e	ac5c0000		sw	0(%GPR2),%GPR28	
152	007f	00000000		sll	%GPR0,%GPR0,%GPR0
153	0080	00000000		sll	%GPR0,%GPR0,%GPR0
154	0081	00000000		sll	%GPR0,%GPR0,%GPR0
155	0082	8c3c0000		lw	%GPR28,0(%GPR1)	
156	0083	00000000		sll	%GPR0,%GPR0,%GPR0
157	0084	00000000		sll	%GPR0,%GPR0,%GPR0
158	0085	00000000		sll	%GPR0,%GPR0,%GPR0
159	0086	08000004		j	L_CFileMain_5	
160	0087	00000000		sll	%GPR0,%GPR0,%GPR0
161	0088	00000000		sll	%GPR0,%GPR0,%GPR0
162	0089	00000000		sll	%GPR0,%GPR0,%GPR0
163			L_CFileMain_5:
164	008a	00000000		sll	%GPR0,%GPR0,%GPR0
165	008b	00000000		sll	%GPR0,%GPR0,%GPR0
166	008c	00000000		sll	%GPR0,%GPR0,%GPR0
167	008d	8fdf0004		lw	%GPR31,4(%GPR30)	
168	008e	27dd0004		addui	%GPR29,%GPR30,$4	
169	008f	8fde0000		lw	%GPR30,0(%GPR30)	
170	0090	00000000		sll	%GPR0,%GPR0,%GPR0
171	0091	00000000		sll	%GPR0,%GPR0,%GPR0
172	0092	00000000		sll	%GPR0,%GPR0,%GPR0
173	0093	03e00008		jr	%GPR31	
174	0094	00000000		sll	%GPR0,%GPR0,%GPR0
175	0095	00000000		sll	%GPR0,%GPR0,%GPR0
176	0096	00000000		sll	%GPR0,%GPR0,%GPR0
177	0097	00000000		sll	%GPR0,%GPR0,%GPR0
178	0098	00000000		sll	%GPR0,%GPR0,%GPR0
179			exit:
180	0099	00000000		sll	%GPR0,%GPR0,%GPR0
181	009a	00000000		sll	%GPR0,%GPR0,%GPR0


******** Cross Reference List ********
Defined Symbol
name   	section	lc     	attr   	value  	lineno 
max	.text	0015	Label	15	26 
L_CFileHelp_1	.text	0015	Label	15	27 
L_CFileHelp_2	.text	0028	Label	28	47 
exit	.text	0099	Label	99	179 
L_CFileHelp_3	.text	002d	Label	2d	53 
L_CFileHelp_4	.text	0030	Label	30	57 
L_CFileHelp_5	.text	0038	Label	38	66 
_start	.text	0000	Label	0	4 
L_CFileMain_1	.data	0000	Label	0	83 
L_CFileMain_2	.data	0004	Label	4	86 
L_CFileMain_3	.data	0008	Label	8	89 
L_CFileMain_4	.text	0046	Label	46	94 
L_CFileMain_5	.text	008a	Label	8a	163 
main	.text	0046	Label	46	93 


Undefined Symbol
name   	section	lc     	attr   	value  	lineno 


Multiple Defined Symbol
name   	section	lc     	attr   	value  	lineno 


******* Section Data List ******* 
Sec	Attr		Size
.text 	Writable 	9b 
addr_space : 16 
addressing : Word 
bitwidth per byte : 8 
word alignment : 4 
.data 	Data		c 
addr_space : 16 
addressing : Byte 
bitwidth per byte : 8 
word alignment : 4 
