****** Source Program List ******
LineNo	LC	Code		Source Program 
1				.section	.data
2				;.global	_mbArray
3				.align	4
4			_mbArray:
5	0000	00000000		.space	4
6	0004	00000001		.data.32	1
7	0008	00000002		.data.32	2
8	000c	00000001		.data.32	1
9	0010	00000001		.data.32	1
10	0014	00000002		.data.32	2
11	0018	00000000		.space	4
12	001c	00000001		.data.32	1
13	0020	00000000		.space	4
14	0024	00000001		.data.32	1
15				;.global	_I_MB
16				.align	4
17			_I_MB:
18	0028	0000018c		.data.32	396
19	002c	00000023		.data.32	35
20	0030	00000023		.data.32	35
21	0034	00000026		.data.32	38
22	0038	0000002a		.data.32	42
23	003c	0000001f		.data.32	31
24	0040	0000001e		.data.32	30
25	0044	0000001d		.data.32	29
26	0048	00000024		.data.32	36
27	004c	00000026		.data.32	38
28	0050	00000020		.data.32	32
29	0054	00000021		.data.32	33
30	0058	0000001f		.data.32	31
31	005c	00000018		.data.32	24
32	0060	0000001c		.data.32	28
33	0064	00000014		.data.32	20
34	0068	0000001e		.data.32	30
35	006c	00000017		.data.32	23
36	0070	00000026		.data.32	38
37	0074	0000001e		.data.32	30
38	0078	0000001c		.data.32	28
39	007c	00000022		.data.32	34
40	0080	00000015		.data.32	21
41	0084	00000018		.data.32	24
42	0088	0000001d		.data.32	29
43	008c	0000001d		.data.32	29
44	0090	0000001e		.data.32	30
45	0094	0000001d		.data.32	29
46	0098	00000019		.data.32	25
47	009c	0000001a		.data.32	26
48	00a0	00000015		.data.32	21
49	00a4	0000001b		.data.32	27
50	00a8	00000014		.data.32	20
51	00ac	0000001b		.data.32	27
52	00b0	0000001a		.data.32	26
53	00b4	00000023		.data.32	35
54	00b8	0000001b		.data.32	27
55	00bc	00000020		.data.32	32
56	00c0	0000001e		.data.32	30
57	00c4	00000016		.data.32	22
58	00c8	0000001a		.data.32	26
59	00cc	00000025		.data.32	37
60	00d0	0000001f		.data.32	31
61	00d4	00000022		.data.32	34
62	00d8	0000001d		.data.32	29
63	00dc	0000001f		.data.32	31
64	00e0	00000017		.data.32	23
65	00e4	00000012		.data.32	18
66	00e8	0000001e		.data.32	30
67	00ec	0000001b		.data.32	27
68	00f0	0000001a		.data.32	26
69	00f4	00000017		.data.32	23
70	00f8	00000017		.data.32	23
71	00fc	00000011		.data.32	17
72	0100	0000000f		.data.32	15
73	0104	00000019		.data.32	25
74	0108	00000014		.data.32	20
75	010c	00000012		.data.32	18
76	0110	00000014		.data.32	20
77	0114	00000014		.data.32	20
78	0118	00000014		.data.32	20
79	011c	00000015		.data.32	21
80	0120	00000014		.data.32	20
81	0124	00000010		.data.32	16
82	0128	0000000c		.data.32	12
83	012c	0000000a		.data.32	10
84	0130	00000009		.data.32	9
85	0134	0000000b		.data.32	11
86	0138	00000009		.data.32	9
87	013c	00000004		.data.32	4
88	0140	00000003		.data.32	3
89	0144	00000007		.data.32	7
90	0148	00000009		.data.32	9
91	014c	0000000d		.data.32	13
92	0150	00000006		.data.32	6
93	0154	00000007		.data.32	7
94	0158	0000000c		.data.32	12
95	015c	0000000b		.data.32	11
96	0160	0000000b		.data.32	11
97	0164	00000008		.data.32	8
98	0168	0000000a		.data.32	10
99	016c	0000000c		.data.32	12
100	0170	0000000e		.data.32	14
101	0174	0000000d		.data.32	13
102	0178	0000000e		.data.32	14
103	017c	00000014		.data.32	20
104	0180	00000016		.data.32	22
105	0184	00000017		.data.32	23
106	0188	00000019		.data.32	25
107	018c	00000014		.data.32	20
108	0190	0000001d		.data.32	29
109	0194	0000001c		.data.32	28
110	0198	0000001a		.data.32	26
111	019c	00000011		.data.32	17
112	01a0	00000013		.data.32	19
113	01a4	0000001b		.data.32	27
114	01a8	00000016		.data.32	22
115	01ac	00000011		.data.32	17
116	01b0	00000018		.data.32	24
117	01b4	00000019		.data.32	25
118	01b8	0000001b		.data.32	27
119	01bc	0000001d		.data.32	29
120	01c0	00000016		.data.32	22
121	01c4	00000026		.data.32	38
122	01c8	00000025		.data.32	37
123	01cc	00000027		.data.32	39
124	01d0	00000023		.data.32	35
125	01d4	00000026		.data.32	38
126	01d8	00000020		.data.32	32
127	01dc	0000001a		.data.32	26
128	01e0	00000019		.data.32	25
129	01e4	0000001b		.data.32	27
130	01e8	0000001b		.data.32	27
131	01ec	00000017		.data.32	23
132	01f0	00000014		.data.32	20
133	01f4	00000015		.data.32	21
134	01f8	00000010		.data.32	16
135	01fc	00000015		.data.32	21
136	0200	0000000f		.data.32	15
137	0204	00000016		.data.32	22
138	0208	00000017		.data.32	23
139	020c	00000017		.data.32	23
140	0210	00000015		.data.32	21
141	0214	0000000f		.data.32	15
142	0218	00000016		.data.32	22
143	021c	00000019		.data.32	25
144	0220	0000001b		.data.32	27
145	0224	0000001b		.data.32	27
146	0228	00000013		.data.32	19
147	022c	0000000d		.data.32	13
148	0230	00000012		.data.32	18
149	0234	00000016		.data.32	22
150	0238	0000000a		.data.32	10
151	023c	00000015		.data.32	21
152	0240	0000000c		.data.32	12
153	0244	0000000f		.data.32	15
154	0248	0000000f		.data.32	15
155	024c	00000012		.data.32	18
156	0250	00000010		.data.32	16
157	0254	00000018		.data.32	24
158	0258	0000000a		.data.32	10
159	025c	00000006		.data.32	6
160	0260	00000008		.data.32	8
161	0264	00000009		.data.32	9
162	0268	00000007		.data.32	7
163	026c	00000005		.data.32	5
164	0270	00000006		.data.32	6
165	0274	00000004		.data.32	4
166	0278	00000009		.data.32	9
167	027c	00000007		.data.32	7
168	0280	00000008		.data.32	8
169	0284	00000009		.data.32	9
170	0288	0000000b		.data.32	11
171	028c	00000006		.data.32	6
172	0290	00000007		.data.32	7
173	0294	00000006		.data.32	6
174	0298	00000004		.data.32	4
175	029c	00000007		.data.32	7
176	02a0	00000009		.data.32	9
177	02a4	00000008		.data.32	8
178	02a8	0000000a		.data.32	10
179	02ac	00000008		.data.32	8
180	02b0	0000000d		.data.32	13
181	02b4	00000012		.data.32	18
182	02b8	0000000b		.data.32	11
183	02bc	00000008		.data.32	8
184	02c0	0000000b		.data.32	11
185	02c4	00000010		.data.32	16
186	02c8	00000013		.data.32	19
187	02cc	00000011		.data.32	17
188	02d0	0000001a		.data.32	26
189	02d4	0000001d		.data.32	29
190	02d8	00000014		.data.32	20
191	02dc	00000013		.data.32	19
192	02e0	00000018		.data.32	24
193	02e4	00000019		.data.32	25
194	02e8	00000012		.data.32	18
195	02ec	0000000f		.data.32	15
196	02f0	00000012		.data.32	18
197	02f4	0000001b		.data.32	27
198	02f8	0000001d		.data.32	29
199	02fc	0000001c		.data.32	28
200	0300	0000001c		.data.32	28
201	0304	0000001c		.data.32	28
202	0308	0000001c		.data.32	28
203	030c	0000001d		.data.32	29
204	0310	00000020		.data.32	32
205	0314	00000019		.data.32	25
206	0318	00000021		.data.32	33
207	031c	00000028		.data.32	40
208	0320	0000002b		.data.32	43
209	0324	0000002f		.data.32	47
210	0328	0000002e		.data.32	46
211	032c	00000034		.data.32	52
212	0330	00000035		.data.32	53
213	0334	00000038		.data.32	56
214	0338	00000031		.data.32	49
215	033c	00000033		.data.32	51
216	0340	00000035		.data.32	53
217	0344	00000030		.data.32	48
218	0348	0000003d		.data.32	61
219	034c	0000003c		.data.32	60
220	0350	00000027		.data.32	39
221	0354	0000002d		.data.32	45
222	0358	00000035		.data.32	53
223	035c	00000032		.data.32	50
224	0360	00000038		.data.32	56
225	0364	00000030		.data.32	48
226	0368	00000035		.data.32	53
227	036c	00000035		.data.32	53
228	0370	00000036		.data.32	54
229	0374	00000036		.data.32	54
230	0378	00000038		.data.32	56
231	037c	00000038		.data.32	56
232	0380	00000036		.data.32	54
233	0384	0000003a		.data.32	58
234	0388	00000031		.data.32	49
235	038c	00000024		.data.32	36
236	0390	00000025		.data.32	37
237	0394	00000024		.data.32	36
238	0398	00000026		.data.32	38
239	039c	00000025		.data.32	37
240	03a0	00000028		.data.32	40
241	03a4	00000028		.data.32	40
242	03a8	0000002a		.data.32	42
243	03ac	00000034		.data.32	52
244	03b0	00000032		.data.32	50
245	03b4	0000002c		.data.32	44
246	03b8	00000039		.data.32	57
247	03bc	00000036		.data.32	54
248	03c0	00000030		.data.32	48
249	03c4	0000003b		.data.32	59
250	03c8	00000038		.data.32	56
251	03cc	00000042		.data.32	66
252	03d0	00000044		.data.32	68
253	03d4	00000045		.data.32	69
254	03d8	00000055		.data.32	85
255	03dc	0000004f		.data.32	79
256	03e0	00000051		.data.32	81
257	03e4	000000af		.data.32	175
258	03e8	000000ba		.data.32	186
259	03ec	000000b7		.data.32	183
260	03f0	000000c1		.data.32	193
261	03f4	0000009e		.data.32	158
262	03f8	0000009c		.data.32	156
263	03fc	00000090		.data.32	144
264	0400	000000bd		.data.32	189
265	0404	000000a0		.data.32	160
266	0408	00000092		.data.32	146
267	040c	000000a3		.data.32	163
268	0410	000000b2		.data.32	178
269	0414	00000091		.data.32	145
270	0418	0000009b		.data.32	155
271	041c	00000099		.data.32	153
272	0420	000000bc		.data.32	188
273	0424	00000092		.data.32	146
274	0428	00000095		.data.32	149
275	042c	0000009c		.data.32	156
276	0430	000000be		.data.32	190
277	0434	0000008f		.data.32	143
278	0438	00000091		.data.32	145
279	043c	0000008f		.data.32	143
280	0440	0000016e		.data.32	366
281	0444	000000a7		.data.32	167
282	0448	000000ad		.data.32	173
283	044c	000000b0		.data.32	176
284	0450	00000178		.data.32	376
285	0454	000000a8		.data.32	168
286	0458	000000aa		.data.32	170
287	045c	000000b5		.data.32	181
288	0460	00000176		.data.32	374
289	0464	000000a9		.data.32	169
290	0468	000000aa		.data.32	170
291	046c	000000a8		.data.32	168
292	0470	0000016f		.data.32	367
293	0474	000000a2		.data.32	162
294	0478	000000aa		.data.32	170
295	047c	0000009d		.data.32	157
296	0480	00000172		.data.32	370
297	0484	00000096		.data.32	150
298	0488	0000008f		.data.32	143
299	048c	00000096		.data.32	150
300	0490	00000164		.data.32	356
301	0494	0000009c		.data.32	156
302	0498	0000009f		.data.32	159
303	049c	0000009d		.data.32	157
304	04a0	00000126		.data.32	294
305	04a4	00000093		.data.32	147
306	04a8	000000a5		.data.32	165
307	04ac	000000b1		.data.32	177
308	04b0	00000174		.data.32	372
309	04b4	000000b6		.data.32	182
310	04b8	000000bd		.data.32	189
311	04bc	000000ad		.data.32	173
312	04c0	000000da		.data.32	218
313	04c4	0000009e		.data.32	158
314	04c8	0000009e		.data.32	158
315	04cc	000000a2		.data.32	162
316	04d0	000000ce		.data.32	206
317	04d4	0000008e		.data.32	142
318	04d8	0000008e		.data.32	142
319	04dc	00000098		.data.32	152
320	04e0	000000d1		.data.32	209
321	04e4	0000008f		.data.32	143
322	04e8	000000a0		.data.32	160
323	04ec	00000095		.data.32	149
324	04f0	0000017a		.data.32	378
325	04f4	000000a1		.data.32	161
326	04f8	00000098		.data.32	152
327	04fc	0000009f		.data.32	159
328	0500	00000173		.data.32	371
329	0504	0000009c		.data.32	156
330	0508	000000a4		.data.32	164
331	050c	000000a3		.data.32	163
332	0510	00000117		.data.32	279
333	0514	00000099		.data.32	153
334	0518	0000009f		.data.32	159
335	051c	0000009b		.data.32	155
336	0520	000000ca		.data.32	202
337	0524	00000087		.data.32	135
338	0528	000000a9		.data.32	169
339	052c	000000a1		.data.32	161
340	0530	00000169		.data.32	361
341	0534	00000081		.data.32	129
342	0538	00000084		.data.32	132
343	053c	0000008b		.data.32	139
344	0540	00000161		.data.32	353
345	0544	0000008d		.data.32	141
346	0548	0000009b		.data.32	155
347	054c	00000091		.data.32	145
348	0550	00000164		.data.32	356
349	0554	00000079		.data.32	121
350	0558	00000083		.data.32	131
351	055c	0000008e		.data.32	142
352	0560	00000163		.data.32	355
353	0564	00000085		.data.32	133
354	0568	00000086		.data.32	134
355	056c	0000008f		.data.32	143
356	0570	00000169		.data.32	361
357	0574	00000094		.data.32	148
358	0578	0000009a		.data.32	154
359	057c	00000091		.data.32	145
360	0580	00000163		.data.32	355
361	0584	00000082		.data.32	130
362	0588	0000009b		.data.32	155
363	058c	00000093		.data.32	147
364	0590	00000000		.space	4
365	0594	00000000		.space	4
366	0598	00000000		.space	4
367	059c	00000000		.space	4
368	05a0	00000000		.space	4
369	05a4	00000000		.space	4
370	05a8	00000003		.data.32	3
371	05ac	00000007		.data.32	7
372	05b0	00000008		.data.32	8
373	05b4	0000000f		.data.32	15
374	05b8	0000001b		.data.32	27
375	05bc	0000002d		.data.32	45
376	05c0	00000039		.data.32	57
377	05c4	00000032		.data.32	50
378	05c8	00000025		.data.32	37
379	05cc	00000015		.data.32	21
380	05d0	00000011		.data.32	17
381	05d4	0000000e		.data.32	14
382	05d8	00000006		.data.32	6
383	05dc	00000000		.space	4
384	05e0	00000000		.space	4
385	05e4	00000000		.space	4
386	05e8	00000000		.space	4
387	05ec	00000003		.data.32	3
388	05f0	0000000f		.data.32	15
389	05f4	0000001c		.data.32	28
390	05f8	00000024		.data.32	36
391	05fc	0000001a		.data.32	26
392	0600	00000006		.data.32	6
393	0604	0000000c		.data.32	12
394	0608	0000000b		.data.32	11
395	060c	0000000b		.data.32	11
396	0610	0000000e		.data.32	14
397	0614	0000000d		.data.32	13
398	0618	00000010		.data.32	16
399	061c	00000013		.data.32	19
400	0620	00000010		.data.32	16
401	0624	0000000c		.data.32	12
402	0628	00000010		.data.32	16
403	062c	0000001e		.data.32	30
404	0630	00000019		.data.32	25
405	0634	00000019		.data.32	25
406	0638	00000016		.data.32	22
407	063c	00000012		.data.32	18
408	0640	0000000e		.data.32	14
409	0644	00000006		.data.32	6
410	0648	00000001		.data.32	1
411	064c	00000005		.data.32	5
412	0650	0000000c		.data.32	12
413	0654	0000000d		.data.32	13
414	0658	00000016		.data.32	22
415	065c	00000018		.data.32	24
416	0660	00000023		.data.32	35
417	0664	0000002a		.data.32	42
418	0668	0000002a		.data.32	42
419	066c	0000001b		.data.32	27
420	0670	00000003		.data.32	3
421	0674	00000002		.data.32	2
422	0678	00000003		.data.32	3
423	067c	00000005		.data.32	5
424	0680	00000010		.data.32	16
425	0684	00000017		.data.32	23
426	0688	0000001e		.data.32	30
427	068c	00000021		.data.32	33
428	0690	00000026		.data.32	38
429	0694	0000002c		.data.32	44
430	0698	00000023		.data.32	35
431	069c	0000001e		.data.32	30
432	06a0	00000012		.data.32	18
433	06a4	00000009		.data.32	9
434	06a8	00000006		.data.32	6
435	06ac	0000000a		.data.32	10
436	06b0	00000013		.data.32	19
437	06b4	0000000e		.data.32	14
438	06b8	00000006		.data.32	6
439	06bc	00000004		.data.32	4
440	06c0	0000000f		.data.32	15
441	06c4	00000011		.data.32	17
442	06c8	0000001d		.data.32	29
443	06cc	00000013		.data.32	19
444	06d0	00000009		.data.32	9
445	06d4	00000003		.data.32	3
446	06d8	00000001		.data.32	1
447	06dc	0000000b		.data.32	11
448	06e0	00000013		.data.32	19
449	06e4	00000017		.data.32	23
450	06e8	00000015		.data.32	21
451	06ec	00000003		.data.32	3
452	06f0	00000002		.data.32	2
453	06f4	00000004		.data.32	4
454	06f8	00000004		.data.32	4
455	06fc	00000006		.data.32	6
456	0700	00000000		.space	4
457	0704	00000000		.space	4
458	0708	00000002		.data.32	2
459	070c	00000005		.data.32	5
460	0710	00000008		.data.32	8
461	0714	00000005		.data.32	5
462	0718	00000005		.data.32	5
463	071c	00000000		.space	4
464	0720	00000001		.data.32	1
465	0724	00000001		.data.32	1
466	0728	00000001		.data.32	1
467	072c	00000001		.data.32	1
468	0730	00000000		.space	4
469	0734	00000001		.data.32	1
470	0738	00000001		.data.32	1
471	073c	00000000		.space	4
472	0740	00000001		.data.32	1
473	0744	00000005		.data.32	5
474	0748	00000000		.space	4
475	074c	00000002		.data.32	2
476	0750	00000001		.data.32	1
477	0754	00000006		.data.32	6
478	0758	00000003		.data.32	3
479	075c	00000002		.data.32	2
480	0760	00000005		.data.32	5
481	0764	00000004		.data.32	4
482	0768	00000008		.data.32	8
483	076c	00000000		.space	4
484	0770	00000002		.data.32	2
485	0774	00000003		.data.32	3
486	0778	00000002		.data.32	2
487	077c	00000005		.data.32	5
488	0780	00000001		.data.32	1
489	0784	00000004		.data.32	4
490	0788	00000002		.data.32	2
491	078c	00000004		.data.32	4
492	0790	00000002		.data.32	2
493	0794	00000005		.data.32	5
494	0798	00000001		.data.32	1
495	079c	00000002		.data.32	2
496	07a0	00000000		.space	4
497	07a4	00000003		.data.32	3
498	07a8	00000003		.data.32	3
499	07ac	00000001		.data.32	1
500	07b0	00000007		.data.32	7
501	07b4	00000006		.data.32	6
502	07b8	0000000a		.data.32	10
503	07bc	00000015		.data.32	21
504	07c0	00000020		.data.32	32
505	07c4	00000027		.data.32	39
506	07c8	0000002b		.data.32	43
507	07cc	00000037		.data.32	55
508	07d0	00000051		.data.32	81
509	07d4	00000068		.data.32	104
510	07d8	00000072		.data.32	114
511	07dc	00000076		.data.32	118
512	07e0	00000072		.data.32	114
513	07e4	00000054		.data.32	84
514	07e8	00000043		.data.32	67
515	07ec	00000049		.data.32	73
516	07f0	00000053		.data.32	83
517	07f4	0000004d		.data.32	77
518	07f8	00000066		.data.32	102
519	07fc	00000062		.data.32	98
520	0800	00000050		.data.32	80
521	0804	00000047		.data.32	71
522	0808	00000043		.data.32	67
523	080c	00000040		.data.32	64
524	0810	00000040		.data.32	64
525	0814	0000003f		.data.32	63
526	0818	00000037		.data.32	55
527	081c	00000022		.data.32	34
528	0820	00000020		.data.32	32
529	0824	00000027		.data.32	39
530	0828	00000018		.data.32	24
531	082c	00000016		.data.32	22
532	0830	00000014		.data.32	20
533	0834	00000016		.data.32	22
534	0838	00000018		.data.32	24
535	083c	00000029		.data.32	41
536	0840	00000014		.data.32	20
537	0844	00000018		.data.32	24
538	0848	00000018		.data.32	24
539	084c	0000000f		.data.32	15
540	0850	00000013		.data.32	19
541	0854	00000015		.data.32	21
542	0858	00000012		.data.32	18
543	085c	00000010		.data.32	16
544	0860	0000000f		.data.32	15
545	0864	0000000c		.data.32	12
546	0868	0000000b		.data.32	11
547	086c	00000010		.data.32	16
548	0870	0000000d		.data.32	13
549	0874	00000006		.data.32	6
550	0878	00000007		.data.32	7
551	087c	00000007		.data.32	7
552	0880	00000007		.data.32	7
553	0884	0000000e		.data.32	14
554	0888	00000008		.data.32	8
555	088c	0000000a		.data.32	10
556	0890	00000007		.data.32	7
557	0894	00000009		.data.32	9
558	0898	00000006		.data.32	6
559	089c	00000005		.data.32	5
560	08a0	00000007		.data.32	7
561	08a4	00000003		.data.32	3
562	08a8	00000024		.data.32	36
563	08ac	00000033		.data.32	51
564	08b0	00000039		.data.32	57
565	08b4	0000003a		.data.32	58
566	08b8	00000048		.data.32	72
567	08bc	00000044		.data.32	68
568	08c0	00000055		.data.32	85
569	08c4	00000065		.data.32	101
570	08c8	00000063		.data.32	99
571	08cc	0000006d		.data.32	109
572	08d0	0000007e		.data.32	126
573	08d4	00000097		.data.32	151
574	08d8	0000007c		.data.32	124
575	08dc	00000087		.data.32	135
576	08e0	0000007b		.data.32	123
577	08e4	0000006b		.data.32	107
578	08e8	00000083		.data.32	131
579	08ec	0000007e		.data.32	126
580	08f0	00000078		.data.32	120
581	08f4	00000081		.data.32	129
582	08f8	00000089		.data.32	137
583	08fc	0000007b		.data.32	123
584	0900	00000071		.data.32	113
585	0904	00000078		.data.32	120
586	0908	00000061		.data.32	97
587	090c	0000005c		.data.32	92
588	0910	00000058		.data.32	88
589	0914	00000060		.data.32	96
590	0918	00000049		.data.32	73
591	091c	00000055		.data.32	85
592	0920	0000004d		.data.32	77
593	0924	00000045		.data.32	69
594	0928	0000004c		.data.32	76
595	092c	00000055		.data.32	85
596	0930	00000048		.data.32	72
597	0934	0000003b		.data.32	59
598	0938	0000003f		.data.32	63
599	093c	00000043		.data.32	67
600	0940	00000042		.data.32	66
601	0944	0000004a		.data.32	74
602	0948	00000045		.data.32	69
603	094c	00000039		.data.32	57
604	0950	00000044		.data.32	68
605	0954	00000058		.data.32	88
606	0958	00000047		.data.32	71
607	095c	0000004a		.data.32	74
608	0960	00000054		.data.32	84
609	0964	0000003c		.data.32	60
610	0968	00000031		.data.32	49
611	096c	00000035		.data.32	53
612	0970	00000039		.data.32	57
613	0974	0000003e		.data.32	62
614	0978	00000039		.data.32	57
615	097c	0000003b		.data.32	59
616	0980	00000039		.data.32	57
617	0984	00000034		.data.32	52
618	0988	00000040		.data.32	64
619	098c	0000003e		.data.32	62
620	0990	00000038		.data.32	56
621	0994	0000003d		.data.32	61
622	0998	0000003d		.data.32	61
623	099c	00000037		.data.32	55
624	09a0	00000039		.data.32	57
625	09a4	0000003d		.data.32	61
626	09a8	0000003b		.data.32	59
627	09ac	0000003a		.data.32	58
628	09b0	0000003c		.data.32	60
629	09b4	0000003a		.data.32	58
630	09b8	00000034		.data.32	52
631	09bc	00000035		.data.32	53
632	09c0	00000030		.data.32	48
633	09c4	00000034		.data.32	52
634	09c8	0000002d		.data.32	45
635	09cc	00000032		.data.32	50
636	09d0	00000032		.data.32	50
637	09d4	00000036		.data.32	54
638	09d8	00000037		.data.32	55
639	09dc	00000040		.data.32	64
640	09e0	00000042		.data.32	66
641	09e4	00000036		.data.32	54
642	09e8	00000036		.data.32	54
643	09ec	0000003a		.data.32	58
644	09f0	00000036		.data.32	54
645	09f4	00000031		.data.32	49
646	09f8	00000032		.data.32	50
647	09fc	00000041		.data.32	65
648	0a00	00000040		.data.32	64
649	0a04	00000039		.data.32	57
650	0a08	00000037		.data.32	55
651	0a0c	0000003a		.data.32	58
652	0a10	00000039		.data.32	57
653	0a14	00000033		.data.32	51
654	0a18	00000028		.data.32	40
655	0a1c	00000035		.data.32	53
656	0a20	0000002f		.data.32	47
657	0a24	00000037		.data.32	55
658	0a28	0000002f		.data.32	47
659	0a2c	00000038		.data.32	56
660	0a30	00000032		.data.32	50
661	0a34	0000000f		.data.32	15
662	0a38	00000022		.data.32	34
663	0a3c	00000028		.data.32	40
664	0a40	0000001b		.data.32	27
665	0a44	0000001d		.data.32	29
666	0a48	00000012		.data.32	18
667	0a4c	00000012		.data.32	18
668	0a50	00000011		.data.32	17
669	0a54	00000019		.data.32	25
670	0a58	00000013		.data.32	19
671	0a5c	00000013		.data.32	19
672	0a60	0000001c		.data.32	28
673	0a64	0000002c		.data.32	44
674	0a68	0000002c		.data.32	44
675	0a6c	00000022		.data.32	34
676	0a70	00000012		.data.32	18
677	0a74	0000000e		.data.32	14
678	0a78	0000000d		.data.32	13
679	0a7c	00000006		.data.32	6
680	0a80	00000006		.data.32	6
681	0a84	0000000a		.data.32	10
682	0a88	00000010		.data.32	16
683	0a8c	0000000d		.data.32	13
684	0a90	0000000a		.data.32	10
685	0a94	0000000d		.data.32	13
686	0a98	00000005		.data.32	5
687	0a9c	00000006		.data.32	6
688	0aa0	00000005		.data.32	5
689	0aa4	00000002		.data.32	2
690	0aa8	00000002		.data.32	2
691	0aac	00000004		.data.32	4
692	0ab0	00000007		.data.32	7
693	0ab4	00000011		.data.32	17
694	0ab8	00000011		.data.32	17
695	0abc	0000000d		.data.32	13
696	0ac0	0000000d		.data.32	13
697	0ac4	00000010		.data.32	16
698	0ac8	00000009		.data.32	9
699	0acc	00000006		.data.32	6
700	0ad0	00000010		.data.32	16
701	0ad4	00000011		.data.32	17
702	0ad8	0000000d		.data.32	13
703	0adc	0000000d		.data.32	13
704	0ae0	0000000d		.data.32	13
705	0ae4	00000007		.data.32	7
706	0ae8	00000006		.data.32	6
707	0aec	00000015		.data.32	21
708	0af0	00000021		.data.32	33
709	0af4	00000013		.data.32	19
710	0af8	00000012		.data.32	18
711	0afc	00000007		.data.32	7
712	0b00	0000000a		.data.32	10
713	0b04	00000016		.data.32	22
714	0b08	00000018		.data.32	24
715	0b0c	00000016		.data.32	22
716	0b10	00000012		.data.32	18
717	0b14	0000000b		.data.32	11
718	0b18	00000012		.data.32	18
719	0b1c	0000000e		.data.32	14
720	0b20	00000007		.data.32	7
721	0b24	00000006		.data.32	6
722	0b28	00000009		.data.32	9
723	0b2c	00000009		.data.32	9
724	0b30	00000012		.data.32	18
725	0b34	00000013		.data.32	19
726	0b38	00000019		.data.32	25
727	0b3c	00000015		.data.32	21
728	0b40	00000011		.data.32	17
729	0b44	00000010		.data.32	16
730	0b48	0000001e		.data.32	30
731	0b4c	00000024		.data.32	36
732	0b50	0000003c		.data.32	60
733	0b54	00000021		.data.32	33
734	0b58	00000010		.data.32	16
735	0b5c	00000012		.data.32	18
736	0b60	00000018		.data.32	24
737	0b64	0000002b		.data.32	43
738	0b68	0000002d		.data.32	45
739	0b6c	00000022		.data.32	34
740	0b70	00000025		.data.32	37
741	0b74	0000002a		.data.32	42
742	0b78	0000001d		.data.32	29
743	0b7c	00000017		.data.32	23
744	0b80	00000025		.data.32	37
745	0b84	0000001e		.data.32	30
746	0b88	00000017		.data.32	23
747	0b8c	00000014		.data.32	20
748	0b90	00000013		.data.32	19
749	0b94	00000029		.data.32	41
750	0b98	00000034		.data.32	52
751	0b9c	0000003b		.data.32	59
752	0ba0	00000048		.data.32	72
753	0ba4	00000056		.data.32	86
754	0ba8	0000005f		.data.32	95
755	0bac	0000001b		.data.32	27
756	0bb0	00000013		.data.32	19
757	0bb4	00000011		.data.32	17
758	0bb8	0000000b		.data.32	11
759	0bbc	00000004		.data.32	4
760				.section	.text
761				.addressing	Word
762				.section	.text
763				.addressing	Word
764				;.addressing	Word
765			
766	0000	03def026		xor	%r30, %r30, %r30
767	0001	03bde826		xor	%r29, %r29, %r29
768	0002	039ce026		xor	%r28, %r28, %r28
769	0003	3c1e000f		lhi	%r30, $(0xFFFFC/0x10000)
770	0004	3c1d000f		lhi	%r29, $(0xFFFFC/0x10000)
771	0005	37defffc		ori	%r30, %r30, $(0xFFFFC%0x10000)
772	0006	37bdfffc		ori	%r29, %r29, $(0xFFFFC%0x10000)
773	0007	afbefffc		sw	-4(%r29), %r30
774	0008	afbffff8		sw	-8(%r29), %r31
775	0009	23ddfff8		addi	%r29, %r30, $-8
776	000a	0c0000ba		jal	main	
777	000b	00000000		nop
778	000c	afa10000		sw	0(%r29), %r1
779	000d	0c0000f0		jal	exit
780	000e	00000000		nop
781			
782				;.addressing	Word
783			doMotionEstimation:
784			L_Encoder_1:
785				; Automatically 1 NOPs removed by reduceNOPs.sh
786	000f	afbefffc		sw	-4(%r29),%r30	
787	0010	afbf0000		sw	0(%r29),%r31	
788	0011	2fbe0004		subui	%r30,%r29,$4	
789	0012	2bbd0008		subi	%r29,%r29,$8	
790				; Automatically 11 NOPs removed by reduceNOPs.sh
791	0013	3c1c0000		lhi	%r28,$0	
792				; Automatically 1 NOPs removed by reduceNOPs.sh
793	0014	379c0000		ori	%r28,%r28,$0	
794	0015	3c010000		lhi	%r1,$0	
795				; Automatically 1 NOPs removed by reduceNOPs.sh
796	0016	34210000		ori	%r1,%r1,$0	
797			L_Encoder_2:
798	0017	0022d82a		slt	%r27,%r1,%r2	
799	0018	17600004		bnez	%r27,L_Encoder_3	
800	0019	00000000		nop
801				; Automatically 1 NOPs removed by reduceNOPs.sh
802	001a	08000017		j	L_Encoder_6	
803	001b	00000000		nop
804				; Automatically 1 NOPs removed by reduceNOPs.sh
805			L_Encoder_3:
806				; Automatically 1 NOPs removed by reduceNOPs.sh
807	001c	3c030000		lhi	%r3,$0	
808				; Automatically 1 NOPs removed by reduceNOPs.sh
809	001d	34630000		ori	%r3,%r3,$0	
810			L_Encoder_4:
811				; Automatically 1 NOPs removed by reduceNOPs.sh
812	001e	0383e020		add	%r28,%r28,%r3	
813	001f	3c040000		lhi	%r4,$0	
814				; Automatically 1 NOPs removed by reduceNOPs.sh
815	0020	34840000		ori	%r4,%r4,$0	
816	0021	3c050000		lhi	%r5,$0	
817				; Automatically 1 NOPs removed by reduceNOPs.sh
818	0022	34a50000		ori	%r5,%r5,$0	
819	0023	3c060000		lhi	%r6,$0	
820				; Automatically 1 NOPs removed by reduceNOPs.sh
821	0024	34c60000		ori	%r6,%r6,$0	
822			
823			
824	0025	00a437e1		MotionEstimation	%r5, %r4, %r6
825			
826	0026	20630001		addi	%r3,%r3,$1	
827	0027	3c040000		lhi	%r4,$0	
828				; Automatically 1 NOPs removed by reduceNOPs.sh
829	0028	34840064		ori	%r4,%r4,$100	
830				; Automatically 1 NOPs removed by reduceNOPs.sh
831	0029	0064d82a		slt	%r27,%r3,%r4	
832	002a	1760fff4		bnez	%r27,L_Encoder_4	
833	002b	00000000		nop
834				; Automatically 1 NOPs removed by reduceNOPs.sh
835	002c	08000002		j	L_Encoder_5	
836	002d	00000000		nop
837				; Automatically 1 NOPs removed by reduceNOPs.sh
838			L_Encoder_5:
839	002e	20210001		addi	%r1,%r1,$1	
840	002f	0bffffe8		j	L_Encoder_2	
841	0030	00000000		nop
842			L_Encoder_6:
843	0031	08000002		j	L_Encoder_7	
844	0032	00000000		nop
845				; Automatically 1 NOPs removed by reduceNOPs.sh
846			L_Encoder_7:
847				; Automatically 1 NOPs removed by reduceNOPs.sh
848	0033	8fdf0004		lw	%r31,4(%r30)	
849	0034	27dd0004		addui	%r29,%r30,$4	
850	0035	8fde0000		lw	%r30,0(%r30)	
851	0036	03e00008		jr	%r31	
852	0037	00000000		nop
853				; Automatically 1 NOPs removed by reduceNOPs.sh
854			doEncodeMB:
855			L_Encoder_8:
856				; Automatically 1 NOPs removed by reduceNOPs.sh
857	0038	afbefffc		sw	-4(%r29),%r30	
858	0039	afbf0000		sw	0(%r29),%r31	
859	003a	2fbe0004		subui	%r30,%r29,$4	
860	003b	2bbd0094		subi	%r29,%r29,$148	
861				; Automatically 10 NOPs removed by reduceNOPs.sh
862	003c	3c060000		lhi	%r6,$( _I_MB	/0x10000)
863	003d	34c60028		ori	%r6,%r6,$( _I_MB	%0x10000)
864	003e	3c030000		lhi	%r3,$0	
865				; Automatically 1 NOPs removed by reduceNOPs.sh
866	003f	34630000		ori	%r3,%r3,$0	
867	0040	3c040000		lhi	%r4,$0	
868				; Automatically 1 NOPs removed by reduceNOPs.sh
869	0041	34840000		ori	%r4,%r4,$0	
870	0042	40250002		slli	%r5,%r1,$2	
871	0043	afc3fffc		sw	-4(%r30),%r3	
872	0044	3c030000		lhi	%r3,$0	
873				; Automatically 1 NOPs removed by reduceNOPs.sh
874	0045	34630000		ori	%r3,%r3,$0	
875	0046	3c070000		lhi	%r7,$0	
876				; Automatically 1 NOPs removed by reduceNOPs.sh
877	0047	34e70096		ori	%r7,%r7,$150	
878	0048	afc4fff8		sw	-8(%r30),%r4	
879	0049	00c52020		add	%r4,%r6,%r5	
880	004a	3c1c0000		lhi	%r28,$0	
881				; Automatically 1 NOPs removed by reduceNOPs.sh
882	004b	379c0000		ori	%r28,%r28,$0	
883	004c	afc3fff4		sw	-12(%r30),%r3	
884				; Automatically 1 NOPs removed by reduceNOPs.sh
885	004d	8c830000		lw	%r3,0(%r4)	
886				; Automatically 1 NOPs removed by reduceNOPs.sh
887	004e	00432022		sub	%r4,%r2,%r3	
888	004f	0027d82e		seq	%r27,%r1,%r7	
889	0050	17600004		bnez	%r27,L_Encoder_9	
890	0051	00000000		nop
891				; Automatically 1 NOPs removed by reduceNOPs.sh
892	0052	08000006		j	L_Encoder_10	
893	0053	00000000		nop
894				; Automatically 1 NOPs removed by reduceNOPs.sh
895			L_Encoder_9:
896				; Automatically 1 NOPs removed by reduceNOPs.sh
897	0054	3c030000		lhi	%r3,$0	
898				; Automatically 1 NOPs removed by reduceNOPs.sh
899	0055	3463018c		ori	%r3,%r3,$396	
900	0056	3c040000		lhi	%r4,$0	
901				; Automatically 1 NOPs removed by reduceNOPs.sh
902	0057	34840000		ori	%r4,%r4,$0	
903			L_Encoder_10:
904				; Automatically 1 NOPs removed by reduceNOPs.sh
905	0058	3c010000		lhi	%r1,$0	
906				; Automatically 1 NOPs removed by reduceNOPs.sh
907	0059	34210000		ori	%r1,%r1,$0	
908			L_Encoder_11:
909	005a	0023d82a		slt	%r27,%r1,%r3	
910	005b	17600004		bnez	%r27,L_Encoder_12	
911	005c	00000000		nop
912				; Automatically 1 NOPs removed by reduceNOPs.sh
913	005d	0800001d		j	L_Encoder_15	
914	005e	00000000		nop
915				; Automatically 1 NOPs removed by reduceNOPs.sh
916			L_Encoder_12:
917	005f	2bc2004c		subi	%r2,%r30,$76	
918	0060	2bc50004		subi	%r5,%r30,$4	
919	0061	2bc6008c		subi	%r6,%r30,$140	
920	0062	3c070000		lhi	%r7,$0	
921				; Automatically 1 NOPs removed by reduceNOPs.sh
922	0063	34e70001		ori	%r7,%r7,$1	
923			
924			
925	0064	04a23982		IPred_HDC16x16	%r6, %r5, %r2, %r7
926			
927	0065	2bc5004c		subi	%r5,%r30,$76	
928	0066	2bc20008		subi	%r2,%r30,$8	
929	0067	3c060000		lhi	%r6,$0	
930				; Automatically 1 NOPs removed by reduceNOPs.sh
931	0068	34c60001		ori	%r6,%r6,$1	
932			
933			
934				;; SINAS: IPred_VDC_16x16()
935	0069	00a61039		IPred_VDC16x16	%r2, %r5, %r6
936			
937				; Automatically 2 NOPs removed by reduceNOPs.sh
938	006a	3c1c0000		lhi	%r28,$0	
939				; Automatically 1 NOPs removed by reduceNOPs.sh
940	006b	379c0000		ori	%r28,%r28,$0	
941	006c	3c020000		lhi	%r2,$0	
942				; Automatically 1 NOPs removed by reduceNOPs.sh
943	006d	34420000		ori	%r2,%r2,$0	
944			L_Encoder_13:
945	006e	0382e020		add	%r28,%r28,%r2	
946	006f	20420001		addi	%r2,%r2,$1	
947	0070	3c050000		lhi	%r5,$0	
948				; Automatically 1 NOPs removed by reduceNOPs.sh
949	0071	34a50064		ori	%r5,%r5,$100	
950				; Automatically 1 NOPs removed by reduceNOPs.sh
951	0072	0045d82a		slt	%r27,%r2,%r5	
952	0073	1760fffb		bnez	%r27,L_Encoder_13	
953	0074	00000000		nop
954				; Automatically 1 NOPs removed by reduceNOPs.sh
955	0075	08000002		j	L_Encoder_14	
956	0076	00000000		nop
957				; Automatically 1 NOPs removed by reduceNOPs.sh
958			L_Encoder_14:
959	0077	20210001		addi	%r1,%r1,$1	
960	0078	0bffffe2		j	L_Encoder_11	
961	0079	00000000		nop
962			L_Encoder_15:
963				; Automatically 1 NOPs removed by reduceNOPs.sh
964	007a	3c010000		lhi	%r1,$0	
965				; Automatically 1 NOPs removed by reduceNOPs.sh
966	007b	34210000		ori	%r1,%r1,$0	
967			L_Encoder_16:
968	007c	0024d82a		slt	%r27,%r1,%r4	
969	007d	17600004		bnez	%r27,L_Encoder_17	
970	007e	00000000		nop
971				; Automatically 1 NOPs removed by reduceNOPs.sh
972	007f	08000015		j	L_Encoder_20	
973	0080	00000000		nop
974				; Automatically 1 NOPs removed by reduceNOPs.sh
975			L_Encoder_17:
976	0081	2bc2004c		subi	%r2,%r30,$76	
977	0082	2bc3000c		subi	%r3,%r30,$12	
978	0083	3c050000		lhi	%r5,$0	
979				; Automatically 1 NOPs removed by reduceNOPs.sh
980	0084	34a50001		ori	%r5,%r5,$1	
981			
982			
983				;; SINAS: MC_Hz_4()
984	0085	0045183f		MC_Hz4	%r3, %r2, %r5
985			
986				; Automatically 2 NOPs removed by reduceNOPs.sh
987	0086	3c020000		lhi	%r2,$0	
988				; Automatically 1 NOPs removed by reduceNOPs.sh
989	0087	34420000		ori	%r2,%r2,$0	
990			L_Encoder_18:
991	0088	0382e020		add	%r28,%r28,%r2	
992	0089	20420001		addi	%r2,%r2,$1	
993	008a	3c030000		lhi	%r3,$0	
994				; Automatically 1 NOPs removed by reduceNOPs.sh
995	008b	34630064		ori	%r3,%r3,$100	
996				; Automatically 1 NOPs removed by reduceNOPs.sh
997	008c	0043d82a		slt	%r27,%r2,%r3	
998	008d	1760fffb		bnez	%r27,L_Encoder_18	
999	008e	00000000		nop
1000				; Automatically 1 NOPs removed by reduceNOPs.sh
1001	008f	08000002		j	L_Encoder_19	
1002	0090	00000000		nop
1003				; Automatically 1 NOPs removed by reduceNOPs.sh
1004			L_Encoder_19:
1005	0091	20210001		addi	%r1,%r1,$1	
1006	0092	0bffffea		j	L_Encoder_16	
1007	0093	00000000		nop
1008			L_Encoder_20:
1009	0094	08000002		j	L_Encoder_21	
1010	0095	00000000		nop
1011				; Automatically 1 NOPs removed by reduceNOPs.sh
1012			L_Encoder_21:
1013				; Automatically 1 NOPs removed by reduceNOPs.sh
1014	0096	8fdf0004		lw	%r31,4(%r30)	
1015	0097	27dd0004		addui	%r29,%r30,$4	
1016	0098	8fde0000		lw	%r30,0(%r30)	
1017	0099	03e00008		jr	%r31	
1018	009a	00000000		nop
1019				; Automatically 1 NOPs removed by reduceNOPs.sh
1020			doLoopFilter:
1021			L_Encoder_22:
1022				; Automatically 1 NOPs removed by reduceNOPs.sh
1023	009b	afbefffc		sw	-4(%r29),%r30	
1024	009c	afbf0000		sw	0(%r29),%r31	
1025	009d	2fbe0004		subui	%r30,%r29,$4	
1026	009e	2bbd0008		subi	%r29,%r29,$8	
1027				; Automatically 11 NOPs removed by reduceNOPs.sh
1028	009f	3c1c0000		lhi	%r28,$0	
1029				; Automatically 1 NOPs removed by reduceNOPs.sh
1030	00a0	379c0000		ori	%r28,%r28,$0	
1031	00a1	3c010000		lhi	%r1,$0	
1032				; Automatically 1 NOPs removed by reduceNOPs.sh
1033	00a2	34210000		ori	%r1,%r1,$0	
1034			L_Encoder_23:
1035	00a3	0022d82a		slt	%r27,%r1,%r2	
1036	00a4	17600004		bnez	%r27,L_Encoder_24	
1037	00a5	00000000		nop
1038				; Automatically 1 NOPs removed by reduceNOPs.sh
1039	00a6	08000017		j	L_Encoder_27	
1040	00a7	00000000		nop
1041				; Automatically 1 NOPs removed by reduceNOPs.sh
1042			L_Encoder_24:
1043				; Automatically 1 NOPs removed by reduceNOPs.sh
1044	00a8	3c030000		lhi	%r3,$0	
1045				; Automatically 1 NOPs removed by reduceNOPs.sh
1046	00a9	34630000		ori	%r3,%r3,$0	
1047			L_Encoder_25:
1048				; Automatically 1 NOPs removed by reduceNOPs.sh
1049	00aa	0383e020		add	%r28,%r28,%r3	
1050	00ab	3c040000		lhi	%r4,$0	
1051				; Automatically 1 NOPs removed by reduceNOPs.sh
1052	00ac	34840000		ori	%r4,%r4,$0	
1053	00ad	3c050000		lhi	%r5,$0	
1054				; Automatically 1 NOPs removed by reduceNOPs.sh
1055	00ae	34a50000		ori	%r5,%r5,$0	
1056	00af	3c060000		lhi	%r6,$0	
1057				; Automatically 1 NOPs removed by reduceNOPs.sh
1058	00b0	34c60001		ori	%r6,%r6,$1	
1059			
1060			
1061	00b1	00862fe0		LoopFilter	%r5, %r4, %r6
1062			
1063	00b2	20630001		addi	%r3,%r3,$1	
1064	00b3	3c040000		lhi	%r4,$0	
1065				; Automatically 1 NOPs removed by reduceNOPs.sh
1066	00b4	34840020		ori	%r4,%r4,$32	
1067				; Automatically 1 NOPs removed by reduceNOPs.sh
1068	00b5	0064d82a		slt	%r27,%r3,%r4	
1069	00b6	1760fff4		bnez	%r27,L_Encoder_25	
1070	00b7	00000000		nop
1071				; Automatically 1 NOPs removed by reduceNOPs.sh
1072	00b8	08000002		j	L_Encoder_26	
1073	00b9	00000000		nop
1074				; Automatically 1 NOPs removed by reduceNOPs.sh
1075			L_Encoder_26:
1076	00ba	20210001		addi	%r1,%r1,$1	
1077	00bb	0bffffe8		j	L_Encoder_23	
1078	00bc	00000000		nop
1079			L_Encoder_27:
1080	00bd	08000002		j	L_Encoder_28	
1081	00be	00000000		nop
1082				; Automatically 1 NOPs removed by reduceNOPs.sh
1083			L_Encoder_28:
1084				; Automatically 1 NOPs removed by reduceNOPs.sh
1085	00bf	8fdf0004		lw	%r31,4(%r30)	
1086	00c0	27dd0004		addui	%r29,%r30,$4	
1087	00c1	8fde0000		lw	%r30,0(%r30)	
1088	00c2	03e00008		jr	%r31	
1089	00c3	00000000		nop
1090				; Automatically 1 NOPs removed by reduceNOPs.sh
1091			main:
1092			L_Encoder_29:
1093				; Automatically 1 NOPs removed by reduceNOPs.sh
1094	00c4	afbefffc		sw	-4(%r29),%r30	
1095	00c5	afbf0000		sw	0(%r29),%r31	
1096	00c6	2fbe0004		subui	%r30,%r29,$4	
1097	00c7	2bbd0010		subi	%r29,%r29,$16	
1098				; Automatically 9 NOPs removed by reduceNOPs.sh
1099	00c8	3c010000		lhi	%r1,$0	
1100				; Automatically 1 NOPs removed by reduceNOPs.sh
1101	00c9	34210000		ori	%r1,%r1,$0	
1102				; Automatically 1 NOPs removed by reduceNOPs.sh
1103	00ca	afc1fffc		sw	-4(%r30),%r1	
1104	00cb	f404018c		forecast	$4, $396 	
1105	00cc	f405018c		forecast	$5, $396 	
1106				; Automatically 2 NOPs removed by reduceNOPs.sh
1107	00cd	3c010000		lhi	%r1,$0	
1108				; Automatically 1 NOPs removed by reduceNOPs.sh
1109	00ce	34210096		ori	%r1,%r1,$150	
1110				; Automatically 1 NOPs removed by reduceNOPs.sh
1111	00cf	afc1fff8		sw	-8(%r30),%r1	
1112			L_Encoder_30:
1113				; Automatically 1 NOPs removed by reduceNOPs.sh
1114	00d0	3c010000		lhi	%r1,$0	
1115				; Automatically 1 NOPs removed by reduceNOPs.sh
1116	00d1	34210000		ori	%r1,%r1,$0	
1117			L_Encoder_31:
1118	00d2	8fc2fffc		lw	%r2,-4(%r30)	
1119				; Automatically 1 NOPs removed by reduceNOPs.sh
1120	00d3	00411018		mult	%r2,%r2,%r1	
1121				; Automatically 1 NOPs removed by reduceNOPs.sh
1122	00d4	afc2fffc		sw	-4(%r30),%r2	
1123	00d5	20210001		addi	%r1,%r1,$1	
1124	00d6	3c020000		lhi	%r2,$0	
1125				; Automatically 1 NOPs removed by reduceNOPs.sh
1126	00d7	34422710		ori	%r2,%r2,$10000	
1127				; Automatically 1 NOPs removed by reduceNOPs.sh
1128	00d8	0022d82a		slt	%r27,%r1,%r2	
1129	00d9	1760fff9		bnez	%r27,L_Encoder_31	
1130	00da	00000000		nop
1131				; Automatically 1 NOPs removed by reduceNOPs.sh
1132	00db	08000002		j	L_Encoder_32	
1133	00dc	00000000		nop
1134				; Automatically 1 NOPs removed by reduceNOPs.sh
1135			L_Encoder_32:
1136	00dd	8fc1fff8		lw	%r1,-8(%r30)	
1137	00de	3c020000		lhi	%r2,$0	
1138				; Automatically 1 NOPs removed by reduceNOPs.sh
1139	00df	3442018c		ori	%r2,%r2,$396	
1140				; Automatically 1 NOPs removed by reduceNOPs.sh
1141	00e0	2bbd0008		subi	%r29,%r29,$8	
1142				; Automatically 1 NOPs removed by reduceNOPs.sh
1143	00e1	0fffff57		jal	doEncodeMB	
1144	00e2	00000000		nop
1145				; Automatically 1 NOPs removed by reduceNOPs.sh
1146	00e3	23bd0008		addi	%r29,%r29,$8	
1147				; Automatically 1 NOPs removed by reduceNOPs.sh
1148	00e4	8fc1fffc		lw	%r1,-4(%r30)	
1149				; Automatically 1 NOPs removed by reduceNOPs.sh
1150	00e5	003c0820		add	%r1,%r1,%r28	
1151				; Automatically 1 NOPs removed by reduceNOPs.sh
1152	00e6	afc1fffc		sw	-4(%r30),%r1	
1153	00e7	f404002e		forecast	$4, $46 	
1154	00e8	f405002e		forecast	$5, $46 	
1155	00e9	f403015e		forecast	$3, $350 	
1156	00ea	8fc1fff8		lw	%r1,-8(%r30)	
1157				; Automatically 1 NOPs removed by reduceNOPs.sh
1158	00eb	20210001		addi	%r1,%r1,$1	
1159				; Automatically 1 NOPs removed by reduceNOPs.sh
1160	00ec	00201020		add	%r2,%r1,%r0	
1161	00ed	afc1fff8		sw	-8(%r30),%r1	
1162	00ee	3c010000		lhi	%r1,$0	
1163				; Automatically 1 NOPs removed by reduceNOPs.sh
1164	00ef	342100a0		ori	%r1,%r1,$160	
1165				; Automatically 1 NOPs removed by reduceNOPs.sh
1166	00f0	0041d82a		slt	%r27,%r2,%r1	
1167	00f1	1760ffdf		bnez	%r27,L_Encoder_30	
1168	00f2	00000000		nop
1169				; Automatically 1 NOPs removed by reduceNOPs.sh
1170	00f3	08000002		j	L_Encoder_33	
1171	00f4	00000000		nop
1172				; Automatically 1 NOPs removed by reduceNOPs.sh
1173			L_Encoder_33:
1174	00f5	8fdcfffc		lw	%r28,-4(%r30)	
1175				; Automatically 1 NOPs removed by reduceNOPs.sh
1176	00f6	08000002		j	L_Encoder_34	
1177	00f7	00000000		nop
1178				; Automatically 1 NOPs removed by reduceNOPs.sh
1179			L_Encoder_34:
1180				; Automatically 1 NOPs removed by reduceNOPs.sh
1181	00f8	8fdf0004		lw	%r31,4(%r30)	
1182	00f9	27dd0004		addui	%r29,%r30,$4	
1183	00fa	8fde0000		lw	%r30,0(%r30)	
1184	00fb	03e00008		jr	%r31	
1185	00fc	00000000		nop
1186			exit:


******** Cross Reference List ********
Defined Symbol
name   	section	lc     	attr   	value  	lineno 
doMotionEstimation	.text	000f	Label	f	783 
L_Encoder_30	.text	00d0	Label	d0	1112 
L_Encoder_31	.text	00d2	Label	d2	1117 
L_Encoder_32	.text	00dd	Label	dd	1135 
L_Encoder_33	.text	00f5	Label	f5	1173 
L_Encoder_34	.text	00f8	Label	f8	1179 
exit	.text	00fd	Label	fd	1186 
doLoopFilter	.text	009b	Label	9b	1020 
L_Encoder_1	.text	000f	Label	f	784 
L_Encoder_2	.text	0017	Label	17	797 
L_Encoder_3	.text	001c	Label	1c	805 
L_Encoder_4	.text	001e	Label	1e	810 
L_Encoder_5	.text	002e	Label	2e	838 
L_Encoder_6	.text	0031	Label	31	842 
L_Encoder_7	.text	0033	Label	33	846 
L_Encoder_8	.text	0038	Label	38	855 
L_Encoder_9	.text	0054	Label	54	895 
L_Encoder_10	.text	0058	Label	58	903 
L_Encoder_11	.text	005a	Label	5a	908 
L_Encoder_12	.text	005f	Label	5f	916 
L_Encoder_13	.text	006e	Label	6e	944 
L_Encoder_14	.text	0077	Label	77	958 
_mbArray	.data	0000	Label	0	4 
L_Encoder_15	.text	007a	Label	7a	962 
L_Encoder_16	.text	007c	Label	7c	967 
L_Encoder_17	.text	0081	Label	81	975 
L_Encoder_18	.text	0088	Label	88	990 
L_Encoder_19	.text	0091	Label	91	1004 
doEncodeMB	.text	0038	Label	38	854 
_I_MB	.data	0028	Label	28	17 
L_Encoder_20	.text	0094	Label	94	1008 
L_Encoder_21	.text	0096	Label	96	1012 
L_Encoder_22	.text	009b	Label	9b	1021 
L_Encoder_23	.text	00a3	Label	a3	1034 
L_Encoder_24	.text	00a8	Label	a8	1042 
L_Encoder_25	.text	00aa	Label	aa	1047 
L_Encoder_26	.text	00ba	Label	ba	1075 
L_Encoder_27	.text	00bd	Label	bd	1079 
L_Encoder_28	.text	00bf	Label	bf	1083 
L_Encoder_29	.text	00c4	Label	c4	1092 
main	.text	00c4	Label	c4	1091 


Undefined Symbol
name   	section	lc     	attr   	value  	lineno 


Multiple Defined Symbol
name   	section	lc     	attr   	value  	lineno 


******* Section Data List ******* 
Sec	Attr		Size
.text 	Writable 	fd 
addr_space : 16 
addressing : Word 
bitwidth per byte : 8 
word alignment : 4 
.data 	Data		bc0 
addr_space : 16 
addressing : Byte 
bitwidth per byte : 8 
word alignment : 4 
