****** Source Program List ******
LineNo	LC	Code		Source Program 
1				.section	.data
2				;.global	_mbArray
3				.align	4
4			_mbArray:
5	0000	00000000		.space	4
6	0004	00000001		.data.32	1
7	0008	00000002		.data.32	2
8	000c	00000001		.data.32	1
9	0010	00000001		.data.32	1
10	0014	00000002		.data.32	2
11	0018	00000000		.space	4
12	001c	00000001		.data.32	1
13	0020	00000000		.space	4
14	0024	00000001		.data.32	1
15				;.global	_I_MB
16				.align	4
17			_I_MB:
18	0028	0000018c		.data.32	396
19	002c	00000023		.data.32	35
20	0030	00000023		.data.32	35
21	0034	00000026		.data.32	38
22	0038	0000002a		.data.32	42
23	003c	0000001f		.data.32	31
24	0040	0000001e		.data.32	30
25	0044	0000001d		.data.32	29
26	0048	00000024		.data.32	36
27	004c	00000026		.data.32	38
28	0050	00000020		.data.32	32
29	0054	00000021		.data.32	33
30	0058	0000001f		.data.32	31
31	005c	00000018		.data.32	24
32	0060	0000001c		.data.32	28
33	0064	00000014		.data.32	20
34	0068	0000001e		.data.32	30
35	006c	00000017		.data.32	23
36	0070	00000026		.data.32	38
37	0074	0000001e		.data.32	30
38	0078	0000001c		.data.32	28
39	007c	00000022		.data.32	34
40	0080	00000015		.data.32	21
41	0084	00000018		.data.32	24
42	0088	0000001d		.data.32	29
43	008c	0000001d		.data.32	29
44	0090	0000001e		.data.32	30
45	0094	0000001d		.data.32	29
46	0098	00000019		.data.32	25
47	009c	0000001a		.data.32	26
48	00a0	00000015		.data.32	21
49	00a4	0000001b		.data.32	27
50	00a8	00000014		.data.32	20
51	00ac	0000001b		.data.32	27
52	00b0	0000001a		.data.32	26
53	00b4	00000023		.data.32	35
54	00b8	0000001b		.data.32	27
55	00bc	00000020		.data.32	32
56	00c0	0000001e		.data.32	30
57	00c4	00000016		.data.32	22
58	00c8	0000001a		.data.32	26
59	00cc	00000025		.data.32	37
60	00d0	0000001f		.data.32	31
61	00d4	00000022		.data.32	34
62	00d8	0000001d		.data.32	29
63	00dc	0000001f		.data.32	31
64	00e0	00000017		.data.32	23
65	00e4	00000012		.data.32	18
66	00e8	0000001e		.data.32	30
67	00ec	0000001b		.data.32	27
68	00f0	0000001a		.data.32	26
69	00f4	00000017		.data.32	23
70	00f8	00000017		.data.32	23
71	00fc	00000011		.data.32	17
72	0100	0000000f		.data.32	15
73	0104	00000019		.data.32	25
74	0108	00000014		.data.32	20
75	010c	00000012		.data.32	18
76	0110	00000014		.data.32	20
77	0114	00000014		.data.32	20
78	0118	00000014		.data.32	20
79	011c	00000015		.data.32	21
80	0120	00000014		.data.32	20
81	0124	00000010		.data.32	16
82	0128	0000000c		.data.32	12
83	012c	0000000a		.data.32	10
84	0130	00000009		.data.32	9
85	0134	0000000b		.data.32	11
86	0138	00000009		.data.32	9
87	013c	00000004		.data.32	4
88	0140	00000003		.data.32	3
89	0144	00000007		.data.32	7
90	0148	00000009		.data.32	9
91	014c	0000000d		.data.32	13
92	0150	00000006		.data.32	6
93	0154	00000007		.data.32	7
94	0158	0000000c		.data.32	12
95	015c	0000000b		.data.32	11
96	0160	0000000b		.data.32	11
97	0164	00000008		.data.32	8
98	0168	0000000a		.data.32	10
99	016c	0000000c		.data.32	12
100	0170	0000000e		.data.32	14
101	0174	0000000d		.data.32	13
102	0178	0000000e		.data.32	14
103	017c	00000014		.data.32	20
104	0180	00000016		.data.32	22
105	0184	00000017		.data.32	23
106	0188	00000019		.data.32	25
107	018c	00000014		.data.32	20
108	0190	0000001d		.data.32	29
109	0194	0000001c		.data.32	28
110	0198	0000001a		.data.32	26
111	019c	00000011		.data.32	17
112	01a0	00000013		.data.32	19
113	01a4	0000001b		.data.32	27
114	01a8	00000016		.data.32	22
115	01ac	00000011		.data.32	17
116	01b0	00000018		.data.32	24
117	01b4	00000019		.data.32	25
118	01b8	0000001b		.data.32	27
119	01bc	0000001d		.data.32	29
120	01c0	00000016		.data.32	22
121	01c4	00000026		.data.32	38
122	01c8	00000025		.data.32	37
123	01cc	00000027		.data.32	39
124	01d0	00000023		.data.32	35
125	01d4	00000026		.data.32	38
126	01d8	00000020		.data.32	32
127	01dc	0000001a		.data.32	26
128	01e0	00000019		.data.32	25
129	01e4	0000001b		.data.32	27
130	01e8	0000001b		.data.32	27
131	01ec	00000017		.data.32	23
132	01f0	00000014		.data.32	20
133	01f4	00000015		.data.32	21
134	01f8	00000010		.data.32	16
135	01fc	00000015		.data.32	21
136	0200	0000000f		.data.32	15
137	0204	00000016		.data.32	22
138	0208	00000017		.data.32	23
139	020c	00000017		.data.32	23
140	0210	00000015		.data.32	21
141	0214	0000000f		.data.32	15
142	0218	00000016		.data.32	22
143	021c	00000019		.data.32	25
144	0220	0000001b		.data.32	27
145	0224	0000001b		.data.32	27
146	0228	00000013		.data.32	19
147	022c	0000000d		.data.32	13
148	0230	00000012		.data.32	18
149	0234	00000016		.data.32	22
150	0238	0000000a		.data.32	10
151	023c	00000015		.data.32	21
152	0240	0000000c		.data.32	12
153	0244	0000000f		.data.32	15
154	0248	0000000f		.data.32	15
155	024c	00000012		.data.32	18
156	0250	00000010		.data.32	16
157	0254	00000018		.data.32	24
158	0258	0000000a		.data.32	10
159	025c	00000006		.data.32	6
160	0260	00000008		.data.32	8
161	0264	00000009		.data.32	9
162	0268	00000007		.data.32	7
163	026c	00000005		.data.32	5
164	0270	00000006		.data.32	6
165	0274	00000004		.data.32	4
166	0278	00000009		.data.32	9
167	027c	00000007		.data.32	7
168	0280	00000008		.data.32	8
169	0284	00000009		.data.32	9
170	0288	0000000b		.data.32	11
171	028c	00000006		.data.32	6
172	0290	00000007		.data.32	7
173	0294	00000006		.data.32	6
174	0298	00000004		.data.32	4
175	029c	00000007		.data.32	7
176	02a0	00000009		.data.32	9
177	02a4	00000008		.data.32	8
178	02a8	0000000a		.data.32	10
179	02ac	00000008		.data.32	8
180	02b0	0000000d		.data.32	13
181	02b4	00000012		.data.32	18
182	02b8	0000000b		.data.32	11
183	02bc	00000008		.data.32	8
184	02c0	0000000b		.data.32	11
185	02c4	00000010		.data.32	16
186	02c8	00000013		.data.32	19
187	02cc	00000011		.data.32	17
188	02d0	0000001a		.data.32	26
189	02d4	0000001d		.data.32	29
190	02d8	00000014		.data.32	20
191	02dc	00000013		.data.32	19
192	02e0	00000018		.data.32	24
193	02e4	00000019		.data.32	25
194	02e8	00000012		.data.32	18
195	02ec	0000000f		.data.32	15
196	02f0	00000012		.data.32	18
197	02f4	0000001b		.data.32	27
198	02f8	0000001d		.data.32	29
199	02fc	0000001c		.data.32	28
200	0300	0000001c		.data.32	28
201	0304	0000001c		.data.32	28
202	0308	0000001c		.data.32	28
203	030c	0000001d		.data.32	29
204	0310	00000020		.data.32	32
205	0314	00000019		.data.32	25
206	0318	00000021		.data.32	33
207	031c	00000028		.data.32	40
208	0320	0000002b		.data.32	43
209	0324	0000002f		.data.32	47
210	0328	0000002e		.data.32	46
211	032c	00000034		.data.32	52
212	0330	00000035		.data.32	53
213	0334	00000038		.data.32	56
214	0338	00000031		.data.32	49
215	033c	00000033		.data.32	51
216	0340	00000035		.data.32	53
217	0344	00000030		.data.32	48
218	0348	0000003d		.data.32	61
219	034c	0000003c		.data.32	60
220	0350	00000027		.data.32	39
221	0354	0000002d		.data.32	45
222	0358	00000035		.data.32	53
223	035c	00000032		.data.32	50
224	0360	00000038		.data.32	56
225	0364	00000030		.data.32	48
226	0368	00000035		.data.32	53
227	036c	00000035		.data.32	53
228	0370	00000036		.data.32	54
229	0374	00000036		.data.32	54
230	0378	00000038		.data.32	56
231	037c	00000038		.data.32	56
232	0380	00000036		.data.32	54
233	0384	0000003a		.data.32	58
234	0388	00000031		.data.32	49
235	038c	00000024		.data.32	36
236	0390	00000025		.data.32	37
237	0394	00000024		.data.32	36
238	0398	00000026		.data.32	38
239	039c	00000025		.data.32	37
240	03a0	00000028		.data.32	40
241	03a4	00000028		.data.32	40
242	03a8	0000002a		.data.32	42
243	03ac	00000034		.data.32	52
244	03b0	00000032		.data.32	50
245	03b4	0000002c		.data.32	44
246	03b8	00000039		.data.32	57
247	03bc	00000036		.data.32	54
248	03c0	00000030		.data.32	48
249	03c4	0000003b		.data.32	59
250	03c8	00000038		.data.32	56
251	03cc	00000042		.data.32	66
252	03d0	00000044		.data.32	68
253	03d4	00000045		.data.32	69
254	03d8	00000055		.data.32	85
255	03dc	0000004f		.data.32	79
256	03e0	00000051		.data.32	81
257	03e4	000000af		.data.32	175
258	03e8	000000ba		.data.32	186
259	03ec	000000b7		.data.32	183
260	03f0	000000c1		.data.32	193
261	03f4	0000009e		.data.32	158
262	03f8	0000009c		.data.32	156
263	03fc	00000090		.data.32	144
264	0400	000000bd		.data.32	189
265	0404	000000a0		.data.32	160
266	0408	00000092		.data.32	146
267	040c	000000a3		.data.32	163
268	0410	000000b2		.data.32	178
269	0414	00000091		.data.32	145
270	0418	0000009b		.data.32	155
271	041c	00000099		.data.32	153
272	0420	000000bc		.data.32	188
273	0424	00000092		.data.32	146
274	0428	00000095		.data.32	149
275	042c	0000009c		.data.32	156
276	0430	000000be		.data.32	190
277	0434	0000008f		.data.32	143
278	0438	00000091		.data.32	145
279	043c	0000008f		.data.32	143
280	0440	0000016e		.data.32	366
281	0444	000000a7		.data.32	167
282	0448	000000ad		.data.32	173
283	044c	000000b0		.data.32	176
284	0450	00000178		.data.32	376
285	0454	000000a8		.data.32	168
286	0458	000000aa		.data.32	170
287	045c	000000b5		.data.32	181
288	0460	00000176		.data.32	374
289	0464	000000a9		.data.32	169
290	0468	000000aa		.data.32	170
291	046c	000000a8		.data.32	168
292	0470	0000016f		.data.32	367
293	0474	000000a2		.data.32	162
294	0478	000000aa		.data.32	170
295	047c	0000009d		.data.32	157
296	0480	00000172		.data.32	370
297	0484	00000096		.data.32	150
298	0488	0000008f		.data.32	143
299	048c	00000096		.data.32	150
300	0490	00000164		.data.32	356
301	0494	0000009c		.data.32	156
302	0498	0000009f		.data.32	159
303	049c	0000009d		.data.32	157
304	04a0	00000126		.data.32	294
305	04a4	00000093		.data.32	147
306	04a8	000000a5		.data.32	165
307	04ac	000000b1		.data.32	177
308	04b0	00000174		.data.32	372
309	04b4	000000b6		.data.32	182
310	04b8	000000bd		.data.32	189
311	04bc	000000ad		.data.32	173
312	04c0	000000da		.data.32	218
313	04c4	0000009e		.data.32	158
314	04c8	0000009e		.data.32	158
315	04cc	000000a2		.data.32	162
316	04d0	000000ce		.data.32	206
317	04d4	0000008e		.data.32	142
318	04d8	0000008e		.data.32	142
319	04dc	00000098		.data.32	152
320	04e0	000000d1		.data.32	209
321	04e4	0000008f		.data.32	143
322	04e8	000000a0		.data.32	160
323	04ec	00000095		.data.32	149
324	04f0	0000017a		.data.32	378
325	04f4	000000a1		.data.32	161
326	04f8	00000098		.data.32	152
327	04fc	0000009f		.data.32	159
328	0500	00000173		.data.32	371
329	0504	0000009c		.data.32	156
330	0508	000000a4		.data.32	164
331	050c	000000a3		.data.32	163
332	0510	00000117		.data.32	279
333	0514	00000099		.data.32	153
334	0518	0000009f		.data.32	159
335	051c	0000009b		.data.32	155
336	0520	000000ca		.data.32	202
337	0524	00000087		.data.32	135
338	0528	000000a9		.data.32	169
339	052c	000000a1		.data.32	161
340	0530	00000169		.data.32	361
341	0534	00000081		.data.32	129
342	0538	00000084		.data.32	132
343	053c	0000008b		.data.32	139
344	0540	00000161		.data.32	353
345	0544	0000008d		.data.32	141
346	0548	0000009b		.data.32	155
347	054c	00000091		.data.32	145
348	0550	00000164		.data.32	356
349	0554	00000079		.data.32	121
350	0558	00000083		.data.32	131
351	055c	0000008e		.data.32	142
352	0560	00000163		.data.32	355
353	0564	00000085		.data.32	133
354	0568	00000086		.data.32	134
355	056c	0000008f		.data.32	143
356	0570	00000169		.data.32	361
357	0574	00000094		.data.32	148
358	0578	0000009a		.data.32	154
359	057c	00000091		.data.32	145
360	0580	00000163		.data.32	355
361	0584	00000082		.data.32	130
362	0588	0000009b		.data.32	155
363	058c	00000093		.data.32	147
364	0590	00000000		.space	4
365	0594	00000000		.space	4
366	0598	00000000		.space	4
367	059c	00000000		.space	4
368	05a0	00000000		.space	4
369	05a4	00000000		.space	4
370	05a8	00000003		.data.32	3
371	05ac	00000007		.data.32	7
372	05b0	00000008		.data.32	8
373	05b4	0000000f		.data.32	15
374	05b8	0000001b		.data.32	27
375	05bc	0000002d		.data.32	45
376	05c0	00000039		.data.32	57
377	05c4	00000032		.data.32	50
378	05c8	00000025		.data.32	37
379	05cc	00000015		.data.32	21
380	05d0	00000011		.data.32	17
381	05d4	0000000e		.data.32	14
382	05d8	00000006		.data.32	6
383	05dc	00000000		.space	4
384	05e0	00000000		.space	4
385	05e4	00000000		.space	4
386	05e8	00000000		.space	4
387	05ec	00000003		.data.32	3
388	05f0	0000000f		.data.32	15
389	05f4	0000001c		.data.32	28
390	05f8	00000024		.data.32	36
391	05fc	0000001a		.data.32	26
392	0600	00000006		.data.32	6
393	0604	0000000c		.data.32	12
394	0608	0000000b		.data.32	11
395	060c	0000000b		.data.32	11
396	0610	0000000e		.data.32	14
397	0614	0000000d		.data.32	13
398	0618	00000010		.data.32	16
399	061c	00000013		.data.32	19
400	0620	00000010		.data.32	16
401	0624	0000000c		.data.32	12
402	0628	00000010		.data.32	16
403	062c	0000001e		.data.32	30
404	0630	00000019		.data.32	25
405	0634	00000019		.data.32	25
406	0638	00000016		.data.32	22
407	063c	00000012		.data.32	18
408	0640	0000000e		.data.32	14
409	0644	00000006		.data.32	6
410	0648	00000001		.data.32	1
411	064c	00000005		.data.32	5
412	0650	0000000c		.data.32	12
413	0654	0000000d		.data.32	13
414	0658	00000016		.data.32	22
415	065c	00000018		.data.32	24
416	0660	00000023		.data.32	35
417	0664	0000002a		.data.32	42
418	0668	0000002a		.data.32	42
419	066c	0000001b		.data.32	27
420	0670	00000003		.data.32	3
421	0674	00000002		.data.32	2
422	0678	00000003		.data.32	3
423	067c	00000005		.data.32	5
424	0680	00000010		.data.32	16
425	0684	00000017		.data.32	23
426	0688	0000001e		.data.32	30
427	068c	00000021		.data.32	33
428	0690	00000026		.data.32	38
429	0694	0000002c		.data.32	44
430	0698	00000023		.data.32	35
431	069c	0000001e		.data.32	30
432	06a0	00000012		.data.32	18
433	06a4	00000009		.data.32	9
434	06a8	00000006		.data.32	6
435	06ac	0000000a		.data.32	10
436	06b0	00000013		.data.32	19
437	06b4	0000000e		.data.32	14
438	06b8	00000006		.data.32	6
439	06bc	00000004		.data.32	4
440	06c0	0000000f		.data.32	15
441	06c4	00000011		.data.32	17
442	06c8	0000001d		.data.32	29
443	06cc	00000013		.data.32	19
444	06d0	00000009		.data.32	9
445	06d4	00000003		.data.32	3
446	06d8	00000001		.data.32	1
447	06dc	0000000b		.data.32	11
448	06e0	00000013		.data.32	19
449	06e4	00000017		.data.32	23
450	06e8	00000015		.data.32	21
451	06ec	00000003		.data.32	3
452	06f0	00000002		.data.32	2
453	06f4	00000004		.data.32	4
454	06f8	00000004		.data.32	4
455	06fc	00000006		.data.32	6
456	0700	00000000		.space	4
457	0704	00000000		.space	4
458	0708	00000002		.data.32	2
459	070c	00000005		.data.32	5
460	0710	00000008		.data.32	8
461	0714	00000005		.data.32	5
462	0718	00000005		.data.32	5
463	071c	00000000		.space	4
464	0720	00000001		.data.32	1
465	0724	00000001		.data.32	1
466	0728	00000001		.data.32	1
467	072c	00000001		.data.32	1
468	0730	00000000		.space	4
469	0734	00000001		.data.32	1
470	0738	00000001		.data.32	1
471	073c	00000000		.space	4
472	0740	00000001		.data.32	1
473	0744	00000005		.data.32	5
474	0748	00000000		.space	4
475	074c	00000002		.data.32	2
476	0750	00000001		.data.32	1
477	0754	00000006		.data.32	6
478	0758	00000003		.data.32	3
479	075c	00000002		.data.32	2
480	0760	00000005		.data.32	5
481	0764	00000004		.data.32	4
482	0768	00000008		.data.32	8
483	076c	00000000		.space	4
484	0770	00000002		.data.32	2
485	0774	00000003		.data.32	3
486	0778	00000002		.data.32	2
487	077c	00000005		.data.32	5
488	0780	00000001		.data.32	1
489	0784	00000004		.data.32	4
490	0788	00000002		.data.32	2
491	078c	00000004		.data.32	4
492	0790	00000002		.data.32	2
493	0794	00000005		.data.32	5
494	0798	00000001		.data.32	1
495	079c	00000002		.data.32	2
496	07a0	00000000		.space	4
497	07a4	00000003		.data.32	3
498	07a8	00000003		.data.32	3
499	07ac	00000001		.data.32	1
500	07b0	00000007		.data.32	7
501	07b4	00000006		.data.32	6
502	07b8	0000000a		.data.32	10
503	07bc	00000015		.data.32	21
504	07c0	00000020		.data.32	32
505	07c4	00000027		.data.32	39
506	07c8	0000002b		.data.32	43
507	07cc	00000037		.data.32	55
508	07d0	00000051		.data.32	81
509	07d4	00000068		.data.32	104
510	07d8	00000072		.data.32	114
511	07dc	00000076		.data.32	118
512	07e0	00000072		.data.32	114
513	07e4	00000054		.data.32	84
514	07e8	00000043		.data.32	67
515	07ec	00000049		.data.32	73
516	07f0	00000053		.data.32	83
517	07f4	0000004d		.data.32	77
518	07f8	00000066		.data.32	102
519	07fc	00000062		.data.32	98
520	0800	00000050		.data.32	80
521	0804	00000047		.data.32	71
522	0808	00000043		.data.32	67
523	080c	00000040		.data.32	64
524	0810	00000040		.data.32	64
525	0814	0000003f		.data.32	63
526	0818	00000037		.data.32	55
527	081c	00000022		.data.32	34
528	0820	00000020		.data.32	32
529	0824	00000027		.data.32	39
530	0828	00000018		.data.32	24
531	082c	00000016		.data.32	22
532	0830	00000014		.data.32	20
533	0834	00000016		.data.32	22
534	0838	00000018		.data.32	24
535	083c	00000029		.data.32	41
536	0840	00000014		.data.32	20
537	0844	00000018		.data.32	24
538	0848	00000018		.data.32	24
539	084c	0000000f		.data.32	15
540	0850	00000013		.data.32	19
541	0854	00000015		.data.32	21
542	0858	00000012		.data.32	18
543	085c	00000010		.data.32	16
544	0860	0000000f		.data.32	15
545	0864	0000000c		.data.32	12
546	0868	0000000b		.data.32	11
547	086c	00000010		.data.32	16
548	0870	0000000d		.data.32	13
549	0874	00000006		.data.32	6
550	0878	00000007		.data.32	7
551	087c	00000007		.data.32	7
552	0880	00000007		.data.32	7
553	0884	0000000e		.data.32	14
554	0888	00000008		.data.32	8
555	088c	0000000a		.data.32	10
556	0890	00000007		.data.32	7
557	0894	00000009		.data.32	9
558	0898	00000006		.data.32	6
559	089c	00000005		.data.32	5
560	08a0	00000007		.data.32	7
561	08a4	00000003		.data.32	3
562	08a8	00000024		.data.32	36
563	08ac	00000033		.data.32	51
564	08b0	00000039		.data.32	57
565	08b4	0000003a		.data.32	58
566	08b8	00000048		.data.32	72
567	08bc	00000044		.data.32	68
568	08c0	00000055		.data.32	85
569	08c4	00000065		.data.32	101
570	08c8	00000063		.data.32	99
571	08cc	0000006d		.data.32	109
572	08d0	0000007e		.data.32	126
573	08d4	00000097		.data.32	151
574	08d8	0000007c		.data.32	124
575	08dc	00000087		.data.32	135
576	08e0	0000007b		.data.32	123
577	08e4	0000006b		.data.32	107
578	08e8	00000083		.data.32	131
579	08ec	0000007e		.data.32	126
580	08f0	00000078		.data.32	120
581	08f4	00000081		.data.32	129
582	08f8	00000089		.data.32	137
583	08fc	0000007b		.data.32	123
584	0900	00000071		.data.32	113
585	0904	00000078		.data.32	120
586	0908	00000061		.data.32	97
587	090c	0000005c		.data.32	92
588	0910	00000058		.data.32	88
589	0914	00000060		.data.32	96
590	0918	00000049		.data.32	73
591	091c	00000055		.data.32	85
592	0920	0000004d		.data.32	77
593	0924	00000045		.data.32	69
594	0928	0000004c		.data.32	76
595	092c	00000055		.data.32	85
596	0930	00000048		.data.32	72
597	0934	0000003b		.data.32	59
598	0938	0000003f		.data.32	63
599	093c	00000043		.data.32	67
600	0940	00000042		.data.32	66
601	0944	0000004a		.data.32	74
602	0948	00000045		.data.32	69
603	094c	00000039		.data.32	57
604	0950	00000044		.data.32	68
605	0954	00000058		.data.32	88
606	0958	00000047		.data.32	71
607	095c	0000004a		.data.32	74
608	0960	00000054		.data.32	84
609	0964	0000003c		.data.32	60
610	0968	00000031		.data.32	49
611	096c	00000035		.data.32	53
612	0970	00000039		.data.32	57
613	0974	0000003e		.data.32	62
614	0978	00000039		.data.32	57
615	097c	0000003b		.data.32	59
616	0980	00000039		.data.32	57
617	0984	00000034		.data.32	52
618	0988	00000040		.data.32	64
619	098c	0000003e		.data.32	62
620	0990	00000038		.data.32	56
621	0994	0000003d		.data.32	61
622	0998	0000003d		.data.32	61
623	099c	00000037		.data.32	55
624	09a0	00000039		.data.32	57
625	09a4	0000003d		.data.32	61
626	09a8	0000003b		.data.32	59
627	09ac	0000003a		.data.32	58
628	09b0	0000003c		.data.32	60
629	09b4	0000003a		.data.32	58
630	09b8	00000034		.data.32	52
631	09bc	00000035		.data.32	53
632	09c0	00000030		.data.32	48
633	09c4	00000034		.data.32	52
634	09c8	0000002d		.data.32	45
635	09cc	00000032		.data.32	50
636	09d0	00000032		.data.32	50
637	09d4	00000036		.data.32	54
638	09d8	00000037		.data.32	55
639	09dc	00000040		.data.32	64
640	09e0	00000042		.data.32	66
641	09e4	00000036		.data.32	54
642	09e8	00000036		.data.32	54
643	09ec	0000003a		.data.32	58
644	09f0	00000036		.data.32	54
645	09f4	00000031		.data.32	49
646	09f8	00000032		.data.32	50
647	09fc	00000041		.data.32	65
648	0a00	00000040		.data.32	64
649	0a04	00000039		.data.32	57
650	0a08	00000037		.data.32	55
651	0a0c	0000003a		.data.32	58
652	0a10	00000039		.data.32	57
653	0a14	00000033		.data.32	51
654	0a18	00000028		.data.32	40
655	0a1c	00000035		.data.32	53
656	0a20	0000002f		.data.32	47
657	0a24	00000037		.data.32	55
658	0a28	0000002f		.data.32	47
659	0a2c	00000038		.data.32	56
660	0a30	00000032		.data.32	50
661	0a34	0000000f		.data.32	15
662	0a38	00000022		.data.32	34
663	0a3c	00000028		.data.32	40
664	0a40	0000001b		.data.32	27
665	0a44	0000001d		.data.32	29
666	0a48	00000012		.data.32	18
667	0a4c	00000012		.data.32	18
668	0a50	00000011		.data.32	17
669	0a54	00000019		.data.32	25
670	0a58	00000013		.data.32	19
671	0a5c	00000013		.data.32	19
672	0a60	0000001c		.data.32	28
673	0a64	0000002c		.data.32	44
674	0a68	0000002c		.data.32	44
675	0a6c	00000022		.data.32	34
676	0a70	00000012		.data.32	18
677	0a74	0000000e		.data.32	14
678	0a78	0000000d		.data.32	13
679	0a7c	00000006		.data.32	6
680	0a80	00000006		.data.32	6
681	0a84	0000000a		.data.32	10
682	0a88	00000010		.data.32	16
683	0a8c	0000000d		.data.32	13
684	0a90	0000000a		.data.32	10
685	0a94	0000000d		.data.32	13
686	0a98	00000005		.data.32	5
687	0a9c	00000006		.data.32	6
688	0aa0	00000005		.data.32	5
689	0aa4	00000002		.data.32	2
690	0aa8	00000002		.data.32	2
691	0aac	00000004		.data.32	4
692	0ab0	00000007		.data.32	7
693	0ab4	00000011		.data.32	17
694	0ab8	00000011		.data.32	17
695	0abc	0000000d		.data.32	13
696	0ac0	0000000d		.data.32	13
697	0ac4	00000010		.data.32	16
698	0ac8	00000009		.data.32	9
699	0acc	00000006		.data.32	6
700	0ad0	00000010		.data.32	16
701	0ad4	00000011		.data.32	17
702	0ad8	0000000d		.data.32	13
703	0adc	0000000d		.data.32	13
704	0ae0	0000000d		.data.32	13
705	0ae4	00000007		.data.32	7
706	0ae8	00000006		.data.32	6
707	0aec	00000015		.data.32	21
708	0af0	00000021		.data.32	33
709	0af4	00000013		.data.32	19
710	0af8	00000012		.data.32	18
711	0afc	00000007		.data.32	7
712	0b00	0000000a		.data.32	10
713	0b04	00000016		.data.32	22
714	0b08	00000018		.data.32	24
715	0b0c	00000016		.data.32	22
716	0b10	00000012		.data.32	18
717	0b14	0000000b		.data.32	11
718	0b18	00000012		.data.32	18
719	0b1c	0000000e		.data.32	14
720	0b20	00000007		.data.32	7
721	0b24	00000006		.data.32	6
722	0b28	00000009		.data.32	9
723	0b2c	00000009		.data.32	9
724	0b30	00000012		.data.32	18
725	0b34	00000013		.data.32	19
726	0b38	00000019		.data.32	25
727	0b3c	00000015		.data.32	21
728	0b40	00000011		.data.32	17
729	0b44	00000010		.data.32	16
730	0b48	0000001e		.data.32	30
731	0b4c	00000024		.data.32	36
732	0b50	0000003c		.data.32	60
733	0b54	00000021		.data.32	33
734	0b58	00000010		.data.32	16
735	0b5c	00000012		.data.32	18
736	0b60	00000018		.data.32	24
737	0b64	0000002b		.data.32	43
738	0b68	0000002d		.data.32	45
739	0b6c	00000022		.data.32	34
740	0b70	00000025		.data.32	37
741	0b74	0000002a		.data.32	42
742	0b78	0000001d		.data.32	29
743	0b7c	00000017		.data.32	23
744	0b80	00000025		.data.32	37
745	0b84	0000001e		.data.32	30
746	0b88	00000017		.data.32	23
747	0b8c	00000014		.data.32	20
748	0b90	00000013		.data.32	19
749	0b94	00000029		.data.32	41
750	0b98	00000034		.data.32	52
751	0b9c	0000003b		.data.32	59
752	0ba0	00000048		.data.32	72
753	0ba4	00000056		.data.32	86
754	0ba8	0000005f		.data.32	95
755	0bac	0000001b		.data.32	27
756	0bb0	00000013		.data.32	19
757	0bb4	00000011		.data.32	17
758	0bb8	0000000b		.data.32	11
759	0bbc	00000004		.data.32	4
760				.section	.text
761				.addressing	Word
762				.section	.text
763				.addressing	Word
764				;.addressing	Word
765			
766	0000	03def026		xor	%GPR30, %GPR30, %GPR30
767	0001	03bde826		xor	%GPR29, %GPR29, %GPR29
768	0002	039ce026		xor	%GPR28, %GPR28, %GPR28
769	0003	00000000		nop
770	0004	3c1e000f		lhi	%GPR30, $(0xFFFFC/0x10000)
771	0005	3c1d000f		lhi	%GPR29, $(0xFFFFC/0x10000)
772	0006	00000000		nop
773	0007	00000000		nop
774	0008	37defffc		ori	%GPR30, %GPR30, $(0xFFFFC%0x10000)
775	0009	37bdfffc		ori	%GPR29, %GPR29, $(0xFFFFC%0x10000)
776	000a	00000000		nop
777	000b	00000000		nop
778	000c	00000000		nop
779	000d	afbefffc		sw	-4(%GPR29), %GPR30
780	000e	afbffff8		sw	-8(%GPR29), %GPR31
781	000f	23ddfff8		addi	%GPR29, %GPR30, $-8
782	0010	00000000		nop
783	0011	00000000		nop
784	0012	00000000		nop
785	0013	0c000288		jal	main	
786	0014	00000000		nop
787	0015	00000000		nop
788	0016	00000000		nop
789	0017	00000000		nop
790	0018	00000000		nop
791	0019	afa10000		sw	0(%GPR29), %GPR1
792	001a	0c00036c		jal	exit
793	001b	00000000		nop
794	001c	00000000		nop
795			
796				;.addressing	Word
797			doMotionEstimation:
798			L_Encoder_1:
799	001d	00000000		nop
800	001e	00000000		nop
801	001f	00000000		nop
802				; Automatically 1 NOPs removed by reduceNOPs.sh
803	0020	afbefffc		sw	-4(%GPR29),%GPR30	
804	0021	afbf0000		sw	0(%GPR29),%GPR31	
805	0022	2fbe0004		subui	%GPR30,%GPR29,$4	
806	0023	2bbd0008		subi	%GPR29,%GPR29,$8	
807	0024	00000000		nop
808	0025	00000000		nop
809	0026	00000000		nop
810				; Automatically 11 NOPs removed by reduceNOPs.sh
811	0027	3c1c0000		lhi	%GPR28,$0	
812	0028	00000000		nop
813	0029	00000000		nop
814	002a	00000000		nop
815				; Automatically 1 NOPs removed by reduceNOPs.sh
816	002b	379c0000		ori	%GPR28,%GPR28,$0	
817	002c	3c010000		lhi	%GPR1,$0	
818	002d	00000000		nop
819	002e	00000000		nop
820	002f	00000000		nop
821				; Automatically 1 NOPs removed by reduceNOPs.sh
822	0030	34210000		ori	%GPR1,%GPR1,$0	
823	0031	00000000		nop
824	0032	00000000		nop
825	0033	00000000		nop
826			L_Encoder_2:
827	0034	0022d82a		slt	%GPR27,%GPR1,%GPR2	
828	0035	00000000		nop	; Automatically added by findDataDependency.sh
829	0036	00000000		nop	; Automatically added by findDataDependency.sh
830	0037	00000000		nop	; Automatically added by findDataDependency.sh
831	0038	17600008		bnez	%GPR27,L_Encoder_3	
832	0039	00000000		nop
833	003a	00000000		nop
834	003b	00000000		nop
835				; Automatically 1 NOPs removed by reduceNOPs.sh
836	003c	08000048		j	L_Encoder_6	
837	003d	00000000		nop
838	003e	00000000		nop
839	003f	00000000		nop
840				; Automatically 1 NOPs removed by reduceNOPs.sh
841			L_Encoder_3:
842	0040	00000000		nop	;;0,4
843	0041	00000000		nop	;;0,4
844	0042	00000000		nop	;;0,4
845				; Automatically 1 NOPs removed by reduceNOPs.sh
846	0043	3c030000		lhi	%GPR3,$0	
847	0044	00000000		nop
848	0045	00000000		nop
849	0046	00000000		nop
850				; Automatically 1 NOPs removed by reduceNOPs.sh
851	0047	34630000		ori	%GPR3,%GPR3,$0	
852	0048	00000000		nop
853	0049	00000000		nop
854	004a	00000000		nop
855			L_Encoder_4:
856	004b	00000000		nop	;;0,4
857	004c	00000000		nop	;;0,4
858	004d	00000000		nop	;;0,4
859				; Automatically 1 NOPs removed by reduceNOPs.sh
860	004e	0383e020		add	%GPR28,%GPR28,%GPR3	
861	004f	3c040000		lhi	%GPR4,$0	
862	0050	00000000		nop
863	0051	00000000		nop
864	0052	00000000		nop
865				; Automatically 1 NOPs removed by reduceNOPs.sh
866	0053	34840000		ori	%GPR4,%GPR4,$0	
867	0054	3c050000		lhi	%GPR5,$0	
868	0055	00000000		nop
869	0056	00000000		nop
870	0057	00000000		nop
871				; Automatically 1 NOPs removed by reduceNOPs.sh
872	0058	34a50000		ori	%GPR5,%GPR5,$0	
873	0059	3c060000		lhi	%GPR6,$0	
874	005a	00000000		nop
875	005b	00000000		nop
876	005c	00000000		nop
877				; Automatically 1 NOPs removed by reduceNOPs.sh
878	005d	34c60000		ori	%GPR6,%GPR6,$0	
879			
880			
881	005e	00000000		nop
882	005f	00000000		nop
883	0060	00000000		nop
884	0061	00a437e1		MotionEstimation	%GPR5, %GPR4, %GPR6
885	0062	00000000		nop
886	0063	00000000		nop
887	0064	00000000		nop
888			
889	0065	00000000		nop	;;8,10
890	0066	00000000		nop	;;8,10
891	0067	20630001		addi	%GPR3,%GPR3,$1	
892	0068	00000000		nop	;;10,13
893	0069	00000000		nop	;;10,13
894	006a	00000000		nop	;;10,13
895	006b	3c040000		lhi	%GPR4,$0	
896	006c	00000000		nop
897	006d	00000000		nop
898	006e	00000000		nop
899				; Automatically 1 NOPs removed by reduceNOPs.sh
900	006f	34840064		ori	%GPR4,%GPR4,$100	
901	0070	00000000		nop	;;13,17
902	0071	00000000		nop	;;13,17
903	0072	00000000		nop	;;13,17
904				; Automatically 1 NOPs removed by reduceNOPs.sh
905	0073	0064d82a		slt	%GPR27,%GPR3,%GPR4	
906	0074	00000000		nop	; Automatically added by findDataDependency.sh
907	0075	00000000		nop	; Automatically added by findDataDependency.sh
908	0076	00000000		nop	; Automatically added by findDataDependency.sh
909	0077	1760ffd4		bnez	%GPR27,L_Encoder_4	
910	0078	00000000		nop
911	0079	00000000		nop
912	007a	00000000		nop
913				; Automatically 1 NOPs removed by reduceNOPs.sh
914	007b	08000004		j	L_Encoder_5	
915	007c	00000000		nop
916	007d	00000000		nop
917	007e	00000000		nop
918				; Automatically 1 NOPs removed by reduceNOPs.sh
919			L_Encoder_5:
920	007f	20210001		addi	%GPR1,%GPR1,$1	
921	0080	0bffffb4		j	L_Encoder_2	
922	0081	00000000		nop
923	0082	00000000		nop
924	0083	00000000		nop
925			L_Encoder_6:
926	0084	08000004		j	L_Encoder_7	
927	0085	00000000		nop
928	0086	00000000		nop
929	0087	00000000		nop
930				; Automatically 1 NOPs removed by reduceNOPs.sh
931			L_Encoder_7:
932	0088	00000000		nop
933	0089	00000000		nop
934	008a	00000000		nop
935				; Automatically 1 NOPs removed by reduceNOPs.sh
936	008b	8fdf0004		lw	%GPR31,4(%GPR30)	
937	008c	27dd0004		addui	%GPR29,%GPR30,$4	
938	008d	8fde0000		lw	%GPR30,0(%GPR30)	
939	008e	00000000		nop
940	008f	00000000		nop
941	0090	00000000		nop
942	0091	00000000		nop
943	0092	03e00008		jr	%GPR31	
944	0093	00000000		nop
945	0094	00000000		nop
946	0095	00000000		nop
947				; Automatically 1 NOPs removed by reduceNOPs.sh
948			doEncodeMB:
949			L_Encoder_8:
950	0096	00000000		nop
951	0097	00000000		nop
952	0098	00000000		nop
953				; Automatically 1 NOPs removed by reduceNOPs.sh
954	0099	afbefffc		sw	-4(%GPR29),%GPR30	
955	009a	afbf0000		sw	0(%GPR29),%GPR31	
956	009b	2fbe0004		subui	%GPR30,%GPR29,$4	
957	009c	2bbd0094		subi	%GPR29,%GPR29,$148	
958	009d	00000000		nop
959	009e	00000000		nop
960	009f	00000000		nop
961				; Automatically 10 NOPs removed by reduceNOPs.sh
962	00a0	40210002		slli	%GPR1,%GPR1,$2	
963	00a1	3c030000		lhi	%GPR3,$0	
964	00a2	00000000		nop
965	00a3	00000000		nop
966	00a4	00000000		nop
967				; Automatically 1 NOPs removed by reduceNOPs.sh
968	00a5	34630000		ori	%GPR3,%GPR3,$0	
969	00a6	3c040000		lhi	%GPR4,$0	
970	00a7	00000000		nop
971	00a8	00000000		nop
972	00a9	00000000		nop
973				; Automatically 1 NOPs removed by reduceNOPs.sh
974	00aa	34840000		ori	%GPR4,%GPR4,$0	
975	00ab	3c050000		lhi	%GPR5,$( _I_MB	/0x10000)
976	00ac	00000000		nop
977	00ad	00000000		nop
978	00ae	00000000		nop
979	00af	34a50028		ori	%GPR5,%GPR5,$( _I_MB	%0x10000)
980	00b0	00000000		nop	;;9,11
981	00b1	00000000		nop	;;9,11
982	00b2	afc3fffc		sw	-4(%GPR30),%GPR3	
983	00b3	3c030000		lhi	%GPR3,$0	
984	00b4	00000000		nop
985	00b5	00000000		nop
986	00b6	00000000		nop
987				; Automatically 1 NOPs removed by reduceNOPs.sh
988	00b7	34630000		ori	%GPR3,%GPR3,$0	
989	00b8	00a10820		add	%GPR1,%GPR5,%GPR1	
990	00b9	00000000		nop	;;13,15
991	00ba	00000000		nop	;;13,15
992	00bb	afc4fff8		sw	-8(%GPR30),%GPR4	
993	00bc	3c060000		lhi	%GPR6,$0	
994	00bd	00000000		nop
995	00be	00000000		nop
996	00bf	00000000		nop
997				; Automatically 1 NOPs removed by reduceNOPs.sh
998	00c0	34c60000		ori	%GPR6,%GPR6,$0	
999	00c1	00000000		nop	;;16,18
1000	00c2	00000000		nop	;;16,18
1001	00c3	3c1c0000		lhi	%GPR28,$0	
1002	00c4	00000000		nop
1003	00c5	00000000		nop
1004	00c6	00000000		nop
1005				; Automatically 1 NOPs removed by reduceNOPs.sh
1006	00c7	379c0000		ori	%GPR28,%GPR28,$0	
1007	00c8	afc3fff4		sw	-12(%GPR30),%GPR3	
1008	00c9	00000000		nop	;;19,23
1009	00ca	00000000		nop	;;19,23
1010	00cb	00000000		nop	;;19,23
1011				; Automatically 1 NOPs removed by reduceNOPs.sh
1012	00cc	8c230000		lw	%GPR3,0(%GPR1)	
1013	00cd	00000000		nop	;;23,27
1014	00ce	00000000		nop	;;23,27
1015	00cf	00000000		nop	;;23,27
1016				; Automatically 1 NOPs removed by reduceNOPs.sh
1017	00d0	00432022		sub	%GPR4,%GPR2,%GPR3	
1018	00d1	0066d82e		seq	%GPR27,%GPR3,%GPR6	
1019	00d2	00000000		nop	; Automatically added by findDataDependency.sh
1020	00d3	00000000		nop	; Automatically added by findDataDependency.sh
1021	00d4	00000000		nop	; Automatically added by findDataDependency.sh
1022	00d5	17600008		bnez	%GPR27,L_Encoder_9	
1023	00d6	00000000		nop
1024	00d7	00000000		nop
1025	00d8	00000000		nop
1026				; Automatically 1 NOPs removed by reduceNOPs.sh
1027	00d9	08000010		j	L_Encoder_10	
1028	00da	00000000		nop
1029	00db	00000000		nop
1030	00dc	00000000		nop
1031				; Automatically 1 NOPs removed by reduceNOPs.sh
1032			L_Encoder_9:
1033	00dd	00000000		nop	;;0,4
1034	00de	00000000		nop	;;0,4
1035	00df	00000000		nop	;;0,4
1036				; Automatically 1 NOPs removed by reduceNOPs.sh
1037	00e0	3c050000		lhi	%GPR5,$0	
1038	00e1	00000000		nop
1039	00e2	00000000		nop
1040	00e3	00000000		nop
1041				; Automatically 1 NOPs removed by reduceNOPs.sh
1042	00e4	34a50000		ori	%GPR5,%GPR5,$0	
1043	00e5	0800000c		j	L_Encoder_11	
1044	00e6	00000000		nop
1045	00e7	00000000		nop
1046	00e8	00000000		nop
1047			L_Encoder_10:
1048	00e9	40810007		slli	%GPR1,%GPR4,$7	
1049	00ea	00000000		nop	;;0,4
1050	00eb	00000000		nop	;;0,4
1051	00ec	00000000		nop	;;0,4
1052				; Automatically 1 NOPs removed by reduceNOPs.sh
1053	00ed	0023281a		div	%GPR5,%GPR1,%GPR3	
1054	00ee	00000000		nop	;;4,8
1055	00ef	00000000		nop	;;4,8
1056	00f0	00000000		nop	;;4,8
1057				; Automatically 4 NOPs removed by reduceNOPs.sh
1058			L_Encoder_11:
1059	00f1	00000000		nop	;;0,4
1060	00f2	00000000		nop	;;0,4
1061	00f3	00000000		nop	;;0,4
1062				; Automatically 1 NOPs removed by reduceNOPs.sh
1063	00f4	3c060000		lhi	%GPR6,$0	
1064	00f5	00000000		nop
1065	00f6	00000000		nop
1066	00f7	00000000		nop
1067				; Automatically 1 NOPs removed by reduceNOPs.sh
1068	00f8	34c60000		ori	%GPR6,%GPR6,$0	
1069	00f9	3c070000		lhi	%GPR7,$0	
1070	00fa	00000000		nop
1071	00fb	00000000		nop
1072	00fc	00000000		nop
1073				; Automatically 1 NOPs removed by reduceNOPs.sh
1074	00fd	34e70000		ori	%GPR7,%GPR7,$0	
1075	00fe	3c010000		lhi	%GPR1,$0	
1076	00ff	00000000		nop
1077	0100	00000000		nop
1078	0101	00000000		nop
1079				; Automatically 1 NOPs removed by reduceNOPs.sh
1080	0102	34210000		ori	%GPR1,%GPR1,$0	
1081	0103	08000061		j	L_Encoder_17	
1082	0104	00000000		nop
1083	0105	00000000		nop
1084	0106	00000000		nop
1085			L_Encoder_12:
1086	0107	20e70001		addi	%GPR7,%GPR7,$1	
1087	0108	00000000		nop	;;1,4
1088	0109	00000000		nop	;;1,4
1089	010a	00000000		nop	;;1,4
1090	010b	3c080000		lhi	%GPR8,$0	
1091	010c	00000000		nop
1092	010d	00000000		nop
1093	010e	00000000		nop
1094				; Automatically 1 NOPs removed by reduceNOPs.sh
1095	010f	35080000		ori	%GPR8,%GPR8,$0	
1096	0110	00000000		nop
1097	0111	00000000		nop
1098	0112	00000000		nop
1099			L_Encoder_13:
1100	0113	2bc9004c		subi	%GPR9,%GPR30,$76	
1101	0114	2bca000c		subi	%GPR10,%GPR30,$12	
1102	0115	00000000		nop	;;2,4
1103	0116	00000000		nop	;;2,4
1104	0117	3c0b0000		lhi	%GPR11,$0	
1105	0118	00000000		nop
1106	0119	00000000		nop
1107	011a	00000000		nop
1108				; Automatically 1 NOPs removed by reduceNOPs.sh
1109	011b	356b0001		ori	%GPR11,%GPR11,$1	
1110			
1111			
1112	011c	00000000		nop
1113	011d	00000000		nop
1114	011e	00000000		nop
1115	011f	012b503f		MC_Hz4	%GPR10, %GPR9, %GPR11
1116	0120	00000000		nop
1117	0121	00000000		nop
1118	0122	00000000		nop
1119			
1120	0123	00000000		nop	;;5,7
1121	0124	00000000		nop	;;5,7
1122	0125	21080001		addi	%GPR8,%GPR8,$1	
1123	0126	00000000		nop	;;7,10
1124	0127	00000000		nop	;;7,10
1125	0128	00000000		nop	;;7,10
1126	0129	3c090000		lhi	%GPR9,$0	
1127	012a	00000000		nop
1128	012b	00000000		nop
1129	012c	00000000		nop
1130				; Automatically 1 NOPs removed by reduceNOPs.sh
1131	012d	35290010		ori	%GPR9,%GPR9,$16	
1132	012e	00000000		nop	;;10,14
1133	012f	00000000		nop	;;10,14
1134	0130	00000000		nop	;;10,14
1135				; Automatically 1 NOPs removed by reduceNOPs.sh
1136	0131	0109d82a		slt	%GPR27,%GPR8,%GPR9	
1137	0132	00000000		nop	; Automatically added by findDataDependency.sh
1138	0133	00000000		nop	; Automatically added by findDataDependency.sh
1139	0134	00000000		nop	; Automatically added by findDataDependency.sh
1140	0135	1760ffde		bnez	%GPR27,L_Encoder_13	
1141	0136	00000000		nop
1142	0137	00000000		nop
1143	0138	00000000		nop
1144				; Automatically 1 NOPs removed by reduceNOPs.sh
1145	0139	08000004		j	L_Encoder_14	
1146	013a	00000000		nop
1147	013b	00000000		nop
1148	013c	00000000		nop
1149				; Automatically 1 NOPs removed by reduceNOPs.sh
1150			L_Encoder_14:
1151	013d	00000000		nop	;;0,4
1152	013e	00000000		nop	;;0,4
1153	013f	00000000		nop	;;0,4
1154				; Automatically 1 NOPs removed by reduceNOPs.sh
1155	0140	3c080000		lhi	%GPR8,$0	
1156	0141	00000000		nop
1157	0142	00000000		nop
1158	0143	00000000		nop
1159				; Automatically 1 NOPs removed by reduceNOPs.sh
1160	0144	35080000		ori	%GPR8,%GPR8,$0	
1161	0145	00000000		nop
1162	0146	00000000		nop
1163	0147	00000000		nop
1164			L_Encoder_15:
1165	0148	0388e020		add	%GPR28,%GPR28,%GPR8	
1166	0149	21080001		addi	%GPR8,%GPR8,$1	
1167	014a	00000000		nop	;;2,4
1168	014b	00000000		nop	;;2,4
1169	014c	3c090000		lhi	%GPR9,$0	
1170	014d	00000000		nop
1171	014e	00000000		nop
1172	014f	00000000		nop
1173				; Automatically 1 NOPs removed by reduceNOPs.sh
1174	0150	3529000a		ori	%GPR9,%GPR9,$10	
1175	0151	00000000		nop	;;4,8
1176	0152	00000000		nop	;;4,8
1177	0153	00000000		nop	;;4,8
1178				; Automatically 1 NOPs removed by reduceNOPs.sh
1179	0154	0109d82a		slt	%GPR27,%GPR8,%GPR9	
1180	0155	00000000		nop	; Automatically added by findDataDependency.sh
1181	0156	00000000		nop	; Automatically added by findDataDependency.sh
1182	0157	00000000		nop	; Automatically added by findDataDependency.sh
1183	0158	1760fff0		bnez	%GPR27,L_Encoder_15	
1184	0159	00000000		nop
1185	015a	00000000		nop
1186	015b	00000000		nop
1187				; Automatically 1 NOPs removed by reduceNOPs.sh
1188	015c	08000004		j	L_Encoder_16	
1189	015d	00000000		nop
1190	015e	00000000		nop
1191	015f	00000000		nop
1192				; Automatically 1 NOPs removed by reduceNOPs.sh
1193			L_Encoder_16:
1194	0160	20210001		addi	%GPR1,%GPR1,$1	
1195	0161	00000000		nop
1196	0162	00000000		nop
1197	0163	00000000		nop
1198			L_Encoder_17:
1199	0164	0022d82a		slt	%GPR27,%GPR1,%GPR2	
1200	0165	00000000		nop	; Automatically added by findDataDependency.sh
1201	0166	00000000		nop	; Automatically added by findDataDependency.sh
1202	0167	00000000		nop	; Automatically added by findDataDependency.sh
1203	0168	17600008		bnez	%GPR27,L_Encoder_18	
1204	0169	00000000		nop
1205	016a	00000000		nop
1206	016b	00000000		nop
1207				; Automatically 1 NOPs removed by reduceNOPs.sh
1208	016c	080000a4		j	L_Encoder_24	
1209	016d	00000000		nop
1210	016e	00000000		nop
1211	016f	00000000		nop
1212				; Automatically 1 NOPs removed by reduceNOPs.sh
1213			L_Encoder_18:
1214	0170	00000000		nop	;;0,4
1215	0171	00000000		nop	;;0,4
1216	0172	00000000		nop	;;0,4
1217				; Automatically 1 NOPs removed by reduceNOPs.sh
1218	0173	3c080000		lhi	%GPR8,$0	
1219	0174	00000000		nop
1220	0175	00000000		nop
1221	0176	00000000		nop
1222				; Automatically 1 NOPs removed by reduceNOPs.sh
1223	0177	35080000		ori	%GPR8,%GPR8,$0	
1224	0178	00000000		nop	;;4,8
1225	0179	00000000		nop	;;4,8
1226	017a	00000000		nop	;;4,8
1227				; Automatically 1 NOPs removed by reduceNOPs.sh
1228	017b	0068d82b		sgt	%GPR27,%GPR3,%GPR8	
1229	017c	00000000		nop	; Automatically added by findDataDependency.sh
1230	017d	00000000		nop	; Automatically added by findDataDependency.sh
1231	017e	00000000		nop	; Automatically added by findDataDependency.sh
1232	017f	17600008		bnez	%GPR27,L_Encoder_19	
1233	0180	00000000		nop
1234	0181	00000000		nop
1235	0182	00000000		nop
1236				; Automatically 1 NOPs removed by reduceNOPs.sh
1237	0183	0bffff84		j	L_Encoder_12	
1238	0184	00000000		nop
1239	0185	00000000		nop
1240	0186	00000000		nop
1241				; Automatically 1 NOPs removed by reduceNOPs.sh
1242			L_Encoder_19:
1243	0187	00000000		nop	;;0,4
1244	0188	00000000		nop	;;0,4
1245	0189	00000000		nop	;;0,4
1246				; Automatically 1 NOPs removed by reduceNOPs.sh
1247	018a	3c080000		lhi	%GPR8,$0	
1248	018b	00000000		nop
1249	018c	00000000		nop
1250	018d	00000000		nop
1251				; Automatically 1 NOPs removed by reduceNOPs.sh
1252	018e	35080000		ori	%GPR8,%GPR8,$0	
1253	018f	00000000		nop	;;4,8
1254	0190	00000000		nop	;;4,8
1255	0191	00000000		nop	;;4,8
1256				; Automatically 1 NOPs removed by reduceNOPs.sh
1257	0192	0088d82e		seq	%GPR27,%GPR4,%GPR8	
1258	0193	00000000		nop	; Automatically added by findDataDependency.sh
1259	0194	00000000		nop	; Automatically added by findDataDependency.sh
1260	0195	00000000		nop	; Automatically added by findDataDependency.sh
1261	0196	17600033		bnez	%GPR27,L_Encoder_22	
1262	0197	00000000		nop
1263	0198	00000000		nop
1264	0199	00000000		nop
1265				; Automatically 1 NOPs removed by reduceNOPs.sh
1266	019a	08000004		j	L_Encoder_20	
1267	019b	00000000		nop
1268	019c	00000000		nop
1269	019d	00000000		nop
1270				; Automatically 1 NOPs removed by reduceNOPs.sh
1271			L_Encoder_20:
1272	019e	00000000		nop	;;0,4
1273	019f	00000000		nop	;;0,4
1274	01a0	00000000		nop	;;0,4
1275				; Automatically 1 NOPs removed by reduceNOPs.sh
1276	01a1	3c080000		lhi	%GPR8,$0	
1277	01a2	00000000		nop
1278	01a3	00000000		nop
1279	01a4	00000000		nop
1280				; Automatically 1 NOPs removed by reduceNOPs.sh
1281	01a5	35080000		ori	%GPR8,%GPR8,$0	
1282	01a6	00000000		nop	;;4,8
1283	01a7	00000000		nop	;;4,8
1284	01a8	00000000		nop	;;4,8
1285				; Automatically 1 NOPs removed by reduceNOPs.sh
1286	01a9	00c8d82e		seq	%GPR27,%GPR6,%GPR8	
1287	01aa	00000000		nop	; Automatically added by findDataDependency.sh
1288	01ab	00000000		nop	; Automatically added by findDataDependency.sh
1289	01ac	00000000		nop	; Automatically added by findDataDependency.sh
1290	01ad	1760001c		bnez	%GPR27,L_Encoder_22	
1291	01ae	00000000		nop
1292	01af	00000000		nop
1293	01b0	00000000		nop
1294				; Automatically 1 NOPs removed by reduceNOPs.sh
1295	01b1	08000004		j	L_Encoder_21	
1296	01b2	00000000		nop
1297	01b3	00000000		nop
1298	01b4	00000000		nop
1299				; Automatically 1 NOPs removed by reduceNOPs.sh
1300			L_Encoder_21:
1301	01b5	40e80007		slli	%GPR8,%GPR7,$7	
1302	01b6	00000000		nop	;;0,4
1303	01b7	00000000		nop	;;0,4
1304	01b8	00000000		nop	;;0,4
1305				; Automatically 1 NOPs removed by reduceNOPs.sh
1306	01b9	0106401a		div	%GPR8,%GPR8,%GPR6	
1307	01ba	00000000		nop	;;4,8
1308	01bb	00000000		nop	;;4,8
1309	01bc	00000000		nop	;;4,8
1310				; Automatically 1 NOPs removed by reduceNOPs.sh
1311	01bd	0105d82b		sgt	%GPR27,%GPR8,%GPR5	
1312	01be	00000000		nop	; Automatically added by findDataDependency.sh
1313	01bf	00000000		nop	; Automatically added by findDataDependency.sh
1314	01c0	00000000		nop	; Automatically added by findDataDependency.sh
1315	01c1	17600008		bnez	%GPR27,L_Encoder_22	
1316	01c2	00000000		nop
1317	01c3	00000000		nop
1318	01c4	00000000		nop
1319				; Automatically 1 NOPs removed by reduceNOPs.sh
1320	01c5	0bffff42		j	L_Encoder_12	
1321	01c6	00000000		nop
1322	01c7	00000000		nop
1323	01c8	00000000		nop
1324				; Automatically 1 NOPs removed by reduceNOPs.sh
1325			L_Encoder_22:
1326	01c9	20c60001		addi	%GPR6,%GPR6,$1	
1327	01ca	00000000		nop	;;1,4
1328	01cb	00000000		nop	;;1,4
1329	01cc	00000000		nop	;;1,4
1330	01cd	3c080000		lhi	%GPR8,$0	
1331	01ce	00000000		nop
1332	01cf	00000000		nop
1333	01d0	00000000		nop
1334				; Automatically 1 NOPs removed by reduceNOPs.sh
1335	01d1	35080000		ori	%GPR8,%GPR8,$0	
1336	01d2	00000000		nop
1337	01d3	00000000		nop
1338	01d4	00000000		nop
1339			L_Encoder_23:
1340	01d5	2bc9004c		subi	%GPR9,%GPR30,$76	
1341	01d6	2bca0004		subi	%GPR10,%GPR30,$4	
1342	01d7	2bcb008c		subi	%GPR11,%GPR30,$140	
1343	01d8	3c0c0000		lhi	%GPR12,$0	
1344	01d9	00000000		nop
1345	01da	00000000		nop
1346	01db	00000000		nop
1347				; Automatically 1 NOPs removed by reduceNOPs.sh
1348	01dc	358c0001		ori	%GPR12,%GPR12,$1	
1349			
1350			
1351				;; SINAS: IPred_HDC_16x16()
1352	01dd	00000000		nop
1353	01de	00000000		nop
1354	01df	00000000		nop
1355	01e0	054962c2		IPred_HDC16x16	%GPR11, %GPR10, %GPR9, %GPR12
1356	01e1	00000000		nop
1357	01e2	00000000		nop
1358	01e3	00000000		nop
1359			
1360	01e4	00000000		nop	;;5,7
1361	01e5	00000000		nop	;;5,7
1362	01e6	2bca004c		subi	%GPR10,%GPR30,$76	
1363	01e7	2bc90008		subi	%GPR9,%GPR30,$8	
1364	01e8	00000000		nop	;;8,10
1365	01e9	00000000		nop	;;8,10
1366	01ea	3c0b0000		lhi	%GPR11,$0	
1367	01eb	00000000		nop
1368	01ec	00000000		nop
1369	01ed	00000000		nop
1370				; Automatically 1 NOPs removed by reduceNOPs.sh
1371	01ee	356b0001		ori	%GPR11,%GPR11,$1	
1372			
1373			
1374				;; SINAS: IPred_VDC_16x16()
1375	01ef	00000000		nop
1376	01f0	00000000		nop
1377	01f1	00000000		nop
1378	01f2	014b4839		IPred_VDC16x16	%GPR9, %GPR10, %GPR11
1379	01f3	00000000		nop
1380	01f4	00000000		nop
1381	01f5	00000000		nop
1382			
1383	01f6	00000000		nop	;;11,13
1384	01f7	00000000		nop	;;11,13
1385	01f8	21080001		addi	%GPR8,%GPR8,$1	
1386	01f9	00000000		nop	;;13,16
1387	01fa	00000000		nop	;;13,16
1388	01fb	00000000		nop	;;13,16
1389	01fc	3c090000		lhi	%GPR9,$0	
1390	01fd	00000000		nop
1391	01fe	00000000		nop
1392	01ff	00000000		nop
1393				; Automatically 1 NOPs removed by reduceNOPs.sh
1394	0200	35290010		ori	%GPR9,%GPR9,$16	
1395	0201	00000000		nop	;;16,20
1396	0202	00000000		nop	;;16,20
1397	0203	00000000		nop	;;16,20
1398				; Automatically 1 NOPs removed by reduceNOPs.sh
1399	0204	0109d82a		slt	%GPR27,%GPR8,%GPR9	
1400	0205	00000000		nop	; Automatically added by findDataDependency.sh
1401	0206	00000000		nop	; Automatically added by findDataDependency.sh
1402	0207	00000000		nop	; Automatically added by findDataDependency.sh
1403	0208	1760ffcd		bnez	%GPR27,L_Encoder_23	
1404	0209	00000000		nop
1405	020a	00000000		nop
1406	020b	00000000		nop
1407				; Automatically 1 NOPs removed by reduceNOPs.sh
1408	020c	0bffff31		j	L_Encoder_14	
1409	020d	00000000		nop
1410	020e	00000000		nop
1411	020f	00000000		nop
1412				; Automatically 1 NOPs removed by reduceNOPs.sh
1413			L_Encoder_24:
1414	0210	08000004		j	L_Encoder_25	
1415	0211	00000000		nop
1416	0212	00000000		nop
1417	0213	00000000		nop
1418				; Automatically 1 NOPs removed by reduceNOPs.sh
1419			L_Encoder_25:
1420	0214	00000000		nop
1421	0215	00000000		nop
1422	0216	00000000		nop
1423				; Automatically 1 NOPs removed by reduceNOPs.sh
1424	0217	8fdf0004		lw	%GPR31,4(%GPR30)	
1425	0218	27dd0004		addui	%GPR29,%GPR30,$4	
1426	0219	8fde0000		lw	%GPR30,0(%GPR30)	
1427	021a	00000000		nop
1428	021b	00000000		nop
1429	021c	00000000		nop
1430	021d	00000000		nop
1431	021e	03e00008		jr	%GPR31	
1432	021f	00000000		nop
1433	0220	00000000		nop
1434	0221	00000000		nop
1435				; Automatically 1 NOPs removed by reduceNOPs.sh
1436			doLoopFilter:
1437			L_Encoder_26:
1438	0222	00000000		nop
1439	0223	00000000		nop
1440	0224	00000000		nop
1441				; Automatically 1 NOPs removed by reduceNOPs.sh
1442	0225	afbefffc		sw	-4(%GPR29),%GPR30	
1443	0226	afbf0000		sw	0(%GPR29),%GPR31	
1444	0227	2fbe0004		subui	%GPR30,%GPR29,$4	
1445	0228	2bbd0008		subi	%GPR29,%GPR29,$8	
1446	0229	00000000		nop
1447	022a	00000000		nop
1448	022b	00000000		nop
1449				; Automatically 11 NOPs removed by reduceNOPs.sh
1450	022c	3c1c0000		lhi	%GPR28,$0	
1451	022d	00000000		nop
1452	022e	00000000		nop
1453	022f	00000000		nop
1454				; Automatically 1 NOPs removed by reduceNOPs.sh
1455	0230	379c0000		ori	%GPR28,%GPR28,$0	
1456	0231	3c010000		lhi	%GPR1,$0	
1457	0232	00000000		nop
1458	0233	00000000		nop
1459	0234	00000000		nop
1460				; Automatically 1 NOPs removed by reduceNOPs.sh
1461	0235	34210000		ori	%GPR1,%GPR1,$0	
1462	0236	00000000		nop
1463	0237	00000000		nop
1464	0238	00000000		nop
1465			L_Encoder_27:
1466	0239	0022d82a		slt	%GPR27,%GPR1,%GPR2	
1467	023a	00000000		nop	; Automatically added by findDataDependency.sh
1468	023b	00000000		nop	; Automatically added by findDataDependency.sh
1469	023c	00000000		nop	; Automatically added by findDataDependency.sh
1470	023d	17600008		bnez	%GPR27,L_Encoder_28	
1471	023e	00000000		nop
1472	023f	00000000		nop
1473	0240	00000000		nop
1474				; Automatically 1 NOPs removed by reduceNOPs.sh
1475	0241	08000048		j	L_Encoder_31	
1476	0242	00000000		nop
1477	0243	00000000		nop
1478	0244	00000000		nop
1479				; Automatically 1 NOPs removed by reduceNOPs.sh
1480			L_Encoder_28:
1481	0245	00000000		nop	;;0,4
1482	0246	00000000		nop	;;0,4
1483	0247	00000000		nop	;;0,4
1484				; Automatically 1 NOPs removed by reduceNOPs.sh
1485	0248	3c030000		lhi	%GPR3,$0	
1486	0249	00000000		nop
1487	024a	00000000		nop
1488	024b	00000000		nop
1489				; Automatically 1 NOPs removed by reduceNOPs.sh
1490	024c	34630000		ori	%GPR3,%GPR3,$0	
1491	024d	00000000		nop
1492	024e	00000000		nop
1493	024f	00000000		nop
1494			L_Encoder_29:
1495	0250	00000000		nop	;;0,4
1496	0251	00000000		nop	;;0,4
1497	0252	00000000		nop	;;0,4
1498				; Automatically 1 NOPs removed by reduceNOPs.sh
1499	0253	0383e020		add	%GPR28,%GPR28,%GPR3	
1500	0254	3c040000		lhi	%GPR4,$0	
1501	0255	00000000		nop
1502	0256	00000000		nop
1503	0257	00000000		nop
1504				; Automatically 1 NOPs removed by reduceNOPs.sh
1505	0258	34840000		ori	%GPR4,%GPR4,$0	
1506	0259	3c050000		lhi	%GPR5,$0	
1507	025a	00000000		nop
1508	025b	00000000		nop
1509	025c	00000000		nop
1510				; Automatically 1 NOPs removed by reduceNOPs.sh
1511	025d	34a50000		ori	%GPR5,%GPR5,$0	
1512	025e	3c060000		lhi	%GPR6,$0	
1513	025f	00000000		nop
1514	0260	00000000		nop
1515	0261	00000000		nop
1516				; Automatically 1 NOPs removed by reduceNOPs.sh
1517	0262	34c60001		ori	%GPR6,%GPR6,$1	
1518			
1519			
1520	0263	00000000		nop
1521	0264	00000000		nop
1522	0265	00000000		nop
1523	0266	00862fe0		LoopFilter	%GPR5, %GPR4, %GPR6
1524	0267	00000000		nop
1525	0268	00000000		nop
1526	0269	00000000		nop
1527			
1528	026a	00000000		nop	;;8,10
1529	026b	00000000		nop	;;8,10
1530	026c	20630001		addi	%GPR3,%GPR3,$1	
1531	026d	00000000		nop	;;10,13
1532	026e	00000000		nop	;;10,13
1533	026f	00000000		nop	;;10,13
1534	0270	3c040000		lhi	%GPR4,$0	
1535	0271	00000000		nop
1536	0272	00000000		nop
1537	0273	00000000		nop
1538				; Automatically 1 NOPs removed by reduceNOPs.sh
1539	0274	34840020		ori	%GPR4,%GPR4,$32	
1540	0275	00000000		nop	;;13,17
1541	0276	00000000		nop	;;13,17
1542	0277	00000000		nop	;;13,17
1543				; Automatically 1 NOPs removed by reduceNOPs.sh
1544	0278	0064d82a		slt	%GPR27,%GPR3,%GPR4	
1545	0279	00000000		nop	; Automatically added by findDataDependency.sh
1546	027a	00000000		nop	; Automatically added by findDataDependency.sh
1547	027b	00000000		nop	; Automatically added by findDataDependency.sh
1548	027c	1760ffd4		bnez	%GPR27,L_Encoder_29	
1549	027d	00000000		nop
1550	027e	00000000		nop
1551	027f	00000000		nop
1552				; Automatically 1 NOPs removed by reduceNOPs.sh
1553	0280	08000004		j	L_Encoder_30	
1554	0281	00000000		nop
1555	0282	00000000		nop
1556	0283	00000000		nop
1557				; Automatically 1 NOPs removed by reduceNOPs.sh
1558			L_Encoder_30:
1559	0284	20210001		addi	%GPR1,%GPR1,$1	
1560	0285	0bffffb4		j	L_Encoder_27	
1561	0286	00000000		nop
1562	0287	00000000		nop
1563	0288	00000000		nop
1564			L_Encoder_31:
1565	0289	08000004		j	L_Encoder_32	
1566	028a	00000000		nop
1567	028b	00000000		nop
1568	028c	00000000		nop
1569				; Automatically 1 NOPs removed by reduceNOPs.sh
1570			L_Encoder_32:
1571	028d	00000000		nop
1572	028e	00000000		nop
1573	028f	00000000		nop
1574				; Automatically 1 NOPs removed by reduceNOPs.sh
1575	0290	8fdf0004		lw	%GPR31,4(%GPR30)	
1576	0291	27dd0004		addui	%GPR29,%GPR30,$4	
1577	0292	8fde0000		lw	%GPR30,0(%GPR30)	
1578	0293	00000000		nop
1579	0294	00000000		nop
1580	0295	00000000		nop
1581	0296	00000000		nop
1582	0297	03e00008		jr	%GPR31	
1583	0298	00000000		nop
1584	0299	00000000		nop
1585	029a	00000000		nop
1586				; Automatically 1 NOPs removed by reduceNOPs.sh
1587			main:
1588			L_Encoder_33:
1589	029b	00000000		nop
1590	029c	00000000		nop
1591	029d	00000000		nop
1592				; Automatically 1 NOPs removed by reduceNOPs.sh
1593	029e	afbefffc		sw	-4(%GPR29),%GPR30	
1594	029f	afbf0000		sw	0(%GPR29),%GPR31	
1595	02a0	2fbe0004		subui	%GPR30,%GPR29,$4	
1596	02a1	2bbd0010		subi	%GPR29,%GPR29,$16	
1597	02a2	00000000		nop
1598	02a3	00000000		nop
1599	02a4	00000000		nop
1600				; Automatically 9 NOPs removed by reduceNOPs.sh
1601	02a5	3c010000		lhi	%GPR1,$0	
1602	02a6	00000000		nop
1603	02a7	00000000		nop
1604	02a8	00000000		nop
1605				; Automatically 1 NOPs removed by reduceNOPs.sh
1606	02a9	342100f0		ori	%GPR1,%GPR1,$240	
1607	02aa	00000000		nop	;;6,10
1608	02ab	00000000		nop	;;6,10
1609	02ac	00000000		nop	;;6,10
1610				; Automatically 1 NOPs removed by reduceNOPs.sh
1611	02ad	afc1fffc		sw	-4(%GPR30),%GPR1	
1612	02ae	3c010000		lhi	%GPR1,$0	
1613	02af	00000000		nop
1614	02b0	00000000		nop
1615	02b1	00000000		nop
1616				; Automatically 1 NOPs removed by reduceNOPs.sh
1617	02b2	34210000		ori	%GPR1,%GPR1,$0	
1618	02b3	00000000		nop	;;11,15
1619	02b4	00000000		nop	;;11,15
1620	02b5	00000000		nop	;;11,15
1621				; Automatically 1 NOPs removed by reduceNOPs.sh
1622	02b6	afc1fff8		sw	-8(%GPR30),%GPR1	
1623	02b7	00000000		nop
1624	02b8	00000000		nop
1625	02b9	00000000		nop
1626			L_Encoder_34:
1627	02ba	f4040af0		forecast	$4, $2800 	
1628	02bb	f4050af0		forecast	$5, $2800 	
1629	02bc	f4030dd0		forecast	$3, $3536 	
1630	02bd	00000000		nop	;;2,4
1631	02be	00000000		nop	;;2,4
1632	02bf	8fc1fffc		lw	%GPR1,-4(%GPR30)	
1633	02c0	00000000		nop	;;4,7
1634	02c1	00000000		nop	;;4,7
1635	02c2	00000000		nop	;;4,7
1636	02c3	3c020000		lhi	%GPR2,$0	
1637	02c4	00000000		nop
1638	02c5	00000000		nop
1639	02c6	00000000		nop
1640				; Automatically 1 NOPs removed by reduceNOPs.sh
1641	02c7	3442018c		ori	%GPR2,%GPR2,$396	
1642	02c8	00000000		nop
1643	02c9	00000000		nop
1644	02ca	00000000		nop
1645				; Automatically 1 NOPs removed by reduceNOPs.sh
1646	02cb	2bbd0008		subi	%GPR29,%GPR29,$8	
1647	02cc	00000000		nop
1648	02cd	00000000		nop
1649	02ce	00000000		nop
1650				; Automatically 1 NOPs removed by reduceNOPs.sh
1651	02cf	0ffffdc7		jal	doEncodeMB	
1652	02d0	00000000		nop
1653	02d1	00000000		nop
1654	02d2	00000000		nop
1655				; Automatically 1 NOPs removed by reduceNOPs.sh
1656	02d3	23bd0008		addi	%GPR29,%GPR29,$8	
1657	02d4	00000000		nop
1658	02d5	00000000		nop
1659	02d6	00000000		nop
1660				; Automatically 1 NOPs removed by reduceNOPs.sh
1661	02d7	f4040000		forecast	$4, $0 	
1662	02d8	f4050000		forecast	$5, $0 	
1663	02d9	f4030000		forecast	$3, $0 	
1664	02da	f4063180		forecast	$6, $12672 	
1665	02db	00000000		nop	;;12,17
1666	02dc	00000000		nop	;;12,17
1667	02dd	00000000		nop	;;12,17
1668				; Automatically 2 NOPs removed by reduceNOPs.sh
1669	02de	3c030000		lhi	%GPR3,$0	
1670	02df	00000000		nop
1671	02e0	00000000		nop
1672	02e1	00000000		nop
1673				; Automatically 1 NOPs removed by reduceNOPs.sh
1674	02e2	34630000		ori	%GPR3,%GPR3,$0	
1675	02e3	3c010000		lhi	%GPR1,$0	
1676	02e4	00000000		nop
1677	02e5	00000000		nop
1678	02e6	00000000		nop
1679				; Automatically 1 NOPs removed by reduceNOPs.sh
1680	02e7	34210000		ori	%GPR1,%GPR1,$0	
1681	02e8	08000038		j	L_Encoder_37	
1682	02e9	00000000		nop
1683	02ea	00000000		nop
1684	02eb	00000000		nop
1685			L_Encoder_35:
1686	02ec	8fc1fff8		lw	%GPR1,-8(%GPR30)	
1687	02ed	00000000		nop	;;0,4
1688	02ee	00000000		nop	;;0,4
1689	02ef	00000000		nop	;;0,4
1690				; Automatically 1 NOPs removed by reduceNOPs.sh
1691	02f0	003c0820		add	%GPR1,%GPR1,%GPR28	
1692	02f1	00000000		nop	;;4,8
1693	02f2	00000000		nop	;;4,8
1694	02f3	00000000		nop	;;4,8
1695				; Automatically 1 NOPs removed by reduceNOPs.sh
1696	02f4	00230820		add	%GPR1,%GPR1,%GPR3	
1697	02f5	00000000		nop	;;8,12
1698	02f6	00000000		nop	;;8,12
1699	02f7	00000000		nop	;;8,12
1700				; Automatically 1 NOPs removed by reduceNOPs.sh
1701	02f8	afc1fff8		sw	-8(%GPR30),%GPR1	
1702	02f9	f4060000		forecast	$6, $0 	
1703	02fa	8fc1fffc		lw	%GPR1,-4(%GPR30)	
1704	02fb	00000000		nop	;;14,18
1705	02fc	00000000		nop	;;14,18
1706	02fd	00000000		nop	;;14,18
1707				; Automatically 1 NOPs removed by reduceNOPs.sh
1708	02fe	20210001		addi	%GPR1,%GPR1,$1	
1709	02ff	00000000		nop	;;18,22
1710	0300	00000000		nop	;;18,22
1711	0301	00000000		nop	;;18,22
1712				; Automatically 1 NOPs removed by reduceNOPs.sh
1713	0302	00201020		add	%GPR2,%GPR1,%GPR0	
1714	0303	afc1fffc		sw	-4(%GPR30),%GPR1	
1715	0304	3c010000		lhi	%GPR1,$0	
1716	0305	00000000		nop
1717	0306	00000000		nop
1718	0307	00000000		nop
1719				; Automatically 1 NOPs removed by reduceNOPs.sh
1720	0308	3421010e		ori	%GPR1,%GPR1,$270	
1721	0309	00000000		nop	;;24,28
1722	030a	00000000		nop	;;24,28
1723	030b	00000000		nop	;;24,28
1724				; Automatically 1 NOPs removed by reduceNOPs.sh
1725	030c	0041d82a		slt	%GPR27,%GPR2,%GPR1	
1726	030d	00000000		nop	; Automatically added by findDataDependency.sh
1727	030e	00000000		nop	; Automatically added by findDataDependency.sh
1728	030f	00000000		nop	; Automatically added by findDataDependency.sh
1729	0310	1760ffaa		bnez	%GPR27,L_Encoder_34	
1730	0311	00000000		nop
1731	0312	00000000		nop
1732	0313	00000000		nop
1733				; Automatically 1 NOPs removed by reduceNOPs.sh
1734	0314	08000004		j	L_Encoder_36	
1735	0315	00000000		nop
1736	0316	00000000		nop
1737	0317	00000000		nop
1738				; Automatically 1 NOPs removed by reduceNOPs.sh
1739			L_Encoder_36:
1740	0318	8fdcfff8		lw	%GPR28,-8(%GPR30)	
1741	0319	00000000		nop	;;0,4
1742	031a	00000000		nop	;;0,4
1743	031b	00000000		nop	;;0,4
1744				; Automatically 1 NOPs removed by reduceNOPs.sh
1745	031c	0800005b		j	L_Encoder_40	
1746	031d	00000000		nop
1747	031e	00000000		nop
1748	031f	00000000		nop
1749				; Automatically 1 NOPs removed by reduceNOPs.sh
1750			L_Encoder_37:
1751	0320	00000000		nop	;;0,4
1752	0321	00000000		nop	;;0,4
1753	0322	00000000		nop	;;0,4
1754				; Automatically 1 NOPs removed by reduceNOPs.sh
1755	0323	3c020000		lhi	%GPR2,$0	
1756	0324	00000000		nop
1757	0325	00000000		nop
1758	0326	00000000		nop
1759				; Automatically 1 NOPs removed by reduceNOPs.sh
1760	0327	34420000		ori	%GPR2,%GPR2,$0	
1761	0328	00000000		nop
1762	0329	00000000		nop
1763	032a	00000000		nop
1764			L_Encoder_38:
1765	032b	00000000		nop	;;0,4
1766	032c	00000000		nop	;;0,4
1767	032d	00000000		nop	;;0,4
1768				; Automatically 1 NOPs removed by reduceNOPs.sh
1769	032e	00621820		add	%GPR3,%GPR3,%GPR2	
1770	032f	3c040000		lhi	%GPR4,$0	
1771	0330	00000000		nop
1772	0331	00000000		nop
1773	0332	00000000		nop
1774				; Automatically 1 NOPs removed by reduceNOPs.sh
1775	0333	34840000		ori	%GPR4,%GPR4,$0	
1776	0334	3c050000		lhi	%GPR5,$0	
1777	0335	00000000		nop
1778	0336	00000000		nop
1779	0337	00000000		nop
1780				; Automatically 1 NOPs removed by reduceNOPs.sh
1781	0338	34a50000		ori	%GPR5,%GPR5,$0	
1782	0339	3c060000		lhi	%GPR6,$0	
1783	033a	00000000		nop
1784	033b	00000000		nop
1785	033c	00000000		nop
1786				; Automatically 1 NOPs removed by reduceNOPs.sh
1787	033d	34c60001		ori	%GPR6,%GPR6,$1	
1788			
1789			
1790	033e	00000000		nop
1791	033f	00000000		nop
1792	0340	00000000		nop
1793	0341	00862fe0		LoopFilter	%GPR5, %GPR4, %GPR6
1794	0342	00000000		nop
1795	0343	00000000		nop
1796	0344	00000000		nop
1797			
1798	0345	00000000		nop	;;8,10
1799	0346	00000000		nop	;;8,10
1800	0347	20420001		addi	%GPR2,%GPR2,$1	
1801	0348	00000000		nop	;;10,13
1802	0349	00000000		nop	;;10,13
1803	034a	00000000		nop	;;10,13
1804	034b	3c040000		lhi	%GPR4,$0	
1805	034c	00000000		nop
1806	034d	00000000		nop
1807	034e	00000000		nop
1808				; Automatically 1 NOPs removed by reduceNOPs.sh
1809	034f	34840020		ori	%GPR4,%GPR4,$32	
1810	0350	00000000		nop	;;13,17
1811	0351	00000000		nop	;;13,17
1812	0352	00000000		nop	;;13,17
1813				; Automatically 1 NOPs removed by reduceNOPs.sh
1814	0353	0044d82a		slt	%GPR27,%GPR2,%GPR4	
1815	0354	00000000		nop	; Automatically added by findDataDependency.sh
1816	0355	00000000		nop	; Automatically added by findDataDependency.sh
1817	0356	00000000		nop	; Automatically added by findDataDependency.sh
1818	0357	1760ffd4		bnez	%GPR27,L_Encoder_38	
1819	0358	00000000		nop
1820	0359	00000000		nop
1821	035a	00000000		nop
1822				; Automatically 1 NOPs removed by reduceNOPs.sh
1823	035b	08000004		j	L_Encoder_39	
1824	035c	00000000		nop
1825	035d	00000000		nop
1826	035e	00000000		nop
1827				; Automatically 1 NOPs removed by reduceNOPs.sh
1828			L_Encoder_39:
1829	035f	20210001		addi	%GPR1,%GPR1,$1	
1830	0360	00000000		nop	;;1,4
1831	0361	00000000		nop	;;1,4
1832	0362	00000000		nop	;;1,4
1833	0363	3c020000		lhi	%GPR2,$0	
1834	0364	00000000		nop
1835	0365	00000000		nop
1836	0366	00000000		nop
1837				; Automatically 1 NOPs removed by reduceNOPs.sh
1838	0367	3442018c		ori	%GPR2,%GPR2,$396	
1839	0368	00000000		nop	;;4,8
1840	0369	00000000		nop	;;4,8
1841	036a	00000000		nop	;;4,8
1842				; Automatically 1 NOPs removed by reduceNOPs.sh
1843	036b	0022d82a		slt	%GPR27,%GPR1,%GPR2	
1844	036c	00000000		nop	; Automatically added by findDataDependency.sh
1845	036d	00000000		nop	; Automatically added by findDataDependency.sh
1846	036e	00000000		nop	; Automatically added by findDataDependency.sh
1847	036f	1760ffb1		bnez	%GPR27,L_Encoder_37	
1848	0370	00000000		nop
1849	0371	00000000		nop
1850	0372	00000000		nop
1851				; Automatically 1 NOPs removed by reduceNOPs.sh
1852	0373	0bffff79		j	L_Encoder_35	
1853	0374	00000000		nop
1854	0375	00000000		nop
1855	0376	00000000		nop
1856				; Automatically 1 NOPs removed by reduceNOPs.sh
1857			L_Encoder_40:
1858	0377	00000000		nop
1859	0378	00000000		nop
1860	0379	00000000		nop
1861				; Automatically 1 NOPs removed by reduceNOPs.sh
1862	037a	8fdf0004		lw	%GPR31,4(%GPR30)	
1863	037b	27dd0004		addui	%GPR29,%GPR30,$4	
1864	037c	8fde0000		lw	%GPR30,0(%GPR30)	
1865	037d	00000000		nop
1866	037e	00000000		nop
1867	037f	00000000		nop
1868	0380	00000000		nop
1869	0381	03e00008		jr	%GPR31	
1870	0382	00000000		nop
1871	0383	00000000		nop
1872	0384	00000000		nop
1873	0385	00000000		nop
1874			exit:
1875	0386	00000000		nop
1876	0387	00000000		nop


******** Cross Reference List ********
Defined Symbol
name   	section	lc     	attr   	value  	lineno 
doMotionEstimation	.text	001d	Label	1d	797 
L_Encoder_30	.text	0284	Label	284	1558 
L_Encoder_31	.text	0289	Label	289	1564 
L_Encoder_32	.text	028d	Label	28d	1570 
L_Encoder_33	.text	029b	Label	29b	1588 
L_Encoder_34	.text	02ba	Label	2ba	1626 
L_Encoder_35	.text	02ec	Label	2ec	1685 
L_Encoder_36	.text	0318	Label	318	1739 
L_Encoder_37	.text	0320	Label	320	1750 
L_Encoder_38	.text	032b	Label	32b	1764 
exit	.text	0386	Label	386	1874 
L_Encoder_39	.text	035f	Label	35f	1828 
doLoopFilter	.text	0222	Label	222	1436 
L_Encoder_1	.text	001d	Label	1d	798 
L_Encoder_2	.text	0034	Label	34	826 
L_Encoder_3	.text	0040	Label	40	841 
L_Encoder_4	.text	004b	Label	4b	855 
L_Encoder_5	.text	007f	Label	7f	919 
L_Encoder_6	.text	0084	Label	84	925 
L_Encoder_7	.text	0088	Label	88	931 
L_Encoder_8	.text	0096	Label	96	949 
L_Encoder_9	.text	00dd	Label	dd	1032 
L_Encoder_40	.text	0377	Label	377	1857 
L_Encoder_10	.text	00e9	Label	e9	1047 
L_Encoder_11	.text	00f1	Label	f1	1058 
L_Encoder_12	.text	0107	Label	107	1085 
L_Encoder_13	.text	0113	Label	113	1099 
L_Encoder_14	.text	013d	Label	13d	1150 
_mbArray	.data	0000	Label	0	4 
L_Encoder_15	.text	0148	Label	148	1164 
L_Encoder_16	.text	0160	Label	160	1193 
L_Encoder_17	.text	0164	Label	164	1198 
L_Encoder_18	.text	0170	Label	170	1213 
L_Encoder_19	.text	0187	Label	187	1242 
doEncodeMB	.text	0096	Label	96	948 
_I_MB	.data	0028	Label	28	17 
L_Encoder_20	.text	019e	Label	19e	1271 
L_Encoder_21	.text	01b5	Label	1b5	1300 
L_Encoder_22	.text	01c9	Label	1c9	1325 
L_Encoder_23	.text	01d5	Label	1d5	1339 
L_Encoder_24	.text	0210	Label	210	1413 
L_Encoder_25	.text	0214	Label	214	1419 
L_Encoder_26	.text	0222	Label	222	1437 
L_Encoder_27	.text	0239	Label	239	1465 
L_Encoder_28	.text	0245	Label	245	1480 
L_Encoder_29	.text	0250	Label	250	1494 
main	.text	029b	Label	29b	1587 


Undefined Symbol
name   	section	lc     	attr   	value  	lineno 


Multiple Defined Symbol
name   	section	lc     	attr   	value  	lineno 


******* Section Data List ******* 
Sec	Attr		Size
.text 	Writable 	388 
addr_space : 16 
addressing : Word 
bitwidth per byte : 8 
word alignment : 4 
.data 	Data		bc0 
addr_space : 16 
addressing : Byte 
bitwidth per byte : 8 
word alignment : 4 
